TOTIM (T)      HCON          HMAT      QDIR      QWELL        QMAT       QCADS      QTUB1      QTUB2      QTUB3      QTUB4      QTUB5      QTUB6       NSTOR        QFIX        QLH     FHLQ (LQ)        CAUCHY   CAUCHY (LQ)
     3600.   16.86898648   16.9449   0.000       0.000      0.2088E-04   0.000     0.4008E-02-0.4029E-02  0.000      0.000      0.000      0.000       0.000       0.000       0.000       0.000       0.000       0.000    
     7200.   16.84345260   16.9442   0.000       0.000      0.2771E-04   0.000     0.3356E-02-0.3384E-02  0.000      0.000      0.000      0.000       0.000       0.000       0.000       0.000       0.000       0.000    
    10800.   16.83340156   16.9434   0.000       0.000      0.3024E-04   0.000     0.3411E-02-0.3442E-02  0.000      0.000      0.000      0.000       0.000       0.000       0.000       0.000       0.000       0.000    
    14400.   16.82702112   16.9424   0.000       0.000      0.3174E-04   0.000     0.3477E-02-0.3509E-02  0.000      0.000      0.000      0.000       0.000       0.000       0.000       0.000       0.000       0.000    
    18000.   16.82262996   16.9415   0.000       0.000      0.3268E-04   0.000     0.3525E-02-0.3558E-02  0.000      0.000      0.000      0.000       0.000       0.000       0.000       0.000       0.000       0.000    
    21600.   16.81955161   16.9405   0.000       0.000      0.3325E-04   0.000     0.3560E-02-0.3593E-02  0.000      0.000      0.000      0.000       0.000       0.000       0.000       0.000       0.000       0.000    
    25200.   16.81740727   16.9395   0.000       0.000      0.3357E-04   0.000     0.3584E-02-0.3617E-02  0.000      0.000      0.000      0.000       0.000       0.000       0.000       0.000       0.000       0.000    
    28800.   16.81583369   16.9385   0.000       0.000      0.3372E-04   0.000     0.3602E-02-0.3635E-02  0.000      0.000      0.000      0.000       0.000       0.000       0.000       0.000       0.000       0.000    
    32400.   16.81470696   16.9374   0.000       0.000      0.3375E-04   0.000     0.3614E-02-0.3648E-02  0.000      0.000      0.000      0.000       0.000       0.000       0.000       0.000       0.000       0.000    
    36000.   16.81381756   16.9364   0.000       0.000      0.3372E-04   0.000     0.3625E-02-0.3659E-02  0.000      0.000      0.000      0.000       0.000       0.000       0.000       0.000       0.000       0.000    
    39600.   16.81309051   16.9354   0.000       0.000      0.3364E-04   0.000     0.3634E-02-0.3667E-02  0.000      0.000      0.000      0.000       0.000       0.000       0.000       0.000       0.000       0.000    
    43200.   16.83813285   16.9352   0.000       0.000      0.2668E-04   0.000     0.4291E-02-0.4318E-02  0.000      0.000      0.000      0.000       0.000       0.000       0.000       0.000       0.000       0.000    
    46800.   16.84773839   16.9350   0.000       0.000      0.2400E-04   0.000     0.4241E-02-0.4265E-02  0.000      0.000      0.000      0.000       0.000       0.000       0.000       0.000       0.000       0.000    
    50400.   16.82807545   16.9342   0.000       0.000      0.2920E-04   0.000     0.3530E-02-0.3559E-02  0.000      0.000      0.000      0.000       0.000       0.000       0.000       0.000       0.000       0.000    
    54000.   16.84763983   16.9341   0.000       0.000      0.2378E-04   0.000     0.4192E-02-0.4215E-02  0.000      0.000      0.000      0.000       0.000       0.000       0.000       0.000       0.000       0.000    
    57600.   16.91851528   16.9359   0.000       0.000      0.4783E-05   0.000     0.5791E-02-0.5796E-02  0.000      0.000      0.000      0.000       0.000       0.000       0.000       0.000       0.000       0.000    
    61200.   17.14149807   16.9435   0.000       0.000     -0.5445E-04   0.000     0.1046E-01-0.1041E-01  0.000      0.000      0.000      0.000       0.000       0.000       0.000       0.000       0.000       0.000    
    64800.   17.18537274   16.9509   0.000       0.000     -0.6449E-04   0.000     0.8547E-02-0.8482E-02  0.000      0.000      0.000      0.000       0.000       0.000       0.000       0.000       0.000       0.000    
    68400.   17.21391941   16.9583   0.000       0.000     -0.7029E-04   0.000     0.7688E-02-0.7618E-02  0.000      0.000      0.000      0.000       0.000       0.000       0.000       0.000       0.000       0.000    
    72000.   17.17373684   16.9642   0.000       0.000     -0.5762E-04   0.000     0.5769E-02-0.5712E-02  0.000      0.000      0.000      0.000       0.000       0.000       0.000       0.000       0.000       0.000    
    75600.   17.11402172   16.9684   0.000       0.000     -0.4004E-04   0.000     0.4420E-02-0.4380E-02  0.000      0.000      0.000      0.000       0.000       0.000       0.000       0.000       0.000       0.000    
    79200.   17.24453342   16.9766   0.000       0.000     -0.7369E-04   0.000     0.8446E-02-0.8372E-02  0.000      0.000      0.000      0.000       0.000       0.000       0.000       0.000       0.000       0.000    
    82800.   17.29083713   16.9852   0.000       0.000     -0.8404E-04   0.000     0.8255E-02-0.8171E-02  0.000      0.000      0.000      0.000       0.000       0.000       0.000       0.000       0.000       0.000    
    86400.   17.33332602   16.9945   0.000       0.000     -0.9317E-04   0.000     0.8273E-02-0.8180E-02  0.000      0.000      0.000      0.000       0.000       0.000       0.000       0.000       0.000       0.000    
    90000.   17.50099044   17.0080   0.000       0.000     -0.1356E-03   0.000     0.1158E-01-0.1144E-01  0.000      0.000      0.000      0.000       0.000       0.000       0.000       0.000       0.000       0.000    
    93600.   17.89759175   17.0314   0.000       0.000     -0.2382E-03   0.000     0.1916E-01-0.1892E-01  0.000      0.000      0.000      0.000       0.000       0.000       0.000       0.000       0.000       0.000    
    97200.   17.86752304   17.0510   0.000       0.000     -0.2245E-03   0.000     0.1276E-01-0.1253E-01  0.000      0.000      0.000      0.000       0.000       0.000       0.000       0.000       0.000       0.000    
   100800.   17.61811609   17.0629   0.000       0.000     -0.1527E-03   0.000     0.4863E-02-0.4710E-02  0.000      0.000      0.000      0.000       0.000       0.000       0.000       0.000       0.000       0.000    
   104400.   17.44397270   17.0708   0.000       0.000     -0.1026E-03   0.000     0.2876E-02-0.2773E-02  0.000      0.000      0.000      0.000       0.000       0.000       0.000       0.000       0.000       0.000    
   108000.   17.34512741   17.0770   0.000       0.000     -0.7372E-04   0.000     0.3246E-02-0.3172E-02  0.000      0.000      0.000      0.000       0.000       0.000       0.000       0.000       0.000       0.000    
   111600.   17.23336386   17.0809   0.000       0.000     -0.4194E-04   0.000     0.2554E-02-0.2512E-02  0.000      0.000      0.000      0.000       0.000       0.000       0.000       0.000       0.000       0.000    
   115200.   17.13486208   17.0827   0.000       0.000     -0.1434E-04   0.000     0.2118E-02-0.2104E-02  0.000      0.000      0.000      0.000       0.000       0.000       0.000       0.000       0.000       0.000    
   118800.   17.05485029   17.0830   0.000       0.000      0.7744E-05   0.000     0.1972E-02-0.1980E-02  0.000      0.000      0.000      0.000       0.000       0.000       0.000       0.000       0.000       0.000    
   122400.   17.03491300   17.0834   0.000       0.000      0.1333E-04   0.000     0.3060E-02-0.3074E-02  0.000      0.000      0.000      0.000       0.000       0.000       0.000       0.000       0.000       0.000    
   126000.   16.97621177   17.0824   0.000       0.000      0.2920E-04   0.000     0.2363E-02-0.2393E-02  0.000      0.000      0.000      0.000       0.000       0.000       0.000       0.000       0.000       0.000    
   129600.   17.05020116   17.0839   0.000       0.000      0.9269E-05   0.000     0.5202E-02-0.5211E-02  0.000      0.000      0.000      0.000       0.000       0.000       0.000       0.000       0.000       0.000    
   133200.   17.00762211   17.0839   0.000       0.000      0.2098E-04   0.000     0.3566E-02-0.3587E-02  0.000      0.000      0.000      0.000       0.000       0.000       0.000       0.000       0.000       0.000    
   136800.   16.98247434   17.0834   0.000       0.000      0.2774E-04   0.000     0.3264E-02-0.3292E-02  0.000      0.000      0.000      0.000       0.000       0.000       0.000       0.000       0.000       0.000    
   140400.   16.93140042   17.0816   0.000       0.000      0.4130E-04   0.000     0.2404E-02-0.2445E-02  0.000      0.000      0.000      0.000       0.000       0.000       0.000       0.000       0.000       0.000    
   144000.   16.90806155   17.0795   0.000       0.000      0.4714E-04   0.000     0.2584E-02-0.2632E-02  0.000      0.000      0.000      0.000       0.000       0.000       0.000       0.000       0.000       0.000    
   147600.   16.89286238   17.0772   0.000       0.000      0.5070E-04   0.000     0.2756E-02-0.2806E-02  0.000      0.000      0.000      0.000       0.000       0.000       0.000       0.000       0.000       0.000    
   151200.   16.88256658   17.0748   0.000       0.000      0.5288E-04   0.000     0.2878E-02-0.2931E-02  0.000      0.000      0.000      0.000       0.000       0.000       0.000       0.000       0.000       0.000    
   154800.   16.87546362   17.0724   0.000       0.000      0.5416E-04   0.000     0.2968E-02-0.3022E-02  0.000      0.000      0.000      0.000       0.000       0.000       0.000       0.000       0.000       0.000    
   158400.   16.89620332   17.0707   0.000       0.000      0.4798E-04   0.000     0.3683E-02-0.3731E-02  0.000      0.000      0.000      0.000       0.000       0.000       0.000       0.000       0.000       0.000    
   162000.   17.00605489   17.0720   0.000       0.000      0.1813E-04   0.000     0.6267E-02-0.6285E-02  0.000      0.000      0.000      0.000       0.000       0.000       0.000       0.000       0.000       0.000    
   165600.   17.02505307   17.0732   0.000       0.000      0.1323E-04   0.000     0.5364E-02-0.5377E-02  0.000      0.000      0.000      0.000       0.000       0.000       0.000       0.000       0.000       0.000    
   169200.   16.95341249   17.0721   0.000       0.000      0.3263E-04   0.000     0.2865E-02-0.2897E-02  0.000      0.000      0.000      0.000       0.000       0.000       0.000       0.000       0.000       0.000    
   172800.   16.91787831   17.0703   0.000       0.000      0.4192E-04   0.000     0.2605E-02-0.2647E-02  0.000      0.000      0.000      0.000       0.000       0.000       0.000       0.000       0.000       0.000    
