TOTIM (T)      HCON          HMAT      QDIR      QWELL        QMAT       QCADS      QTUB1      QTUB2      QTUB3      QTUB4      QTUB5      QTUB6       NSTOR        QFIX        QLH     FHLQ (LQ)        CAUCHY   CAUCHY (LQ)
     3600.   16.86898734   17.0064   0.000       0.000      0.3778E-04   0.000     0.3870E-02-0.3908E-02  0.000      0.000      0.000      0.000       0.000       0.000       0.000       0.000       0.000       0.000    
     7200.   16.84345331   17.0057   0.000       0.000      0.4461E-04   0.000     0.3184E-02-0.3229E-02  0.000      0.000      0.000      0.000       0.000       0.000       0.000       0.000       0.000       0.000    
    10800.   16.83340229   17.0048   0.000       0.000      0.4714E-04   0.000     0.3227E-02-0.3274E-02  0.000      0.000      0.000      0.000       0.000       0.000       0.000       0.000       0.000       0.000    
    14400.   16.82702186   17.0039   0.000       0.000      0.4864E-04   0.000     0.3285E-02-0.3334E-02  0.000      0.000      0.000      0.000       0.000       0.000       0.000       0.000       0.000       0.000    
    18000.   16.82263072   17.0029   0.000       0.000      0.4958E-04   0.000     0.3329E-02-0.3378E-02  0.000      0.000      0.000      0.000       0.000       0.000       0.000       0.000       0.000       0.000    
    21600.   16.81955237   17.0019   0.000       0.000      0.5016E-04   0.000     0.3360E-02-0.3410E-02  0.000      0.000      0.000      0.000       0.000       0.000       0.000       0.000       0.000       0.000    
    25200.   16.81740803   17.0009   0.000       0.000      0.5047E-04   0.000     0.3382E-02-0.3433E-02  0.000      0.000      0.000      0.000       0.000       0.000       0.000       0.000       0.000       0.000    
    28800.   16.81583446   16.9999   0.000       0.000      0.5062E-04   0.000     0.3400E-02-0.3450E-02  0.000      0.000      0.000      0.000       0.000       0.000       0.000       0.000       0.000       0.000    
    32400.   16.81470774   16.9989   0.000       0.000      0.5065E-04   0.000     0.3412E-02-0.3463E-02  0.000      0.000      0.000      0.000       0.000       0.000       0.000       0.000       0.000       0.000    
    36000.   16.81381833   16.9979   0.000       0.000      0.5062E-04   0.000     0.3423E-02-0.3474E-02  0.000      0.000      0.000      0.000       0.000       0.000       0.000       0.000       0.000       0.000    
    39600.   16.81309129   16.9969   0.000       0.000      0.5054E-04   0.000     0.3432E-02-0.3483E-02  0.000      0.000      0.000      0.000       0.000       0.000       0.000       0.000       0.000       0.000    
    43200.   16.83813377   16.9966   0.000       0.000      0.4358E-04   0.000     0.4124E-02-0.4168E-02  0.000      0.000      0.000      0.000       0.000       0.000       0.000       0.000       0.000       0.000    
    46800.   16.84773931   16.9965   0.000       0.000      0.4090E-04   0.000     0.4087E-02-0.4128E-02  0.000      0.000      0.000      0.000       0.000       0.000       0.000       0.000       0.000       0.000    
    50400.   16.82807621   16.9957   0.000       0.000      0.4610E-04   0.000     0.3350E-02-0.3396E-02  0.000      0.000      0.000      0.000       0.000       0.000       0.000       0.000       0.000       0.000    
    54000.   16.84764073   16.9956   0.000       0.000      0.4069E-04   0.000     0.4039E-02-0.4080E-02  0.000      0.000      0.000      0.000       0.000       0.000       0.000       0.000       0.000       0.000    
    57600.   16.91851654   16.9974   0.000       0.000      0.2169E-04   0.000     0.5734E-02-0.5756E-02  0.000      0.000      0.000      0.000       0.000       0.000       0.000       0.000       0.000       0.000    
    61200.   17.14152459   17.0050   0.000       0.000     -0.3755E-04   0.000     0.1070E-01-0.1067E-01  0.000      0.000      0.000      0.000       0.000       0.000       0.000       0.000       0.000       0.000    
    64800.   17.18539067   17.0123   0.000       0.000     -0.4759E-04   0.000     0.8836E-02-0.8788E-02  0.000      0.000      0.000      0.000       0.000       0.000       0.000       0.000       0.000       0.000    
    68400.   17.21393406   17.0198   0.000       0.000     -0.5339E-04   0.000     0.8006E-02-0.7953E-02  0.000      0.000      0.000      0.000       0.000       0.000       0.000       0.000       0.000       0.000    
    72000.   17.17374518   17.0257   0.000       0.000     -0.4072E-04   0.000     0.6024E-02-0.5983E-02  0.000      0.000      0.000      0.000       0.000       0.000       0.000       0.000       0.000       0.000    
    75600.   17.11402665   17.0299   0.000       0.000     -0.2313E-04   0.000     0.4587E-02-0.4563E-02  0.000      0.000      0.000      0.000       0.000       0.000       0.000       0.000       0.000       0.000    
    79200.   17.24455102   17.0380   0.000       0.000     -0.5679E-04   0.000     0.8781E-02-0.8724E-02  0.000      0.000      0.000      0.000       0.000       0.000       0.000       0.000       0.000       0.000    
    82800.   17.29085405   17.0467   0.000       0.000     -0.6714E-04   0.000     0.8642E-02-0.8575E-02  0.000      0.000      0.000      0.000       0.000       0.000       0.000       0.000       0.000       0.000    
    86400.   17.33334309   17.0560   0.000       0.000     -0.7627E-04   0.000     0.8705E-02-0.8629E-02  0.000      0.000      0.000      0.000       0.000       0.000       0.000       0.000       0.000       0.000    
    90000.   17.50102368   17.0695   0.000       0.000     -0.1187E-03   0.000     0.1222E-01-0.1210E-01  0.000      0.000      0.000      0.000       0.000       0.000       0.000       0.000       0.000       0.000    
    93600.   17.89768237   17.0928   0.000       0.000     -0.2213E-03   0.000     0.2032E-01-0.2010E-01  0.000      0.000      0.000      0.000       0.000       0.000       0.000       0.000       0.000       0.000    
    97200.   17.86756427   17.1125   0.000       0.000     -0.2076E-03   0.000     0.1385E-01-0.1364E-01  0.000      0.000      0.000      0.000       0.000       0.000       0.000       0.000       0.000       0.000    
   100800.   17.61812150   17.1243   0.000       0.000     -0.1358E-03   0.000     0.5593E-02-0.5457E-02  0.000      0.000      0.000      0.000       0.000       0.000       0.000       0.000       0.000       0.000    
   104400.   17.44397376   17.1323   0.000       0.000     -0.8571E-04   0.000     0.3355E-02-0.3270E-02  0.000      0.000      0.000      0.000       0.000       0.000       0.000       0.000       0.000       0.000    
   108000.   17.34512861   17.1385   0.000       0.000     -0.5682E-04   0.000     0.3581E-02-0.3524E-02  0.000      0.000      0.000      0.000       0.000       0.000       0.000       0.000       0.000       0.000    
   111600.   17.23336468   17.1423   0.000       0.000     -0.2503E-04   0.000     0.2731E-02-0.2705E-02  0.000      0.000      0.000      0.000       0.000       0.000       0.000       0.000       0.000       0.000    
   115200.   17.13486254   17.1442   0.000       0.000      0.2558E-05   0.000     0.2156E-02-0.2159E-02  0.000      0.000      0.000      0.000       0.000       0.000       0.000       0.000       0.000       0.000    
   118800.   17.05485072   17.1445   0.000       0.000      0.2465E-04   0.000     0.1900E-02-0.1924E-02  0.000      0.000      0.000      0.000       0.000       0.000       0.000       0.000       0.000       0.000    
   122400.   17.03491366   17.1448   0.000       0.000      0.3023E-04   0.000     0.2960E-02-0.2990E-02  0.000      0.000      0.000      0.000       0.000       0.000       0.000       0.000       0.000       0.000    
   126000.   16.97621227   17.1439   0.000       0.000      0.4610E-04   0.000     0.2184E-02-0.2230E-02  0.000      0.000      0.000      0.000       0.000       0.000       0.000       0.000       0.000       0.000    
   129600.   17.05020229   17.1454   0.000       0.000      0.2617E-04   0.000     0.5122E-02-0.5148E-02  0.000      0.000      0.000      0.000       0.000       0.000       0.000       0.000       0.000       0.000    
   133200.   17.00762288   17.1453   0.000       0.000      0.3787E-04   0.000     0.3427E-02-0.3465E-02  0.000      0.000      0.000      0.000       0.000       0.000       0.000       0.000       0.000       0.000    
   136800.   16.98247504   17.1448   0.000       0.000      0.4464E-04   0.000     0.3092E-02-0.3136E-02  0.000      0.000      0.000      0.000       0.000       0.000       0.000       0.000       0.000       0.000    
   140400.   16.93140092   17.1430   0.000       0.000      0.5819E-04   0.000     0.2164E-02-0.2222E-02  0.000      0.000      0.000      0.000       0.000       0.000       0.000       0.000       0.000       0.000    
   144000.   16.90806209   17.1409   0.000       0.000      0.6403E-04   0.000     0.2315E-02-0.2379E-02  0.000      0.000      0.000      0.000       0.000       0.000       0.000       0.000       0.000       0.000    
   147600.   16.89286295   17.1386   0.000       0.000      0.6759E-04   0.000     0.2469E-02-0.2536E-02  0.000      0.000      0.000      0.000       0.000       0.000       0.000       0.000       0.000       0.000    
   151200.   16.88256719   17.1363   0.000       0.000      0.6977E-04   0.000     0.2581E-02-0.2650E-02  0.000      0.000      0.000      0.000       0.000       0.000       0.000       0.000       0.000       0.000    
   154800.   16.87546424   17.1338   0.000       0.000      0.7105E-04   0.000     0.2664E-02-0.2735E-02  0.000      0.000      0.000      0.000       0.000       0.000       0.000       0.000       0.000       0.000    
   158400.   16.89620410   17.1321   0.000       0.000      0.6487E-04   0.000     0.3410E-02-0.3475E-02  0.000      0.000      0.000      0.000       0.000       0.000       0.000       0.000       0.000       0.000    
   162000.   17.00605624   17.1334   0.000       0.000      0.3501E-04   0.000     0.6142E-02-0.6177E-02  0.000      0.000      0.000      0.000       0.000       0.000       0.000       0.000       0.000       0.000    
   165600.   17.02505423   17.1346   0.000       0.000      0.3011E-04   0.000     0.5264E-02-0.5295E-02  0.000      0.000      0.000      0.000       0.000       0.000       0.000       0.000       0.000       0.000    
   169200.   16.95341310   17.1335   0.000       0.000      0.4951E-04   0.000     0.2668E-02-0.2718E-02  0.000      0.000      0.000      0.000       0.000       0.000       0.000       0.000       0.000       0.000    
   172800.   16.91787886   17.1317   0.000       0.000      0.5880E-04   0.000     0.2362E-02-0.2420E-02  0.000      0.000      0.000      0.000       0.000       0.000       0.000       0.000       0.000       0.000    
