TOTIM (T)      HCON          HMAT      QDIR      QWELL        QMAT       QCADS      QTUB1      QTUB2      QTUB3      QTUB4      QTUB5      QTUB6       NSTOR        QFIX        QLH     FHLQ (LQ)        CAUCHY   CAUCHY (LQ)
     3600.   16.86898568   16.9013   0.000       0.000      0.8889E-05   0.000    -0.2528E-02 0.2519E-02  0.000      0.000      0.000      0.000       0.000       0.000       0.000       0.000       0.000       0.000    
     7200.   16.84345192   16.9006   0.000       0.000      0.1571E-04   0.000    -0.2245E-02 0.2229E-02  0.000      0.000      0.000      0.000       0.000       0.000       0.000       0.000       0.000       0.000    
    10800.   16.83340087   16.8997   0.000       0.000      0.1825E-04   0.000    -0.2289E-02 0.2271E-02  0.000      0.000      0.000      0.000       0.000       0.000       0.000       0.000       0.000       0.000    
    14400.   16.82702042   16.8988   0.000       0.000      0.1975E-04   0.000    -0.2332E-02 0.2312E-02  0.000      0.000      0.000      0.000       0.000       0.000       0.000       0.000       0.000       0.000    
    18000.   16.82262926   16.8979   0.000       0.000      0.2069E-04   0.000    -0.2362E-02 0.2341E-02  0.000      0.000      0.000      0.000       0.000       0.000       0.000       0.000       0.000       0.000    
    21600.   16.81955090   16.8969   0.000       0.000      0.2126E-04   0.000    -0.2383E-02 0.2362E-02  0.000      0.000      0.000      0.000       0.000       0.000       0.000       0.000       0.000       0.000    
    25200.   16.81740654   16.8959   0.000       0.000      0.2157E-04   0.000    -0.2397E-02 0.2375E-02  0.000      0.000      0.000      0.000       0.000       0.000       0.000       0.000       0.000       0.000    
    28800.   16.81583296   16.8948   0.000       0.000      0.2173E-04   0.000    -0.2407E-02 0.2385E-02  0.000      0.000      0.000      0.000       0.000       0.000       0.000       0.000       0.000       0.000    
    32400.   16.81470624   16.8938   0.000       0.000      0.2176E-04   0.000    -0.2414E-02 0.2392E-02  0.000      0.000      0.000      0.000       0.000       0.000       0.000       0.000       0.000       0.000    
    36000.   16.81381683   16.8928   0.000       0.000      0.2172E-04   0.000    -0.2419E-02 0.2397E-02  0.000      0.000      0.000      0.000       0.000       0.000       0.000       0.000       0.000       0.000    
    39600.   16.81308978   16.8918   0.000       0.000      0.2165E-04   0.000    -0.2423E-02 0.2401E-02  0.000      0.000      0.000      0.000       0.000       0.000       0.000       0.000       0.000       0.000    
    43200.   16.83813199   16.8915   0.000       0.000      0.1469E-04   0.000    -0.2707E-02 0.2693E-02  0.000      0.000      0.000      0.000       0.000       0.000       0.000       0.000       0.000       0.000    
    46800.   16.84773755   16.8914   0.000       0.000      0.1201E-04   0.000    -0.2665E-02 0.2653E-02  0.000      0.000      0.000      0.000       0.000       0.000       0.000       0.000       0.000       0.000    
    50400.   16.82807474   16.8906   0.000       0.000      0.1720E-04   0.000    -0.2342E-02 0.2324E-02  0.000      0.000      0.000      0.000       0.000       0.000       0.000       0.000       0.000       0.000    
    54000.   16.84763899   16.8905   0.000       0.000      0.1179E-04   0.000    -0.2639E-02 0.2627E-02  0.000      0.000      0.000      0.000       0.000       0.000       0.000       0.000       0.000       0.000    
    57600.   16.91851414   16.8923   0.000       0.000     -0.7211E-05   0.000    -0.3319E-02 0.3326E-02  0.000      0.000      0.000      0.000       0.000       0.000       0.000       0.000       0.000       0.000    
    61200.   17.14147573   16.8999   0.000       0.000     -0.6644E-04   0.000    -0.6437E-02 0.6504E-02  0.000      0.000      0.000      0.000       0.000       0.000       0.000       0.000       0.000       0.000    
    64800.   17.18535794   16.9072   0.000       0.000     -0.7648E-04   0.000    -0.5179E-02 0.5255E-02  0.000      0.000      0.000      0.000       0.000       0.000       0.000       0.000       0.000       0.000    
    68400.   17.21390750   16.9147   0.000       0.000     -0.8228E-04   0.000    -0.4607E-02 0.4690E-02  0.000      0.000      0.000      0.000       0.000       0.000       0.000       0.000       0.000       0.000    
    72000.   17.17373007   16.9206   0.000       0.000     -0.6961E-04   0.000    -0.3499E-02 0.3569E-02  0.000      0.000      0.000      0.000       0.000       0.000       0.000       0.000       0.000       0.000    
    75600.   17.11401766   16.9248   0.000       0.000     -0.5203E-04   0.000    -0.2779E-02 0.2831E-02  0.000      0.000      0.000      0.000       0.000       0.000       0.000       0.000       0.000       0.000    
    79200.   17.24451906   16.9330   0.000       0.000     -0.8568E-04   0.000    -0.5056E-02 0.5142E-02  0.000      0.000      0.000      0.000       0.000       0.000       0.000       0.000       0.000       0.000    
    82800.   17.29082352   16.9416   0.000       0.000     -0.9603E-04   0.000    -0.4869E-02 0.4965E-02  0.000      0.000      0.000      0.000       0.000       0.000       0.000       0.000       0.000       0.000    
    86400.   17.33331245   16.9509   0.000       0.000     -0.1052E-03   0.000    -0.4820E-02 0.4925E-02  0.000      0.000      0.000      0.000       0.000       0.000       0.000       0.000       0.000       0.000    
    90000.   17.50096424   16.9644   0.000       0.000     -0.1476E-03   0.000    -0.6599E-02 0.6746E-02  0.000      0.000      0.000      0.000       0.000       0.000       0.000       0.000       0.000       0.000    
    93600.   17.89752113   16.9877   0.000       0.000     -0.2502E-03   0.000    -0.1065E-01 0.1090E-01  0.000      0.000      0.000      0.000       0.000       0.000       0.000       0.000       0.000       0.000    
    97200.   17.86749243   17.0074   0.000       0.000     -0.2365E-03   0.000    -0.6749E-02 0.6986E-02  0.000      0.000      0.000      0.000       0.000       0.000       0.000       0.000       0.000       0.000    
   100800.   17.61811196   17.0193   0.000       0.000     -0.1647E-03   0.000    -0.3174E-02 0.3339E-02  0.000      0.000      0.000      0.000       0.000       0.000       0.000       0.000       0.000       0.000    
   104400.   17.44397219   17.0272   0.000       0.000     -0.1146E-03   0.000    -0.1164E-02 0.1279E-02  0.000      0.000      0.000      0.000       0.000       0.000       0.000       0.000       0.000       0.000    
   108000.   17.34512681   17.0334   0.000       0.000     -0.8571E-04   0.000    -0.1536E-02 0.1622E-02  0.000      0.000      0.000      0.000       0.000       0.000       0.000       0.000       0.000       0.000    
   111600.   17.23336338   17.0373   0.000       0.000     -0.5392E-04   0.000    -0.1394E-02 0.1448E-02  0.000      0.000      0.000      0.000       0.000       0.000       0.000       0.000       0.000       0.000    
   115200.   17.13486167   17.0391   0.000       0.000     -0.2633E-04   0.000    -0.1353E-02 0.1380E-02  0.000      0.000      0.000      0.000       0.000       0.000       0.000       0.000       0.000       0.000    
   118800.   17.05484990   17.0394   0.000       0.000     -0.4241E-05   0.000    -0.1422E-02 0.1427E-02  0.000      0.000      0.000      0.000       0.000       0.000       0.000       0.000       0.000       0.000    
   122400.   17.03491239   17.0398   0.000       0.000      0.1349E-05   0.000    -0.2004E-02 0.2003E-02  0.000      0.000      0.000      0.000       0.000       0.000       0.000       0.000       0.000       0.000    
   126000.   16.97621129   17.0388   0.000       0.000      0.1722E-04   0.000    -0.1757E-02 0.1740E-02  0.000      0.000      0.000      0.000       0.000       0.000       0.000       0.000       0.000       0.000    
   129600.   17.05020013   17.0404   0.000       0.000     -0.2708E-05   0.000    -0.3052E-02 0.3055E-02  0.000      0.000      0.000      0.000       0.000       0.000       0.000       0.000       0.000       0.000    
   133200.   17.00762140   17.0404   0.000       0.000      0.9002E-05   0.000    -0.2307E-02 0.2298E-02  0.000      0.000      0.000      0.000       0.000       0.000       0.000       0.000       0.000       0.000    
   136800.   16.98247369   17.0398   0.000       0.000      0.1577E-04   0.000    -0.2199E-02 0.2183E-02  0.000      0.000      0.000      0.000       0.000       0.000       0.000       0.000       0.000       0.000    
   140400.   16.93139993   17.0380   0.000       0.000      0.2933E-04   0.000    -0.1855E-02 0.1826E-02  0.000      0.000      0.000      0.000       0.000       0.000       0.000       0.000       0.000       0.000    
   144000.   16.90806102   17.0360   0.000       0.000      0.3518E-04   0.000    -0.1983E-02 0.1948E-02  0.000      0.000      0.000      0.000       0.000       0.000       0.000       0.000       0.000       0.000    
   147600.   16.89286181   17.0337   0.000       0.000      0.3874E-04   0.000    -0.2092E-02 0.2053E-02  0.000      0.000      0.000      0.000       0.000       0.000       0.000       0.000       0.000       0.000    
   151200.   16.88256599   17.0314   0.000       0.000      0.4092E-04   0.000    -0.2168E-02 0.2127E-02  0.000      0.000      0.000      0.000       0.000       0.000       0.000       0.000       0.000       0.000    
   154800.   16.87546301   17.0290   0.000       0.000      0.4221E-04   0.000    -0.2221E-02 0.2179E-02  0.000      0.000      0.000      0.000       0.000       0.000       0.000       0.000       0.000       0.000    
   158400.   16.89620257   17.0272   0.000       0.000      0.3604E-04   0.000    -0.2540E-02 0.2504E-02  0.000      0.000      0.000      0.000       0.000       0.000       0.000       0.000       0.000       0.000    
   162000.   17.00605287   17.0285   0.000       0.000      0.6184E-05   0.000    -0.4307E-02 0.4301E-02  0.000      0.000      0.000      0.000       0.000       0.000       0.000       0.000       0.000       0.000    
   165600.   17.02505144   17.0297   0.000       0.000      0.1288E-05   0.000    -0.3716E-02 0.3714E-02  0.000      0.000      0.000      0.000       0.000       0.000       0.000       0.000       0.000       0.000    
   169200.   16.95341172   17.0287   0.000       0.000      0.2069E-04   0.000    -0.2303E-02 0.2282E-02  0.000      0.000      0.000      0.000       0.000       0.000       0.000       0.000       0.000       0.000    
   172800.   16.91787761   17.0269   0.000       0.000      0.2998E-04   0.000    -0.2206E-02 0.2176E-02  0.000      0.000      0.000      0.000       0.000       0.000       0.000       0.000       0.000       0.000    
