TOTIM (T)      HCON          HMAT      QDIR      QWELL        QMAT       QCADS      QTUB1      QTUB2      QTUB3      QTUB4      QTUB5      QTUB6       NSTOR        QFIX        QLH     FHLQ (LQ)        CAUCHY   CAUCHY (LQ)
     3600.   16.86898280   16.4278   0.000       0.000     -0.1213E-03   0.000     0.6881E-02-0.6760E-02  0.000      0.000      0.000      0.000       0.000       0.000       0.000       0.000       0.000       0.000    
     7200.   16.84344939   16.4271   0.000       0.000     -0.1145E-03   0.000     0.6064E-02-0.5950E-02  0.000      0.000      0.000      0.000       0.000       0.000       0.000       0.000       0.000       0.000    
    10800.   16.83339828   16.4261   0.000       0.000     -0.1120E-03   0.000     0.6208E-02-0.6096E-02  0.000      0.000      0.000      0.000       0.000       0.000       0.000       0.000       0.000       0.000    
    14400.   16.82701778   16.4251   0.000       0.000     -0.1105E-03   0.000     0.6343E-02-0.6232E-02  0.000      0.000      0.000      0.000       0.000       0.000       0.000       0.000       0.000       0.000    
    18000.   16.82262658   16.4240   0.000       0.000     -0.1096E-03   0.000     0.6438E-02-0.6328E-02  0.000      0.000      0.000      0.000       0.000       0.000       0.000       0.000       0.000       0.000    
    21600.   16.81954819   16.4228   0.000       0.000     -0.1091E-03   0.000     0.6503E-02-0.6394E-02  0.000      0.000      0.000      0.000       0.000       0.000       0.000       0.000       0.000       0.000    
    25200.   16.81740382   16.4217   0.000       0.000     -0.1088E-03   0.000     0.6546E-02-0.6438E-02  0.000      0.000      0.000      0.000       0.000       0.000       0.000       0.000       0.000       0.000    
    28800.   16.81583023   16.4205   0.000       0.000     -0.1087E-03   0.000     0.6577E-02-0.6468E-02  0.000      0.000      0.000      0.000       0.000       0.000       0.000       0.000       0.000       0.000    
    32400.   16.81470349   16.4193   0.000       0.000     -0.1087E-03   0.000     0.6597E-02-0.6488E-02  0.000      0.000      0.000      0.000       0.000       0.000       0.000       0.000       0.000       0.000    
    36000.   16.81381408   16.4182   0.000       0.000     -0.1088E-03   0.000     0.6612E-02-0.6503E-02  0.000      0.000      0.000      0.000       0.000       0.000       0.000       0.000       0.000       0.000    
    39600.   16.81308703   16.4171   0.000       0.000     -0.1089E-03   0.000     0.6623E-02-0.6514E-02  0.000      0.000      0.000      0.000       0.000       0.000       0.000       0.000       0.000       0.000    
    43200.   16.83810700   16.4167   0.000       0.000     -0.1159E-03   0.000     0.7445E-02-0.7329E-02  0.000      0.000      0.000      0.000       0.000       0.000       0.000       0.000       0.000       0.000    
    46800.   16.84771339   16.4166   0.000       0.000     -0.1186E-03   0.000     0.7306E-02-0.7187E-02  0.000      0.000      0.000      0.000       0.000       0.000       0.000       0.000       0.000       0.000    
    50400.   16.82805633   16.4158   0.000       0.000     -0.1134E-03   0.000     0.6361E-02-0.6247E-02  0.000      0.000      0.000      0.000       0.000       0.000       0.000       0.000       0.000       0.000    
    54000.   16.84761533   16.4156   0.000       0.000     -0.1188E-03   0.000     0.7227E-02-0.7108E-02  0.000      0.000      0.000      0.000       0.000       0.000       0.000       0.000       0.000       0.000    
    57600.   16.91847600   16.4176   0.000       0.000     -0.1377E-03   0.000     0.9177E-02-0.9039E-02  0.000      0.000      0.000      0.000       0.000       0.000       0.000       0.000       0.000       0.000    
    61200.   17.14137480   16.4260   0.000       0.000     -0.1967E-03   0.000     0.1479E-01-0.1459E-01  0.000      0.000      0.000      0.000       0.000       0.000       0.000       0.000       0.000       0.000    
    64800.   17.18529338   16.4344   0.000       0.000     -0.2065E-03   0.000     0.1166E-01-0.1146E-01  0.000      0.000      0.000      0.000       0.000       0.000       0.000       0.000       0.000       0.000    
    68400.   17.21385683   16.4430   0.000       0.000     -0.2120E-03   0.000     0.1023E-01-0.1002E-01  0.000      0.000      0.000      0.000       0.000       0.000       0.000       0.000       0.000       0.000    
    72000.   17.17370093   16.4499   0.000       0.000     -0.1990E-03   0.000     0.7652E-02-0.7453E-02  0.000      0.000      0.000      0.000       0.000       0.000       0.000       0.000       0.000       0.000    
    75600.   17.11399916   16.4549   0.000       0.000     -0.1812E-03   0.000     0.6044E-02-0.5863E-02  0.000      0.000      0.000      0.000       0.000       0.000       0.000       0.000       0.000       0.000    
    79200.   17.24445794   16.4641   0.000       0.000     -0.2146E-03   0.000     0.1129E-01-0.1108E-01  0.000      0.000      0.000      0.000       0.000       0.000       0.000       0.000       0.000       0.000    
    82800.   17.29076731   16.4739   0.000       0.000     -0.2246E-03   0.000     0.1076E-01-0.1053E-01  0.000      0.000      0.000      0.000       0.000       0.000       0.000       0.000       0.000       0.000    
    86400.   17.33325773   16.4845   0.000       0.000     -0.2334E-03   0.000     0.1057E-01-0.1033E-01  0.000      0.000      0.000      0.000       0.000       0.000       0.000       0.000       0.000       0.000    
    90000.   17.50086237   16.4996   0.000       0.000     -0.2753E-03   0.000     0.1452E-01-0.1425E-01  0.000      0.000      0.000      0.000       0.000       0.000       0.000       0.000       0.000       0.000    
    93600.   17.89725843   16.5256   0.000       0.000     -0.3772E-03   0.000     0.2347E-01-0.2309E-01  0.000      0.000      0.000      0.000       0.000       0.000       0.000       0.000       0.000       0.000    
    97200.   17.86739034   16.5481   0.000       0.000     -0.3628E-03   0.000     0.1417E-01-0.1380E-01  0.000      0.000      0.000      0.000       0.000       0.000       0.000       0.000       0.000       0.000    
   100800.   17.61810275   16.5621   0.000       0.000     -0.2904E-03   0.000     0.4018E-02-0.3727E-02  0.000      0.000      0.000      0.000       0.000       0.000       0.000       0.000       0.000       0.000    
   104400.   17.44397100   16.5714   0.000       0.000     -0.2400E-03   0.000     0.2229E-02-0.1989E-02  0.000      0.000      0.000      0.000       0.000       0.000       0.000       0.000       0.000       0.000    
   108000.   17.34512517   16.5785   0.000       0.000     -0.2108E-03   0.000     0.3476E-02-0.3265E-02  0.000      0.000      0.000      0.000       0.000       0.000       0.000       0.000       0.000       0.000    
   111600.   17.23336189   16.5827   0.000       0.000     -0.1789E-03   0.000     0.3196E-02-0.3017E-02  0.000      0.000      0.000      0.000       0.000       0.000       0.000       0.000       0.000       0.000    
   115200.   17.13486023   16.5845   0.000       0.000     -0.1513E-03   0.000     0.3199E-02-0.3048E-02  0.000      0.000      0.000      0.000       0.000       0.000       0.000       0.000       0.000       0.000    
   118800.   17.05484838   16.5845   0.000       0.000     -0.1294E-03   0.000     0.3508E-02-0.3378E-02  0.000      0.000      0.000      0.000       0.000       0.000       0.000       0.000       0.000       0.000    
   122400.   17.03491015   16.5843   0.000       0.000     -0.1239E-03   0.000     0.5277E-02-0.5153E-02  0.000      0.000      0.000      0.000       0.000       0.000       0.000       0.000       0.000       0.000    
   126000.   16.97620935   16.5826   0.000       0.000     -0.1082E-03   0.000     0.4609E-02-0.4501E-02  0.000      0.000      0.000      0.000       0.000       0.000       0.000       0.000       0.000       0.000    
   129600.   17.05016808   16.5836   0.000       0.000     -0.1283E-03   0.000     0.8400E-02-0.8272E-02  0.000      0.000      0.000      0.000       0.000       0.000       0.000       0.000       0.000       0.000    
   133200.   17.00760359   16.5829   0.000       0.000     -0.1168E-03   0.000     0.6219E-02-0.6103E-02  0.000      0.000      0.000      0.000       0.000       0.000       0.000       0.000       0.000       0.000    
   136800.   16.98245757   16.5817   0.000       0.000     -0.1102E-03   0.000     0.5928E-02-0.5818E-02  0.000      0.000      0.000      0.000       0.000       0.000       0.000       0.000       0.000       0.000    
   140400.   16.93138869   16.5791   0.000       0.000     -0.9688E-04   0.000     0.4958E-02-0.4862E-02  0.000      0.000      0.000      0.000       0.000       0.000       0.000       0.000       0.000       0.000    
   144000.   16.90804803   16.5761   0.000       0.000     -0.9128E-04   0.000     0.5370E-02-0.5279E-02  0.000      0.000      0.000      0.000       0.000       0.000       0.000       0.000       0.000       0.000    
   147600.   16.89284725   16.5729   0.000       0.000     -0.8798E-04   0.000     0.5712E-02-0.5624E-02  0.000      0.000      0.000      0.000       0.000       0.000       0.000       0.000       0.000       0.000    
   151200.   16.88255028   16.5696   0.000       0.000     -0.8605E-04   0.000     0.5949E-02-0.5863E-02  0.000      0.000      0.000      0.000       0.000       0.000       0.000       0.000       0.000       0.000    
   154800.   16.87544647   16.5663   0.000       0.000     -0.8503E-04   0.000     0.6114E-02-0.6029E-02  0.000      0.000      0.000      0.000       0.000       0.000       0.000       0.000       0.000       0.000    
   158400.   16.89618064   16.5637   0.000       0.000     -0.9144E-04   0.000     0.7042E-02-0.6950E-02  0.000      0.000      0.000      0.000       0.000       0.000       0.000       0.000       0.000       0.000    
   162000.   17.00600574   16.5644   0.000       0.000     -0.1214E-03   0.000     0.1021E-01-0.1009E-01  0.000      0.000      0.000      0.000       0.000       0.000       0.000       0.000       0.000       0.000    
   165600.   17.02501644   16.5652   0.000       0.000     -0.1264E-03   0.000     0.8738E-02-0.8611E-02  0.000      0.000      0.000      0.000       0.000       0.000       0.000       0.000       0.000       0.000    
   169200.   16.95339793   16.5636   0.000       0.000     -0.1072E-03   0.000     0.5444E-02-0.5337E-02  0.000      0.000      0.000      0.000       0.000       0.000       0.000       0.000       0.000       0.000    
   172800.   16.91786480   16.5612   0.000       0.000     -0.9808E-04   0.000     0.5276E-02-0.5178E-02  0.000      0.000      0.000      0.000       0.000       0.000       0.000       0.000       0.000       0.000    
