TOTIM (T)      HCON          HMAT      QDIR      QWELL        QMAT       QCADS      QTUB1      QTUB2      QTUB3      QTUB4      QTUB5      QTUB6       NSTOR        QFIX        QLH     FHLQ (LQ)        CAUCHY   CAUCHY (LQ)
     3600.   16.86898656   16.9960   0.000       0.000      0.3492E-04   0.000     0.2801E-02-0.2835E-02  0.000      0.000      0.000      0.000       0.000       0.000       0.000       0.000       0.000       0.000    
     7200.   16.84345271   16.9953   0.000       0.000      0.4175E-04   0.000     0.2485E-02-0.2527E-02  0.000      0.000      0.000      0.000       0.000       0.000       0.000       0.000       0.000       0.000    
    10800.   16.83340167   16.9944   0.000       0.000      0.4428E-04   0.000     0.2518E-02-0.2562E-02  0.000      0.000      0.000      0.000       0.000       0.000       0.000       0.000       0.000       0.000    
    14400.   16.82702123   16.9935   0.000       0.000      0.4578E-04   0.000     0.2554E-02-0.2600E-02  0.000      0.000      0.000      0.000       0.000       0.000       0.000       0.000       0.000       0.000    
    18000.   16.82263007   16.9925   0.000       0.000      0.4672E-04   0.000     0.2580E-02-0.2627E-02  0.000      0.000      0.000      0.000       0.000       0.000       0.000       0.000       0.000       0.000    
    21600.   16.81955172   16.9915   0.000       0.000      0.4729E-04   0.000     0.2599E-02-0.2646E-02  0.000      0.000      0.000      0.000       0.000       0.000       0.000       0.000       0.000       0.000    
    25200.   16.81740737   16.9905   0.000       0.000      0.4761E-04   0.000     0.2611E-02-0.2659E-02  0.000      0.000      0.000      0.000       0.000       0.000       0.000       0.000       0.000       0.000    
    28800.   16.81583380   16.9895   0.000       0.000      0.4776E-04   0.000     0.2620E-02-0.2668E-02  0.000      0.000      0.000      0.000       0.000       0.000       0.000       0.000       0.000       0.000    
    32400.   16.81470707   16.9885   0.000       0.000      0.4779E-04   0.000     0.2627E-02-0.2675E-02  0.000      0.000      0.000      0.000       0.000       0.000       0.000       0.000       0.000       0.000    
    36000.   16.81381766   16.9875   0.000       0.000      0.4776E-04   0.000     0.2632E-02-0.2680E-02  0.000      0.000      0.000      0.000       0.000       0.000       0.000       0.000       0.000       0.000    
    39600.   16.81309062   16.9865   0.000       0.000      0.4768E-04   0.000     0.2636E-02-0.2684E-02  0.000      0.000      0.000      0.000       0.000       0.000       0.000       0.000       0.000       0.000    
    43200.   16.83813292   16.9862   0.000       0.000      0.4072E-04   0.000     0.2954E-02-0.2995E-02  0.000      0.000      0.000      0.000       0.000       0.000       0.000       0.000       0.000       0.000    
    46800.   16.84773846   16.9861   0.000       0.000      0.3804E-04   0.000     0.2924E-02-0.2962E-02  0.000      0.000      0.000      0.000       0.000       0.000       0.000       0.000       0.000       0.000    
    50400.   16.82807556   16.9853   0.000       0.000      0.4324E-04   0.000     0.2576E-02-0.2619E-02  0.000      0.000      0.000      0.000       0.000       0.000       0.000       0.000       0.000       0.000    
    54000.   16.84763990   16.9852   0.000       0.000      0.3782E-04   0.000     0.2899E-02-0.2936E-02  0.000      0.000      0.000      0.000       0.000       0.000       0.000       0.000       0.000       0.000    
    57600.   16.91851526   16.9870   0.000       0.000      0.1882E-04   0.000     0.3667E-02-0.3686E-02  0.000      0.000      0.000      0.000       0.000       0.000       0.000       0.000       0.000       0.000    
    61200.   17.14147927   16.9945   0.000       0.000     -0.4041E-04   0.000     0.5907E-02-0.5866E-02  0.000      0.000      0.000      0.000       0.000       0.000       0.000       0.000       0.000       0.000    
    64800.   17.18536052   17.0019   0.000       0.000     -0.5045E-04   0.000     0.4922E-02-0.4871E-02  0.000      0.000      0.000      0.000       0.000       0.000       0.000       0.000       0.000       0.000    
    68400.   17.21390969   17.0094   0.000       0.000     -0.5624E-04   0.000     0.4479E-02-0.4423E-02  0.000      0.000      0.000      0.000       0.000       0.000       0.000       0.000       0.000       0.000    
    72000.   17.17373158   17.0153   0.000       0.000     -0.4358E-04   0.000     0.3538E-02-0.3494E-02  0.000      0.000      0.000      0.000       0.000       0.000       0.000       0.000       0.000       0.000    
    75600.   17.11401879   17.0195   0.000       0.000     -0.2600E-04   0.000     0.2892E-02-0.2866E-02  0.000      0.000      0.000      0.000       0.000       0.000       0.000       0.000       0.000       0.000    
    79200.   17.24452156   17.0276   0.000       0.000     -0.5965E-04   0.000     0.4855E-02-0.4795E-02  0.000      0.000      0.000      0.000       0.000       0.000       0.000       0.000       0.000       0.000    
    82800.   17.29082589   17.0363   0.000       0.000     -0.7000E-04   0.000     0.4739E-02-0.4669E-02  0.000      0.000      0.000      0.000       0.000       0.000       0.000       0.000       0.000       0.000    
    86400.   17.33331479   17.0456   0.000       0.000     -0.7913E-04   0.000     0.4730E-02-0.4651E-02  0.000      0.000      0.000      0.000       0.000       0.000       0.000       0.000       0.000       0.000    
    90000.   17.50096796   17.0591   0.000       0.000     -0.1215E-03   0.000     0.6313E-02-0.6191E-02  0.000      0.000      0.000      0.000       0.000       0.000       0.000       0.000       0.000       0.000    
    93600.   17.89755072   17.0824   0.000       0.000     -0.2242E-03   0.000     0.9934E-02-0.9710E-02  0.000      0.000      0.000      0.000       0.000       0.000       0.000       0.000       0.000       0.000    
    97200.   17.86750521   17.1021   0.000       0.000     -0.2105E-03   0.000     0.6736E-02-0.6525E-02  0.000      0.000      0.000      0.000       0.000       0.000       0.000       0.000       0.000       0.000    
   100800.   17.61811371   17.1139   0.000       0.000     -0.1386E-03   0.000     0.2900E-02-0.2762E-02  0.000      0.000      0.000      0.000       0.000       0.000       0.000       0.000       0.000       0.000    
   104400.   17.44397269   17.1219   0.000       0.000     -0.8858E-04   0.000     0.1997E-02-0.1908E-02  0.000      0.000      0.000      0.000       0.000       0.000       0.000       0.000       0.000       0.000    
   108000.   17.34512741   17.1281   0.000       0.000     -0.5968E-04   0.000     0.2238E-02-0.2178E-02  0.000      0.000      0.000      0.000       0.000       0.000       0.000       0.000       0.000       0.000    
   111600.   17.23336392   17.1319   0.000       0.000     -0.2789E-04   0.000     0.1950E-02-0.1922E-02  0.000      0.000      0.000      0.000       0.000       0.000       0.000       0.000       0.000       0.000    
   115200.   17.13486219   17.1338   0.000       0.000     -0.3002E-06   0.000     0.1783E-02-0.1782E-02  0.000      0.000      0.000      0.000       0.000       0.000       0.000       0.000       0.000       0.000    
   118800.   17.05485044   17.1341   0.000       0.000      0.2179E-04   0.000     0.1751E-02-0.1773E-02  0.000      0.000      0.000      0.000       0.000       0.000       0.000       0.000       0.000       0.000    
   122400.   17.03491311   17.1345   0.000       0.000      0.2738E-04   0.000     0.2309E-02-0.2337E-02  0.000      0.000      0.000      0.000       0.000       0.000       0.000       0.000       0.000       0.000    
   126000.   16.97621193   17.1335   0.000       0.000      0.4325E-04   0.000     0.1988E-02-0.2032E-02  0.000      0.000      0.000      0.000       0.000       0.000       0.000       0.000       0.000       0.000    
   129600.   17.05020117   17.1350   0.000       0.000      0.2332E-04   0.000     0.3379E-02-0.3402E-02  0.000      0.000      0.000      0.000       0.000       0.000       0.000       0.000       0.000       0.000    
   133200.   17.00762221   17.1350   0.000       0.000      0.3503E-04   0.000     0.2577E-02-0.2612E-02  0.000      0.000      0.000      0.000       0.000       0.000       0.000       0.000       0.000       0.000    
   136800.   16.98247446   17.1345   0.000       0.000      0.4179E-04   0.000     0.2438E-02-0.2480E-02  0.000      0.000      0.000      0.000       0.000       0.000       0.000       0.000       0.000       0.000    
   140400.   16.93140059   17.1327   0.000       0.000      0.5535E-04   0.000     0.2031E-02-0.2086E-02  0.000      0.000      0.000      0.000       0.000       0.000       0.000       0.000       0.000       0.000    
   144000.   16.90806172   17.1306   0.000       0.000      0.6119E-04   0.000     0.2133E-02-0.2194E-02  0.000      0.000      0.000      0.000       0.000       0.000       0.000       0.000       0.000       0.000    
   147600.   16.89286254   17.1283   0.000       0.000      0.6475E-04   0.000     0.2226E-02-0.2291E-02  0.000      0.000      0.000      0.000       0.000       0.000       0.000       0.000       0.000       0.000    
   151200.   16.88256674   17.1260   0.000       0.000      0.6693E-04   0.000     0.2292E-02-0.2359E-02  0.000      0.000      0.000      0.000       0.000       0.000       0.000       0.000       0.000       0.000    
   154800.   16.87546378   17.1235   0.000       0.000      0.6822E-04   0.000     0.2339E-02-0.2407E-02  0.000      0.000      0.000      0.000       0.000       0.000       0.000       0.000       0.000       0.000    
   158400.   16.89620344   17.1218   0.000       0.000      0.6204E-04   0.000     0.2687E-02-0.2749E-02  0.000      0.000      0.000      0.000       0.000       0.000       0.000       0.000       0.000       0.000    
   162000.   17.00605483   17.1231   0.000       0.000      0.3219E-04   0.000     0.3931E-02-0.3963E-02  0.000      0.000      0.000      0.000       0.000       0.000       0.000       0.000       0.000       0.000    
   165600.   17.02505305   17.1243   0.000       0.000      0.2729E-04   0.000     0.3467E-02-0.3494E-02  0.000      0.000      0.000      0.000       0.000       0.000       0.000       0.000       0.000       0.000    
   169200.   16.95341262   17.1232   0.000       0.000      0.4669E-04   0.000     0.2246E-02-0.2292E-02  0.000      0.000      0.000      0.000       0.000       0.000       0.000       0.000       0.000       0.000    
   172800.   16.91787846   17.1215   0.000       0.000      0.5598E-04   0.000     0.2133E-02-0.2189E-02  0.000      0.000      0.000      0.000       0.000       0.000       0.000       0.000       0.000       0.000    
