TOTIM (T)      HCON          HMAT      QDIR      QWELL        QMAT       QCADS      QTUB1      QTUB2      QTUB3      QTUB4      QTUB5      QTUB6       NSTOR        QFIX        QLH     FHLQ (LQ)        CAUCHY   CAUCHY (LQ)
     3600.   16.86898371   16.7096   0.000       0.000     -0.4383E-04   0.000     0.7069E-02-0.7025E-02  0.000      0.000      0.000      0.000       0.000       0.000       0.000       0.000       0.000       0.000    
     7200.   16.84345019   16.7089   0.000       0.000     -0.3700E-04   0.000     0.6232E-02-0.6195E-02  0.000      0.000      0.000      0.000       0.000       0.000       0.000       0.000       0.000       0.000    
    10800.   16.83339910   16.7081   0.000       0.000     -0.3447E-04   0.000     0.6368E-02-0.6333E-02  0.000      0.000      0.000      0.000       0.000       0.000       0.000       0.000       0.000       0.000    
    14400.   16.82701862   16.7071   0.000       0.000     -0.3297E-04   0.000     0.6498E-02-0.6465E-02  0.000      0.000      0.000      0.000       0.000       0.000       0.000       0.000       0.000       0.000    
    18000.   16.82262743   16.7062   0.000       0.000     -0.3203E-04   0.000     0.6591E-02-0.6558E-02  0.000      0.000      0.000      0.000       0.000       0.000       0.000       0.000       0.000       0.000    
    21600.   16.81954905   16.7052   0.000       0.000     -0.3145E-04   0.000     0.6654E-02-0.6622E-02  0.000      0.000      0.000      0.000       0.000       0.000       0.000       0.000       0.000       0.000    
    25200.   16.81740469   16.7042   0.000       0.000     -0.3114E-04   0.000     0.6696E-02-0.6665E-02  0.000      0.000      0.000      0.000       0.000       0.000       0.000       0.000       0.000       0.000    
    28800.   16.81583110   16.7032   0.000       0.000     -0.3099E-04   0.000     0.6727E-02-0.6696E-02  0.000      0.000      0.000      0.000       0.000       0.000       0.000       0.000       0.000       0.000    
    32400.   16.81470437   16.7021   0.000       0.000     -0.3096E-04   0.000     0.6746E-02-0.6716E-02  0.000      0.000      0.000      0.000       0.000       0.000       0.000       0.000       0.000       0.000    
    36000.   16.81381495   16.7011   0.000       0.000     -0.3099E-04   0.000     0.6762E-02-0.6731E-02  0.000      0.000      0.000      0.000       0.000       0.000       0.000       0.000       0.000       0.000    
    39600.   16.81308790   16.7001   0.000       0.000     -0.3106E-04   0.000     0.6773E-02-0.6742E-02  0.000      0.000      0.000      0.000       0.000       0.000       0.000       0.000       0.000       0.000    
    43200.   16.83811512   16.6999   0.000       0.000     -0.3802E-04   0.000     0.7616E-02-0.7578E-02  0.000      0.000      0.000      0.000       0.000       0.000       0.000       0.000       0.000       0.000    
    46800.   16.84772122   16.6997   0.000       0.000     -0.4070E-04   0.000     0.7484E-02-0.7444E-02  0.000      0.000      0.000      0.000       0.000       0.000       0.000       0.000       0.000       0.000    
    50400.   16.82806230   16.6990   0.000       0.000     -0.3551E-04   0.000     0.6524E-02-0.6488E-02  0.000      0.000      0.000      0.000       0.000       0.000       0.000       0.000       0.000       0.000    
    54000.   16.84762299   16.6988   0.000       0.000     -0.4092E-04   0.000     0.7406E-02-0.7365E-02  0.000      0.000      0.000      0.000       0.000       0.000       0.000       0.000       0.000       0.000    
    57600.   16.91848828   16.7006   0.000       0.000     -0.5992E-04   0.000     0.9413E-02-0.9354E-02  0.000      0.000      0.000      0.000       0.000       0.000       0.000       0.000       0.000       0.000    
    61200.   17.14140640   16.7082   0.000       0.000     -0.1191E-03   0.000     0.1520E-01-0.1508E-01  0.000      0.000      0.000      0.000       0.000       0.000       0.000       0.000       0.000       0.000    
    64800.   17.18531326   16.7156   0.000       0.000     -0.1292E-03   0.000     0.1211E-01-0.1198E-01  0.000      0.000      0.000      0.000       0.000       0.000       0.000       0.000       0.000       0.000    
    68400.   17.21387226   16.7230   0.000       0.000     -0.1350E-03   0.000     0.1070E-01-0.1056E-01  0.000      0.000      0.000      0.000       0.000       0.000       0.000       0.000       0.000       0.000    
    72000.   17.17370968   16.7289   0.000       0.000     -0.1223E-03   0.000     0.8076E-02-0.7954E-02  0.000      0.000      0.000      0.000       0.000       0.000       0.000       0.000       0.000       0.000    
    75600.   17.11400469   16.7331   0.000       0.000     -0.1047E-03   0.000     0.6415E-02-0.6311E-02  0.000      0.000      0.000      0.000       0.000       0.000       0.000       0.000       0.000       0.000    
    79200.   17.24447664   16.7413   0.000       0.000     -0.1384E-03   0.000     0.1177E-01-0.1163E-01  0.000      0.000      0.000      0.000       0.000       0.000       0.000       0.000       0.000       0.000    
    82800.   17.29078436   16.7499   0.000       0.000     -0.1487E-03   0.000     0.1126E-01-0.1111E-01  0.000      0.000      0.000      0.000       0.000       0.000       0.000       0.000       0.000       0.000    
    86400.   17.33327422   16.7592   0.000       0.000     -0.1579E-03   0.000     0.1110E-01-0.1094E-01  0.000      0.000      0.000      0.000       0.000       0.000       0.000       0.000       0.000       0.000    
    90000.   17.50089321   16.7727   0.000       0.000     -0.2003E-03   0.000     0.1518E-01-0.1498E-01  0.000      0.000      0.000      0.000       0.000       0.000       0.000       0.000       0.000       0.000    
    93600.   17.89733820   16.7960   0.000       0.000     -0.3029E-03   0.000     0.2443E-01-0.2413E-01  0.000      0.000      0.000      0.000       0.000       0.000       0.000       0.000       0.000       0.000    
    97200.   17.86742009   16.8157   0.000       0.000     -0.2892E-03   0.000     0.1509E-01-0.1480E-01  0.000      0.000      0.000      0.000       0.000       0.000       0.000       0.000       0.000       0.000    
   100800.   17.61810482   16.8275   0.000       0.000     -0.2174E-03   0.000     0.4726E-02-0.4509E-02  0.000      0.000      0.000      0.000       0.000       0.000       0.000       0.000       0.000       0.000    
   104400.   17.44397132   16.8355   0.000       0.000     -0.1673E-03   0.000     0.2787E-02-0.2620E-02  0.000      0.000      0.000      0.000       0.000       0.000       0.000       0.000       0.000       0.000    
   108000.   17.34512564   16.8417   0.000       0.000     -0.1384E-03   0.000     0.3947E-02-0.3809E-02  0.000      0.000      0.000      0.000       0.000       0.000       0.000       0.000       0.000       0.000    
   111600.   17.23336233   16.8455   0.000       0.000     -0.1067E-03   0.000     0.3572E-02-0.3466E-02  0.000      0.000      0.000      0.000       0.000       0.000       0.000       0.000       0.000       0.000    
   115200.   17.13486066   16.8474   0.000       0.000     -0.7906E-04   0.000     0.3493E-02-0.3414E-02  0.000      0.000      0.000      0.000       0.000       0.000       0.000       0.000       0.000       0.000    
   118800.   17.05484885   16.8477   0.000       0.000     -0.5698E-04   0.000     0.3735E-02-0.3678E-02  0.000      0.000      0.000      0.000       0.000       0.000       0.000       0.000       0.000       0.000    
   122400.   17.03491085   16.8480   0.000       0.000     -0.5139E-04   0.000     0.5488E-02-0.5437E-02  0.000      0.000      0.000      0.000       0.000       0.000       0.000       0.000       0.000       0.000    
   126000.   16.97620996   16.8470   0.000       0.000     -0.3552E-04   0.000     0.4772E-02-0.4736E-02  0.000      0.000      0.000      0.000       0.000       0.000       0.000       0.000       0.000       0.000    
   129600.   17.05017840   16.8485   0.000       0.000     -0.5545E-04   0.000     0.8623E-02-0.8567E-02  0.000      0.000      0.000      0.000       0.000       0.000       0.000       0.000       0.000       0.000    
   133200.   17.00760932   16.8485   0.000       0.000     -0.4375E-04   0.000     0.6407E-02-0.6363E-02  0.000      0.000      0.000      0.000       0.000       0.000       0.000       0.000       0.000       0.000    
   136800.   16.98246278   16.8480   0.000       0.000     -0.3698E-04   0.000     0.6095E-02-0.6058E-02  0.000      0.000      0.000      0.000       0.000       0.000       0.000       0.000       0.000       0.000    
   140400.   16.93139236   16.8462   0.000       0.000     -0.2343E-04   0.000     0.5085E-02-0.5062E-02  0.000      0.000      0.000      0.000       0.000       0.000       0.000       0.000       0.000       0.000    
   144000.   16.90805230   16.8441   0.000       0.000     -0.1759E-04   0.000     0.5479E-02-0.5462E-02  0.000      0.000      0.000      0.000       0.000       0.000       0.000       0.000       0.000       0.000    
   147600.   16.89285206   16.8418   0.000       0.000     -0.1403E-04   0.000     0.5811E-02-0.5797E-02  0.000      0.000      0.000      0.000       0.000       0.000       0.000       0.000       0.000       0.000    
   151200.   16.88255549   16.8394   0.000       0.000     -0.1185E-04   0.000     0.6041E-02-0.6029E-02  0.000      0.000      0.000      0.000       0.000       0.000       0.000       0.000       0.000       0.000    
   154800.   16.87545196   16.8370   0.000       0.000     -0.1057E-04   0.000     0.6202E-02-0.6192E-02  0.000      0.000      0.000      0.000       0.000       0.000       0.000       0.000       0.000       0.000    
   158400.   16.89618788   16.8353   0.000       0.000     -0.1675E-04   0.000     0.7148E-02-0.7132E-02  0.000      0.000      0.000      0.000       0.000       0.000       0.000       0.000       0.000       0.000    
   162000.   17.00602084   16.8366   0.000       0.000     -0.4660E-04   0.000     0.1041E-01-0.1036E-01  0.000      0.000      0.000      0.000       0.000       0.000       0.000       0.000       0.000       0.000    
   165600.   17.02502758   16.8377   0.000       0.000     -0.5150E-04   0.000     0.8949E-02-0.8897E-02  0.000      0.000      0.000      0.000       0.000       0.000       0.000       0.000       0.000       0.000    
   169200.   16.95340234   16.8366   0.000       0.000     -0.3211E-04   0.000     0.5597E-02-0.5565E-02  0.000      0.000      0.000      0.000       0.000       0.000       0.000       0.000       0.000       0.000    
   172800.   16.91786893   16.8349   0.000       0.000     -0.2283E-04   0.000     0.5401E-02-0.5378E-02  0.000      0.000      0.000      0.000       0.000       0.000       0.000       0.000       0.000       0.000    
