TOTIM (T)      HCON          HMAT      QDIR      QWELL        QMAT       QCADS      QTUB1      QTUB2      QTUB3      QTUB4      QTUB5      QTUB6       NSTOR        QFIX        QLH     FHLQ (LQ)        CAUCHY   CAUCHY (LQ)
     3600.   16.86898526   16.8940   0.000       0.000      0.6879E-05   0.000     0.7109E-02-0.7116E-02  0.000      0.000      0.000      0.000       0.000       0.000       0.000       0.000       0.000       0.000    
     7200.   16.84345155   16.8933   0.000       0.000      0.1370E-04   0.000     0.6238E-02-0.6251E-02  0.000      0.000      0.000      0.000       0.000       0.000       0.000       0.000       0.000       0.000    
    10800.   16.83340050   16.8924   0.000       0.000      0.1624E-04   0.000     0.6361E-02-0.6378E-02  0.000      0.000      0.000      0.000       0.000       0.000       0.000       0.000       0.000       0.000    
    14400.   16.82702004   16.8915   0.000       0.000      0.1774E-04   0.000     0.6484E-02-0.6502E-02  0.000      0.000      0.000      0.000       0.000       0.000       0.000       0.000       0.000       0.000    
    18000.   16.82262887   16.8905   0.000       0.000      0.1868E-04   0.000     0.6572E-02-0.6590E-02  0.000      0.000      0.000      0.000       0.000       0.000       0.000       0.000       0.000       0.000    
    21600.   16.81955050   16.8896   0.000       0.000      0.1925E-04   0.000     0.6632E-02-0.6651E-02  0.000      0.000      0.000      0.000       0.000       0.000       0.000       0.000       0.000       0.000    
    25200.   16.81740615   16.8885   0.000       0.000      0.1956E-04   0.000     0.6673E-02-0.6693E-02  0.000      0.000      0.000      0.000       0.000       0.000       0.000       0.000       0.000       0.000    
    28800.   16.81583257   16.8875   0.000       0.000      0.1972E-04   0.000     0.6703E-02-0.6722E-02  0.000      0.000      0.000      0.000       0.000       0.000       0.000       0.000       0.000       0.000    
    32400.   16.81470584   16.8865   0.000       0.000      0.1975E-04   0.000     0.6722E-02-0.6742E-02  0.000      0.000      0.000      0.000       0.000       0.000       0.000       0.000       0.000       0.000    
    36000.   16.81381643   16.8855   0.000       0.000      0.1971E-04   0.000     0.6738E-02-0.6757E-02  0.000      0.000      0.000      0.000       0.000       0.000       0.000       0.000       0.000       0.000    
    39600.   16.81308938   16.8845   0.000       0.000      0.1964E-04   0.000     0.6749E-02-0.6769E-02  0.000      0.000      0.000      0.000       0.000       0.000       0.000       0.000       0.000       0.000    
    43200.   16.83812909   16.8842   0.000       0.000      0.1268E-04   0.000     0.7627E-02-0.7639E-02  0.000      0.000      0.000      0.000       0.000       0.000       0.000       0.000       0.000       0.000    
    46800.   16.84773473   16.8841   0.000       0.000      0.9998E-05   0.000     0.7509E-02-0.7519E-02  0.000      0.000      0.000      0.000       0.000       0.000       0.000       0.000       0.000       0.000    
    50400.   16.82807259   16.8833   0.000       0.000      0.1519E-04   0.000     0.6522E-02-0.6538E-02  0.000      0.000      0.000      0.000       0.000       0.000       0.000       0.000       0.000       0.000    
    54000.   16.84763623   16.8832   0.000       0.000      0.9781E-05   0.000     0.7432E-02-0.7441E-02  0.000      0.000      0.000      0.000       0.000       0.000       0.000       0.000       0.000       0.000    
    57600.   16.91850967   16.8850   0.000       0.000     -0.9220E-05   0.000     0.9534E-02-0.9525E-02  0.000      0.000      0.000      0.000       0.000       0.000       0.000       0.000       0.000       0.000    
    61200.   17.14146223   16.8926   0.000       0.000     -0.6844E-04   0.000     0.1562E-01-0.1555E-01  0.000      0.000      0.000      0.000       0.000       0.000       0.000       0.000       0.000       0.000    
    64800.   17.18534915   16.8999   0.000       0.000     -0.7849E-04   0.000     0.1257E-01-0.1250E-01  0.000      0.000      0.000      0.000       0.000       0.000       0.000       0.000       0.000       0.000    
    68400.   17.21390052   16.9074   0.000       0.000     -0.8429E-04   0.000     0.1119E-01-0.1111E-01  0.000      0.000      0.000      0.000       0.000       0.000       0.000       0.000       0.000       0.000    
    72000.   17.17372601   16.9133   0.000       0.000     -0.7162E-04   0.000     0.8509E-02-0.8437E-02  0.000      0.000      0.000      0.000       0.000       0.000       0.000       0.000       0.000       0.000    
    75600.   17.11401507   16.9175   0.000       0.000     -0.5404E-04   0.000     0.6760E-02-0.6706E-02  0.000      0.000      0.000      0.000       0.000       0.000       0.000       0.000       0.000       0.000    
    79200.   17.24451068   16.9257   0.000       0.000     -0.8769E-04   0.000     0.1228E-01-0.1219E-01  0.000      0.000      0.000      0.000       0.000       0.000       0.000       0.000       0.000       0.000    
    82800.   17.29081574   16.9343   0.000       0.000     -0.9804E-04   0.000     0.1183E-01-0.1173E-01  0.000      0.000      0.000      0.000       0.000       0.000       0.000       0.000       0.000       0.000    
    86400.   17.33330482   16.9436   0.000       0.000     -0.1072E-03   0.000     0.1171E-01-0.1160E-01  0.000      0.000      0.000      0.000       0.000       0.000       0.000       0.000       0.000       0.000    
    90000.   17.50095007   16.9571   0.000       0.000     -0.1496E-03   0.000     0.1600E-01-0.1585E-01  0.000      0.000      0.000      0.000       0.000       0.000       0.000       0.000       0.000       0.000    
    93600.   17.89748461   16.9804   0.000       0.000     -0.2522E-03   0.000     0.2577E-01-0.2551E-01  0.000      0.000      0.000      0.000       0.000       0.000       0.000       0.000       0.000       0.000    
    97200.   17.86747763   17.0001   0.000       0.000     -0.2385E-03   0.000     0.1636E-01-0.1612E-01  0.000      0.000      0.000      0.000       0.000       0.000       0.000       0.000       0.000       0.000    
   100800.   17.61811028   17.0119   0.000       0.000     -0.1667E-03   0.000     0.5634E-02-0.5468E-02  0.000      0.000      0.000      0.000       0.000       0.000       0.000       0.000       0.000       0.000    
   104400.   17.44397199   17.0199   0.000       0.000     -0.1166E-03   0.000     0.3445E-02-0.3328E-02  0.000      0.000      0.000      0.000       0.000       0.000       0.000       0.000       0.000       0.000    
   108000.   17.34512655   17.0261   0.000       0.000     -0.8773E-04   0.000     0.4461E-02-0.4373E-02  0.000      0.000      0.000      0.000       0.000       0.000       0.000       0.000       0.000       0.000    
   111600.   17.23336314   17.0300   0.000       0.000     -0.5594E-04   0.000     0.3927E-02-0.3871E-02  0.000      0.000      0.000      0.000       0.000       0.000       0.000       0.000       0.000       0.000    
   115200.   17.13486145   17.0318   0.000       0.000     -0.2835E-04   0.000     0.3709E-02-0.3681E-02  0.000      0.000      0.000      0.000       0.000       0.000       0.000       0.000       0.000       0.000    
   118800.   17.05484967   17.0321   0.000       0.000     -0.6256E-05   0.000     0.3841E-02-0.3835E-02  0.000      0.000      0.000      0.000       0.000       0.000       0.000       0.000       0.000       0.000    
   122400.   17.03491206   17.0325   0.000       0.000     -0.6670E-06   0.000     0.5566E-02-0.5565E-02  0.000      0.000      0.000      0.000       0.000       0.000       0.000       0.000       0.000       0.000    
   126000.   16.97621101   17.0315   0.000       0.000      0.1521E-04   0.000     0.4770E-02-0.4786E-02  0.000      0.000      0.000      0.000       0.000       0.000       0.000       0.000       0.000       0.000    
   129600.   17.05019637   17.0330   0.000       0.000     -0.4725E-05   0.000     0.8721E-02-0.8716E-02  0.000      0.000      0.000      0.000       0.000       0.000       0.000       0.000       0.000       0.000    
   133200.   17.00761930   17.0330   0.000       0.000      0.6983E-05   0.000     0.6447E-02-0.6454E-02  0.000      0.000      0.000      0.000       0.000       0.000       0.000       0.000       0.000       0.000    
   136800.   16.98247179   17.0325   0.000       0.000      0.1375E-04   0.000     0.6101E-02-0.6115E-02  0.000      0.000      0.000      0.000       0.000       0.000       0.000       0.000       0.000       0.000    
   140400.   16.93139862   17.0307   0.000       0.000      0.2731E-04   0.000     0.5023E-02-0.5051E-02  0.000      0.000      0.000      0.000       0.000       0.000       0.000       0.000       0.000       0.000    
   144000.   16.90805952   17.0286   0.000       0.000      0.3315E-04   0.000     0.5388E-02-0.5421E-02  0.000      0.000      0.000      0.000       0.000       0.000       0.000       0.000       0.000       0.000    
   147600.   16.89286015   17.0264   0.000       0.000      0.3671E-04   0.000     0.5702E-02-0.5739E-02  0.000      0.000      0.000      0.000       0.000       0.000       0.000       0.000       0.000       0.000    
   151200.   16.88256420   17.0240   0.000       0.000      0.3889E-04   0.000     0.5921E-02-0.5960E-02  0.000      0.000      0.000      0.000       0.000       0.000       0.000       0.000       0.000       0.000    
   154800.   16.87546113   17.0216   0.000       0.000      0.4018E-04   0.000     0.6076E-02-0.6116E-02  0.000      0.000      0.000      0.000       0.000       0.000       0.000       0.000       0.000       0.000    
   158400.   16.89620007   17.0199   0.000       0.000      0.3401E-04   0.000     0.7053E-02-0.7087E-02  0.000      0.000      0.000      0.000       0.000       0.000       0.000       0.000       0.000       0.000    
   162000.   17.00604676   17.0212   0.000       0.000      0.4155E-05   0.000     0.1046E-01-0.1047E-01  0.000      0.000      0.000      0.000       0.000       0.000       0.000       0.000       0.000       0.000    
   165600.   17.02504688   17.0223   0.000       0.000     -0.7425E-06   0.000     0.9027E-02-0.9026E-02  0.000      0.000      0.000      0.000       0.000       0.000       0.000       0.000       0.000       0.000    
   169200.   16.95340994   17.0213   0.000       0.000      0.1866E-04   0.000     0.5578E-02-0.5597E-02  0.000      0.000      0.000      0.000       0.000       0.000       0.000       0.000       0.000       0.000    
   172800.   16.91787598   17.0195   0.000       0.000      0.2795E-04   0.000     0.5336E-02-0.5364E-02  0.000      0.000      0.000      0.000       0.000       0.000       0.000       0.000       0.000       0.000    
