TOTIM (T)      HCON          HMAT      QDIR      QWELL        QMAT       QCADS      QTUB1      QTUB2      QTUB3      QTUB4      QTUB5      QTUB6       NSTOR        QFIX        QLH     FHLQ (LQ)        CAUCHY   CAUCHY (LQ)
     3600.   16.86898768   17.4505   0.000       0.000      0.1599E-03   0.000     0.2147E-02-0.2307E-02  0.000      0.000      0.000      0.000       0.000       0.000       0.000       0.000       0.000       0.000    
     7200.   16.84345368   17.4498   0.000       0.000      0.1668E-03   0.000     0.1764E-02-0.1930E-02  0.000      0.000      0.000      0.000       0.000       0.000       0.000       0.000       0.000       0.000    
    10800.   16.83340265   17.4490   0.000       0.000      0.1693E-03   0.000     0.1771E-02-0.1940E-02  0.000      0.000      0.000      0.000       0.000       0.000       0.000       0.000       0.000       0.000    
    14400.   16.82702223   17.4481   0.000       0.000      0.1708E-03   0.000     0.1792E-02-0.1963E-02  0.000      0.000      0.000      0.000       0.000       0.000       0.000       0.000       0.000       0.000    
    18000.   16.82263108   17.4471   0.000       0.000      0.1717E-03   0.000     0.1809E-02-0.1980E-02  0.000      0.000      0.000      0.000       0.000       0.000       0.000       0.000       0.000       0.000    
    21600.   16.81955274   17.4461   0.000       0.000      0.1723E-03   0.000     0.1821E-02-0.1994E-02  0.000      0.000      0.000      0.000       0.000       0.000       0.000       0.000       0.000       0.000    
    25200.   16.81740839   17.4451   0.000       0.000      0.1726E-03   0.000     0.1831E-02-0.2003E-02  0.000      0.000      0.000      0.000       0.000       0.000       0.000       0.000       0.000       0.000    
    28800.   16.81583482   17.4441   0.000       0.000      0.1728E-03   0.000     0.1839E-02-0.2011E-02  0.000      0.000      0.000      0.000       0.000       0.000       0.000       0.000       0.000       0.000    
    32400.   16.81470810   17.4431   0.000       0.000      0.1728E-03   0.000     0.1845E-02-0.2018E-02  0.000      0.000      0.000      0.000       0.000       0.000       0.000       0.000       0.000       0.000    
    36000.   16.81381869   17.4421   0.000       0.000      0.1728E-03   0.000     0.1850E-02-0.2023E-02  0.000      0.000      0.000      0.000       0.000       0.000       0.000       0.000       0.000       0.000    
    39600.   16.81309165   17.4411   0.000       0.000      0.1727E-03   0.000     0.1855E-02-0.2028E-02  0.000      0.000      0.000      0.000       0.000       0.000       0.000       0.000       0.000       0.000    
    43200.   16.83813410   17.4408   0.000       0.000      0.1657E-03   0.000     0.2242E-02-0.2408E-02  0.000      0.000      0.000      0.000       0.000       0.000       0.000       0.000       0.000       0.000    
    46800.   16.84773964   17.4406   0.000       0.000      0.1630E-03   0.000     0.2239E-02-0.2402E-02  0.000      0.000      0.000      0.000       0.000       0.000       0.000       0.000       0.000       0.000    
    50400.   16.82807657   17.4399   0.000       0.000      0.1682E-03   0.000     0.1839E-02-0.2007E-02  0.000      0.000      0.000      0.000       0.000       0.000       0.000       0.000       0.000       0.000    
    54000.   16.84764106   17.4398   0.000       0.000      0.1628E-03   0.000     0.2216E-02-0.2379E-02  0.000      0.000      0.000      0.000       0.000       0.000       0.000       0.000       0.000       0.000    
    57600.   16.91851680   17.4415   0.000       0.000      0.1438E-03   0.000     0.3175E-02-0.3319E-02  0.000      0.000      0.000      0.000       0.000       0.000       0.000       0.000       0.000       0.000    
    61200.   17.14148190   17.4491   0.000       0.000      0.8460E-04   0.000     0.6007E-02-0.6091E-02  0.000      0.000      0.000      0.000       0.000       0.000       0.000       0.000       0.000       0.000    
    64800.   17.18536274   17.4565   0.000       0.000      0.7456E-04   0.000     0.5122E-02-0.5197E-02  0.000      0.000      0.000      0.000       0.000       0.000       0.000       0.000       0.000       0.000    
    68400.   17.21391173   17.4640   0.000       0.000      0.6876E-04   0.000     0.4737E-02-0.4806E-02  0.000      0.000      0.000      0.000       0.000       0.000       0.000       0.000       0.000       0.000    
    72000.   17.17373319   17.4698   0.000       0.000      0.8143E-04   0.000     0.3669E-02-0.3750E-02  0.000      0.000      0.000      0.000       0.000       0.000       0.000       0.000       0.000       0.000    
    75600.   17.11402008   17.4741   0.000       0.000      0.9901E-04   0.000     0.2848E-02-0.2947E-02  0.000      0.000      0.000      0.000       0.000       0.000       0.000       0.000       0.000       0.000    
    79200.   17.24452377   17.4822   0.000       0.000      0.6536E-04   0.000     0.5147E-02-0.5213E-02  0.000      0.000      0.000      0.000       0.000       0.000       0.000       0.000       0.000       0.000    
    82800.   17.29082807   17.4909   0.000       0.000      0.5501E-04   0.000     0.5134E-02-0.5189E-02  0.000      0.000      0.000      0.000       0.000       0.000       0.000       0.000       0.000       0.000    
    86400.   17.33331698   17.5002   0.000       0.000      0.4588E-04   0.000     0.5217E-02-0.5263E-02  0.000      0.000      0.000      0.000       0.000       0.000       0.000       0.000       0.000       0.000    
    90000.   17.50098324   17.5136   0.000       0.000      0.3483E-05   0.000     0.7224E-02-0.7227E-02  0.000      0.000      0.000      0.000       0.000       0.000       0.000       0.000       0.000       0.000    
    93600.   17.89760710   17.5370   0.000       0.000     -0.9917E-04   0.000     0.1187E-01-0.1177E-01  0.000      0.000      0.000      0.000       0.000       0.000       0.000       0.000       0.000       0.000    
    97200.   17.86753319   17.5567   0.000       0.000     -0.8549E-04   0.000     0.8537E-02-0.8451E-02  0.000      0.000      0.000      0.000       0.000       0.000       0.000       0.000       0.000       0.000    
   100800.   17.61811895   17.5685   0.000       0.000     -0.1364E-04   0.000     0.3982E-02-0.3969E-02  0.000      0.000      0.000      0.000       0.000       0.000       0.000       0.000       0.000       0.000    
   104400.   17.44397444   17.5765   0.000       0.000      0.3644E-04   0.000     0.2578E-02-0.2615E-02  0.000      0.000      0.000      0.000       0.000       0.000       0.000       0.000       0.000       0.000    
   108000.   17.34512929   17.5827   0.000       0.000      0.6533E-04   0.000     0.2530E-02-0.2596E-02  0.000      0.000      0.000      0.000       0.000       0.000       0.000       0.000       0.000       0.000    
   111600.   17.23336530   17.5865   0.000       0.000      0.9712E-04   0.000     0.1924E-02-0.2022E-02  0.000      0.000      0.000      0.000       0.000       0.000       0.000       0.000       0.000       0.000    
   115200.   17.13486327   17.5884   0.000       0.000      0.1247E-03   0.000     0.1481E-02-0.1606E-02  0.000      0.000      0.000      0.000       0.000       0.000       0.000       0.000       0.000       0.000    
   118800.   17.05485139   17.5887   0.000       0.000      0.1468E-03   0.000     0.1229E-02-0.1376E-02  0.000      0.000      0.000      0.000       0.000       0.000       0.000       0.000       0.000       0.000    
   122400.   17.03491458   17.5891   0.000       0.000      0.1524E-03   0.000     0.1731E-02-0.1883E-02  0.000      0.000      0.000      0.000       0.000       0.000       0.000       0.000       0.000       0.000    
   126000.   16.97621300   17.5881   0.000       0.000      0.1683E-03   0.000     0.1251E-02-0.1420E-02  0.000      0.000      0.000      0.000       0.000       0.000       0.000       0.000       0.000       0.000    
   129600.   17.05020405   17.5896   0.000       0.000      0.1483E-03   0.000     0.2841E-02-0.2990E-02  0.000      0.000      0.000      0.000       0.000       0.000       0.000       0.000       0.000       0.000    
   133200.   17.00762394   17.5896   0.000       0.000      0.1600E-03   0.000     0.1922E-02-0.2083E-02  0.000      0.000      0.000      0.000       0.000       0.000       0.000       0.000       0.000       0.000    
   136800.   16.98247600   17.5891   0.000       0.000      0.1668E-03   0.000     0.1716E-02-0.1883E-02  0.000      0.000      0.000      0.000       0.000       0.000       0.000       0.000       0.000       0.000    
   140400.   16.93140165   17.5873   0.000       0.000      0.1804E-03   0.000     0.1173E-02-0.1354E-02  0.000      0.000      0.000      0.000       0.000       0.000       0.000       0.000       0.000       0.000    
   144000.   16.90806284   17.5852   0.000       0.000      0.1862E-03   0.000     0.1217E-02-0.1403E-02  0.000      0.000      0.000      0.000       0.000       0.000       0.000       0.000       0.000       0.000    
   147600.   16.89286374   17.5829   0.000       0.000      0.1898E-03   0.000     0.1274E-02-0.1464E-02  0.000      0.000      0.000      0.000       0.000       0.000       0.000       0.000       0.000       0.000    
   151200.   16.88256800   17.5806   0.000       0.000      0.1920E-03   0.000     0.1318E-02-0.1510E-02  0.000      0.000      0.000      0.000       0.000       0.000       0.000       0.000       0.000       0.000    
   154800.   16.87546508   17.5782   0.000       0.000      0.1932E-03   0.000     0.1353E-02-0.1546E-02  0.000      0.000      0.000      0.000       0.000       0.000       0.000       0.000       0.000       0.000    
   158400.   16.89620515   17.5764   0.000       0.000      0.1871E-03   0.000     0.1762E-02-0.1950E-02  0.000      0.000      0.000      0.000       0.000       0.000       0.000       0.000       0.000       0.000    
   162000.   17.00605852   17.5777   0.000       0.000      0.1572E-03   0.000     0.3304E-02-0.3462E-02  0.000      0.000      0.000      0.000       0.000       0.000       0.000       0.000       0.000       0.000    
   165600.   17.02505604   17.5789   0.000       0.000      0.1523E-03   0.000     0.2889E-02-0.3042E-02  0.000      0.000      0.000      0.000       0.000       0.000       0.000       0.000       0.000       0.000    
   169200.   16.95341393   17.5778   0.000       0.000      0.1717E-03   0.000     0.1474E-02-0.1646E-02  0.000      0.000      0.000      0.000       0.000       0.000       0.000       0.000       0.000       0.000    
   172800.   16.91787961   17.5761   0.000       0.000      0.1810E-03   0.000     0.1269E-02-0.1450E-02  0.000      0.000      0.000      0.000       0.000       0.000       0.000       0.000       0.000       0.000    
