TOTIM (T)      HCON          HMAT      QDIR      QWELL        QMAT       QCADS      QTUB1      QTUB2      QTUB3      QTUB4      QTUB5      QTUB6       NSTOR        QFIX        QLH     FHLQ (LQ)        CAUCHY   CAUCHY (LQ)
     3600.   16.86898844   16.6390  0.5691E-03   0.000     -0.6324E-04   0.000    -0.5059E-03  0.000      0.000      0.000      0.000      0.000       0.000       0.000       0.000       0.000       0.000       0.000    
     7200.   16.84345411   16.6674   0.000       0.000     -0.4841E-04  0.6295E-04-0.1454E-04  0.000      0.000      0.000      0.000      0.000       0.000       0.000       0.000       0.000       0.000       0.000    
    10800.   16.83340308   16.6951   0.000       0.000     -0.3804E-04  0.2478E-04 0.1326E-04  0.000      0.000      0.000      0.000      0.000       0.000       0.000       0.000       0.000       0.000       0.000    
    14400.   16.82702266   16.7220   0.000       0.000     -0.2888E-04  0.1573E-04 0.1315E-04  0.000      0.000      0.000      0.000      0.000       0.000       0.000       0.000       0.000       0.000       0.000    
    18000.   16.82263153   16.7483   0.000       0.000     -0.2045E-04  0.1083E-04 0.9629E-05  0.000      0.000      0.000      0.000      0.000       0.000       0.000       0.000       0.000       0.000       0.000    
    21600.   16.81955319   16.7739   0.000       0.000     -0.1256E-04  0.7589E-05 0.4973E-05  0.000      0.000      0.000      0.000      0.000       0.000       0.000       0.000       0.000       0.000       0.000    
    25200.   16.81740886   16.7989   0.000       0.000     -0.5094E-05  0.5286E-05-0.1929E-06  0.000      0.000      0.000      0.000      0.000       0.000       0.000       0.000       0.000       0.000       0.000    
    28800.   16.81583529   16.8233   0.000       0.000      0.2057E-05  0.3879E-05-0.5936E-05  0.000      0.000      0.000      0.000      0.000       0.000       0.000       0.000       0.000       0.000       0.000    
    32400.   16.81470857   16.8472   0.000       0.000      0.8928E-05  0.2778E-05-0.1171E-04  0.000      0.000      0.000      0.000      0.000       0.000       0.000       0.000       0.000       0.000       0.000    
    36000.   16.81381917   16.8705   0.000       0.000      0.1558E-04  0.2193E-05-0.1778E-04  0.000      0.000      0.000      0.000      0.000       0.000       0.000       0.000       0.000       0.000       0.000    
    39600.   16.81309213   16.8933   0.000       0.000      0.2205E-04  0.1792E-05-0.2384E-04  0.000      0.000      0.000      0.000      0.000       0.000       0.000       0.000       0.000       0.000       0.000    
    43200.   16.83813493   16.8871  0.5691E-03   0.000      0.1347E-04 -0.6174E-04-0.5209E-03  0.000      0.000      0.000      0.000      0.000       0.000       0.000       0.000       0.000       0.000       0.000    
    46800.   16.84774047   16.8812  0.5691E-03   0.000      0.9207E-05 -0.2368E-04-0.5547E-03  0.000      0.000      0.000      0.000      0.000       0.000       0.000       0.000       0.000       0.000       0.000    
    50400.   16.82807705   16.9040   0.000       0.000      0.2087E-04  0.4848E-04-0.6935E-04  0.000      0.000      0.000      0.000      0.000       0.000       0.000       0.000       0.000       0.000       0.000    
    54000.   16.84764188   16.8977  0.5691E-03   0.000      0.1377E-04 -0.4823E-04-0.5347E-03  0.000      0.000      0.000      0.000      0.000       0.000       0.000       0.000       0.000       0.000       0.000    
    57600.   16.91851846   16.8207  0.1992E-02   0.000     -0.2691E-04 -0.1747E-03-0.1790E-02  0.000      0.000      0.000      0.000      0.000       0.000       0.000       0.000       0.000       0.000       0.000    
    61200.   17.14154553   16.5327  0.6260E-02   0.000     -0.1674E-03 -0.5498E-03-0.5543E-02  0.000      0.000      0.000      0.000      0.000       0.000       0.000       0.000       0.000       0.000       0.000    
    64800.   17.18540551   16.3093  0.5122E-02   0.000     -0.2409E-03 -0.1081E-03-0.4773E-02  0.000      0.000      0.000      0.000      0.000       0.000       0.000       0.000       0.000       0.000       0.000    
    68400.   17.21394654   16.1058  0.4838E-02   0.000     -0.3048E-03 -0.7036E-04-0.4463E-02  0.000      0.000      0.000      0.000      0.000       0.000       0.000       0.000       0.000       0.000       0.000    
    72000.   17.17375266   15.9781  0.3415E-02   0.000     -0.3288E-03  0.9909E-04-0.3185E-02  0.000      0.000      0.000      0.000      0.000       0.000       0.000       0.000       0.000       0.000       0.000    
    75600.   17.11403121   15.9099  0.2277E-02   0.000     -0.3311E-03  0.1472E-03-0.2093E-02  0.000      0.000      0.000      0.000      0.000       0.000       0.000       0.000       0.000       0.000       0.000    
    79200.   17.24456579   15.6724  0.5691E-02   0.000     -0.4324E-03 -0.3218E-03-0.4937E-02  0.000      0.000      0.000      0.000      0.000       0.000       0.000       0.000       0.000       0.000       0.000    
    82800.   17.29086850   15.4406  0.5691E-02   0.000     -0.5088E-03 -0.1141E-03-0.5068E-02  0.000      0.000      0.000      0.000      0.000       0.000       0.000       0.000       0.000       0.000       0.000    
    86400.   17.33335782   15.2001  0.5976E-02   0.000     -0.5867E-03 -0.1047E-03-0.5284E-02  0.000      0.000      0.000      0.000      0.000       0.000       0.000       0.000       0.000       0.000       0.000    
    90000.   17.50107502   14.8086  0.9106E-02   0.000     -0.7404E-03 -0.4135E-03-0.7952E-02  0.000      0.000      0.000      0.000      0.000       0.000       0.000       0.000       0.000       0.000       0.000    
    93600.   17.89783308   14.0706  0.1622E-01   0.000     -0.1052E-02 -0.9781E-03-0.1419E-01  0.000      0.000      0.000      0.000      0.000       0.000       0.000       0.000       0.000       0.000       0.000    
    97200.   17.86764174   13.5781  0.1167E-01   0.000     -0.1180E-02  0.7443E-04-0.1056E-01  0.000      0.000      0.000      0.000      0.000       0.000       0.000       0.000       0.000       0.000       0.000    
   100800.   17.61813558   13.4092  0.5407E-02   0.000     -0.1157E-02  0.6151E-03-0.4864E-02  0.000      0.000      0.000      0.000      0.000       0.000       0.000       0.000       0.000       0.000       0.000    
   104400.   17.44397778   13.3422  0.3415E-02   0.000     -0.1128E-02  0.4293E-03-0.2716E-02  0.000      0.000      0.000      0.000      0.000       0.000       0.000       0.000       0.000       0.000       0.000    
   108000.   17.34513204   13.2895  0.3130E-02   0.000     -0.1115E-02  0.2437E-03-0.2259E-02  0.000      0.000      0.000      0.000      0.000       0.000       0.000       0.000       0.000       0.000       0.000    
   111600.   17.23336602   13.2940  0.1992E-02   0.000     -0.1083E-02  0.2755E-03-0.1184E-02  0.000      0.000      0.000      0.000      0.000       0.000       0.000       0.000       0.000       0.000       0.000    
   115200.   17.13486322   13.3402  0.1138E-02   0.000     -0.1044E-02  0.2428E-03-0.3376E-03  0.000      0.000      0.000      0.000      0.000       0.000       0.000       0.000       0.000       0.000       0.000    
   118800.   17.05485115   13.4132  0.5691E-03   0.000     -0.1001E-02  0.1973E-03 0.2351E-03  0.000      0.000      0.000      0.000      0.000       0.000       0.000       0.000       0.000       0.000       0.000    
   122400.   17.03491446   13.4555  0.1138E-02   0.000     -0.9843E-03  0.4915E-04-0.2031E-03  0.000      0.000      0.000      0.000      0.000       0.000       0.000       0.000       0.000       0.000       0.000    
   126000.   16.97621267   13.5394  0.2846E-03   0.000     -0.9451E-03  0.1447E-03 0.5158E-03  0.000      0.000      0.000      0.000      0.000       0.000       0.000       0.000       0.000       0.000       0.000    
   129600.   17.05020395   13.5072  0.2561E-02   0.000     -0.9743E-03 -0.1824E-03-0.1404E-02  0.000      0.000      0.000      0.000      0.000       0.000       0.000       0.000       0.000       0.000       0.000    
   133200.   17.00762381   13.5471  0.1138E-02   0.000     -0.9516E-03  0.1050E-03-0.2916E-03  0.000      0.000      0.000      0.000      0.000       0.000       0.000       0.000       0.000       0.000       0.000    
   136800.   16.98247579   13.6003  0.8537E-03   0.000     -0.9301E-03  0.6200E-04 0.1441E-04  0.000      0.000      0.000      0.000      0.000       0.000       0.000       0.000       0.000       0.000       0.000    
   140400.   16.93140123   13.6948   0.000       0.000     -0.8901E-03  0.1259E-03 0.7641E-03  0.000      0.000      0.000      0.000      0.000       0.000       0.000       0.000       0.000       0.000       0.000    
   144000.   16.90806242   13.7871   0.000       0.000     -0.8583E-03  0.5754E-04 0.8007E-03  0.000      0.000      0.000      0.000      0.000       0.000       0.000       0.000       0.000       0.000       0.000    
   147600.   16.89286332   13.8772   0.000       0.000     -0.8293E-03  0.3747E-04 0.7918E-03  0.000      0.000      0.000      0.000      0.000       0.000       0.000       0.000       0.000       0.000       0.000    
   151200.   16.88256758   13.9653   0.000       0.000     -0.8022E-03  0.2538E-04 0.7769E-03  0.000      0.000      0.000      0.000      0.000       0.000       0.000       0.000       0.000       0.000       0.000    
   154800.   16.87546466   14.0515   0.000       0.000     -0.7766E-03  0.1751E-04 0.7591E-03  0.000      0.000      0.000      0.000      0.000       0.000       0.000       0.000       0.000       0.000       0.000    
   158400.   16.89620484   14.1073  0.5691E-03   0.000     -0.7670E-03 -0.5113E-04 0.2490E-03  0.000      0.000      0.000      0.000      0.000       0.000       0.000       0.000       0.000       0.000       0.000    
   162000.   17.00605823   14.0481  0.2846E-02   0.000     -0.8134E-03 -0.2708E-03-0.1761E-02  0.000      0.000      0.000      0.000      0.000       0.000       0.000       0.000       0.000       0.000       0.000    
   165600.   17.02505592   14.0192  0.2277E-02   0.000     -0.8266E-03 -0.4683E-04-0.1403E-02  0.000      0.000      0.000      0.000      0.000       0.000       0.000       0.000       0.000       0.000       0.000    
   169200.   16.95341366   14.0908  0.2846E-03   0.000     -0.7872E-03  0.1766E-03 0.3260E-03  0.000      0.000      0.000      0.000      0.000       0.000       0.000       0.000       0.000       0.000       0.000    
   172800.   16.91787924   14.1748   0.000       0.000     -0.7543E-03  0.8760E-04 0.6667E-03  0.000      0.000      0.000      0.000      0.000       0.000       0.000       0.000       0.000       0.000       0.000    
