TOTIM (T)      HCON          HMAT      QDIR      QWELL        QMAT       QCADS      QTUB1      QTUB2      QTUB3      QTUB4      QTUB5      QTUB6       NSTOR        QFIX        QLH     FHLQ (LQ)        CAUCHY   CAUCHY (LQ)
     3600.   16.86898826   17.1070   0.000       0.000      0.6545E-04   0.000     0.1126E-02-0.1192E-02  0.000      0.000      0.000      0.000       0.000       0.000       0.000       0.000       0.000       0.000    
     7200.   16.84345403   17.1063   0.000       0.000      0.7228E-04   0.000     0.6623E-03-0.7346E-03  0.000      0.000      0.000      0.000       0.000       0.000       0.000       0.000       0.000       0.000    
    10800.   16.83340301   17.1054   0.000       0.000      0.7481E-04   0.000     0.6446E-03-0.7195E-03  0.000      0.000      0.000      0.000       0.000       0.000       0.000       0.000       0.000       0.000    
    14400.   16.82702259   17.1045   0.000       0.000      0.7631E-04   0.000     0.6508E-03-0.7271E-03  0.000      0.000      0.000      0.000       0.000       0.000       0.000       0.000       0.000       0.000    
    18000.   16.82263146   17.1036   0.000       0.000      0.7725E-04   0.000     0.6582E-03-0.7354E-03  0.000      0.000      0.000      0.000       0.000       0.000       0.000       0.000       0.000       0.000    
    21600.   16.81955312   17.1026   0.000       0.000      0.7783E-04   0.000     0.6652E-03-0.7430E-03  0.000      0.000      0.000      0.000       0.000       0.000       0.000       0.000       0.000       0.000    
    25200.   16.81740878   17.1015   0.000       0.000      0.7814E-04   0.000     0.6717E-03-0.7498E-03  0.000      0.000      0.000      0.000       0.000       0.000       0.000       0.000       0.000       0.000    
    28800.   16.81583522   17.1005   0.000       0.000      0.7829E-04   0.000     0.6782E-03-0.7565E-03  0.000      0.000      0.000      0.000       0.000       0.000       0.000       0.000       0.000       0.000    
    32400.   16.81470850   17.0995   0.000       0.000      0.7832E-04   0.000     0.6842E-03-0.7625E-03  0.000      0.000      0.000      0.000       0.000       0.000       0.000       0.000       0.000       0.000    
    36000.   16.81381909   17.0985   0.000       0.000      0.7829E-04   0.000     0.6902E-03-0.7685E-03  0.000      0.000      0.000      0.000       0.000       0.000       0.000       0.000       0.000       0.000    
    39600.   16.81309205   17.0975   0.000       0.000      0.7821E-04   0.000     0.6961E-03-0.7744E-03  0.000      0.000      0.000      0.000       0.000       0.000       0.000       0.000       0.000       0.000    
    43200.   16.83813474   17.0972   0.000       0.000      0.7125E-04   0.000     0.1165E-02-0.1237E-02  0.000      0.000      0.000      0.000       0.000       0.000       0.000       0.000       0.000       0.000    
    46800.   16.84774028   17.0971   0.000       0.000      0.6857E-04   0.000     0.1189E-02-0.1257E-02  0.000      0.000      0.000      0.000       0.000       0.000       0.000       0.000       0.000       0.000    
    50400.   16.82807696   17.0963   0.000       0.000      0.7377E-04   0.000     0.7243E-03-0.7981E-03  0.000      0.000      0.000      0.000       0.000       0.000       0.000       0.000       0.000       0.000    
    54000.   16.84764169   17.0962   0.000       0.000      0.6835E-04   0.000     0.1168E-02-0.1236E-02  0.000      0.000      0.000      0.000       0.000       0.000       0.000       0.000       0.000       0.000    
    57600.   16.91851801   17.0980   0.000       0.000      0.4935E-04   0.000     0.2348E-02-0.2397E-02  0.000      0.000      0.000      0.000       0.000       0.000       0.000       0.000       0.000       0.000    
    61200.   17.14154428   17.1056   0.000       0.000     -0.9893E-05   0.000     0.5864E-02-0.5854E-02  0.000      0.000      0.000      0.000       0.000       0.000       0.000       0.000       0.000       0.000    
    64800.   17.18540444   17.1129   0.000       0.000     -0.1993E-04   0.000     0.5053E-02-0.5033E-02  0.000      0.000      0.000      0.000       0.000       0.000       0.000       0.000       0.000       0.000    
    68400.   17.21394554   17.1204   0.000       0.000     -0.2572E-04   0.000     0.4719E-02-0.4693E-02  0.000      0.000      0.000      0.000       0.000       0.000       0.000       0.000       0.000       0.000    
    72000.   17.17375193   17.1263   0.000       0.000     -0.1305E-04   0.000     0.3492E-02-0.3479E-02  0.000      0.000      0.000      0.000       0.000       0.000       0.000       0.000       0.000       0.000    
    75600.   17.11403071   17.1305   0.000       0.000      0.4534E-05   0.000     0.2469E-02-0.2474E-02  0.000      0.000      0.000      0.000       0.000       0.000       0.000       0.000       0.000       0.000    
    79200.   17.24456469   17.1387   0.000       0.000     -0.2912E-04   0.000     0.5179E-02-0.5150E-02  0.000      0.000      0.000      0.000       0.000       0.000       0.000       0.000       0.000       0.000    
    82800.   17.29086737   17.1473   0.000       0.000     -0.3947E-04   0.000     0.5268E-02-0.5228E-02  0.000      0.000      0.000      0.000       0.000       0.000       0.000       0.000       0.000       0.000    
    86400.   17.33335665   17.1566   0.000       0.000     -0.4860E-04   0.000     0.5447E-02-0.5398E-02  0.000      0.000      0.000      0.000       0.000       0.000       0.000       0.000       0.000       0.000    
    90000.   17.50105990   17.1701   0.000       0.000     -0.9101E-04   0.000     0.7944E-02-0.7853E-02  0.000      0.000      0.000      0.000       0.000       0.000       0.000       0.000       0.000       0.000    
    93600.   17.89778688   17.1935   0.000       0.000     -0.1937E-03   0.000     0.1377E-01-0.1358E-01  0.000      0.000      0.000      0.000       0.000       0.000       0.000       0.000       0.000       0.000    
    97200.   17.86761613   17.2131   0.000       0.000     -0.1800E-03   0.000     0.1019E-01-0.1001E-01  0.000      0.000      0.000      0.000       0.000       0.000       0.000       0.000       0.000       0.000    
   100800.   17.61812991   17.2250   0.000       0.000     -0.1081E-03   0.000     0.4783E-02-0.4675E-02  0.000      0.000      0.000      0.000       0.000       0.000       0.000       0.000       0.000       0.000    
   104400.   17.44397584   17.2330   0.000       0.000     -0.5803E-04   0.000     0.2833E-02-0.2775E-02  0.000      0.000      0.000      0.000       0.000       0.000       0.000       0.000       0.000       0.000    
   108000.   17.34513061   17.2392   0.000       0.000     -0.2913E-04   0.000     0.2490E-02-0.2461E-02  0.000      0.000      0.000      0.000       0.000       0.000       0.000       0.000       0.000       0.000    
   111600.   17.23336572   17.2430   0.000       0.000      0.2661E-05   0.000     0.1541E-02-0.1544E-02  0.000      0.000      0.000      0.000       0.000       0.000       0.000       0.000       0.000       0.000    
   115200.   17.13486310   17.2449   0.000       0.000      0.3026E-04   0.000     0.8031E-03-0.8334E-03  0.000      0.000      0.000      0.000       0.000       0.000       0.000       0.000       0.000       0.000    
   118800.   17.05485114   17.2452   0.000       0.000      0.5235E-04   0.000     0.3174E-03-0.3697E-03  0.000      0.000      0.000      0.000       0.000       0.000       0.000       0.000       0.000       0.000    
   122400.   17.03491435   17.2456   0.000       0.000      0.5794E-04   0.000     0.7764E-03-0.8344E-03  0.000      0.000      0.000      0.000       0.000       0.000       0.000       0.000       0.000       0.000    
   126000.   16.97621271   17.2446   0.000       0.000      0.7381E-04   0.000     0.1196E-03-0.1934E-03  0.000      0.000      0.000      0.000       0.000       0.000       0.000       0.000       0.000       0.000    
   129600.   17.05020358   17.2461   0.000       0.000      0.5388E-04   0.000     0.1959E-02-0.2013E-02  0.000      0.000      0.000      0.000       0.000       0.000       0.000       0.000       0.000       0.000    
   133200.   17.00762368   17.2461   0.000       0.000      0.6559E-04   0.000     0.8915E-03-0.9570E-03  0.000      0.000      0.000      0.000       0.000       0.000       0.000       0.000       0.000       0.000    
   136800.   16.98247573   17.2456   0.000       0.000      0.7236E-04   0.000     0.6112E-03-0.6836E-03  0.000      0.000      0.000      0.000       0.000       0.000       0.000       0.000       0.000       0.000    
   140400.   16.93140133   17.2438   0.000       0.000      0.8592E-04   0.000    -0.8549E-04-0.4271E-06  0.000      0.000      0.000      0.000       0.000       0.000       0.000       0.000       0.000       0.000    
   144000.   16.90806252   17.2418   0.000       0.000      0.9177E-04   0.000    -0.9985E-04 0.8076E-05  0.000      0.000      0.000      0.000       0.000       0.000       0.000       0.000       0.000       0.000    
   147600.   16.89286341   17.2395   0.000       0.000      0.9533E-04   0.000    -0.7780E-04-0.1753E-04  0.000      0.000      0.000      0.000       0.000       0.000       0.000       0.000       0.000       0.000    
   151200.   16.88256767   17.2372   0.000       0.000      0.9751E-04   0.000    -0.5513E-04-0.4238E-04  0.000      0.000      0.000      0.000       0.000       0.000       0.000       0.000       0.000       0.000    
   154800.   16.87546474   17.2348   0.000       0.000      0.9881E-04   0.000    -0.3318E-04-0.6563E-04  0.000      0.000      0.000      0.000       0.000       0.000       0.000       0.000       0.000       0.000    
   158400.   16.89620482   17.2330   0.000       0.000      0.9263E-04   0.000     0.4513E-03-0.5439E-03  0.000      0.000      0.000      0.000       0.000       0.000       0.000       0.000       0.000       0.000    
   162000.   17.00605778   17.2343   0.000       0.000      0.6278E-04   0.000     0.2341E-02-0.2404E-02  0.000      0.000      0.000      0.000       0.000       0.000       0.000       0.000       0.000       0.000    
   165600.   17.02505555   17.2355   0.000       0.000      0.5788E-04   0.000     0.1962E-02-0.2020E-02  0.000      0.000      0.000      0.000       0.000       0.000       0.000       0.000       0.000       0.000    
   169200.   16.95341366   17.2344   0.000       0.000      0.7728E-04   0.000     0.3101E-03-0.3874E-03  0.000      0.000      0.000      0.000       0.000       0.000       0.000       0.000       0.000       0.000    
   172800.   16.91787931   17.2327   0.000       0.000      0.8658E-04   0.000     0.5715E-05-0.9229E-04  0.000      0.000      0.000      0.000       0.000       0.000       0.000       0.000       0.000       0.000    
