TOTIM (T)      HCON          HMAT      QDIR      QWELL        QMAT       QCADS      QTUB1      QTUB2      QTUB3      QTUB4      QTUB5      QTUB6       NSTOR        QFIX        QLH     FHLQ (LQ)        CAUCHY   CAUCHY (LQ)
     3600.   16.86898851   17.0685   0.000       0.000      0.5486E-04   0.000    -0.1967E-02 0.1912E-02  0.000      0.000      0.000      0.000       0.000       0.000       0.000       0.000       0.000       0.000    
     7200.   16.84345428   17.0678   0.000       0.000      0.6169E-04   0.000    -0.1622E-02 0.1560E-02  0.000      0.000      0.000      0.000       0.000       0.000       0.000       0.000       0.000       0.000    
    10800.   16.83340326   17.0669   0.000       0.000      0.6422E-04   0.000    -0.1636E-02 0.1572E-02  0.000      0.000      0.000      0.000       0.000       0.000       0.000       0.000       0.000       0.000    
    14400.   16.82702286   17.0660   0.000       0.000      0.6572E-04   0.000    -0.1662E-02 0.1596E-02  0.000      0.000      0.000      0.000       0.000       0.000       0.000       0.000       0.000       0.000    
    18000.   16.82263172   17.0650   0.000       0.000      0.6666E-04   0.000    -0.1681E-02 0.1614E-02  0.000      0.000      0.000      0.000       0.000       0.000       0.000       0.000       0.000       0.000    
    21600.   16.81955339   17.0640   0.000       0.000      0.6723E-04   0.000    -0.1695E-02 0.1628E-02  0.000      0.000      0.000      0.000       0.000       0.000       0.000       0.000       0.000       0.000    
    25200.   16.81740905   17.0630   0.000       0.000      0.6755E-04   0.000    -0.1705E-02 0.1638E-02  0.000      0.000      0.000      0.000       0.000       0.000       0.000       0.000       0.000       0.000    
    28800.   16.81583549   17.0620   0.000       0.000      0.6770E-04   0.000    -0.1713E-02 0.1645E-02  0.000      0.000      0.000      0.000       0.000       0.000       0.000       0.000       0.000       0.000    
    32400.   16.81470877   17.0610   0.000       0.000      0.6773E-04   0.000    -0.1719E-02 0.1651E-02  0.000      0.000      0.000      0.000       0.000       0.000       0.000       0.000       0.000       0.000    
    36000.   16.81381936   17.0600   0.000       0.000      0.6770E-04   0.000    -0.1724E-02 0.1657E-02  0.000      0.000      0.000      0.000       0.000       0.000       0.000       0.000       0.000       0.000    
    39600.   16.81309232   17.0590   0.000       0.000      0.6762E-04   0.000    -0.1729E-02 0.1661E-02  0.000      0.000      0.000      0.000       0.000       0.000       0.000       0.000       0.000       0.000    
    43200.   16.83813501   17.0587   0.000       0.000      0.6066E-04   0.000    -0.2077E-02 0.2016E-02  0.000      0.000      0.000      0.000       0.000       0.000       0.000       0.000       0.000       0.000    
    46800.   16.84774054   17.0586   0.000       0.000      0.5798E-04   0.000    -0.2066E-02 0.2008E-02  0.000      0.000      0.000      0.000       0.000       0.000       0.000       0.000       0.000       0.000    
    50400.   16.82807722   17.0578   0.000       0.000      0.6318E-04   0.000    -0.1699E-02 0.1636E-02  0.000      0.000      0.000      0.000       0.000       0.000       0.000       0.000       0.000       0.000    
    54000.   16.84764195   17.0577   0.000       0.000      0.5776E-04   0.000    -0.2042E-02 0.1984E-02  0.000      0.000      0.000      0.000       0.000       0.000       0.000       0.000       0.000       0.000    
    57600.   16.91851826   17.0595   0.000       0.000      0.3876E-04   0.000    -0.2899E-02 0.2860E-02  0.000      0.000      0.000      0.000       0.000       0.000       0.000       0.000       0.000       0.000    
    61200.   17.14154450   17.0671   0.000       0.000     -0.2048E-04   0.000    -0.5418E-02 0.5439E-02  0.000      0.000      0.000      0.000       0.000       0.000       0.000       0.000       0.000       0.000    
    64800.   17.18540459   17.0744   0.000       0.000     -0.3052E-04   0.000    -0.4542E-02 0.4573E-02  0.000      0.000      0.000      0.000       0.000       0.000       0.000       0.000       0.000       0.000    
    68400.   17.21394566   17.0819   0.000       0.000     -0.3631E-04   0.000    -0.4151E-02 0.4188E-02  0.000      0.000      0.000      0.000       0.000       0.000       0.000       0.000       0.000       0.000    
    72000.   17.17375203   17.0878   0.000       0.000     -0.2364E-04   0.000    -0.3168E-02 0.3191E-02  0.000      0.000      0.000      0.000       0.000       0.000       0.000       0.000       0.000       0.000    
    75600.   17.11403082   17.0920   0.000       0.000     -0.6056E-05   0.000    -0.2437E-02 0.2443E-02  0.000      0.000      0.000      0.000       0.000       0.000       0.000       0.000       0.000       0.000    
    79200.   17.24456481   17.1002   0.000       0.000     -0.3971E-04   0.000    -0.4527E-02 0.4567E-02  0.000      0.000      0.000      0.000       0.000       0.000       0.000       0.000       0.000       0.000    
    82800.   17.29086747   17.1088   0.000       0.000     -0.5007E-04   0.000    -0.4486E-02 0.4536E-02  0.000      0.000      0.000      0.000       0.000       0.000       0.000       0.000       0.000       0.000    
    86400.   17.33335672   17.1181   0.000       0.000     -0.5919E-04   0.000    -0.4534E-02 0.4593E-02  0.000      0.000      0.000      0.000       0.000       0.000       0.000       0.000       0.000       0.000    
    90000.   17.50104970   17.1316   0.000       0.000     -0.1016E-03   0.000    -0.6317E-02 0.6418E-02  0.000      0.000      0.000      0.000       0.000       0.000       0.000       0.000       0.000       0.000    
    93600.   17.89777702   17.1549   0.000       0.000     -0.2043E-03   0.000    -0.1043E-01 0.1064E-01  0.000      0.000      0.000      0.000       0.000       0.000       0.000       0.000       0.000       0.000    
    97200.   17.86760924   17.1746   0.000       0.000     -0.1906E-03   0.000    -0.7292E-02 0.7483E-02  0.000      0.000      0.000      0.000       0.000       0.000       0.000       0.000       0.000       0.000    
   100800.   17.61812765   17.1865   0.000       0.000     -0.1187E-03   0.000    -0.3156E-02 0.3275E-02  0.000      0.000      0.000      0.000       0.000       0.000       0.000       0.000       0.000       0.000    
   104400.   17.44397522   17.1944   0.000       0.000     -0.6863E-04   0.000    -0.1966E-02 0.2035E-02  0.000      0.000      0.000      0.000       0.000       0.000       0.000       0.000       0.000       0.000    
   108000.   17.34513020   17.2006   0.000       0.000     -0.3974E-04   0.000    -0.2015E-02 0.2054E-02  0.000      0.000      0.000      0.000       0.000       0.000       0.000       0.000       0.000       0.000    
   111600.   17.23336579   17.2045   0.000       0.000     -0.7949E-05   0.000    -0.1541E-02 0.1549E-02  0.000      0.000      0.000      0.000       0.000       0.000       0.000       0.000       0.000       0.000    
   115200.   17.13486322   17.2063   0.000       0.000      0.1964E-04   0.000    -0.1207E-02 0.1188E-02  0.000      0.000      0.000      0.000       0.000       0.000       0.000       0.000       0.000       0.000    
   118800.   17.05485131   17.2066   0.000       0.000      0.4173E-04   0.000    -0.1039E-02 0.9969E-03  0.000      0.000      0.000      0.000       0.000       0.000       0.000       0.000       0.000       0.000    
   122400.   17.03491456   17.2070   0.000       0.000      0.4732E-04   0.000    -0.1539E-02 0.1492E-02  0.000      0.000      0.000      0.000       0.000       0.000       0.000       0.000       0.000       0.000    
   126000.   16.97621294   17.2060   0.000       0.000      0.6319E-04   0.000    -0.1134E-02 0.1071E-02  0.000      0.000      0.000      0.000       0.000       0.000       0.000       0.000       0.000       0.000    
   129600.   17.05020383   17.2075   0.000       0.000      0.4326E-04   0.000    -0.2591E-02 0.2548E-02  0.000      0.000      0.000      0.000       0.000       0.000       0.000       0.000       0.000       0.000    
   133200.   17.00762392   17.2075   0.000       0.000      0.5496E-04   0.000    -0.1753E-02 0.1698E-02  0.000      0.000      0.000      0.000       0.000       0.000       0.000       0.000       0.000       0.000    
   136800.   16.98247598   17.2069   0.000       0.000      0.6173E-04   0.000    -0.1575E-02 0.1514E-02  0.000      0.000      0.000      0.000       0.000       0.000       0.000       0.000       0.000       0.000    
   140400.   16.93140159   17.2052   0.000       0.000      0.7528E-04   0.000    -0.1100E-02 0.1024E-02  0.000      0.000      0.000      0.000       0.000       0.000       0.000       0.000       0.000       0.000    
   144000.   16.90806280   17.2031   0.000       0.000      0.8113E-04   0.000    -0.1160E-02 0.1079E-02  0.000      0.000      0.000      0.000       0.000       0.000       0.000       0.000       0.000       0.000    
   147600.   16.89286370   17.2008   0.000       0.000      0.8469E-04   0.000    -0.1227E-02 0.1142E-02  0.000      0.000      0.000      0.000       0.000       0.000       0.000       0.000       0.000       0.000    
   151200.   16.88256797   17.1984   0.000       0.000      0.8687E-04   0.000    -0.1277E-02 0.1190E-02  0.000      0.000      0.000      0.000       0.000       0.000       0.000       0.000       0.000       0.000    
   154800.   16.87546505   17.1960   0.000       0.000      0.8815E-04   0.000    -0.1314E-02 0.1226E-02  0.000      0.000      0.000      0.000       0.000       0.000       0.000       0.000       0.000       0.000    
   158400.   16.89620513   17.1943   0.000       0.000      0.8197E-04   0.000    -0.1687E-02 0.1605E-02  0.000      0.000      0.000      0.000       0.000       0.000       0.000       0.000       0.000       0.000    
   162000.   17.00605808   17.1956   0.000       0.000      0.5212E-04   0.000    -0.3067E-02 0.3015E-02  0.000      0.000      0.000      0.000       0.000       0.000       0.000       0.000       0.000       0.000    
   165600.   17.02505581   17.1968   0.000       0.000      0.4722E-04   0.000    -0.2656E-02 0.2609E-02  0.000      0.000      0.000      0.000       0.000       0.000       0.000       0.000       0.000       0.000    
   169200.   16.95341391   17.1957   0.000       0.000      0.6662E-04   0.000    -0.1362E-02 0.1296E-02  0.000      0.000      0.000      0.000       0.000       0.000       0.000       0.000       0.000       0.000    
   172800.   16.91787958   17.1939   0.000       0.000      0.7591E-04   0.000    -0.1193E-02 0.1117E-02  0.000      0.000      0.000      0.000       0.000       0.000       0.000       0.000       0.000       0.000    
