TOTIM (T)      HCON          HMAT      QDIR      QWELL        QMAT       QCADS      QTUB1      QTUB2      QTUB3      QTUB4      QTUB5      QTUB6       NSTOR        QFIX        QLH     FHLQ (LQ)        CAUCHY   CAUCHY (LQ)
     3600.   16.86898912   17.1744   0.000       0.000      0.8400E-04   0.000     0.1493E-02-0.1577E-02  0.000      0.000      0.000      0.000       0.000       0.000       0.000       0.000       0.000       0.000    
     7200.   16.84345476   17.1737   0.000       0.000      0.9082E-04   0.000     0.1086E-02-0.1177E-02  0.000      0.000      0.000      0.000       0.000       0.000       0.000       0.000       0.000       0.000    
    10800.   16.83340375   17.1729   0.000       0.000      0.9336E-04   0.000     0.1078E-02-0.1172E-02  0.000      0.000      0.000      0.000       0.000       0.000       0.000       0.000       0.000       0.000    
    14400.   16.82702334   17.1720   0.000       0.000      0.9486E-04   0.000     0.1090E-02-0.1185E-02  0.000      0.000      0.000      0.000       0.000       0.000       0.000       0.000       0.000       0.000    
    18000.   16.82263222   17.1710   0.000       0.000      0.9580E-04   0.000     0.1101E-02-0.1196E-02  0.000      0.000      0.000      0.000       0.000       0.000       0.000       0.000       0.000       0.000    
    21600.   16.81955389   17.1700   0.000       0.000      0.9637E-04   0.000     0.1110E-02-0.1206E-02  0.000      0.000      0.000      0.000       0.000       0.000       0.000       0.000       0.000       0.000    
    25200.   16.81740955   17.1690   0.000       0.000      0.9668E-04   0.000     0.1117E-02-0.1214E-02  0.000      0.000      0.000      0.000       0.000       0.000       0.000       0.000       0.000       0.000    
    28800.   16.81583599   17.1680   0.000       0.000      0.9684E-04   0.000     0.1124E-02-0.1220E-02  0.000      0.000      0.000      0.000       0.000       0.000       0.000       0.000       0.000       0.000    
    32400.   16.81470927   17.1670   0.000       0.000      0.9687E-04   0.000     0.1129E-02-0.1226E-02  0.000      0.000      0.000      0.000       0.000       0.000       0.000       0.000       0.000       0.000    
    36000.   16.81381987   17.1659   0.000       0.000      0.9684E-04   0.000     0.1135E-02-0.1232E-02  0.000      0.000      0.000      0.000       0.000       0.000       0.000       0.000       0.000       0.000    
    39600.   16.81309283   17.1649   0.000       0.000      0.9676E-04   0.000     0.1140E-02-0.1237E-02  0.000      0.000      0.000      0.000       0.000       0.000       0.000       0.000       0.000       0.000    
    43200.   16.83813565   17.1647   0.000       0.000      0.8980E-04   0.000     0.1551E-02-0.1641E-02  0.000      0.000      0.000      0.000       0.000       0.000       0.000       0.000       0.000       0.000    
    46800.   16.84774118   17.1645   0.000       0.000      0.8712E-04   0.000     0.1564E-02-0.1651E-02  0.000      0.000      0.000      0.000       0.000       0.000       0.000       0.000       0.000       0.000    
    50400.   16.82807773   17.1638   0.000       0.000      0.9231E-04   0.000     0.1150E-02-0.1243E-02  0.000      0.000      0.000      0.000       0.000       0.000       0.000       0.000       0.000       0.000    
    54000.   16.84764258   17.1636   0.000       0.000      0.8690E-04   0.000     0.1542E-02-0.1629E-02  0.000      0.000      0.000      0.000       0.000       0.000       0.000       0.000       0.000       0.000    
    57600.   16.91851922   17.1654   0.000       0.000      0.6790E-04   0.000     0.2570E-02-0.2638E-02  0.000      0.000      0.000      0.000       0.000       0.000       0.000       0.000       0.000       0.000    
    61200.   17.14154643   17.1730   0.000       0.000      0.8654E-05   0.000     0.5622E-02-0.5631E-02  0.000      0.000      0.000      0.000       0.000       0.000       0.000       0.000       0.000       0.000    
    64800.   17.18540623   17.1804   0.000       0.000     -0.1381E-05   0.000     0.4837E-02-0.4835E-02  0.000      0.000      0.000      0.000       0.000       0.000       0.000       0.000       0.000       0.000    
    68400.   17.21394717   17.1879   0.000       0.000     -0.7175E-05   0.000     0.4498E-02-0.4491E-02  0.000      0.000      0.000      0.000       0.000       0.000       0.000       0.000       0.000       0.000    
    72000.   17.17375319   17.1937   0.000       0.000      0.5496E-05   0.000     0.3400E-02-0.3406E-02  0.000      0.000      0.000      0.000       0.000       0.000       0.000       0.000       0.000       0.000    
    75600.   17.11403169   17.1980   0.000       0.000      0.2308E-04   0.000     0.2511E-02-0.2534E-02  0.000      0.000      0.000      0.000       0.000       0.000       0.000       0.000       0.000       0.000    
    79200.   17.24456647   17.2061   0.000       0.000     -0.1058E-04   0.000     0.4905E-02-0.4894E-02  0.000      0.000      0.000      0.000       0.000       0.000       0.000       0.000       0.000       0.000    
    82800.   17.29086913   17.2148   0.000       0.000     -0.2093E-04   0.000     0.4956E-02-0.4935E-02  0.000      0.000      0.000      0.000       0.000       0.000       0.000       0.000       0.000       0.000    
    86400.   17.33335841   17.2241   0.000       0.000     -0.3006E-04   0.000     0.5087E-02-0.5057E-02  0.000      0.000      0.000      0.000       0.000       0.000       0.000       0.000       0.000       0.000    
    90000.   17.50106033   17.2375   0.000       0.000     -0.7247E-04   0.000     0.7251E-02-0.7179E-02  0.000      0.000      0.000      0.000       0.000       0.000       0.000       0.000       0.000       0.000    
    93600.   17.89782631   17.2609   0.000       0.000     -0.1752E-03   0.000     0.1229E-01-0.1212E-01  0.000      0.000      0.000      0.000       0.000       0.000       0.000       0.000       0.000       0.000    
    97200.   17.86763493   17.2806   0.000       0.000     -0.1614E-03   0.000     0.9027E-02-0.8866E-02  0.000      0.000      0.000      0.000       0.000       0.000       0.000       0.000       0.000       0.000    
   100800.   17.61813273   17.2924   0.000       0.000     -0.8957E-04   0.000     0.4244E-02-0.4154E-02  0.000      0.000      0.000      0.000       0.000       0.000       0.000       0.000       0.000       0.000    
   104400.   17.44397685   17.3004   0.000       0.000     -0.3949E-04   0.000     0.2604E-02-0.2564E-02  0.000      0.000      0.000      0.000       0.000       0.000       0.000       0.000       0.000       0.000    
   108000.   17.34513174   17.3066   0.000       0.000     -0.1060E-04   0.000     0.2392E-02-0.2382E-02  0.000      0.000      0.000      0.000       0.000       0.000       0.000       0.000       0.000       0.000    
   111600.   17.23336635   17.3104   0.000       0.000      0.2119E-04   0.000     0.1632E-02-0.1653E-02  0.000      0.000      0.000      0.000       0.000       0.000       0.000       0.000       0.000       0.000    
   115200.   17.13486362   17.3123   0.000       0.000      0.4878E-04   0.000     0.1050E-02-0.1099E-02  0.000      0.000      0.000      0.000       0.000       0.000       0.000       0.000       0.000       0.000    
   118800.   17.05485162   17.3126   0.000       0.000      0.7087E-04   0.000     0.6828E-03-0.7537E-03  0.000      0.000      0.000      0.000       0.000       0.000       0.000       0.000       0.000       0.000    
   122400.   17.03491504   17.3129   0.000       0.000      0.7646E-04   0.000     0.1133E-02-0.1209E-02  0.000      0.000      0.000      0.000       0.000       0.000       0.000       0.000       0.000       0.000    
   126000.   16.97621325   17.3120   0.000       0.000      0.9233E-04   0.000     0.5847E-03-0.6771E-03  0.000      0.000      0.000      0.000       0.000       0.000       0.000       0.000       0.000       0.000    
   129600.   17.05020467   17.3135   0.000       0.000      0.7240E-04   0.000     0.2222E-02-0.2294E-02  0.000      0.000      0.000      0.000       0.000       0.000       0.000       0.000       0.000       0.000    
   133200.   17.00762446   17.3135   0.000       0.000      0.8411E-04   0.000     0.1278E-02-0.1362E-02  0.000      0.000      0.000      0.000       0.000       0.000       0.000       0.000       0.000       0.000    
   136800.   16.98247644   17.3129   0.000       0.000      0.9087E-04   0.000     0.1039E-02-0.1130E-02  0.000      0.000      0.000      0.000       0.000       0.000       0.000       0.000       0.000       0.000    
   140400.   16.93140186   17.3111   0.000       0.000      0.1044E-03   0.000     0.4418E-03-0.5462E-03  0.000      0.000      0.000      0.000       0.000       0.000       0.000       0.000       0.000       0.000    
   144000.   16.90806309   17.3090   0.000       0.000      0.1103E-03   0.000     0.4496E-03-0.5598E-03  0.000      0.000      0.000      0.000       0.000       0.000       0.000       0.000       0.000       0.000    
   147600.   16.89286401   17.3068   0.000       0.000      0.1138E-03   0.000     0.4846E-03-0.5984E-03  0.000      0.000      0.000      0.000       0.000       0.000       0.000       0.000       0.000       0.000    
   151200.   16.88256829   17.3044   0.000       0.000      0.1160E-03   0.000     0.5148E-03-0.6308E-03  0.000      0.000      0.000      0.000       0.000       0.000       0.000       0.000       0.000       0.000    
   154800.   16.87546538   17.3020   0.000       0.000      0.1173E-03   0.000     0.5407E-03-0.6580E-03  0.000      0.000      0.000      0.000       0.000       0.000       0.000       0.000       0.000       0.000    
   158400.   16.89620560   17.3003   0.000       0.000      0.1111E-03   0.000     0.9690E-03-0.1080E-02  0.000      0.000      0.000      0.000       0.000       0.000       0.000       0.000       0.000       0.000    
   162000.   17.00605908   17.3016   0.000       0.000      0.8126E-04   0.000     0.2618E-02-0.2699E-02  0.000      0.000      0.000      0.000       0.000       0.000       0.000       0.000       0.000       0.000    
   165600.   17.02505668   17.3027   0.000       0.000      0.7637E-04   0.000     0.2251E-02-0.2327E-02  0.000      0.000      0.000      0.000       0.000       0.000       0.000       0.000       0.000       0.000    
   169200.   16.95341430   17.3017   0.000       0.000      0.9577E-04   0.000     0.7824E-03-0.8782E-03  0.000      0.000      0.000      0.000       0.000       0.000       0.000       0.000       0.000       0.000    
   172800.   16.91787989   17.2999   0.000       0.000      0.1051E-03   0.000     0.5294E-03-0.6345E-03  0.000      0.000      0.000      0.000       0.000       0.000       0.000       0.000       0.000       0.000    
