TOTIM (T)      HCON          HMAT      QDIR      QWELL        QMAT       QCADS      QTUB1      QTUB2      QTUB3      QTUB4      QTUB5      QTUB6       NSTOR        QFIX        QLH     FHLQ (LQ)        CAUCHY   CAUCHY (LQ)
     3600.   16.86898557   16.9060   0.000       0.000      0.1017E-04   0.000     0.4571E-02 0.2528E-02-0.7109E-02  0.000      0.000      0.000       0.000       0.000       0.000       0.000       0.000       0.000    
     7200.   16.84345183   16.9053   0.000       0.000      0.1700E-04   0.000     0.3976E-02 0.2245E-02-0.6238E-02  0.000      0.000      0.000       0.000       0.000       0.000       0.000       0.000       0.000    
    10800.   16.83340077   16.9044   0.000       0.000      0.1953E-04   0.000     0.4053E-02 0.2289E-02-0.6361E-02  0.000      0.000      0.000       0.000       0.000       0.000       0.000       0.000       0.000    
    14400.   16.82702032   16.9035   0.000       0.000      0.2103E-04   0.000     0.4131E-02 0.2332E-02-0.6484E-02  0.000      0.000      0.000       0.000       0.000       0.000       0.000       0.000       0.000    
    18000.   16.82262915   16.9025   0.000       0.000      0.2197E-04   0.000     0.4188E-02 0.2362E-02-0.6572E-02  0.000      0.000      0.000       0.000       0.000       0.000       0.000       0.000       0.000    
    21600.   16.81955079   16.9015   0.000       0.000      0.2254E-04   0.000     0.4227E-02 0.2383E-02-0.6632E-02  0.000      0.000      0.000       0.000       0.000       0.000       0.000       0.000       0.000    
    25200.   16.81740644   16.9005   0.000       0.000      0.2285E-04   0.000     0.4253E-02 0.2397E-02-0.6673E-02  0.000      0.000      0.000       0.000       0.000       0.000       0.000       0.000       0.000    
    28800.   16.81583286   16.8995   0.000       0.000      0.2300E-04   0.000     0.4273E-02 0.2407E-02-0.6703E-02  0.000      0.000      0.000       0.000       0.000       0.000       0.000       0.000       0.000    
    32400.   16.81470613   16.8985   0.000       0.000      0.2303E-04   0.000     0.4286E-02 0.2414E-02-0.6722E-02  0.000      0.000      0.000       0.000       0.000       0.000       0.000       0.000       0.000    
    36000.   16.81381672   16.8974   0.000       0.000      0.2300E-04   0.000     0.4296E-02 0.2419E-02-0.6738E-02  0.000      0.000      0.000       0.000       0.000       0.000       0.000       0.000       0.000    
    39600.   16.81308968   16.8964   0.000       0.000      0.2292E-04   0.000     0.4304E-02 0.2423E-02-0.6749E-02  0.000      0.000      0.000       0.000       0.000       0.000       0.000       0.000       0.000    
    43200.   16.83813187   16.8961   0.000       0.000      0.1595E-04   0.000     0.4903E-02 0.2707E-02-0.7627E-02  0.000      0.000      0.000       0.000       0.000       0.000       0.000       0.000       0.000    
    46800.   16.84773743   16.8960   0.000       0.000      0.1327E-04   0.000     0.4831E-02 0.2665E-02-0.7509E-02  0.000      0.000      0.000       0.000       0.000       0.000       0.000       0.000       0.000    
    50400.   16.82807464   16.8952   0.000       0.000      0.1846E-04   0.000     0.4162E-02 0.2342E-02-0.6522E-02  0.000      0.000      0.000       0.000       0.000       0.000       0.000       0.000       0.000    
    54000.   16.84763888   16.8951   0.000       0.000      0.1305E-04   0.000     0.4780E-02 0.2639E-02-0.7432E-02  0.000      0.000      0.000       0.000       0.000       0.000       0.000       0.000       0.000    
    57600.   16.91851400   16.8969   0.000       0.000     -0.5957E-05   0.000     0.6221E-02 0.3319E-02-0.9534E-02  0.000      0.000      0.000       0.000       0.000       0.000       0.000       0.000       0.000    
    61200.   17.14147373   16.9044   0.000       0.000     -0.6518E-04   0.000     0.9245E-02 0.6437E-02-0.1562E-01  0.000      0.000      0.000       0.000       0.000       0.000       0.000       0.000       0.000    
    64800.   17.18535663   16.9118   0.000       0.000     -0.7522E-04   0.000     0.7471E-02 0.5179E-02-0.1257E-01  0.000      0.000      0.000       0.000       0.000       0.000       0.000       0.000       0.000    
    68400.   17.21390646   16.9193   0.000       0.000     -0.8102E-04   0.000     0.6666E-02 0.4607E-02-0.1119E-01  0.000      0.000      0.000       0.000       0.000       0.000       0.000       0.000       0.000    
    72000.   17.17372946   16.9252   0.000       0.000     -0.6834E-04   0.000     0.5078E-02 0.3499E-02-0.8509E-02  0.000      0.000      0.000       0.000       0.000       0.000       0.000       0.000       0.000    
    75600.   17.11401727   16.9295   0.000       0.000     -0.5075E-04   0.000     0.4031E-02 0.2779E-02-0.6760E-02  0.000      0.000      0.000       0.000       0.000       0.000       0.000       0.000       0.000    
    79200.   17.24451782   16.9376   0.000       0.000     -0.8439E-04   0.000     0.7306E-02 0.5056E-02-0.1228E-01  0.000      0.000      0.000       0.000       0.000       0.000       0.000       0.000       0.000    
    82800.   17.29082237   16.9464   0.000       0.000     -0.9473E-04   0.000     0.7051E-02 0.4869E-02-0.1183E-01  0.000      0.000      0.000       0.000       0.000       0.000       0.000       0.000       0.000    
    86400.   17.33331132   16.9557   0.000       0.000     -0.1038E-03   0.000     0.6991E-02 0.4820E-02-0.1171E-01  0.000      0.000      0.000       0.000       0.000       0.000       0.000       0.000       0.000    
    90000.   17.50096214   16.9693   0.000       0.000     -0.1462E-03   0.000     0.9549E-02 0.6599E-02-0.1600E-01  0.000      0.000      0.000       0.000       0.000       0.000       0.000       0.000       0.000    
    93600.   17.89751575   16.9927   0.000       0.000     -0.2488E-03   0.000     0.1537E-01 0.1065E-01-0.2577E-01  0.000      0.000      0.000       0.000       0.000       0.000       0.000       0.000       0.000    
    97200.   17.86749024   17.0125   0.000       0.000     -0.2351E-03   0.000     0.9845E-02 0.6749E-02-0.1636E-01  0.000      0.000      0.000       0.000       0.000       0.000       0.000       0.000       0.000    
   100800.   17.61811182   17.0245   0.000       0.000     -0.1632E-03   0.000     0.2624E-02 0.3174E-02-0.5634E-02  0.000      0.000      0.000       0.000       0.000       0.000       0.000       0.000       0.000    
   104400.   17.44397214   17.0326   0.000       0.000     -0.1131E-03   0.000     0.2394E-02 0.1164E-02-0.3445E-02  0.000      0.000      0.000       0.000       0.000       0.000       0.000       0.000       0.000    
   108000.   17.34512675   17.0390   0.000       0.000     -0.8418E-04   0.000     0.3009E-02 0.1536E-02-0.4461E-02  0.000      0.000      0.000       0.000       0.000       0.000       0.000       0.000       0.000    
   111600.   17.23336332   17.0430   0.000       0.000     -0.5235E-04   0.000     0.2585E-02 0.1394E-02-0.3927E-02  0.000      0.000      0.000       0.000       0.000       0.000       0.000       0.000       0.000    
   115200.   17.13486161   17.0450   0.000       0.000     -0.2471E-04   0.000     0.2381E-02 0.1353E-02-0.3709E-02  0.000      0.000      0.000       0.000       0.000       0.000       0.000       0.000       0.000    
   118800.   17.05484984   17.0455   0.000       0.000     -0.2576E-05   0.000     0.2421E-02 0.1422E-02-0.3841E-02  0.000      0.000      0.000       0.000       0.000       0.000       0.000       0.000       0.000    
   122400.   17.03491230   17.0460   0.000       0.000      0.3056E-05   0.000     0.3559E-02 0.2004E-02-0.5566E-02  0.000      0.000      0.000       0.000       0.000       0.000       0.000       0.000       0.000    
   126000.   16.97621122   17.0452   0.000       0.000      0.1897E-04   0.000     0.2995E-02 0.1757E-02-0.4770E-02  0.000      0.000      0.000       0.000       0.000       0.000       0.000       0.000       0.000    
   129600.   17.05020000   17.0468   0.000       0.000     -0.9227E-06   0.000     0.5669E-02 0.3052E-02-0.8721E-02  0.000      0.000      0.000       0.000       0.000       0.000       0.000       0.000       0.000    
   133200.   17.00762130   17.0470   0.000       0.000      0.1082E-04   0.000     0.4129E-02 0.2307E-02-0.6447E-02  0.000      0.000      0.000       0.000       0.000       0.000       0.000       0.000       0.000    
   136800.   16.98247359   17.0466   0.000       0.000      0.1763E-04   0.000     0.3884E-02 0.2199E-02-0.6101E-02  0.000      0.000      0.000       0.000       0.000       0.000       0.000       0.000       0.000    
   140400.   16.93139985   17.0449   0.000       0.000      0.3122E-04   0.000     0.3137E-02 0.1855E-02-0.5023E-02  0.000      0.000      0.000       0.000       0.000       0.000       0.000       0.000       0.000    
   144000.   16.90806093   17.0430   0.000       0.000      0.3710E-04   0.000     0.3368E-02 0.1983E-02-0.5388E-02  0.000      0.000      0.000       0.000       0.000       0.000       0.000       0.000       0.000    
   147600.   16.89286172   17.0408   0.000       0.000      0.4069E-04   0.000     0.3569E-02 0.2092E-02-0.5702E-02  0.000      0.000      0.000       0.000       0.000       0.000       0.000       0.000       0.000    
   151200.   16.88256590   17.0386   0.000       0.000      0.4290E-04   0.000     0.3711E-02 0.2168E-02-0.5921E-02  0.000      0.000      0.000       0.000       0.000       0.000       0.000       0.000       0.000    
   154800.   16.87546291   17.0363   0.000       0.000      0.4422E-04   0.000     0.3811E-02 0.2221E-02-0.6076E-02  0.000      0.000      0.000       0.000       0.000       0.000       0.000       0.000       0.000    
   158400.   16.89620246   17.0346   0.000       0.000      0.3806E-04   0.000     0.4475E-02 0.2540E-02-0.7053E-02  0.000      0.000      0.000       0.000       0.000       0.000       0.000       0.000       0.000    
   162000.   17.00605196   17.0360   0.000       0.000      0.8237E-05   0.000     0.6147E-02 0.4307E-02-0.1046E-01  0.000      0.000      0.000       0.000       0.000       0.000       0.000       0.000       0.000    
   165600.   17.02505076   17.0373   0.000       0.000      0.3364E-05   0.000     0.5308E-02 0.3716E-02-0.9027E-02  0.000      0.000      0.000       0.000       0.000       0.000       0.000       0.000       0.000    
   169200.   16.95341145   17.0363   0.000       0.000      0.2279E-04   0.000     0.3252E-02 0.2303E-02-0.5578E-02  0.000      0.000      0.000       0.000       0.000       0.000       0.000       0.000       0.000    
   172800.   16.91787736   17.0346   0.000       0.000      0.3210E-04   0.000     0.3098E-02 0.2206E-02-0.5336E-02  0.000      0.000      0.000       0.000       0.000       0.000       0.000       0.000       0.000    
