TOTIM (T)      HCON          HMAT      QDIR      QWELL        QMAT       QCADS      QTUB1      QTUB2      QTUB3      QTUB4      QTUB5      QTUB6       NSTOR        QFIX        QLH     FHLQ (LQ)        CAUCHY   CAUCHY (LQ)
     3600.   16.86898613   16.9366   0.000       0.000      0.1858E-04   0.000     0.4047E-02-0.4066E-02  0.000      0.000      0.000      0.000       0.000       0.000       0.000       0.000       0.000       0.000    
     7200.   16.84345230   16.9358   0.000       0.000      0.2541E-04   0.000     0.3409E-02-0.3434E-02  0.000      0.000      0.000      0.000       0.000       0.000       0.000       0.000       0.000       0.000    
    10800.   16.83340126   16.9350   0.000       0.000      0.2794E-04   0.000     0.3469E-02-0.3497E-02  0.000      0.000      0.000      0.000       0.000       0.000       0.000       0.000       0.000       0.000    
    14400.   16.82702081   16.9341   0.000       0.000      0.2944E-04   0.000     0.3538E-02-0.3568E-02  0.000      0.000      0.000      0.000       0.000       0.000       0.000       0.000       0.000       0.000    
    18000.   16.82262965   16.9331   0.000       0.000      0.3038E-04   0.000     0.3588E-02-0.3619E-02  0.000      0.000      0.000      0.000       0.000       0.000       0.000       0.000       0.000       0.000    
    21600.   16.81955130   16.9321   0.000       0.000      0.3096E-04   0.000     0.3624E-02-0.3655E-02  0.000      0.000      0.000      0.000       0.000       0.000       0.000       0.000       0.000       0.000    
    25200.   16.81740695   16.9311   0.000       0.000      0.3127E-04   0.000     0.3648E-02-0.3680E-02  0.000      0.000      0.000      0.000       0.000       0.000       0.000       0.000       0.000       0.000    
    28800.   16.81583337   16.9301   0.000       0.000      0.3142E-04   0.000     0.3667E-02-0.3698E-02  0.000      0.000      0.000      0.000       0.000       0.000       0.000       0.000       0.000       0.000    
    32400.   16.81470664   16.9291   0.000       0.000      0.3145E-04   0.000     0.3679E-02-0.3711E-02  0.000      0.000      0.000      0.000       0.000       0.000       0.000       0.000       0.000       0.000    
    36000.   16.81381724   16.9281   0.000       0.000      0.3142E-04   0.000     0.3690E-02-0.3721E-02  0.000      0.000      0.000      0.000       0.000       0.000       0.000       0.000       0.000       0.000    
    39600.   16.81309019   16.9271   0.000       0.000      0.3134E-04   0.000     0.3699E-02-0.3730E-02  0.000      0.000      0.000      0.000       0.000       0.000       0.000       0.000       0.000       0.000    
    43200.   16.83813247   16.9268   0.000       0.000      0.2438E-04   0.000     0.4342E-02-0.4366E-02  0.000      0.000      0.000      0.000       0.000       0.000       0.000       0.000       0.000       0.000    
    46800.   16.84773802   16.9267   0.000       0.000      0.2170E-04   0.000     0.4287E-02-0.4308E-02  0.000      0.000      0.000      0.000       0.000       0.000       0.000       0.000       0.000       0.000    
    50400.   16.82807514   16.9259   0.000       0.000      0.2690E-04   0.000     0.3586E-02-0.3613E-02  0.000      0.000      0.000      0.000       0.000       0.000       0.000       0.000       0.000       0.000    
    54000.   16.84763946   16.9258   0.000       0.000      0.2149E-04   0.000     0.4237E-02-0.4258E-02  0.000      0.000      0.000      0.000       0.000       0.000       0.000       0.000       0.000       0.000    
    57600.   16.91851477   16.9275   0.000       0.000      0.2484E-05   0.000     0.5798E-02-0.5801E-02  0.000      0.000      0.000      0.000       0.000       0.000       0.000       0.000       0.000       0.000    
    61200.   17.14148783   16.9351   0.000       0.000     -0.5675E-04   0.000     0.1035E-01-0.1030E-01  0.000      0.000      0.000      0.000       0.000       0.000       0.000       0.000       0.000       0.000    
    64800.   17.18536592   16.9425   0.000       0.000     -0.6679E-04   0.000     0.8415E-02-0.8349E-02  0.000      0.000      0.000      0.000       0.000       0.000       0.000       0.000       0.000       0.000    
    68400.   17.21391390   16.9500   0.000       0.000     -0.7258E-04   0.000     0.7545E-02-0.7473E-02  0.000      0.000      0.000      0.000       0.000       0.000       0.000       0.000       0.000       0.000    
    72000.   17.17373371   16.9559   0.000       0.000     -0.5992E-04   0.000     0.5652E-02-0.5592E-02  0.000      0.000      0.000      0.000       0.000       0.000       0.000       0.000       0.000       0.000    
    75600.   17.11401986   16.9601   0.000       0.000     -0.4233E-04   0.000     0.4337E-02-0.4295E-02  0.000      0.000      0.000      0.000       0.000       0.000       0.000       0.000       0.000       0.000    
    79200.   17.24452678   16.9682   0.000       0.000     -0.7599E-04   0.000     0.8296E-02-0.8220E-02  0.000      0.000      0.000      0.000       0.000       0.000       0.000       0.000       0.000       0.000    
    82800.   17.29083081   16.9769   0.000       0.000     -0.8634E-04   0.000     0.8085E-02-0.7999E-02  0.000      0.000      0.000      0.000       0.000       0.000       0.000       0.000       0.000       0.000    
    86400.   17.33331970   16.9862   0.000       0.000     -0.9547E-04   0.000     0.8084E-02-0.7989E-02  0.000      0.000      0.000      0.000       0.000       0.000       0.000       0.000       0.000       0.000    
    90000.   17.50097817   16.9997   0.000       0.000     -0.1379E-03   0.000     0.1130E-01-0.1117E-01  0.000      0.000      0.000      0.000       0.000       0.000       0.000       0.000       0.000       0.000    
    93600.   17.89755848   17.0230   0.000       0.000     -0.2405E-03   0.000     0.1868E-01-0.1844E-01  0.000      0.000      0.000      0.000       0.000       0.000       0.000       0.000       0.000       0.000    
    97200.   17.86750843   17.0427   0.000       0.000     -0.2268E-03   0.000     0.1231E-01-0.1208E-01  0.000      0.000      0.000      0.000       0.000       0.000       0.000       0.000       0.000       0.000    
   100800.   17.61811400   17.0545   0.000       0.000     -0.1550E-03   0.000     0.4555E-02-0.4400E-02  0.000      0.000      0.000      0.000       0.000       0.000       0.000       0.000       0.000       0.000    
   104400.   17.44397246   17.0625   0.000       0.000     -0.1049E-03   0.000     0.2668E-02-0.2563E-02  0.000      0.000      0.000      0.000       0.000       0.000       0.000       0.000       0.000       0.000    
   108000.   17.34512714   17.0687   0.000       0.000     -0.7602E-04   0.000     0.3096E-02-0.3020E-02  0.000      0.000      0.000      0.000       0.000       0.000       0.000       0.000       0.000       0.000    
   111600.   17.23336364   17.0725   0.000       0.000     -0.4423E-04   0.000     0.2468E-02-0.2424E-02  0.000      0.000      0.000      0.000       0.000       0.000       0.000       0.000       0.000       0.000    
   115200.   17.13486189   17.0744   0.000       0.000     -0.1664E-04   0.000     0.2087E-02-0.2070E-02  0.000      0.000      0.000      0.000       0.000       0.000       0.000       0.000       0.000       0.000    
   118800.   17.05485012   17.0747   0.000       0.000      0.5449E-05   0.000     0.1985E-02-0.1990E-02  0.000      0.000      0.000      0.000       0.000       0.000       0.000       0.000       0.000       0.000    
   122400.   17.03491273   17.0750   0.000       0.000      0.1104E-04   0.000     0.3085E-02-0.3096E-02  0.000      0.000      0.000      0.000       0.000       0.000       0.000       0.000       0.000       0.000    
   126000.   16.97621156   17.0741   0.000       0.000      0.2691E-04   0.000     0.2419E-02-0.2446E-02  0.000      0.000      0.000      0.000       0.000       0.000       0.000       0.000       0.000       0.000    
   129600.   17.05020070   17.0756   0.000       0.000      0.6977E-05   0.000     0.5218E-02-0.5225E-02  0.000      0.000      0.000      0.000       0.000       0.000       0.000       0.000       0.000       0.000    
   133200.   17.00762180   17.0756   0.000       0.000      0.1868E-04   0.000     0.3605E-02-0.3624E-02  0.000      0.000      0.000      0.000       0.000       0.000       0.000       0.000       0.000       0.000    
   136800.   16.98247405   17.0750   0.000       0.000      0.2545E-04   0.000     0.3317E-02-0.3343E-02  0.000      0.000      0.000      0.000       0.000       0.000       0.000       0.000       0.000       0.000    
   140400.   16.93140020   17.0732   0.000       0.000      0.3901E-04   0.000     0.2484E-02-0.2523E-02  0.000      0.000      0.000      0.000       0.000       0.000       0.000       0.000       0.000       0.000    
   144000.   16.90806132   17.0712   0.000       0.000      0.4485E-04   0.000     0.2676E-02-0.2721E-02  0.000      0.000      0.000      0.000       0.000       0.000       0.000       0.000       0.000       0.000    
   147600.   16.89286213   17.0689   0.000       0.000      0.4841E-04   0.000     0.2855E-02-0.2903E-02  0.000      0.000      0.000      0.000       0.000       0.000       0.000       0.000       0.000       0.000    
   151200.   16.88256633   17.0665   0.000       0.000      0.5059E-04   0.000     0.2982E-02-0.3032E-02  0.000      0.000      0.000      0.000       0.000       0.000       0.000       0.000       0.000       0.000    
   154800.   16.87546336   17.0641   0.000       0.000      0.5188E-04   0.000     0.3074E-02-0.3126E-02  0.000      0.000      0.000      0.000       0.000       0.000       0.000       0.000       0.000       0.000    
   158400.   16.89620299   17.0624   0.000       0.000      0.4570E-04   0.000     0.3777E-02-0.3822E-02  0.000      0.000      0.000      0.000       0.000       0.000       0.000       0.000       0.000       0.000    
   162000.   17.00605434   17.0637   0.000       0.000      0.1585E-04   0.000     0.6300E-02-0.6316E-02  0.000      0.000      0.000      0.000       0.000       0.000       0.000       0.000       0.000       0.000    
   165600.   17.02505260   17.0649   0.000       0.000      0.1095E-04   0.000     0.5388E-02-0.5399E-02  0.000      0.000      0.000      0.000       0.000       0.000       0.000       0.000       0.000       0.000    
   169200.   16.95341224   17.0638   0.000       0.000      0.3035E-04   0.000     0.2928E-02-0.2958E-02  0.000      0.000      0.000      0.000       0.000       0.000       0.000       0.000       0.000       0.000    
   172800.   16.91787808   17.0620   0.000       0.000      0.3964E-04   0.000     0.2686E-02-0.2726E-02  0.000      0.000      0.000      0.000       0.000       0.000       0.000       0.000       0.000       0.000    
