TOTIM (T)      HCON          HMAT      QDIR      QWELL        QMAT       QCADS      QTUB1      QTUB2      QTUB3      QTUB4      QTUB5      QTUB6       NSTOR        QFIX        QLH     FHLQ (LQ)        CAUCHY   CAUCHY (LQ)
     3600.   16.86898310   16.5722   0.000       0.000     -0.8163E-04   0.000     0.6963E-02-0.6881E-02  0.000      0.000      0.000      0.000       0.000       0.000       0.000       0.000       0.000       0.000    
     7200.   16.84344965   16.5714   0.000       0.000     -0.7480E-04   0.000     0.6139E-02-0.6064E-02  0.000      0.000      0.000      0.000       0.000       0.000       0.000       0.000       0.000       0.000    
    10800.   16.83339855   16.5706   0.000       0.000     -0.7227E-04   0.000     0.6280E-02-0.6208E-02  0.000      0.000      0.000      0.000       0.000       0.000       0.000       0.000       0.000       0.000    
    14400.   16.82701805   16.5697   0.000       0.000     -0.7077E-04   0.000     0.6414E-02-0.6343E-02  0.000      0.000      0.000      0.000       0.000       0.000       0.000       0.000       0.000       0.000    
    18000.   16.82262686   16.5687   0.000       0.000     -0.6983E-04   0.000     0.6508E-02-0.6438E-02  0.000      0.000      0.000      0.000       0.000       0.000       0.000       0.000       0.000       0.000    
    21600.   16.81954848   16.5677   0.000       0.000     -0.6926E-04   0.000     0.6572E-02-0.6503E-02  0.000      0.000      0.000      0.000       0.000       0.000       0.000       0.000       0.000       0.000    
    25200.   16.81740411   16.5667   0.000       0.000     -0.6895E-04   0.000     0.6615E-02-0.6546E-02  0.000      0.000      0.000      0.000       0.000       0.000       0.000       0.000       0.000       0.000    
    28800.   16.81583052   16.5657   0.000       0.000     -0.6879E-04   0.000     0.6646E-02-0.6577E-02  0.000      0.000      0.000      0.000       0.000       0.000       0.000       0.000       0.000       0.000    
    32400.   16.81470378   16.5647   0.000       0.000     -0.6876E-04   0.000     0.6666E-02-0.6597E-02  0.000      0.000      0.000      0.000       0.000       0.000       0.000       0.000       0.000       0.000    
    36000.   16.81381437   16.5637   0.000       0.000     -0.6879E-04   0.000     0.6681E-02-0.6612E-02  0.000      0.000      0.000      0.000       0.000       0.000       0.000       0.000       0.000       0.000    
    39600.   16.81308732   16.5626   0.000       0.000     -0.6887E-04   0.000     0.6692E-02-0.6623E-02  0.000      0.000      0.000      0.000       0.000       0.000       0.000       0.000       0.000       0.000    
    43200.   16.83810966   16.5624   0.000       0.000     -0.7583E-04   0.000     0.7521E-02-0.7445E-02  0.000      0.000      0.000      0.000       0.000       0.000       0.000       0.000       0.000       0.000    
    46800.   16.84771595   16.5622   0.000       0.000     -0.7851E-04   0.000     0.7384E-02-0.7306E-02  0.000      0.000      0.000      0.000       0.000       0.000       0.000       0.000       0.000       0.000    
    50400.   16.82805828   16.5615   0.000       0.000     -0.7331E-04   0.000     0.6434E-02-0.6361E-02  0.000      0.000      0.000      0.000       0.000       0.000       0.000       0.000       0.000       0.000    
    54000.   16.84761783   16.5613   0.000       0.000     -0.7873E-04   0.000     0.7305E-02-0.7227E-02  0.000      0.000      0.000      0.000       0.000       0.000       0.000       0.000       0.000       0.000    
    57600.   16.91848001   16.5631   0.000       0.000     -0.9772E-04   0.000     0.9275E-02-0.9177E-02  0.000      0.000      0.000      0.000       0.000       0.000       0.000       0.000       0.000       0.000    
    61200.   17.14138512   16.5707   0.000       0.000     -0.1569E-03   0.000     0.1494E-01-0.1479E-01  0.000      0.000      0.000      0.000       0.000       0.000       0.000       0.000       0.000       0.000    
    64800.   17.18529983   16.5781   0.000       0.000     -0.1670E-03   0.000     0.1183E-01-0.1166E-01  0.000      0.000      0.000      0.000       0.000       0.000       0.000       0.000       0.000       0.000    
    68400.   17.21386181   16.5855   0.000       0.000     -0.1728E-03   0.000     0.1041E-01-0.1023E-01  0.000      0.000      0.000      0.000       0.000       0.000       0.000       0.000       0.000       0.000    
    72000.   17.17370373   16.5914   0.000       0.000     -0.1601E-03   0.000     0.7813E-02-0.7652E-02  0.000      0.000      0.000      0.000       0.000       0.000       0.000       0.000       0.000       0.000    
    75600.   17.11400092   16.5957   0.000       0.000     -0.1425E-03   0.000     0.6187E-02-0.6044E-02  0.000      0.000      0.000      0.000       0.000       0.000       0.000       0.000       0.000       0.000    
    79200.   17.24446399   16.6038   0.000       0.000     -0.1762E-03   0.000     0.1147E-01-0.1129E-01  0.000      0.000      0.000      0.000       0.000       0.000       0.000       0.000       0.000       0.000    
    82800.   17.29077281   16.6125   0.000       0.000     -0.1865E-03   0.000     0.1095E-01-0.1076E-01  0.000      0.000      0.000      0.000       0.000       0.000       0.000       0.000       0.000       0.000    
    86400.   17.33326304   16.6218   0.000       0.000     -0.1957E-03   0.000     0.1076E-01-0.1057E-01  0.000      0.000      0.000      0.000       0.000       0.000       0.000       0.000       0.000       0.000    
    90000.   17.50087233   16.6353   0.000       0.000     -0.2380E-03   0.000     0.1476E-01-0.1452E-01  0.000      0.000      0.000      0.000       0.000       0.000       0.000       0.000       0.000       0.000    
    93600.   17.89728428   16.6586   0.000       0.000     -0.3406E-03   0.000     0.2381E-01-0.2347E-01  0.000      0.000      0.000      0.000       0.000       0.000       0.000       0.000       0.000       0.000    
    97200.   17.86739982   16.6783   0.000       0.000     -0.3270E-03   0.000     0.1449E-01-0.1417E-01  0.000      0.000      0.000      0.000       0.000       0.000       0.000       0.000       0.000       0.000    
   100800.   17.61810293   16.6902   0.000       0.000     -0.2552E-03   0.000     0.4273E-02-0.4018E-02  0.000      0.000      0.000      0.000       0.000       0.000       0.000       0.000       0.000       0.000    
   104400.   17.44397110   16.6982   0.000       0.000     -0.2051E-03   0.000     0.2434E-02-0.2229E-02  0.000      0.000      0.000      0.000       0.000       0.000       0.000       0.000       0.000       0.000    
   108000.   17.34512532   16.7044   0.000       0.000     -0.1762E-03   0.000     0.3652E-02-0.3476E-02  0.000      0.000      0.000      0.000       0.000       0.000       0.000       0.000       0.000       0.000    
   111600.   17.23336203   16.7083   0.000       0.000     -0.1444E-03   0.000     0.3340E-02-0.3196E-02  0.000      0.000      0.000      0.000       0.000       0.000       0.000       0.000       0.000       0.000    
   115200.   17.13486037   16.7101   0.000       0.000     -0.1168E-03   0.000     0.3316E-02-0.3199E-02  0.000      0.000      0.000      0.000       0.000       0.000       0.000       0.000       0.000       0.000    
   118800.   17.05484853   16.7104   0.000       0.000     -0.9471E-04   0.000     0.3602E-02-0.3508E-02  0.000      0.000      0.000      0.000       0.000       0.000       0.000       0.000       0.000       0.000    
   122400.   17.03491038   16.7108   0.000       0.000     -0.8912E-04   0.000     0.5367E-02-0.5277E-02  0.000      0.000      0.000      0.000       0.000       0.000       0.000       0.000       0.000       0.000    
   126000.   16.97620955   16.7099   0.000       0.000     -0.7324E-04   0.000     0.4682E-02-0.4609E-02  0.000      0.000      0.000      0.000       0.000       0.000       0.000       0.000       0.000       0.000    
   129600.   17.05017145   16.7114   0.000       0.000     -0.9317E-04   0.000     0.8493E-02-0.8400E-02  0.000      0.000      0.000      0.000       0.000       0.000       0.000       0.000       0.000       0.000    
   133200.   17.00760545   16.7114   0.000       0.000     -0.8146E-04   0.000     0.6301E-02-0.6219E-02  0.000      0.000      0.000      0.000       0.000       0.000       0.000       0.000       0.000       0.000    
   136800.   16.98245927   16.7109   0.000       0.000     -0.7469E-04   0.000     0.6002E-02-0.5928E-02  0.000      0.000      0.000      0.000       0.000       0.000       0.000       0.000       0.000       0.000    
   140400.   16.93138989   16.7091   0.000       0.000     -0.6114E-04   0.000     0.5020E-02-0.4958E-02  0.000      0.000      0.000      0.000       0.000       0.000       0.000       0.000       0.000       0.000    
   144000.   16.90804943   16.7070   0.000       0.000     -0.5529E-04   0.000     0.5425E-02-0.5370E-02  0.000      0.000      0.000      0.000       0.000       0.000       0.000       0.000       0.000       0.000    
   147600.   16.89284883   16.7047   0.000       0.000     -0.5173E-04   0.000     0.5764E-02-0.5712E-02  0.000      0.000      0.000      0.000       0.000       0.000       0.000       0.000       0.000       0.000    
   151200.   16.88255199   16.7024   0.000       0.000     -0.4955E-04   0.000     0.5999E-02-0.5949E-02  0.000      0.000      0.000      0.000       0.000       0.000       0.000       0.000       0.000       0.000    
   154800.   16.87544828   16.6999   0.000       0.000     -0.4827E-04   0.000     0.6162E-02-0.6114E-02  0.000      0.000      0.000      0.000       0.000       0.000       0.000       0.000       0.000       0.000    
   158400.   16.89618303   16.6982   0.000       0.000     -0.5445E-04   0.000     0.7096E-02-0.7042E-02  0.000      0.000      0.000      0.000       0.000       0.000       0.000       0.000       0.000       0.000    
   162000.   17.00601069   16.6995   0.000       0.000     -0.8430E-04   0.000     0.1030E-01-0.1021E-01  0.000      0.000      0.000      0.000       0.000       0.000       0.000       0.000       0.000       0.000    
   165600.   17.02502009   16.7006   0.000       0.000     -0.8921E-04   0.000     0.8827E-02-0.8738E-02  0.000      0.000      0.000      0.000       0.000       0.000       0.000       0.000       0.000       0.000    
   169200.   16.95339937   16.6995   0.000       0.000     -0.6982E-04   0.000     0.5514E-02-0.5444E-02  0.000      0.000      0.000      0.000       0.000       0.000       0.000       0.000       0.000       0.000    
   172800.   16.91786615   16.6977   0.000       0.000     -0.6053E-04   0.000     0.5336E-02-0.5276E-02  0.000      0.000      0.000      0.000       0.000       0.000       0.000       0.000       0.000       0.000    
