TOTIM (T)      HCON          HMAT      QDIR      QWELL        QMAT       QCADS      QTUB1      QTUB2      QTUB3      QTUB4      QTUB5      QTUB6       NSTOR        QFIX        QLH     FHLQ (LQ)        CAUCHY   CAUCHY (LQ)
     3600.   16.86898815   17.1567   0.000       0.000      0.7912E-04   0.000     0.1348E-02-0.1427E-02  0.000      0.000      0.000      0.000       0.000       0.000       0.000       0.000       0.000       0.000    
     7200.   16.84345396   17.1560   0.000       0.000      0.8595E-04   0.000     0.8971E-03-0.9831E-03  0.000      0.000      0.000      0.000       0.000       0.000       0.000       0.000       0.000       0.000    
    10800.   16.83340294   17.1551   0.000       0.000      0.8848E-04   0.000     0.8846E-03-0.9730E-03  0.000      0.000      0.000      0.000       0.000       0.000       0.000       0.000       0.000       0.000    
    14400.   16.82702252   17.1542   0.000       0.000      0.8998E-04   0.000     0.8937E-03-0.9837E-03  0.000      0.000      0.000      0.000       0.000       0.000       0.000       0.000       0.000       0.000    
    18000.   16.82263139   17.1533   0.000       0.000      0.9092E-04   0.000     0.9030E-03-0.9939E-03  0.000      0.000      0.000      0.000       0.000       0.000       0.000       0.000       0.000       0.000    
    21600.   16.81955305   17.1523   0.000       0.000      0.9149E-04   0.000     0.9111E-03-0.1003E-02  0.000      0.000      0.000      0.000       0.000       0.000       0.000       0.000       0.000       0.000    
    25200.   16.81740871   17.1513   0.000       0.000      0.9181E-04   0.000     0.9183E-03-0.1010E-02  0.000      0.000      0.000      0.000       0.000       0.000       0.000       0.000       0.000       0.000    
    28800.   16.81583514   17.1502   0.000       0.000      0.9196E-04   0.000     0.9250E-03-0.1017E-02  0.000      0.000      0.000      0.000       0.000       0.000       0.000       0.000       0.000       0.000    
    32400.   16.81470842   17.1492   0.000       0.000      0.9199E-04   0.000     0.9311E-03-0.1023E-02  0.000      0.000      0.000      0.000       0.000       0.000       0.000       0.000       0.000       0.000    
    36000.   16.81381902   17.1482   0.000       0.000      0.9196E-04   0.000     0.9371E-03-0.1029E-02  0.000      0.000      0.000      0.000       0.000       0.000       0.000       0.000       0.000       0.000    
    39600.   16.81309198   17.1472   0.000       0.000      0.9188E-04   0.000     0.9429E-03-0.1035E-02  0.000      0.000      0.000      0.000       0.000       0.000       0.000       0.000       0.000       0.000    
    43200.   16.83813463   17.1469   0.000       0.000      0.8492E-04   0.000     0.1398E-02-0.1483E-02  0.000      0.000      0.000      0.000       0.000       0.000       0.000       0.000       0.000       0.000    
    46800.   16.84774016   17.1468   0.000       0.000      0.8224E-04   0.000     0.1416E-02-0.1498E-02  0.000      0.000      0.000      0.000       0.000       0.000       0.000       0.000       0.000       0.000    
    50400.   16.82807689   17.1460   0.000       0.000      0.8744E-04   0.000     0.9621E-03-0.1050E-02  0.000      0.000      0.000      0.000       0.000       0.000       0.000       0.000       0.000       0.000    
    54000.   16.84764158   17.1459   0.000       0.000      0.8202E-04   0.000     0.1395E-02-0.1477E-02  0.000      0.000      0.000      0.000       0.000       0.000       0.000       0.000       0.000       0.000    
    57600.   16.91851779   17.1477   0.000       0.000      0.6302E-04   0.000     0.2537E-02-0.2600E-02  0.000      0.000      0.000      0.000       0.000       0.000       0.000       0.000       0.000       0.000    
    61200.   17.14154377   17.1553   0.000       0.000      0.3777E-05   0.000     0.5934E-02-0.5938E-02  0.000      0.000      0.000      0.000       0.000       0.000       0.000       0.000       0.000       0.000    
    64800.   17.18540399   17.1626   0.000       0.000     -0.6258E-05   0.000     0.5104E-02-0.5097E-02  0.000      0.000      0.000      0.000       0.000       0.000       0.000       0.000       0.000       0.000    
    68400.   17.21394513   17.1701   0.000       0.000     -0.1205E-04   0.000     0.4758E-02-0.4746E-02  0.000      0.000      0.000      0.000       0.000       0.000       0.000       0.000       0.000       0.000    
    72000.   17.17375163   17.1760   0.000       0.000      0.6194E-06   0.000     0.3556E-02-0.3557E-02  0.000      0.000      0.000      0.000       0.000       0.000       0.000       0.000       0.000       0.000    
    75600.   17.11403049   17.1802   0.000       0.000      0.1820E-04   0.000     0.2569E-02-0.2587E-02  0.000      0.000      0.000      0.000       0.000       0.000       0.000       0.000       0.000       0.000    
    79200.   17.24456424   17.1884   0.000       0.000     -0.1545E-04   0.000     0.5211E-02-0.5195E-02  0.000      0.000      0.000      0.000       0.000       0.000       0.000       0.000       0.000       0.000    
    82800.   17.29086692   17.1970   0.000       0.000     -0.2581E-04   0.000     0.5279E-02-0.5253E-02  0.000      0.000      0.000      0.000       0.000       0.000       0.000       0.000       0.000       0.000    
    86400.   17.33335618   17.2063   0.000       0.000     -0.3493E-04   0.000     0.5440E-02-0.5405E-02  0.000      0.000      0.000      0.000       0.000       0.000       0.000       0.000       0.000       0.000    
    90000.   17.50105400   17.2198   0.000       0.000     -0.7734E-04   0.000     0.7852E-02-0.7775E-02  0.000      0.000      0.000      0.000       0.000       0.000       0.000       0.000       0.000       0.000    
    93600.   17.89776959   17.2432   0.000       0.000     -0.1800E-03   0.000     0.1347E-01-0.1329E-01  0.000      0.000      0.000      0.000       0.000       0.000       0.000       0.000       0.000       0.000    
    97200.   17.86760667   17.2628   0.000       0.000     -0.1663E-03   0.000     0.9925E-02-0.9759E-02  0.000      0.000      0.000      0.000       0.000       0.000       0.000       0.000       0.000       0.000    
   100800.   17.61812779   17.2747   0.000       0.000     -0.9444E-04   0.000     0.4657E-02-0.4563E-02  0.000      0.000      0.000      0.000       0.000       0.000       0.000       0.000       0.000       0.000    
   104400.   17.44397505   17.2826   0.000       0.000     -0.4437E-04   0.000     0.2808E-02-0.2763E-02  0.000      0.000      0.000      0.000       0.000       0.000       0.000       0.000       0.000       0.000    
   108000.   17.34512998   17.2889   0.000       0.000     -0.1547E-04   0.000     0.2522E-02-0.2506E-02  0.000      0.000      0.000      0.000       0.000       0.000       0.000       0.000       0.000       0.000    
   111600.   17.23336559   17.2927   0.000       0.000      0.1632E-04   0.000     0.1637E-02-0.1653E-02  0.000      0.000      0.000      0.000       0.000       0.000       0.000       0.000       0.000       0.000    
   115200.   17.13486302   17.2945   0.000       0.000      0.4391E-04   0.000     0.9539E-03-0.9978E-03  0.000      0.000      0.000      0.000       0.000       0.000       0.000       0.000       0.000       0.000    
   118800.   17.05485110   17.2949   0.000       0.000      0.6600E-04   0.000     0.5123E-03-0.5783E-03  0.000      0.000      0.000      0.000       0.000       0.000       0.000       0.000       0.000       0.000    
   122400.   17.03491427   17.2952   0.000       0.000      0.7159E-04   0.000     0.9826E-03-0.1054E-02  0.000      0.000      0.000      0.000       0.000       0.000       0.000       0.000       0.000       0.000    
   126000.   16.97621269   17.2943   0.000       0.000      0.8746E-04   0.000     0.3575E-03-0.4450E-03  0.000      0.000      0.000      0.000       0.000       0.000       0.000       0.000       0.000       0.000    
   129600.   17.05020340   17.2958   0.000       0.000      0.6753E-04   0.000     0.2157E-02-0.2224E-02  0.000      0.000      0.000      0.000       0.000       0.000       0.000       0.000       0.000       0.000    
   133200.   17.00762359   17.2958   0.000       0.000      0.7924E-04   0.000     0.1113E-02-0.1192E-02  0.000      0.000      0.000      0.000       0.000       0.000       0.000       0.000       0.000       0.000    
   136800.   16.98247566   17.2952   0.000       0.000      0.8601E-04   0.000     0.8462E-03-0.9322E-03  0.000      0.000      0.000      0.000       0.000       0.000       0.000       0.000       0.000       0.000    
   140400.   16.93140132   17.2934   0.000       0.000      0.9956E-04   0.000     0.1766E-03-0.2762E-03  0.000      0.000      0.000      0.000       0.000       0.000       0.000       0.000       0.000       0.000    
   144000.   16.90806251   17.2914   0.000       0.000      0.1054E-03   0.000     0.1739E-03-0.2794E-03  0.000      0.000      0.000      0.000       0.000       0.000       0.000       0.000       0.000       0.000    
   147600.   16.89286340   17.2891   0.000       0.000      0.1090E-03   0.000     0.2031E-03-0.3121E-03  0.000      0.000      0.000      0.000       0.000       0.000       0.000       0.000       0.000       0.000    
   151200.   16.88256766   17.2867   0.000       0.000      0.1111E-03   0.000     0.2301E-03-0.3413E-03  0.000      0.000      0.000      0.000       0.000       0.000       0.000       0.000       0.000       0.000    
   154800.   16.87546473   17.2843   0.000       0.000      0.1124E-03   0.000     0.2547E-03-0.3671E-03  0.000      0.000      0.000      0.000       0.000       0.000       0.000       0.000       0.000       0.000    
   158400.   16.89620477   17.2826   0.000       0.000      0.1063E-03   0.000     0.7268E-03-0.8331E-03  0.000      0.000      0.000      0.000       0.000       0.000       0.000       0.000       0.000       0.000    
   162000.   17.00605757   17.2839   0.000       0.000      0.7640E-04   0.000     0.2557E-02-0.2634E-02  0.000      0.000      0.000      0.000       0.000       0.000       0.000       0.000       0.000       0.000    
   165600.   17.02505537   17.2851   0.000       0.000      0.7151E-04   0.000     0.2168E-02-0.2240E-02  0.000      0.000      0.000      0.000       0.000       0.000       0.000       0.000       0.000       0.000    
   169200.   16.95341362   17.2840   0.000       0.000      0.9091E-04   0.000     0.5549E-03-0.6458E-03  0.000      0.000      0.000      0.000       0.000       0.000       0.000       0.000       0.000       0.000    
   172800.   16.91787930   17.2822   0.000       0.000      0.1002E-03   0.000     0.2691E-03-0.3693E-03  0.000      0.000      0.000      0.000       0.000       0.000       0.000       0.000       0.000       0.000    
