TOTIM (T)      HCON          HMAT      QDIR      QWELL        QMAT       QCADS      QTUB1      QTUB2      QTUB3      QTUB4      QTUB5      QTUB6       NSTOR        QFIX        QLH     FHLQ (LQ)        CAUCHY   CAUCHY (LQ)
     3600.   16.86898751   16.9794   0.000       0.000      0.3037E-04   0.000     0.3840E-02-0.3870E-02  0.000      0.000      0.000      0.000       0.000       0.000       0.000       0.000       0.000       0.000    
     7200.   16.84345345   16.9787   0.000       0.000      0.3719E-04   0.000     0.3147E-02-0.3184E-02  0.000      0.000      0.000      0.000       0.000       0.000       0.000       0.000       0.000       0.000    
    10800.   16.83340243   16.9779   0.000       0.000      0.3973E-04   0.000     0.3187E-02-0.3227E-02  0.000      0.000      0.000      0.000       0.000       0.000       0.000       0.000       0.000       0.000    
    14400.   16.82702200   16.9769   0.000       0.000      0.4123E-04   0.000     0.3244E-02-0.3285E-02  0.000      0.000      0.000      0.000       0.000       0.000       0.000       0.000       0.000       0.000    
    18000.   16.82263086   16.9760   0.000       0.000      0.4217E-04   0.000     0.3286E-02-0.3329E-02  0.000      0.000      0.000      0.000       0.000       0.000       0.000       0.000       0.000       0.000    
    21600.   16.81955252   16.9750   0.000       0.000      0.4274E-04   0.000     0.3317E-02-0.3360E-02  0.000      0.000      0.000      0.000       0.000       0.000       0.000       0.000       0.000       0.000    
    25200.   16.81740818   16.9740   0.000       0.000      0.4305E-04   0.000     0.3339E-02-0.3382E-02  0.000      0.000      0.000      0.000       0.000       0.000       0.000       0.000       0.000       0.000    
    28800.   16.81583461   16.9729   0.000       0.000      0.4321E-04   0.000     0.3356E-02-0.3400E-02  0.000      0.000      0.000      0.000       0.000       0.000       0.000       0.000       0.000       0.000    
    32400.   16.81470788   16.9719   0.000       0.000      0.4324E-04   0.000     0.3369E-02-0.3412E-02  0.000      0.000      0.000      0.000       0.000       0.000       0.000       0.000       0.000       0.000    
    36000.   16.81381848   16.9709   0.000       0.000      0.4320E-04   0.000     0.3380E-02-0.3423E-02  0.000      0.000      0.000      0.000       0.000       0.000       0.000       0.000       0.000       0.000    
    39600.   16.81309144   16.9699   0.000       0.000      0.4313E-04   0.000     0.3389E-02-0.3432E-02  0.000      0.000      0.000      0.000       0.000       0.000       0.000       0.000       0.000       0.000    
    43200.   16.83813395   16.9696   0.000       0.000      0.3617E-04   0.000     0.4088E-02-0.4124E-02  0.000      0.000      0.000      0.000       0.000       0.000       0.000       0.000       0.000       0.000    
    46800.   16.84773949   16.9695   0.000       0.000      0.3349E-04   0.000     0.4054E-02-0.4087E-02  0.000      0.000      0.000      0.000       0.000       0.000       0.000       0.000       0.000       0.000    
    50400.   16.82807635   16.9687   0.000       0.000      0.3868E-04   0.000     0.3311E-02-0.3350E-02  0.000      0.000      0.000      0.000       0.000       0.000       0.000       0.000       0.000       0.000    
    54000.   16.84764091   16.9686   0.000       0.000      0.3327E-04   0.000     0.4006E-02-0.4039E-02  0.000      0.000      0.000      0.000       0.000       0.000       0.000       0.000       0.000       0.000    
    57600.   16.91851679   16.9704   0.000       0.000      0.1427E-04   0.000     0.5720E-02-0.5734E-02  0.000      0.000      0.000      0.000       0.000       0.000       0.000       0.000       0.000       0.000    
    61200.   17.14153003   16.9780   0.000       0.000     -0.4497E-04   0.000     0.1075E-01-0.1070E-01  0.000      0.000      0.000      0.000       0.000       0.000       0.000       0.000       0.000       0.000    
    64800.   17.18539440   16.9854   0.000       0.000     -0.5501E-04   0.000     0.8891E-02-0.8836E-02  0.000      0.000      0.000      0.000       0.000       0.000       0.000       0.000       0.000       0.000    
    68400.   17.21393712   16.9928   0.000       0.000     -0.6080E-04   0.000     0.8067E-02-0.8006E-02  0.000      0.000      0.000      0.000       0.000       0.000       0.000       0.000       0.000       0.000    
    72000.   17.17374693   16.9987   0.000       0.000     -0.4813E-04   0.000     0.6072E-02-0.6024E-02  0.000      0.000      0.000      0.000       0.000       0.000       0.000       0.000       0.000       0.000    
    75600.   17.11402768   17.0029   0.000       0.000     -0.3055E-04   0.000     0.4617E-02-0.4587E-02  0.000      0.000      0.000      0.000       0.000       0.000       0.000       0.000       0.000       0.000    
    79200.   17.24455470   17.0111   0.000       0.000     -0.6421E-04   0.000     0.8845E-02-0.8781E-02  0.000      0.000      0.000      0.000       0.000       0.000       0.000       0.000       0.000       0.000    
    82800.   17.29085762   17.0197   0.000       0.000     -0.7456E-04   0.000     0.8717E-02-0.8642E-02  0.000      0.000      0.000      0.000       0.000       0.000       0.000       0.000       0.000       0.000    
    86400.   17.33334670   17.0290   0.000       0.000     -0.8369E-04   0.000     0.8789E-02-0.8705E-02  0.000      0.000      0.000      0.000       0.000       0.000       0.000       0.000       0.000       0.000    
    90000.   17.50103076   17.0425   0.000       0.000     -0.1261E-03   0.000     0.1235E-01-0.1222E-01  0.000      0.000      0.000      0.000       0.000       0.000       0.000       0.000       0.000       0.000    
    93600.   17.89770178   17.0659   0.000       0.000     -0.2288E-03   0.000     0.2055E-01-0.2032E-01  0.000      0.000      0.000      0.000       0.000       0.000       0.000       0.000       0.000       0.000    
    97200.   17.86757333   17.0855   0.000       0.000     -0.2151E-03   0.000     0.1406E-01-0.1385E-01  0.000      0.000      0.000      0.000       0.000       0.000       0.000       0.000       0.000       0.000    
   100800.   17.61812302   17.0974   0.000       0.000     -0.1432E-03   0.000     0.5736E-02-0.5593E-02  0.000      0.000      0.000      0.000       0.000       0.000       0.000       0.000       0.000       0.000    
   104400.   17.44397432   17.1053   0.000       0.000     -0.9313E-04   0.000     0.3449E-02-0.3355E-02  0.000      0.000      0.000      0.000       0.000       0.000       0.000       0.000       0.000       0.000    
   108000.   17.34512925   17.1116   0.000       0.000     -0.6423E-04   0.000     0.3645E-02-0.3581E-02  0.000      0.000      0.000      0.000       0.000       0.000       0.000       0.000       0.000       0.000    
   111600.   17.23336506   17.1154   0.000       0.000     -0.3245E-04   0.000     0.2763E-02-0.2731E-02  0.000      0.000      0.000      0.000       0.000       0.000       0.000       0.000       0.000       0.000    
   115200.   17.13486264   17.1172   0.000       0.000     -0.4854E-05   0.000     0.2161E-02-0.2156E-02  0.000      0.000      0.000      0.000       0.000       0.000       0.000       0.000       0.000       0.000    
   118800.   17.05485080   17.1175   0.000       0.000      0.1723E-04   0.000     0.1882E-02-0.1900E-02  0.000      0.000      0.000      0.000       0.000       0.000       0.000       0.000       0.000       0.000    
   122400.   17.03491379   17.1179   0.000       0.000      0.2282E-04   0.000     0.2937E-02-0.2960E-02  0.000      0.000      0.000      0.000       0.000       0.000       0.000       0.000       0.000       0.000    
   126000.   16.97621237   17.1169   0.000       0.000      0.3869E-04   0.000     0.2145E-02-0.2184E-02  0.000      0.000      0.000      0.000       0.000       0.000       0.000       0.000       0.000       0.000    
   129600.   17.05020251   17.1184   0.000       0.000      0.1876E-04   0.000     0.5103E-02-0.5122E-02  0.000      0.000      0.000      0.000       0.000       0.000       0.000       0.000       0.000       0.000    
   133200.   17.00762303   17.1184   0.000       0.000      0.3047E-04   0.000     0.3397E-02-0.3427E-02  0.000      0.000      0.000      0.000       0.000       0.000       0.000       0.000       0.000       0.000    
   136800.   16.98247517   17.1179   0.000       0.000      0.3723E-04   0.000     0.3055E-02-0.3092E-02  0.000      0.000      0.000      0.000       0.000       0.000       0.000       0.000       0.000       0.000    
   140400.   16.93140102   17.1161   0.000       0.000      0.5079E-04   0.000     0.2113E-02-0.2164E-02  0.000      0.000      0.000      0.000       0.000       0.000       0.000       0.000       0.000       0.000    
   144000.   16.90806219   17.1140   0.000       0.000      0.5663E-04   0.000     0.2259E-02-0.2315E-02  0.000      0.000      0.000      0.000       0.000       0.000       0.000       0.000       0.000       0.000    
   147600.   16.89286306   17.1117   0.000       0.000      0.6019E-04   0.000     0.2408E-02-0.2469E-02  0.000      0.000      0.000      0.000       0.000       0.000       0.000       0.000       0.000       0.000    
   151200.   16.88256730   17.1094   0.000       0.000      0.6237E-04   0.000     0.2518E-02-0.2581E-02  0.000      0.000      0.000      0.000       0.000       0.000       0.000       0.000       0.000       0.000    
   154800.   16.87546436   17.1069   0.000       0.000      0.6365E-04   0.000     0.2600E-02-0.2664E-02  0.000      0.000      0.000      0.000       0.000       0.000       0.000       0.000       0.000       0.000    
   158400.   16.89620425   17.1052   0.000       0.000      0.5747E-04   0.000     0.3352E-02-0.3410E-02  0.000      0.000      0.000      0.000       0.000       0.000       0.000       0.000       0.000       0.000    
   162000.   17.00605651   17.1065   0.000       0.000      0.2762E-04   0.000     0.6115E-02-0.6142E-02  0.000      0.000      0.000      0.000       0.000       0.000       0.000       0.000       0.000       0.000    
   165600.   17.02505446   17.1077   0.000       0.000      0.2272E-04   0.000     0.5242E-02-0.5264E-02  0.000      0.000      0.000      0.000       0.000       0.000       0.000       0.000       0.000       0.000    
   169200.   16.95341322   17.1066   0.000       0.000      0.4212E-04   0.000     0.2626E-02-0.2668E-02  0.000      0.000      0.000      0.000       0.000       0.000       0.000       0.000       0.000       0.000    
   172800.   16.91787896   17.1048   0.000       0.000      0.5141E-04   0.000     0.2310E-02-0.2362E-02  0.000      0.000      0.000      0.000       0.000       0.000       0.000       0.000       0.000       0.000    
