TOTIM (T)      HCON          HMAT      QDIR      QWELL        QMAT       QCADS      QTUB1      QTUB2      QTUB3      QTUB4      QTUB5      QTUB6       NSTOR        QFIX        QLH     FHLQ (LQ)        CAUCHY   CAUCHY (LQ)
     3600.   16.86898825   17.0420   0.000       0.000      0.4758E-04   0.000    -0.2085E-02 0.2037E-02  0.000      0.000      0.000      0.000       0.000       0.000       0.000       0.000       0.000       0.000    
     7200.   16.84345406   17.0413   0.000       0.000      0.5440E-04   0.000    -0.1760E-02 0.1706E-02  0.000      0.000      0.000      0.000       0.000       0.000       0.000       0.000       0.000       0.000    
    10800.   16.83340304   17.0404   0.000       0.000      0.5694E-04   0.000    -0.1783E-02 0.1726E-02  0.000      0.000      0.000      0.000       0.000       0.000       0.000       0.000       0.000       0.000    
    14400.   16.82702263   17.0395   0.000       0.000      0.5844E-04   0.000    -0.1813E-02 0.1754E-02  0.000      0.000      0.000      0.000       0.000       0.000       0.000       0.000       0.000       0.000    
    18000.   16.82263150   17.0386   0.000       0.000      0.5938E-04   0.000    -0.1835E-02 0.1775E-02  0.000      0.000      0.000      0.000       0.000       0.000       0.000       0.000       0.000       0.000    
    21600.   16.81955316   17.0376   0.000       0.000      0.5995E-04   0.000    -0.1850E-02 0.1790E-02  0.000      0.000      0.000      0.000       0.000       0.000       0.000       0.000       0.000       0.000    
    25200.   16.81740882   17.0365   0.000       0.000      0.6026E-04   0.000    -0.1862E-02 0.1801E-02  0.000      0.000      0.000      0.000       0.000       0.000       0.000       0.000       0.000       0.000    
    28800.   16.81583525   17.0355   0.000       0.000      0.6042E-04   0.000    -0.1870E-02 0.1810E-02  0.000      0.000      0.000      0.000       0.000       0.000       0.000       0.000       0.000       0.000    
    32400.   16.81470854   17.0345   0.000       0.000      0.6045E-04   0.000    -0.1876E-02 0.1816E-02  0.000      0.000      0.000      0.000       0.000       0.000       0.000       0.000       0.000       0.000    
    36000.   16.81381913   17.0335   0.000       0.000      0.6042E-04   0.000    -0.1881E-02 0.1821E-02  0.000      0.000      0.000      0.000       0.000       0.000       0.000       0.000       0.000       0.000    
    39600.   16.81309209   17.0325   0.000       0.000      0.6034E-04   0.000    -0.1886E-02 0.1825E-02  0.000      0.000      0.000      0.000       0.000       0.000       0.000       0.000       0.000       0.000    
    43200.   16.83813473   17.0322   0.000       0.000      0.5338E-04   0.000    -0.2213E-02 0.2160E-02  0.000      0.000      0.000      0.000       0.000       0.000       0.000       0.000       0.000       0.000    
    46800.   16.84774026   17.0321   0.000       0.000      0.5070E-04   0.000    -0.2193E-02 0.2143E-02  0.000      0.000      0.000      0.000       0.000       0.000       0.000       0.000       0.000       0.000    
    50400.   16.82807699   17.0313   0.000       0.000      0.5589E-04   0.000    -0.1842E-02 0.1787E-02  0.000      0.000      0.000      0.000       0.000       0.000       0.000       0.000       0.000       0.000    
    54000.   16.84764168   17.0312   0.000       0.000      0.5048E-04   0.000    -0.2169E-02 0.2119E-02  0.000      0.000      0.000      0.000       0.000       0.000       0.000       0.000       0.000       0.000    
    57600.   16.91851788   17.0330   0.000       0.000      0.3148E-04   0.000    -0.2969E-02 0.2937E-02  0.000      0.000      0.000      0.000       0.000       0.000       0.000       0.000       0.000       0.000    
    61200.   17.14154380   17.0406   0.000       0.000     -0.2777E-04   0.000    -0.5311E-02 0.5338E-02  0.000      0.000      0.000      0.000       0.000       0.000       0.000       0.000       0.000       0.000    
    64800.   17.18540400   17.0479   0.000       0.000     -0.3780E-04   0.000    -0.4405E-02 0.4442E-02  0.000      0.000      0.000      0.000       0.000       0.000       0.000       0.000       0.000       0.000    
    68400.   17.21394512   17.0554   0.000       0.000     -0.4359E-04   0.000    -0.3996E-02 0.4040E-02  0.000      0.000      0.000      0.000       0.000       0.000       0.000       0.000       0.000       0.000    
    72000.   17.17375163   17.0613   0.000       0.000     -0.3092E-04   0.000    -0.3051E-02 0.3082E-02  0.000      0.000      0.000      0.000       0.000       0.000       0.000       0.000       0.000       0.000    
    75600.   17.11403051   17.0655   0.000       0.000     -0.1334E-04   0.000    -0.2372E-02 0.2386E-02  0.000      0.000      0.000      0.000       0.000       0.000       0.000       0.000       0.000       0.000    
    79200.   17.24456423   17.0737   0.000       0.000     -0.4700E-04   0.000    -0.4362E-02 0.4409E-02  0.000      0.000      0.000      0.000       0.000       0.000       0.000       0.000       0.000       0.000    
    82800.   17.29086689   17.0823   0.000       0.000     -0.5735E-04   0.000    -0.4289E-02 0.4347E-02  0.000      0.000      0.000      0.000       0.000       0.000       0.000       0.000       0.000       0.000    
    86400.   17.33335614   17.0916   0.000       0.000     -0.6648E-04   0.000    -0.4310E-02 0.4377E-02  0.000      0.000      0.000      0.000       0.000       0.000       0.000       0.000       0.000       0.000    
    90000.   17.50104889   17.1051   0.000       0.000     -0.1089E-03   0.000    -0.5966E-02 0.6075E-02  0.000      0.000      0.000      0.000       0.000       0.000       0.000       0.000       0.000       0.000    
    93600.   17.89776214   17.1284   0.000       0.000     -0.2116E-03   0.000    -0.9775E-02 0.9987E-02  0.000      0.000      0.000      0.000       0.000       0.000       0.000       0.000       0.000       0.000    
    97200.   17.86760201   17.1481   0.000       0.000     -0.1979E-03   0.000    -0.6674E-02 0.6872E-02  0.000      0.000      0.000      0.000       0.000       0.000       0.000       0.000       0.000       0.000    
   100800.   17.61812629   17.1600   0.000       0.000     -0.1260E-03   0.000    -0.2754E-02 0.2880E-02  0.000      0.000      0.000      0.000       0.000       0.000       0.000       0.000       0.000       0.000    
   104400.   17.44397498   17.1679   0.000       0.000     -0.7592E-04   0.000    -0.1714E-02 0.1790E-02  0.000      0.000      0.000      0.000       0.000       0.000       0.000       0.000       0.000       0.000    
   108000.   17.34512994   17.1741   0.000       0.000     -0.4702E-04   0.000    -0.1849E-02 0.1896E-02  0.000      0.000      0.000      0.000       0.000       0.000       0.000       0.000       0.000       0.000    
   111600.   17.23336559   17.1780   0.000       0.000     -0.1523E-04   0.000    -0.1471E-02 0.1486E-02  0.000      0.000      0.000      0.000       0.000       0.000       0.000       0.000       0.000       0.000    
   115200.   17.13486306   17.1798   0.000       0.000      0.1236E-04   0.000    -0.1220E-02 0.1208E-02  0.000      0.000      0.000      0.000       0.000       0.000       0.000       0.000       0.000       0.000    
   118800.   17.05485117   17.1801   0.000       0.000      0.3445E-04   0.000    -0.1118E-02 0.1083E-02  0.000      0.000      0.000      0.000       0.000       0.000       0.000       0.000       0.000       0.000    
   122400.   17.03491436   17.1805   0.000       0.000      0.4003E-04   0.000    -0.1635E-02 0.1595E-02  0.000      0.000      0.000      0.000       0.000       0.000       0.000       0.000       0.000       0.000    
   126000.   16.97621279   17.1795   0.000       0.000      0.5590E-04   0.000    -0.1277E-02 0.1221E-02  0.000      0.000      0.000      0.000       0.000       0.000       0.000       0.000       0.000       0.000    
   129600.   17.05020348   17.1810   0.000       0.000      0.3597E-04   0.000    -0.2675E-02 0.2639E-02  0.000      0.000      0.000      0.000       0.000       0.000       0.000       0.000       0.000       0.000    
   133200.   17.00762368   17.1810   0.000       0.000      0.4768E-04   0.000    -0.1871E-02 0.1824E-02  0.000      0.000      0.000      0.000       0.000       0.000       0.000       0.000       0.000       0.000    
   136800.   16.98247577   17.1805   0.000       0.000      0.5444E-04   0.000    -0.1714E-02 0.1660E-02  0.000      0.000      0.000      0.000       0.000       0.000       0.000       0.000       0.000       0.000    
   140400.   16.93140144   17.1787   0.000       0.000      0.6800E-04   0.000    -0.1279E-02 0.1211E-02  0.000      0.000      0.000      0.000       0.000       0.000       0.000       0.000       0.000       0.000    
   144000.   16.90806264   17.1766   0.000       0.000      0.7384E-04   0.000    -0.1357E-02 0.1283E-02  0.000      0.000      0.000      0.000       0.000       0.000       0.000       0.000       0.000       0.000    
   147600.   16.89286353   17.1743   0.000       0.000      0.7740E-04   0.000    -0.1435E-02 0.1358E-02  0.000      0.000      0.000      0.000       0.000       0.000       0.000       0.000       0.000       0.000    
   151200.   16.88256779   17.1719   0.000       0.000      0.7958E-04   0.000    -0.1491E-02 0.1412E-02  0.000      0.000      0.000      0.000       0.000       0.000       0.000       0.000       0.000       0.000    
   154800.   16.87546487   17.1695   0.000       0.000      0.8087E-04   0.000    -0.1533E-02 0.1452E-02  0.000      0.000      0.000      0.000       0.000       0.000       0.000       0.000       0.000       0.000    
   158400.   16.89620490   17.1678   0.000       0.000      0.7469E-04   0.000    -0.1887E-02 0.1812E-02  0.000      0.000      0.000      0.000       0.000       0.000       0.000       0.000       0.000       0.000    
   162000.   17.00605767   17.1691   0.000       0.000      0.4483E-04   0.000    -0.3177E-02 0.3132E-02  0.000      0.000      0.000      0.000       0.000       0.000       0.000       0.000       0.000       0.000    
   165600.   17.02505546   17.1703   0.000       0.000      0.3993E-04   0.000    -0.2751E-02 0.2711E-02  0.000      0.000      0.000      0.000       0.000       0.000       0.000       0.000       0.000       0.000    
   169200.   16.95341373   17.1692   0.000       0.000      0.5933E-04   0.000    -0.1516E-02 0.1457E-02  0.000      0.000      0.000      0.000       0.000       0.000       0.000       0.000       0.000       0.000    
   172800.   16.91787941   17.1674   0.000       0.000      0.6862E-04   0.000    -0.1375E-02 0.1306E-02  0.000      0.000      0.000      0.000       0.000       0.000       0.000       0.000       0.000       0.000    
