TOTIM (T)      HCON          HMAT      QDIR      QWELL        QMAT       QCADS      QTUB1      QTUB2      QTUB3      QTUB4      QTUB5      QTUB6       NSTOR        QFIX        QLH     FHLQ (LQ)        CAUCHY   CAUCHY (LQ)
     3600.   16.86898715   17.0376   0.000       0.000      0.4638E-04   0.000    -0.2619E-02 0.2573E-02  0.000      0.000      0.000      0.000       0.000       0.000       0.000       0.000       0.000       0.000    
     7200.   16.84345323   17.0369   0.000       0.000      0.5321E-04   0.000    -0.2277E-02 0.2224E-02  0.000      0.000      0.000      0.000       0.000       0.000       0.000       0.000       0.000       0.000    
    10800.   16.83340220   17.0361   0.000       0.000      0.5574E-04   0.000    -0.2299E-02 0.2244E-02  0.000      0.000      0.000      0.000       0.000       0.000       0.000       0.000       0.000       0.000    
    14400.   16.82702176   17.0352   0.000       0.000      0.5724E-04   0.000    -0.2329E-02 0.2272E-02  0.000      0.000      0.000      0.000       0.000       0.000       0.000       0.000       0.000       0.000    
    18000.   16.82263061   17.0342   0.000       0.000      0.5818E-04   0.000    -0.2352E-02 0.2294E-02  0.000      0.000      0.000      0.000       0.000       0.000       0.000       0.000       0.000       0.000    
    21600.   16.81955227   17.0332   0.000       0.000      0.5875E-04   0.000    -0.2368E-02 0.2309E-02  0.000      0.000      0.000      0.000       0.000       0.000       0.000       0.000       0.000       0.000    
    25200.   16.81740792   17.0322   0.000       0.000      0.5906E-04   0.000    -0.2379E-02 0.2320E-02  0.000      0.000      0.000      0.000       0.000       0.000       0.000       0.000       0.000       0.000    
    28800.   16.81583434   17.0312   0.000       0.000      0.5922E-04   0.000    -0.2388E-02 0.2329E-02  0.000      0.000      0.000      0.000       0.000       0.000       0.000       0.000       0.000       0.000    
    32400.   16.81470762   17.0302   0.000       0.000      0.5925E-04   0.000    -0.2394E-02 0.2335E-02  0.000      0.000      0.000      0.000       0.000       0.000       0.000       0.000       0.000       0.000    
    36000.   16.81381821   17.0292   0.000       0.000      0.5922E-04   0.000    -0.2400E-02 0.2340E-02  0.000      0.000      0.000      0.000       0.000       0.000       0.000       0.000       0.000       0.000    
    39600.   16.81309117   17.0281   0.000       0.000      0.5914E-04   0.000    -0.2404E-02 0.2345E-02  0.000      0.000      0.000      0.000       0.000       0.000       0.000       0.000       0.000       0.000    
    43200.   16.83813354   17.0279   0.000       0.000      0.5218E-04   0.000    -0.2749E-02 0.2697E-02  0.000      0.000      0.000      0.000       0.000       0.000       0.000       0.000       0.000       0.000    
    46800.   16.84773908   17.0277   0.000       0.000      0.4950E-04   0.000    -0.2730E-02 0.2680E-02  0.000      0.000      0.000      0.000       0.000       0.000       0.000       0.000       0.000       0.000    
    50400.   16.82807610   17.0270   0.000       0.000      0.5470E-04   0.000    -0.2361E-02 0.2306E-02  0.000      0.000      0.000      0.000       0.000       0.000       0.000       0.000       0.000       0.000    
    54000.   16.84764051   17.0268   0.000       0.000      0.4928E-04   0.000    -0.2706E-02 0.2656E-02  0.000      0.000      0.000      0.000       0.000       0.000       0.000       0.000       0.000       0.000    
    57600.   16.91851605   17.0286   0.000       0.000      0.3028E-04   0.000    -0.3551E-02 0.3520E-02  0.000      0.000      0.000      0.000       0.000       0.000       0.000       0.000       0.000       0.000    
    61200.   17.14148058   17.0362   0.000       0.000     -0.2895E-04   0.000    -0.6027E-02 0.6056E-02  0.000      0.000      0.000      0.000       0.000       0.000       0.000       0.000       0.000       0.000    
    64800.   17.18536161   17.0436   0.000       0.000     -0.3899E-04   0.000    -0.5082E-02 0.5121E-02  0.000      0.000      0.000      0.000       0.000       0.000       0.000       0.000       0.000       0.000    
    68400.   17.21391069   17.0511   0.000       0.000     -0.4478E-04   0.000    -0.4663E-02 0.4707E-02  0.000      0.000      0.000      0.000       0.000       0.000       0.000       0.000       0.000       0.000    
    72000.   17.17373237   17.0569   0.000       0.000     -0.3212E-04   0.000    -0.3670E-02 0.3702E-02  0.000      0.000      0.000      0.000       0.000       0.000       0.000       0.000       0.000       0.000    
    75600.   17.11401943   17.0612   0.000       0.000     -0.1454E-04   0.000    -0.2955E-02 0.2969E-02  0.000      0.000      0.000      0.000       0.000       0.000       0.000       0.000       0.000       0.000    
    79200.   17.24452264   17.0693   0.000       0.000     -0.4819E-04   0.000    -0.5052E-02 0.5100E-02  0.000      0.000      0.000      0.000       0.000       0.000       0.000       0.000       0.000       0.000    
    82800.   17.29082696   17.0780   0.000       0.000     -0.5854E-04   0.000    -0.4977E-02 0.5035E-02  0.000      0.000      0.000      0.000       0.000       0.000       0.000       0.000       0.000       0.000    
    86400.   17.33331586   17.0873   0.000       0.000     -0.6767E-04   0.000    -0.5005E-02 0.5073E-02  0.000      0.000      0.000      0.000       0.000       0.000       0.000       0.000       0.000       0.000    
    90000.   17.50097129   17.1007   0.000       0.000     -0.1101E-03   0.000    -0.6757E-02 0.6868E-02  0.000      0.000      0.000      0.000       0.000       0.000       0.000       0.000       0.000       0.000    
    93600.   17.89757629   17.1241   0.000       0.000     -0.2127E-03   0.000    -0.1079E-01 0.1100E-01  0.000      0.000      0.000      0.000       0.000       0.000       0.000       0.000       0.000       0.000    
    97200.   17.86751748   17.1437   0.000       0.000     -0.1990E-03   0.000    -0.7536E-02 0.7735E-02  0.000      0.000      0.000      0.000       0.000       0.000       0.000       0.000       0.000       0.000    
   100800.   17.61811592   17.1556   0.000       0.000     -0.1272E-03   0.000    -0.3413E-02 0.3540E-02  0.000      0.000      0.000      0.000       0.000       0.000       0.000       0.000       0.000       0.000    
   104400.   17.44397349   17.1636   0.000       0.000     -0.7712E-04   0.000    -0.2309E-02 0.2386E-02  0.000      0.000      0.000      0.000       0.000       0.000       0.000       0.000       0.000       0.000    
   108000.   17.34512831   17.1698   0.000       0.000     -0.4822E-04   0.000    -0.2435E-02 0.2483E-02  0.000      0.000      0.000      0.000       0.000       0.000       0.000       0.000       0.000       0.000    
   111600.   17.23336460   17.1736   0.000       0.000     -0.1643E-04   0.000    -0.2020E-02 0.2036E-02  0.000      0.000      0.000      0.000       0.000       0.000       0.000       0.000       0.000       0.000    
   115200.   17.13486275   17.1754   0.000       0.000      0.1116E-04   0.000    -0.1742E-02 0.1731E-02  0.000      0.000      0.000      0.000       0.000       0.000       0.000       0.000       0.000       0.000    
   118800.   17.05485095   17.1758   0.000       0.000      0.3325E-04   0.000    -0.1622E-02 0.1589E-02  0.000      0.000      0.000      0.000       0.000       0.000       0.000       0.000       0.000       0.000    
   122400.   17.03491389   17.1761   0.000       0.000      0.3884E-04   0.000    -0.2158E-02 0.2119E-02  0.000      0.000      0.000      0.000       0.000       0.000       0.000       0.000       0.000       0.000    
   126000.   16.97621252   17.1752   0.000       0.000      0.5471E-04   0.000    -0.1774E-02 0.1719E-02  0.000      0.000      0.000      0.000       0.000       0.000       0.000       0.000       0.000       0.000    
   129600.   17.05020267   17.1767   0.000       0.000      0.3478E-04   0.000    -0.3244E-02 0.3209E-02  0.000      0.000      0.000      0.000       0.000       0.000       0.000       0.000       0.000       0.000    
   133200.   17.00762313   17.1767   0.000       0.000      0.4648E-04   0.000    -0.2395E-02 0.2349E-02  0.000      0.000      0.000      0.000       0.000       0.000       0.000       0.000       0.000       0.000    
   136800.   16.98247529   17.1761   0.000       0.000      0.5325E-04   0.000    -0.2230E-02 0.2176E-02  0.000      0.000      0.000      0.000       0.000       0.000       0.000       0.000       0.000       0.000    
   140400.   16.93140118   17.1743   0.000       0.000      0.6680E-04   0.000    -0.1768E-02 0.1701E-02  0.000      0.000      0.000      0.000       0.000       0.000       0.000       0.000       0.000       0.000    
   144000.   16.90806236   17.1722   0.000       0.000      0.7265E-04   0.000    -0.1847E-02 0.1774E-02  0.000      0.000      0.000      0.000       0.000       0.000       0.000       0.000       0.000       0.000    
   147600.   16.89286322   17.1700   0.000       0.000      0.7621E-04   0.000    -0.1925E-02 0.1849E-02  0.000      0.000      0.000      0.000       0.000       0.000       0.000       0.000       0.000       0.000    
   151200.   16.88256746   17.1676   0.000       0.000      0.7839E-04   0.000    -0.1982E-02 0.1904E-02  0.000      0.000      0.000      0.000       0.000       0.000       0.000       0.000       0.000       0.000    
   154800.   16.87546452   17.1652   0.000       0.000      0.7967E-04   0.000    -0.2025E-02 0.1945E-02  0.000      0.000      0.000      0.000       0.000       0.000       0.000       0.000       0.000       0.000    
   158400.   16.89620439   17.1635   0.000       0.000      0.7350E-04   0.000    -0.2397E-02 0.2324E-02  0.000      0.000      0.000      0.000       0.000       0.000       0.000       0.000       0.000       0.000    
   162000.   17.00605675   17.1647   0.000       0.000      0.4364E-04   0.000    -0.3760E-02 0.3717E-02  0.000      0.000      0.000      0.000       0.000       0.000       0.000       0.000       0.000       0.000    
   165600.   17.02505461   17.1659   0.000       0.000      0.3874E-04   0.000    -0.3316E-02 0.3277E-02  0.000      0.000      0.000      0.000       0.000       0.000       0.000       0.000       0.000       0.000    
   169200.   16.95341334   17.1648   0.000       0.000      0.5814E-04   0.000    -0.2017E-02 0.1959E-02  0.000      0.000      0.000      0.000       0.000       0.000       0.000       0.000       0.000       0.000    
   172800.   16.91787911   17.1631   0.000       0.000      0.6743E-04   0.000    -0.1867E-02 0.1800E-02  0.000      0.000      0.000      0.000       0.000       0.000       0.000       0.000       0.000       0.000    
