TOTIM (T)      HCON          HMAT      QDIR      QWELL        QMAT       QCADS      QTUB1      QTUB2      QTUB3      QTUB4      QTUB5      QTUB6       NSTOR        QFIX        QLH     FHLQ (LQ)        CAUCHY   CAUCHY (LQ)
     3600.   16.86898883   17.0396   0.000       0.000      0.4692E-04   0.000     0.1739E-02-0.1786E-02  0.000      0.000      0.000      0.000       0.000       0.000       0.000       0.000       0.000       0.000    
     7200.   16.84345454   17.0389   0.000       0.000      0.5374E-04   0.000     0.1360E-02-0.1414E-02  0.000      0.000      0.000      0.000       0.000       0.000       0.000       0.000       0.000       0.000    
    10800.   16.83340353   17.0380   0.000       0.000      0.5627E-04   0.000     0.1363E-02-0.1419E-02  0.000      0.000      0.000      0.000       0.000       0.000       0.000       0.000       0.000       0.000    
    14400.   16.82702312   17.0371   0.000       0.000      0.5777E-04   0.000     0.1380E-02-0.1438E-02  0.000      0.000      0.000      0.000       0.000       0.000       0.000       0.000       0.000       0.000    
    18000.   16.82263199   17.0361   0.000       0.000      0.5871E-04   0.000     0.1395E-02-0.1454E-02  0.000      0.000      0.000      0.000       0.000       0.000       0.000       0.000       0.000       0.000    
    21600.   16.81955366   17.0351   0.000       0.000      0.5929E-04   0.000     0.1406E-02-0.1465E-02  0.000      0.000      0.000      0.000       0.000       0.000       0.000       0.000       0.000       0.000    
    25200.   16.81740932   17.0341   0.000       0.000      0.5960E-04   0.000     0.1415E-02-0.1474E-02  0.000      0.000      0.000      0.000       0.000       0.000       0.000       0.000       0.000       0.000    
    28800.   16.81583576   17.0331   0.000       0.000      0.5975E-04   0.000     0.1422E-02-0.1482E-02  0.000      0.000      0.000      0.000       0.000       0.000       0.000       0.000       0.000       0.000    
    32400.   16.81470904   17.0321   0.000       0.000      0.5978E-04   0.000     0.1428E-02-0.1488E-02  0.000      0.000      0.000      0.000       0.000       0.000       0.000       0.000       0.000       0.000    
    36000.   16.81381964   17.0311   0.000       0.000      0.5975E-04   0.000     0.1433E-02-0.1493E-02  0.000      0.000      0.000      0.000       0.000       0.000       0.000       0.000       0.000       0.000    
    39600.   16.81309260   17.0301   0.000       0.000      0.5968E-04   0.000     0.1438E-02-0.1498E-02  0.000      0.000      0.000      0.000       0.000       0.000       0.000       0.000       0.000       0.000    
    43200.   16.83813535   17.0298   0.000       0.000      0.5271E-04   0.000     0.1821E-02-0.1874E-02  0.000      0.000      0.000      0.000       0.000       0.000       0.000       0.000       0.000       0.000    
    46800.   16.84774088   17.0297   0.000       0.000      0.5003E-04   0.000     0.1823E-02-0.1873E-02  0.000      0.000      0.000      0.000       0.000       0.000       0.000       0.000       0.000       0.000    
    50400.   16.82807749   17.0289   0.000       0.000      0.5523E-04   0.000     0.1431E-02-0.1486E-02  0.000      0.000      0.000      0.000       0.000       0.000       0.000       0.000       0.000       0.000    
    54000.   16.84764228   17.0288   0.000       0.000      0.4982E-04   0.000     0.1800E-02-0.1850E-02  0.000      0.000      0.000      0.000       0.000       0.000       0.000       0.000       0.000       0.000    
    57600.   16.91851875   17.0306   0.000       0.000      0.3082E-04   0.000     0.2752E-02-0.2783E-02  0.000      0.000      0.000      0.000       0.000       0.000       0.000       0.000       0.000       0.000    
    61200.   17.14154546   17.0382   0.000       0.000     -0.2843E-04   0.000     0.5568E-02-0.5539E-02  0.000      0.000      0.000      0.000       0.000       0.000       0.000       0.000       0.000       0.000    
    64800.   17.18540540   17.0455   0.000       0.000     -0.3846E-04   0.000     0.4742E-02-0.4704E-02  0.000      0.000      0.000      0.000       0.000       0.000       0.000       0.000       0.000       0.000    
    68400.   17.21394640   17.0530   0.000       0.000     -0.4426E-04   0.000     0.4380E-02-0.4336E-02  0.000      0.000      0.000      0.000       0.000       0.000       0.000       0.000       0.000       0.000    
    72000.   17.17375260   17.0589   0.000       0.000     -0.3159E-04   0.000     0.3333E-02-0.3302E-02  0.000      0.000      0.000      0.000       0.000       0.000       0.000       0.000       0.000       0.000    
    75600.   17.11403125   17.0631   0.000       0.000     -0.1400E-04   0.000     0.2514E-02-0.2500E-02  0.000      0.000      0.000      0.000       0.000       0.000       0.000       0.000       0.000       0.000    
    79200.   17.24456562   17.0713   0.000       0.000     -0.4766E-04   0.000     0.4773E-02-0.4726E-02  0.000      0.000      0.000      0.000       0.000       0.000       0.000       0.000       0.000       0.000    
    82800.   17.29086828   17.0799   0.000       0.000     -0.5801E-04   0.000     0.4783E-02-0.4725E-02  0.000      0.000      0.000      0.000       0.000       0.000       0.000       0.000       0.000       0.000    
    86400.   17.33335754   17.0892   0.000       0.000     -0.6714E-04   0.000     0.4877E-02-0.4810E-02  0.000      0.000      0.000      0.000       0.000       0.000       0.000       0.000       0.000       0.000    
    90000.   17.50105085   17.1027   0.000       0.000     -0.1095E-03   0.000     0.6872E-02-0.6763E-02  0.000      0.000      0.000      0.000       0.000       0.000       0.000       0.000       0.000       0.000    
    93600.   17.89779986   17.1260   0.000       0.000     -0.2122E-03   0.000     0.1150E-01-0.1129E-01  0.000      0.000      0.000      0.000       0.000       0.000       0.000       0.000       0.000       0.000    
    97200.   17.86762087   17.1457   0.000       0.000     -0.1985E-03   0.000     0.8292E-02-0.8094E-02  0.000      0.000      0.000      0.000       0.000       0.000       0.000       0.000       0.000       0.000    
   100800.   17.61812962   17.1576   0.000       0.000     -0.1267E-03   0.000     0.3797E-02-0.3670E-02  0.000      0.000      0.000      0.000       0.000       0.000       0.000       0.000       0.000       0.000    
   104400.   17.44397604   17.1655   0.000       0.000     -0.7658E-04   0.000     0.2357E-02-0.2280E-02  0.000      0.000      0.000      0.000       0.000       0.000       0.000       0.000       0.000       0.000    
   108000.   17.34513100   17.1717   0.000       0.000     -0.4768E-04   0.000     0.2261E-02-0.2213E-02  0.000      0.000      0.000      0.000       0.000       0.000       0.000       0.000       0.000       0.000    
   111600.   17.23336606   17.1756   0.000       0.000     -0.1590E-04   0.000     0.1628E-02-0.1612E-02  0.000      0.000      0.000      0.000       0.000       0.000       0.000       0.000       0.000       0.000    
   115200.   17.13486342   17.1774   0.000       0.000      0.1170E-04   0.000     0.1156E-02-0.1168E-02  0.000      0.000      0.000      0.000       0.000       0.000       0.000       0.000       0.000       0.000    
   118800.   17.05485148   17.1777   0.000       0.000      0.3378E-04   0.000     0.8773E-03-0.9111E-03  0.000      0.000      0.000      0.000       0.000       0.000       0.000       0.000       0.000       0.000    
   122400.   17.03491481   17.1781   0.000       0.000      0.3937E-04   0.000     0.1350E-02-0.1389E-02  0.000      0.000      0.000      0.000       0.000       0.000       0.000       0.000       0.000       0.000    
   126000.   16.97621312   17.1771   0.000       0.000      0.5524E-04   0.000     0.8650E-03-0.9203E-03  0.000      0.000      0.000      0.000       0.000       0.000       0.000       0.000       0.000       0.000    
   129600.   17.05020426   17.1786   0.000       0.000      0.3531E-04   0.000     0.2422E-02-0.2458E-02  0.000      0.000      0.000      0.000       0.000       0.000       0.000       0.000       0.000       0.000    
   133200.   17.00762420   17.1786   0.000       0.000      0.4702E-04   0.000     0.1525E-02-0.1572E-02  0.000      0.000      0.000      0.000       0.000       0.000       0.000       0.000       0.000       0.000    
   136800.   16.98247623   17.1781   0.000       0.000      0.5378E-04   0.000     0.1314E-02-0.1368E-02  0.000      0.000      0.000      0.000       0.000       0.000       0.000       0.000       0.000       0.000    
   140400.   16.93140175   17.1763   0.000       0.000      0.6734E-04   0.000     0.7705E-03-0.8378E-03  0.000      0.000      0.000      0.000       0.000       0.000       0.000       0.000       0.000       0.000    
   144000.   16.90806297   17.1742   0.000       0.000      0.7318E-04   0.000     0.8016E-03-0.8748E-03  0.000      0.000      0.000      0.000       0.000       0.000       0.000       0.000       0.000       0.000    
   147600.   16.89286388   17.1719   0.000       0.000      0.7674E-04   0.000     0.8509E-03-0.9277E-03  0.000      0.000      0.000      0.000       0.000       0.000       0.000       0.000       0.000       0.000    
   151200.   16.88256816   17.1696   0.000       0.000      0.7892E-04   0.000     0.8899E-03-0.9688E-03  0.000      0.000      0.000      0.000       0.000       0.000       0.000       0.000       0.000       0.000    
   154800.   16.87546524   17.1671   0.000       0.000      0.8021E-04   0.000     0.9209E-03-0.1001E-02  0.000      0.000      0.000      0.000       0.000       0.000       0.000       0.000       0.000       0.000    
   158400.   16.89620539   17.1654   0.000       0.000      0.7403E-04   0.000     0.1325E-02-0.1399E-02  0.000      0.000      0.000      0.000       0.000       0.000       0.000       0.000       0.000       0.000    
   162000.   17.00605859   17.1667   0.000       0.000      0.4417E-04   0.000     0.2854E-02-0.2898E-02  0.000      0.000      0.000      0.000       0.000       0.000       0.000       0.000       0.000       0.000    
   165600.   17.02505626   17.1679   0.000       0.000      0.3927E-04   0.000     0.2467E-02-0.2506E-02  0.000      0.000      0.000      0.000       0.000       0.000       0.000       0.000       0.000       0.000    
   169200.   16.95341413   17.1668   0.000       0.000      0.5867E-04   0.000     0.1077E-02-0.1135E-02  0.000      0.000      0.000      0.000       0.000       0.000       0.000       0.000       0.000       0.000    
   172800.   16.91787976   17.1650   0.000       0.000      0.6796E-04   0.000     0.8607E-03-0.9287E-03  0.000      0.000      0.000      0.000       0.000       0.000       0.000       0.000       0.000       0.000    
