TOTIM (T)      HCON          HMAT      QDIR      QWELL        QMAT       QCADS      QTUB1      QTUB2      QTUB3      QTUB4      QTUB5      QTUB6       NSTOR        QFIX        QLH     FHLQ (LQ)        CAUCHY   CAUCHY (LQ)
     3600.   16.86898821   17.4353   0.000       0.000      0.1557E-03   0.000     0.1192E-02-0.1348E-02  0.000      0.000      0.000      0.000       0.000       0.000       0.000       0.000       0.000       0.000    
     7200.   16.84345400   17.4346   0.000       0.000      0.1626E-03   0.000     0.7346E-03-0.8971E-03  0.000      0.000      0.000      0.000       0.000       0.000       0.000       0.000       0.000       0.000    
    10800.   16.83340298   17.4337   0.000       0.000      0.1651E-03   0.000     0.7195E-03-0.8846E-03  0.000      0.000      0.000      0.000       0.000       0.000       0.000       0.000       0.000       0.000    
    14400.   16.82702256   17.4328   0.000       0.000      0.1666E-03   0.000     0.7271E-03-0.8937E-03  0.000      0.000      0.000      0.000       0.000       0.000       0.000       0.000       0.000       0.000    
    18000.   16.82263143   17.4319   0.000       0.000      0.1675E-03   0.000     0.7354E-03-0.9030E-03  0.000      0.000      0.000      0.000       0.000       0.000       0.000       0.000       0.000       0.000    
    21600.   16.81955309   17.4309   0.000       0.000      0.1681E-03   0.000     0.7430E-03-0.9111E-03  0.000      0.000      0.000      0.000       0.000       0.000       0.000       0.000       0.000       0.000    
    25200.   16.81740875   17.4298   0.000       0.000      0.1684E-03   0.000     0.7498E-03-0.9183E-03  0.000      0.000      0.000      0.000       0.000       0.000       0.000       0.000       0.000       0.000    
    28800.   16.81583518   17.4288   0.000       0.000      0.1686E-03   0.000     0.7565E-03-0.9250E-03  0.000      0.000      0.000      0.000       0.000       0.000       0.000       0.000       0.000       0.000    
    32400.   16.81470846   17.4278   0.000       0.000      0.1686E-03   0.000     0.7625E-03-0.9311E-03  0.000      0.000      0.000      0.000       0.000       0.000       0.000       0.000       0.000       0.000    
    36000.   16.81381906   17.4268   0.000       0.000      0.1686E-03   0.000     0.7685E-03-0.9371E-03  0.000      0.000      0.000      0.000       0.000       0.000       0.000       0.000       0.000       0.000    
    39600.   16.81309202   17.4258   0.000       0.000      0.1685E-03   0.000     0.7744E-03-0.9429E-03  0.000      0.000      0.000      0.000       0.000       0.000       0.000       0.000       0.000       0.000    
    43200.   16.83813469   17.4255   0.000       0.000      0.1615E-03   0.000     0.1237E-02-0.1398E-02  0.000      0.000      0.000      0.000       0.000       0.000       0.000       0.000       0.000       0.000    
    46800.   16.84774022   17.4254   0.000       0.000      0.1589E-03   0.000     0.1257E-02-0.1416E-02  0.000      0.000      0.000      0.000       0.000       0.000       0.000       0.000       0.000       0.000    
    50400.   16.82807693   17.4246   0.000       0.000      0.1641E-03   0.000     0.7981E-03-0.9621E-03  0.000      0.000      0.000      0.000       0.000       0.000       0.000       0.000       0.000       0.000    
    54000.   16.84764164   17.4245   0.000       0.000      0.1586E-03   0.000     0.1236E-02-0.1395E-02  0.000      0.000      0.000      0.000       0.000       0.000       0.000       0.000       0.000       0.000    
    57600.   16.91851790   17.4263   0.000       0.000      0.1396E-03   0.000     0.2397E-02-0.2537E-02  0.000      0.000      0.000      0.000       0.000       0.000       0.000       0.000       0.000       0.000    
    61200.   17.14154403   17.4339   0.000       0.000      0.8039E-04   0.000     0.5854E-02-0.5934E-02  0.000      0.000      0.000      0.000       0.000       0.000       0.000       0.000       0.000       0.000    
    64800.   17.18540422   17.4412   0.000       0.000      0.7036E-04   0.000     0.5033E-02-0.5104E-02  0.000      0.000      0.000      0.000       0.000       0.000       0.000       0.000       0.000       0.000    
    68400.   17.21394534   17.4487   0.000       0.000      0.6456E-04   0.000     0.4693E-02-0.4758E-02  0.000      0.000      0.000      0.000       0.000       0.000       0.000       0.000       0.000       0.000    
    72000.   17.17375178   17.4546   0.000       0.000      0.7723E-04   0.000     0.3479E-02-0.3556E-02  0.000      0.000      0.000      0.000       0.000       0.000       0.000       0.000       0.000       0.000    
    75600.   17.11403060   17.4588   0.000       0.000      0.9482E-04   0.000     0.2474E-02-0.2569E-02  0.000      0.000      0.000      0.000       0.000       0.000       0.000       0.000       0.000       0.000    
    79200.   17.24456446   17.4670   0.000       0.000      0.6116E-04   0.000     0.5150E-02-0.5211E-02  0.000      0.000      0.000      0.000       0.000       0.000       0.000       0.000       0.000       0.000    
    82800.   17.29086715   17.4756   0.000       0.000      0.5081E-04   0.000     0.5228E-02-0.5279E-02  0.000      0.000      0.000      0.000       0.000       0.000       0.000       0.000       0.000       0.000    
    86400.   17.33335641   17.4849   0.000       0.000      0.4168E-04   0.000     0.5398E-02-0.5440E-02  0.000      0.000      0.000      0.000       0.000       0.000       0.000       0.000       0.000       0.000    
    90000.   17.50105695   17.4984   0.000       0.000     -0.7286E-06   0.000     0.7853E-02-0.7852E-02  0.000      0.000      0.000      0.000       0.000       0.000       0.000       0.000       0.000       0.000    
    93600.   17.89777817   17.5218   0.000       0.000     -0.1034E-03   0.000     0.1358E-01-0.1347E-01  0.000      0.000      0.000      0.000       0.000       0.000       0.000       0.000       0.000       0.000    
    97200.   17.86761136   17.5414   0.000       0.000     -0.8970E-04   0.000     0.1001E-01-0.9925E-02  0.000      0.000      0.000      0.000       0.000       0.000       0.000       0.000       0.000       0.000    
   100800.   17.61812885   17.5533   0.000       0.000     -0.1783E-04   0.000     0.4675E-02-0.4657E-02  0.000      0.000      0.000      0.000       0.000       0.000       0.000       0.000       0.000       0.000    
   104400.   17.44397545   17.5612   0.000       0.000      0.3225E-04   0.000     0.2775E-02-0.2808E-02  0.000      0.000      0.000      0.000       0.000       0.000       0.000       0.000       0.000       0.000    
   108000.   17.34513030   17.5675   0.000       0.000      0.6114E-04   0.000     0.2461E-02-0.2522E-02  0.000      0.000      0.000      0.000       0.000       0.000       0.000       0.000       0.000       0.000    
   111600.   17.23336566   17.5713   0.000       0.000      0.9293E-04   0.000     0.1544E-02-0.1637E-02  0.000      0.000      0.000      0.000       0.000       0.000       0.000       0.000       0.000       0.000    
   115200.   17.13486306   17.5731   0.000       0.000      0.1205E-03   0.000     0.8334E-03-0.9539E-03  0.000      0.000      0.000      0.000       0.000       0.000       0.000       0.000       0.000       0.000    
   118800.   17.05485113   17.5734   0.000       0.000      0.1426E-03   0.000     0.3697E-03-0.5123E-03  0.000      0.000      0.000      0.000       0.000       0.000       0.000       0.000       0.000       0.000    
   122400.   17.03491432   17.5738   0.000       0.000      0.1482E-03   0.000     0.8344E-03-0.9826E-03  0.000      0.000      0.000      0.000       0.000       0.000       0.000       0.000       0.000       0.000    
   126000.   16.97621270   17.5728   0.000       0.000      0.1641E-03   0.000     0.1934E-03-0.3575E-03  0.000      0.000      0.000      0.000       0.000       0.000       0.000       0.000       0.000       0.000    
   129600.   17.05020349   17.5744   0.000       0.000      0.1441E-03   0.000     0.2013E-02-0.2157E-02  0.000      0.000      0.000      0.000       0.000       0.000       0.000       0.000       0.000       0.000    
   133200.   17.00762364   17.5744   0.000       0.000      0.1559E-03   0.000     0.9570E-03-0.1113E-02  0.000      0.000      0.000      0.000       0.000       0.000       0.000       0.000       0.000       0.000    
   136800.   16.98247570   17.5738   0.000       0.000      0.1626E-03   0.000     0.6836E-03-0.8462E-03  0.000      0.000      0.000      0.000       0.000       0.000       0.000       0.000       0.000       0.000    
   140400.   16.93140133   17.5720   0.000       0.000      0.1762E-03   0.000     0.4271E-06-0.1766E-03  0.000      0.000      0.000      0.000       0.000       0.000       0.000       0.000       0.000       0.000    
   144000.   16.90806252   17.5699   0.000       0.000      0.1820E-03   0.000    -0.8076E-05-0.1739E-03  0.000      0.000      0.000      0.000       0.000       0.000       0.000       0.000       0.000       0.000    
   147600.   16.89286341   17.5677   0.000       0.000      0.1856E-03   0.000     0.1753E-04-0.2031E-03  0.000      0.000      0.000      0.000       0.000       0.000       0.000       0.000       0.000       0.000    
   151200.   16.88256767   17.5653   0.000       0.000      0.1878E-03   0.000     0.4238E-04-0.2301E-03  0.000      0.000      0.000      0.000       0.000       0.000       0.000       0.000       0.000       0.000    
   154800.   16.87546474   17.5629   0.000       0.000      0.1890E-03   0.000     0.6563E-04-0.2547E-03  0.000      0.000      0.000      0.000       0.000       0.000       0.000       0.000       0.000       0.000    
   158400.   16.89620480   17.5612   0.000       0.000      0.1829E-03   0.000     0.5439E-03-0.7268E-03  0.000      0.000      0.000      0.000       0.000       0.000       0.000       0.000       0.000       0.000    
   162000.   17.00605768   17.5625   0.000       0.000      0.1530E-03   0.000     0.2404E-02-0.2557E-02  0.000      0.000      0.000      0.000       0.000       0.000       0.000       0.000       0.000       0.000    
   165600.   17.02505546   17.5637   0.000       0.000      0.1481E-03   0.000     0.2020E-02-0.2168E-02  0.000      0.000      0.000      0.000       0.000       0.000       0.000       0.000       0.000       0.000    
   169200.   16.95341365   17.5626   0.000       0.000      0.1675E-03   0.000     0.3874E-03-0.5549E-03  0.000      0.000      0.000      0.000       0.000       0.000       0.000       0.000       0.000       0.000    
   172800.   16.91787931   17.5608   0.000       0.000      0.1768E-03   0.000     0.9229E-04-0.2691E-03  0.000      0.000      0.000      0.000       0.000       0.000       0.000       0.000       0.000       0.000    
