TOTIM (T)      HCON          HMAT      QDIR      QWELL        QMAT       QCADS      QTUB1      QTUB2      QTUB3      QTUB4      QTUB5      QTUB6       NSTOR        QFIX        QLH     FHLQ (LQ)        CAUCHY   CAUCHY (LQ)
     3600.   16.86898618   16.9783   0.000       0.000      0.3007E-04   0.000     0.2905E-02-0.2935E-02  0.000      0.000      0.000      0.000       0.000       0.000       0.000       0.000       0.000       0.000    
     7200.   16.84345237   16.9776   0.000       0.000      0.3689E-04   0.000     0.2610E-02-0.2647E-02  0.000      0.000      0.000      0.000       0.000       0.000       0.000       0.000       0.000       0.000    
    10800.   16.83340133   16.9768   0.000       0.000      0.3942E-04   0.000     0.2651E-02-0.2690E-02  0.000      0.000      0.000      0.000       0.000       0.000       0.000       0.000       0.000       0.000    
    14400.   16.82702088   16.9758   0.000       0.000      0.4092E-04   0.000     0.2691E-02-0.2732E-02  0.000      0.000      0.000      0.000       0.000       0.000       0.000       0.000       0.000       0.000    
    18000.   16.82262972   16.9749   0.000       0.000      0.4187E-04   0.000     0.2720E-02-0.2762E-02  0.000      0.000      0.000      0.000       0.000       0.000       0.000       0.000       0.000       0.000    
    21600.   16.81955137   16.9739   0.000       0.000      0.4244E-04   0.000     0.2740E-02-0.2782E-02  0.000      0.000      0.000      0.000       0.000       0.000       0.000       0.000       0.000       0.000    
    25200.   16.81740702   16.9729   0.000       0.000      0.4275E-04   0.000     0.2753E-02-0.2796E-02  0.000      0.000      0.000      0.000       0.000       0.000       0.000       0.000       0.000       0.000    
    28800.   16.81583344   16.9718   0.000       0.000      0.4290E-04   0.000     0.2763E-02-0.2806E-02  0.000      0.000      0.000      0.000       0.000       0.000       0.000       0.000       0.000       0.000    
    32400.   16.81470671   16.9708   0.000       0.000      0.4294E-04   0.000     0.2770E-02-0.2813E-02  0.000      0.000      0.000      0.000       0.000       0.000       0.000       0.000       0.000       0.000    
    36000.   16.81381731   16.9698   0.000       0.000      0.4290E-04   0.000     0.2775E-02-0.2818E-02  0.000      0.000      0.000      0.000       0.000       0.000       0.000       0.000       0.000       0.000    
    39600.   16.81309026   16.9688   0.000       0.000      0.4283E-04   0.000     0.2779E-02-0.2822E-02  0.000      0.000      0.000      0.000       0.000       0.000       0.000       0.000       0.000       0.000    
    43200.   16.83813252   16.9685   0.000       0.000      0.3586E-04   0.000     0.3076E-02-0.3112E-02  0.000      0.000      0.000      0.000       0.000       0.000       0.000       0.000       0.000       0.000    
    46800.   16.84773807   16.9684   0.000       0.000      0.3319E-04   0.000     0.3037E-02-0.3071E-02  0.000      0.000      0.000      0.000       0.000       0.000       0.000       0.000       0.000       0.000    
    50400.   16.82807521   16.9676   0.000       0.000      0.3838E-04   0.000     0.2705E-02-0.2743E-02  0.000      0.000      0.000      0.000       0.000       0.000       0.000       0.000       0.000       0.000    
    54000.   16.84763951   16.9675   0.000       0.000      0.3297E-04   0.000     0.3012E-02-0.3045E-02  0.000      0.000      0.000      0.000       0.000       0.000       0.000       0.000       0.000       0.000    
    57600.   16.91851478   16.9693   0.000       0.000      0.1397E-04   0.000     0.3724E-02-0.3737E-02  0.000      0.000      0.000      0.000       0.000       0.000       0.000       0.000       0.000       0.000    
    61200.   17.14147851   16.9769   0.000       0.000     -0.4526E-04   0.000     0.5785E-02-0.5740E-02  0.000      0.000      0.000      0.000       0.000       0.000       0.000       0.000       0.000       0.000    
    64800.   17.18535988   16.9843   0.000       0.000     -0.5530E-04   0.000     0.4770E-02-0.4715E-02  0.000      0.000      0.000      0.000       0.000       0.000       0.000       0.000       0.000       0.000    
    68400.   17.21390912   16.9917   0.000       0.000     -0.6110E-04   0.000     0.4310E-02-0.4249E-02  0.000      0.000      0.000      0.000       0.000       0.000       0.000       0.000       0.000       0.000    
    72000.   17.17373113   16.9976   0.000       0.000     -0.4843E-04   0.000     0.3406E-02-0.3358E-02  0.000      0.000      0.000      0.000       0.000       0.000       0.000       0.000       0.000       0.000    
    75600.   17.11401842   17.0018   0.000       0.000     -0.3085E-04   0.000     0.2814E-02-0.2783E-02  0.000      0.000      0.000      0.000       0.000       0.000       0.000       0.000       0.000       0.000    
    79200.   17.24452094   17.0100   0.000       0.000     -0.6450E-04   0.000     0.4676E-02-0.4611E-02  0.000      0.000      0.000      0.000       0.000       0.000       0.000       0.000       0.000       0.000    
    82800.   17.29082529   17.0186   0.000       0.000     -0.7485E-04   0.000     0.4528E-02-0.4453E-02  0.000      0.000      0.000      0.000       0.000       0.000       0.000       0.000       0.000       0.000    
    86400.   17.33331419   17.0279   0.000       0.000     -0.8398E-04   0.000     0.4492E-02-0.4408E-02  0.000      0.000      0.000      0.000       0.000       0.000       0.000       0.000       0.000       0.000    
    90000.   17.50096717   17.0414   0.000       0.000     -0.1264E-03   0.000     0.5948E-02-0.5822E-02  0.000      0.000      0.000      0.000       0.000       0.000       0.000       0.000       0.000       0.000    
    93600.   17.89753786   17.0648   0.000       0.000     -0.2290E-03   0.000     0.9261E-02-0.9032E-02  0.000      0.000      0.000      0.000       0.000       0.000       0.000       0.000       0.000       0.000    
    97200.   17.86749944   17.0844   0.000       0.000     -0.2153E-03   0.000     0.6104E-02-0.5889E-02  0.000      0.000      0.000      0.000       0.000       0.000       0.000       0.000       0.000       0.000    
   100800.   17.61811267   17.0963   0.000       0.000     -0.1435E-03   0.000     0.2484E-02-0.2340E-02  0.000      0.000      0.000      0.000       0.000       0.000       0.000       0.000       0.000       0.000    
   104400.   17.44397245   17.1042   0.000       0.000     -0.9343E-04   0.000     0.1731E-02-0.1637E-02  0.000      0.000      0.000      0.000       0.000       0.000       0.000       0.000       0.000       0.000    
   108000.   17.34512714   17.1104   0.000       0.000     -0.6454E-04   0.000     0.2058E-02-0.1994E-02  0.000      0.000      0.000      0.000       0.000       0.000       0.000       0.000       0.000       0.000    
   111600.   17.23336367   17.1143   0.000       0.000     -0.3275E-04   0.000     0.1866E-02-0.1833E-02  0.000      0.000      0.000      0.000       0.000       0.000       0.000       0.000       0.000       0.000    
   115200.   17.13486196   17.1161   0.000       0.000     -0.5158E-05   0.000     0.1781E-02-0.1776E-02  0.000      0.000      0.000      0.000       0.000       0.000       0.000       0.000       0.000       0.000    
   118800.   17.05485021   17.1164   0.000       0.000      0.1693E-04   0.000     0.1816E-02-0.1833E-02  0.000      0.000      0.000      0.000       0.000       0.000       0.000       0.000       0.000       0.000    
   122400.   17.03491280   17.1168   0.000       0.000      0.2252E-04   0.000     0.2391E-02-0.2413E-02  0.000      0.000      0.000      0.000       0.000       0.000       0.000       0.000       0.000       0.000    
   126000.   16.97621165   17.1158   0.000       0.000      0.3839E-04   0.000     0.2118E-02-0.2156E-02  0.000      0.000      0.000      0.000       0.000       0.000       0.000       0.000       0.000       0.000    
   129600.   17.05020072   17.1173   0.000       0.000      0.1846E-04   0.000     0.3448E-02-0.3467E-02  0.000      0.000      0.000      0.000       0.000       0.000       0.000       0.000       0.000       0.000    
   133200.   17.00762186   17.1173   0.000       0.000      0.3016E-04   0.000     0.2682E-02-0.2712E-02  0.000      0.000      0.000      0.000       0.000       0.000       0.000       0.000       0.000       0.000    
   136800.   16.98247413   17.1168   0.000       0.000      0.3693E-04   0.000     0.2563E-02-0.2600E-02  0.000      0.000      0.000      0.000       0.000       0.000       0.000       0.000       0.000       0.000    
   140400.   16.93140031   17.1150   0.000       0.000      0.5048E-04   0.000     0.2197E-02-0.2247E-02  0.000      0.000      0.000      0.000       0.000       0.000       0.000       0.000       0.000       0.000    
   144000.   16.90806142   17.1129   0.000       0.000      0.5633E-04   0.000     0.2316E-02-0.2373E-02  0.000      0.000      0.000      0.000       0.000       0.000       0.000       0.000       0.000       0.000    
   147600.   16.89286223   17.1106   0.000       0.000      0.5988E-04   0.000     0.2420E-02-0.2480E-02  0.000      0.000      0.000      0.000       0.000       0.000       0.000       0.000       0.000       0.000    
   151200.   16.88256643   17.1083   0.000       0.000      0.6206E-04   0.000     0.2492E-02-0.2554E-02  0.000      0.000      0.000      0.000       0.000       0.000       0.000       0.000       0.000       0.000    
   154800.   16.87546345   17.1058   0.000       0.000      0.6335E-04   0.000     0.2543E-02-0.2607E-02  0.000      0.000      0.000      0.000       0.000       0.000       0.000       0.000       0.000       0.000    
   158400.   16.89620307   17.1041   0.000       0.000      0.5717E-04   0.000     0.2873E-02-0.2930E-02  0.000      0.000      0.000      0.000       0.000       0.000       0.000       0.000       0.000       0.000    
   162000.   17.00605431   17.1054   0.000       0.000      0.2732E-04   0.000     0.4027E-02-0.4054E-02  0.000      0.000      0.000      0.000       0.000       0.000       0.000       0.000       0.000       0.000    
   165600.   17.02505259   17.1066   0.000       0.000      0.2242E-04   0.000     0.3548E-02-0.3570E-02  0.000      0.000      0.000      0.000       0.000       0.000       0.000       0.000       0.000       0.000    
   169200.   16.95341231   17.1055   0.000       0.000      0.4182E-04   0.000     0.2385E-02-0.2427E-02  0.000      0.000      0.000      0.000       0.000       0.000       0.000       0.000       0.000       0.000    
   172800.   16.91787816   17.1037   0.000       0.000      0.5110E-04   0.000     0.2300E-02-0.2352E-02  0.000      0.000      0.000      0.000       0.000       0.000       0.000       0.000       0.000       0.000    
