TOTIM (T)      HCON          HMAT      QDIR      QWELL        QMAT       QCADS      QTUB1      QTUB2      QTUB3      QTUB4      QTUB5      QTUB6       NSTOR        QFIX        QLH     FHLQ (LQ)        CAUCHY   CAUCHY (LQ)
     3600.   16.86898919   17.1205   0.000       0.000      0.6917E-04   0.000     0.1423E-02-0.1493E-02  0.000      0.000      0.000      0.000       0.000       0.000       0.000       0.000       0.000       0.000    
     7200.   16.84345481   17.1198   0.000       0.000      0.7600E-04   0.000     0.1010E-02-0.1086E-02  0.000      0.000      0.000      0.000       0.000       0.000       0.000       0.000       0.000       0.000    
    10800.   16.83340379   17.1190   0.000       0.000      0.7853E-04   0.000     0.9997E-03-0.1078E-02  0.000      0.000      0.000      0.000       0.000       0.000       0.000       0.000       0.000       0.000    
    14400.   16.82702339   17.1180   0.000       0.000      0.8003E-04   0.000     0.1010E-02-0.1090E-02  0.000      0.000      0.000      0.000       0.000       0.000       0.000       0.000       0.000       0.000    
    18000.   16.82263227   17.1171   0.000       0.000      0.8097E-04   0.000     0.1020E-02-0.1101E-02  0.000      0.000      0.000      0.000       0.000       0.000       0.000       0.000       0.000       0.000    
    21600.   16.81955394   17.1161   0.000       0.000      0.8154E-04   0.000     0.1028E-02-0.1110E-02  0.000      0.000      0.000      0.000       0.000       0.000       0.000       0.000       0.000       0.000    
    25200.   16.81740960   17.1151   0.000       0.000      0.8186E-04   0.000     0.1035E-02-0.1117E-02  0.000      0.000      0.000      0.000       0.000       0.000       0.000       0.000       0.000       0.000    
    28800.   16.81583604   17.1141   0.000       0.000      0.8201E-04   0.000     0.1042E-02-0.1124E-02  0.000      0.000      0.000      0.000       0.000       0.000       0.000       0.000       0.000       0.000    
    32400.   16.81470932   17.1130   0.000       0.000      0.8204E-04   0.000     0.1047E-02-0.1129E-02  0.000      0.000      0.000      0.000       0.000       0.000       0.000       0.000       0.000       0.000    
    36000.   16.81381992   17.1120   0.000       0.000      0.8201E-04   0.000     0.1053E-02-0.1135E-02  0.000      0.000      0.000      0.000       0.000       0.000       0.000       0.000       0.000       0.000    
    39600.   16.81309288   17.1110   0.000       0.000      0.8193E-04   0.000     0.1058E-02-0.1140E-02  0.000      0.000      0.000      0.000       0.000       0.000       0.000       0.000       0.000       0.000    
    43200.   16.83813572   17.1108   0.000       0.000      0.7497E-04   0.000     0.1476E-02-0.1551E-02  0.000      0.000      0.000      0.000       0.000       0.000       0.000       0.000       0.000       0.000    
    46800.   16.84774125   17.1106   0.000       0.000      0.7229E-04   0.000     0.1491E-02-0.1564E-02  0.000      0.000      0.000      0.000       0.000       0.000       0.000       0.000       0.000       0.000    
    50400.   16.82807778   17.1098   0.000       0.000      0.7749E-04   0.000     0.1073E-02-0.1150E-02  0.000      0.000      0.000      0.000       0.000       0.000       0.000       0.000       0.000       0.000    
    54000.   16.84764265   17.1097   0.000       0.000      0.7207E-04   0.000     0.1470E-02-0.1542E-02  0.000      0.000      0.000      0.000       0.000       0.000       0.000       0.000       0.000       0.000    
    57600.   16.91851933   17.1115   0.000       0.000      0.5307E-04   0.000     0.2517E-02-0.2570E-02  0.000      0.000      0.000      0.000       0.000       0.000       0.000       0.000       0.000       0.000    
    61200.   17.14154668   17.1191   0.000       0.000     -0.6173E-05   0.000     0.5629E-02-0.5622E-02  0.000      0.000      0.000      0.000       0.000       0.000       0.000       0.000       0.000       0.000    
    64800.   17.18540644   17.1265   0.000       0.000     -0.1621E-04   0.000     0.4853E-02-0.4837E-02  0.000      0.000      0.000      0.000       0.000       0.000       0.000       0.000       0.000       0.000    
    68400.   17.21394737   17.1339   0.000       0.000     -0.2200E-04   0.000     0.4520E-02-0.4498E-02  0.000      0.000      0.000      0.000       0.000       0.000       0.000       0.000       0.000       0.000    
    72000.   17.17375334   17.1398   0.000       0.000     -0.9331E-05   0.000     0.3410E-02-0.3400E-02  0.000      0.000      0.000      0.000       0.000       0.000       0.000       0.000       0.000       0.000    
    75600.   17.11403180   17.1440   0.000       0.000      0.8253E-05   0.000     0.2503E-02-0.2511E-02  0.000      0.000      0.000      0.000       0.000       0.000       0.000       0.000       0.000       0.000    
    79200.   17.24456668   17.1522   0.000       0.000     -0.2540E-04   0.000     0.4930E-02-0.4905E-02  0.000      0.000      0.000      0.000       0.000       0.000       0.000       0.000       0.000       0.000    
    82800.   17.29086934   17.1608   0.000       0.000     -0.3576E-04   0.000     0.4992E-02-0.4956E-02  0.000      0.000      0.000      0.000       0.000       0.000       0.000       0.000       0.000       0.000    
    86400.   17.33335863   17.1701   0.000       0.000     -0.4488E-04   0.000     0.5132E-02-0.5087E-02  0.000      0.000      0.000      0.000       0.000       0.000       0.000       0.000       0.000       0.000    
    90000.   17.50106285   17.1836   0.000       0.000     -0.8730E-04   0.000     0.7338E-02-0.7251E-02  0.000      0.000      0.000      0.000       0.000       0.000       0.000       0.000       0.000       0.000    
    93600.   17.89783347   17.2070   0.000       0.000     -0.1900E-03   0.000     0.1248E-01-0.1229E-01  0.000      0.000      0.000      0.000       0.000       0.000       0.000       0.000       0.000       0.000    
    97200.   17.86763881   17.2266   0.000       0.000     -0.1763E-03   0.000     0.9203E-02-0.9027E-02  0.000      0.000      0.000      0.000       0.000       0.000       0.000       0.000       0.000       0.000    
   100800.   17.61813362   17.2385   0.000       0.000     -0.1044E-03   0.000     0.4348E-02-0.4244E-02  0.000      0.000      0.000      0.000       0.000       0.000       0.000       0.000       0.000       0.000    
   104400.   17.44397696   17.2465   0.000       0.000     -0.5432E-04   0.000     0.2658E-02-0.2604E-02  0.000      0.000      0.000      0.000       0.000       0.000       0.000       0.000       0.000       0.000    
   108000.   17.34513184   17.2527   0.000       0.000     -0.2542E-04   0.000     0.2418E-02-0.2392E-02  0.000      0.000      0.000      0.000       0.000       0.000       0.000       0.000       0.000       0.000    
   111600.   17.23336642   17.2565   0.000       0.000      0.6366E-05   0.000     0.1626E-02-0.1632E-02  0.000      0.000      0.000      0.000       0.000       0.000       0.000       0.000       0.000       0.000    
   115200.   17.13486367   17.2583   0.000       0.000      0.3396E-04   0.000     0.1016E-02-0.1050E-02  0.000      0.000      0.000      0.000       0.000       0.000       0.000       0.000       0.000       0.000    
   118800.   17.05485165   17.2587   0.000       0.000      0.5605E-04   0.000     0.6268E-03-0.6828E-03  0.000      0.000      0.000      0.000       0.000       0.000       0.000       0.000       0.000       0.000    
   122400.   17.03491509   17.2590   0.000       0.000      0.6164E-04   0.000     0.1071E-02-0.1133E-02  0.000      0.000      0.000      0.000       0.000       0.000       0.000       0.000       0.000       0.000    
   126000.   16.97621328   17.2581   0.000       0.000      0.7751E-04   0.000     0.5072E-03-0.5847E-03  0.000      0.000      0.000      0.000       0.000       0.000       0.000       0.000       0.000       0.000    
   129600.   17.05020477   17.2596   0.000       0.000      0.5757E-04   0.000     0.2164E-02-0.2222E-02  0.000      0.000      0.000      0.000       0.000       0.000       0.000       0.000       0.000       0.000    
   133200.   17.00762451   17.2596   0.000       0.000      0.6928E-04   0.000     0.1209E-02-0.1278E-02  0.000      0.000      0.000      0.000       0.000       0.000       0.000       0.000       0.000       0.000    
   136800.   16.98247649   17.2590   0.000       0.000      0.7605E-04   0.000     0.9634E-03-0.1039E-02  0.000      0.000      0.000      0.000       0.000       0.000       0.000       0.000       0.000       0.000    
   140400.   16.93140188   17.2572   0.000       0.000      0.8960E-04   0.000     0.3522E-03-0.4418E-03  0.000      0.000      0.000      0.000       0.000       0.000       0.000       0.000       0.000       0.000    
   144000.   16.90806310   17.2552   0.000       0.000      0.9545E-04   0.000     0.3541E-03-0.4496E-03  0.000      0.000      0.000      0.000       0.000       0.000       0.000       0.000       0.000       0.000    
   147600.   16.89286403   17.2529   0.000       0.000      0.9901E-04   0.000     0.3856E-03-0.4846E-03  0.000      0.000      0.000      0.000       0.000       0.000       0.000       0.000       0.000       0.000    
   151200.   16.88256831   17.2505   0.000       0.000      0.1012E-03   0.000     0.4136E-03-0.5148E-03  0.000      0.000      0.000      0.000       0.000       0.000       0.000       0.000       0.000       0.000    
   154800.   16.87546540   17.2481   0.000       0.000      0.1025E-03   0.000     0.4383E-03-0.5407E-03  0.000      0.000      0.000      0.000       0.000       0.000       0.000       0.000       0.000       0.000    
   158400.   16.89620564   17.2464   0.000       0.000      0.9630E-04   0.000     0.8727E-03-0.9690E-03  0.000      0.000      0.000      0.000       0.000       0.000       0.000       0.000       0.000       0.000    
   162000.   17.00605919   17.2477   0.000       0.000      0.6644E-04   0.000     0.2551E-02-0.2618E-02  0.000      0.000      0.000      0.000       0.000       0.000       0.000       0.000       0.000       0.000    
   165600.   17.02505677   17.2489   0.000       0.000      0.6154E-04   0.000     0.2189E-02-0.2251E-02  0.000      0.000      0.000      0.000       0.000       0.000       0.000       0.000       0.000       0.000    
   169200.   16.95341433   17.2478   0.000       0.000      0.8094E-04   0.000     0.7015E-03-0.7824E-03  0.000      0.000      0.000      0.000       0.000       0.000       0.000       0.000       0.000       0.000    
   172800.   16.91787991   17.2460   0.000       0.000      0.9023E-04   0.000     0.4392E-03-0.5294E-03  0.000      0.000      0.000      0.000       0.000       0.000       0.000       0.000       0.000       0.000    
