TOTIM (T)      HCON          HMAT      QDIR      QWELL        QMAT       QCADS      QTUB1      QTUB2      QTUB3      QTUB4      QTUB5      QTUB6       NSTOR        QFIX        QLH     FHLQ (LQ)        CAUCHY   CAUCHY (LQ)
     3600.   16.86898946   17.2560   0.000       0.000      0.1064E-03   0.000     0.8876E-03-0.9940E-03  0.000      0.000      0.000      0.000       0.000       0.000       0.000       0.000       0.000       0.000    
     7200.   16.84345498   17.2553   0.000       0.000      0.1133E-03   0.000     0.4402E-03-0.5535E-03  0.000      0.000      0.000      0.000       0.000       0.000       0.000       0.000       0.000       0.000    
    10800.   16.83340397   17.2545   0.000       0.000      0.1158E-03   0.000     0.4171E-03-0.5329E-03  0.000      0.000      0.000      0.000       0.000       0.000       0.000       0.000       0.000       0.000    
    14400.   16.82702356   17.2535   0.000       0.000      0.1173E-03   0.000     0.4198E-03-0.5371E-03  0.000      0.000      0.000      0.000       0.000       0.000       0.000       0.000       0.000       0.000    
    18000.   16.82263244   17.2526   0.000       0.000      0.1182E-03   0.000     0.4249E-03-0.5431E-03  0.000      0.000      0.000      0.000       0.000       0.000       0.000       0.000       0.000       0.000    
    21600.   16.81955411   17.2516   0.000       0.000      0.1188E-03   0.000     0.4304E-03-0.5492E-03  0.000      0.000      0.000      0.000       0.000       0.000       0.000       0.000       0.000       0.000    
    25200.   16.81740978   17.2506   0.000       0.000      0.1191E-03   0.000     0.4359E-03-0.5550E-03  0.000      0.000      0.000      0.000       0.000       0.000       0.000       0.000       0.000       0.000    
    28800.   16.81583622   17.2495   0.000       0.000      0.1193E-03   0.000     0.4416E-03-0.5609E-03  0.000      0.000      0.000      0.000       0.000       0.000       0.000       0.000       0.000       0.000    
    32400.   16.81470950   17.2485   0.000       0.000      0.1193E-03   0.000     0.4472E-03-0.5665E-03  0.000      0.000      0.000      0.000       0.000       0.000       0.000       0.000       0.000       0.000    
    36000.   16.81382010   17.2475   0.000       0.000      0.1193E-03   0.000     0.4530E-03-0.5722E-03  0.000      0.000      0.000      0.000       0.000       0.000       0.000       0.000       0.000       0.000    
    39600.   16.81309307   17.2465   0.000       0.000      0.1192E-03   0.000     0.4587E-03-0.5779E-03  0.000      0.000      0.000      0.000       0.000       0.000       0.000       0.000       0.000       0.000    
    43200.   16.83813600   17.2462   0.000       0.000      0.1122E-03   0.000     0.9112E-03-0.1023E-02  0.000      0.000      0.000      0.000       0.000       0.000       0.000       0.000       0.000       0.000    
    46800.   16.84774153   17.2461   0.000       0.000      0.1096E-03   0.000     0.9399E-03-0.1049E-02  0.000      0.000      0.000      0.000       0.000       0.000       0.000       0.000       0.000       0.000    
    50400.   16.82807796   17.2453   0.000       0.000      0.1147E-03   0.000     0.4955E-03-0.6102E-03  0.000      0.000      0.000      0.000       0.000       0.000       0.000       0.000       0.000       0.000    
    54000.   16.84764293   17.2452   0.000       0.000      0.1093E-03   0.000     0.9194E-03-0.1029E-02  0.000      0.000      0.000      0.000       0.000       0.000       0.000       0.000       0.000       0.000    
    57600.   16.91851985   17.2470   0.000       0.000      0.9033E-04   0.000     0.2061E-02-0.2152E-02  0.000      0.000      0.000      0.000       0.000       0.000       0.000       0.000       0.000       0.000    
    61200.   17.14154790   17.2546   0.000       0.000      0.3109E-04   0.000     0.5469E-02-0.5501E-02  0.000      0.000      0.000      0.000       0.000       0.000       0.000       0.000       0.000       0.000    
    64800.   17.18540750   17.2620   0.000       0.000      0.2105E-04   0.000     0.4744E-02-0.4765E-02  0.000      0.000      0.000      0.000       0.000       0.000       0.000       0.000       0.000       0.000    
    68400.   17.21394835   17.2694   0.000       0.000      0.1526E-04   0.000     0.4440E-02-0.4455E-02  0.000      0.000      0.000      0.000       0.000       0.000       0.000       0.000       0.000       0.000    
    72000.   17.17375407   17.2753   0.000       0.000      0.2793E-04   0.000     0.3266E-02-0.3294E-02  0.000      0.000      0.000      0.000       0.000       0.000       0.000       0.000       0.000       0.000    
    75600.   17.11403233   17.2795   0.000       0.000      0.4552E-04   0.000     0.2271E-02-0.2317E-02  0.000      0.000      0.000      0.000       0.000       0.000       0.000       0.000       0.000       0.000    
    79200.   17.24456775   17.2877   0.000       0.000      0.1186E-04   0.000     0.4867E-02-0.4879E-02  0.000      0.000      0.000      0.000       0.000       0.000       0.000       0.000       0.000       0.000    
    82800.   17.29087044   17.2964   0.000       0.000      0.1508E-05   0.000     0.4981E-02-0.4982E-02  0.000      0.000      0.000      0.000       0.000       0.000       0.000       0.000       0.000       0.000    
    86400.   17.33335976   17.3057   0.000       0.000     -0.7620E-05   0.000     0.5166E-02-0.5159E-02  0.000      0.000      0.000      0.000       0.000       0.000       0.000       0.000       0.000       0.000    
    90000.   17.50107618   17.3191   0.000       0.000     -0.5003E-04   0.000     0.7585E-02-0.7535E-02  0.000      0.000      0.000      0.000       0.000       0.000       0.000       0.000       0.000       0.000    
    93600.   17.89787229   17.3425   0.000       0.000     -0.1527E-03   0.000     0.1324E-01-0.1309E-01  0.000      0.000      0.000      0.000       0.000       0.000       0.000       0.000       0.000       0.000    
    97200.   17.86766031   17.3622   0.000       0.000     -0.1390E-03   0.000     0.9895E-02-0.9756E-02  0.000      0.000      0.000      0.000       0.000       0.000       0.000       0.000       0.000       0.000    
   100800.   17.61813857   17.3740   0.000       0.000     -0.6713E-04   0.000     0.4681E-02-0.4613E-02  0.000      0.000      0.000      0.000       0.000       0.000       0.000       0.000       0.000       0.000    
   104400.   17.44397857   17.3820   0.000       0.000     -0.1705E-04   0.000     0.2740E-02-0.2723E-02  0.000      0.000      0.000      0.000       0.000       0.000       0.000       0.000       0.000       0.000    
   108000.   17.34513313   17.3882   0.000       0.000      0.1185E-04   0.000     0.2355E-02-0.2367E-02  0.000      0.000      0.000      0.000       0.000       0.000       0.000       0.000       0.000       0.000    
   111600.   17.23336676   17.3921   0.000       0.000      0.4364E-04   0.000     0.1404E-02-0.1448E-02  0.000      0.000      0.000      0.000       0.000       0.000       0.000       0.000       0.000       0.000    
   115200.   17.13486386   17.3939   0.000       0.000      0.7123E-04   0.000     0.6567E-03-0.7279E-03  0.000      0.000      0.000      0.000       0.000       0.000       0.000       0.000       0.000       0.000    
   118800.   17.05485175   17.3942   0.000       0.000      0.9332E-04   0.000     0.1566E-03-0.2499E-03  0.000      0.000      0.000      0.000       0.000       0.000       0.000       0.000       0.000       0.000    
   122400.   17.03491528   17.3946   0.000       0.000      0.9891E-04   0.000     0.5733E-03-0.6722E-03  0.000      0.000      0.000      0.000       0.000       0.000       0.000       0.000       0.000       0.000    
   126000.   16.97621334   17.3936   0.000       0.000      0.1148E-03   0.000    -0.7025E-04-0.4453E-04  0.000      0.000      0.000      0.000       0.000       0.000       0.000       0.000       0.000       0.000    
   129600.   17.05020521   17.3951   0.000       0.000      0.9485E-04   0.000     0.1686E-02-0.1781E-02  0.000      0.000      0.000      0.000       0.000       0.000       0.000       0.000       0.000       0.000    
   133200.   17.00762473   17.3951   0.000       0.000      0.1066E-03   0.000     0.6722E-03-0.7787E-03  0.000      0.000      0.000      0.000       0.000       0.000       0.000       0.000       0.000       0.000    
   136800.   16.98247665   17.3946   0.000       0.000      0.1133E-03   0.000     0.3932E-03-0.5065E-03  0.000      0.000      0.000      0.000       0.000       0.000       0.000       0.000       0.000       0.000    
   140400.   16.93140191   17.3928   0.000       0.000      0.1269E-03   0.000    -0.2858E-03 0.1589E-03  0.000      0.000      0.000      0.000       0.000       0.000       0.000       0.000       0.000       0.000    
   144000.   16.90806313   17.3907   0.000       0.000      0.1327E-03   0.000    -0.3131E-03 0.1804E-03  0.000      0.000      0.000      0.000       0.000       0.000       0.000       0.000       0.000       0.000    
   147600.   16.89286406   17.3884   0.000       0.000      0.1363E-03   0.000    -0.2994E-03 0.1631E-03  0.000      0.000      0.000      0.000       0.000       0.000       0.000       0.000       0.000       0.000    
   151200.   16.88256835   17.3860   0.000       0.000      0.1385E-03   0.000    -0.2823E-03 0.1438E-03  0.000      0.000      0.000      0.000       0.000       0.000       0.000       0.000       0.000       0.000    
   154800.   16.87546544   17.3836   0.000       0.000      0.1397E-03   0.000    -0.2641E-03 0.1243E-03  0.000      0.000      0.000      0.000       0.000       0.000       0.000       0.000       0.000       0.000    
   158400.   16.89620578   17.3819   0.000       0.000      0.1336E-03   0.000     0.2013E-03-0.3349E-03  0.000      0.000      0.000      0.000       0.000       0.000       0.000       0.000       0.000       0.000    
   162000.   17.00605971   17.3832   0.000       0.000      0.1037E-03   0.000     0.2029E-02-0.2133E-02  0.000      0.000      0.000      0.000       0.000       0.000       0.000       0.000       0.000       0.000    
   165600.   17.02505721   17.3843   0.000       0.000      0.9880E-04   0.000     0.1691E-02-0.1790E-02  0.000      0.000      0.000      0.000       0.000       0.000       0.000       0.000       0.000       0.000    
   169200.   16.95341444   17.3832   0.000       0.000      0.1182E-03   0.000     0.1068E-03-0.2250E-03  0.000      0.000      0.000      0.000       0.000       0.000       0.000       0.000       0.000       0.000    
   172800.   16.91787995   17.3814   0.000       0.000      0.1275E-03   0.000    -0.2019E-03 0.7441E-04  0.000      0.000      0.000      0.000       0.000       0.000       0.000       0.000       0.000       0.000    
