TOTIM (T)      HCON          HMAT      QDIR      QWELL        QMAT       QCADS      QTUB1      QTUB2      QTUB3      QTUB4      QTUB5      QTUB6       NSTOR        QFIX        QLH     FHLQ (LQ)        CAUCHY   CAUCHY (LQ)
     3600.   16.86898785   16.9371   0.000       0.000      0.1873E-04   0.000     0.2592E-02 0.1202E-02-0.3813E-02  0.000      0.000      0.000       0.000       0.000       0.000       0.000       0.000       0.000    
     7200.   16.84345373   16.9364   0.000       0.000      0.2556E-04   0.000     0.2103E-02 0.9843E-03-0.3113E-02  0.000      0.000      0.000       0.000       0.000       0.000       0.000       0.000       0.000    
    10800.   16.83340270   16.9355   0.000       0.000      0.2809E-04   0.000     0.2126E-02 0.9965E-03-0.3150E-02  0.000      0.000      0.000       0.000       0.000       0.000       0.000       0.000       0.000    
    14400.   16.82702229   16.9346   0.000       0.000      0.2959E-04   0.000     0.2162E-02 0.1014E-02-0.3206E-02  0.000      0.000      0.000       0.000       0.000       0.000       0.000       0.000       0.000    
    18000.   16.82263115   16.9336   0.000       0.000      0.3053E-04   0.000     0.2190E-02 0.1027E-02-0.3247E-02  0.000      0.000      0.000       0.000       0.000       0.000       0.000       0.000       0.000    
    21600.   16.81955281   16.9326   0.000       0.000      0.3110E-04   0.000     0.2210E-02 0.1037E-02-0.3278E-02  0.000      0.000      0.000       0.000       0.000       0.000       0.000       0.000       0.000    
    25200.   16.81740847   16.9316   0.000       0.000      0.3141E-04   0.000     0.2224E-02 0.1044E-02-0.3299E-02  0.000      0.000      0.000       0.000       0.000       0.000       0.000       0.000       0.000    
    28800.   16.81583490   16.9306   0.000       0.000      0.3156E-04   0.000     0.2236E-02 0.1049E-02-0.3316E-02  0.000      0.000      0.000       0.000       0.000       0.000       0.000       0.000       0.000    
    32400.   16.81470818   16.9296   0.000       0.000      0.3159E-04   0.000     0.2244E-02 0.1053E-02-0.3329E-02  0.000      0.000      0.000       0.000       0.000       0.000       0.000       0.000       0.000    
    36000.   16.81381877   16.9286   0.000       0.000      0.3155E-04   0.000     0.2252E-02 0.1056E-02-0.3340E-02  0.000      0.000      0.000       0.000       0.000       0.000       0.000       0.000       0.000    
    39600.   16.81309173   16.9275   0.000       0.000      0.3148E-04   0.000     0.2258E-02 0.1059E-02-0.3349E-02  0.000      0.000      0.000       0.000       0.000       0.000       0.000       0.000       0.000    
    43200.   16.83813430   16.9273   0.000       0.000      0.2451E-04   0.000     0.2751E-02 0.1279E-02-0.4055E-02  0.000      0.000      0.000       0.000       0.000       0.000       0.000       0.000       0.000    
    46800.   16.84773984   16.9271   0.000       0.000      0.2183E-04   0.000     0.2733E-02 0.1269E-02-0.4024E-02  0.000      0.000      0.000       0.000       0.000       0.000       0.000       0.000       0.000    
    50400.   16.82807664   16.9263   0.000       0.000      0.2702E-04   0.000     0.2213E-02 0.1036E-02-0.3276E-02  0.000      0.000      0.000       0.000       0.000       0.000       0.000       0.000       0.000    
    54000.   16.84764126   16.9262   0.000       0.000      0.2160E-04   0.000     0.2700E-02 0.1254E-02-0.3976E-02  0.000      0.000      0.000       0.000       0.000       0.000       0.000       0.000       0.000    
    57600.   16.91851729   16.9280   0.000       0.000      0.2599E-05   0.000     0.3913E-02 0.1793E-02-0.5709E-02  0.000      0.000      0.000       0.000       0.000       0.000       0.000       0.000       0.000    
    61200.   17.14154105   16.9356   0.000       0.000     -0.5665E-04   0.000     0.6433E-02 0.4420E-02-0.1080E-01  0.000      0.000      0.000       0.000       0.000       0.000       0.000       0.000       0.000    
    64800.   17.18540199   16.9429   0.000       0.000     -0.6668E-04   0.000     0.5359E-02 0.3657E-02-0.8949E-02  0.000      0.000      0.000       0.000       0.000       0.000       0.000       0.000       0.000    
    68400.   17.21394340   16.9504   0.000       0.000     -0.7247E-04   0.000     0.4885E-02 0.3319E-02-0.8131E-02  0.000      0.000      0.000       0.000       0.000       0.000       0.000       0.000       0.000    
    72000.   17.17375052   16.9563   0.000       0.000     -0.5979E-04   0.000     0.3696E-02 0.2487E-02-0.6123E-02  0.000      0.000      0.000       0.000       0.000       0.000       0.000       0.000       0.000    
    75600.   17.11402978   16.9606   0.000       0.000     -0.4220E-04   0.000     0.2816E-02 0.1877E-02-0.4651E-02  0.000      0.000      0.000       0.000       0.000       0.000       0.000       0.000       0.000    
    79200.   17.24456223   16.9688   0.000       0.000     -0.7584E-04   0.000     0.5346E-02 0.3642E-02-0.8913E-02  0.000      0.000      0.000       0.000       0.000       0.000       0.000       0.000       0.000    
    82800.   17.29086493   16.9775   0.000       0.000     -0.8618E-04   0.000     0.5286E-02 0.3595E-02-0.8794E-02  0.000      0.000      0.000       0.000       0.000       0.000       0.000       0.000       0.000    
    86400.   17.33335415   16.9868   0.000       0.000     -0.9529E-04   0.000     0.5342E-02 0.3629E-02-0.8876E-02  0.000      0.000      0.000       0.000       0.000       0.000       0.000       0.000       0.000    
    90000.   17.50104535   17.0004   0.000       0.000     -0.1377E-03   0.000     0.7490E-02 0.5125E-02-0.1248E-01  0.000      0.000      0.000       0.000       0.000       0.000       0.000       0.000       0.000    
    93600.   17.89774191   17.0239   0.000       0.000     -0.2403E-03   0.000     0.1244E-01 0.8577E-02-0.2078E-01  0.000      0.000      0.000       0.000       0.000       0.000       0.000       0.000       0.000    
    97200.   17.86759231   17.0437   0.000       0.000     -0.2266E-03   0.000     0.8623E-02 0.5884E-02-0.1428E-01  0.000      0.000      0.000       0.000       0.000       0.000       0.000       0.000       0.000    
   100800.   17.61812487   17.0557   0.000       0.000     -0.1547E-03   0.000     0.3629E-02 0.2408E-02-0.5883E-02  0.000      0.000      0.000       0.000       0.000       0.000       0.000       0.000       0.000    
   104400.   17.44397462   17.0638   0.000       0.000     -0.1046E-03   0.000     0.2549E-02 0.1101E-02-0.3545E-02  0.000      0.000      0.000       0.000       0.000       0.000       0.000       0.000       0.000    
   108000.   17.34512957   17.0702   0.000       0.000     -0.7561E-04   0.000     0.2631E-02 0.1157E-02-0.3712E-02  0.000      0.000      0.000       0.000       0.000       0.000       0.000       0.000       0.000    
   111600.   17.23336530   17.0742   0.000       0.000     -0.4378E-04   0.000     0.1966E-02 0.8760E-03-0.2799E-02  0.000      0.000      0.000       0.000       0.000       0.000       0.000       0.000       0.000    
   115200.   17.13486283   17.0762   0.000       0.000     -0.1614E-04   0.000     0.1502E-02 0.6831E-03-0.2169E-02  0.000      0.000      0.000       0.000       0.000       0.000       0.000       0.000       0.000    
   118800.   17.05485096   17.0766   0.000       0.000      0.5992E-05   0.000     0.1270E-02 0.5921E-03-0.1868E-02  0.000      0.000      0.000       0.000       0.000       0.000       0.000       0.000       0.000    
   122400.   17.03491404   17.0772   0.000       0.000      0.1162E-04   0.000     0.1985E-02 0.9212E-03-0.2918E-02  0.000      0.000      0.000       0.000       0.000       0.000       0.000       0.000       0.000    
   126000.   16.97621255   17.0764   0.000       0.000      0.2754E-04   0.000     0.1412E-02 0.6707E-03-0.2110E-02  0.000      0.000      0.000       0.000       0.000       0.000       0.000       0.000       0.000    
   129600.   17.05020296   17.0780   0.000       0.000      0.7648E-05   0.000     0.3481E-02 0.1599E-02-0.5088E-02  0.000      0.000      0.000       0.000       0.000       0.000       0.000       0.000       0.000    
   133200.   17.00762332   17.0782   0.000       0.000      0.1940E-04   0.000     0.2287E-02 0.1064E-02-0.3370E-02  0.000      0.000      0.000       0.000       0.000       0.000       0.000       0.000       0.000    
   136800.   16.98247544   17.0778   0.000       0.000      0.2620E-04   0.000     0.2039E-02 0.9553E-03-0.3020E-02  0.000      0.000      0.000       0.000       0.000       0.000       0.000       0.000       0.000    
   140400.   16.93140120   17.0761   0.000       0.000      0.3980E-04   0.000     0.1367E-02 0.6584E-03-0.2065E-02  0.000      0.000      0.000       0.000       0.000       0.000       0.000       0.000       0.000    
   144000.   16.90806239   17.0742   0.000       0.000      0.4568E-04   0.000     0.1456E-02 0.7030E-03-0.2205E-02  0.000      0.000      0.000       0.000       0.000       0.000       0.000       0.000       0.000    
   147600.   16.89286327   17.0720   0.000       0.000      0.4927E-04   0.000     0.1553E-02 0.7493E-03-0.2351E-02  0.000      0.000      0.000       0.000       0.000       0.000       0.000       0.000       0.000    
   151200.   16.88256752   17.0698   0.000       0.000      0.5148E-04   0.000     0.1624E-02 0.7833E-03-0.2459E-02  0.000      0.000      0.000       0.000       0.000       0.000       0.000       0.000       0.000    
   154800.   16.87546458   17.0675   0.000       0.000      0.5280E-04   0.000     0.1678E-02 0.8086E-03-0.2539E-02  0.000      0.000      0.000       0.000       0.000       0.000       0.000       0.000       0.000    
   158400.   16.89620454   17.0658   0.000       0.000      0.4665E-04   0.000     0.2206E-02 0.1045E-02-0.3298E-02  0.000      0.000      0.000       0.000       0.000       0.000       0.000       0.000       0.000    
   162000.   17.00605704   17.0672   0.000       0.000      0.1682E-04   0.000     0.4159E-02 0.1914E-02-0.6090E-02  0.000      0.000      0.000       0.000       0.000       0.000       0.000       0.000       0.000    
   165600.   17.02505492   17.0685   0.000       0.000      0.1195E-04   0.000     0.3568E-02 0.1642E-02-0.5222E-02  0.000      0.000      0.000       0.000       0.000       0.000       0.000       0.000       0.000    
   169200.   16.95341344   17.0675   0.000       0.000      0.3138E-04   0.000     0.1735E-02 0.8203E-03-0.2587E-02  0.000      0.000      0.000       0.000       0.000       0.000       0.000       0.000       0.000    
   172800.   16.91787916   17.0658   0.000       0.000      0.4069E-04   0.000     0.1501E-02 0.7200E-03-0.2262E-02  0.000      0.000      0.000       0.000       0.000       0.000       0.000       0.000       0.000    
