TOTIM (T)      HCON          HMAT      QDIR      QWELL        QMAT       QCADS      QTUB1      QTUB2      QTUB3      QTUB4      QTUB5      QTUB6       NSTOR        QFIX        QLH     FHLQ (LQ)        CAUCHY   CAUCHY (LQ)
     3600.   16.86898787   17.6412   0.000       0.000      0.2124E-03   0.000     0.1867E-02-0.2080E-02  0.000      0.000      0.000      0.000       0.000       0.000       0.000       0.000       0.000       0.000    
     7200.   16.84345383   17.6405   0.000       0.000      0.2192E-03   0.000     0.1470E-02-0.1690E-02  0.000      0.000      0.000      0.000       0.000       0.000       0.000       0.000       0.000       0.000    
    10800.   16.83340281   17.6396   0.000       0.000      0.2217E-03   0.000     0.1473E-02-0.1695E-02  0.000      0.000      0.000      0.000       0.000       0.000       0.000       0.000       0.000       0.000    
    14400.   16.82702238   17.6387   0.000       0.000      0.2232E-03   0.000     0.1491E-02-0.1714E-02  0.000      0.000      0.000      0.000       0.000       0.000       0.000       0.000       0.000       0.000    
    18000.   16.82263124   17.6377   0.000       0.000      0.2242E-03   0.000     0.1506E-02-0.1730E-02  0.000      0.000      0.000      0.000       0.000       0.000       0.000       0.000       0.000       0.000    
    21600.   16.81955289   17.6367   0.000       0.000      0.2247E-03   0.000     0.1517E-02-0.1742E-02  0.000      0.000      0.000      0.000       0.000       0.000       0.000       0.000       0.000       0.000    
    25200.   16.81740855   17.6357   0.000       0.000      0.2250E-03   0.000     0.1526E-02-0.1751E-02  0.000      0.000      0.000      0.000       0.000       0.000       0.000       0.000       0.000       0.000    
    28800.   16.81583498   17.6347   0.000       0.000      0.2252E-03   0.000     0.1533E-02-0.1759E-02  0.000      0.000      0.000      0.000       0.000       0.000       0.000       0.000       0.000       0.000    
    32400.   16.81470825   17.6337   0.000       0.000      0.2252E-03   0.000     0.1539E-02-0.1765E-02  0.000      0.000      0.000      0.000       0.000       0.000       0.000       0.000       0.000       0.000    
    36000.   16.81381885   17.6327   0.000       0.000      0.2252E-03   0.000     0.1545E-02-0.1770E-02  0.000      0.000      0.000      0.000       0.000       0.000       0.000       0.000       0.000       0.000    
    39600.   16.81309181   17.6317   0.000       0.000      0.2251E-03   0.000     0.1550E-02-0.1775E-02  0.000      0.000      0.000      0.000       0.000       0.000       0.000       0.000       0.000       0.000    
    43200.   16.83813429   17.6314   0.000       0.000      0.2182E-03   0.000     0.1951E-02-0.2169E-02  0.000      0.000      0.000      0.000       0.000       0.000       0.000       0.000       0.000       0.000    
    46800.   16.84773983   17.6313   0.000       0.000      0.2155E-03   0.000     0.1953E-02-0.2169E-02  0.000      0.000      0.000      0.000       0.000       0.000       0.000       0.000       0.000       0.000    
    50400.   16.82807672   17.6305   0.000       0.000      0.2207E-03   0.000     0.1543E-02-0.1763E-02  0.000      0.000      0.000      0.000       0.000       0.000       0.000       0.000       0.000       0.000    
    54000.   16.84764125   17.6304   0.000       0.000      0.2153E-03   0.000     0.1931E-02-0.2146E-02  0.000      0.000      0.000      0.000       0.000       0.000       0.000       0.000       0.000       0.000    
    57600.   16.91851707   17.6322   0.000       0.000      0.1963E-03   0.000     0.2928E-02-0.3124E-02  0.000      0.000      0.000      0.000       0.000       0.000       0.000       0.000       0.000       0.000    
    61200.   17.14148243   17.6398   0.000       0.000      0.1370E-03   0.000     0.5878E-02-0.6015E-02  0.000      0.000      0.000      0.000       0.000       0.000       0.000       0.000       0.000       0.000    
    64800.   17.18536318   17.6471   0.000       0.000      0.1270E-03   0.000     0.5013E-02-0.5140E-02  0.000      0.000      0.000      0.000       0.000       0.000       0.000       0.000       0.000       0.000    
    68400.   17.21391214   17.6546   0.000       0.000      0.1212E-03   0.000     0.4640E-02-0.4761E-02  0.000      0.000      0.000      0.000       0.000       0.000       0.000       0.000       0.000       0.000    
    72000.   17.17373351   17.6605   0.000       0.000      0.1339E-03   0.000     0.3546E-02-0.3680E-02  0.000      0.000      0.000      0.000       0.000       0.000       0.000       0.000       0.000       0.000    
    75600.   17.11402033   17.6647   0.000       0.000      0.1514E-03   0.000     0.2690E-02-0.2842E-02  0.000      0.000      0.000      0.000       0.000       0.000       0.000       0.000       0.000       0.000    
    79200.   17.24452422   17.6729   0.000       0.000      0.1178E-03   0.000     0.5057E-02-0.5175E-02  0.000      0.000      0.000      0.000       0.000       0.000       0.000       0.000       0.000       0.000    
    82800.   17.29082852   17.6815   0.000       0.000      0.1074E-03   0.000     0.5065E-02-0.5172E-02  0.000      0.000      0.000      0.000       0.000       0.000       0.000       0.000       0.000       0.000    
    86400.   17.33331744   17.6908   0.000       0.000      0.9831E-04   0.000     0.5166E-02-0.5264E-02  0.000      0.000      0.000      0.000       0.000       0.000       0.000       0.000       0.000       0.000    
    90000.   17.50098831   17.7043   0.000       0.000      0.5591E-04   0.000     0.7257E-02-0.7313E-02  0.000      0.000      0.000      0.000       0.000       0.000       0.000       0.000       0.000       0.000    
    93600.   17.89762067   17.7277   0.000       0.000     -0.4674E-04   0.000     0.1211E-01-0.1206E-01  0.000      0.000      0.000      0.000       0.000       0.000       0.000       0.000       0.000       0.000    
    97200.   17.86754029   17.7473   0.000       0.000     -0.3306E-04   0.000     0.8748E-02-0.8715E-02  0.000      0.000      0.000      0.000       0.000       0.000       0.000       0.000       0.000       0.000    
   100800.   17.61812055   17.7592   0.000       0.000      0.3879E-04   0.000     0.4050E-02-0.4089E-02  0.000      0.000      0.000      0.000       0.000       0.000       0.000       0.000       0.000       0.000    
   104400.   17.44397467   17.7671   0.000       0.000      0.8887E-04   0.000     0.2545E-02-0.2634E-02  0.000      0.000      0.000      0.000       0.000       0.000       0.000       0.000       0.000       0.000    
   108000.   17.34512951   17.7734   0.000       0.000      0.1178E-03   0.000     0.2440E-02-0.2558E-02  0.000      0.000      0.000      0.000       0.000       0.000       0.000       0.000       0.000       0.000    
   111600.   17.23336546   17.7772   0.000       0.000      0.1496E-03   0.000     0.1771E-02-0.1920E-02  0.000      0.000      0.000      0.000       0.000       0.000       0.000       0.000       0.000       0.000    
   115200.   17.13486339   17.7790   0.000       0.000      0.1772E-03   0.000     0.1272E-02-0.1449E-02  0.000      0.000      0.000      0.000       0.000       0.000       0.000       0.000       0.000       0.000    
   118800.   17.05485149   17.7794   0.000       0.000      0.1992E-03   0.000     0.9754E-03-0.1175E-02  0.000      0.000      0.000      0.000       0.000       0.000       0.000       0.000       0.000       0.000    
   122400.   17.03491473   17.7798   0.000       0.000      0.2048E-03   0.000     0.1467E-02-0.1671E-02  0.000      0.000      0.000      0.000       0.000       0.000       0.000       0.000       0.000       0.000    
   126000.   16.97621310   17.7788   0.000       0.000      0.2207E-03   0.000     0.9551E-03-0.1176E-02  0.000      0.000      0.000      0.000       0.000       0.000       0.000       0.000       0.000       0.000    
   129600.   17.05020430   17.7803   0.000       0.000      0.2008E-03   0.000     0.2585E-02-0.2786E-02  0.000      0.000      0.000      0.000       0.000       0.000       0.000       0.000       0.000       0.000    
   133200.   17.00762411   17.7803   0.000       0.000      0.2125E-03   0.000     0.1643E-02-0.1855E-02  0.000      0.000      0.000      0.000       0.000       0.000       0.000       0.000       0.000       0.000    
   136800.   16.98247614   17.7798   0.000       0.000      0.2193E-03   0.000     0.1423E-02-0.1642E-02  0.000      0.000      0.000      0.000       0.000       0.000       0.000       0.000       0.000       0.000    
   140400.   16.93140174   17.7780   0.000       0.000      0.2328E-03   0.000     0.8527E-03-0.1086E-02  0.000      0.000      0.000      0.000       0.000       0.000       0.000       0.000       0.000       0.000    
   144000.   16.90806295   17.7759   0.000       0.000      0.2387E-03   0.000     0.8847E-03-0.1123E-02  0.000      0.000      0.000      0.000       0.000       0.000       0.000       0.000       0.000       0.000    
   147600.   16.89286385   17.7736   0.000       0.000      0.2422E-03   0.000     0.9348E-03-0.1177E-02  0.000      0.000      0.000      0.000       0.000       0.000       0.000       0.000       0.000       0.000    
   151200.   16.88256811   17.7713   0.000       0.000      0.2444E-03   0.000     0.9745E-03-0.1219E-02  0.000      0.000      0.000      0.000       0.000       0.000       0.000       0.000       0.000       0.000    
   154800.   16.87546519   17.7689   0.000       0.000      0.2457E-03   0.000     0.1006E-02-0.1252E-02  0.000      0.000      0.000      0.000       0.000       0.000       0.000       0.000       0.000       0.000    
   158400.   16.89620530   17.7671   0.000       0.000      0.2395E-03   0.000     0.1429E-02-0.1668E-02  0.000      0.000      0.000      0.000       0.000       0.000       0.000       0.000       0.000       0.000    
   162000.   17.00605881   17.7684   0.000       0.000      0.2097E-03   0.000     0.3030E-02-0.3240E-02  0.000      0.000      0.000      0.000       0.000       0.000       0.000       0.000       0.000       0.000    
   165600.   17.02505629   17.7696   0.000       0.000      0.2048E-03   0.000     0.2625E-02-0.2830E-02  0.000      0.000      0.000      0.000       0.000       0.000       0.000       0.000       0.000       0.000    
   169200.   16.95341405   17.7685   0.000       0.000      0.2242E-03   0.000     0.1171E-02-0.1395E-02  0.000      0.000      0.000      0.000       0.000       0.000       0.000       0.000       0.000       0.000    
   172800.   16.91787972   17.7668   0.000       0.000      0.2335E-03   0.000     0.9470E-03-0.1180E-02  0.000      0.000      0.000      0.000       0.000       0.000       0.000       0.000       0.000       0.000    
