TOTIM (T)      HCON          HMAT      QDIR      QWELL        QMAT       QCADS      QTUB1      QTUB2      QTUB3      QTUB4      QTUB5      QTUB6       NSTOR        QFIX        QLH     FHLQ (LQ)        CAUCHY   CAUCHY (LQ)
     3600.   16.86898778   17.1133   0.000       0.000      0.6720E-04   0.000    -0.2147E-02 0.2080E-02  0.000      0.000      0.000      0.000       0.000       0.000       0.000       0.000       0.000       0.000    
     7200.   16.84345376   17.1126   0.000       0.000      0.7402E-04   0.000    -0.1764E-02 0.1690E-02  0.000      0.000      0.000      0.000       0.000       0.000       0.000       0.000       0.000       0.000    
    10800.   16.83340273   17.1118   0.000       0.000      0.7656E-04   0.000    -0.1771E-02 0.1695E-02  0.000      0.000      0.000      0.000       0.000       0.000       0.000       0.000       0.000       0.000    
    14400.   16.82702230   17.1109   0.000       0.000      0.7806E-04   0.000    -0.1792E-02 0.1714E-02  0.000      0.000      0.000      0.000       0.000       0.000       0.000       0.000       0.000       0.000    
    18000.   16.82263116   17.1099   0.000       0.000      0.7900E-04   0.000    -0.1809E-02 0.1730E-02  0.000      0.000      0.000      0.000       0.000       0.000       0.000       0.000       0.000       0.000    
    21600.   16.81955282   17.1089   0.000       0.000      0.7957E-04   0.000    -0.1821E-02 0.1742E-02  0.000      0.000      0.000      0.000       0.000       0.000       0.000       0.000       0.000       0.000    
    25200.   16.81740847   17.1079   0.000       0.000      0.7988E-04   0.000    -0.1831E-02 0.1751E-02  0.000      0.000      0.000      0.000       0.000       0.000       0.000       0.000       0.000       0.000    
    28800.   16.81583490   17.1069   0.000       0.000      0.8004E-04   0.000    -0.1839E-02 0.1759E-02  0.000      0.000      0.000      0.000       0.000       0.000       0.000       0.000       0.000       0.000    
    32400.   16.81470818   17.1059   0.000       0.000      0.8007E-04   0.000    -0.1845E-02 0.1765E-02  0.000      0.000      0.000      0.000       0.000       0.000       0.000       0.000       0.000       0.000    
    36000.   16.81381877   17.1049   0.000       0.000      0.8003E-04   0.000    -0.1850E-02 0.1770E-02  0.000      0.000      0.000      0.000       0.000       0.000       0.000       0.000       0.000       0.000    
    39600.   16.81309173   17.1038   0.000       0.000      0.7996E-04   0.000    -0.1855E-02 0.1775E-02  0.000      0.000      0.000      0.000       0.000       0.000       0.000       0.000       0.000       0.000    
    43200.   16.83813420   17.1036   0.000       0.000      0.7300E-04   0.000    -0.2242E-02 0.2169E-02  0.000      0.000      0.000      0.000       0.000       0.000       0.000       0.000       0.000       0.000    
    46800.   16.84773974   17.1034   0.000       0.000      0.7032E-04   0.000    -0.2239E-02 0.2169E-02  0.000      0.000      0.000      0.000       0.000       0.000       0.000       0.000       0.000       0.000    
    50400.   16.82807665   17.1027   0.000       0.000      0.7551E-04   0.000    -0.1839E-02 0.1763E-02  0.000      0.000      0.000      0.000       0.000       0.000       0.000       0.000       0.000       0.000    
    54000.   16.84764116   17.1025   0.000       0.000      0.7010E-04   0.000    -0.2216E-02 0.2146E-02  0.000      0.000      0.000      0.000       0.000       0.000       0.000       0.000       0.000       0.000    
    57600.   16.91851694   17.1043   0.000       0.000      0.5110E-04   0.000    -0.3175E-02 0.3124E-02  0.000      0.000      0.000      0.000       0.000       0.000       0.000       0.000       0.000       0.000    
    61200.   17.14148216   17.1119   0.000       0.000     -0.8132E-05   0.000    -0.6007E-02 0.6015E-02  0.000      0.000      0.000      0.000       0.000       0.000       0.000       0.000       0.000       0.000    
    64800.   17.18536296   17.1193   0.000       0.000     -0.1817E-04   0.000    -0.5122E-02 0.5140E-02  0.000      0.000      0.000      0.000       0.000       0.000       0.000       0.000       0.000       0.000    
    68400.   17.21391193   17.1268   0.000       0.000     -0.2397E-04   0.000    -0.4737E-02 0.4761E-02  0.000      0.000      0.000      0.000       0.000       0.000       0.000       0.000       0.000       0.000    
    72000.   17.17373335   17.1326   0.000       0.000     -0.1130E-04   0.000    -0.3669E-02 0.3680E-02  0.000      0.000      0.000      0.000       0.000       0.000       0.000       0.000       0.000       0.000    
    75600.   17.11402021   17.1369   0.000       0.000      0.6280E-05   0.000    -0.2848E-02 0.2842E-02  0.000      0.000      0.000      0.000       0.000       0.000       0.000       0.000       0.000       0.000    
    79200.   17.24452400   17.1450   0.000       0.000     -0.2737E-04   0.000    -0.5147E-02 0.5175E-02  0.000      0.000      0.000      0.000       0.000       0.000       0.000       0.000       0.000       0.000    
    82800.   17.29082830   17.1537   0.000       0.000     -0.3772E-04   0.000    -0.5134E-02 0.5172E-02  0.000      0.000      0.000      0.000       0.000       0.000       0.000       0.000       0.000       0.000    
    86400.   17.33331721   17.1630   0.000       0.000     -0.4685E-04   0.000    -0.5217E-02 0.5264E-02  0.000      0.000      0.000      0.000       0.000       0.000       0.000       0.000       0.000       0.000    
    90000.   17.50098575   17.1765   0.000       0.000     -0.8925E-04   0.000    -0.7224E-02 0.7313E-02  0.000      0.000      0.000      0.000       0.000       0.000       0.000       0.000       0.000       0.000    
    93600.   17.89761378   17.1998   0.000       0.000     -0.1919E-03   0.000    -0.1187E-01 0.1206E-01  0.000      0.000      0.000      0.000       0.000       0.000       0.000       0.000       0.000       0.000    
    97200.   17.86753667   17.2195   0.000       0.000     -0.1782E-03   0.000    -0.8537E-02 0.8715E-02  0.000      0.000      0.000      0.000       0.000       0.000       0.000       0.000       0.000       0.000    
   100800.   17.61811973   17.2314   0.000       0.000     -0.1064E-03   0.000    -0.3982E-02 0.4089E-02  0.000      0.000      0.000      0.000       0.000       0.000       0.000       0.000       0.000       0.000    
   104400.   17.44397455   17.2393   0.000       0.000     -0.5628E-04   0.000    -0.2578E-02 0.2634E-02  0.000      0.000      0.000      0.000       0.000       0.000       0.000       0.000       0.000       0.000    
   108000.   17.34512940   17.2456   0.000       0.000     -0.2738E-04   0.000    -0.2530E-02 0.2558E-02  0.000      0.000      0.000      0.000       0.000       0.000       0.000       0.000       0.000       0.000    
   111600.   17.23336538   17.2494   0.000       0.000      0.4408E-05   0.000    -0.1924E-02 0.1920E-02  0.000      0.000      0.000      0.000       0.000       0.000       0.000       0.000       0.000       0.000    
   115200.   17.13486333   17.2512   0.000       0.000      0.3200E-04   0.000    -0.1481E-02 0.1449E-02  0.000      0.000      0.000      0.000       0.000       0.000       0.000       0.000       0.000       0.000    
   118800.   17.05485144   17.2516   0.000       0.000      0.5410E-04   0.000    -0.1229E-02 0.1175E-02  0.000      0.000      0.000      0.000       0.000       0.000       0.000       0.000       0.000       0.000    
   122400.   17.03491466   17.2520   0.000       0.000      0.5969E-04   0.000    -0.1731E-02 0.1671E-02  0.000      0.000      0.000      0.000       0.000       0.000       0.000       0.000       0.000       0.000    
   126000.   16.97621305   17.2510   0.000       0.000      0.7556E-04   0.000    -0.1251E-02 0.1176E-02  0.000      0.000      0.000      0.000       0.000       0.000       0.000       0.000       0.000       0.000    
   129600.   17.05020418   17.2525   0.000       0.000      0.5564E-04   0.000    -0.2841E-02 0.2786E-02  0.000      0.000      0.000      0.000       0.000       0.000       0.000       0.000       0.000       0.000    
   133200.   17.00762403   17.2525   0.000       0.000      0.6735E-04   0.000    -0.1922E-02 0.1855E-02  0.000      0.000      0.000      0.000       0.000       0.000       0.000       0.000       0.000       0.000    
   136800.   16.98247607   17.2520   0.000       0.000      0.7412E-04   0.000    -0.1716E-02 0.1642E-02  0.000      0.000      0.000      0.000       0.000       0.000       0.000       0.000       0.000       0.000    
   140400.   16.93140170   17.2502   0.000       0.000      0.8768E-04   0.000    -0.1173E-02 0.1086E-02  0.000      0.000      0.000      0.000       0.000       0.000       0.000       0.000       0.000       0.000    
   144000.   16.90806290   17.2482   0.000       0.000      0.9353E-04   0.000    -0.1217E-02 0.1123E-02  0.000      0.000      0.000      0.000       0.000       0.000       0.000       0.000       0.000       0.000    
   147600.   16.89286380   17.2459   0.000       0.000      0.9709E-04   0.000    -0.1274E-02 0.1177E-02  0.000      0.000      0.000      0.000       0.000       0.000       0.000       0.000       0.000       0.000    
   151200.   16.88256806   17.2436   0.000       0.000      0.9928E-04   0.000    -0.1318E-02 0.1219E-02  0.000      0.000      0.000      0.000       0.000       0.000       0.000       0.000       0.000       0.000    
   154800.   16.87546514   17.2412   0.000       0.000      0.1006E-03   0.000    -0.1353E-02 0.1252E-02  0.000      0.000      0.000      0.000       0.000       0.000       0.000       0.000       0.000       0.000    
   158400.   16.89620523   17.2395   0.000       0.000      0.9439E-04   0.000    -0.1762E-02 0.1668E-02  0.000      0.000      0.000      0.000       0.000       0.000       0.000       0.000       0.000       0.000    
   162000.   17.00605867   17.2408   0.000       0.000      0.6454E-04   0.000    -0.3304E-02 0.3240E-02  0.000      0.000      0.000      0.000       0.000       0.000       0.000       0.000       0.000       0.000    
   165600.   17.02505617   17.2420   0.000       0.000      0.5965E-04   0.000    -0.2889E-02 0.2830E-02  0.000      0.000      0.000      0.000       0.000       0.000       0.000       0.000       0.000       0.000    
   169200.   16.95341399   17.2409   0.000       0.000      0.7906E-04   0.000    -0.1474E-02 0.1395E-02  0.000      0.000      0.000      0.000       0.000       0.000       0.000       0.000       0.000       0.000    
   172800.   16.91787967   17.2392   0.000       0.000      0.8835E-04   0.000    -0.1269E-02 0.1180E-02  0.000      0.000      0.000      0.000       0.000       0.000       0.000       0.000       0.000       0.000    
