TOTIM (T)      HCON          HMAT      QDIR      QWELL        QMAT       QCADS      QTUB1      QTUB2      QTUB3      QTUB4      QTUB5      QTUB6       NSTOR        QFIX        QLH     FHLQ (LQ)        CAUCHY   CAUCHY (LQ)
     3600.   16.86898830   17.2143   0.000       0.000      0.9496E-04   0.000    -0.1077E-02 0.9820E-03  0.000      0.000      0.000      0.000       0.000       0.000       0.000       0.000       0.000       0.000    
     7200.   16.84345415   17.2136   0.000       0.000      0.1018E-03   0.000    -0.6253E-03 0.5235E-03  0.000      0.000      0.000      0.000       0.000       0.000       0.000       0.000       0.000       0.000    
    10800.   16.83340312   17.2128   0.000       0.000      0.1043E-03   0.000    -0.6075E-03 0.5031E-03  0.000      0.000      0.000      0.000       0.000       0.000       0.000       0.000       0.000       0.000    
    14400.   16.82702269   17.2118   0.000       0.000      0.1058E-03   0.000    -0.6135E-03 0.5076E-03  0.000      0.000      0.000      0.000       0.000       0.000       0.000       0.000       0.000       0.000    
    18000.   16.82263155   17.2109   0.000       0.000      0.1068E-03   0.000    -0.6206E-03 0.5139E-03  0.000      0.000      0.000      0.000       0.000       0.000       0.000       0.000       0.000       0.000    
    21600.   16.81955321   17.2099   0.000       0.000      0.1073E-03   0.000    -0.6275E-03 0.5202E-03  0.000      0.000      0.000      0.000       0.000       0.000       0.000       0.000       0.000       0.000    
    25200.   16.81740887   17.2089   0.000       0.000      0.1076E-03   0.000    -0.6339E-03 0.5262E-03  0.000      0.000      0.000      0.000       0.000       0.000       0.000       0.000       0.000       0.000    
    28800.   16.81583530   17.2078   0.000       0.000      0.1078E-03   0.000    -0.6402E-03 0.5324E-03  0.000      0.000      0.000      0.000       0.000       0.000       0.000       0.000       0.000       0.000    
    32400.   16.81470858   17.2068   0.000       0.000      0.1078E-03   0.000    -0.6460E-03 0.5382E-03  0.000      0.000      0.000      0.000       0.000       0.000       0.000       0.000       0.000       0.000    
    36000.   16.81381918   17.2058   0.000       0.000      0.1078E-03   0.000    -0.6519E-03 0.5441E-03  0.000      0.000      0.000      0.000       0.000       0.000       0.000       0.000       0.000       0.000    
    39600.   16.81309214   17.2048   0.000       0.000      0.1077E-03   0.000    -0.6577E-03 0.5500E-03  0.000      0.000      0.000      0.000       0.000       0.000       0.000       0.000       0.000       0.000    
    43200.   16.83813475   17.2045   0.000       0.000      0.1008E-03   0.000    -0.1115E-02 0.1014E-02  0.000      0.000      0.000      0.000       0.000       0.000       0.000       0.000       0.000       0.000    
    46800.   16.84774029   17.2044   0.000       0.000      0.9808E-04   0.000    -0.1138E-02 0.1040E-02  0.000      0.000      0.000      0.000       0.000       0.000       0.000       0.000       0.000       0.000    
    50400.   16.82807706   17.2036   0.000       0.000      0.1033E-03   0.000    -0.6857E-03 0.5825E-03  0.000      0.000      0.000      0.000       0.000       0.000       0.000       0.000       0.000       0.000    
    54000.   16.84764171   17.2035   0.000       0.000      0.9786E-04   0.000    -0.1117E-02 0.1019E-02  0.000      0.000      0.000      0.000       0.000       0.000       0.000       0.000       0.000       0.000    
    57600.   16.91851784   17.2053   0.000       0.000      0.7886E-04   0.000    -0.2266E-02 0.2187E-02  0.000      0.000      0.000      0.000       0.000       0.000       0.000       0.000       0.000       0.000    
    61200.   17.14148412   17.2129   0.000       0.000      0.1963E-04   0.000    -0.5690E-02 0.5670E-02  0.000      0.000      0.000      0.000       0.000       0.000       0.000       0.000       0.000       0.000    
    64800.   17.18536463   17.2202   0.000       0.000      0.9593E-05   0.000    -0.4906E-02 0.4896E-02  0.000      0.000      0.000      0.000       0.000       0.000       0.000       0.000       0.000       0.000    
    68400.   17.21391348   17.2277   0.000       0.000      0.3797E-05   0.000    -0.4579E-02 0.4575E-02  0.000      0.000      0.000      0.000       0.000       0.000       0.000       0.000       0.000       0.000    
    72000.   17.17373451   17.2336   0.000       0.000      0.1646E-04   0.000    -0.3384E-02 0.3368E-02  0.000      0.000      0.000      0.000       0.000       0.000       0.000       0.000       0.000       0.000    
    75600.   17.11402107   17.2378   0.000       0.000      0.3405E-04   0.000    -0.2387E-02 0.2353E-02  0.000      0.000      0.000      0.000       0.000       0.000       0.000       0.000       0.000       0.000    
    79200.   17.24452569   17.2460   0.000       0.000      0.3962E-06   0.000    -0.5023E-02 0.5022E-02  0.000      0.000      0.000      0.000       0.000       0.000       0.000       0.000       0.000       0.000    
    82800.   17.29083000   17.2546   0.000       0.000     -0.9955E-05   0.000    -0.5113E-02 0.5123E-02  0.000      0.000      0.000      0.000       0.000       0.000       0.000       0.000       0.000       0.000    
    86400.   17.33331896   17.2639   0.000       0.000     -0.1908E-04   0.000    -0.5287E-02 0.5307E-02  0.000      0.000      0.000      0.000       0.000       0.000       0.000       0.000       0.000       0.000    
    90000.   17.50100419   17.2774   0.000       0.000     -0.6149E-04   0.000    -0.7718E-02 0.7780E-02  0.000      0.000      0.000      0.000       0.000       0.000       0.000       0.000       0.000       0.000    
    93600.   17.89766860   17.3008   0.000       0.000     -0.1642E-03   0.000    -0.1339E-01 0.1356E-01  0.000      0.000      0.000      0.000       0.000       0.000       0.000       0.000       0.000       0.000    
    97200.   17.86756595   17.3204   0.000       0.000     -0.1505E-03   0.000    -0.9920E-02 0.1007E-01  0.000      0.000      0.000      0.000       0.000       0.000       0.000       0.000       0.000       0.000    
   100800.   17.61812619   17.3323   0.000       0.000     -0.7860E-04   0.000    -0.4648E-02 0.4726E-02  0.000      0.000      0.000      0.000       0.000       0.000       0.000       0.000       0.000       0.000    
   104400.   17.44397588   17.3403   0.000       0.000     -0.2852E-04   0.000    -0.2743E-02 0.2771E-02  0.000      0.000      0.000      0.000       0.000       0.000       0.000       0.000       0.000       0.000    
   108000.   17.34513057   17.3465   0.000       0.000      0.3739E-06   0.000    -0.2406E-02 0.2405E-02  0.000      0.000      0.000      0.000       0.000       0.000       0.000       0.000       0.000       0.000    
   111600.   17.23336593   17.3503   0.000       0.000      0.3216E-04   0.000    -0.1482E-02 0.1450E-02  0.000      0.000      0.000      0.000       0.000       0.000       0.000       0.000       0.000       0.000    
   115200.   17.13486369   17.3522   0.000       0.000      0.5976E-04   0.000    -0.7627E-03 0.7029E-03  0.000      0.000      0.000      0.000       0.000       0.000       0.000       0.000       0.000       0.000    
   118800.   17.05485168   17.3525   0.000       0.000      0.8185E-04   0.000    -0.2890E-03 0.2072E-03  0.000      0.000      0.000      0.000       0.000       0.000       0.000       0.000       0.000       0.000    
   122400.   17.03491505   17.3529   0.000       0.000      0.8744E-04   0.000    -0.7354E-03 0.6480E-03  0.000      0.000      0.000      0.000       0.000       0.000       0.000       0.000       0.000       0.000    
   126000.   16.97621326   17.3519   0.000       0.000      0.1033E-03   0.000    -0.9692E-04-0.6394E-05  0.000      0.000      0.000      0.000       0.000       0.000       0.000       0.000       0.000       0.000    
   129600.   17.05020496   17.3534   0.000       0.000      0.8338E-04   0.000    -0.1886E-02 0.1803E-02  0.000      0.000      0.000      0.000       0.000       0.000       0.000       0.000       0.000       0.000    
   133200.   17.00762448   17.3534   0.000       0.000      0.9510E-04   0.000    -0.8501E-03 0.7550E-03  0.000      0.000      0.000      0.000       0.000       0.000       0.000       0.000       0.000       0.000    
   136800.   16.98247644   17.3529   0.000       0.000      0.1019E-03   0.000    -0.5759E-03 0.4740E-03  0.000      0.000      0.000      0.000       0.000       0.000       0.000       0.000       0.000       0.000    
   140400.   16.93140186   17.3511   0.000       0.000      0.1154E-03   0.000     0.1026E-03-0.2180E-03  0.000      0.000      0.000      0.000       0.000       0.000       0.000       0.000       0.000       0.000    
   144000.   16.90806307   17.3491   0.000       0.000      0.1213E-03   0.000     0.1175E-03-0.2388E-03  0.000      0.000      0.000      0.000       0.000       0.000       0.000       0.000       0.000       0.000    
   147600.   16.89286398   17.3468   0.000       0.000      0.1248E-03   0.000     0.9596E-04-0.2208E-03  0.000      0.000      0.000      0.000       0.000       0.000       0.000       0.000       0.000       0.000    
   151200.   16.88256825   17.3445   0.000       0.000      0.1270E-03   0.000     0.7379E-04-0.2008E-03  0.000      0.000      0.000      0.000       0.000       0.000       0.000       0.000       0.000       0.000    
   154800.   16.87546534   17.3420   0.000       0.000      0.1283E-03   0.000     0.5233E-04-0.1806E-03  0.000      0.000      0.000      0.000       0.000       0.000       0.000       0.000       0.000       0.000    
   158400.   16.89620558   17.3403   0.000       0.000      0.1221E-03   0.000    -0.4193E-03 0.2972E-03  0.000      0.000      0.000      0.000       0.000       0.000       0.000       0.000       0.000       0.000    
   162000.   17.00605959   17.3416   0.000       0.000      0.9228E-04   0.000    -0.2260E-02 0.2167E-02  0.000      0.000      0.000      0.000       0.000       0.000       0.000       0.000       0.000       0.000    
   165600.   17.02505696   17.3428   0.000       0.000      0.8739E-04   0.000    -0.1894E-02 0.1806E-02  0.000      0.000      0.000      0.000       0.000       0.000       0.000       0.000       0.000       0.000    
   169200.   16.95341427   17.3417   0.000       0.000      0.1068E-03   0.000    -0.2846E-03 0.1778E-03  0.000      0.000      0.000      0.000       0.000       0.000       0.000       0.000       0.000       0.000    
   172800.   16.91787986   17.3400   0.000       0.000      0.1161E-03   0.000     0.1401E-04-0.1301E-03  0.000      0.000      0.000      0.000       0.000       0.000       0.000       0.000       0.000       0.000    
