TOTIM (T)      HCON          HMAT      QDIR      QWELL        QMAT       QCADS      QTUB1      QTUB2      QTUB3      QTUB4      QTUB5      QTUB6       NSTOR        QFIX        QLH     FHLQ (LQ)        CAUCHY   CAUCHY (LQ)
     3600.   16.86898790   16.9824   0.000       0.000      0.3119E-04   0.000    -0.1202E-02 0.1171E-02  0.000      0.000      0.000      0.000       0.000       0.000       0.000       0.000       0.000       0.000    
     7200.   16.84345377   16.9817   0.000       0.000      0.3801E-04   0.000    -0.9843E-03 0.9463E-03  0.000      0.000      0.000      0.000       0.000       0.000       0.000       0.000       0.000       0.000    
    10800.   16.83340275   16.9808   0.000       0.000      0.4054E-04   0.000    -0.9965E-03 0.9559E-03  0.000      0.000      0.000      0.000       0.000       0.000       0.000       0.000       0.000       0.000    
    14400.   16.82702233   16.9799   0.000       0.000      0.4204E-04   0.000    -0.1014E-02 0.9720E-03  0.000      0.000      0.000      0.000       0.000       0.000       0.000       0.000       0.000       0.000    
    18000.   16.82263119   16.9789   0.000       0.000      0.4299E-04   0.000    -0.1027E-02 0.9842E-03  0.000      0.000      0.000      0.000       0.000       0.000       0.000       0.000       0.000       0.000    
    21600.   16.81955285   16.9779   0.000       0.000      0.4356E-04   0.000    -0.1037E-02 0.9932E-03  0.000      0.000      0.000      0.000       0.000       0.000       0.000       0.000       0.000       0.000    
    25200.   16.81740851   16.9769   0.000       0.000      0.4387E-04   0.000    -0.1044E-02 0.9997E-03  0.000      0.000      0.000      0.000       0.000       0.000       0.000       0.000       0.000       0.000    
    28800.   16.81583494   16.9759   0.000       0.000      0.4402E-04   0.000    -0.1049E-02 0.1005E-02  0.000      0.000      0.000      0.000       0.000       0.000       0.000       0.000       0.000       0.000    
    32400.   16.81470822   16.9749   0.000       0.000      0.4406E-04   0.000    -0.1053E-02 0.1009E-02  0.000      0.000      0.000      0.000       0.000       0.000       0.000       0.000       0.000       0.000    
    36000.   16.81381882   16.9739   0.000       0.000      0.4402E-04   0.000    -0.1056E-02 0.1012E-02  0.000      0.000      0.000      0.000       0.000       0.000       0.000       0.000       0.000       0.000    
    39600.   16.81309178   16.9729   0.000       0.000      0.4395E-04   0.000    -0.1059E-02 0.1015E-02  0.000      0.000      0.000      0.000       0.000       0.000       0.000       0.000       0.000       0.000    
    43200.   16.83813436   16.9726   0.000       0.000      0.3698E-04   0.000    -0.1279E-02 0.1242E-02  0.000      0.000      0.000      0.000       0.000       0.000       0.000       0.000       0.000       0.000    
    46800.   16.84773989   16.9725   0.000       0.000      0.3431E-04   0.000    -0.1269E-02 0.1234E-02  0.000      0.000      0.000      0.000       0.000       0.000       0.000       0.000       0.000       0.000    
    50400.   16.82807668   16.9717   0.000       0.000      0.3950E-04   0.000    -0.1036E-02 0.9961E-03  0.000      0.000      0.000      0.000       0.000       0.000       0.000       0.000       0.000       0.000    
    54000.   16.84764131   16.9716   0.000       0.000      0.3409E-04   0.000    -0.1254E-02 0.1220E-02  0.000      0.000      0.000      0.000       0.000       0.000       0.000       0.000       0.000       0.000    
    57600.   16.91851737   16.9734   0.000       0.000      0.1509E-04   0.000    -0.1793E-02 0.1778E-02  0.000      0.000      0.000      0.000       0.000       0.000       0.000       0.000       0.000       0.000    
    61200.   17.14154201   16.9810   0.000       0.000     -0.4416E-04   0.000    -0.4420E-02 0.4464E-02  0.000      0.000      0.000      0.000       0.000       0.000       0.000       0.000       0.000       0.000    
    64800.   17.18540265   16.9883   0.000       0.000     -0.5419E-04   0.000    -0.3657E-02 0.3711E-02  0.000      0.000      0.000      0.000       0.000       0.000       0.000       0.000       0.000       0.000    
    68400.   17.21394394   16.9958   0.000       0.000     -0.5999E-04   0.000    -0.3319E-02 0.3379E-02  0.000      0.000      0.000      0.000       0.000       0.000       0.000       0.000       0.000       0.000    
    72000.   17.17375084   17.0017   0.000       0.000     -0.4732E-04   0.000    -0.2487E-02 0.2534E-02  0.000      0.000      0.000      0.000       0.000       0.000       0.000       0.000       0.000       0.000    
    75600.   17.11402996   17.0059   0.000       0.000     -0.2973E-04   0.000    -0.1877E-02 0.1907E-02  0.000      0.000      0.000      0.000       0.000       0.000       0.000       0.000       0.000       0.000    
    79200.   17.24456288   17.0140   0.000       0.000     -0.6339E-04   0.000    -0.3642E-02 0.3706E-02  0.000      0.000      0.000      0.000       0.000       0.000       0.000       0.000       0.000       0.000    
    82800.   17.29086557   17.0227   0.000       0.000     -0.7374E-04   0.000    -0.3595E-02 0.3668E-02  0.000      0.000      0.000      0.000       0.000       0.000       0.000       0.000       0.000       0.000    
    86400.   17.33335480   17.0320   0.000       0.000     -0.8287E-04   0.000    -0.3629E-02 0.3712E-02  0.000      0.000      0.000      0.000       0.000       0.000       0.000       0.000       0.000       0.000    
    90000.   17.50104663   17.0455   0.000       0.000     -0.1253E-03   0.000    -0.5125E-02 0.5250E-02  0.000      0.000      0.000      0.000       0.000       0.000       0.000       0.000       0.000       0.000    
    93600.   17.89774543   17.0688   0.000       0.000     -0.2280E-03   0.000    -0.8577E-02 0.8805E-02  0.000      0.000      0.000      0.000       0.000       0.000       0.000       0.000       0.000       0.000    
    97200.   17.86759398   17.0885   0.000       0.000     -0.2143E-03   0.000    -0.5884E-02 0.6099E-02  0.000      0.000      0.000      0.000       0.000       0.000       0.000       0.000       0.000       0.000    
   100800.   17.61812516   17.1004   0.000       0.000     -0.1424E-03   0.000    -0.2408E-02 0.2551E-02  0.000      0.000      0.000      0.000       0.000       0.000       0.000       0.000       0.000       0.000    
   104400.   17.44397467   17.1083   0.000       0.000     -0.9231E-04   0.000    -0.1101E-02 0.1193E-02  0.000      0.000      0.000      0.000       0.000       0.000       0.000       0.000       0.000       0.000    
   108000.   17.34512962   17.1145   0.000       0.000     -0.6341E-04   0.000    -0.1157E-02 0.1221E-02  0.000      0.000      0.000      0.000       0.000       0.000       0.000       0.000       0.000       0.000    
   111600.   17.23336534   17.1184   0.000       0.000     -0.3162E-04   0.000    -0.8760E-03 0.9076E-03  0.000      0.000      0.000      0.000       0.000       0.000       0.000       0.000       0.000       0.000    
   115200.   17.13486286   17.1202   0.000       0.000     -0.4031E-05   0.000    -0.6831E-03 0.6871E-03  0.000      0.000      0.000      0.000       0.000       0.000       0.000       0.000       0.000       0.000    
   118800.   17.05485099   17.1205   0.000       0.000      0.1806E-04   0.000    -0.5921E-03 0.5741E-03  0.000      0.000      0.000      0.000       0.000       0.000       0.000       0.000       0.000       0.000    
   122400.   17.03491408   17.1209   0.000       0.000      0.2365E-04   0.000    -0.9212E-03 0.8975E-03  0.000      0.000      0.000      0.000       0.000       0.000       0.000       0.000       0.000       0.000    
   126000.   16.97621258   17.1199   0.000       0.000      0.3952E-04   0.000    -0.6707E-03 0.6311E-03  0.000      0.000      0.000      0.000       0.000       0.000       0.000       0.000       0.000       0.000    
   129600.   17.05020303   17.1214   0.000       0.000      0.1959E-04   0.000    -0.1599E-02 0.1580E-02  0.000      0.000      0.000      0.000       0.000       0.000       0.000       0.000       0.000       0.000    
   133200.   17.00762337   17.1214   0.000       0.000      0.3130E-04   0.000    -0.1064E-02 0.1032E-02  0.000      0.000      0.000      0.000       0.000       0.000       0.000       0.000       0.000       0.000    
   136800.   16.98247548   17.1209   0.000       0.000      0.3807E-04   0.000    -0.9553E-03 0.9172E-03  0.000      0.000      0.000      0.000       0.000       0.000       0.000       0.000       0.000       0.000    
   140400.   16.93140123   17.1191   0.000       0.000      0.5162E-04   0.000    -0.6584E-03 0.6068E-03  0.000      0.000      0.000      0.000       0.000       0.000       0.000       0.000       0.000       0.000    
   144000.   16.90806242   17.1170   0.000       0.000      0.5747E-04   0.000    -0.7030E-03 0.6456E-03  0.000      0.000      0.000      0.000       0.000       0.000       0.000       0.000       0.000       0.000    
   147600.   16.89286330   17.1148   0.000       0.000      0.6103E-04   0.000    -0.7493E-03 0.6883E-03  0.000      0.000      0.000      0.000       0.000       0.000       0.000       0.000       0.000       0.000    
   151200.   16.88256755   17.1124   0.000       0.000      0.6321E-04   0.000    -0.7833E-03 0.7201E-03  0.000      0.000      0.000      0.000       0.000       0.000       0.000       0.000       0.000       0.000    
   154800.   16.87546462   17.1100   0.000       0.000      0.6450E-04   0.000    -0.8086E-03 0.7441E-03  0.000      0.000      0.000      0.000       0.000       0.000       0.000       0.000       0.000       0.000    
   158400.   16.89620458   17.1083   0.000       0.000      0.5832E-04   0.000    -0.1045E-02 0.9866E-03  0.000      0.000      0.000      0.000       0.000       0.000       0.000       0.000       0.000       0.000    
   162000.   17.00605713   17.1096   0.000       0.000      0.2847E-04   0.000    -0.1914E-02 0.1886E-02  0.000      0.000      0.000      0.000       0.000       0.000       0.000       0.000       0.000       0.000    
   165600.   17.02505499   17.1108   0.000       0.000      0.2358E-04   0.000    -0.1642E-02 0.1618E-02  0.000      0.000      0.000      0.000       0.000       0.000       0.000       0.000       0.000       0.000    
   169200.   16.95341348   17.1097   0.000       0.000      0.4298E-04   0.000    -0.8203E-03 0.7773E-03  0.000      0.000      0.000      0.000       0.000       0.000       0.000       0.000       0.000       0.000    
   172800.   16.91787919   17.1079   0.000       0.000      0.5227E-04   0.000    -0.7200E-03 0.6677E-03  0.000      0.000      0.000      0.000       0.000       0.000       0.000       0.000       0.000       0.000    
