TOTIM (T)      HCON          HMAT      QDIR      QWELL        QMAT       QCADS      QTUB1      QTUB2      QTUB3      QTUB4      QTUB5      QTUB6       NSTOR        QFIX        QLH     FHLQ (LQ)        CAUCHY   CAUCHY (LQ)
     3600.   16.86898433   16.8238   0.000       0.000     -0.1243E-04   0.000     0.7109E-02-0.7097E-02  0.000      0.000      0.000      0.000       0.000       0.000       0.000       0.000       0.000       0.000    
     7200.   16.84345073   16.8231   0.000       0.000     -0.5605E-05   0.000     0.6258E-02-0.6252E-02  0.000      0.000      0.000      0.000       0.000       0.000       0.000       0.000       0.000       0.000    
    10800.   16.83339966   16.8222   0.000       0.000     -0.3073E-05   0.000     0.6389E-02-0.6386E-02  0.000      0.000      0.000      0.000       0.000       0.000       0.000       0.000       0.000       0.000    
    14400.   16.82701918   16.8213   0.000       0.000     -0.1572E-05   0.000     0.6517E-02-0.6515E-02  0.000      0.000      0.000      0.000       0.000       0.000       0.000       0.000       0.000       0.000    
    18000.   16.82262800   16.8203   0.000       0.000     -0.6304E-06   0.000     0.6607E-02-0.6606E-02  0.000      0.000      0.000      0.000       0.000       0.000       0.000       0.000       0.000       0.000    
    21600.   16.81954963   16.8193   0.000       0.000     -0.5779E-07   0.000     0.6669E-02-0.6669E-02  0.000      0.000      0.000      0.000       0.000       0.000       0.000       0.000       0.000       0.000    
    25200.   16.81740527   16.8183   0.000       0.000      0.2544E-06   0.000     0.6711E-02-0.6711E-02  0.000      0.000      0.000      0.000       0.000       0.000       0.000       0.000       0.000       0.000    
    28800.   16.81583169   16.8173   0.000       0.000      0.4081E-06   0.000     0.6741E-02-0.6741E-02  0.000      0.000      0.000      0.000       0.000       0.000       0.000       0.000       0.000       0.000    
    32400.   16.81470496   16.8163   0.000       0.000      0.4395E-06   0.000     0.6761E-02-0.6761E-02  0.000      0.000      0.000      0.000       0.000       0.000       0.000       0.000       0.000       0.000    
    36000.   16.81381554   16.8153   0.000       0.000      0.4067E-06   0.000     0.6776E-02-0.6776E-02  0.000      0.000      0.000      0.000       0.000       0.000       0.000       0.000       0.000       0.000    
    39600.   16.81308849   16.8143   0.000       0.000      0.3310E-06   0.000     0.6787E-02-0.6788E-02  0.000      0.000      0.000      0.000       0.000       0.000       0.000       0.000       0.000       0.000    
    43200.   16.83812069   16.8140   0.000       0.000     -0.6629E-05   0.000     0.7644E-02-0.7637E-02  0.000      0.000      0.000      0.000       0.000       0.000       0.000       0.000       0.000       0.000    
    46800.   16.84772660   16.8139   0.000       0.000     -0.9308E-05   0.000     0.7518E-02-0.7509E-02  0.000      0.000      0.000      0.000       0.000       0.000       0.000       0.000       0.000       0.000    
    50400.   16.82806641   16.8131   0.000       0.000     -0.4112E-05   0.000     0.6547E-02-0.6543E-02  0.000      0.000      0.000      0.000       0.000       0.000       0.000       0.000       0.000       0.000    
    54000.   16.84762827   16.8130   0.000       0.000     -0.9525E-05   0.000     0.7440E-02-0.7430E-02  0.000      0.000      0.000      0.000       0.000       0.000       0.000       0.000       0.000       0.000    
    57600.   16.91849676   16.8148   0.000       0.000     -0.2852E-04   0.000     0.9485E-02-0.9457E-02  0.000      0.000      0.000      0.000       0.000       0.000       0.000       0.000       0.000       0.000    
    61200.   17.14142835   16.8224   0.000       0.000     -0.8774E-04   0.000     0.1539E-01-0.1530E-01  0.000      0.000      0.000      0.000       0.000       0.000       0.000       0.000       0.000       0.000    
    64800.   17.18532728   16.8297   0.000       0.000     -0.9779E-04   0.000     0.1232E-01-0.1222E-01  0.000      0.000      0.000      0.000       0.000       0.000       0.000       0.000       0.000       0.000    
    68400.   17.21388324   16.8372   0.000       0.000     -0.1036E-03   0.000     0.1092E-01-0.1081E-01  0.000      0.000      0.000      0.000       0.000       0.000       0.000       0.000       0.000       0.000    
    72000.   17.17371600   16.8431   0.000       0.000     -0.9093E-04   0.000     0.8273E-02-0.8182E-02  0.000      0.000      0.000      0.000       0.000       0.000       0.000       0.000       0.000       0.000    
    75600.   17.11400871   16.8473   0.000       0.000     -0.7335E-04   0.000     0.6577E-02-0.6504E-02  0.000      0.000      0.000      0.000       0.000       0.000       0.000       0.000       0.000       0.000    
    79200.   17.24448990   16.8554   0.000       0.000     -0.1070E-03   0.000     0.1199E-01-0.1189E-01  0.000      0.000      0.000      0.000       0.000       0.000       0.000       0.000       0.000       0.000    
    82800.   17.29079653   16.8641   0.000       0.000     -0.1173E-03   0.000     0.1151E-01-0.1139E-01  0.000      0.000      0.000      0.000       0.000       0.000       0.000       0.000       0.000       0.000    
    86400.   17.33328606   16.8734   0.000       0.000     -0.1265E-03   0.000     0.1136E-01-0.1124E-01  0.000      0.000      0.000      0.000       0.000       0.000       0.000       0.000       0.000       0.000    
    90000.   17.50091522   16.8869   0.000       0.000     -0.1689E-03   0.000     0.1553E-01-0.1536E-01  0.000      0.000      0.000      0.000       0.000       0.000       0.000       0.000       0.000       0.000    
    93600.   17.89739487   16.9102   0.000       0.000     -0.2715E-03   0.000     0.2499E-01-0.2472E-01  0.000      0.000      0.000      0.000       0.000       0.000       0.000       0.000       0.000       0.000    
    97200.   17.86744198   16.9299   0.000       0.000     -0.2578E-03   0.000     0.1562E-01-0.1536E-01  0.000      0.000      0.000      0.000       0.000       0.000       0.000       0.000       0.000       0.000    
   100800.   17.61810621   16.9417   0.000       0.000     -0.1860E-03   0.000     0.5113E-02-0.4927E-02  0.000      0.000      0.000      0.000       0.000       0.000       0.000       0.000       0.000       0.000    
   104400.   17.44397157   16.9497   0.000       0.000     -0.1359E-03   0.000     0.3074E-02-0.2938E-02  0.000      0.000      0.000      0.000       0.000       0.000       0.000       0.000       0.000       0.000    
   108000.   17.34512599   16.9559   0.000       0.000     -0.1070E-03   0.000     0.4177E-02-0.4070E-02  0.000      0.000      0.000      0.000       0.000       0.000       0.000       0.000       0.000       0.000    
   111600.   17.23336265   16.9597   0.000       0.000     -0.7525E-04   0.000     0.3738E-02-0.3663E-02  0.000      0.000      0.000      0.000       0.000       0.000       0.000       0.000       0.000       0.000    
   115200.   17.13486097   16.9615   0.000       0.000     -0.4766E-04   0.000     0.3603E-02-0.3556E-02  0.000      0.000      0.000      0.000       0.000       0.000       0.000       0.000       0.000       0.000    
   118800.   17.05484917   16.9619   0.000       0.000     -0.2557E-04   0.000     0.3801E-02-0.3776E-02  0.000      0.000      0.000      0.000       0.000       0.000       0.000       0.000       0.000       0.000    
   122400.   17.03491133   16.9622   0.000       0.000     -0.1998E-04   0.000     0.5543E-02-0.5523E-02  0.000      0.000      0.000      0.000       0.000       0.000       0.000       0.000       0.000       0.000    
   126000.   16.97621038   16.9613   0.000       0.000     -0.4114E-05   0.000     0.4795E-02-0.4791E-02  0.000      0.000      0.000      0.000       0.000       0.000       0.000       0.000       0.000       0.000    
   129600.   17.05018553   16.9628   0.000       0.000     -0.2404E-04   0.000     0.8686E-02-0.8662E-02  0.000      0.000      0.000      0.000       0.000       0.000       0.000       0.000       0.000       0.000    
   133200.   17.00761329   16.9627   0.000       0.000     -0.1234E-04   0.000     0.6447E-02-0.6434E-02  0.000      0.000      0.000      0.000       0.000       0.000       0.000       0.000       0.000       0.000    
   136800.   16.98246638   16.9622   0.000       0.000     -0.5571E-05   0.000     0.6121E-02-0.6116E-02  0.000      0.000      0.000      0.000       0.000       0.000       0.000       0.000       0.000       0.000    
   140400.   16.93139487   16.9604   0.000       0.000      0.7982E-05   0.000     0.5084E-02-0.5092E-02  0.000      0.000      0.000      0.000       0.000       0.000       0.000       0.000       0.000       0.000    
   144000.   16.90805521   16.9583   0.000       0.000      0.1383E-04   0.000     0.5467E-02-0.5480E-02  0.000      0.000      0.000      0.000       0.000       0.000       0.000       0.000       0.000       0.000    
   147600.   16.89285532   16.9561   0.000       0.000      0.1738E-04   0.000     0.5791E-02-0.5809E-02  0.000      0.000      0.000      0.000       0.000       0.000       0.000       0.000       0.000       0.000    
   151200.   16.88255901   16.9537   0.000       0.000      0.1957E-04   0.000     0.6017E-02-0.6037E-02  0.000      0.000      0.000      0.000       0.000       0.000       0.000       0.000       0.000       0.000    
   154800.   16.87545567   16.9513   0.000       0.000      0.2085E-04   0.000     0.6176E-02-0.6197E-02  0.000      0.000      0.000      0.000       0.000       0.000       0.000       0.000       0.000       0.000    
   158400.   16.89619279   16.9496   0.000       0.000      0.1467E-04   0.000     0.7134E-02-0.7149E-02  0.000      0.000      0.000      0.000       0.000       0.000       0.000       0.000       0.000       0.000    
   162000.   17.00603116   16.9508   0.000       0.000     -0.1518E-04   0.000     0.1045E-01-0.1044E-01  0.000      0.000      0.000      0.000       0.000       0.000       0.000       0.000       0.000       0.000    
   165600.   17.02503525   16.9520   0.000       0.000     -0.2008E-04   0.000     0.9004E-02-0.8984E-02  0.000      0.000      0.000      0.000       0.000       0.000       0.000       0.000       0.000       0.000    
   169200.   16.95340538   16.9509   0.000       0.000     -0.6802E-06   0.000     0.5613E-02-0.5613E-02  0.000      0.000      0.000      0.000       0.000       0.000       0.000       0.000       0.000       0.000    
   172800.   16.91787177   16.9492   0.000       0.000      0.8608E-05   0.000     0.5399E-02-0.5407E-02  0.000      0.000      0.000      0.000       0.000       0.000       0.000       0.000       0.000       0.000    
