TOTIM (T)      HCON          HMAT      QDIR      QWELL        QMAT       QCADS      QTUB1      QTUB2      QTUB3      QTUB4      QTUB5      QTUB6       NSTOR        QFIX        QLH     FHLQ (LQ)        CAUCHY   CAUCHY (LQ)
     3600.   16.86898665   16.9492   0.000       0.000      0.2206E-04   0.000     0.3986E-02-0.4008E-02  0.000      0.000      0.000      0.000       0.000       0.000       0.000       0.000       0.000       0.000    
     7200.   16.84345274   16.9485   0.000       0.000      0.2889E-04   0.000     0.3327E-02-0.3356E-02  0.000      0.000      0.000      0.000       0.000       0.000       0.000       0.000       0.000       0.000    
    10800.   16.83340171   16.9477   0.000       0.000      0.3142E-04   0.000     0.3380E-02-0.3411E-02  0.000      0.000      0.000      0.000       0.000       0.000       0.000       0.000       0.000       0.000    
    14400.   16.82702127   16.9467   0.000       0.000      0.3292E-04   0.000     0.3444E-02-0.3477E-02  0.000      0.000      0.000      0.000       0.000       0.000       0.000       0.000       0.000       0.000    
    18000.   16.82263012   16.9458   0.000       0.000      0.3386E-04   0.000     0.3492E-02-0.3525E-02  0.000      0.000      0.000      0.000       0.000       0.000       0.000       0.000       0.000       0.000    
    21600.   16.81955177   16.9448   0.000       0.000      0.3443E-04   0.000     0.3525E-02-0.3560E-02  0.000      0.000      0.000      0.000       0.000       0.000       0.000       0.000       0.000       0.000    
    25200.   16.81740742   16.9438   0.000       0.000      0.3475E-04   0.000     0.3549E-02-0.3584E-02  0.000      0.000      0.000      0.000       0.000       0.000       0.000       0.000       0.000       0.000    
    28800.   16.81583385   16.9427   0.000       0.000      0.3490E-04   0.000     0.3567E-02-0.3602E-02  0.000      0.000      0.000      0.000       0.000       0.000       0.000       0.000       0.000       0.000    
    32400.   16.81470712   16.9417   0.000       0.000      0.3493E-04   0.000     0.3579E-02-0.3614E-02  0.000      0.000      0.000      0.000       0.000       0.000       0.000       0.000       0.000       0.000    
    36000.   16.81381771   16.9407   0.000       0.000      0.3490E-04   0.000     0.3590E-02-0.3625E-02  0.000      0.000      0.000      0.000       0.000       0.000       0.000       0.000       0.000       0.000    
    39600.   16.81309067   16.9397   0.000       0.000      0.3482E-04   0.000     0.3599E-02-0.3634E-02  0.000      0.000      0.000      0.000       0.000       0.000       0.000       0.000       0.000       0.000    
    43200.   16.83813303   16.9394   0.000       0.000      0.2786E-04   0.000     0.4263E-02-0.4291E-02  0.000      0.000      0.000      0.000       0.000       0.000       0.000       0.000       0.000       0.000    
    46800.   16.84773858   16.9393   0.000       0.000      0.2518E-04   0.000     0.4216E-02-0.4241E-02  0.000      0.000      0.000      0.000       0.000       0.000       0.000       0.000       0.000       0.000    
    50400.   16.82807560   16.9385   0.000       0.000      0.3038E-04   0.000     0.3499E-02-0.3530E-02  0.000      0.000      0.000      0.000       0.000       0.000       0.000       0.000       0.000       0.000    
    54000.   16.84764001   16.9384   0.000       0.000      0.2496E-04   0.000     0.4167E-02-0.4192E-02  0.000      0.000      0.000      0.000       0.000       0.000       0.000       0.000       0.000       0.000    
    57600.   16.91851553   16.9402   0.000       0.000      0.5962E-05   0.000     0.5785E-02-0.5791E-02  0.000      0.000      0.000      0.000       0.000       0.000       0.000       0.000       0.000       0.000    
    61200.   17.14150328   16.9478   0.000       0.000     -0.5327E-04   0.000     0.1052E-01-0.1046E-01  0.000      0.000      0.000      0.000       0.000       0.000       0.000       0.000       0.000       0.000    
    64800.   17.18537622   16.9552   0.000       0.000     -0.6331E-04   0.000     0.8610E-02-0.8547E-02  0.000      0.000      0.000      0.000       0.000       0.000       0.000       0.000       0.000       0.000    
    68400.   17.21392224   16.9626   0.000       0.000     -0.6911E-04   0.000     0.7758E-02-0.7688E-02  0.000      0.000      0.000      0.000       0.000       0.000       0.000       0.000       0.000       0.000    
    72000.   17.17373844   16.9685   0.000       0.000     -0.5644E-04   0.000     0.5826E-02-0.5769E-02  0.000      0.000      0.000      0.000       0.000       0.000       0.000       0.000       0.000       0.000    
    75600.   17.11402268   16.9727   0.000       0.000     -0.3886E-04   0.000     0.4459E-02-0.4420E-02  0.000      0.000      0.000      0.000       0.000       0.000       0.000       0.000       0.000       0.000    
    79200.   17.24453683   16.9809   0.000       0.000     -0.7251E-04   0.000     0.8519E-02-0.8446E-02  0.000      0.000      0.000      0.000       0.000       0.000       0.000       0.000       0.000       0.000    
    82800.   17.29084039   16.9895   0.000       0.000     -0.8286E-04   0.000     0.8338E-02-0.8255E-02  0.000      0.000      0.000      0.000       0.000       0.000       0.000       0.000       0.000       0.000    
    86400.   17.33332929   16.9988   0.000       0.000     -0.9199E-04   0.000     0.8365E-02-0.8273E-02  0.000      0.000      0.000      0.000       0.000       0.000       0.000       0.000       0.000       0.000    
    90000.   17.50099680   17.0123   0.000       0.000     -0.1344E-03   0.000     0.1171E-01-0.1158E-01  0.000      0.000      0.000      0.000       0.000       0.000       0.000       0.000       0.000       0.000    
    93600.   17.89760902   17.0356   0.000       0.000     -0.2370E-03   0.000     0.1940E-01-0.1916E-01  0.000      0.000      0.000      0.000       0.000       0.000       0.000       0.000       0.000       0.000    
    97200.   17.86753074   17.0553   0.000       0.000     -0.2234E-03   0.000     0.1298E-01-0.1276E-01  0.000      0.000      0.000      0.000       0.000       0.000       0.000       0.000       0.000       0.000    
   100800.   17.61811724   17.0672   0.000       0.000     -0.1515E-03   0.000     0.5014E-02-0.4863E-02  0.000      0.000      0.000      0.000       0.000       0.000       0.000       0.000       0.000       0.000    
   104400.   17.44397283   17.0751   0.000       0.000     -0.1014E-03   0.000     0.2977E-02-0.2876E-02  0.000      0.000      0.000      0.000       0.000       0.000       0.000       0.000       0.000       0.000    
   108000.   17.34512755   17.0813   0.000       0.000     -0.7254E-04   0.000     0.3318E-02-0.3246E-02  0.000      0.000      0.000      0.000       0.000       0.000       0.000       0.000       0.000       0.000    
   111600.   17.23336397   17.0852   0.000       0.000     -0.4075E-04   0.000     0.2595E-02-0.2554E-02  0.000      0.000      0.000      0.000       0.000       0.000       0.000       0.000       0.000       0.000    
   115200.   17.13486217   17.0870   0.000       0.000     -0.1316E-04   0.000     0.2131E-02-0.2118E-02  0.000      0.000      0.000      0.000       0.000       0.000       0.000       0.000       0.000       0.000    
   118800.   17.05485038   17.0873   0.000       0.000      0.8929E-05   0.000     0.1963E-02-0.1972E-02  0.000      0.000      0.000      0.000       0.000       0.000       0.000       0.000       0.000       0.000    
   122400.   17.03491313   17.0877   0.000       0.000      0.1452E-04   0.000     0.3046E-02-0.3060E-02  0.000      0.000      0.000      0.000       0.000       0.000       0.000       0.000       0.000       0.000    
   126000.   16.97621187   17.0867   0.000       0.000      0.3039E-04   0.000     0.2333E-02-0.2363E-02  0.000      0.000      0.000      0.000       0.000       0.000       0.000       0.000       0.000       0.000    
   129600.   17.05020139   17.0882   0.000       0.000      0.1046E-04   0.000     0.5192E-02-0.5202E-02  0.000      0.000      0.000      0.000       0.000       0.000       0.000       0.000       0.000       0.000    
   133200.   17.00762227   17.0882   0.000       0.000      0.2216E-04   0.000     0.3544E-02-0.3566E-02  0.000      0.000      0.000      0.000       0.000       0.000       0.000       0.000       0.000       0.000    
   136800.   16.98247448   17.0877   0.000       0.000      0.2893E-04   0.000     0.3235E-02-0.3264E-02  0.000      0.000      0.000      0.000       0.000       0.000       0.000       0.000       0.000       0.000    
   140400.   16.93140052   17.0859   0.000       0.000      0.4249E-04   0.000     0.2361E-02-0.2404E-02  0.000      0.000      0.000      0.000       0.000       0.000       0.000       0.000       0.000       0.000    
   144000.   16.90806166   17.0838   0.000       0.000      0.4833E-04   0.000     0.2536E-02-0.2584E-02  0.000      0.000      0.000      0.000       0.000       0.000       0.000       0.000       0.000       0.000    
   147600.   16.89286250   17.0816   0.000       0.000      0.5189E-04   0.000     0.2704E-02-0.2756E-02  0.000      0.000      0.000      0.000       0.000       0.000       0.000       0.000       0.000       0.000    
   151200.   16.88256671   17.0792   0.000       0.000      0.5407E-04   0.000     0.2824E-02-0.2878E-02  0.000      0.000      0.000      0.000       0.000       0.000       0.000       0.000       0.000       0.000    
   154800.   16.87546375   17.0768   0.000       0.000      0.5536E-04   0.000     0.2912E-02-0.2968E-02  0.000      0.000      0.000      0.000       0.000       0.000       0.000       0.000       0.000       0.000    
   158400.   16.89620348   17.0750   0.000       0.000      0.4918E-04   0.000     0.3634E-02-0.3683E-02  0.000      0.000      0.000      0.000       0.000       0.000       0.000       0.000       0.000       0.000    
   162000.   17.00605516   17.0763   0.000       0.000      0.1933E-04   0.000     0.6247E-02-0.6267E-02  0.000      0.000      0.000      0.000       0.000       0.000       0.000       0.000       0.000       0.000    
   165600.   17.02505330   17.0775   0.000       0.000      0.1443E-04   0.000     0.5350E-02-0.5364E-02  0.000      0.000      0.000      0.000       0.000       0.000       0.000       0.000       0.000       0.000    
   169200.   16.95341262   17.0764   0.000       0.000      0.3383E-04   0.000     0.2831E-02-0.2865E-02  0.000      0.000      0.000      0.000       0.000       0.000       0.000       0.000       0.000       0.000    
   172800.   16.91787842   17.0747   0.000       0.000      0.4312E-04   0.000     0.2562E-02-0.2605E-02  0.000      0.000      0.000      0.000       0.000       0.000       0.000       0.000       0.000       0.000    
