TOTIM (T)      HCON          HMAT      QDIR      QWELL        QMAT       QCADS      QTUB1      QTUB2      QTUB3      QTUB4      QTUB5      QTUB6       NSTOR        QFIX        QLH     FHLQ (LQ)        CAUCHY   CAUCHY (LQ)
     3600.   16.86898758   17.1733   0.000       0.000      0.8368E-04   0.000     0.2307E-02-0.2391E-02  0.000      0.000      0.000      0.000       0.000       0.000       0.000       0.000       0.000       0.000    
     7200.   16.84345360   17.1726   0.000       0.000      0.9051E-04   0.000     0.1930E-02-0.2021E-02  0.000      0.000      0.000      0.000       0.000       0.000       0.000       0.000       0.000       0.000    
    10800.   16.83340257   17.1717   0.000       0.000      0.9304E-04   0.000     0.1940E-02-0.2033E-02  0.000      0.000      0.000      0.000       0.000       0.000       0.000       0.000       0.000       0.000    
    14400.   16.82702214   17.1708   0.000       0.000      0.9454E-04   0.000     0.1963E-02-0.2057E-02  0.000      0.000      0.000      0.000       0.000       0.000       0.000       0.000       0.000       0.000    
    18000.   16.82263099   17.1698   0.000       0.000      0.9548E-04   0.000     0.1980E-02-0.2076E-02  0.000      0.000      0.000      0.000       0.000       0.000       0.000       0.000       0.000       0.000    
    21600.   16.81955265   17.1688   0.000       0.000      0.9605E-04   0.000     0.1994E-02-0.2090E-02  0.000      0.000      0.000      0.000       0.000       0.000       0.000       0.000       0.000       0.000    
    25200.   16.81740830   17.1678   0.000       0.000      0.9636E-04   0.000     0.2003E-02-0.2100E-02  0.000      0.000      0.000      0.000       0.000       0.000       0.000       0.000       0.000       0.000    
    28800.   16.81583473   17.1668   0.000       0.000      0.9652E-04   0.000     0.2011E-02-0.2108E-02  0.000      0.000      0.000      0.000       0.000       0.000       0.000       0.000       0.000       0.000    
    32400.   16.81470801   17.1658   0.000       0.000      0.9655E-04   0.000     0.2018E-02-0.2114E-02  0.000      0.000      0.000      0.000       0.000       0.000       0.000       0.000       0.000       0.000    
    36000.   16.81381860   17.1648   0.000       0.000      0.9652E-04   0.000     0.2023E-02-0.2120E-02  0.000      0.000      0.000      0.000       0.000       0.000       0.000       0.000       0.000       0.000    
    39600.   16.81309156   17.1638   0.000       0.000      0.9644E-04   0.000     0.2028E-02-0.2124E-02  0.000      0.000      0.000      0.000       0.000       0.000       0.000       0.000       0.000       0.000    
    43200.   16.83813399   17.1635   0.000       0.000      0.8948E-04   0.000     0.2408E-02-0.2498E-02  0.000      0.000      0.000      0.000       0.000       0.000       0.000       0.000       0.000       0.000    
    46800.   16.84773953   17.1634   0.000       0.000      0.8680E-04   0.000     0.2402E-02-0.2489E-02  0.000      0.000      0.000      0.000       0.000       0.000       0.000       0.000       0.000       0.000    
    50400.   16.82807648   17.1626   0.000       0.000      0.9200E-04   0.000     0.2007E-02-0.2099E-02  0.000      0.000      0.000      0.000       0.000       0.000       0.000       0.000       0.000       0.000    
    54000.   16.84764096   17.1625   0.000       0.000      0.8658E-04   0.000     0.2379E-02-0.2465E-02  0.000      0.000      0.000      0.000       0.000       0.000       0.000       0.000       0.000       0.000    
    57600.   16.91851665   17.1643   0.000       0.000      0.6758E-04   0.000     0.3319E-02-0.3386E-02  0.000      0.000      0.000      0.000       0.000       0.000       0.000       0.000       0.000       0.000    
    61200.   17.14148164   17.1719   0.000       0.000      0.8352E-05   0.000     0.6091E-02-0.6100E-02  0.000      0.000      0.000      0.000       0.000       0.000       0.000       0.000       0.000       0.000    
    64800.   17.18536251   17.1792   0.000       0.000     -0.1689E-05   0.000     0.5197E-02-0.5195E-02  0.000      0.000      0.000      0.000       0.000       0.000       0.000       0.000       0.000       0.000    
    68400.   17.21391152   17.1867   0.000       0.000     -0.7485E-05   0.000     0.4806E-02-0.4799E-02  0.000      0.000      0.000      0.000       0.000       0.000       0.000       0.000       0.000       0.000    
    72000.   17.17373302   17.1926   0.000       0.000      0.5182E-05   0.000     0.3750E-02-0.3756E-02  0.000      0.000      0.000      0.000       0.000       0.000       0.000       0.000       0.000       0.000    
    75600.   17.11401995   17.1968   0.000       0.000      0.2276E-04   0.000     0.2947E-02-0.2970E-02  0.000      0.000      0.000      0.000       0.000       0.000       0.000       0.000       0.000       0.000    
    79200.   17.24452354   17.2049   0.000       0.000     -0.1089E-04   0.000     0.5213E-02-0.5202E-02  0.000      0.000      0.000      0.000       0.000       0.000       0.000       0.000       0.000       0.000    
    82800.   17.29082785   17.2136   0.000       0.000     -0.2124E-04   0.000     0.5189E-02-0.5168E-02  0.000      0.000      0.000      0.000       0.000       0.000       0.000       0.000       0.000       0.000    
    86400.   17.33331675   17.2229   0.000       0.000     -0.3037E-04   0.000     0.5263E-02-0.5233E-02  0.000      0.000      0.000      0.000       0.000       0.000       0.000       0.000       0.000       0.000    
    90000.   17.50098074   17.2364   0.000       0.000     -0.7276E-04   0.000     0.7227E-02-0.7155E-02  0.000      0.000      0.000      0.000       0.000       0.000       0.000       0.000       0.000       0.000    
    93600.   17.89760053   17.2597   0.000       0.000     -0.1754E-03   0.000     0.1177E-01-0.1160E-01  0.000      0.000      0.000      0.000       0.000       0.000       0.000       0.000       0.000       0.000    
    97200.   17.86752977   17.2794   0.000       0.000     -0.1617E-03   0.000     0.8451E-02-0.8289E-02  0.000      0.000      0.000      0.000       0.000       0.000       0.000       0.000       0.000       0.000    
   100800.   17.61811817   17.2913   0.000       0.000     -0.8989E-04   0.000     0.3969E-02-0.3879E-02  0.000      0.000      0.000      0.000       0.000       0.000       0.000       0.000       0.000       0.000    
   104400.   17.44397433   17.2992   0.000       0.000     -0.3981E-04   0.000     0.2615E-02-0.2575E-02  0.000      0.000      0.000      0.000       0.000       0.000       0.000       0.000       0.000       0.000    
   108000.   17.34512918   17.3054   0.000       0.000     -0.1091E-04   0.000     0.2596E-02-0.2585E-02  0.000      0.000      0.000      0.000       0.000       0.000       0.000       0.000       0.000       0.000    
   111600.   17.23336521   17.3093   0.000       0.000      0.2088E-04   0.000     0.2022E-02-0.2042E-02  0.000      0.000      0.000      0.000       0.000       0.000       0.000       0.000       0.000       0.000    
   115200.   17.13486320   17.3111   0.000       0.000      0.4847E-04   0.000     0.1606E-02-0.1655E-02  0.000      0.000      0.000      0.000       0.000       0.000       0.000       0.000       0.000       0.000    
   118800.   17.05485133   17.3114   0.000       0.000      0.7056E-04   0.000     0.1376E-02-0.1446E-02  0.000      0.000      0.000      0.000       0.000       0.000       0.000       0.000       0.000       0.000    
   122400.   17.03491450   17.3118   0.000       0.000      0.7615E-04   0.000     0.1883E-02-0.1960E-02  0.000      0.000      0.000      0.000       0.000       0.000       0.000       0.000       0.000       0.000    
   126000.   16.97621294   17.3108   0.000       0.000      0.9202E-04   0.000     0.1420E-02-0.1512E-02  0.000      0.000      0.000      0.000       0.000       0.000       0.000       0.000       0.000       0.000    
   129600.   17.05020392   17.3123   0.000       0.000      0.7209E-04   0.000     0.2990E-02-0.3062E-02  0.000      0.000      0.000      0.000       0.000       0.000       0.000       0.000       0.000       0.000    
   133200.   17.00762385   17.3123   0.000       0.000      0.8380E-04   0.000     0.2083E-02-0.2166E-02  0.000      0.000      0.000      0.000       0.000       0.000       0.000       0.000       0.000       0.000    
   136800.   16.98247591   17.3118   0.000       0.000      0.9057E-04   0.000     0.1883E-02-0.1973E-02  0.000      0.000      0.000      0.000       0.000       0.000       0.000       0.000       0.000       0.000    
   140400.   16.93140159   17.3100   0.000       0.000      0.1041E-03   0.000     0.1354E-02-0.1458E-02  0.000      0.000      0.000      0.000       0.000       0.000       0.000       0.000       0.000       0.000    
   144000.   16.90806278   17.3079   0.000       0.000      0.1100E-03   0.000     0.1403E-02-0.1513E-02  0.000      0.000      0.000      0.000       0.000       0.000       0.000       0.000       0.000       0.000    
   147600.   16.89286368   17.3057   0.000       0.000      0.1135E-03   0.000     0.1464E-02-0.1577E-02  0.000      0.000      0.000      0.000       0.000       0.000       0.000       0.000       0.000       0.000    
   151200.   16.88256794   17.3033   0.000       0.000      0.1157E-03   0.000     0.1510E-02-0.1626E-02  0.000      0.000      0.000      0.000       0.000       0.000       0.000       0.000       0.000       0.000    
   154800.   16.87546501   17.3009   0.000       0.000      0.1170E-03   0.000     0.1546E-02-0.1663E-02  0.000      0.000      0.000      0.000       0.000       0.000       0.000       0.000       0.000       0.000    
   158400.   16.89620507   17.2992   0.000       0.000      0.1108E-03   0.000     0.1950E-02-0.2060E-02  0.000      0.000      0.000      0.000       0.000       0.000       0.000       0.000       0.000       0.000    
   162000.   17.00605837   17.3005   0.000       0.000      0.8096E-04   0.000     0.3462E-02-0.3543E-02  0.000      0.000      0.000      0.000       0.000       0.000       0.000       0.000       0.000       0.000    
   165600.   17.02505591   17.3017   0.000       0.000      0.7606E-04   0.000     0.3042E-02-0.3118E-02  0.000      0.000      0.000      0.000       0.000       0.000       0.000       0.000       0.000       0.000    
   169200.   16.95341385   17.3006   0.000       0.000      0.9547E-04   0.000     0.1646E-02-0.1742E-02  0.000      0.000      0.000      0.000       0.000       0.000       0.000       0.000       0.000       0.000    
   172800.   16.91787955   17.2988   0.000       0.000      0.1048E-03   0.000     0.1450E-02-0.1555E-02  0.000      0.000      0.000      0.000       0.000       0.000       0.000       0.000       0.000       0.000    
