TOTIM (T)      HCON          HMAT      QDIR      QWELL        QMAT       QCADS      QTUB1      QTUB2      QTUB3      QTUB4      QTUB5      QTUB6       NSTOR        QFIX        QLH     FHLQ (LQ)        CAUCHY   CAUCHY (LQ)
     3600.   16.86898842   17.6429   0.000       0.000      0.2128E-03   0.000     0.5059E-03-0.7187E-03  0.000      0.000      0.000      0.000       0.000       0.000       0.000       0.000       0.000       0.000    
     7200.   16.84345410   17.6423   0.000       0.000      0.2197E-03   0.000     0.1454E-04-0.2342E-03  0.000      0.000      0.000      0.000       0.000       0.000       0.000       0.000       0.000       0.000    
    10800.   16.83340308   17.6415   0.000       0.000      0.2222E-03   0.000    -0.1326E-04-0.2090E-03  0.000      0.000      0.000      0.000       0.000       0.000       0.000       0.000       0.000       0.000    
    14400.   16.82702266   17.6408   0.000       0.000      0.2238E-03   0.000    -0.1315E-04-0.2106E-03  0.000      0.000      0.000      0.000       0.000       0.000       0.000       0.000       0.000       0.000    
    18000.   16.82263153   17.6401   0.000       0.000      0.2248E-03   0.000    -0.9629E-05-0.2152E-03  0.000      0.000      0.000      0.000       0.000       0.000       0.000       0.000       0.000       0.000    
    21600.   16.81955320   17.6394   0.000       0.000      0.2254E-03   0.000    -0.4973E-05-0.2205E-03  0.000      0.000      0.000      0.000       0.000       0.000       0.000       0.000       0.000       0.000    
    25200.   16.81740886   17.6387   0.000       0.000      0.2258E-03   0.000     0.1929E-06-0.2260E-03  0.000      0.000      0.000      0.000       0.000       0.000       0.000       0.000       0.000       0.000    
    28800.   16.81583529   17.6380   0.000       0.000      0.2261E-03   0.000     0.5936E-05-0.2320E-03  0.000      0.000      0.000      0.000       0.000       0.000       0.000       0.000       0.000       0.000    
    32400.   16.81470857   17.6375   0.000       0.000      0.2263E-03   0.000     0.1171E-04-0.2380E-03  0.000      0.000      0.000      0.000       0.000       0.000       0.000       0.000       0.000       0.000    
    36000.   16.81381917   17.6369   0.000       0.000      0.2263E-03   0.000     0.1778E-04-0.2441E-03  0.000      0.000      0.000      0.000       0.000       0.000       0.000       0.000       0.000       0.000    
    39600.   16.81309213   17.6364   0.000       0.000      0.2264E-03   0.000     0.2384E-04-0.2503E-03  0.000      0.000      0.000      0.000       0.000       0.000       0.000       0.000       0.000       0.000    
    43200.   16.83813491   17.6366   0.000       0.000      0.2196E-03   0.000     0.5209E-03-0.7404E-03  0.000      0.000      0.000      0.000       0.000       0.000       0.000       0.000       0.000       0.000    
    46800.   16.84774045   17.6369   0.000       0.000      0.2170E-03   0.000     0.5547E-03-0.7717E-03  0.000      0.000      0.000      0.000       0.000       0.000       0.000       0.000       0.000       0.000    
    50400.   16.82807705   17.6367   0.000       0.000      0.2224E-03   0.000     0.6935E-04-0.2917E-03  0.000      0.000      0.000      0.000       0.000       0.000       0.000       0.000       0.000       0.000    
    54000.   16.84764185   17.6370   0.000       0.000      0.2171E-03   0.000     0.5347E-03-0.7518E-03  0.000      0.000      0.000      0.000       0.000       0.000       0.000       0.000       0.000       0.000    
    57600.   16.91851838   17.6391   0.000       0.000      0.1982E-03   0.000     0.1790E-02-0.1988E-02  0.000      0.000      0.000      0.000       0.000       0.000       0.000       0.000       0.000       0.000    
    61200.   17.14154529   17.6464   0.000       0.000      0.1388E-03   0.000     0.5543E-02-0.5682E-02  0.000      0.000      0.000      0.000       0.000       0.000       0.000       0.000       0.000       0.000    
    64800.   17.18540530   17.6529   0.000       0.000      0.1286E-03   0.000     0.4773E-02-0.4902E-02  0.000      0.000      0.000      0.000       0.000       0.000       0.000       0.000       0.000       0.000    
    68400.   17.21394635   17.6592   0.000       0.000      0.1224E-03   0.000     0.4463E-02-0.4585E-02  0.000      0.000      0.000      0.000       0.000       0.000       0.000       0.000       0.000       0.000    
    72000.   17.17375252   17.6636   0.000       0.000      0.1347E-03   0.000     0.3185E-02-0.3320E-02  0.000      0.000      0.000      0.000       0.000       0.000       0.000       0.000       0.000       0.000    
    75600.   17.11403112   17.6662   0.000       0.000      0.1518E-03   0.000     0.2093E-02-0.2244E-02  0.000      0.000      0.000      0.000       0.000       0.000       0.000       0.000       0.000       0.000    
    79200.   17.24456558   17.6723   0.000       0.000      0.1176E-03   0.000     0.4937E-02-0.5055E-02  0.000      0.000      0.000      0.000       0.000       0.000       0.000       0.000       0.000       0.000    
    82800.   17.29086828   17.6785   0.000       0.000      0.1066E-03   0.000     0.5068E-02-0.5175E-02  0.000      0.000      0.000      0.000       0.000       0.000       0.000       0.000       0.000       0.000    
    86400.   17.33335759   17.6849   0.000       0.000      0.9667E-04   0.000     0.5284E-02-0.5381E-02  0.000      0.000      0.000      0.000       0.000       0.000       0.000       0.000       0.000       0.000    
    90000.   17.50107200   17.6948   0.000       0.000      0.5327E-04   0.000     0.7952E-02-0.8005E-02  0.000      0.000      0.000      0.000       0.000       0.000       0.000       0.000       0.000       0.000    
    93600.   17.89782357   17.7132   0.000       0.000     -0.5076E-04   0.000     0.1419E-01-0.1414E-01  0.000      0.000      0.000      0.000       0.000       0.000       0.000       0.000       0.000       0.000    
    97200.   17.86763644   17.7273   0.000       0.000     -0.3860E-04   0.000     0.1056E-01-0.1052E-01  0.000      0.000      0.000      0.000       0.000       0.000       0.000       0.000       0.000       0.000    
   100800.   17.61813443   17.7334   0.000       0.000      0.3169E-04   0.000     0.4864E-02-0.4896E-02  0.000      0.000      0.000      0.000       0.000       0.000       0.000       0.000       0.000       0.000    
   104400.   17.44397740   17.7355   0.000       0.000      0.8017E-04   0.000     0.2716E-02-0.2796E-02  0.000      0.000      0.000      0.000       0.000       0.000       0.000       0.000       0.000       0.000    
   108000.   17.34513178   17.7360   0.000       0.000      0.1075E-03   0.000     0.2259E-02-0.2366E-02  0.000      0.000      0.000      0.000       0.000       0.000       0.000       0.000       0.000       0.000    
   111600.   17.23336597   17.7342   0.000       0.000      0.1377E-03   0.000     0.1184E-02-0.1322E-02  0.000      0.000      0.000      0.000       0.000       0.000       0.000       0.000       0.000       0.000    
   115200.   17.13486321   17.7306   0.000       0.000      0.1638E-03   0.000     0.3376E-03-0.5014E-03  0.000      0.000      0.000      0.000       0.000       0.000       0.000       0.000       0.000       0.000    
   118800.   17.05485116   17.7257   0.000       0.000      0.1845E-03   0.000    -0.2351E-03 0.5058E-04  0.000      0.000      0.000      0.000       0.000       0.000       0.000       0.000       0.000       0.000    
   122400.   17.03491445   17.7211   0.000       0.000      0.1887E-03   0.000     0.2031E-03-0.3918E-03  0.000      0.000      0.000      0.000       0.000       0.000       0.000       0.000       0.000       0.000    
   126000.   16.97621269   17.7154   0.000       0.000      0.2033E-03   0.000    -0.5158E-03 0.3126E-03  0.000      0.000      0.000      0.000       0.000       0.000       0.000       0.000       0.000       0.000    
   129600.   17.05020389   17.7122   0.000       0.000      0.1820E-03   0.000     0.1404E-02-0.1586E-02  0.000      0.000      0.000      0.000       0.000       0.000       0.000       0.000       0.000       0.000    
   133200.   17.00762379   17.7077   0.000       0.000      0.1925E-03   0.000     0.2916E-03-0.4841E-03  0.000      0.000      0.000      0.000       0.000       0.000       0.000       0.000       0.000       0.000    
   136800.   16.98247579   17.7028   0.000       0.000      0.1981E-03   0.000    -0.1441E-04-0.1837E-03  0.000      0.000      0.000      0.000       0.000       0.000       0.000       0.000       0.000       0.000    
   140400.   16.93140127   17.6969   0.000       0.000      0.2105E-03   0.000    -0.7641E-03 0.5536E-03  0.000      0.000      0.000      0.000       0.000       0.000       0.000       0.000       0.000       0.000    
   144000.   16.90806245   17.6910   0.000       0.000      0.2153E-03   0.000    -0.8007E-03 0.5854E-03  0.000      0.000      0.000      0.000       0.000       0.000       0.000       0.000       0.000       0.000    
   147600.   16.89286335   17.6852   0.000       0.000      0.2179E-03   0.000    -0.7918E-03 0.5739E-03  0.000      0.000      0.000      0.000       0.000       0.000       0.000       0.000       0.000       0.000    
   151200.   16.88256761   17.6794   0.000       0.000      0.2191E-03   0.000    -0.7769E-03 0.5577E-03  0.000      0.000      0.000      0.000       0.000       0.000       0.000       0.000       0.000       0.000    
   154800.   16.87546469   17.6739   0.000       0.000      0.2196E-03   0.000    -0.7591E-03 0.5395E-03  0.000      0.000      0.000      0.000       0.000       0.000       0.000       0.000       0.000       0.000    
   158400.   16.89620485   17.6692   0.000       0.000      0.2126E-03   0.000    -0.2490E-03 0.3639E-04  0.000      0.000      0.000      0.000       0.000       0.000       0.000       0.000       0.000       0.000    
   162000.   17.00605815   17.6675   0.000       0.000      0.1819E-03   0.000     0.1761E-02-0.1943E-02  0.000      0.000      0.000      0.000       0.000       0.000       0.000       0.000       0.000       0.000    
   165600.   17.02505585   17.6657   0.000       0.000      0.1762E-03   0.000     0.1403E-02-0.1579E-02  0.000      0.000      0.000      0.000       0.000       0.000       0.000       0.000       0.000       0.000    
   169200.   16.95341367   17.6618   0.000       0.000      0.1948E-03   0.000    -0.3260E-03 0.1312E-03  0.000      0.000      0.000      0.000       0.000       0.000       0.000       0.000       0.000       0.000    
   172800.   16.91787927   17.6575   0.000       0.000      0.2034E-03   0.000    -0.6667E-03 0.4634E-03  0.000      0.000      0.000      0.000       0.000       0.000       0.000       0.000       0.000       0.000    
