TOTIM (T)      HCON          HMAT      QDIR      QWELL        QMAT       QCADS      QTUB1      QTUB2      QTUB3      QTUB4      QTUB5      QTUB6       NSTOR        QFIX        QLH     FHLQ (LQ)        CAUCHY   CAUCHY (LQ)
     3600.   16.86898796   16.9165   0.000       0.000      0.1306E-04   0.000     0.1243E-02 0.1553E-02-0.2183E-03-0.2592E-02  0.000      0.000       0.000       0.000       0.000       0.000       0.000       0.000    
     7200.   16.84345382   16.9158   0.000       0.000      0.1988E-04   0.000     0.1034E-02 0.1222E-02-0.1723E-03-0.2103E-02  0.000      0.000       0.000       0.000       0.000       0.000       0.000       0.000    
    10800.   16.83340280   16.9149   0.000       0.000      0.2241E-04   0.000     0.1047E-02 0.1230E-02-0.1734E-03-0.2126E-02  0.000      0.000       0.000       0.000       0.000       0.000       0.000       0.000    
    14400.   16.82702238   16.9140   0.000       0.000      0.2391E-04   0.000     0.1066E-02 0.1249E-02-0.1762E-03-0.2162E-02  0.000      0.000       0.000       0.000       0.000       0.000       0.000       0.000    
    18000.   16.82263124   16.9130   0.000       0.000      0.2485E-04   0.000     0.1079E-02 0.1264E-02-0.1784E-03-0.2190E-02  0.000      0.000       0.000       0.000       0.000       0.000       0.000       0.000    
    21600.   16.81955290   16.9120   0.000       0.000      0.2542E-04   0.000     0.1089E-02 0.1275E-02-0.1800E-03-0.2210E-02  0.000      0.000       0.000       0.000       0.000       0.000       0.000       0.000    
    25200.   16.81740856   16.9110   0.000       0.000      0.2573E-04   0.000     0.1096E-02 0.1284E-02-0.1812E-03-0.2224E-02  0.000      0.000       0.000       0.000       0.000       0.000       0.000       0.000    
    28800.   16.81583500   16.9099   0.000       0.000      0.2588E-04   0.000     0.1101E-02 0.1291E-02-0.1822E-03-0.2236E-02  0.000      0.000       0.000       0.000       0.000       0.000       0.000       0.000    
    32400.   16.81470827   16.9089   0.000       0.000      0.2591E-04   0.000     0.1105E-02 0.1296E-02-0.1829E-03-0.2244E-02  0.000      0.000       0.000       0.000       0.000       0.000       0.000       0.000    
    36000.   16.81381887   16.9079   0.000       0.000      0.2587E-04   0.000     0.1109E-02 0.1301E-02-0.1836E-03-0.2252E-02  0.000      0.000       0.000       0.000       0.000       0.000       0.000       0.000    
    39600.   16.81309183   16.9069   0.000       0.000      0.2579E-04   0.000     0.1111E-02 0.1305E-02-0.1842E-03-0.2258E-02  0.000      0.000       0.000       0.000       0.000       0.000       0.000       0.000    
    43200.   16.83813442   16.9066   0.000       0.000      0.1882E-04   0.000     0.1323E-02 0.1641E-02-0.2307E-03-0.2751E-02  0.000      0.000       0.000       0.000       0.000       0.000       0.000       0.000    
    46800.   16.84773996   16.9064   0.000       0.000      0.1613E-04   0.000     0.1311E-02 0.1636E-02-0.2300E-03-0.2733E-02  0.000      0.000       0.000       0.000       0.000       0.000       0.000       0.000    
    50400.   16.82807674   16.9056   0.000       0.000      0.2132E-04   0.000     0.1085E-02 0.1288E-02-0.1817E-03-0.2213E-02  0.000      0.000       0.000       0.000       0.000       0.000       0.000       0.000    
    54000.   16.84764137   16.9055   0.000       0.000      0.1590E-04   0.000     0.1296E-02 0.1616E-02-0.2271E-03-0.2700E-02  0.000      0.000       0.000       0.000       0.000       0.000       0.000       0.000    
    57600.   16.91851746   16.9072   0.000       0.000     -0.3107E-05   0.000     0.1814E-02 0.2444E-02-0.3420E-03-0.3913E-02  0.000      0.000       0.000       0.000       0.000       0.000       0.000       0.000    
    61200.   17.14154305   16.9148   0.000       0.000     -0.6235E-04   0.000     0.3261E-02 0.4681E-02-0.1447E-02-0.6433E-02  0.000      0.000       0.000       0.000       0.000       0.000       0.000       0.000    
    64800.   17.18540338   16.9222   0.000       0.000     -0.7238E-04   0.000     0.2697E-02 0.3937E-02-0.1202E-02-0.5359E-02  0.000      0.000       0.000       0.000       0.000       0.000       0.000       0.000    
    68400.   17.21394456   16.9297   0.000       0.000     -0.7817E-04   0.000     0.2445E-02 0.3613E-02-0.1095E-02-0.4885E-02  0.000      0.000       0.000       0.000       0.000       0.000       0.000       0.000    
    72000.   17.17375120   16.9356   0.000       0.000     -0.6548E-04   0.000     0.1851E-02 0.2725E-02-0.8150E-03-0.3696E-02  0.000      0.000       0.000       0.000       0.000       0.000       0.000       0.000    
    75600.   17.11403018   16.9399   0.000       0.000     -0.4788E-04   0.000     0.1422E-02 0.2047E-02-0.6052E-03-0.2816E-02  0.000      0.000       0.000       0.000       0.000       0.000       0.000       0.000    
    79200.   17.24456361   16.9481   0.000       0.000     -0.8151E-04   0.000     0.2676E-02 0.3954E-02-0.1203E-02-0.5346E-02  0.000      0.000       0.000       0.000       0.000       0.000       0.000       0.000    
    82800.   17.29086629   16.9569   0.000       0.000     -0.9184E-04   0.000     0.2633E-02 0.3938E-02-0.1193E-02-0.5286E-02  0.000      0.000       0.000       0.000       0.000       0.000       0.000       0.000    
    86400.   17.33335553   16.9663   0.000       0.000     -0.1009E-03   0.000     0.2650E-02 0.4003E-02-0.1210E-02-0.5342E-02  0.000      0.000       0.000       0.000       0.000       0.000       0.000       0.000    
    90000.   17.50104804   16.9800   0.000       0.000     -0.1433E-03   0.000     0.3698E-02 0.5661E-02-0.1725E-02-0.7490E-02  0.000      0.000       0.000       0.000       0.000       0.000       0.000       0.000    
    93600.   17.89774924   17.0035   0.000       0.000     -0.2459E-03   0.000     0.6332E-02 0.9032E-02-0.2678E-02-0.1244E-01  0.000      0.000       0.000       0.000       0.000       0.000       0.000       0.000    
    97200.   17.86759586   17.0235   0.000       0.000     -0.2321E-03   0.000     0.4404E-02 0.6320E-02-0.1869E-02-0.8623E-02  0.000      0.000       0.000       0.000       0.000       0.000       0.000       0.000    
   100800.   17.61812552   17.0356   0.000       0.000     -0.1602E-03   0.000     0.2012E-02 0.2390E-02-0.6130E-03-0.3629E-02  0.000      0.000       0.000       0.000       0.000       0.000       0.000       0.000    
   104400.   17.44397474   17.0439   0.000       0.000     -0.1100E-03   0.000     0.1057E-02 0.1857E-02-0.2550E-03-0.2549E-02  0.000      0.000       0.000       0.000       0.000       0.000       0.000       0.000    
   108000.   17.34512968   17.0505   0.000       0.000     -0.8103E-04   0.000     0.1132E-02 0.1833E-02-0.2527E-03-0.2631E-02  0.000      0.000       0.000       0.000       0.000       0.000       0.000       0.000    
   111600.   17.23336538   17.0546   0.000       0.000     -0.4915E-04   0.000     0.8775E-03 0.1321E-02-0.1828E-03-0.1966E-02  0.000      0.000       0.000       0.000       0.000       0.000       0.000       0.000    
   115200.   17.13486289   17.0568   0.000       0.000     -0.2147E-04   0.000     0.7068E-03 0.9490E-03-0.1321E-03-0.1502E-02  0.000      0.000       0.000       0.000       0.000       0.000       0.000       0.000    
   118800.   17.05485102   17.0574   0.000       0.000      0.7101E-06   0.000     0.6328E-03 0.7408E-03-0.1040E-03-0.1270E-02  0.000      0.000       0.000       0.000       0.000       0.000       0.000       0.000    
   122400.   17.03491413   17.0581   0.000       0.000      0.6387E-05   0.000     0.9605E-03 0.1184E-02-0.1662E-03-0.1985E-02  0.000      0.000       0.000       0.000       0.000       0.000       0.000       0.000    
   126000.   16.97621261   17.0575   0.000       0.000      0.2234E-04   0.000     0.7254E-03 0.7734E-03-0.1097E-03-0.1412E-02  0.000      0.000       0.000       0.000       0.000       0.000       0.000       0.000    
   129600.   17.05020311   17.0593   0.000       0.000      0.2495E-05   0.000     0.1625E-02 0.2155E-02-0.3016E-03-0.3481E-02  0.000      0.000       0.000       0.000       0.000       0.000       0.000       0.000    
   133200.   17.00762342   17.0596   0.000       0.000      0.1428E-04   0.000     0.1107E-02 0.1356E-02-0.1909E-03-0.2287E-02  0.000      0.000       0.000       0.000       0.000       0.000       0.000       0.000    
   136800.   16.98247553   17.0593   0.000       0.000      0.2113E-04   0.000     0.1005E-02 0.1180E-02-0.1664E-03-0.2039E-02  0.000      0.000       0.000       0.000       0.000       0.000       0.000       0.000    
   140400.   16.93140126   17.0578   0.000       0.000      0.3476E-04   0.000     0.7219E-03 0.7121E-03-0.1017E-03-0.1367E-02  0.000      0.000       0.000       0.000       0.000       0.000       0.000       0.000    
   144000.   16.90806245   17.0560   0.000       0.000      0.4068E-04   0.000     0.7696E-03 0.7538E-03-0.1078E-03-0.1456E-02  0.000      0.000       0.000       0.000       0.000       0.000       0.000       0.000    
   147600.   16.89286334   17.0540   0.000       0.000      0.4430E-04   0.000     0.8177E-03 0.8061E-03-0.1152E-03-0.1553E-02  0.000      0.000       0.000       0.000       0.000       0.000       0.000       0.000    
   151200.   16.88256759   17.0518   0.000       0.000      0.4655E-04   0.000     0.8527E-03 0.8460E-03-0.1209E-03-0.1624E-02  0.000      0.000       0.000       0.000       0.000       0.000       0.000       0.000    
   154800.   16.87546466   17.0496   0.000       0.000      0.4789E-04   0.000     0.8785E-03 0.8769E-03-0.1253E-03-0.1678E-02  0.000      0.000       0.000       0.000       0.000       0.000       0.000       0.000    
   158400.   16.89620464   17.0481   0.000       0.000      0.4177E-04   0.000     0.1107E-02 0.1232E-02-0.1747E-03-0.2206E-02  0.000      0.000       0.000       0.000       0.000       0.000       0.000       0.000    
   162000.   17.00605722   17.0496   0.000       0.000      0.1197E-04   0.000     0.1942E-02 0.2565E-02-0.3595E-03-0.4159E-02  0.000      0.000       0.000       0.000       0.000       0.000       0.000       0.000    
   165600.   17.02505507   17.0510   0.000       0.000      0.7124E-05   0.000     0.1671E-02 0.2199E-02-0.3084E-03-0.3568E-02  0.000      0.000       0.000       0.000       0.000       0.000       0.000       0.000    
   169200.   16.95341352   17.0500   0.000       0.000      0.2657E-04   0.000     0.8756E-03 0.9707E-03-0.1377E-03-0.1735E-02  0.000      0.000       0.000       0.000       0.000       0.000       0.000       0.000    
   172800.   16.91787923   17.0485   0.000       0.000      0.3591E-04   0.000     0.7827E-03 0.7962E-03-0.1135E-03-0.1501E-02  0.000      0.000       0.000       0.000       0.000       0.000       0.000       0.000    
