TOTIM (T)      HCON          HMAT      QDIR      QWELL        QMAT       QCADS      QTUB1      QTUB2      QTUB3      QTUB4      QTUB5      QTUB6       NSTOR        QFIX        QLH     FHLQ (LQ)        CAUCHY   CAUCHY (LQ)
     3600.   16.86898495   16.8535   0.000       0.000     -0.4248E-05   0.000     0.7116E-02-0.7112E-02  0.000      0.000      0.000      0.000       0.000       0.000       0.000       0.000       0.000       0.000    
     7200.   16.84345128   16.8528   0.000       0.000      0.2577E-05   0.000     0.6251E-02-0.6254E-02  0.000      0.000      0.000      0.000       0.000       0.000       0.000       0.000       0.000       0.000    
    10800.   16.83340022   16.8520   0.000       0.000      0.5108E-05   0.000     0.6378E-02-0.6383E-02  0.000      0.000      0.000      0.000       0.000       0.000       0.000       0.000       0.000       0.000    
    14400.   16.82701975   16.8511   0.000       0.000      0.6610E-05   0.000     0.6502E-02-0.6509E-02  0.000      0.000      0.000      0.000       0.000       0.000       0.000       0.000       0.000       0.000    
    18000.   16.82262858   16.8501   0.000       0.000      0.7551E-05   0.000     0.6590E-02-0.6598E-02  0.000      0.000      0.000      0.000       0.000       0.000       0.000       0.000       0.000       0.000    
    21600.   16.81955021   16.8491   0.000       0.000      0.8123E-05   0.000     0.6651E-02-0.6660E-02  0.000      0.000      0.000      0.000       0.000       0.000       0.000       0.000       0.000       0.000    
    25200.   16.81740586   16.8481   0.000       0.000      0.8436E-05   0.000     0.6693E-02-0.6701E-02  0.000      0.000      0.000      0.000       0.000       0.000       0.000       0.000       0.000       0.000    
    28800.   16.81583227   16.8471   0.000       0.000      0.8589E-05   0.000     0.6722E-02-0.6731E-02  0.000      0.000      0.000      0.000       0.000       0.000       0.000       0.000       0.000       0.000    
    32400.   16.81470554   16.8461   0.000       0.000      0.8621E-05   0.000     0.6742E-02-0.6751E-02  0.000      0.000      0.000      0.000       0.000       0.000       0.000       0.000       0.000       0.000    
    36000.   16.81381613   16.8450   0.000       0.000      0.8588E-05   0.000     0.6757E-02-0.6766E-02  0.000      0.000      0.000      0.000       0.000       0.000       0.000       0.000       0.000       0.000    
    39600.   16.81308909   16.8440   0.000       0.000      0.8512E-05   0.000     0.6769E-02-0.6778E-02  0.000      0.000      0.000      0.000       0.000       0.000       0.000       0.000       0.000       0.000    
    43200.   16.83812629   16.8438   0.000       0.000      0.1551E-05   0.000     0.7639E-02-0.7641E-02  0.000      0.000      0.000      0.000       0.000       0.000       0.000       0.000       0.000       0.000    
    46800.   16.84773202   16.8436   0.000       0.000     -0.1128E-05   0.000     0.7519E-02-0.7518E-02  0.000      0.000      0.000      0.000       0.000       0.000       0.000       0.000       0.000       0.000    
    50400.   16.82807053   16.8429   0.000       0.000      0.4069E-05   0.000     0.6538E-02-0.6542E-02  0.000      0.000      0.000      0.000       0.000       0.000       0.000       0.000       0.000       0.000    
    54000.   16.84763358   16.8427   0.000       0.000     -0.1345E-05   0.000     0.7441E-02-0.7440E-02  0.000      0.000      0.000      0.000       0.000       0.000       0.000       0.000       0.000       0.000    
    57600.   16.91850535   16.8445   0.000       0.000     -0.2035E-04   0.000     0.9525E-02-0.9504E-02  0.000      0.000      0.000      0.000       0.000       0.000       0.000       0.000       0.000       0.000    
    61200.   17.14145082   16.8521   0.000       0.000     -0.7957E-04   0.000     0.1555E-01-0.1547E-01  0.000      0.000      0.000      0.000       0.000       0.000       0.000       0.000       0.000       0.000    
    64800.   17.18534175   16.8595   0.000       0.000     -0.8961E-04   0.000     0.1250E-01-0.1241E-01  0.000      0.000      0.000      0.000       0.000       0.000       0.000       0.000       0.000       0.000    
    68400.   17.21389466   16.8669   0.000       0.000     -0.9541E-04   0.000     0.1111E-01-0.1101E-01  0.000      0.000      0.000      0.000       0.000       0.000       0.000       0.000       0.000       0.000    
    72000.   17.17372260   16.8728   0.000       0.000     -0.8275E-04   0.000     0.8437E-02-0.8354E-02  0.000      0.000      0.000      0.000       0.000       0.000       0.000       0.000       0.000       0.000    
    75600.   17.11401291   16.8771   0.000       0.000     -0.6516E-04   0.000     0.6706E-02-0.6641E-02  0.000      0.000      0.000      0.000       0.000       0.000       0.000       0.000       0.000       0.000    
    79200.   17.24450364   16.8852   0.000       0.000     -0.9881E-04   0.000     0.1219E-01-0.1209E-01  0.000      0.000      0.000      0.000       0.000       0.000       0.000       0.000       0.000       0.000    
    82800.   17.29080922   16.8939   0.000       0.000     -0.1092E-03   0.000     0.1173E-01-0.1162E-01  0.000      0.000      0.000      0.000       0.000       0.000       0.000       0.000       0.000       0.000    
    86400.   17.33329844   16.9031   0.000       0.000     -0.1183E-03   0.000     0.1160E-01-0.1148E-01  0.000      0.000      0.000      0.000       0.000       0.000       0.000       0.000       0.000       0.000    
    90000.   17.50093822   16.9166   0.000       0.000     -0.1607E-03   0.000     0.1585E-01-0.1569E-01  0.000      0.000      0.000      0.000       0.000       0.000       0.000       0.000       0.000       0.000    
    93600.   17.89745408   16.9400   0.000       0.000     -0.2633E-03   0.000     0.2551E-01-0.2525E-01  0.000      0.000      0.000      0.000       0.000       0.000       0.000       0.000       0.000       0.000    
    97200.   17.86746537   16.9596   0.000       0.000     -0.2497E-03   0.000     0.1612E-01-0.1587E-01  0.000      0.000      0.000      0.000       0.000       0.000       0.000       0.000       0.000       0.000    
   100800.   17.61810883   16.9715   0.000       0.000     -0.1778E-03   0.000     0.5468E-02-0.5290E-02  0.000      0.000      0.000      0.000       0.000       0.000       0.000       0.000       0.000       0.000    
   104400.   17.44397184   16.9794   0.000       0.000     -0.1278E-03   0.000     0.3328E-02-0.3201E-02  0.000      0.000      0.000      0.000       0.000       0.000       0.000       0.000       0.000       0.000    
   108000.   17.34512636   16.9856   0.000       0.000     -0.9886E-04   0.000     0.4373E-02-0.4274E-02  0.000      0.000      0.000      0.000       0.000       0.000       0.000       0.000       0.000       0.000    
   111600.   17.23336298   16.9895   0.000       0.000     -0.6707E-04   0.000     0.3871E-02-0.3803E-02  0.000      0.000      0.000      0.000       0.000       0.000       0.000       0.000       0.000       0.000    
   115200.   17.13486129   16.9913   0.000       0.000     -0.3948E-04   0.000     0.3681E-02-0.3642E-02  0.000      0.000      0.000      0.000       0.000       0.000       0.000       0.000       0.000       0.000    
   118800.   17.05484951   16.9916   0.000       0.000     -0.1739E-04   0.000     0.3835E-02-0.3817E-02  0.000      0.000      0.000      0.000       0.000       0.000       0.000       0.000       0.000       0.000    
   122400.   17.03491182   16.9920   0.000       0.000     -0.1180E-04   0.000     0.5565E-02-0.5553E-02  0.000      0.000      0.000      0.000       0.000       0.000       0.000       0.000       0.000       0.000    
   126000.   16.97621080   16.9910   0.000       0.000      0.4066E-05   0.000     0.4786E-02-0.4790E-02  0.000      0.000      0.000      0.000       0.000       0.000       0.000       0.000       0.000       0.000    
   129600.   17.05019274   16.9925   0.000       0.000     -0.1587E-04   0.000     0.8716E-02-0.8700E-02  0.000      0.000      0.000      0.000       0.000       0.000       0.000       0.000       0.000       0.000    
   133200.   17.00761729   16.9925   0.000       0.000     -0.4160E-05   0.000     0.6454E-02-0.6450E-02  0.000      0.000      0.000      0.000       0.000       0.000       0.000       0.000       0.000       0.000    
   136800.   16.98246999   16.9919   0.000       0.000      0.2606E-05   0.000     0.6115E-02-0.6117E-02  0.000      0.000      0.000      0.000       0.000       0.000       0.000       0.000       0.000       0.000    
   140400.   16.93139738   16.9902   0.000       0.000      0.1616E-04   0.000     0.5051E-02-0.5067E-02  0.000      0.000      0.000      0.000       0.000       0.000       0.000       0.000       0.000       0.000    
   144000.   16.90805810   16.9881   0.000       0.000      0.2200E-04   0.000     0.5421E-02-0.5443E-02  0.000      0.000      0.000      0.000       0.000       0.000       0.000       0.000       0.000       0.000    
   147600.   16.89285855   16.9858   0.000       0.000      0.2556E-04   0.000     0.5739E-02-0.5764E-02  0.000      0.000      0.000      0.000       0.000       0.000       0.000       0.000       0.000       0.000    
   151200.   16.88256249   16.9834   0.000       0.000      0.2774E-04   0.000     0.5960E-02-0.5988E-02  0.000      0.000      0.000      0.000       0.000       0.000       0.000       0.000       0.000       0.000    
   154800.   16.87545933   16.9810   0.000       0.000      0.2902E-04   0.000     0.6116E-02-0.6145E-02  0.000      0.000      0.000      0.000       0.000       0.000       0.000       0.000       0.000       0.000    
   158400.   16.89619766   16.9793   0.000       0.000      0.2284E-04   0.000     0.7087E-02-0.7110E-02  0.000      0.000      0.000      0.000       0.000       0.000       0.000       0.000       0.000       0.000    
   162000.   17.00604155   16.9806   0.000       0.000     -0.7009E-05   0.000     0.1047E-01-0.1046E-01  0.000      0.000      0.000      0.000       0.000       0.000       0.000       0.000       0.000       0.000    
   165600.   17.02504299   16.9817   0.000       0.000     -0.1191E-04   0.000     0.9026E-02-0.9014E-02  0.000      0.000      0.000      0.000       0.000       0.000       0.000       0.000       0.000       0.000    
   169200.   16.95340843   16.9806   0.000       0.000      0.7486E-05   0.000     0.5597E-02-0.5605E-02  0.000      0.000      0.000      0.000       0.000       0.000       0.000       0.000       0.000       0.000    
   172800.   16.91787458   16.9789   0.000       0.000      0.1677E-04   0.000     0.5364E-02-0.5381E-02  0.000      0.000      0.000      0.000       0.000       0.000       0.000       0.000       0.000       0.000    
