TOTIM (T)      HCON          HMAT      QDIR      QWELL        QMAT       QCADS      QTUB1      QTUB2      QTUB3      QTUB4      QTUB5      QTUB6       NSTOR        QFIX        QLH     FHLQ (LQ)        CAUCHY   CAUCHY (LQ)
     3600.   16.86898577   16.9110   0.000       0.000      0.1155E-04   0.000     0.4083E-02 0.4762E-03-0.4571E-02  0.000      0.000      0.000       0.000       0.000       0.000       0.000       0.000       0.000    
     7200.   16.84345200   16.9103   0.000       0.000      0.1838E-04   0.000     0.3459E-02 0.4987E-03-0.3976E-02  0.000      0.000      0.000       0.000       0.000       0.000       0.000       0.000       0.000    
    10800.   16.83340095   16.9094   0.000       0.000      0.2091E-04   0.000     0.3524E-02 0.5075E-03-0.4053E-02  0.000      0.000      0.000       0.000       0.000       0.000       0.000       0.000       0.000    
    14400.   16.82702050   16.9085   0.000       0.000      0.2241E-04   0.000     0.3596E-02 0.5128E-03-0.4131E-02  0.000      0.000      0.000       0.000       0.000       0.000       0.000       0.000       0.000    
    18000.   16.82262933   16.9075   0.000       0.000      0.2335E-04   0.000     0.3648E-02 0.5161E-03-0.4188E-02  0.000      0.000      0.000       0.000       0.000       0.000       0.000       0.000       0.000    
    21600.   16.81955098   16.9065   0.000       0.000      0.2392E-04   0.000     0.3685E-02 0.5182E-03-0.4227E-02  0.000      0.000      0.000       0.000       0.000       0.000       0.000       0.000       0.000    
    25200.   16.81740663   16.9055   0.000       0.000      0.2423E-04   0.000     0.3710E-02 0.5193E-03-0.4253E-02  0.000      0.000      0.000       0.000       0.000       0.000       0.000       0.000       0.000    
    28800.   16.81583305   16.9045   0.000       0.000      0.2438E-04   0.000     0.3728E-02 0.5198E-03-0.4273E-02  0.000      0.000      0.000       0.000       0.000       0.000       0.000       0.000       0.000    
    32400.   16.81470632   16.9035   0.000       0.000      0.2441E-04   0.000     0.3741E-02 0.5199E-03-0.4286E-02  0.000      0.000      0.000       0.000       0.000       0.000       0.000       0.000       0.000    
    36000.   16.81381691   16.9025   0.000       0.000      0.2437E-04   0.000     0.3752E-02 0.5198E-03-0.4296E-02  0.000      0.000      0.000       0.000       0.000       0.000       0.000       0.000       0.000    
    39600.   16.81308986   16.9014   0.000       0.000      0.2430E-04   0.000     0.3760E-02 0.5196E-03-0.4304E-02  0.000      0.000      0.000       0.000       0.000       0.000       0.000       0.000       0.000    
    43200.   16.83813209   16.9011   0.000       0.000      0.1733E-04   0.000     0.4389E-02 0.4967E-03-0.4903E-02  0.000      0.000      0.000       0.000       0.000       0.000       0.000       0.000       0.000    
    46800.   16.84773765   16.9010   0.000       0.000      0.1465E-04   0.000     0.4329E-02 0.4873E-03-0.4831E-02  0.000      0.000      0.000       0.000       0.000       0.000       0.000       0.000       0.000    
    50400.   16.82807482   16.9002   0.000       0.000      0.1984E-04   0.000     0.3638E-02 0.5041E-03-0.4162E-02  0.000      0.000      0.000       0.000       0.000       0.000       0.000       0.000       0.000    
    54000.   16.84763909   16.9001   0.000       0.000      0.1442E-04   0.000     0.4279E-02 0.4865E-03-0.4780E-02  0.000      0.000      0.000       0.000       0.000       0.000       0.000       0.000       0.000    
    57600.   16.91851427   16.9019   0.000       0.000     -0.4581E-05   0.000     0.5802E-02 0.4236E-03-0.6221E-02  0.000      0.000      0.000       0.000       0.000       0.000       0.000       0.000       0.000    
    61200.   17.14147781   16.9094   0.000       0.000     -0.6381E-04   0.000     0.1024E-01-0.9294E-03-0.9245E-02  0.000      0.000      0.000       0.000       0.000       0.000       0.000       0.000       0.000    
    64800.   17.18535931   16.9168   0.000       0.000     -0.7385E-04   0.000     0.8281E-02-0.7363E-03-0.7471E-02  0.000      0.000      0.000       0.000       0.000       0.000       0.000       0.000       0.000    
    68400.   17.21390860   16.9243   0.000       0.000     -0.7964E-04   0.000     0.7399E-02-0.6537E-03-0.6666E-02  0.000      0.000      0.000       0.000       0.000       0.000       0.000       0.000       0.000    
    72000.   17.17373072   16.9302   0.000       0.000     -0.6697E-04   0.000     0.5531E-02-0.3857E-03-0.5078E-02  0.000      0.000      0.000       0.000       0.000       0.000       0.000       0.000       0.000    
    75600.   17.11401807   16.9345   0.000       0.000     -0.4938E-04   0.000     0.4252E-02-0.1709E-03-0.4031E-02  0.000      0.000      0.000       0.000       0.000       0.000       0.000       0.000       0.000    
    79200.   17.24452038   16.9427   0.000       0.000     -0.8301E-04   0.000     0.8143E-02-0.7541E-03-0.7306E-02  0.000      0.000      0.000       0.000       0.000       0.000       0.000       0.000       0.000    
    82800.   17.29082475   16.9514   0.000       0.000     -0.9335E-04   0.000     0.7911E-02-0.7664E-03-0.7051E-02  0.000      0.000      0.000       0.000       0.000       0.000       0.000       0.000       0.000    
    86400.   17.33331366   16.9607   0.000       0.000     -0.1025E-03   0.000     0.7892E-02-0.7987E-03-0.6991E-02  0.000      0.000      0.000       0.000       0.000       0.000       0.000       0.000       0.000    
    90000.   17.50096648   16.9743   0.000       0.000     -0.1448E-03   0.000     0.1103E-01-0.1333E-02-0.9549E-02  0.000      0.000      0.000       0.000       0.000       0.000       0.000       0.000       0.000    
    93600.   17.89752689   16.9977   0.000       0.000     -0.2474E-03   0.000     0.1820E-01-0.2585E-02-0.1537E-01  0.000      0.000      0.000       0.000       0.000       0.000       0.000       0.000       0.000    
    97200.   17.86749485   17.0175   0.000       0.000     -0.2337E-03   0.000     0.1185E-01-0.1773E-02-0.9845E-02  0.000      0.000      0.000       0.000       0.000       0.000       0.000       0.000       0.000    
   100800.   17.61811217   17.0295   0.000       0.000     -0.1619E-03   0.000     0.4244E-02-0.1458E-02-0.2624E-02  0.000      0.000      0.000       0.000       0.000       0.000       0.000       0.000       0.000    
   104400.   17.44397224   17.0376   0.000       0.000     -0.1117E-03   0.000     0.2457E-02 0.4858E-04-0.2394E-02  0.000      0.000      0.000       0.000       0.000       0.000       0.000       0.000       0.000    
   108000.   17.34512688   17.0440   0.000       0.000     -0.8280E-04   0.000     0.2943E-02 0.1489E-03-0.3009E-02  0.000      0.000      0.000       0.000       0.000       0.000       0.000       0.000       0.000    
   111600.   17.23336343   17.0480   0.000       0.000     -0.5096E-04   0.000     0.2378E-02 0.2573E-03-0.2585E-02  0.000      0.000      0.000       0.000       0.000       0.000       0.000       0.000       0.000    
   115200.   17.13486171   17.0500   0.000       0.000     -0.2332E-04   0.000     0.2053E-02 0.3517E-03-0.2381E-02  0.000      0.000      0.000       0.000       0.000       0.000       0.000       0.000       0.000    
   118800.   17.05484995   17.0505   0.000       0.000     -0.1190E-05   0.000     0.1995E-02 0.4277E-03-0.2421E-02  0.000      0.000      0.000       0.000       0.000       0.000       0.000       0.000       0.000    
   122400.   17.03491246   17.0511   0.000       0.000      0.4444E-05   0.000     0.3106E-02 0.4486E-03-0.3559E-02  0.000      0.000      0.000       0.000       0.000       0.000       0.000       0.000       0.000    
   126000.   16.97621135   17.0502   0.000       0.000      0.2036E-04   0.000     0.2472E-02 0.5021E-03-0.2995E-02  0.000      0.000      0.000       0.000       0.000       0.000       0.000       0.000       0.000    
   129600.   17.05020025   17.0519   0.000       0.000      0.4692E-06   0.000     0.5231E-02 0.4380E-03-0.5669E-02  0.000      0.000      0.000       0.000       0.000       0.000       0.000       0.000       0.000    
   133200.   17.00762148   17.0521   0.000       0.000      0.1222E-04   0.000     0.3642E-02 0.4754E-03-0.4129E-02  0.000      0.000      0.000       0.000       0.000       0.000       0.000       0.000       0.000    
   136800.   16.98247376   17.0517   0.000       0.000      0.1903E-04   0.000     0.3367E-02 0.4984E-03-0.3884E-02  0.000      0.000      0.000       0.000       0.000       0.000       0.000       0.000       0.000    
   140400.   16.93139998   17.0500   0.000       0.000      0.3262E-04   0.000     0.2561E-02 0.5437E-03-0.3137E-02  0.000      0.000      0.000       0.000       0.000       0.000       0.000       0.000       0.000    
   144000.   16.90806108   17.0481   0.000       0.000      0.3850E-04   0.000     0.2765E-02 0.5642E-03-0.3368E-02  0.000      0.000      0.000       0.000       0.000       0.000       0.000       0.000       0.000    
   147600.   16.89286187   17.0459   0.000       0.000      0.4209E-04   0.000     0.2950E-02 0.5767E-03-0.3569E-02  0.000      0.000      0.000       0.000       0.000       0.000       0.000       0.000       0.000    
   151200.   16.88256606   17.0437   0.000       0.000      0.4431E-04   0.000     0.3082E-02 0.5844E-03-0.3711E-02  0.000      0.000      0.000       0.000       0.000       0.000       0.000       0.000       0.000    
   154800.   16.87546308   17.0414   0.000       0.000      0.4563E-04   0.000     0.3176E-02 0.5889E-03-0.3811E-02  0.000      0.000      0.000       0.000       0.000       0.000       0.000       0.000       0.000    
   158400.   16.89620266   17.0398   0.000       0.000      0.3948E-04   0.000     0.3867E-02 0.5687E-03-0.4475E-02  0.000      0.000      0.000       0.000       0.000       0.000       0.000       0.000       0.000    
   162000.   17.00605378   17.0412   0.000       0.000      0.9653E-05   0.000     0.6331E-02-0.1937E-03-0.6147E-02  0.000      0.000      0.000       0.000       0.000       0.000       0.000       0.000       0.000    
   165600.   17.02505213   17.0424   0.000       0.000      0.4782E-05   0.000     0.5409E-02-0.1055E-03-0.5308E-02  0.000      0.000      0.000       0.000       0.000       0.000       0.000       0.000       0.000    
   169200.   16.95341198   17.0414   0.000       0.000      0.2421E-04   0.000     0.2987E-02 0.2412E-03-0.3252E-02  0.000      0.000      0.000       0.000       0.000       0.000       0.000       0.000       0.000    
   172800.   16.91787784   17.0398   0.000       0.000      0.3352E-04   0.000     0.2764E-02 0.3001E-03-0.3098E-02  0.000      0.000      0.000       0.000       0.000       0.000       0.000       0.000       0.000    
