TOTIM (T)      HCON          HMAT      QDIR      QWELL        QMAT       QCADS      QTUB1      QTUB2      QTUB3      QTUB4      QTUB5      QTUB6       NSTOR        QFIX        QLH     FHLQ (LQ)        CAUCHY   CAUCHY (LQ)
     3600.   16.86898876   17.0267   0.000       0.000      0.4337E-04   0.000    -0.1830E-02 0.1786E-02  0.000      0.000      0.000      0.000       0.000       0.000       0.000       0.000       0.000       0.000    
     7200.   16.84345448   17.0260   0.000       0.000      0.5020E-04   0.000    -0.1464E-02 0.1414E-02  0.000      0.000      0.000      0.000       0.000       0.000       0.000       0.000       0.000       0.000    
    10800.   16.83340346   17.0251   0.000       0.000      0.5273E-04   0.000    -0.1472E-02 0.1419E-02  0.000      0.000      0.000      0.000       0.000       0.000       0.000       0.000       0.000       0.000    
    14400.   16.82702306   17.0242   0.000       0.000      0.5423E-04   0.000    -0.1492E-02 0.1438E-02  0.000      0.000      0.000      0.000       0.000       0.000       0.000       0.000       0.000       0.000    
    18000.   16.82263193   17.0233   0.000       0.000      0.5517E-04   0.000    -0.1509E-02 0.1454E-02  0.000      0.000      0.000      0.000       0.000       0.000       0.000       0.000       0.000       0.000    
    21600.   16.81955360   17.0223   0.000       0.000      0.5574E-04   0.000    -0.1521E-02 0.1465E-02  0.000      0.000      0.000      0.000       0.000       0.000       0.000       0.000       0.000       0.000    
    25200.   16.81740926   17.0213   0.000       0.000      0.5606E-04   0.000    -0.1530E-02 0.1474E-02  0.000      0.000      0.000      0.000       0.000       0.000       0.000       0.000       0.000       0.000    
    28800.   16.81583569   17.0202   0.000       0.000      0.5621E-04   0.000    -0.1538E-02 0.1482E-02  0.000      0.000      0.000      0.000       0.000       0.000       0.000       0.000       0.000       0.000    
    32400.   16.81470898   17.0192   0.000       0.000      0.5624E-04   0.000    -0.1544E-02 0.1488E-02  0.000      0.000      0.000      0.000       0.000       0.000       0.000       0.000       0.000       0.000    
    36000.   16.81381957   17.0182   0.000       0.000      0.5621E-04   0.000    -0.1549E-02 0.1493E-02  0.000      0.000      0.000      0.000       0.000       0.000       0.000       0.000       0.000       0.000    
    39600.   16.81309253   17.0172   0.000       0.000      0.5613E-04   0.000    -0.1554E-02 0.1498E-02  0.000      0.000      0.000      0.000       0.000       0.000       0.000       0.000       0.000       0.000    
    43200.   16.83813527   17.0169   0.000       0.000      0.4917E-04   0.000    -0.1923E-02 0.1874E-02  0.000      0.000      0.000      0.000       0.000       0.000       0.000       0.000       0.000       0.000    
    46800.   16.84774080   17.0168   0.000       0.000      0.4649E-04   0.000    -0.1919E-02 0.1873E-02  0.000      0.000      0.000      0.000       0.000       0.000       0.000       0.000       0.000       0.000    
    50400.   16.82807743   17.0160   0.000       0.000      0.5169E-04   0.000    -0.1537E-02 0.1486E-02  0.000      0.000      0.000      0.000       0.000       0.000       0.000       0.000       0.000       0.000    
    54000.   16.84764220   17.0159   0.000       0.000      0.4627E-04   0.000    -0.1896E-02 0.1850E-02  0.000      0.000      0.000      0.000       0.000       0.000       0.000       0.000       0.000       0.000    
    57600.   16.91851863   17.0177   0.000       0.000      0.2727E-04   0.000    -0.2810E-02 0.2783E-02  0.000      0.000      0.000      0.000       0.000       0.000       0.000       0.000       0.000       0.000    
    61200.   17.14154522   17.0253   0.000       0.000     -0.3197E-04   0.000    -0.5508E-02 0.5539E-02  0.000      0.000      0.000      0.000       0.000       0.000       0.000       0.000       0.000       0.000    
    64800.   17.18540519   17.0326   0.000       0.000     -0.4201E-04   0.000    -0.4662E-02 0.4704E-02  0.000      0.000      0.000      0.000       0.000       0.000       0.000       0.000       0.000       0.000    
    68400.   17.21394621   17.0401   0.000       0.000     -0.4780E-04   0.000    -0.4288E-02 0.4336E-02  0.000      0.000      0.000      0.000       0.000       0.000       0.000       0.000       0.000       0.000    
    72000.   17.17375246   17.0460   0.000       0.000     -0.3513E-04   0.000    -0.3267E-02 0.3302E-02  0.000      0.000      0.000      0.000       0.000       0.000       0.000       0.000       0.000       0.000    
    75600.   17.11403114   17.0502   0.000       0.000     -0.1755E-04   0.000    -0.2483E-02 0.2500E-02  0.000      0.000      0.000      0.000       0.000       0.000       0.000       0.000       0.000       0.000    
    79200.   17.24456542   17.0584   0.000       0.000     -0.5121E-04   0.000    -0.4674E-02 0.4726E-02  0.000      0.000      0.000      0.000       0.000       0.000       0.000       0.000       0.000       0.000    
    82800.   17.29086807   17.0670   0.000       0.000     -0.6156E-04   0.000    -0.4664E-02 0.4725E-02  0.000      0.000      0.000      0.000       0.000       0.000       0.000       0.000       0.000       0.000    
    86400.   17.33335734   17.0763   0.000       0.000     -0.7069E-04   0.000    -0.4740E-02 0.4810E-02  0.000      0.000      0.000      0.000       0.000       0.000       0.000       0.000       0.000       0.000    
    90000.   17.50105055   17.0898   0.000       0.000     -0.1131E-03   0.000    -0.6650E-02 0.6763E-02  0.000      0.000      0.000      0.000       0.000       0.000       0.000       0.000       0.000       0.000    
    93600.   17.89779381   17.1131   0.000       0.000     -0.2158E-03   0.000    -0.1107E-01 0.1129E-01  0.000      0.000      0.000      0.000       0.000       0.000       0.000       0.000       0.000       0.000    
    97200.   17.86761773   17.1328   0.000       0.000     -0.2021E-03   0.000    -0.7892E-02 0.8094E-02  0.000      0.000      0.000      0.000       0.000       0.000       0.000       0.000       0.000       0.000    
   100800.   17.61812896   17.1447   0.000       0.000     -0.1302E-03   0.000    -0.3540E-02 0.3670E-02  0.000      0.000      0.000      0.000       0.000       0.000       0.000       0.000       0.000       0.000    
   104400.   17.44397578   17.1526   0.000       0.000     -0.8012E-04   0.000    -0.2200E-02 0.2280E-02  0.000      0.000      0.000      0.000       0.000       0.000       0.000       0.000       0.000       0.000    
   108000.   17.34513075   17.1589   0.000       0.000     -0.5123E-04   0.000    -0.2162E-02 0.2213E-02  0.000      0.000      0.000      0.000       0.000       0.000       0.000       0.000       0.000       0.000    
   111600.   17.23336599   17.1627   0.000       0.000     -0.1944E-04   0.000    -0.1593E-02 0.1612E-02  0.000      0.000      0.000      0.000       0.000       0.000       0.000       0.000       0.000       0.000    
   115200.   17.13486337   17.1645   0.000       0.000      0.8155E-05   0.000    -0.1176E-02 0.1168E-02  0.000      0.000      0.000      0.000       0.000       0.000       0.000       0.000       0.000       0.000    
   118800.   17.05485144   17.1648   0.000       0.000      0.3024E-04   0.000    -0.9413E-03 0.9111E-03  0.000      0.000      0.000      0.000       0.000       0.000       0.000       0.000       0.000       0.000    
   122400.   17.03491475   17.1652   0.000       0.000      0.3583E-04   0.000    -0.1425E-02 0.1389E-02  0.000      0.000      0.000      0.000       0.000       0.000       0.000       0.000       0.000       0.000    
   126000.   16.97621308   17.1642   0.000       0.000      0.5171E-04   0.000    -0.9720E-03 0.9203E-03  0.000      0.000      0.000      0.000       0.000       0.000       0.000       0.000       0.000       0.000    
   129600.   17.05020416   17.1657   0.000       0.000      0.3177E-04   0.000    -0.2489E-02 0.2458E-02  0.000      0.000      0.000      0.000       0.000       0.000       0.000       0.000       0.000       0.000    
   133200.   17.00762413   17.1657   0.000       0.000      0.4348E-04   0.000    -0.1616E-02 0.1572E-02  0.000      0.000      0.000      0.000       0.000       0.000       0.000       0.000       0.000       0.000    
   136800.   16.98247617   17.1652   0.000       0.000      0.5025E-04   0.000    -0.1418E-02 0.1368E-02  0.000      0.000      0.000      0.000       0.000       0.000       0.000       0.000       0.000       0.000    
   140400.   16.93140171   17.1634   0.000       0.000      0.6380E-04   0.000    -0.9016E-03 0.8378E-03  0.000      0.000      0.000      0.000       0.000       0.000       0.000       0.000       0.000       0.000    
   144000.   16.90806293   17.1613   0.000       0.000      0.6965E-04   0.000    -0.9445E-03 0.8748E-03  0.000      0.000      0.000      0.000       0.000       0.000       0.000       0.000       0.000       0.000    
   147600.   16.89286384   17.1591   0.000       0.000      0.7321E-04   0.000    -0.1001E-02 0.9277E-03  0.000      0.000      0.000      0.000       0.000       0.000       0.000       0.000       0.000       0.000    
   151200.   16.88256811   17.1567   0.000       0.000      0.7539E-04   0.000    -0.1044E-02 0.9688E-03  0.000      0.000      0.000      0.000       0.000       0.000       0.000       0.000       0.000       0.000    
   154800.   16.87546520   17.1543   0.000       0.000      0.7668E-04   0.000    -0.1078E-02 0.1001E-02  0.000      0.000      0.000      0.000       0.000       0.000       0.000       0.000       0.000       0.000    
   158400.   16.89620533   17.1526   0.000       0.000      0.7050E-04   0.000    -0.1469E-02 0.1399E-02  0.000      0.000      0.000      0.000       0.000       0.000       0.000       0.000       0.000       0.000    
   162000.   17.00605847   17.1539   0.000       0.000      0.4065E-04   0.000    -0.2939E-02 0.2898E-02  0.000      0.000      0.000      0.000       0.000       0.000       0.000       0.000       0.000       0.000    
   165600.   17.02505615   17.1551   0.000       0.000      0.3575E-04   0.000    -0.2542E-02 0.2506E-02  0.000      0.000      0.000      0.000       0.000       0.000       0.000       0.000       0.000       0.000    
   169200.   16.95341408   17.1540   0.000       0.000      0.5515E-04   0.000    -0.1190E-02 0.1135E-02  0.000      0.000      0.000      0.000       0.000       0.000       0.000       0.000       0.000       0.000    
   172800.   16.91787972   17.1522   0.000       0.000      0.6444E-04   0.000    -0.9931E-03 0.9287E-03  0.000      0.000      0.000      0.000       0.000       0.000       0.000       0.000       0.000       0.000    
