TOTIM (T)      HCON          HMAT      QDIR      QWELL        QMAT       QCADS      QTUB1      QTUB2      QTUB3      QTUB4      QTUB5      QTUB6       NSTOR        QFIX        QLH     FHLQ (LQ)        CAUCHY   CAUCHY (LQ)
     3600.   16.86898605   16.9630   0.000       0.000      0.2587E-04   0.000     0.2935E-02-0.2961E-02  0.000      0.000      0.000      0.000       0.000       0.000       0.000       0.000       0.000       0.000    
     7200.   16.84345226   16.9623   0.000       0.000      0.3269E-04   0.000     0.2647E-02-0.2680E-02  0.000      0.000      0.000      0.000       0.000       0.000       0.000       0.000       0.000       0.000    
    10800.   16.83340121   16.9615   0.000       0.000      0.3522E-04   0.000     0.2690E-02-0.2725E-02  0.000      0.000      0.000      0.000       0.000       0.000       0.000       0.000       0.000       0.000    
    14400.   16.82702076   16.9606   0.000       0.000      0.3672E-04   0.000     0.2732E-02-0.2769E-02  0.000      0.000      0.000      0.000       0.000       0.000       0.000       0.000       0.000       0.000    
    18000.   16.82262960   16.9596   0.000       0.000      0.3767E-04   0.000     0.2762E-02-0.2799E-02  0.000      0.000      0.000      0.000       0.000       0.000       0.000       0.000       0.000       0.000    
    21600.   16.81955125   16.9586   0.000       0.000      0.3824E-04   0.000     0.2782E-02-0.2821E-02  0.000      0.000      0.000      0.000       0.000       0.000       0.000       0.000       0.000       0.000    
    25200.   16.81740690   16.9576   0.000       0.000      0.3855E-04   0.000     0.2796E-02-0.2835E-02  0.000      0.000      0.000      0.000       0.000       0.000       0.000       0.000       0.000       0.000    
    28800.   16.81583332   16.9566   0.000       0.000      0.3870E-04   0.000     0.2806E-02-0.2845E-02  0.000      0.000      0.000      0.000       0.000       0.000       0.000       0.000       0.000       0.000    
    32400.   16.81470659   16.9556   0.000       0.000      0.3874E-04   0.000     0.2813E-02-0.2852E-02  0.000      0.000      0.000      0.000       0.000       0.000       0.000       0.000       0.000       0.000    
    36000.   16.81381718   16.9546   0.000       0.000      0.3870E-04   0.000     0.2818E-02-0.2857E-02  0.000      0.000      0.000      0.000       0.000       0.000       0.000       0.000       0.000       0.000    
    39600.   16.81309014   16.9536   0.000       0.000      0.3863E-04   0.000     0.2822E-02-0.2861E-02  0.000      0.000      0.000      0.000       0.000       0.000       0.000       0.000       0.000       0.000    
    43200.   16.83813238   16.9533   0.000       0.000      0.3166E-04   0.000     0.3112E-02-0.3143E-02  0.000      0.000      0.000      0.000       0.000       0.000       0.000       0.000       0.000       0.000    
    46800.   16.84773794   16.9531   0.000       0.000      0.2899E-04   0.000     0.3071E-02-0.3100E-02  0.000      0.000      0.000      0.000       0.000       0.000       0.000       0.000       0.000       0.000    
    50400.   16.82807509   16.9524   0.000       0.000      0.3418E-04   0.000     0.2743E-02-0.2777E-02  0.000      0.000      0.000      0.000       0.000       0.000       0.000       0.000       0.000       0.000    
    54000.   16.84763938   16.9523   0.000       0.000      0.2877E-04   0.000     0.3045E-02-0.3073E-02  0.000      0.000      0.000      0.000       0.000       0.000       0.000       0.000       0.000       0.000    
    57600.   16.91851461   16.9540   0.000       0.000      0.9768E-05   0.000     0.3737E-02-0.3747E-02  0.000      0.000      0.000      0.000       0.000       0.000       0.000       0.000       0.000       0.000    
    61200.   17.14147826   16.9616   0.000       0.000     -0.4946E-04   0.000     0.5740E-02-0.5690E-02  0.000      0.000      0.000      0.000       0.000       0.000       0.000       0.000       0.000       0.000    
    64800.   17.18535968   16.9690   0.000       0.000     -0.5950E-04   0.000     0.4715E-02-0.4655E-02  0.000      0.000      0.000      0.000       0.000       0.000       0.000       0.000       0.000       0.000    
    68400.   17.21390893   16.9765   0.000       0.000     -0.6530E-04   0.000     0.4249E-02-0.4184E-02  0.000      0.000      0.000      0.000       0.000       0.000       0.000       0.000       0.000       0.000    
    72000.   17.17373099   16.9823   0.000       0.000     -0.5263E-04   0.000     0.3358E-02-0.3305E-02  0.000      0.000      0.000      0.000       0.000       0.000       0.000       0.000       0.000       0.000    
    75600.   17.11401830   16.9866   0.000       0.000     -0.3505E-04   0.000     0.2783E-02-0.2748E-02  0.000      0.000      0.000      0.000       0.000       0.000       0.000       0.000       0.000       0.000    
    79200.   17.24452074   16.9947   0.000       0.000     -0.6870E-04   0.000     0.4611E-02-0.4543E-02  0.000      0.000      0.000      0.000       0.000       0.000       0.000       0.000       0.000       0.000    
    82800.   17.29082510   17.0034   0.000       0.000     -0.7905E-04   0.000     0.4453E-02-0.4374E-02  0.000      0.000      0.000      0.000       0.000       0.000       0.000       0.000       0.000       0.000    
    86400.   17.33331400   17.0127   0.000       0.000     -0.8818E-04   0.000     0.4408E-02-0.4320E-02  0.000      0.000      0.000      0.000       0.000       0.000       0.000       0.000       0.000       0.000    
    90000.   17.50096692   17.0261   0.000       0.000     -0.1306E-03   0.000     0.5822E-02-0.5691E-02  0.000      0.000      0.000      0.000       0.000       0.000       0.000       0.000       0.000       0.000    
    93600.   17.89753397   17.0495   0.000       0.000     -0.2332E-03   0.000     0.9032E-02-0.8799E-02  0.000      0.000      0.000      0.000       0.000       0.000       0.000       0.000       0.000       0.000    
    97200.   17.86749777   17.0691   0.000       0.000     -0.2195E-03   0.000     0.5889E-02-0.5669E-02  0.000      0.000      0.000      0.000       0.000       0.000       0.000       0.000       0.000       0.000    
   100800.   17.61811256   17.0810   0.000       0.000     -0.1477E-03   0.000     0.2340E-02-0.2193E-02  0.000      0.000      0.000      0.000       0.000       0.000       0.000       0.000       0.000       0.000    
   104400.   17.44397238   17.0889   0.000       0.000     -0.9763E-04   0.000     0.1637E-02-0.1539E-02  0.000      0.000      0.000      0.000       0.000       0.000       0.000       0.000       0.000       0.000    
   108000.   17.34512705   17.0952   0.000       0.000     -0.6874E-04   0.000     0.1994E-02-0.1925E-02  0.000      0.000      0.000      0.000       0.000       0.000       0.000       0.000       0.000       0.000    
   111600.   17.23336359   17.0990   0.000       0.000     -0.3695E-04   0.000     0.1833E-02-0.1796E-02  0.000      0.000      0.000      0.000       0.000       0.000       0.000       0.000       0.000       0.000    
   115200.   17.13486188   17.1008   0.000       0.000     -0.9359E-05   0.000     0.1776E-02-0.1767E-02  0.000      0.000      0.000      0.000       0.000       0.000       0.000       0.000       0.000       0.000    
   118800.   17.05485013   17.1011   0.000       0.000      0.1273E-04   0.000     0.1833E-02-0.1846E-02  0.000      0.000      0.000      0.000       0.000       0.000       0.000       0.000       0.000       0.000    
   122400.   17.03491269   17.1015   0.000       0.000      0.1832E-04   0.000     0.2413E-02-0.2432E-02  0.000      0.000      0.000      0.000       0.000       0.000       0.000       0.000       0.000       0.000    
   126000.   16.97621156   17.1005   0.000       0.000      0.3419E-04   0.000     0.2156E-02-0.2190E-02  0.000      0.000      0.000      0.000       0.000       0.000       0.000       0.000       0.000       0.000    
   129600.   17.05020057   17.1020   0.000       0.000      0.1426E-04   0.000     0.3467E-02-0.3481E-02  0.000      0.000      0.000      0.000       0.000       0.000       0.000       0.000       0.000       0.000    
   133200.   17.00762174   17.1020   0.000       0.000      0.2596E-04   0.000     0.2712E-02-0.2738E-02  0.000      0.000      0.000      0.000       0.000       0.000       0.000       0.000       0.000       0.000    
   136800.   16.98247401   17.1015   0.000       0.000      0.3273E-04   0.000     0.2600E-02-0.2633E-02  0.000      0.000      0.000      0.000       0.000       0.000       0.000       0.000       0.000       0.000    
   140400.   16.93140021   17.0997   0.000       0.000      0.4628E-04   0.000     0.2247E-02-0.2293E-02  0.000      0.000      0.000      0.000       0.000       0.000       0.000       0.000       0.000       0.000    
   144000.   16.90806132   17.0976   0.000       0.000      0.5213E-04   0.000     0.2373E-02-0.2425E-02  0.000      0.000      0.000      0.000       0.000       0.000       0.000       0.000       0.000       0.000    
   147600.   16.89286212   17.0953   0.000       0.000      0.5568E-04   0.000     0.2480E-02-0.2535E-02  0.000      0.000      0.000      0.000       0.000       0.000       0.000       0.000       0.000       0.000    
   151200.   16.88256631   17.0930   0.000       0.000      0.5786E-04   0.000     0.2554E-02-0.2612E-02  0.000      0.000      0.000      0.000       0.000       0.000       0.000       0.000       0.000       0.000    
   154800.   16.87546334   17.0906   0.000       0.000      0.5915E-04   0.000     0.2607E-02-0.2666E-02  0.000      0.000      0.000      0.000       0.000       0.000       0.000       0.000       0.000       0.000    
   158400.   16.89620294   17.0888   0.000       0.000      0.5297E-04   0.000     0.2930E-02-0.2983E-02  0.000      0.000      0.000      0.000       0.000       0.000       0.000       0.000       0.000       0.000    
   162000.   17.00605413   17.0901   0.000       0.000      0.2312E-04   0.000     0.4054E-02-0.4077E-02  0.000      0.000      0.000      0.000       0.000       0.000       0.000       0.000       0.000       0.000    
   165600.   17.02505244   17.0913   0.000       0.000      0.1822E-04   0.000     0.3570E-02-0.3589E-02  0.000      0.000      0.000      0.000       0.000       0.000       0.000       0.000       0.000       0.000    
   169200.   16.95341220   17.0902   0.000       0.000      0.3762E-04   0.000     0.2427E-02-0.2465E-02  0.000      0.000      0.000      0.000       0.000       0.000       0.000       0.000       0.000       0.000    
   172800.   16.91787806   17.0884   0.000       0.000      0.4690E-04   0.000     0.2352E-02-0.2398E-02  0.000      0.000      0.000      0.000       0.000       0.000       0.000       0.000       0.000       0.000    
