TOTIM (T)      HCON          HMAT      QDIR      QWELL        QMAT       QCADS      QTUB1      QTUB2      QTUB3      QTUB4      QTUB5      QTUB6       NSTOR        QFIX        QLH     FHLQ (LQ)        CAUCHY   CAUCHY (LQ)
     3600.   16.86898748   17.0960   0.000       0.000      0.6242E-04   0.000     0.2391E-02-0.2453E-02  0.000      0.000      0.000      0.000       0.000       0.000       0.000       0.000       0.000       0.000    
     7200.   16.84345351   17.0952   0.000       0.000      0.6924E-04   0.000     0.2021E-02-0.2090E-02  0.000      0.000      0.000      0.000       0.000       0.000       0.000       0.000       0.000       0.000    
    10800.   16.83340248   17.0944   0.000       0.000      0.7177E-04   0.000     0.2033E-02-0.2105E-02  0.000      0.000      0.000      0.000       0.000       0.000       0.000       0.000       0.000       0.000    
    14400.   16.82702205   17.0935   0.000       0.000      0.7327E-04   0.000     0.2057E-02-0.2131E-02  0.000      0.000      0.000      0.000       0.000       0.000       0.000       0.000       0.000       0.000    
    18000.   16.82263090   17.0925   0.000       0.000      0.7422E-04   0.000     0.2076E-02-0.2150E-02  0.000      0.000      0.000      0.000       0.000       0.000       0.000       0.000       0.000       0.000    
    21600.   16.81955256   17.0915   0.000       0.000      0.7479E-04   0.000     0.2090E-02-0.2164E-02  0.000      0.000      0.000      0.000       0.000       0.000       0.000       0.000       0.000       0.000    
    25200.   16.81740821   17.0905   0.000       0.000      0.7510E-04   0.000     0.2100E-02-0.2175E-02  0.000      0.000      0.000      0.000       0.000       0.000       0.000       0.000       0.000       0.000    
    28800.   16.81583464   17.0895   0.000       0.000      0.7525E-04   0.000     0.2108E-02-0.2183E-02  0.000      0.000      0.000      0.000       0.000       0.000       0.000       0.000       0.000       0.000    
    32400.   16.81470792   17.0885   0.000       0.000      0.7529E-04   0.000     0.2114E-02-0.2189E-02  0.000      0.000      0.000      0.000       0.000       0.000       0.000       0.000       0.000       0.000    
    36000.   16.81381851   17.0875   0.000       0.000      0.7525E-04   0.000     0.2120E-02-0.2195E-02  0.000      0.000      0.000      0.000       0.000       0.000       0.000       0.000       0.000       0.000    
    39600.   16.81309147   17.0865   0.000       0.000      0.7518E-04   0.000     0.2124E-02-0.2200E-02  0.000      0.000      0.000      0.000       0.000       0.000       0.000       0.000       0.000       0.000    
    43200.   16.83813389   17.0862   0.000       0.000      0.6821E-04   0.000     0.2498E-02-0.2566E-02  0.000      0.000      0.000      0.000       0.000       0.000       0.000       0.000       0.000       0.000    
    46800.   16.84773943   17.0861   0.000       0.000      0.6554E-04   0.000     0.2489E-02-0.2554E-02  0.000      0.000      0.000      0.000       0.000       0.000       0.000       0.000       0.000       0.000    
    50400.   16.82807639   17.0853   0.000       0.000      0.7073E-04   0.000     0.2099E-02-0.2170E-02  0.000      0.000      0.000      0.000       0.000       0.000       0.000       0.000       0.000       0.000    
    54000.   16.84764085   17.0852   0.000       0.000      0.6532E-04   0.000     0.2465E-02-0.2531E-02  0.000      0.000      0.000      0.000       0.000       0.000       0.000       0.000       0.000       0.000    
    57600.   16.91851650   17.0869   0.000       0.000      0.4632E-04   0.000     0.3386E-02-0.3433E-02  0.000      0.000      0.000      0.000       0.000       0.000       0.000       0.000       0.000       0.000    
    61200.   17.14148137   17.0945   0.000       0.000     -0.1291E-04   0.000     0.6100E-02-0.6087E-02  0.000      0.000      0.000      0.000       0.000       0.000       0.000       0.000       0.000       0.000    
    64800.   17.18536228   17.1019   0.000       0.000     -0.2295E-04   0.000     0.5195E-02-0.5172E-02  0.000      0.000      0.000      0.000       0.000       0.000       0.000       0.000       0.000       0.000    
    68400.   17.21391131   17.1094   0.000       0.000     -0.2875E-04   0.000     0.4799E-02-0.4770E-02  0.000      0.000      0.000      0.000       0.000       0.000       0.000       0.000       0.000       0.000    
    72000.   17.17373286   17.1153   0.000       0.000     -0.1608E-04   0.000     0.3756E-02-0.3740E-02  0.000      0.000      0.000      0.000       0.000       0.000       0.000       0.000       0.000       0.000    
    75600.   17.11401982   17.1195   0.000       0.000      0.1500E-05   0.000     0.2970E-02-0.2971E-02  0.000      0.000      0.000      0.000       0.000       0.000       0.000       0.000       0.000       0.000    
    79200.   17.24452332   17.1276   0.000       0.000     -0.3215E-04   0.000     0.5202E-02-0.5170E-02  0.000      0.000      0.000      0.000       0.000       0.000       0.000       0.000       0.000       0.000    
    82800.   17.29082762   17.1363   0.000       0.000     -0.4250E-04   0.000     0.5168E-02-0.5126E-02  0.000      0.000      0.000      0.000       0.000       0.000       0.000       0.000       0.000       0.000    
    86400.   17.33331653   17.1456   0.000       0.000     -0.5163E-04   0.000     0.5233E-02-0.5181E-02  0.000      0.000      0.000      0.000       0.000       0.000       0.000       0.000       0.000       0.000    
    90000.   17.50097828   17.1591   0.000       0.000     -0.9403E-04   0.000     0.7155E-02-0.7061E-02  0.000      0.000      0.000      0.000       0.000       0.000       0.000       0.000       0.000       0.000    
    93600.   17.89759415   17.1824   0.000       0.000     -0.1967E-03   0.000     0.1160E-01-0.1140E-01  0.000      0.000      0.000      0.000       0.000       0.000       0.000       0.000       0.000       0.000    
    97200.   17.86752649   17.2021   0.000       0.000     -0.1830E-03   0.000     0.8289E-02-0.8106E-02  0.000      0.000      0.000      0.000       0.000       0.000       0.000       0.000       0.000       0.000    
   100800.   17.61811743   17.2139   0.000       0.000     -0.1112E-03   0.000     0.3879E-02-0.3768E-02  0.000      0.000      0.000      0.000       0.000       0.000       0.000       0.000       0.000       0.000    
   104400.   17.44397421   17.2219   0.000       0.000     -0.6108E-04   0.000     0.2575E-02-0.2514E-02  0.000      0.000      0.000      0.000       0.000       0.000       0.000       0.000       0.000       0.000    
   108000.   17.34512906   17.2281   0.000       0.000     -0.3218E-04   0.000     0.2585E-02-0.2553E-02  0.000      0.000      0.000      0.000       0.000       0.000       0.000       0.000       0.000       0.000    
   111600.   17.23336512   17.2319   0.000       0.000     -0.3931E-06   0.000     0.2042E-02-0.2042E-02  0.000      0.000      0.000      0.000       0.000       0.000       0.000       0.000       0.000       0.000    
   115200.   17.13486312   17.2338   0.000       0.000      0.2720E-04   0.000     0.1655E-02-0.1682E-02  0.000      0.000      0.000      0.000       0.000       0.000       0.000       0.000       0.000       0.000    
   118800.   17.05485127   17.2341   0.000       0.000      0.4929E-04   0.000     0.1446E-02-0.1495E-02  0.000      0.000      0.000      0.000       0.000       0.000       0.000       0.000       0.000       0.000    
   122400.   17.03491441   17.2345   0.000       0.000      0.5488E-04   0.000     0.1960E-02-0.2014E-02  0.000      0.000      0.000      0.000       0.000       0.000       0.000       0.000       0.000       0.000    
   126000.   16.97621287   17.2335   0.000       0.000      0.7075E-04   0.000     0.1512E-02-0.1582E-02  0.000      0.000      0.000      0.000       0.000       0.000       0.000       0.000       0.000       0.000    
   129600.   17.05020379   17.2350   0.000       0.000      0.5082E-04   0.000     0.3062E-02-0.3113E-02  0.000      0.000      0.000      0.000       0.000       0.000       0.000       0.000       0.000       0.000    
   133200.   17.00762376   17.2350   0.000       0.000      0.6252E-04   0.000     0.2166E-02-0.2229E-02  0.000      0.000      0.000      0.000       0.000       0.000       0.000       0.000       0.000       0.000    
   136800.   16.98247583   17.2344   0.000       0.000      0.6929E-04   0.000     0.1973E-02-0.2043E-02  0.000      0.000      0.000      0.000       0.000       0.000       0.000       0.000       0.000       0.000    
   140400.   16.93140152   17.2327   0.000       0.000      0.8284E-04   0.000     0.1458E-02-0.1541E-02  0.000      0.000      0.000      0.000       0.000       0.000       0.000       0.000       0.000       0.000    
   144000.   16.90806272   17.2306   0.000       0.000      0.8869E-04   0.000     0.1513E-02-0.1602E-02  0.000      0.000      0.000      0.000       0.000       0.000       0.000       0.000       0.000       0.000    
   147600.   16.89286361   17.2283   0.000       0.000      0.9225E-04   0.000     0.1577E-02-0.1670E-02  0.000      0.000      0.000      0.000       0.000       0.000       0.000       0.000       0.000       0.000    
   151200.   16.88256787   17.2259   0.000       0.000      0.9443E-04   0.000     0.1626E-02-0.1720E-02  0.000      0.000      0.000      0.000       0.000       0.000       0.000       0.000       0.000       0.000    
   154800.   16.87546494   17.2235   0.000       0.000      0.9572E-04   0.000     0.1663E-02-0.1758E-02  0.000      0.000      0.000      0.000       0.000       0.000       0.000       0.000       0.000       0.000    
   158400.   16.89620498   17.2218   0.000       0.000      0.8954E-04   0.000     0.2060E-02-0.2150E-02  0.000      0.000      0.000      0.000       0.000       0.000       0.000       0.000       0.000       0.000    
   162000.   17.00605822   17.2231   0.000       0.000      0.5968E-04   0.000     0.3543E-02-0.3602E-02  0.000      0.000      0.000      0.000       0.000       0.000       0.000       0.000       0.000       0.000    
   165600.   17.02505577   17.2243   0.000       0.000      0.5478E-04   0.000     0.3118E-02-0.3173E-02  0.000      0.000      0.000      0.000       0.000       0.000       0.000       0.000       0.000       0.000    
   169200.   16.95341378   17.2232   0.000       0.000      0.7418E-04   0.000     0.1742E-02-0.1816E-02  0.000      0.000      0.000      0.000       0.000       0.000       0.000       0.000       0.000       0.000    
   172800.   16.91787948   17.2214   0.000       0.000      0.8347E-04   0.000     0.1555E-02-0.1638E-02  0.000      0.000      0.000      0.000       0.000       0.000       0.000       0.000       0.000       0.000    
