TOTIM (T)      HCON          HMAT      QDIR      QWELL        QMAT       QCADS      QTUB1      QTUB2      QTUB3      QTUB4      QTUB5      QTUB6       NSTOR        QFIX        QLH     FHLQ (LQ)        CAUCHY   CAUCHY (LQ)
     3600.   16.86898631   16.9929   0.000       0.000      0.3408E-04   0.000     0.2871E-02-0.2905E-02  0.000      0.000      0.000      0.000       0.000       0.000       0.000       0.000       0.000       0.000    
     7200.   16.84345248   16.9922   0.000       0.000      0.4090E-04   0.000     0.2569E-02-0.2610E-02  0.000      0.000      0.000      0.000       0.000       0.000       0.000       0.000       0.000       0.000    
    10800.   16.83340144   16.9913   0.000       0.000      0.4343E-04   0.000     0.2607E-02-0.2651E-02  0.000      0.000      0.000      0.000       0.000       0.000       0.000       0.000       0.000       0.000    
    14400.   16.82702100   16.9904   0.000       0.000      0.4493E-04   0.000     0.2646E-02-0.2691E-02  0.000      0.000      0.000      0.000       0.000       0.000       0.000       0.000       0.000       0.000    
    18000.   16.82262984   16.9895   0.000       0.000      0.4588E-04   0.000     0.2674E-02-0.2720E-02  0.000      0.000      0.000      0.000       0.000       0.000       0.000       0.000       0.000       0.000    
    21600.   16.81955149   16.9885   0.000       0.000      0.4645E-04   0.000     0.2694E-02-0.2740E-02  0.000      0.000      0.000      0.000       0.000       0.000       0.000       0.000       0.000       0.000    
    25200.   16.81740714   16.9874   0.000       0.000      0.4676E-04   0.000     0.2707E-02-0.2753E-02  0.000      0.000      0.000      0.000       0.000       0.000       0.000       0.000       0.000       0.000    
    28800.   16.81583356   16.9864   0.000       0.000      0.4691E-04   0.000     0.2716E-02-0.2763E-02  0.000      0.000      0.000      0.000       0.000       0.000       0.000       0.000       0.000       0.000    
    32400.   16.81470684   16.9854   0.000       0.000      0.4695E-04   0.000     0.2723E-02-0.2770E-02  0.000      0.000      0.000      0.000       0.000       0.000       0.000       0.000       0.000       0.000    
    36000.   16.81381743   16.9844   0.000       0.000      0.4691E-04   0.000     0.2728E-02-0.2775E-02  0.000      0.000      0.000      0.000       0.000       0.000       0.000       0.000       0.000       0.000    
    39600.   16.81309038   16.9834   0.000       0.000      0.4684E-04   0.000     0.2732E-02-0.2779E-02  0.000      0.000      0.000      0.000       0.000       0.000       0.000       0.000       0.000       0.000    
    43200.   16.83813265   16.9831   0.000       0.000      0.3987E-04   0.000     0.3036E-02-0.3076E-02  0.000      0.000      0.000      0.000       0.000       0.000       0.000       0.000       0.000       0.000    
    46800.   16.84773820   16.9830   0.000       0.000      0.3720E-04   0.000     0.3000E-02-0.3037E-02  0.000      0.000      0.000      0.000       0.000       0.000       0.000       0.000       0.000       0.000    
    50400.   16.82807533   16.9822   0.000       0.000      0.4239E-04   0.000     0.2662E-02-0.2705E-02  0.000      0.000      0.000      0.000       0.000       0.000       0.000       0.000       0.000       0.000    
    54000.   16.84763964   16.9821   0.000       0.000      0.3698E-04   0.000     0.2975E-02-0.3012E-02  0.000      0.000      0.000      0.000       0.000       0.000       0.000       0.000       0.000       0.000    
    57600.   16.91851494   16.9839   0.000       0.000      0.1798E-04   0.000     0.3706E-02-0.3724E-02  0.000      0.000      0.000      0.000       0.000       0.000       0.000       0.000       0.000       0.000    
    61200.   17.14147876   16.9915   0.000       0.000     -0.4125E-04   0.000     0.5826E-02-0.5785E-02  0.000      0.000      0.000      0.000       0.000       0.000       0.000       0.000       0.000       0.000    
    64800.   17.18536009   16.9988   0.000       0.000     -0.5129E-04   0.000     0.4821E-02-0.4770E-02  0.000      0.000      0.000      0.000       0.000       0.000       0.000       0.000       0.000       0.000    
    68400.   17.21390931   17.0063   0.000       0.000     -0.5709E-04   0.000     0.4367E-02-0.4310E-02  0.000      0.000      0.000      0.000       0.000       0.000       0.000       0.000       0.000       0.000    
    72000.   17.17373128   17.0122   0.000       0.000     -0.4442E-04   0.000     0.3451E-02-0.3406E-02  0.000      0.000      0.000      0.000       0.000       0.000       0.000       0.000       0.000       0.000    
    75600.   17.11401855   17.0164   0.000       0.000     -0.2684E-04   0.000     0.2841E-02-0.2814E-02  0.000      0.000      0.000      0.000       0.000       0.000       0.000       0.000       0.000       0.000    
    79200.   17.24452115   17.0246   0.000       0.000     -0.6049E-04   0.000     0.4736E-02-0.4676E-02  0.000      0.000      0.000      0.000       0.000       0.000       0.000       0.000       0.000       0.000    
    82800.   17.29082549   17.0332   0.000       0.000     -0.7084E-04   0.000     0.4599E-02-0.4528E-02  0.000      0.000      0.000      0.000       0.000       0.000       0.000       0.000       0.000       0.000    
    86400.   17.33331439   17.0425   0.000       0.000     -0.7997E-04   0.000     0.4572E-02-0.4492E-02  0.000      0.000      0.000      0.000       0.000       0.000       0.000       0.000       0.000       0.000    
    90000.   17.50096743   17.0560   0.000       0.000     -0.1224E-03   0.000     0.6070E-02-0.5948E-02  0.000      0.000      0.000      0.000       0.000       0.000       0.000       0.000       0.000       0.000    
    93600.   17.89754194   17.0793   0.000       0.000     -0.2250E-03   0.000     0.9486E-02-0.9261E-02  0.000      0.000      0.000      0.000       0.000       0.000       0.000       0.000       0.000       0.000    
    97200.   17.86750124   17.0990   0.000       0.000     -0.2113E-03   0.000     0.6315E-02-0.6104E-02  0.000      0.000      0.000      0.000       0.000       0.000       0.000       0.000       0.000       0.000    
   100800.   17.61811298   17.1109   0.000       0.000     -0.1395E-03   0.000     0.2623E-02-0.2484E-02  0.000      0.000      0.000      0.000       0.000       0.000       0.000       0.000       0.000       0.000    
   104400.   17.44397252   17.1188   0.000       0.000     -0.8942E-04   0.000     0.1820E-02-0.1731E-02  0.000      0.000      0.000      0.000       0.000       0.000       0.000       0.000       0.000       0.000    
   108000.   17.34512723   17.1250   0.000       0.000     -0.6053E-04   0.000     0.2119E-02-0.2058E-02  0.000      0.000      0.000      0.000       0.000       0.000       0.000       0.000       0.000       0.000    
   111600.   17.23336376   17.1289   0.000       0.000     -0.2874E-04   0.000     0.1895E-02-0.1866E-02  0.000      0.000      0.000      0.000       0.000       0.000       0.000       0.000       0.000       0.000    
   115200.   17.13486204   17.1307   0.000       0.000     -0.1150E-05   0.000     0.1782E-02-0.1781E-02  0.000      0.000      0.000      0.000       0.000       0.000       0.000       0.000       0.000       0.000    
   118800.   17.05485029   17.1310   0.000       0.000      0.2094E-04   0.000     0.1795E-02-0.1816E-02  0.000      0.000      0.000      0.000       0.000       0.000       0.000       0.000       0.000       0.000    
   122400.   17.03491290   17.1314   0.000       0.000      0.2652E-04   0.000     0.2364E-02-0.2391E-02  0.000      0.000      0.000      0.000       0.000       0.000       0.000       0.000       0.000       0.000    
   126000.   16.97621175   17.1304   0.000       0.000      0.4239E-04   0.000     0.2075E-02-0.2118E-02  0.000      0.000      0.000      0.000       0.000       0.000       0.000       0.000       0.000       0.000    
   129600.   17.05020087   17.1319   0.000       0.000      0.2246E-04   0.000     0.3426E-02-0.3448E-02  0.000      0.000      0.000      0.000       0.000       0.000       0.000       0.000       0.000       0.000    
   133200.   17.00762198   17.1319   0.000       0.000      0.3417E-04   0.000     0.2648E-02-0.2682E-02  0.000      0.000      0.000      0.000       0.000       0.000       0.000       0.000       0.000       0.000    
   136800.   16.98247424   17.1313   0.000       0.000      0.4093E-04   0.000     0.2522E-02-0.2563E-02  0.000      0.000      0.000      0.000       0.000       0.000       0.000       0.000       0.000       0.000    
   140400.   16.93140040   17.1295   0.000       0.000      0.5448E-04   0.000     0.2142E-02-0.2197E-02  0.000      0.000      0.000      0.000       0.000       0.000       0.000       0.000       0.000       0.000    
   144000.   16.90806152   17.1274   0.000       0.000      0.6033E-04   0.000     0.2256E-02-0.2316E-02  0.000      0.000      0.000      0.000       0.000       0.000       0.000       0.000       0.000       0.000    
   147600.   16.89286234   17.1252   0.000       0.000      0.6388E-04   0.000     0.2356E-02-0.2420E-02  0.000      0.000      0.000      0.000       0.000       0.000       0.000       0.000       0.000       0.000    
   151200.   16.88256653   17.1228   0.000       0.000      0.6606E-04   0.000     0.2426E-02-0.2492E-02  0.000      0.000      0.000      0.000       0.000       0.000       0.000       0.000       0.000       0.000    
   154800.   16.87546357   17.1204   0.000       0.000      0.6735E-04   0.000     0.2476E-02-0.2543E-02  0.000      0.000      0.000      0.000       0.000       0.000       0.000       0.000       0.000       0.000    
   158400.   16.89620320   17.1186   0.000       0.000      0.6116E-04   0.000     0.2812E-02-0.2873E-02  0.000      0.000      0.000      0.000       0.000       0.000       0.000       0.000       0.000       0.000    
   162000.   17.00605449   17.1199   0.000       0.000      0.3131E-04   0.000     0.3995E-02-0.4027E-02  0.000      0.000      0.000      0.000       0.000       0.000       0.000       0.000       0.000       0.000    
   165600.   17.02505275   17.1211   0.000       0.000      0.2641E-04   0.000     0.3522E-02-0.3548E-02  0.000      0.000      0.000      0.000       0.000       0.000       0.000       0.000       0.000       0.000    
   169200.   16.95341241   17.1200   0.000       0.000      0.4580E-04   0.000     0.2339E-02-0.2385E-02  0.000      0.000      0.000      0.000       0.000       0.000       0.000       0.000       0.000       0.000    
   172800.   16.91787826   17.1182   0.000       0.000      0.5509E-04   0.000     0.2245E-02-0.2300E-02  0.000      0.000      0.000      0.000       0.000       0.000       0.000       0.000       0.000       0.000    
