TOTIM (T)      HCON          HMAT      QDIR      QWELL        QMAT       QCADS      QTUB1      QTUB2      QTUB3      QTUB4      QTUB5      QTUB6       NSTOR        QFIX        QLH     FHLQ (LQ)        CAUCHY   CAUCHY (LQ)
     3600.   16.86898768   16.9680   0.000       0.000      0.2724E-04   0.000     0.3813E-02-0.3840E-02  0.000      0.000      0.000      0.000       0.000       0.000       0.000       0.000       0.000       0.000    
     7200.   16.84345359   16.9673   0.000       0.000      0.3406E-04   0.000     0.3113E-02-0.3147E-02  0.000      0.000      0.000      0.000       0.000       0.000       0.000       0.000       0.000       0.000    
    10800.   16.83340257   16.9665   0.000       0.000      0.3659E-04   0.000     0.3150E-02-0.3187E-02  0.000      0.000      0.000      0.000       0.000       0.000       0.000       0.000       0.000       0.000    
    14400.   16.82702215   16.9655   0.000       0.000      0.3809E-04   0.000     0.3206E-02-0.3244E-02  0.000      0.000      0.000      0.000       0.000       0.000       0.000       0.000       0.000       0.000    
    18000.   16.82263101   16.9646   0.000       0.000      0.3904E-04   0.000     0.3247E-02-0.3286E-02  0.000      0.000      0.000      0.000       0.000       0.000       0.000       0.000       0.000       0.000    
    21600.   16.81955266   16.9636   0.000       0.000      0.3961E-04   0.000     0.3278E-02-0.3317E-02  0.000      0.000      0.000      0.000       0.000       0.000       0.000       0.000       0.000       0.000    
    25200.   16.81740832   16.9626   0.000       0.000      0.3992E-04   0.000     0.3299E-02-0.3339E-02  0.000      0.000      0.000      0.000       0.000       0.000       0.000       0.000       0.000       0.000    
    28800.   16.81583475   16.9616   0.000       0.000      0.4007E-04   0.000     0.3316E-02-0.3356E-02  0.000      0.000      0.000      0.000       0.000       0.000       0.000       0.000       0.000       0.000    
    32400.   16.81470803   16.9605   0.000       0.000      0.4011E-04   0.000     0.3329E-02-0.3369E-02  0.000      0.000      0.000      0.000       0.000       0.000       0.000       0.000       0.000       0.000    
    36000.   16.81381863   16.9595   0.000       0.000      0.4007E-04   0.000     0.3340E-02-0.3380E-02  0.000      0.000      0.000      0.000       0.000       0.000       0.000       0.000       0.000       0.000    
    39600.   16.81309159   16.9585   0.000       0.000      0.4000E-04   0.000     0.3349E-02-0.3389E-02  0.000      0.000      0.000      0.000       0.000       0.000       0.000       0.000       0.000       0.000    
    43200.   16.83813413   16.9583   0.000       0.000      0.3303E-04   0.000     0.4055E-02-0.4088E-02  0.000      0.000      0.000      0.000       0.000       0.000       0.000       0.000       0.000       0.000    
    46800.   16.84773966   16.9581   0.000       0.000      0.3036E-04   0.000     0.4024E-02-0.4054E-02  0.000      0.000      0.000      0.000       0.000       0.000       0.000       0.000       0.000       0.000    
    50400.   16.82807650   16.9574   0.000       0.000      0.3555E-04   0.000     0.3276E-02-0.3311E-02  0.000      0.000      0.000      0.000       0.000       0.000       0.000       0.000       0.000       0.000    
    54000.   16.84764108   16.9572   0.000       0.000      0.3014E-04   0.000     0.3976E-02-0.4006E-02  0.000      0.000      0.000      0.000       0.000       0.000       0.000       0.000       0.000       0.000    
    57600.   16.91851704   16.9590   0.000       0.000      0.1114E-04   0.000     0.5709E-02-0.5720E-02  0.000      0.000      0.000      0.000       0.000       0.000       0.000       0.000       0.000       0.000    
    61200.   17.14153552   16.9666   0.000       0.000     -0.4811E-04   0.000     0.1080E-01-0.1075E-01  0.000      0.000      0.000      0.000       0.000       0.000       0.000       0.000       0.000       0.000    
    64800.   17.18539817   16.9740   0.000       0.000     -0.5814E-04   0.000     0.8949E-02-0.8891E-02  0.000      0.000      0.000      0.000       0.000       0.000       0.000       0.000       0.000       0.000    
    68400.   17.21394023   16.9814   0.000       0.000     -0.6394E-04   0.000     0.8131E-02-0.8067E-02  0.000      0.000      0.000      0.000       0.000       0.000       0.000       0.000       0.000       0.000    
    72000.   17.17374871   16.9873   0.000       0.000     -0.5127E-04   0.000     0.6123E-02-0.6072E-02  0.000      0.000      0.000      0.000       0.000       0.000       0.000       0.000       0.000       0.000    
    75600.   17.11402872   16.9915   0.000       0.000     -0.3368E-04   0.000     0.4651E-02-0.4617E-02  0.000      0.000      0.000      0.000       0.000       0.000       0.000       0.000       0.000       0.000    
    79200.   17.24455844   16.9997   0.000       0.000     -0.6734E-04   0.000     0.8913E-02-0.8845E-02  0.000      0.000      0.000      0.000       0.000       0.000       0.000       0.000       0.000       0.000    
    82800.   17.29086124   17.0083   0.000       0.000     -0.7769E-04   0.000     0.8794E-02-0.8717E-02  0.000      0.000      0.000      0.000       0.000       0.000       0.000       0.000       0.000       0.000    
    86400.   17.33335039   17.0176   0.000       0.000     -0.8682E-04   0.000     0.8876E-02-0.8789E-02  0.000      0.000      0.000      0.000       0.000       0.000       0.000       0.000       0.000       0.000    
    90000.   17.50103798   17.0311   0.000       0.000     -0.1292E-03   0.000     0.1248E-01-0.1235E-01  0.000      0.000      0.000      0.000       0.000       0.000       0.000       0.000       0.000       0.000    
    93600.   17.89772162   17.0545   0.000       0.000     -0.2319E-03   0.000     0.2078E-01-0.2055E-01  0.000      0.000      0.000      0.000       0.000       0.000       0.000       0.000       0.000       0.000    
    97200.   17.86758267   17.0741   0.000       0.000     -0.2182E-03   0.000     0.1428E-01-0.1406E-01  0.000      0.000      0.000      0.000       0.000       0.000       0.000       0.000       0.000       0.000    
   100800.   17.61812461   17.0860   0.000       0.000     -0.1463E-03   0.000     0.5883E-02-0.5736E-02  0.000      0.000      0.000      0.000       0.000       0.000       0.000       0.000       0.000       0.000    
   104400.   17.44397447   17.0939   0.000       0.000     -0.9626E-04   0.000     0.3545E-02-0.3449E-02  0.000      0.000      0.000      0.000       0.000       0.000       0.000       0.000       0.000       0.000    
   108000.   17.34512941   17.1002   0.000       0.000     -0.6736E-04   0.000     0.3712E-02-0.3645E-02  0.000      0.000      0.000      0.000       0.000       0.000       0.000       0.000       0.000       0.000    
   111600.   17.23336518   17.1040   0.000       0.000     -0.3558E-04   0.000     0.2799E-02-0.2763E-02  0.000      0.000      0.000      0.000       0.000       0.000       0.000       0.000       0.000       0.000    
   115200.   17.13486273   17.1058   0.000       0.000     -0.7984E-05   0.000     0.2169E-02-0.2161E-02  0.000      0.000      0.000      0.000       0.000       0.000       0.000       0.000       0.000       0.000    
   118800.   17.05485088   17.1061   0.000       0.000      0.1410E-04   0.000     0.1868E-02-0.1882E-02  0.000      0.000      0.000      0.000       0.000       0.000       0.000       0.000       0.000       0.000    
   122400.   17.03491392   17.1065   0.000       0.000      0.1969E-04   0.000     0.2918E-02-0.2937E-02  0.000      0.000      0.000      0.000       0.000       0.000       0.000       0.000       0.000       0.000    
   126000.   16.97621246   17.1055   0.000       0.000      0.3556E-04   0.000     0.2110E-02-0.2145E-02  0.000      0.000      0.000      0.000       0.000       0.000       0.000       0.000       0.000       0.000    
   129600.   17.05020273   17.1070   0.000       0.000      0.1563E-04   0.000     0.5088E-02-0.5103E-02  0.000      0.000      0.000      0.000       0.000       0.000       0.000       0.000       0.000       0.000    
   133200.   17.00762318   17.1070   0.000       0.000      0.2734E-04   0.000     0.3370E-02-0.3397E-02  0.000      0.000      0.000      0.000       0.000       0.000       0.000       0.000       0.000       0.000    
   136800.   16.98247531   17.1065   0.000       0.000      0.3411E-04   0.000     0.3020E-02-0.3055E-02  0.000      0.000      0.000      0.000       0.000       0.000       0.000       0.000       0.000       0.000    
   140400.   16.93140111   17.1047   0.000       0.000      0.4766E-04   0.000     0.2065E-02-0.2113E-02  0.000      0.000      0.000      0.000       0.000       0.000       0.000       0.000       0.000       0.000    
   144000.   16.90806229   17.1026   0.000       0.000      0.5351E-04   0.000     0.2205E-02-0.2259E-02  0.000      0.000      0.000      0.000       0.000       0.000       0.000       0.000       0.000       0.000    
   147600.   16.89286317   17.1004   0.000       0.000      0.5707E-04   0.000     0.2351E-02-0.2408E-02  0.000      0.000      0.000      0.000       0.000       0.000       0.000       0.000       0.000       0.000    
   151200.   16.88256741   17.0980   0.000       0.000      0.5925E-04   0.000     0.2459E-02-0.2518E-02  0.000      0.000      0.000      0.000       0.000       0.000       0.000       0.000       0.000       0.000    
   154800.   16.87546447   17.0956   0.000       0.000      0.6054E-04   0.000     0.2539E-02-0.2600E-02  0.000      0.000      0.000      0.000       0.000       0.000       0.000       0.000       0.000       0.000    
   158400.   16.89620440   17.0939   0.000       0.000      0.5436E-04   0.000     0.3298E-02-0.3352E-02  0.000      0.000      0.000      0.000       0.000       0.000       0.000       0.000       0.000       0.000    
   162000.   17.00605678   17.0952   0.000       0.000      0.2450E-04   0.000     0.6090E-02-0.6115E-02  0.000      0.000      0.000      0.000       0.000       0.000       0.000       0.000       0.000       0.000    
   165600.   17.02505469   17.0963   0.000       0.000      0.1961E-04   0.000     0.5222E-02-0.5242E-02  0.000      0.000      0.000      0.000       0.000       0.000       0.000       0.000       0.000       0.000    
   169200.   16.95341333   17.0953   0.000       0.000      0.3901E-04   0.000     0.2587E-02-0.2626E-02  0.000      0.000      0.000      0.000       0.000       0.000       0.000       0.000       0.000       0.000    
   172800.   16.91787906   17.0935   0.000       0.000      0.4830E-04   0.000     0.2262E-02-0.2310E-02  0.000      0.000      0.000      0.000       0.000       0.000       0.000       0.000       0.000       0.000    
