TOTIM (T)      HCON          HMAT      QDIR      QWELL        QMAT       QCADS      QTUB1      QTUB2      QTUB3      QTUB4      QTUB5      QTUB6       NSTOR        QFIX        QLH     FHLQ (LQ)        CAUCHY   CAUCHY (LQ)
     3600.   16.86898931   17.1777   0.000       0.000      0.8489E-04   0.000     0.1266E-02-0.1351E-02  0.000      0.000      0.000      0.000       0.000       0.000       0.000       0.000       0.000       0.000    
     7200.   16.84345489   17.1770   0.000       0.000      0.9172E-04   0.000     0.8389E-03-0.9306E-03  0.000      0.000      0.000      0.000       0.000       0.000       0.000       0.000       0.000       0.000    
    10800.   16.83340388   17.1761   0.000       0.000      0.9425E-04   0.000     0.8233E-03-0.9176E-03  0.000      0.000      0.000      0.000       0.000       0.000       0.000       0.000       0.000       0.000    
    14400.   16.82702348   17.1752   0.000       0.000      0.9575E-04   0.000     0.8306E-03-0.9263E-03  0.000      0.000      0.000      0.000       0.000       0.000       0.000       0.000       0.000       0.000    
    18000.   16.82263235   17.1742   0.000       0.000      0.9669E-04   0.000     0.8385E-03-0.9352E-03  0.000      0.000      0.000      0.000       0.000       0.000       0.000       0.000       0.000       0.000    
    21600.   16.81955402   17.1733   0.000       0.000      0.9727E-04   0.000     0.8457E-03-0.9429E-03  0.000      0.000      0.000      0.000       0.000       0.000       0.000       0.000       0.000       0.000    
    25200.   16.81740969   17.1722   0.000       0.000      0.9758E-04   0.000     0.8521E-03-0.9497E-03  0.000      0.000      0.000      0.000       0.000       0.000       0.000       0.000       0.000       0.000    
    28800.   16.81583613   17.1712   0.000       0.000      0.9773E-04   0.000     0.8583E-03-0.9561E-03  0.000      0.000      0.000      0.000       0.000       0.000       0.000       0.000       0.000       0.000    
    32400.   16.81470941   17.1702   0.000       0.000      0.9776E-04   0.000     0.8640E-03-0.9618E-03  0.000      0.000      0.000      0.000       0.000       0.000       0.000       0.000       0.000       0.000    
    36000.   16.81382001   17.1692   0.000       0.000      0.9773E-04   0.000     0.8697E-03-0.9674E-03  0.000      0.000      0.000      0.000       0.000       0.000       0.000       0.000       0.000       0.000    
    39600.   16.81309297   17.1682   0.000       0.000      0.9765E-04   0.000     0.8751E-03-0.9728E-03  0.000      0.000      0.000      0.000       0.000       0.000       0.000       0.000       0.000       0.000    
    43200.   16.83813585   17.1679   0.000       0.000      0.9069E-04   0.000     0.1307E-02-0.1397E-02  0.000      0.000      0.000      0.000       0.000       0.000       0.000       0.000       0.000       0.000    
    46800.   16.84774138   17.1678   0.000       0.000      0.8801E-04   0.000     0.1327E-02-0.1415E-02  0.000      0.000      0.000      0.000       0.000       0.000       0.000       0.000       0.000       0.000    
    50400.   16.82807787   17.1670   0.000       0.000      0.9321E-04   0.000     0.8986E-03-0.9918E-03  0.000      0.000      0.000      0.000       0.000       0.000       0.000       0.000       0.000       0.000    
    54000.   16.84764277   17.1669   0.000       0.000      0.8780E-04   0.000     0.1306E-02-0.1394E-02  0.000      0.000      0.000      0.000       0.000       0.000       0.000       0.000       0.000       0.000    
    57600.   16.91851955   17.1687   0.000       0.000      0.6879E-04   0.000     0.2391E-02-0.2460E-02  0.000      0.000      0.000      0.000       0.000       0.000       0.000       0.000       0.000       0.000    
    61200.   17.14154717   17.1763   0.000       0.000      0.9549E-05   0.000     0.5622E-02-0.5631E-02  0.000      0.000      0.000      0.000       0.000       0.000       0.000       0.000       0.000       0.000    
    64800.   17.18540687   17.1836   0.000       0.000     -0.4860E-06   0.000     0.4866E-02-0.4866E-02  0.000      0.000      0.000      0.000       0.000       0.000       0.000       0.000       0.000       0.000    
    68400.   17.21394777   17.1911   0.000       0.000     -0.6280E-05   0.000     0.4545E-02-0.4538E-02  0.000      0.000      0.000      0.000       0.000       0.000       0.000       0.000       0.000       0.000    
    72000.   17.17375364   17.1970   0.000       0.000      0.6391E-05   0.000     0.3409E-02-0.3416E-02  0.000      0.000      0.000      0.000       0.000       0.000       0.000       0.000       0.000       0.000    
    75600.   17.11403202   17.2012   0.000       0.000      0.2398E-04   0.000     0.2467E-02-0.2491E-02  0.000      0.000      0.000      0.000       0.000       0.000       0.000       0.000       0.000       0.000    
    79200.   17.24456711   17.2094   0.000       0.000     -0.9682E-05   0.000     0.4962E-02-0.4952E-02  0.000      0.000      0.000      0.000       0.000       0.000       0.000       0.000       0.000       0.000    
    82800.   17.29086978   17.2180   0.000       0.000     -0.2003E-04   0.000     0.5044E-02-0.5024E-02  0.000      0.000      0.000      0.000       0.000       0.000       0.000       0.000       0.000       0.000    
    86400.   17.33335908   17.2273   0.000       0.000     -0.2916E-04   0.000     0.5202E-02-0.5173E-02  0.000      0.000      0.000      0.000       0.000       0.000       0.000       0.000       0.000       0.000    
    90000.   17.50106808   17.2408   0.000       0.000     -0.7157E-04   0.000     0.7494E-02-0.7422E-02  0.000      0.000      0.000      0.000       0.000       0.000       0.000       0.000       0.000       0.000    
    93600.   17.89784845   17.2642   0.000       0.000     -0.1743E-03   0.000     0.1284E-01-0.1267E-01  0.000      0.000      0.000      0.000       0.000       0.000       0.000       0.000       0.000       0.000    
    97200.   17.86764704   17.2838   0.000       0.000     -0.1606E-03   0.000     0.9537E-02-0.9376E-02  0.000      0.000      0.000      0.000       0.000       0.000       0.000       0.000       0.000       0.000    
   100800.   17.61813551   17.2957   0.000       0.000     -0.8867E-04   0.000     0.4538E-02-0.4449E-02  0.000      0.000      0.000      0.000       0.000       0.000       0.000       0.000       0.000       0.000    
   104400.   17.44397745   17.3036   0.000       0.000     -0.3859E-04   0.000     0.2747E-02-0.2709E-02  0.000      0.000      0.000      0.000       0.000       0.000       0.000       0.000       0.000       0.000    
   108000.   17.34513225   17.3099   0.000       0.000     -0.9695E-05   0.000     0.2449E-02-0.2439E-02  0.000      0.000      0.000      0.000       0.000       0.000       0.000       0.000       0.000       0.000    
   111600.   17.23336656   17.3137   0.000       0.000      0.2209E-04   0.000     0.1594E-02-0.1616E-02  0.000      0.000      0.000      0.000       0.000       0.000       0.000       0.000       0.000       0.000    
   115200.   17.13486375   17.3155   0.000       0.000      0.4969E-04   0.000     0.9292E-03-0.9789E-03  0.000      0.000      0.000      0.000       0.000       0.000       0.000       0.000       0.000       0.000    
   118800.   17.05485170   17.3159   0.000       0.000      0.7178E-04   0.000     0.4954E-03-0.5672E-03  0.000      0.000      0.000      0.000       0.000       0.000       0.000       0.000       0.000       0.000    
   122400.   17.03491518   17.3162   0.000       0.000      0.7737E-04   0.000     0.9289E-03-0.1006E-02  0.000      0.000      0.000      0.000       0.000       0.000       0.000       0.000       0.000       0.000    
   126000.   16.97621332   17.3153   0.000       0.000      0.9324E-04   0.000     0.3330E-03-0.4262E-03  0.000      0.000      0.000      0.000       0.000       0.000       0.000       0.000       0.000       0.000    
   129600.   17.05020496   17.3168   0.000       0.000      0.7331E-04   0.000     0.2030E-02-0.2103E-02  0.000      0.000      0.000      0.000       0.000       0.000       0.000       0.000       0.000       0.000    
   133200.   17.00762461   17.3168   0.000       0.000      0.8501E-04   0.000     0.1051E-02-0.1136E-02  0.000      0.000      0.000      0.000       0.000       0.000       0.000       0.000       0.000       0.000    
   136800.   16.98247657   17.3162   0.000       0.000      0.9178E-04   0.000     0.7920E-03-0.8838E-03  0.000      0.000      0.000      0.000       0.000       0.000       0.000       0.000       0.000       0.000    
   140400.   16.93140191   17.3144   0.000       0.000      0.1053E-03   0.000     0.1537E-03-0.2590E-03  0.000      0.000      0.000      0.000       0.000       0.000       0.000       0.000       0.000       0.000    
   144000.   16.90806313   17.3124   0.000       0.000      0.1112E-03   0.000     0.1440E-03-0.2551E-03  0.000      0.000      0.000      0.000       0.000       0.000       0.000       0.000       0.000       0.000    
   147600.   16.89286406   17.3101   0.000       0.000      0.1147E-03   0.000     0.1683E-03-0.2831E-03  0.000      0.000      0.000      0.000       0.000       0.000       0.000       0.000       0.000       0.000    
   151200.   16.88256834   17.3077   0.000       0.000      0.1169E-03   0.000     0.1920E-03-0.3089E-03  0.000      0.000      0.000      0.000       0.000       0.000       0.000       0.000       0.000       0.000    
   154800.   16.87546544   17.3053   0.000       0.000      0.1182E-03   0.000     0.2140E-03-0.3323E-03  0.000      0.000      0.000      0.000       0.000       0.000       0.000       0.000       0.000       0.000    
   158400.   16.89620571   17.3036   0.000       0.000      0.1120E-03   0.000     0.6609E-03-0.7729E-03  0.000      0.000      0.000      0.000       0.000       0.000       0.000       0.000       0.000       0.000    
   162000.   17.00605941   17.3049   0.000       0.000      0.8218E-04   0.000     0.2399E-02-0.2481E-02  0.000      0.000      0.000      0.000       0.000       0.000       0.000       0.000       0.000       0.000    
   165600.   17.02505696   17.3061   0.000       0.000      0.7728E-04   0.000     0.2047E-02-0.2124E-02  0.000      0.000      0.000      0.000       0.000       0.000       0.000       0.000       0.000       0.000    
   169200.   16.95341439   17.3050   0.000       0.000      0.9668E-04   0.000     0.5204E-03-0.6170E-03  0.000      0.000      0.000      0.000       0.000       0.000       0.000       0.000       0.000       0.000    
   172800.   16.91787994   17.3032   0.000       0.000      0.1060E-03   0.000     0.2395E-03-0.3455E-03  0.000      0.000      0.000      0.000       0.000       0.000       0.000       0.000       0.000       0.000    
