TOTIM (T)      HCON          HMAT      QDIR      QWELL        QMAT       QCADS      QTUB1      QTUB2      QTUB3      QTUB4      QTUB5      QTUB6       NSTOR        QFIX        QLH     FHLQ (LQ)        CAUCHY   CAUCHY (LQ)
     3600.   16.86898809   17.0925   0.000       0.000      0.6145E-04   0.000    -0.1536E-02 0.1474E-02  0.000      0.000      0.000      0.000       0.000       0.000       0.000       0.000       0.000       0.000    
     7200.   16.84345400   17.0917   0.000       0.000      0.6828E-04   0.000    -0.1125E-02 0.1057E-02  0.000      0.000      0.000      0.000       0.000       0.000       0.000       0.000       0.000       0.000    
    10800.   16.83340298   17.0909   0.000       0.000      0.7081E-04   0.000    -0.1122E-02 0.1051E-02  0.000      0.000      0.000      0.000       0.000       0.000       0.000       0.000       0.000       0.000    
    14400.   16.82702255   17.0900   0.000       0.000      0.7231E-04   0.000    -0.1137E-02 0.1065E-02  0.000      0.000      0.000      0.000       0.000       0.000       0.000       0.000       0.000       0.000    
    18000.   16.82263141   17.0890   0.000       0.000      0.7325E-04   0.000    -0.1150E-02 0.1077E-02  0.000      0.000      0.000      0.000       0.000       0.000       0.000       0.000       0.000       0.000    
    21600.   16.81955307   17.0880   0.000       0.000      0.7382E-04   0.000    -0.1160E-02 0.1087E-02  0.000      0.000      0.000      0.000       0.000       0.000       0.000       0.000       0.000       0.000    
    25200.   16.81740873   17.0870   0.000       0.000      0.7414E-04   0.000    -0.1169E-02 0.1094E-02  0.000      0.000      0.000      0.000       0.000       0.000       0.000       0.000       0.000       0.000    
    28800.   16.81583515   17.0860   0.000       0.000      0.7429E-04   0.000    -0.1176E-02 0.1102E-02  0.000      0.000      0.000      0.000       0.000       0.000       0.000       0.000       0.000       0.000    
    32400.   16.81470843   17.0850   0.000       0.000      0.7432E-04   0.000    -0.1182E-02 0.1108E-02  0.000      0.000      0.000      0.000       0.000       0.000       0.000       0.000       0.000       0.000    
    36000.   16.81381903   17.0840   0.000       0.000      0.7429E-04   0.000    -0.1188E-02 0.1113E-02  0.000      0.000      0.000      0.000       0.000       0.000       0.000       0.000       0.000       0.000    
    39600.   16.81309199   17.0830   0.000       0.000      0.7421E-04   0.000    -0.1193E-02 0.1119E-02  0.000      0.000      0.000      0.000       0.000       0.000       0.000       0.000       0.000       0.000    
    43200.   16.83813452   17.0827   0.000       0.000      0.6725E-04   0.000    -0.1608E-02 0.1541E-02  0.000      0.000      0.000      0.000       0.000       0.000       0.000       0.000       0.000       0.000    
    46800.   16.84774006   17.0825   0.000       0.000      0.6457E-04   0.000    -0.1615E-02 0.1551E-02  0.000      0.000      0.000      0.000       0.000       0.000       0.000       0.000       0.000       0.000    
    50400.   16.82807690   17.0818   0.000       0.000      0.6977E-04   0.000    -0.1194E-02 0.1124E-02  0.000      0.000      0.000      0.000       0.000       0.000       0.000       0.000       0.000       0.000    
    54000.   16.84764149   17.0817   0.000       0.000      0.6435E-04   0.000    -0.1593E-02 0.1529E-02  0.000      0.000      0.000      0.000       0.000       0.000       0.000       0.000       0.000       0.000    
    57600.   16.91851744   17.0834   0.000       0.000      0.4535E-04   0.000    -0.2628E-02 0.2583E-02  0.000      0.000      0.000      0.000       0.000       0.000       0.000       0.000       0.000       0.000    
    61200.   17.14148319   17.0910   0.000       0.000     -0.1388E-04   0.000    -0.5696E-02 0.5710E-02  0.000      0.000      0.000      0.000       0.000       0.000       0.000       0.000       0.000       0.000    
    64800.   17.18536383   17.0984   0.000       0.000     -0.2392E-04   0.000    -0.4852E-02 0.4876E-02  0.000      0.000      0.000      0.000       0.000       0.000       0.000       0.000       0.000       0.000    
    68400.   17.21391274   17.1059   0.000       0.000     -0.2971E-04   0.000    -0.4491E-02 0.4520E-02  0.000      0.000      0.000      0.000       0.000       0.000       0.000       0.000       0.000       0.000    
    72000.   17.17373396   17.1117   0.000       0.000     -0.1705E-04   0.000    -0.3372E-02 0.3389E-02  0.000      0.000      0.000      0.000       0.000       0.000       0.000       0.000       0.000       0.000    
    75600.   17.11402067   17.1160   0.000       0.000      0.5346E-06   0.000    -0.2480E-02 0.2480E-02  0.000      0.000      0.000      0.000       0.000       0.000       0.000       0.000       0.000       0.000    
    79200.   17.24452487   17.1241   0.000       0.000     -0.3311E-04   0.000    -0.4914E-02 0.4947E-02  0.000      0.000      0.000      0.000       0.000       0.000       0.000       0.000       0.000       0.000    
    82800.   17.29082918   17.1328   0.000       0.000     -0.4347E-04   0.000    -0.4943E-02 0.4986E-02  0.000      0.000      0.000      0.000       0.000       0.000       0.000       0.000       0.000       0.000    
    86400.   17.33331811   17.1421   0.000       0.000     -0.5259E-04   0.000    -0.5062E-02 0.5115E-02  0.000      0.000      0.000      0.000       0.000       0.000       0.000       0.000       0.000       0.000    
    90000.   17.50099588   17.1556   0.000       0.000     -0.9500E-04   0.000    -0.7238E-02 0.7333E-02  0.000      0.000      0.000      0.000       0.000       0.000       0.000       0.000       0.000       0.000    
    93600.   17.89764185   17.1789   0.000       0.000     -0.1977E-03   0.000    -0.1230E-01 0.1249E-01  0.000      0.000      0.000      0.000       0.000       0.000       0.000       0.000       0.000       0.000    
    97200.   17.86755145   17.1986   0.000       0.000     -0.1840E-03   0.000    -0.8907E-02 0.9091E-02  0.000      0.000      0.000      0.000       0.000       0.000       0.000       0.000       0.000       0.000    
   100800.   17.61812298   17.2104   0.000       0.000     -0.1121E-03   0.000    -0.4065E-02 0.4177E-02  0.000      0.000      0.000      0.000       0.000       0.000       0.000       0.000       0.000       0.000    
   104400.   17.44397520   17.2184   0.000       0.000     -0.6204E-04   0.000    -0.2461E-02 0.2523E-02  0.000      0.000      0.000      0.000       0.000       0.000       0.000       0.000       0.000       0.000    
   108000.   17.34512999   17.2246   0.000       0.000     -0.3314E-04   0.000    -0.2297E-02 0.2330E-02  0.000      0.000      0.000      0.000       0.000       0.000       0.000       0.000       0.000       0.000    
   111600.   17.23336568   17.2285   0.000       0.000     -0.1348E-05   0.000    -0.1564E-02 0.1566E-02  0.000      0.000      0.000      0.000       0.000       0.000       0.000       0.000       0.000       0.000    
   115200.   17.13486354   17.2303   0.000       0.000      0.2625E-04   0.000    -0.1011E-02 0.9845E-03  0.000      0.000      0.000      0.000       0.000       0.000       0.000       0.000       0.000       0.000    
   118800.   17.05485160   17.2306   0.000       0.000      0.4834E-04   0.000    -0.6698E-03 0.6214E-03  0.000      0.000      0.000      0.000       0.000       0.000       0.000       0.000       0.000       0.000    
   122400.   17.03491490   17.2310   0.000       0.000      0.5393E-04   0.000    -0.1150E-02 0.1096E-02  0.000      0.000      0.000      0.000       0.000       0.000       0.000       0.000       0.000       0.000    
   126000.   16.97621321   17.2300   0.000       0.000      0.6980E-04   0.000    -0.6066E-03 0.5368E-03  0.000      0.000      0.000      0.000       0.000       0.000       0.000       0.000       0.000       0.000    
   129600.   17.05020462   17.2316   0.000       0.000      0.4987E-04   0.000    -0.2276E-02 0.2226E-02  0.000      0.000      0.000      0.000       0.000       0.000       0.000       0.000       0.000       0.000    
   133200.   17.00762430   17.2316   0.000       0.000      0.6158E-04   0.000    -0.1311E-02 0.1249E-02  0.000      0.000      0.000      0.000       0.000       0.000       0.000       0.000       0.000       0.000    
   136800.   16.98247631   17.2310   0.000       0.000      0.6835E-04   0.000    -0.1077E-02 0.1009E-02  0.000      0.000      0.000      0.000       0.000       0.000       0.000       0.000       0.000       0.000    
   140400.   16.93140183   17.2292   0.000       0.000      0.8191E-04   0.000    -0.4800E-03 0.3981E-03  0.000      0.000      0.000      0.000       0.000       0.000       0.000       0.000       0.000       0.000    
   144000.   16.90806304   17.2272   0.000       0.000      0.8775E-04   0.000    -0.5002E-03 0.4125E-03  0.000      0.000      0.000      0.000       0.000       0.000       0.000       0.000       0.000       0.000    
   147600.   16.89286395   17.2249   0.000       0.000      0.9131E-04   0.000    -0.5432E-03 0.4519E-03  0.000      0.000      0.000      0.000       0.000       0.000       0.000       0.000       0.000       0.000    
   151200.   16.88256822   17.2226   0.000       0.000      0.9350E-04   0.000    -0.5785E-03 0.4850E-03  0.000      0.000      0.000      0.000       0.000       0.000       0.000       0.000       0.000       0.000    
   154800.   16.87546530   17.2201   0.000       0.000      0.9479E-04   0.000    -0.6078E-03 0.5130E-03  0.000      0.000      0.000      0.000       0.000       0.000       0.000       0.000       0.000       0.000    
   158400.   16.89620547   17.2184   0.000       0.000      0.8861E-04   0.000    -0.1042E-02 0.9538E-03  0.000      0.000      0.000      0.000       0.000       0.000       0.000       0.000       0.000       0.000    
   162000.   17.00605918   17.2197   0.000       0.000      0.5876E-04   0.000    -0.2704E-02 0.2645E-02  0.000      0.000      0.000      0.000       0.000       0.000       0.000       0.000       0.000       0.000    
   165600.   17.02505661   17.2209   0.000       0.000      0.5386E-04   0.000    -0.2308E-02 0.2254E-02  0.000      0.000      0.000      0.000       0.000       0.000       0.000       0.000       0.000       0.000    
   169200.   16.95341418   17.2198   0.000       0.000      0.7327E-04   0.000    -0.8158E-03 0.7425E-03  0.000      0.000      0.000      0.000       0.000       0.000       0.000       0.000       0.000       0.000    
   172800.   16.91787982   17.2181   0.000       0.000      0.8256E-04   0.000    -0.5730E-03 0.4904E-03  0.000      0.000      0.000      0.000       0.000       0.000       0.000       0.000       0.000       0.000    
