TOTIM (T)      HCON          HMAT      QDIR      QWELL        QMAT       QCADS      QTUB1      QTUB2      QTUB3      QTUB4      QTUB5      QTUB6       NSTOR        QFIX        QLH     FHLQ (LQ)        CAUCHY   CAUCHY (LQ)
     3600.   16.86898823   17.1302   0.000       0.000      0.7182E-04   0.000    -0.3867E-03 0.3149E-03  0.000      0.000      0.000      0.000       0.000       0.000       0.000       0.000       0.000       0.000    
     7200.   16.84345410   17.1295   0.000       0.000      0.7865E-04   0.000    -0.2840E-03 0.2054E-03  0.000      0.000      0.000      0.000       0.000       0.000       0.000       0.000       0.000       0.000    
    10800.   16.83340308   17.1286   0.000       0.000      0.8118E-04   0.000    -0.2834E-03 0.2022E-03  0.000      0.000      0.000      0.000       0.000       0.000       0.000       0.000       0.000       0.000    
    14400.   16.82702265   17.1277   0.000       0.000      0.8268E-04   0.000    -0.2871E-03 0.2045E-03  0.000      0.000      0.000      0.000       0.000       0.000       0.000       0.000       0.000       0.000    
    18000.   16.82263151   17.1267   0.000       0.000      0.8362E-04   0.000    -0.2903E-03 0.2067E-03  0.000      0.000      0.000      0.000       0.000       0.000       0.000       0.000       0.000       0.000    
    21600.   16.81955317   17.1257   0.000       0.000      0.8420E-04   0.000    -0.2929E-03 0.2087E-03  0.000      0.000      0.000      0.000       0.000       0.000       0.000       0.000       0.000       0.000    
    25200.   16.81740883   17.1247   0.000       0.000      0.8451E-04   0.000    -0.2950E-03 0.2105E-03  0.000      0.000      0.000      0.000       0.000       0.000       0.000       0.000       0.000       0.000    
    28800.   16.81583526   17.1237   0.000       0.000      0.8466E-04   0.000    -0.2968E-03 0.2121E-03  0.000      0.000      0.000      0.000       0.000       0.000       0.000       0.000       0.000       0.000    
    32400.   16.81470854   17.1227   0.000       0.000      0.8469E-04   0.000    -0.2983E-03 0.2136E-03  0.000      0.000      0.000      0.000       0.000       0.000       0.000       0.000       0.000       0.000    
    36000.   16.81381913   17.1217   0.000       0.000      0.8466E-04   0.000    -0.2997E-03 0.2151E-03  0.000      0.000      0.000      0.000       0.000       0.000       0.000       0.000       0.000       0.000    
    39600.   16.81309209   17.1207   0.000       0.000      0.8458E-04   0.000    -0.3010E-03 0.2165E-03  0.000      0.000      0.000      0.000       0.000       0.000       0.000       0.000       0.000       0.000    
    43200.   16.83813467   17.1204   0.000       0.000      0.7762E-04   0.000    -0.4048E-03 0.3272E-03  0.000      0.000      0.000      0.000       0.000       0.000       0.000       0.000       0.000       0.000    
    46800.   16.84774021   17.1203   0.000       0.000      0.7494E-04   0.000    -0.4066E-03 0.3317E-03  0.000      0.000      0.000      0.000       0.000       0.000       0.000       0.000       0.000       0.000    
    50400.   16.82807701   17.1195   0.000       0.000      0.8014E-04   0.000    -0.3014E-03 0.2213E-03  0.000      0.000      0.000      0.000       0.000       0.000       0.000       0.000       0.000       0.000    
    54000.   16.84764163   17.1194   0.000       0.000      0.7473E-04   0.000    -0.4011E-03 0.3264E-03  0.000      0.000      0.000      0.000       0.000       0.000       0.000       0.000       0.000       0.000    
    57600.   16.91851769   17.1212   0.000       0.000      0.5572E-04   0.000    -0.6598E-03 0.6041E-03  0.000      0.000      0.000      0.000       0.000       0.000       0.000       0.000       0.000       0.000    
    61200.   17.14148375   17.1287   0.000       0.000     -0.3504E-05   0.000    -0.1427E-02 0.1430E-02  0.000      0.000      0.000      0.000       0.000       0.000       0.000       0.000       0.000       0.000    
    64800.   17.18536431   17.1361   0.000       0.000     -0.1355E-04   0.000    -0.1216E-02 0.1229E-02  0.000      0.000      0.000      0.000       0.000       0.000       0.000       0.000       0.000       0.000    
    68400.   17.21391318   17.1436   0.000       0.000     -0.1934E-04   0.000    -0.1126E-02 0.1145E-02  0.000      0.000      0.000      0.000       0.000       0.000       0.000       0.000       0.000       0.000    
    72000.   17.17373429   17.1495   0.000       0.000     -0.6675E-05   0.000    -0.8457E-03 0.8524E-03  0.000      0.000      0.000      0.000       0.000       0.000       0.000       0.000       0.000       0.000    
    75600.   17.11402091   17.1537   0.000       0.000      0.1091E-04   0.000    -0.6229E-03 0.6120E-03  0.000      0.000      0.000      0.000       0.000       0.000       0.000       0.000       0.000       0.000    
    79200.   17.24452536   17.1618   0.000       0.000     -0.2274E-04   0.000    -0.1231E-02 0.1254E-02  0.000      0.000      0.000      0.000       0.000       0.000       0.000       0.000       0.000       0.000    
    82800.   17.29082967   17.1705   0.000       0.000     -0.3309E-04   0.000    -0.1238E-02 0.1272E-02  0.000      0.000      0.000      0.000       0.000       0.000       0.000       0.000       0.000       0.000    
    86400.   17.33331861   17.1798   0.000       0.000     -0.4222E-04   0.000    -0.1268E-02 0.1311E-02  0.000      0.000      0.000      0.000       0.000       0.000       0.000       0.000       0.000       0.000    
    90000.   17.50100117   17.1933   0.000       0.000     -0.8463E-04   0.000    -0.1812E-02 0.1897E-02  0.000      0.000      0.000      0.000       0.000       0.000       0.000       0.000       0.000       0.000    
    93600.   17.89765785   17.2166   0.000       0.000     -0.1873E-03   0.000    -0.4557E-02 0.4745E-02  0.000      0.000      0.000      0.000       0.000       0.000       0.000       0.000       0.000       0.000    
    97200.   17.86756002   17.2363   0.000       0.000     -0.1736E-03   0.000    -0.3311E-02 0.3484E-02  0.000      0.000      0.000      0.000       0.000       0.000       0.000       0.000       0.000       0.000    
   100800.   17.61812485   17.2481   0.000       0.000     -0.1017E-03   0.000    -0.1508E-02 0.1610E-02  0.000      0.000      0.000      0.000       0.000       0.000       0.000       0.000       0.000       0.000    
   104400.   17.44397544   17.2561   0.000       0.000     -0.5167E-04   0.000    -0.6179E-03 0.6696E-03  0.000      0.000      0.000      0.000       0.000       0.000       0.000       0.000       0.000       0.000    
   108000.   17.34513022   17.2623   0.000       0.000     -0.2277E-04   0.000    -0.5771E-03 0.5998E-03  0.000      0.000      0.000      0.000       0.000       0.000       0.000       0.000       0.000       0.000    
   111600.   17.23336583   17.2662   0.000       0.000      0.9019E-05   0.000    -0.3938E-03 0.3848E-03  0.000      0.000      0.000      0.000       0.000       0.000       0.000       0.000       0.000       0.000    
   115200.   17.13486364   17.2680   0.000       0.000      0.3661E-04   0.000    -0.2554E-03 0.2188E-03  0.000      0.000      0.000      0.000       0.000       0.000       0.000       0.000       0.000       0.000    
   118800.   17.05485166   17.2683   0.000       0.000      0.5870E-04   0.000    -0.1702E-03 0.1115E-03  0.000      0.000      0.000      0.000       0.000       0.000       0.000       0.000       0.000       0.000    
   122400.   17.03491501   17.2687   0.000       0.000      0.6429E-04   0.000    -0.2902E-03 0.2259E-03  0.000      0.000      0.000      0.000       0.000       0.000       0.000       0.000       0.000       0.000    
   126000.   16.97621326   17.2677   0.000       0.000      0.8016E-04   0.000    -0.1543E-03 0.7418E-04  0.000      0.000      0.000      0.000       0.000       0.000       0.000       0.000       0.000       0.000    
   129600.   17.05020483   17.2692   0.000       0.000      0.6023E-04   0.000    -0.5718E-03 0.5115E-03  0.000      0.000      0.000      0.000       0.000       0.000       0.000       0.000       0.000       0.000    
   133200.   17.00762442   17.2692   0.000       0.000      0.7194E-04   0.000    -0.3303E-03 0.2584E-03  0.000      0.000      0.000      0.000       0.000       0.000       0.000       0.000       0.000       0.000    
   136800.   16.98247640   17.2687   0.000       0.000      0.7871E-04   0.000    -0.2719E-03 0.1932E-03  0.000      0.000      0.000      0.000       0.000       0.000       0.000       0.000       0.000       0.000    
   140400.   16.93140187   17.2669   0.000       0.000      0.9227E-04   0.000    -0.1227E-03 0.3039E-04  0.000      0.000      0.000      0.000       0.000       0.000       0.000       0.000       0.000       0.000    
   144000.   16.90806307   17.2648   0.000       0.000      0.9811E-04   0.000    -0.1277E-03 0.2960E-04  0.000      0.000      0.000      0.000       0.000       0.000       0.000       0.000       0.000       0.000    
   147600.   16.89286399   17.2626   0.000       0.000      0.1017E-03   0.000    -0.1384E-03 0.3677E-04  0.000      0.000      0.000      0.000       0.000       0.000       0.000       0.000       0.000       0.000    
   151200.   16.88256826   17.2602   0.000       0.000      0.1039E-03   0.000    -0.1473E-03 0.4342E-04  0.000      0.000      0.000      0.000       0.000       0.000       0.000       0.000       0.000       0.000    
   154800.   16.87546535   17.2578   0.000       0.000      0.1051E-03   0.000    -0.1546E-03 0.4943E-04  0.000      0.000      0.000      0.000       0.000       0.000       0.000       0.000       0.000       0.000    
   158400.   16.89620556   17.2561   0.000       0.000      0.9897E-04   0.000    -0.2632E-03 0.1643E-03  0.000      0.000      0.000      0.000       0.000       0.000       0.000       0.000       0.000       0.000    
   162000.   17.00605944   17.2574   0.000       0.000      0.6911E-04   0.000    -0.6785E-03 0.6094E-03  0.000      0.000      0.000      0.000       0.000       0.000       0.000       0.000       0.000       0.000    
   165600.   17.02505683   17.2586   0.000       0.000      0.6422E-04   0.000    -0.5797E-03 0.5155E-03  0.000      0.000      0.000      0.000       0.000       0.000       0.000       0.000       0.000       0.000    
   169200.   16.95341425   17.2575   0.000       0.000      0.8362E-04   0.000    -0.2065E-03 0.1229E-03  0.000      0.000      0.000      0.000       0.000       0.000       0.000       0.000       0.000       0.000    
   172800.   16.91787986   17.2557   0.000       0.000      0.9291E-04   0.000    -0.1458E-03 0.5293E-04  0.000      0.000      0.000      0.000       0.000       0.000       0.000       0.000       0.000       0.000    
