TOTIM (T)      HCON          HMAT      QDIR      QWELL        QMAT       QCADS      QTUB1      QTUB2      QTUB3      QTUB4      QTUB5      QTUB6       NSTOR        QFIX        QLH     FHLQ (LQ)        CAUCHY   CAUCHY (LQ)
     3600.   16.86898680   17.0027   0.000       0.000      0.3678E-04   0.000     0.2734E-02-0.2770E-02  0.000      0.000      0.000      0.000       0.000       0.000       0.000       0.000       0.000       0.000    
     7200.   16.84345292   17.0020   0.000       0.000      0.4361E-04   0.000     0.2405E-02-0.2448E-02  0.000      0.000      0.000      0.000       0.000       0.000       0.000       0.000       0.000       0.000    
    10800.   16.83340189   17.0012   0.000       0.000      0.4614E-04   0.000     0.2433E-02-0.2479E-02  0.000      0.000      0.000      0.000       0.000       0.000       0.000       0.000       0.000       0.000    
    14400.   16.82702145   17.0003   0.000       0.000      0.4764E-04   0.000     0.2466E-02-0.2513E-02  0.000      0.000      0.000      0.000       0.000       0.000       0.000       0.000       0.000       0.000    
    18000.   16.82263030   16.9993   0.000       0.000      0.4858E-04   0.000     0.2490E-02-0.2538E-02  0.000      0.000      0.000      0.000       0.000       0.000       0.000       0.000       0.000       0.000    
    21600.   16.81955195   16.9983   0.000       0.000      0.4915E-04   0.000     0.2507E-02-0.2556E-02  0.000      0.000      0.000      0.000       0.000       0.000       0.000       0.000       0.000       0.000    
    25200.   16.81740760   16.9973   0.000       0.000      0.4947E-04   0.000     0.2519E-02-0.2568E-02  0.000      0.000      0.000      0.000       0.000       0.000       0.000       0.000       0.000       0.000    
    28800.   16.81583402   16.9963   0.000       0.000      0.4962E-04   0.000     0.2528E-02-0.2577E-02  0.000      0.000      0.000      0.000       0.000       0.000       0.000       0.000       0.000       0.000    
    32400.   16.81470730   16.9953   0.000       0.000      0.4965E-04   0.000     0.2534E-02-0.2584E-02  0.000      0.000      0.000      0.000       0.000       0.000       0.000       0.000       0.000       0.000    
    36000.   16.81381789   16.9943   0.000       0.000      0.4962E-04   0.000     0.2540E-02-0.2589E-02  0.000      0.000      0.000      0.000       0.000       0.000       0.000       0.000       0.000       0.000    
    39600.   16.81309085   16.9932   0.000       0.000      0.4954E-04   0.000     0.2544E-02-0.2594E-02  0.000      0.000      0.000      0.000       0.000       0.000       0.000       0.000       0.000       0.000    
    43200.   16.83813317   16.9930   0.000       0.000      0.4258E-04   0.000     0.2875E-02-0.2918E-02  0.000      0.000      0.000      0.000       0.000       0.000       0.000       0.000       0.000       0.000    
    46800.   16.84773872   16.9928   0.000       0.000      0.3990E-04   0.000     0.2850E-02-0.2890E-02  0.000      0.000      0.000      0.000       0.000       0.000       0.000       0.000       0.000       0.000    
    50400.   16.82807578   16.9921   0.000       0.000      0.4510E-04   0.000     0.2492E-02-0.2537E-02  0.000      0.000      0.000      0.000       0.000       0.000       0.000       0.000       0.000       0.000    
    54000.   16.84764015   16.9919   0.000       0.000      0.3968E-04   0.000     0.2826E-02-0.2866E-02  0.000      0.000      0.000      0.000       0.000       0.000       0.000       0.000       0.000       0.000    
    57600.   16.91851558   16.9937   0.000       0.000      0.2068E-04   0.000     0.3633E-02-0.3653E-02  0.000      0.000      0.000      0.000       0.000       0.000       0.000       0.000       0.000       0.000    
    61200.   17.14147979   17.0013   0.000       0.000     -0.3855E-04   0.000     0.5991E-02-0.5952E-02  0.000      0.000      0.000      0.000       0.000       0.000       0.000       0.000       0.000       0.000    
    64800.   17.18536095   17.0087   0.000       0.000     -0.4859E-04   0.000     0.5026E-02-0.4977E-02  0.000      0.000      0.000      0.000       0.000       0.000       0.000       0.000       0.000       0.000    
    68400.   17.21391008   17.0162   0.000       0.000     -0.5438E-04   0.000     0.4595E-02-0.4540E-02  0.000      0.000      0.000      0.000       0.000       0.000       0.000       0.000       0.000       0.000    
    72000.   17.17373189   17.0220   0.000       0.000     -0.4172E-04   0.000     0.3628E-02-0.3586E-02  0.000      0.000      0.000      0.000       0.000       0.000       0.000       0.000       0.000       0.000    
    75600.   17.11401905   17.0263   0.000       0.000     -0.2413E-04   0.000     0.2947E-02-0.2923E-02  0.000      0.000      0.000      0.000       0.000       0.000       0.000       0.000       0.000       0.000    
    79200.   17.24452199   17.0344   0.000       0.000     -0.5778E-04   0.000     0.4977E-02-0.4920E-02  0.000      0.000      0.000      0.000       0.000       0.000       0.000       0.000       0.000       0.000    
    82800.   17.29082631   17.0431   0.000       0.000     -0.6814E-04   0.000     0.4881E-02-0.4813E-02  0.000      0.000      0.000      0.000       0.000       0.000       0.000       0.000       0.000       0.000    
    86400.   17.33331521   17.0524   0.000       0.000     -0.7726E-04   0.000     0.4891E-02-0.4814E-02  0.000      0.000      0.000      0.000       0.000       0.000       0.000       0.000       0.000       0.000    
    90000.   17.50096852   17.0658   0.000       0.000     -0.1197E-03   0.000     0.6559E-02-0.6439E-02  0.000      0.000      0.000      0.000       0.000       0.000       0.000       0.000       0.000       0.000    
    93600.   17.89756032   17.0892   0.000       0.000     -0.2223E-03   0.000     0.1038E-01-0.1016E-01  0.000      0.000      0.000      0.000       0.000       0.000       0.000       0.000       0.000       0.000    
    97200.   17.86750972   17.1088   0.000       0.000     -0.2086E-03   0.000     0.7160E-02-0.6951E-02  0.000      0.000      0.000      0.000       0.000       0.000       0.000       0.000       0.000       0.000    
   100800.   17.61811430   17.1207   0.000       0.000     -0.1368E-03   0.000     0.3180E-02-0.3044E-02  0.000      0.000      0.000      0.000       0.000       0.000       0.000       0.000       0.000       0.000    
   104400.   17.44397286   17.1287   0.000       0.000     -0.8671E-04   0.000     0.2177E-02-0.2090E-02  0.000      0.000      0.000      0.000       0.000       0.000       0.000       0.000       0.000       0.000    
   108000.   17.34512761   17.1349   0.000       0.000     -0.5782E-04   0.000     0.2360E-02-0.2302E-02  0.000      0.000      0.000      0.000       0.000       0.000       0.000       0.000       0.000       0.000    
   111600.   17.23336409   17.1387   0.000       0.000     -0.2603E-04   0.000     0.2009E-02-0.1983E-02  0.000      0.000      0.000      0.000       0.000       0.000       0.000       0.000       0.000       0.000    
   115200.   17.13486235   17.1406   0.000       0.000      0.1564E-05   0.000     0.1786E-02-0.1788E-02  0.000      0.000      0.000      0.000       0.000       0.000       0.000       0.000       0.000       0.000    
   118800.   17.05485059   17.1409   0.000       0.000      0.2365E-04   0.000     0.1710E-02-0.1734E-02  0.000      0.000      0.000      0.000       0.000       0.000       0.000       0.000       0.000       0.000    
   122400.   17.03491331   17.1413   0.000       0.000      0.2924E-04   0.000     0.2257E-02-0.2287E-02  0.000      0.000      0.000      0.000       0.000       0.000       0.000       0.000       0.000       0.000    
   126000.   16.97621210   17.1403   0.000       0.000      0.4511E-04   0.000     0.1905E-02-0.1950E-02  0.000      0.000      0.000      0.000       0.000       0.000       0.000       0.000       0.000       0.000    
   129600.   17.05020147   17.1418   0.000       0.000      0.2518E-04   0.000     0.3335E-02-0.3360E-02  0.000      0.000      0.000      0.000       0.000       0.000       0.000       0.000       0.000       0.000    
   133200.   17.00762243   17.1418   0.000       0.000      0.3689E-04   0.000     0.2510E-02-0.2547E-02  0.000      0.000      0.000      0.000       0.000       0.000       0.000       0.000       0.000       0.000    
   136800.   16.98247467   17.1412   0.000       0.000      0.4366E-04   0.000     0.2358E-02-0.2401E-02  0.000      0.000      0.000      0.000       0.000       0.000       0.000       0.000       0.000       0.000    
   140400.   16.93140076   17.1395   0.000       0.000      0.5721E-04   0.000     0.1923E-02-0.1980E-02  0.000      0.000      0.000      0.000       0.000       0.000       0.000       0.000       0.000       0.000    
   144000.   16.90806190   17.1374   0.000       0.000      0.6306E-04   0.000     0.2014E-02-0.2077E-02  0.000      0.000      0.000      0.000       0.000       0.000       0.000       0.000       0.000       0.000    
   147600.   16.89286273   17.1351   0.000       0.000      0.6662E-04   0.000     0.2099E-02-0.2166E-02  0.000      0.000      0.000      0.000       0.000       0.000       0.000       0.000       0.000       0.000    
   151200.   16.88256694   17.1328   0.000       0.000      0.6880E-04   0.000     0.2161E-02-0.2230E-02  0.000      0.000      0.000      0.000       0.000       0.000       0.000       0.000       0.000       0.000    
   154800.   16.87546398   17.1303   0.000       0.000      0.7009E-04   0.000     0.2206E-02-0.2276E-02  0.000      0.000      0.000      0.000       0.000       0.000       0.000       0.000       0.000       0.000    
   158400.   16.89620367   17.1286   0.000       0.000      0.6391E-04   0.000     0.2566E-02-0.2630E-02  0.000      0.000      0.000      0.000       0.000       0.000       0.000       0.000       0.000       0.000    
   162000.   17.00605517   17.1299   0.000       0.000      0.3406E-04   0.000     0.3869E-02-0.3903E-02  0.000      0.000      0.000      0.000       0.000       0.000       0.000       0.000       0.000       0.000    
   165600.   17.02505336   17.1311   0.000       0.000      0.2916E-04   0.000     0.3415E-02-0.3444E-02  0.000      0.000      0.000      0.000       0.000       0.000       0.000       0.000       0.000       0.000    
   169200.   16.95341281   17.1300   0.000       0.000      0.4856E-04   0.000     0.2155E-02-0.2204E-02  0.000      0.000      0.000      0.000       0.000       0.000       0.000       0.000       0.000       0.000    
   172800.   16.91787864   17.1283   0.000       0.000      0.5785E-04   0.000     0.2024E-02-0.2082E-02  0.000      0.000      0.000      0.000       0.000       0.000       0.000       0.000       0.000       0.000    
