TOTIM (T)      HCON          HMAT      QDIR      QWELL        QMAT       QCADS      QTUB1      QTUB2      QTUB3      QTUB4      QTUB5      QTUB6       NSTOR        QFIX        QLH     FHLQ (LQ)        CAUCHY   CAUCHY (LQ)
     3600.   16.86898683   16.9663   0.000       0.000      0.2675E-04   0.000     0.3959E-02-0.3986E-02  0.000      0.000      0.000      0.000       0.000       0.000       0.000       0.000       0.000       0.000    
     7200.   16.84345289   16.9655   0.000       0.000      0.3357E-04   0.000     0.3293E-02-0.3327E-02  0.000      0.000      0.000      0.000       0.000       0.000       0.000       0.000       0.000       0.000    
    10800.   16.83340185   16.9647   0.000       0.000      0.3610E-04   0.000     0.3344E-02-0.3380E-02  0.000      0.000      0.000      0.000       0.000       0.000       0.000       0.000       0.000       0.000    
    14400.   16.82702142   16.9638   0.000       0.000      0.3761E-04   0.000     0.3407E-02-0.3444E-02  0.000      0.000      0.000      0.000       0.000       0.000       0.000       0.000       0.000       0.000    
    18000.   16.82263027   16.9628   0.000       0.000      0.3855E-04   0.000     0.3453E-02-0.3492E-02  0.000      0.000      0.000      0.000       0.000       0.000       0.000       0.000       0.000       0.000    
    21600.   16.81955192   16.9618   0.000       0.000      0.3912E-04   0.000     0.3486E-02-0.3525E-02  0.000      0.000      0.000      0.000       0.000       0.000       0.000       0.000       0.000       0.000    
    25200.   16.81740758   16.9608   0.000       0.000      0.3943E-04   0.000     0.3509E-02-0.3549E-02  0.000      0.000      0.000      0.000       0.000       0.000       0.000       0.000       0.000       0.000    
    28800.   16.81583400   16.9598   0.000       0.000      0.3959E-04   0.000     0.3527E-02-0.3567E-02  0.000      0.000      0.000      0.000       0.000       0.000       0.000       0.000       0.000       0.000    
    32400.   16.81470728   16.9588   0.000       0.000      0.3962E-04   0.000     0.3540E-02-0.3579E-02  0.000      0.000      0.000      0.000       0.000       0.000       0.000       0.000       0.000       0.000    
    36000.   16.81381787   16.9578   0.000       0.000      0.3958E-04   0.000     0.3550E-02-0.3590E-02  0.000      0.000      0.000      0.000       0.000       0.000       0.000       0.000       0.000       0.000    
    39600.   16.81309083   16.9568   0.000       0.000      0.3951E-04   0.000     0.3559E-02-0.3599E-02  0.000      0.000      0.000      0.000       0.000       0.000       0.000       0.000       0.000       0.000    
    43200.   16.83813322   16.9565   0.000       0.000      0.3255E-04   0.000     0.4230E-02-0.4263E-02  0.000      0.000      0.000      0.000       0.000       0.000       0.000       0.000       0.000       0.000    
    46800.   16.84773876   16.9563   0.000       0.000      0.2987E-04   0.000     0.4186E-02-0.4216E-02  0.000      0.000      0.000      0.000       0.000       0.000       0.000       0.000       0.000       0.000    
    50400.   16.82807576   16.9556   0.000       0.000      0.3506E-04   0.000     0.3464E-02-0.3499E-02  0.000      0.000      0.000      0.000       0.000       0.000       0.000       0.000       0.000       0.000    
    54000.   16.84764019   16.9555   0.000       0.000      0.2965E-04   0.000     0.4137E-02-0.4167E-02  0.000      0.000      0.000      0.000       0.000       0.000       0.000       0.000       0.000       0.000    
    57600.   16.91851578   16.9572   0.000       0.000      0.1065E-04   0.000     0.5775E-02-0.5785E-02  0.000      0.000      0.000      0.000       0.000       0.000       0.000       0.000       0.000       0.000    
    61200.   17.14150853   16.9648   0.000       0.000     -0.4859E-04   0.000     0.1057E-01-0.1052E-01  0.000      0.000      0.000      0.000       0.000       0.000       0.000       0.000       0.000       0.000    
    64800.   17.18537976   16.9722   0.000       0.000     -0.5863E-04   0.000     0.8669E-02-0.8610E-02  0.000      0.000      0.000      0.000       0.000       0.000       0.000       0.000       0.000       0.000    
    68400.   17.21392512   16.9797   0.000       0.000     -0.6442E-04   0.000     0.7822E-02-0.7758E-02  0.000      0.000      0.000      0.000       0.000       0.000       0.000       0.000       0.000       0.000    
    72000.   17.17374009   16.9855   0.000       0.000     -0.5175E-04   0.000     0.5877E-02-0.5826E-02  0.000      0.000      0.000      0.000       0.000       0.000       0.000       0.000       0.000       0.000    
    75600.   17.11402365   16.9898   0.000       0.000     -0.3417E-04   0.000     0.4493E-02-0.4459E-02  0.000      0.000      0.000      0.000       0.000       0.000       0.000       0.000       0.000       0.000    
    79200.   17.24454029   16.9979   0.000       0.000     -0.6782E-04   0.000     0.8586E-02-0.8519E-02  0.000      0.000      0.000      0.000       0.000       0.000       0.000       0.000       0.000       0.000    
    82800.   17.29084371   17.0066   0.000       0.000     -0.7818E-04   0.000     0.8416E-02-0.8338E-02  0.000      0.000      0.000      0.000       0.000       0.000       0.000       0.000       0.000       0.000    
    86400.   17.33333264   17.0159   0.000       0.000     -0.8730E-04   0.000     0.8452E-02-0.8365E-02  0.000      0.000      0.000      0.000       0.000       0.000       0.000       0.000       0.000       0.000    
    90000.   17.50100330   17.0293   0.000       0.000     -0.1297E-03   0.000     0.1184E-01-0.1171E-01  0.000      0.000      0.000      0.000       0.000       0.000       0.000       0.000       0.000       0.000    
    93600.   17.89762671   17.0527   0.000       0.000     -0.2324E-03   0.000     0.1963E-01-0.1940E-01  0.000      0.000      0.000      0.000       0.000       0.000       0.000       0.000       0.000       0.000    
    97200.   17.86753871   17.0723   0.000       0.000     -0.2187E-03   0.000     0.1320E-01-0.1298E-01  0.000      0.000      0.000      0.000       0.000       0.000       0.000       0.000       0.000       0.000    
   100800.   17.61811847   17.0842   0.000       0.000     -0.1468E-03   0.000     0.5161E-02-0.5014E-02  0.000      0.000      0.000      0.000       0.000       0.000       0.000       0.000       0.000       0.000    
   104400.   17.44397296   17.0922   0.000       0.000     -0.9675E-04   0.000     0.3074E-02-0.2977E-02  0.000      0.000      0.000      0.000       0.000       0.000       0.000       0.000       0.000       0.000    
   108000.   17.34512770   17.0984   0.000       0.000     -0.6786E-04   0.000     0.3386E-02-0.3318E-02  0.000      0.000      0.000      0.000       0.000       0.000       0.000       0.000       0.000       0.000    
   111600.   17.23336408   17.1022   0.000       0.000     -0.3607E-04   0.000     0.2631E-02-0.2595E-02  0.000      0.000      0.000      0.000       0.000       0.000       0.000       0.000       0.000       0.000    
   115200.   17.13486226   17.1040   0.000       0.000     -0.8477E-05   0.000     0.2140E-02-0.2131E-02  0.000      0.000      0.000      0.000       0.000       0.000       0.000       0.000       0.000       0.000    
   118800.   17.05485046   17.1043   0.000       0.000      0.1361E-04   0.000     0.1949E-02-0.1963E-02  0.000      0.000      0.000      0.000       0.000       0.000       0.000       0.000       0.000       0.000    
   122400.   17.03491326   17.1047   0.000       0.000      0.1920E-04   0.000     0.3027E-02-0.3046E-02  0.000      0.000      0.000      0.000       0.000       0.000       0.000       0.000       0.000       0.000    
   126000.   16.97621198   17.1037   0.000       0.000      0.3507E-04   0.000     0.2298E-02-0.2333E-02  0.000      0.000      0.000      0.000       0.000       0.000       0.000       0.000       0.000       0.000    
   129600.   17.05020161   17.1052   0.000       0.000      0.1514E-04   0.000     0.5176E-02-0.5192E-02  0.000      0.000      0.000      0.000       0.000       0.000       0.000       0.000       0.000       0.000    
   133200.   17.00762242   17.1052   0.000       0.000      0.2684E-04   0.000     0.3517E-02-0.3544E-02  0.000      0.000      0.000      0.000       0.000       0.000       0.000       0.000       0.000       0.000    
   136800.   16.98247462   17.1047   0.000       0.000      0.3361E-04   0.000     0.3201E-02-0.3235E-02  0.000      0.000      0.000      0.000       0.000       0.000       0.000       0.000       0.000       0.000    
   140400.   16.93140063   17.1029   0.000       0.000      0.4716E-04   0.000     0.2314E-02-0.2361E-02  0.000      0.000      0.000      0.000       0.000       0.000       0.000       0.000       0.000       0.000    
   144000.   16.90806177   17.1008   0.000       0.000      0.5301E-04   0.000     0.2483E-02-0.2536E-02  0.000      0.000      0.000      0.000       0.000       0.000       0.000       0.000       0.000       0.000    
   147600.   16.89286261   17.0985   0.000       0.000      0.5656E-04   0.000     0.2647E-02-0.2704E-02  0.000      0.000      0.000      0.000       0.000       0.000       0.000       0.000       0.000       0.000    
   151200.   16.88256683   17.0962   0.000       0.000      0.5874E-04   0.000     0.2766E-02-0.2824E-02  0.000      0.000      0.000      0.000       0.000       0.000       0.000       0.000       0.000       0.000    
   154800.   16.87546388   17.0938   0.000       0.000      0.6003E-04   0.000     0.2852E-02-0.2912E-02  0.000      0.000      0.000      0.000       0.000       0.000       0.000       0.000       0.000       0.000    
   158400.   16.89620364   17.0920   0.000       0.000      0.5385E-04   0.000     0.3580E-02-0.3634E-02  0.000      0.000      0.000      0.000       0.000       0.000       0.000       0.000       0.000       0.000    
   162000.   17.00605543   17.0933   0.000       0.000      0.2400E-04   0.000     0.6223E-02-0.6247E-02  0.000      0.000      0.000      0.000       0.000       0.000       0.000       0.000       0.000       0.000    
   165600.   17.02505354   17.0945   0.000       0.000      0.1910E-04   0.000     0.5331E-02-0.5350E-02  0.000      0.000      0.000      0.000       0.000       0.000       0.000       0.000       0.000       0.000    
   169200.   16.95341274   17.0934   0.000       0.000      0.3849E-04   0.000     0.2792E-02-0.2831E-02  0.000      0.000      0.000      0.000       0.000       0.000       0.000       0.000       0.000       0.000    
   172800.   16.91787854   17.0916   0.000       0.000      0.4778E-04   0.000     0.2514E-02-0.2562E-02  0.000      0.000      0.000      0.000       0.000       0.000       0.000       0.000       0.000       0.000    
