TOTIM (T)      HCON          HMAT      QDIR      QWELL        QMAT       QCADS      QTUB1      QTUB2      QTUB3      QTUB4      QTUB5      QTUB6       NSTOR        QFIX        QLH     FHLQ (LQ)        CAUCHY   CAUCHY (LQ)
     3600.   16.86898953   17.4864   0.000       0.000      0.1698E-03   0.000     0.5133E-03-0.6831E-03  0.000      0.000      0.000      0.000       0.000       0.000       0.000       0.000       0.000       0.000    
     7200.   16.84345501   17.4857   0.000       0.000      0.1766E-03   0.000     0.5232E-04-0.2289E-03  0.000      0.000      0.000      0.000       0.000       0.000       0.000       0.000       0.000       0.000    
    10800.   16.83340399   17.4850   0.000       0.000      0.1792E-03   0.000     0.2409E-04-0.2033E-03  0.000      0.000      0.000      0.000       0.000       0.000       0.000       0.000       0.000       0.000    
    14400.   16.82702359   17.4842   0.000       0.000      0.1807E-03   0.000     0.2378E-04-0.2045E-03  0.000      0.000      0.000      0.000       0.000       0.000       0.000       0.000       0.000       0.000    
    18000.   16.82263247   17.4835   0.000       0.000      0.1817E-03   0.000     0.2690E-04-0.2086E-03  0.000      0.000      0.000      0.000       0.000       0.000       0.000       0.000       0.000       0.000    
    21600.   16.81955414   17.4828   0.000       0.000      0.1824E-03   0.000     0.3116E-04-0.2135E-03  0.000      0.000      0.000      0.000       0.000       0.000       0.000       0.000       0.000       0.000    
    25200.   16.81740981   17.4821   0.000       0.000      0.1828E-03   0.000     0.3594E-04-0.2187E-03  0.000      0.000      0.000      0.000       0.000       0.000       0.000       0.000       0.000       0.000    
    28800.   16.81583625   17.4814   0.000       0.000      0.1830E-03   0.000     0.4130E-04-0.2243E-03  0.000      0.000      0.000      0.000       0.000       0.000       0.000       0.000       0.000       0.000    
    32400.   16.81470953   17.4808   0.000       0.000      0.1832E-03   0.000     0.4669E-04-0.2299E-03  0.000      0.000      0.000      0.000       0.000       0.000       0.000       0.000       0.000       0.000    
    36000.   16.81382013   17.4803   0.000       0.000      0.1833E-03   0.000     0.5240E-04-0.2357E-03  0.000      0.000      0.000      0.000       0.000       0.000       0.000       0.000       0.000       0.000    
    39600.   16.81309310   17.4797   0.000       0.000      0.1833E-03   0.000     0.5810E-04-0.2414E-03  0.000      0.000      0.000      0.000       0.000       0.000       0.000       0.000       0.000       0.000    
    43200.   16.83813607   17.4799   0.000       0.000      0.1765E-03   0.000     0.5245E-03-0.7009E-03  0.000      0.000      0.000      0.000       0.000       0.000       0.000       0.000       0.000       0.000    
    46800.   16.84774160   17.4802   0.000       0.000      0.1739E-03   0.000     0.5583E-03-0.7323E-03  0.000      0.000      0.000      0.000       0.000       0.000       0.000       0.000       0.000       0.000    
    50400.   16.82807800   17.4799   0.000       0.000      0.1793E-03   0.000     0.1034E-03-0.2827E-03  0.000      0.000      0.000      0.000       0.000       0.000       0.000       0.000       0.000       0.000    
    54000.   16.84764300   17.4803   0.000       0.000      0.1740E-03   0.000     0.5381E-03-0.7121E-03  0.000      0.000      0.000      0.000       0.000       0.000       0.000       0.000       0.000       0.000    
    57600.   16.91852002   17.4823   0.000       0.000      0.1550E-03   0.000     0.1718E-02-0.1873E-02  0.000      0.000      0.000      0.000       0.000       0.000       0.000       0.000       0.000       0.000    
    61200.   17.14154837   17.4896   0.000       0.000      0.9571E-04   0.000     0.5245E-02-0.5340E-02  0.000      0.000      0.000      0.000       0.000       0.000       0.000       0.000       0.000       0.000    
    64800.   17.18540791   17.4962   0.000       0.000      0.8546E-04   0.000     0.4540E-02-0.4625E-02  0.000      0.000      0.000      0.000       0.000       0.000       0.000       0.000       0.000       0.000    
    68400.   17.21394874   17.5025   0.000       0.000      0.7934E-04   0.000     0.4247E-02-0.4327E-02  0.000      0.000      0.000      0.000       0.000       0.000       0.000       0.000       0.000       0.000    
    72000.   17.17375435   17.5069   0.000       0.000      0.9163E-04   0.000     0.3049E-02-0.3140E-02  0.000      0.000      0.000      0.000       0.000       0.000       0.000       0.000       0.000       0.000    
    75600.   17.11403253   17.5096   0.000       0.000      0.1088E-03   0.000     0.2019E-02-0.2128E-02  0.000      0.000      0.000      0.000       0.000       0.000       0.000       0.000       0.000       0.000    
    79200.   17.24456817   17.5158   0.000       0.000      0.7460E-04   0.000     0.4683E-02-0.4757E-02  0.000      0.000      0.000      0.000       0.000       0.000       0.000       0.000       0.000       0.000    
    82800.   17.29087087   17.5221   0.000       0.000      0.6360E-04   0.000     0.4817E-02-0.4881E-02  0.000      0.000      0.000      0.000       0.000       0.000       0.000       0.000       0.000       0.000    
    86400.   17.33336021   17.5286   0.000       0.000      0.5370E-04   0.000     0.5022E-02-0.5076E-02  0.000      0.000      0.000      0.000       0.000       0.000       0.000       0.000       0.000       0.000    
    90000.   17.50108166   17.5387   0.000       0.000      0.1034E-04   0.000     0.7527E-02-0.7537E-02  0.000      0.000      0.000      0.000       0.000       0.000       0.000       0.000       0.000       0.000    
    93600.   17.89788895   17.5573   0.000       0.000     -0.9365E-04   0.000     0.1339E-01-0.1330E-01  0.000      0.000      0.000      0.000       0.000       0.000       0.000       0.000       0.000       0.000    
    97200.   17.86766966   17.5716   0.000       0.000     -0.8143E-04   0.000     0.1002E-01-0.9936E-02  0.000      0.000      0.000      0.000       0.000       0.000       0.000       0.000       0.000       0.000    
   100800.   17.61814069   17.5778   0.000       0.000     -0.1109E-04   0.000     0.4661E-02-0.4650E-02  0.000      0.000      0.000      0.000       0.000       0.000       0.000       0.000       0.000       0.000    
   104400.   17.44397930   17.5802   0.000       0.000      0.3746E-04   0.000     0.2621E-02-0.2659E-02  0.000      0.000      0.000      0.000       0.000       0.000       0.000       0.000       0.000       0.000    
   108000.   17.34513367   17.5809   0.000       0.000      0.6482E-04   0.000     0.2180E-02-0.2245E-02  0.000      0.000      0.000      0.000       0.000       0.000       0.000       0.000       0.000       0.000    
   111600.   17.23336688   17.5793   0.000       0.000      0.9512E-04   0.000     0.1167E-02-0.1262E-02  0.000      0.000      0.000      0.000       0.000       0.000       0.000       0.000       0.000       0.000    
   115200.   17.13486391   17.5758   0.000       0.000      0.1213E-03   0.000     0.3663E-03-0.4875E-03  0.000      0.000      0.000      0.000       0.000       0.000       0.000       0.000       0.000       0.000    
   118800.   17.05485176   17.5711   0.000       0.000      0.1420E-03   0.000    -0.1766E-03 0.3462E-04  0.000      0.000      0.000      0.000       0.000       0.000       0.000       0.000       0.000       0.000    
   122400.   17.03491532   17.5667   0.000       0.000      0.1462E-03   0.000     0.2303E-03-0.3765E-03  0.000      0.000      0.000      0.000       0.000       0.000       0.000       0.000       0.000       0.000    
   126000.   16.97621333   17.5611   0.000       0.000      0.1609E-03   0.000    -0.4437E-03 0.2828E-03  0.000      0.000      0.000      0.000       0.000       0.000       0.000       0.000       0.000       0.000    
   129600.   17.05020535   17.5581   0.000       0.000      0.1397E-03   0.000     0.1354E-02-0.1494E-02  0.000      0.000      0.000      0.000       0.000       0.000       0.000       0.000       0.000       0.000    
   133200.   17.00762478   17.5537   0.000       0.000      0.1502E-03   0.000     0.3177E-03-0.4679E-03  0.000      0.000      0.000      0.000       0.000       0.000       0.000       0.000       0.000       0.000    
   136800.   16.98247668   17.5490   0.000       0.000      0.1558E-03   0.000     0.2634E-04-0.1821E-03  0.000      0.000      0.000      0.000       0.000       0.000       0.000       0.000       0.000       0.000    
   140400.   16.93140187   17.5433   0.000       0.000      0.1683E-03   0.000    -0.6786E-03 0.5103E-03  0.000      0.000      0.000      0.000       0.000       0.000       0.000       0.000       0.000       0.000    
   144000.   16.90806309   17.5375   0.000       0.000      0.1731E-03   0.000    -0.7165E-03 0.5434E-03  0.000      0.000      0.000      0.000       0.000       0.000       0.000       0.000       0.000       0.000    
   147600.   16.89286402   17.5318   0.000       0.000      0.1757E-03   0.000    -0.7090E-03 0.5332E-03  0.000      0.000      0.000      0.000       0.000       0.000       0.000       0.000       0.000       0.000    
   151200.   16.88256831   17.5262   0.000       0.000      0.1770E-03   0.000    -0.6953E-03 0.5183E-03  0.000      0.000      0.000      0.000       0.000       0.000       0.000       0.000       0.000       0.000    
   154800.   16.87546541   17.5208   0.000       0.000      0.1775E-03   0.000    -0.6788E-03 0.5013E-03  0.000      0.000      0.000      0.000       0.000       0.000       0.000       0.000       0.000       0.000    
   158400.   16.89620578   17.5162   0.000       0.000      0.1705E-03   0.000    -0.2002E-03 0.2972E-04  0.000      0.000      0.000      0.000       0.000       0.000       0.000       0.000       0.000       0.000    
   162000.   17.00605988   17.5146   0.000       0.000      0.1399E-03   0.000     0.1688E-02-0.1828E-02  0.000      0.000      0.000      0.000       0.000       0.000       0.000       0.000       0.000       0.000    
   165600.   17.02505735   17.5129   0.000       0.000      0.1342E-03   0.000     0.1361E-02-0.1495E-02  0.000      0.000      0.000      0.000       0.000       0.000       0.000       0.000       0.000       0.000    
   169200.   16.95341444   17.5092   0.000       0.000      0.1528E-03   0.000    -0.2615E-03 0.1087E-03  0.000      0.000      0.000      0.000       0.000       0.000       0.000       0.000       0.000       0.000    
   172800.   16.91787993   17.5049   0.000       0.000      0.1614E-03   0.000    -0.5881E-03 0.4267E-03  0.000      0.000      0.000      0.000       0.000       0.000       0.000       0.000       0.000       0.000    
