TOTIM (T)      HCON          HMAT      QDIR      QWELL        QMAT       QCADS      QTUB1      QTUB2      QTUB3      QTUB4      QTUB5      QTUB6       NSTOR        QFIX        QLH     FHLQ (LQ)        CAUCHY   CAUCHY (LQ)
     3600.   16.86898815   17.1713   0.000       0.000      0.8313E-04   0.000    -0.1474E-02 0.1391E-02  0.000      0.000      0.000      0.000       0.000       0.000       0.000       0.000       0.000       0.000    
     7200.   16.84345405   17.1706   0.000       0.000      0.8995E-04   0.000    -0.1057E-02 0.9667E-03  0.000      0.000      0.000      0.000       0.000       0.000       0.000       0.000       0.000       0.000    
    10800.   16.83340302   17.1697   0.000       0.000      0.9248E-04   0.000    -0.1051E-02 0.9590E-03  0.000      0.000      0.000      0.000       0.000       0.000       0.000       0.000       0.000       0.000    
    14400.   16.82702260   17.1688   0.000       0.000      0.9398E-04   0.000    -0.1065E-02 0.9710E-03  0.000      0.000      0.000      0.000       0.000       0.000       0.000       0.000       0.000       0.000    
    18000.   16.82263146   17.1678   0.000       0.000      0.9493E-04   0.000    -0.1077E-02 0.9819E-03  0.000      0.000      0.000      0.000       0.000       0.000       0.000       0.000       0.000       0.000    
    21600.   16.81955311   17.1668   0.000       0.000      0.9550E-04   0.000    -0.1087E-02 0.9911E-03  0.000      0.000      0.000      0.000       0.000       0.000       0.000       0.000       0.000       0.000    
    25200.   16.81740877   17.1658   0.000       0.000      0.9581E-04   0.000    -0.1094E-02 0.9987E-03  0.000      0.000      0.000      0.000       0.000       0.000       0.000       0.000       0.000       0.000    
    28800.   16.81583520   17.1648   0.000       0.000      0.9596E-04   0.000    -0.1102E-02 0.1006E-02  0.000      0.000      0.000      0.000       0.000       0.000       0.000       0.000       0.000       0.000    
    32400.   16.81470848   17.1638   0.000       0.000      0.9600E-04   0.000    -0.1108E-02 0.1012E-02  0.000      0.000      0.000      0.000       0.000       0.000       0.000       0.000       0.000       0.000    
    36000.   16.81381908   17.1628   0.000       0.000      0.9596E-04   0.000    -0.1113E-02 0.1017E-02  0.000      0.000      0.000      0.000       0.000       0.000       0.000       0.000       0.000       0.000    
    39600.   16.81309203   17.1618   0.000       0.000      0.9589E-04   0.000    -0.1119E-02 0.1023E-02  0.000      0.000      0.000      0.000       0.000       0.000       0.000       0.000       0.000       0.000    
    43200.   16.83813459   17.1615   0.000       0.000      0.8892E-04   0.000    -0.1541E-02 0.1452E-02  0.000      0.000      0.000      0.000       0.000       0.000       0.000       0.000       0.000       0.000    
    46800.   16.84774013   17.1614   0.000       0.000      0.8624E-04   0.000    -0.1551E-02 0.1464E-02  0.000      0.000      0.000      0.000       0.000       0.000       0.000       0.000       0.000       0.000    
    50400.   16.82807695   17.1606   0.000       0.000      0.9144E-04   0.000    -0.1124E-02 0.1033E-02  0.000      0.000      0.000      0.000       0.000       0.000       0.000       0.000       0.000       0.000    
    54000.   16.84764155   17.1605   0.000       0.000      0.8603E-04   0.000    -0.1529E-02 0.1443E-02  0.000      0.000      0.000      0.000       0.000       0.000       0.000       0.000       0.000       0.000    
    57600.   16.91851755   17.1622   0.000       0.000      0.6703E-04   0.000    -0.2583E-02 0.2516E-02  0.000      0.000      0.000      0.000       0.000       0.000       0.000       0.000       0.000       0.000    
    61200.   17.14148343   17.1698   0.000       0.000      0.7797E-05   0.000    -0.5710E-02 0.5703E-02  0.000      0.000      0.000      0.000       0.000       0.000       0.000       0.000       0.000       0.000    
    64800.   17.18536404   17.1772   0.000       0.000     -0.2244E-05   0.000    -0.4876E-02 0.4878E-02  0.000      0.000      0.000      0.000       0.000       0.000       0.000       0.000       0.000       0.000    
    68400.   17.21391294   17.1847   0.000       0.000     -0.8041E-05   0.000    -0.4520E-02 0.4528E-02  0.000      0.000      0.000      0.000       0.000       0.000       0.000       0.000       0.000       0.000    
    72000.   17.17373411   17.1906   0.000       0.000      0.4626E-05   0.000    -0.3389E-02 0.3384E-02  0.000      0.000      0.000      0.000       0.000       0.000       0.000       0.000       0.000       0.000    
    75600.   17.11402078   17.1948   0.000       0.000      0.2221E-04   0.000    -0.2480E-02 0.2457E-02  0.000      0.000      0.000      0.000       0.000       0.000       0.000       0.000       0.000       0.000    
    79200.   17.24452509   17.2029   0.000       0.000     -0.1144E-04   0.000    -0.4947E-02 0.4959E-02  0.000      0.000      0.000      0.000       0.000       0.000       0.000       0.000       0.000       0.000    
    82800.   17.29082939   17.2116   0.000       0.000     -0.2179E-04   0.000    -0.4986E-02 0.5008E-02  0.000      0.000      0.000      0.000       0.000       0.000       0.000       0.000       0.000       0.000    
    86400.   17.33331833   17.2209   0.000       0.000     -0.3092E-04   0.000    -0.5115E-02 0.5145E-02  0.000      0.000      0.000      0.000       0.000       0.000       0.000       0.000       0.000       0.000    
    90000.   17.50099846   17.2344   0.000       0.000     -0.7333E-04   0.000    -0.7333E-02 0.7407E-02  0.000      0.000      0.000      0.000       0.000       0.000       0.000       0.000       0.000       0.000    
    93600.   17.89764924   17.2577   0.000       0.000     -0.1760E-03   0.000    -0.1249E-01 0.1267E-01  0.000      0.000      0.000      0.000       0.000       0.000       0.000       0.000       0.000       0.000    
    97200.   17.86755539   17.2774   0.000       0.000     -0.1623E-03   0.000    -0.9091E-02 0.9253E-02  0.000      0.000      0.000      0.000       0.000       0.000       0.000       0.000       0.000       0.000    
   100800.   17.61812383   17.2892   0.000       0.000     -0.9044E-04   0.000    -0.4177E-02 0.4268E-02  0.000      0.000      0.000      0.000       0.000       0.000       0.000       0.000       0.000       0.000    
   104400.   17.44397531   17.2972   0.000       0.000     -0.4036E-04   0.000    -0.2523E-02 0.2563E-02  0.000      0.000      0.000      0.000       0.000       0.000       0.000       0.000       0.000       0.000    
   108000.   17.34513009   17.3034   0.000       0.000     -0.1147E-04   0.000    -0.2330E-02 0.2342E-02  0.000      0.000      0.000      0.000       0.000       0.000       0.000       0.000       0.000       0.000    
   111600.   17.23336575   17.3073   0.000       0.000      0.2032E-04   0.000    -0.1566E-02 0.1545E-02  0.000      0.000      0.000      0.000       0.000       0.000       0.000       0.000       0.000       0.000    
   115200.   17.13486359   17.3091   0.000       0.000      0.4792E-04   0.000    -0.9845E-03 0.9366E-03  0.000      0.000      0.000      0.000       0.000       0.000       0.000       0.000       0.000       0.000    
   118800.   17.05485163   17.3094   0.000       0.000      0.7001E-04   0.000    -0.6214E-03 0.5514E-03  0.000      0.000      0.000      0.000       0.000       0.000       0.000       0.000       0.000       0.000    
   122400.   17.03491495   17.3098   0.000       0.000      0.7560E-04   0.000    -0.1096E-02 0.1020E-02  0.000      0.000      0.000      0.000       0.000       0.000       0.000       0.000       0.000       0.000    
   126000.   16.97621323   17.3088   0.000       0.000      0.9147E-04   0.000    -0.5368E-03 0.4453E-03  0.000      0.000      0.000      0.000       0.000       0.000       0.000       0.000       0.000       0.000    
   129600.   17.05020471   17.3104   0.000       0.000      0.7154E-04   0.000    -0.2226E-02 0.2155E-02  0.000      0.000      0.000      0.000       0.000       0.000       0.000       0.000       0.000       0.000    
   133200.   17.00762436   17.3104   0.000       0.000      0.8325E-04   0.000    -0.1249E-02 0.1166E-02  0.000      0.000      0.000      0.000       0.000       0.000       0.000       0.000       0.000       0.000    
   136800.   16.98247635   17.3098   0.000       0.000      0.9002E-04   0.000    -0.1009E-02 0.9187E-03  0.000      0.000      0.000      0.000       0.000       0.000       0.000       0.000       0.000       0.000    
   140400.   16.93140185   17.3080   0.000       0.000      0.1036E-03   0.000    -0.3981E-03 0.2945E-03  0.000      0.000      0.000      0.000       0.000       0.000       0.000       0.000       0.000       0.000    
   144000.   16.90806306   17.3060   0.000       0.000      0.1094E-03   0.000    -0.4125E-03 0.3031E-03  0.000      0.000      0.000      0.000       0.000       0.000       0.000       0.000       0.000       0.000    
   147600.   16.89286397   17.3037   0.000       0.000      0.1130E-03   0.000    -0.4519E-03 0.3389E-03  0.000      0.000      0.000      0.000       0.000       0.000       0.000       0.000       0.000       0.000    
   151200.   16.88256824   17.3014   0.000       0.000      0.1152E-03   0.000    -0.4850E-03 0.3699E-03  0.000      0.000      0.000      0.000       0.000       0.000       0.000       0.000       0.000       0.000    
   154800.   16.87546532   17.2990   0.000       0.000      0.1165E-03   0.000    -0.5130E-03 0.3965E-03  0.000      0.000      0.000      0.000       0.000       0.000       0.000       0.000       0.000       0.000    
   158400.   16.89620551   17.2972   0.000       0.000      0.1103E-03   0.000    -0.9538E-03 0.8435E-03  0.000      0.000      0.000      0.000       0.000       0.000       0.000       0.000       0.000       0.000    
   162000.   17.00605930   17.2985   0.000       0.000      0.8043E-04   0.000    -0.2645E-02 0.2565E-02  0.000      0.000      0.000      0.000       0.000       0.000       0.000       0.000       0.000       0.000    
   165600.   17.02505671   17.2997   0.000       0.000      0.7554E-04   0.000    -0.2254E-02 0.2179E-02  0.000      0.000      0.000      0.000       0.000       0.000       0.000       0.000       0.000       0.000    
   169200.   16.95341421   17.2987   0.000       0.000      0.9494E-04   0.000    -0.7425E-03 0.6476E-03  0.000      0.000      0.000      0.000       0.000       0.000       0.000       0.000       0.000       0.000    
   172800.   16.91787984   17.2969   0.000       0.000      0.1042E-03   0.000    -0.4904E-03 0.3862E-03  0.000      0.000      0.000      0.000       0.000       0.000       0.000       0.000       0.000       0.000    
