TOTIM (T)      HCON          HMAT      QDIR      QWELL        QMAT       QCADS      QTUB1      QTUB2      QTUB3      QTUB4      QTUB5      QTUB6       NSTOR        QFIX        QLH     FHLQ (LQ)        CAUCHY   CAUCHY (LQ)
     3600.   16.86898579   16.9192   0.000       0.000      0.1380E-04   0.000    -0.4762E-03 0.2982E-02-0.2519E-02  0.000      0.000      0.000       0.000       0.000       0.000       0.000       0.000       0.000    
     7200.   16.84345202   16.9185   0.000       0.000      0.2063E-04   0.000    -0.4987E-03 0.2707E-02-0.2229E-02  0.000      0.000      0.000       0.000       0.000       0.000       0.000       0.000       0.000    
    10800.   16.83340097   16.9176   0.000       0.000      0.2316E-04   0.000    -0.5075E-03 0.2755E-02-0.2271E-02  0.000      0.000      0.000       0.000       0.000       0.000       0.000       0.000       0.000    
    14400.   16.82702052   16.9167   0.000       0.000      0.2466E-04   0.000    -0.5128E-03 0.2800E-02-0.2312E-02  0.000      0.000      0.000       0.000       0.000       0.000       0.000       0.000       0.000    
    18000.   16.82262936   16.9157   0.000       0.000      0.2560E-04   0.000    -0.5161E-03 0.2832E-02-0.2341E-02  0.000      0.000      0.000       0.000       0.000       0.000       0.000       0.000       0.000    
    21600.   16.81955100   16.9147   0.000       0.000      0.2617E-04   0.000    -0.5182E-03 0.2854E-02-0.2362E-02  0.000      0.000      0.000       0.000       0.000       0.000       0.000       0.000       0.000    
    25200.   16.81740665   16.9137   0.000       0.000      0.2648E-04   0.000    -0.5193E-03 0.2868E-02-0.2375E-02  0.000      0.000      0.000       0.000       0.000       0.000       0.000       0.000       0.000    
    28800.   16.81583307   16.9127   0.000       0.000      0.2663E-04   0.000    -0.5198E-03 0.2879E-02-0.2385E-02  0.000      0.000      0.000       0.000       0.000       0.000       0.000       0.000       0.000    
    32400.   16.81470634   16.9117   0.000       0.000      0.2666E-04   0.000    -0.5199E-03 0.2885E-02-0.2392E-02  0.000      0.000      0.000       0.000       0.000       0.000       0.000       0.000       0.000    
    36000.   16.81381693   16.9106   0.000       0.000      0.2663E-04   0.000    -0.5198E-03 0.2890E-02-0.2397E-02  0.000      0.000      0.000       0.000       0.000       0.000       0.000       0.000       0.000    
    39600.   16.81308989   16.9096   0.000       0.000      0.2655E-04   0.000    -0.5196E-03 0.2894E-02-0.2401E-02  0.000      0.000      0.000       0.000       0.000       0.000       0.000       0.000       0.000    
    43200.   16.83813211   16.9093   0.000       0.000      0.1958E-04   0.000    -0.4967E-03 0.3170E-02-0.2693E-02  0.000      0.000      0.000       0.000       0.000       0.000       0.000       0.000       0.000    
    46800.   16.84773767   16.9092   0.000       0.000      0.1690E-04   0.000    -0.4873E-03 0.3123E-02-0.2653E-02  0.000      0.000      0.000       0.000       0.000       0.000       0.000       0.000       0.000    
    50400.   16.82807484   16.9084   0.000       0.000      0.2209E-04   0.000    -0.5041E-03 0.2806E-02-0.2324E-02  0.000      0.000      0.000       0.000       0.000       0.000       0.000       0.000       0.000    
    54000.   16.84763911   16.9083   0.000       0.000      0.1668E-04   0.000    -0.4865E-03 0.3097E-02-0.2627E-02  0.000      0.000      0.000       0.000       0.000       0.000       0.000       0.000       0.000    
    57600.   16.91851429   16.9100   0.000       0.000     -0.2328E-05   0.000    -0.4236E-03 0.3752E-02-0.3326E-02  0.000      0.000      0.000       0.000       0.000       0.000       0.000       0.000       0.000    
    61200.   17.14147777   16.9176   0.000       0.000     -0.6156E-04   0.000     0.9294E-03 0.5636E-02-0.6504E-02  0.000      0.000      0.000       0.000       0.000       0.000       0.000       0.000       0.000    
    64800.   17.18535928   16.9250   0.000       0.000     -0.7160E-04   0.000     0.7363E-03 0.4591E-02-0.5255E-02  0.000      0.000      0.000       0.000       0.000       0.000       0.000       0.000       0.000    
    68400.   17.21390857   16.9325   0.000       0.000     -0.7739E-04   0.000     0.6537E-03 0.4113E-02-0.4690E-02  0.000      0.000      0.000       0.000       0.000       0.000       0.000       0.000       0.000    
    72000.   17.17373070   16.9384   0.000       0.000     -0.6471E-04   0.000     0.3857E-03 0.3248E-02-0.3569E-02  0.000      0.000      0.000       0.000       0.000       0.000       0.000       0.000       0.000    
    75600.   17.11401806   16.9427   0.000       0.000     -0.4712E-04   0.000     0.1709E-03 0.2708E-02-0.2831E-02  0.000      0.000      0.000       0.000       0.000       0.000       0.000       0.000       0.000    
    79200.   17.24452035   16.9508   0.000       0.000     -0.8076E-04   0.000     0.7541E-03 0.4469E-02-0.5142E-02  0.000      0.000      0.000       0.000       0.000       0.000       0.000       0.000       0.000    
    82800.   17.29082472   16.9596   0.000       0.000     -0.9110E-04   0.000     0.7664E-03 0.4290E-02-0.4965E-02  0.000      0.000      0.000       0.000       0.000       0.000       0.000       0.000       0.000    
    86400.   17.33331363   16.9689   0.000       0.000     -0.1002E-03   0.000     0.7987E-03 0.4227E-02-0.4925E-02  0.000      0.000      0.000       0.000       0.000       0.000       0.000       0.000       0.000    
    90000.   17.50096643   16.9825   0.000       0.000     -0.1426E-03   0.000     0.1333E-02 0.5555E-02-0.6746E-02  0.000      0.000      0.000       0.000       0.000       0.000       0.000       0.000       0.000    
    93600.   17.89752677   17.0059   0.000       0.000     -0.2452E-03   0.000     0.2585E-02 0.8560E-02-0.1090E-01  0.000      0.000      0.000       0.000       0.000       0.000       0.000       0.000       0.000    
    97200.   17.86749478   17.0257   0.000       0.000     -0.2315E-03   0.000     0.1773E-02 0.5444E-02-0.6986E-02  0.000      0.000      0.000       0.000       0.000       0.000       0.000       0.000       0.000    
   100800.   17.61811210   17.0377   0.000       0.000     -0.1596E-03   0.000     0.1458E-02 0.2040E-02-0.3339E-02  0.000      0.000      0.000       0.000       0.000       0.000       0.000       0.000       0.000    
   104400.   17.44397225   17.0458   0.000       0.000     -0.1095E-03   0.000    -0.4858E-04 0.1437E-02-0.1279E-02  0.000      0.000      0.000       0.000       0.000       0.000       0.000       0.000       0.000    
   108000.   17.34512689   17.0522   0.000       0.000     -0.8055E-04   0.000    -0.1489E-03 0.1851E-02-0.1622E-02  0.000      0.000      0.000       0.000       0.000       0.000       0.000       0.000       0.000    
   111600.   17.23336344   17.0562   0.000       0.000     -0.4872E-04   0.000    -0.2573E-03 0.1754E-02-0.1448E-02  0.000      0.000      0.000       0.000       0.000       0.000       0.000       0.000       0.000    
   115200.   17.13486173   17.0582   0.000       0.000     -0.2108E-04   0.000    -0.3517E-03 0.1752E-02-0.1380E-02  0.000      0.000      0.000       0.000       0.000       0.000       0.000       0.000       0.000    
   118800.   17.05484997   17.0587   0.000       0.000      0.1050E-05   0.000    -0.4277E-03 0.1853E-02-0.1427E-02  0.000      0.000      0.000       0.000       0.000       0.000       0.000       0.000       0.000    
   122400.   17.03491248   17.0592   0.000       0.000      0.6681E-05   0.000    -0.4486E-03 0.2445E-02-0.2003E-02  0.000      0.000      0.000       0.000       0.000       0.000       0.000       0.000       0.000    
   126000.   16.97621137   17.0584   0.000       0.000      0.2259E-04   0.000    -0.5021E-03 0.2219E-02-0.1740E-02  0.000      0.000      0.000       0.000       0.000       0.000       0.000       0.000       0.000    
   129600.   17.05020027   17.0600   0.000       0.000      0.2701E-05   0.000    -0.4380E-03 0.3490E-02-0.3055E-02  0.000      0.000      0.000       0.000       0.000       0.000       0.000       0.000       0.000    
   133200.   17.00762150   17.0602   0.000       0.000      0.1445E-04   0.000    -0.4754E-03 0.2759E-02-0.2298E-02  0.000      0.000      0.000       0.000       0.000       0.000       0.000       0.000       0.000    
   136800.   16.98247378   17.0597   0.000       0.000      0.2125E-04   0.000    -0.4984E-03 0.2661E-02-0.2183E-02  0.000      0.000      0.000       0.000       0.000       0.000       0.000       0.000       0.000    
   140400.   16.93140001   17.0581   0.000       0.000      0.3484E-04   0.000    -0.5437E-03 0.2335E-02-0.1826E-02  0.000      0.000      0.000       0.000       0.000       0.000       0.000       0.000       0.000    
   144000.   16.90806110   17.0561   0.000       0.000      0.4072E-04   0.000    -0.5642E-03 0.2472E-02-0.1948E-02  0.000      0.000      0.000       0.000       0.000       0.000       0.000       0.000       0.000    
   147600.   16.89286190   17.0540   0.000       0.000      0.4431E-04   0.000    -0.5767E-03 0.2586E-02-0.2053E-02  0.000      0.000      0.000       0.000       0.000       0.000       0.000       0.000       0.000    
   151200.   16.88256608   17.0517   0.000       0.000      0.4652E-04   0.000    -0.5844E-03 0.2665E-02-0.2127E-02  0.000      0.000      0.000       0.000       0.000       0.000       0.000       0.000       0.000    
   154800.   16.87546311   17.0494   0.000       0.000      0.4783E-04   0.000    -0.5889E-03 0.2720E-02-0.2179E-02  0.000      0.000      0.000       0.000       0.000       0.000       0.000       0.000       0.000    
   158400.   16.89620268   17.0478   0.000       0.000      0.4168E-04   0.000    -0.5687E-03 0.3031E-02-0.2504E-02  0.000      0.000      0.000       0.000       0.000       0.000       0.000       0.000       0.000    
   162000.   17.00605378   17.0491   0.000       0.000      0.1185E-04   0.000     0.1937E-03 0.4095E-02-0.4301E-02  0.000      0.000      0.000       0.000       0.000       0.000       0.000       0.000       0.000    
   165600.   17.02505212   17.0504   0.000       0.000      0.6974E-05   0.000     0.1055E-03 0.3602E-02-0.3714E-02  0.000      0.000      0.000       0.000       0.000       0.000       0.000       0.000       0.000    
   169200.   16.95341199   17.0494   0.000       0.000      0.2640E-04   0.000    -0.2412E-03 0.2497E-02-0.2282E-02  0.000      0.000      0.000       0.000       0.000       0.000       0.000       0.000       0.000    
   172800.   16.91787785   17.0477   0.000       0.000      0.3571E-04   0.000    -0.3001E-03 0.2440E-02-0.2176E-02  0.000      0.000      0.000       0.000       0.000       0.000       0.000       0.000       0.000    
