TOTIM (T)      HCON          HMAT      QDIR      QWELL        QMAT       QCADS      QTUB1      QTUB2      QTUB3      QTUB4      QTUB5      QTUB6       NSTOR        QFIX        QLH     FHLQ (LQ)        CAUCHY   CAUCHY (LQ)
     3600.   16.86898692   17.1181   0.000       0.000      0.6850E-04   0.000     0.2665E-02-0.2734E-02  0.000      0.000      0.000      0.000       0.000       0.000       0.000       0.000       0.000       0.000    
     7200.   16.84345303   17.1174   0.000       0.000      0.7533E-04   0.000     0.2329E-02-0.2405E-02  0.000      0.000      0.000      0.000       0.000       0.000       0.000       0.000       0.000       0.000    
    10800.   16.83340199   17.1165   0.000       0.000      0.7786E-04   0.000     0.2355E-02-0.2433E-02  0.000      0.000      0.000      0.000       0.000       0.000       0.000       0.000       0.000       0.000    
    14400.   16.82702156   17.1156   0.000       0.000      0.7936E-04   0.000     0.2386E-02-0.2466E-02  0.000      0.000      0.000      0.000       0.000       0.000       0.000       0.000       0.000       0.000    
    18000.   16.82263041   17.1146   0.000       0.000      0.8030E-04   0.000     0.2409E-02-0.2490E-02  0.000      0.000      0.000      0.000       0.000       0.000       0.000       0.000       0.000       0.000    
    21600.   16.81955206   17.1136   0.000       0.000      0.8087E-04   0.000     0.2426E-02-0.2507E-02  0.000      0.000      0.000      0.000       0.000       0.000       0.000       0.000       0.000       0.000    
    25200.   16.81740771   17.1126   0.000       0.000      0.8118E-04   0.000     0.2438E-02-0.2519E-02  0.000      0.000      0.000      0.000       0.000       0.000       0.000       0.000       0.000       0.000    
    28800.   16.81583413   17.1116   0.000       0.000      0.8134E-04   0.000     0.2447E-02-0.2528E-02  0.000      0.000      0.000      0.000       0.000       0.000       0.000       0.000       0.000       0.000    
    32400.   16.81470741   17.1106   0.000       0.000      0.8137E-04   0.000     0.2453E-02-0.2534E-02  0.000      0.000      0.000      0.000       0.000       0.000       0.000       0.000       0.000       0.000    
    36000.   16.81381800   17.1096   0.000       0.000      0.8134E-04   0.000     0.2458E-02-0.2540E-02  0.000      0.000      0.000      0.000       0.000       0.000       0.000       0.000       0.000       0.000    
    39600.   16.81309096   17.1086   0.000       0.000      0.8126E-04   0.000     0.2463E-02-0.2544E-02  0.000      0.000      0.000      0.000       0.000       0.000       0.000       0.000       0.000       0.000    
    43200.   16.83813330   17.1083   0.000       0.000      0.7430E-04   0.000     0.2801E-02-0.2875E-02  0.000      0.000      0.000      0.000       0.000       0.000       0.000       0.000       0.000       0.000    
    46800.   16.84773884   17.1082   0.000       0.000      0.7162E-04   0.000     0.2779E-02-0.2850E-02  0.000      0.000      0.000      0.000       0.000       0.000       0.000       0.000       0.000       0.000    
    50400.   16.82807589   17.1074   0.000       0.000      0.7682E-04   0.000     0.2415E-02-0.2492E-02  0.000      0.000      0.000      0.000       0.000       0.000       0.000       0.000       0.000       0.000    
    54000.   16.84764027   17.1073   0.000       0.000      0.7140E-04   0.000     0.2754E-02-0.2826E-02  0.000      0.000      0.000      0.000       0.000       0.000       0.000       0.000       0.000       0.000    
    57600.   16.91851574   17.1091   0.000       0.000      0.5240E-04   0.000     0.3580E-02-0.3633E-02  0.000      0.000      0.000      0.000       0.000       0.000       0.000       0.000       0.000       0.000    
    61200.   17.14148005   17.1167   0.000       0.000     -0.6826E-05   0.000     0.5997E-02-0.5991E-02  0.000      0.000      0.000      0.000       0.000       0.000       0.000       0.000       0.000       0.000    
    64800.   17.18536117   17.1240   0.000       0.000     -0.1687E-04   0.000     0.5042E-02-0.5026E-02  0.000      0.000      0.000      0.000       0.000       0.000       0.000       0.000       0.000       0.000    
    68400.   17.21391028   17.1315   0.000       0.000     -0.2266E-04   0.000     0.4617E-02-0.4595E-02  0.000      0.000      0.000      0.000       0.000       0.000       0.000       0.000       0.000       0.000    
    72000.   17.17373205   17.1374   0.000       0.000     -0.9997E-05   0.000     0.3638E-02-0.3628E-02  0.000      0.000      0.000      0.000       0.000       0.000       0.000       0.000       0.000       0.000    
    75600.   17.11401918   17.1416   0.000       0.000      0.7585E-05   0.000     0.2940E-02-0.2947E-02  0.000      0.000      0.000      0.000       0.000       0.000       0.000       0.000       0.000       0.000    
    79200.   17.24452221   17.1497   0.000       0.000     -0.2606E-04   0.000     0.5003E-02-0.4977E-02  0.000      0.000      0.000      0.000       0.000       0.000       0.000       0.000       0.000       0.000    
    82800.   17.29082652   17.1584   0.000       0.000     -0.3642E-04   0.000     0.4918E-02-0.4881E-02  0.000      0.000      0.000      0.000       0.000       0.000       0.000       0.000       0.000       0.000    
    86400.   17.33331542   17.1677   0.000       0.000     -0.4555E-04   0.000     0.4937E-02-0.4891E-02  0.000      0.000      0.000      0.000       0.000       0.000       0.000       0.000       0.000       0.000    
    90000.   17.50096881   17.1812   0.000       0.000     -0.8794E-04   0.000     0.6647E-02-0.6559E-02  0.000      0.000      0.000      0.000       0.000       0.000       0.000       0.000       0.000       0.000    
    93600.   17.89756545   17.2045   0.000       0.000     -0.1906E-03   0.000     0.1058E-01-0.1038E-01  0.000      0.000      0.000      0.000       0.000       0.000       0.000       0.000       0.000       0.000    
    97200.   17.86751218   17.2242   0.000       0.000     -0.1769E-03   0.000     0.7337E-02-0.7160E-02  0.000      0.000      0.000      0.000       0.000       0.000       0.000       0.000       0.000       0.000    
   100800.   17.61811480   17.2360   0.000       0.000     -0.1051E-03   0.000     0.3285E-02-0.3180E-02  0.000      0.000      0.000      0.000       0.000       0.000       0.000       0.000       0.000       0.000    
   104400.   17.44397296   17.2440   0.000       0.000     -0.5500E-04   0.000     0.2232E-02-0.2177E-02  0.000      0.000      0.000      0.000       0.000       0.000       0.000       0.000       0.000       0.000    
   108000.   17.34512772   17.2502   0.000       0.000     -0.2610E-04   0.000     0.2386E-02-0.2360E-02  0.000      0.000      0.000      0.000       0.000       0.000       0.000       0.000       0.000       0.000    
   111600.   17.23336418   17.2540   0.000       0.000      0.5685E-05   0.000     0.2003E-02-0.2009E-02  0.000      0.000      0.000      0.000       0.000       0.000       0.000       0.000       0.000       0.000    
   115200.   17.13486243   17.2559   0.000       0.000      0.3328E-04   0.000     0.1753E-02-0.1786E-02  0.000      0.000      0.000      0.000       0.000       0.000       0.000       0.000       0.000       0.000    
   118800.   17.05485067   17.2562   0.000       0.000      0.5536E-04   0.000     0.1655E-02-0.1710E-02  0.000      0.000      0.000      0.000       0.000       0.000       0.000       0.000       0.000       0.000    
   122400.   17.03491340   17.2566   0.000       0.000      0.6095E-04   0.000     0.2196E-02-0.2257E-02  0.000      0.000      0.000      0.000       0.000       0.000       0.000       0.000       0.000       0.000    
   126000.   16.97621218   17.2556   0.000       0.000      0.7682E-04   0.000     0.1828E-02-0.1905E-02  0.000      0.000      0.000      0.000       0.000       0.000       0.000       0.000       0.000       0.000    
   129600.   17.05020161   17.2571   0.000       0.000      0.5689E-04   0.000     0.3278E-02-0.3335E-02  0.000      0.000      0.000      0.000       0.000       0.000       0.000       0.000       0.000       0.000    
   133200.   17.00762254   17.2570   0.000       0.000      0.6859E-04   0.000     0.2441E-02-0.2510E-02  0.000      0.000      0.000      0.000       0.000       0.000       0.000       0.000       0.000       0.000    
   136800.   16.98247477   17.2565   0.000       0.000      0.7536E-04   0.000     0.2282E-02-0.2358E-02  0.000      0.000      0.000      0.000       0.000       0.000       0.000       0.000       0.000       0.000    
   140400.   16.93140085   17.2547   0.000       0.000      0.8891E-04   0.000     0.1834E-02-0.1923E-02  0.000      0.000      0.000      0.000       0.000       0.000       0.000       0.000       0.000       0.000    
   144000.   16.90806199   17.2526   0.000       0.000      0.9475E-04   0.000     0.1919E-02-0.2014E-02  0.000      0.000      0.000      0.000       0.000       0.000       0.000       0.000       0.000       0.000    
   147600.   16.89286282   17.2504   0.000       0.000      0.9831E-04   0.000     0.2001E-02-0.2099E-02  0.000      0.000      0.000      0.000       0.000       0.000       0.000       0.000       0.000       0.000    
   151200.   16.88256703   17.2480   0.000       0.000      0.1005E-03   0.000     0.2060E-02-0.2161E-02  0.000      0.000      0.000      0.000       0.000       0.000       0.000       0.000       0.000       0.000    
   154800.   16.87546408   17.2456   0.000       0.000      0.1018E-03   0.000     0.2104E-02-0.2206E-02  0.000      0.000      0.000      0.000       0.000       0.000       0.000       0.000       0.000       0.000    
   158400.   16.89620378   17.2438   0.000       0.000      0.9559E-04   0.000     0.2470E-02-0.2566E-02  0.000      0.000      0.000      0.000       0.000       0.000       0.000       0.000       0.000       0.000    
   162000.   17.00605534   17.2451   0.000       0.000      0.6574E-04   0.000     0.3803E-02-0.3869E-02  0.000      0.000      0.000      0.000       0.000       0.000       0.000       0.000       0.000       0.000    
   165600.   17.02505350   17.2463   0.000       0.000      0.6084E-04   0.000     0.3354E-02-0.3415E-02  0.000      0.000      0.000      0.000       0.000       0.000       0.000       0.000       0.000       0.000    
   169200.   16.95341290   17.2452   0.000       0.000      0.8023E-04   0.000     0.2075E-02-0.2155E-02  0.000      0.000      0.000      0.000       0.000       0.000       0.000       0.000       0.000       0.000    
   172800.   16.91787873   17.2434   0.000       0.000      0.8952E-04   0.000     0.1934E-02-0.2024E-02  0.000      0.000      0.000      0.000       0.000       0.000       0.000       0.000       0.000       0.000    
