TOTIM (T)      HCON          HMAT      QDIR      QWELL        QMAT       QCADS      QTUB1      QTUB2      QTUB3      QTUB4      QTUB5      QTUB6       NSTOR        QFIX        QLH     FHLQ (LQ)        CAUCHY   CAUCHY (LQ)
     3600.   16.86898834   17.3684   0.000       0.000      0.1373E-03   0.000     0.8447E-03-0.9820E-03  0.000      0.000      0.000      0.000       0.000       0.000       0.000       0.000       0.000       0.000    
     7200.   16.84345417   17.3676   0.000       0.000      0.1442E-03   0.000     0.3793E-03-0.5235E-03  0.000      0.000      0.000      0.000       0.000       0.000       0.000       0.000       0.000       0.000    
    10800.   16.83340314   17.3668   0.000       0.000      0.1467E-03   0.000     0.3565E-03-0.5031E-03  0.000      0.000      0.000      0.000       0.000       0.000       0.000       0.000       0.000       0.000    
    14400.   16.82702272   17.3659   0.000       0.000      0.1482E-03   0.000     0.3595E-03-0.5076E-03  0.000      0.000      0.000      0.000       0.000       0.000       0.000       0.000       0.000       0.000    
    18000.   16.82263157   17.3649   0.000       0.000      0.1491E-03   0.000     0.3648E-03-0.5139E-03  0.000      0.000      0.000      0.000       0.000       0.000       0.000       0.000       0.000       0.000    
    21600.   16.81955323   17.3639   0.000       0.000      0.1497E-03   0.000     0.3705E-03-0.5202E-03  0.000      0.000      0.000      0.000       0.000       0.000       0.000       0.000       0.000       0.000    
    25200.   16.81740889   17.3629   0.000       0.000      0.1500E-03   0.000     0.3762E-03-0.5262E-03  0.000      0.000      0.000      0.000       0.000       0.000       0.000       0.000       0.000       0.000    
    28800.   16.81583532   17.3619   0.000       0.000      0.1502E-03   0.000     0.3822E-03-0.5324E-03  0.000      0.000      0.000      0.000       0.000       0.000       0.000       0.000       0.000       0.000    
    32400.   16.81470860   17.3609   0.000       0.000      0.1502E-03   0.000     0.3880E-03-0.5382E-03  0.000      0.000      0.000      0.000       0.000       0.000       0.000       0.000       0.000       0.000    
    36000.   16.81381920   17.3599   0.000       0.000      0.1502E-03   0.000     0.3940E-03-0.5441E-03  0.000      0.000      0.000      0.000       0.000       0.000       0.000       0.000       0.000       0.000    
    39600.   16.81309216   17.3589   0.000       0.000      0.1501E-03   0.000     0.3999E-03-0.5500E-03  0.000      0.000      0.000      0.000       0.000       0.000       0.000       0.000       0.000       0.000    
    43200.   16.83813479   17.3586   0.000       0.000      0.1431E-03   0.000     0.8706E-03-0.1014E-02  0.000      0.000      0.000      0.000       0.000       0.000       0.000       0.000       0.000       0.000    
    46800.   16.84774033   17.3585   0.000       0.000      0.1404E-03   0.000     0.8992E-03-0.1040E-02  0.000      0.000      0.000      0.000       0.000       0.000       0.000       0.000       0.000       0.000    
    50400.   16.82807708   17.3577   0.000       0.000      0.1456E-03   0.000     0.4368E-03-0.5825E-03  0.000      0.000      0.000      0.000       0.000       0.000       0.000       0.000       0.000       0.000    
    54000.   16.84764175   17.3576   0.000       0.000      0.1402E-03   0.000     0.8790E-03-0.1019E-02  0.000      0.000      0.000      0.000       0.000       0.000       0.000       0.000       0.000       0.000    
    57600.   16.91851793   17.3593   0.000       0.000      0.1212E-03   0.000     0.2066E-02-0.2187E-02  0.000      0.000      0.000      0.000       0.000       0.000       0.000       0.000       0.000       0.000    
    61200.   17.14148436   17.3669   0.000       0.000      0.6200E-04   0.000     0.5608E-02-0.5670E-02  0.000      0.000      0.000      0.000       0.000       0.000       0.000       0.000       0.000       0.000    
    64800.   17.18536484   17.3743   0.000       0.000      0.5196E-04   0.000     0.4844E-02-0.4896E-02  0.000      0.000      0.000      0.000       0.000       0.000       0.000       0.000       0.000       0.000    
    68400.   17.21391368   17.3818   0.000       0.000      0.4616E-04   0.000     0.4529E-02-0.4575E-02  0.000      0.000      0.000      0.000       0.000       0.000       0.000       0.000       0.000       0.000    
    72000.   17.17373466   17.3877   0.000       0.000      0.5883E-04   0.000     0.3309E-02-0.3368E-02  0.000      0.000      0.000      0.000       0.000       0.000       0.000       0.000       0.000       0.000    
    75600.   17.11402117   17.3919   0.000       0.000      0.7641E-04   0.000     0.2277E-02-0.2353E-02  0.000      0.000      0.000      0.000       0.000       0.000       0.000       0.000       0.000       0.000    
    79200.   17.24452591   17.4000   0.000       0.000      0.4276E-04   0.000     0.4980E-02-0.5022E-02  0.000      0.000      0.000      0.000       0.000       0.000       0.000       0.000       0.000       0.000    
    82800.   17.29083023   17.4087   0.000       0.000      0.3241E-04   0.000     0.5091E-02-0.5123E-02  0.000      0.000      0.000      0.000       0.000       0.000       0.000       0.000       0.000       0.000    
    86400.   17.33331919   17.4180   0.000       0.000      0.2328E-04   0.000     0.5283E-02-0.5307E-02  0.000      0.000      0.000      0.000       0.000       0.000       0.000       0.000       0.000       0.000    
    90000.   17.50100709   17.4315   0.000       0.000     -0.1912E-04   0.000     0.7799E-02-0.7780E-02  0.000      0.000      0.000      0.000       0.000       0.000       0.000       0.000       0.000       0.000    
    93600.   17.89767729   17.4548   0.000       0.000     -0.1218E-03   0.000     0.1368E-01-0.1356E-01  0.000      0.000      0.000      0.000       0.000       0.000       0.000       0.000       0.000       0.000    
    97200.   17.86757078   17.4745   0.000       0.000     -0.1081E-03   0.000     0.1018E-01-0.1007E-01  0.000      0.000      0.000      0.000       0.000       0.000       0.000       0.000       0.000       0.000    
   100800.   17.61812728   17.4864   0.000       0.000     -0.3624E-04   0.000     0.4762E-02-0.4726E-02  0.000      0.000      0.000      0.000       0.000       0.000       0.000       0.000       0.000       0.000    
   104400.   17.44397627   17.4943   0.000       0.000      0.1384E-04   0.000     0.2757E-02-0.2771E-02  0.000      0.000      0.000      0.000       0.000       0.000       0.000       0.000       0.000       0.000    
   108000.   17.34513086   17.5005   0.000       0.000      0.4274E-04   0.000     0.2363E-02-0.2405E-02  0.000      0.000      0.000      0.000       0.000       0.000       0.000       0.000       0.000       0.000    
   111600.   17.23336599   17.5044   0.000       0.000      0.7453E-04   0.000     0.1375E-02-0.1450E-02  0.000      0.000      0.000      0.000       0.000       0.000       0.000       0.000       0.000       0.000    
   115200.   17.13486372   17.5062   0.000       0.000      0.1021E-03   0.000     0.6008E-03-0.7029E-03  0.000      0.000      0.000      0.000       0.000       0.000       0.000       0.000       0.000       0.000    
   118800.   17.05485169   17.5065   0.000       0.000      0.1242E-03   0.000     0.8299E-04-0.2072E-03  0.000      0.000      0.000      0.000       0.000       0.000       0.000       0.000       0.000       0.000    
   122400.   17.03491508   17.5069   0.000       0.000      0.1298E-03   0.000     0.5182E-03-0.6480E-03  0.000      0.000      0.000      0.000       0.000       0.000       0.000       0.000       0.000       0.000    
   126000.   16.97621326   17.5059   0.000       0.000      0.1457E-03   0.000    -0.1521E-03 0.6394E-05  0.000      0.000      0.000      0.000       0.000       0.000       0.000       0.000       0.000       0.000    
   129600.   17.05020504   17.5074   0.000       0.000      0.1257E-03   0.000     0.1677E-02-0.1803E-02  0.000      0.000      0.000      0.000       0.000       0.000       0.000       0.000       0.000       0.000    
   133200.   17.00762451   17.5074   0.000       0.000      0.1374E-03   0.000     0.6175E-03-0.7550E-03  0.000      0.000      0.000      0.000       0.000       0.000       0.000       0.000       0.000       0.000    
   136800.   16.98247646   17.5069   0.000       0.000      0.1442E-03   0.000     0.3298E-03-0.4740E-03  0.000      0.000      0.000      0.000       0.000       0.000       0.000       0.000       0.000       0.000    
   140400.   16.93140185   17.5051   0.000       0.000      0.1578E-03   0.000    -0.3758E-03 0.2180E-03  0.000      0.000      0.000      0.000       0.000       0.000       0.000       0.000       0.000       0.000    
   144000.   16.90806306   17.5030   0.000       0.000      0.1636E-03   0.000    -0.4024E-03 0.2388E-03  0.000      0.000      0.000      0.000       0.000       0.000       0.000       0.000       0.000       0.000    
   147600.   16.89286397   17.5008   0.000       0.000      0.1672E-03   0.000    -0.3880E-03 0.2208E-03  0.000      0.000      0.000      0.000       0.000       0.000       0.000       0.000       0.000       0.000    
   151200.   16.88256825   17.4984   0.000       0.000      0.1694E-03   0.000    -0.3702E-03 0.2008E-03  0.000      0.000      0.000      0.000       0.000       0.000       0.000       0.000       0.000       0.000    
   154800.   16.87546533   17.4960   0.000       0.000      0.1706E-03   0.000    -0.3513E-03 0.1806E-03  0.000      0.000      0.000      0.000       0.000       0.000       0.000       0.000       0.000       0.000    
   158400.   16.89620560   17.4942   0.000       0.000      0.1645E-03   0.000     0.1327E-03-0.2972E-03  0.000      0.000      0.000      0.000       0.000       0.000       0.000       0.000       0.000       0.000    
   162000.   17.00605968   17.4955   0.000       0.000      0.1346E-03   0.000     0.2033E-02-0.2167E-02  0.000      0.000      0.000      0.000       0.000       0.000       0.000       0.000       0.000       0.000    
   165600.   17.02505703   17.4967   0.000       0.000      0.1297E-03   0.000     0.1676E-02-0.1806E-02  0.000      0.000      0.000      0.000       0.000       0.000       0.000       0.000       0.000       0.000    
   169200.   16.95341428   17.4956   0.000       0.000      0.1491E-03   0.000     0.2870E-04-0.1778E-03  0.000      0.000      0.000      0.000       0.000       0.000       0.000       0.000       0.000       0.000    
   172800.   16.91787986   17.4938   0.000       0.000      0.1584E-03   0.000    -0.2885E-03 0.1301E-03  0.000      0.000      0.000      0.000       0.000       0.000       0.000       0.000       0.000       0.000    
