TOTIM (T)      HCON          HMAT      QDIR      QWELL        QMAT       QCADS      QTUB1      QTUB2      QTUB3      QTUB4      QTUB5      QTUB6       NSTOR        QFIX        QLH     FHLQ (LQ)        CAUCHY   CAUCHY (LQ)
     3600.   16.86898737   17.0739   0.000       0.000      0.5636E-04   0.000    -0.2509E-02 0.2453E-02  0.000      0.000      0.000      0.000       0.000       0.000       0.000       0.000       0.000       0.000    
     7200.   16.84345342   17.0732   0.000       0.000      0.6319E-04   0.000    -0.2153E-02 0.2090E-02  0.000      0.000      0.000      0.000       0.000       0.000       0.000       0.000       0.000       0.000    
    10800.   16.83340239   17.0724   0.000       0.000      0.6572E-04   0.000    -0.2171E-02 0.2105E-02  0.000      0.000      0.000      0.000       0.000       0.000       0.000       0.000       0.000       0.000    
    14400.   16.82702196   17.0715   0.000       0.000      0.6722E-04   0.000    -0.2198E-02 0.2131E-02  0.000      0.000      0.000      0.000       0.000       0.000       0.000       0.000       0.000       0.000    
    18000.   16.82263081   17.0705   0.000       0.000      0.6816E-04   0.000    -0.2218E-02 0.2150E-02  0.000      0.000      0.000      0.000       0.000       0.000       0.000       0.000       0.000       0.000    
    21600.   16.81955246   17.0695   0.000       0.000      0.6874E-04   0.000    -0.2233E-02 0.2164E-02  0.000      0.000      0.000      0.000       0.000       0.000       0.000       0.000       0.000       0.000    
    25200.   16.81740812   17.0685   0.000       0.000      0.6905E-04   0.000    -0.2244E-02 0.2175E-02  0.000      0.000      0.000      0.000       0.000       0.000       0.000       0.000       0.000       0.000    
    28800.   16.81583454   17.0675   0.000       0.000      0.6920E-04   0.000    -0.2252E-02 0.2183E-02  0.000      0.000      0.000      0.000       0.000       0.000       0.000       0.000       0.000       0.000    
    32400.   16.81470782   17.0665   0.000       0.000      0.6923E-04   0.000    -0.2259E-02 0.2189E-02  0.000      0.000      0.000      0.000       0.000       0.000       0.000       0.000       0.000       0.000    
    36000.   16.81381841   17.0655   0.000       0.000      0.6920E-04   0.000    -0.2264E-02 0.2195E-02  0.000      0.000      0.000      0.000       0.000       0.000       0.000       0.000       0.000       0.000    
    39600.   16.81309137   17.0645   0.000       0.000      0.6912E-04   0.000    -0.2269E-02 0.2200E-02  0.000      0.000      0.000      0.000       0.000       0.000       0.000       0.000       0.000       0.000    
    43200.   16.83813377   17.0642   0.000       0.000      0.6216E-04   0.000    -0.2628E-02 0.2566E-02  0.000      0.000      0.000      0.000       0.000       0.000       0.000       0.000       0.000       0.000    
    46800.   16.84773931   17.0640   0.000       0.000      0.5948E-04   0.000    -0.2614E-02 0.2554E-02  0.000      0.000      0.000      0.000       0.000       0.000       0.000       0.000       0.000       0.000    
    50400.   16.82807629   17.0633   0.000       0.000      0.6468E-04   0.000    -0.2235E-02 0.2170E-02  0.000      0.000      0.000      0.000       0.000       0.000       0.000       0.000       0.000       0.000    
    54000.   16.84764074   17.0632   0.000       0.000      0.5927E-04   0.000    -0.2590E-02 0.2531E-02  0.000      0.000      0.000      0.000       0.000       0.000       0.000       0.000       0.000       0.000    
    57600.   16.91851635   17.0649   0.000       0.000      0.4026E-04   0.000    -0.3473E-02 0.3433E-02  0.000      0.000      0.000      0.000       0.000       0.000       0.000       0.000       0.000       0.000    
    61200.   17.14148111   17.0725   0.000       0.000     -0.1896E-04   0.000    -0.6068E-02 0.6087E-02  0.000      0.000      0.000      0.000       0.000       0.000       0.000       0.000       0.000       0.000    
    64800.   17.18536206   17.0799   0.000       0.000     -0.2901E-04   0.000    -0.5143E-02 0.5172E-02  0.000      0.000      0.000      0.000       0.000       0.000       0.000       0.000       0.000       0.000    
    68400.   17.21391110   17.0874   0.000       0.000     -0.3480E-04   0.000    -0.4735E-02 0.4770E-02  0.000      0.000      0.000      0.000       0.000       0.000       0.000       0.000       0.000       0.000    
    72000.   17.17373269   17.0932   0.000       0.000     -0.2213E-04   0.000    -0.3717E-02 0.3740E-02  0.000      0.000      0.000      0.000       0.000       0.000       0.000       0.000       0.000       0.000    
    75600.   17.11401969   17.0975   0.000       0.000     -0.4553E-05   0.000    -0.2967E-02 0.2971E-02  0.000      0.000      0.000      0.000       0.000       0.000       0.000       0.000       0.000       0.000    
    79200.   17.24452309   17.1056   0.000       0.000     -0.3820E-04   0.000    -0.5131E-02 0.5170E-02  0.000      0.000      0.000      0.000       0.000       0.000       0.000       0.000       0.000       0.000    
    82800.   17.29082740   17.1143   0.000       0.000     -0.4855E-04   0.000    -0.5077E-02 0.5126E-02  0.000      0.000      0.000      0.000       0.000       0.000       0.000       0.000       0.000       0.000    
    86400.   17.33331630   17.1236   0.000       0.000     -0.5768E-04   0.000    -0.5123E-02 0.5181E-02  0.000      0.000      0.000      0.000       0.000       0.000       0.000       0.000       0.000       0.000    
    90000.   17.50097589   17.1370   0.000       0.000     -0.1001E-03   0.000    -0.6961E-02 0.7061E-02  0.000      0.000      0.000      0.000       0.000       0.000       0.000       0.000       0.000       0.000    
    93600.   17.89758799   17.1604   0.000       0.000     -0.2027E-03   0.000    -0.1120E-01 0.1140E-01  0.000      0.000      0.000      0.000       0.000       0.000       0.000       0.000       0.000       0.000    
    97200.   17.86752335   17.1800   0.000       0.000     -0.1891E-03   0.000    -0.7917E-02 0.8106E-02  0.000      0.000      0.000      0.000       0.000       0.000       0.000       0.000       0.000       0.000    
   100800.   17.61811673   17.1919   0.000       0.000     -0.1172E-03   0.000    -0.3650E-02 0.3768E-02  0.000      0.000      0.000      0.000       0.000       0.000       0.000       0.000       0.000       0.000    
   104400.   17.44397389   17.1999   0.000       0.000     -0.6713E-04   0.000    -0.2446E-02 0.2514E-02  0.000      0.000      0.000      0.000       0.000       0.000       0.000       0.000       0.000       0.000    
   108000.   17.34512873   17.2061   0.000       0.000     -0.3824E-04   0.000    -0.2514E-02 0.2553E-02  0.000      0.000      0.000      0.000       0.000       0.000       0.000       0.000       0.000       0.000    
   111600.   17.23336490   17.2099   0.000       0.000     -0.6447E-05   0.000    -0.2036E-02 0.2042E-02  0.000      0.000      0.000      0.000       0.000       0.000       0.000       0.000       0.000       0.000    
   115200.   17.13486298   17.2118   0.000       0.000      0.2114E-04   0.000    -0.1703E-02 0.1682E-02  0.000      0.000      0.000      0.000       0.000       0.000       0.000       0.000       0.000       0.000    
   118800.   17.05485115   17.2121   0.000       0.000      0.4323E-04   0.000    -0.1539E-02 0.1495E-02  0.000      0.000      0.000      0.000       0.000       0.000       0.000       0.000       0.000       0.000    
   122400.   17.03491420   17.2124   0.000       0.000      0.4882E-04   0.000    -0.2063E-02 0.2014E-02  0.000      0.000      0.000      0.000       0.000       0.000       0.000       0.000       0.000       0.000    
   126000.   16.97621274   17.2115   0.000       0.000      0.6469E-04   0.000    -0.1647E-02 0.1582E-02  0.000      0.000      0.000      0.000       0.000       0.000       0.000       0.000       0.000       0.000    
   129600.   17.05020331   17.2130   0.000       0.000      0.4476E-04   0.000    -0.3157E-02 0.3113E-02  0.000      0.000      0.000      0.000       0.000       0.000       0.000       0.000       0.000       0.000    
   133200.   17.00762350   17.2130   0.000       0.000      0.5647E-04   0.000    -0.2285E-02 0.2229E-02  0.000      0.000      0.000      0.000       0.000       0.000       0.000       0.000       0.000       0.000    
   136800.   16.98247561   17.2124   0.000       0.000      0.6323E-04   0.000    -0.2106E-02 0.2043E-02  0.000      0.000      0.000      0.000       0.000       0.000       0.000       0.000       0.000       0.000    
   140400.   16.93140140   17.2106   0.000       0.000      0.7679E-04   0.000    -0.1617E-02 0.1541E-02  0.000      0.000      0.000      0.000       0.000       0.000       0.000       0.000       0.000       0.000    
   144000.   16.90806258   17.2085   0.000       0.000      0.8263E-04   0.000    -0.1684E-02 0.1602E-02  0.000      0.000      0.000      0.000       0.000       0.000       0.000       0.000       0.000       0.000    
   147600.   16.89286346   17.2063   0.000       0.000      0.8619E-04   0.000    -0.1756E-02 0.1670E-02  0.000      0.000      0.000      0.000       0.000       0.000       0.000       0.000       0.000       0.000    
   151200.   16.88256771   17.2039   0.000       0.000      0.8837E-04   0.000    -0.1809E-02 0.1720E-02  0.000      0.000      0.000      0.000       0.000       0.000       0.000       0.000       0.000       0.000    
   154800.   16.87546478   17.2015   0.000       0.000      0.8966E-04   0.000    -0.1848E-02 0.1758E-02  0.000      0.000      0.000      0.000       0.000       0.000       0.000       0.000       0.000       0.000    
   158400.   16.89620474   17.1998   0.000       0.000      0.8348E-04   0.000    -0.2233E-02 0.2150E-02  0.000      0.000      0.000      0.000       0.000       0.000       0.000       0.000       0.000       0.000    
   162000.   17.00605758   17.2011   0.000       0.000      0.5363E-04   0.000    -0.3656E-02 0.3602E-02  0.000      0.000      0.000      0.000       0.000       0.000       0.000       0.000       0.000       0.000    
   165600.   17.02505527   17.2022   0.000       0.000      0.4873E-04   0.000    -0.3221E-02 0.3173E-02  0.000      0.000      0.000      0.000       0.000       0.000       0.000       0.000       0.000       0.000    
   169200.   16.95341361   17.2011   0.000       0.000      0.6813E-04   0.000    -0.1884E-02 0.1816E-02  0.000      0.000      0.000      0.000       0.000       0.000       0.000       0.000       0.000       0.000    
   172800.   16.91787934   17.1994   0.000       0.000      0.7742E-04   0.000    -0.1715E-02 0.1638E-02  0.000      0.000      0.000      0.000       0.000       0.000       0.000       0.000       0.000       0.000    
