TOTIM (T)      HCON          HMAT      QDIR      QWELL        QMAT       QCADS      QTUB1      QTUB2      QTUB3      QTUB4      QTUB5      QTUB6       NSTOR        QFIX        QLH     FHLQ (LQ)        CAUCHY   CAUCHY (LQ)
     3600.   16.86898824   17.1992   0.000       0.000      0.9082E-04   0.000    -0.3149E-03 0.2241E-03  0.000      0.000      0.000      0.000       0.000       0.000       0.000       0.000       0.000       0.000    
     7200.   16.84345411   17.1985   0.000       0.000      0.9764E-04   0.000    -0.2054E-03 0.1078E-03  0.000      0.000      0.000      0.000       0.000       0.000       0.000       0.000       0.000       0.000    
    10800.   16.83340308   17.1977   0.000       0.000      0.1002E-03   0.000    -0.2022E-03 0.1020E-03  0.000      0.000      0.000      0.000       0.000       0.000       0.000       0.000       0.000       0.000    
    14400.   16.82702266   17.1967   0.000       0.000      0.1017E-03   0.000    -0.2045E-03 0.1028E-03  0.000      0.000      0.000      0.000       0.000       0.000       0.000       0.000       0.000       0.000    
    18000.   16.82263152   17.1958   0.000       0.000      0.1026E-03   0.000    -0.2067E-03 0.1041E-03  0.000      0.000      0.000      0.000       0.000       0.000       0.000       0.000       0.000       0.000    
    21600.   16.81955318   17.1948   0.000       0.000      0.1032E-03   0.000    -0.2087E-03 0.1055E-03  0.000      0.000      0.000      0.000       0.000       0.000       0.000       0.000       0.000       0.000    
    25200.   16.81740884   17.1938   0.000       0.000      0.1035E-03   0.000    -0.2105E-03 0.1070E-03  0.000      0.000      0.000      0.000       0.000       0.000       0.000       0.000       0.000       0.000    
    28800.   16.81583527   17.1928   0.000       0.000      0.1037E-03   0.000    -0.2121E-03 0.1085E-03  0.000      0.000      0.000      0.000       0.000       0.000       0.000       0.000       0.000       0.000    
    32400.   16.81470855   17.1917   0.000       0.000      0.1037E-03   0.000    -0.2136E-03 0.1099E-03  0.000      0.000      0.000      0.000       0.000       0.000       0.000       0.000       0.000       0.000    
    36000.   16.81381914   17.1907   0.000       0.000      0.1037E-03   0.000    -0.2151E-03 0.1114E-03  0.000      0.000      0.000      0.000       0.000       0.000       0.000       0.000       0.000       0.000    
    39600.   16.81309210   17.1897   0.000       0.000      0.1036E-03   0.000    -0.2165E-03 0.1129E-03  0.000      0.000      0.000      0.000       0.000       0.000       0.000       0.000       0.000       0.000    
    43200.   16.83813469   17.1895   0.000       0.000      0.9661E-04   0.000    -0.3272E-03 0.2306E-03  0.000      0.000      0.000      0.000       0.000       0.000       0.000       0.000       0.000       0.000    
    46800.   16.84774023   17.1893   0.000       0.000      0.9394E-04   0.000    -0.3317E-03 0.2377E-03  0.000      0.000      0.000      0.000       0.000       0.000       0.000       0.000       0.000       0.000    
    50400.   16.82807702   17.1886   0.000       0.000      0.9913E-04   0.000    -0.2213E-03 0.1221E-03  0.000      0.000      0.000      0.000       0.000       0.000       0.000       0.000       0.000       0.000    
    54000.   16.84764165   17.1884   0.000       0.000      0.9372E-04   0.000    -0.3264E-03 0.2327E-03  0.000      0.000      0.000      0.000       0.000       0.000       0.000       0.000       0.000       0.000    
    57600.   16.91851771   17.1902   0.000       0.000      0.7472E-04   0.000    -0.6041E-03 0.5294E-03  0.000      0.000      0.000      0.000       0.000       0.000       0.000       0.000       0.000       0.000    
    61200.   17.14148381   17.1978   0.000       0.000      0.1549E-04   0.000    -0.1430E-02 0.1415E-02  0.000      0.000      0.000      0.000       0.000       0.000       0.000       0.000       0.000       0.000    
    64800.   17.18536436   17.2052   0.000       0.000      0.5447E-05   0.000    -0.1229E-02 0.1224E-02  0.000      0.000      0.000      0.000       0.000       0.000       0.000       0.000       0.000       0.000    
    68400.   17.21391323   17.2126   0.000       0.000     -0.3495E-06   0.000    -0.1145E-02 0.1145E-02  0.000      0.000      0.000      0.000       0.000       0.000       0.000       0.000       0.000       0.000    
    72000.   17.17373433   17.2185   0.000       0.000      0.1232E-04   0.000    -0.8524E-03 0.8401E-03  0.000      0.000      0.000      0.000       0.000       0.000       0.000       0.000       0.000       0.000    
    75600.   17.11402094   17.2227   0.000       0.000      0.2990E-04   0.000    -0.6120E-03 0.5821E-03  0.000      0.000      0.000      0.000       0.000       0.000       0.000       0.000       0.000       0.000    
    79200.   17.24452541   17.2309   0.000       0.000     -0.3750E-05   0.000    -0.1254E-02 0.1258E-02  0.000      0.000      0.000      0.000       0.000       0.000       0.000       0.000       0.000       0.000    
    82800.   17.29082972   17.2395   0.000       0.000     -0.1410E-04   0.000    -0.1272E-02 0.1286E-02  0.000      0.000      0.000      0.000       0.000       0.000       0.000       0.000       0.000       0.000    
    86400.   17.33331867   17.2488   0.000       0.000     -0.2323E-04   0.000    -0.1311E-02 0.1334E-02  0.000      0.000      0.000      0.000       0.000       0.000       0.000       0.000       0.000       0.000    
    90000.   17.50100125   17.2623   0.000       0.000     -0.6564E-04   0.000    -0.1897E-02 0.1963E-02  0.000      0.000      0.000      0.000       0.000       0.000       0.000       0.000       0.000       0.000    
    93600.   17.89765895   17.2857   0.000       0.000     -0.1683E-03   0.000    -0.4745E-02 0.4913E-02  0.000      0.000      0.000      0.000       0.000       0.000       0.000       0.000       0.000       0.000    
    97200.   17.86756062   17.3053   0.000       0.000     -0.1546E-03   0.000    -0.3484E-02 0.3639E-02  0.000      0.000      0.000      0.000       0.000       0.000       0.000       0.000       0.000       0.000    
   100800.   17.61812499   17.3172   0.000       0.000     -0.8275E-04   0.000    -0.1610E-02 0.1693E-02  0.000      0.000      0.000      0.000       0.000       0.000       0.000       0.000       0.000       0.000    
   104400.   17.44397547   17.3252   0.000       0.000     -0.3268E-04   0.000    -0.6696E-03 0.7023E-03  0.000      0.000      0.000      0.000       0.000       0.000       0.000       0.000       0.000       0.000    
   108000.   17.34513025   17.3314   0.000       0.000     -0.3778E-05   0.000    -0.5998E-03 0.6036E-03  0.000      0.000      0.000      0.000       0.000       0.000       0.000       0.000       0.000       0.000    
   111600.   17.23336585   17.3352   0.000       0.000      0.2801E-04   0.000    -0.3848E-03 0.3568E-03  0.000      0.000      0.000      0.000       0.000       0.000       0.000       0.000       0.000       0.000    
   115200.   17.13486365   17.3371   0.000       0.000      0.5560E-04   0.000    -0.2188E-03 0.1632E-03  0.000      0.000      0.000      0.000       0.000       0.000       0.000       0.000       0.000       0.000    
   118800.   17.05485167   17.3374   0.000       0.000      0.7769E-04   0.000    -0.1115E-03 0.3377E-04  0.000      0.000      0.000      0.000       0.000       0.000       0.000       0.000       0.000       0.000    
   122400.   17.03491502   17.3378   0.000       0.000      0.8328E-04   0.000    -0.2259E-03 0.1426E-03  0.000      0.000      0.000      0.000       0.000       0.000       0.000       0.000       0.000       0.000    
   126000.   16.97621326   17.3368   0.000       0.000      0.9916E-04   0.000    -0.7418E-04-0.2497E-04  0.000      0.000      0.000      0.000       0.000       0.000       0.000       0.000       0.000       0.000    
   129600.   17.05020486   17.3383   0.000       0.000      0.7922E-04   0.000    -0.5115E-03 0.4323E-03  0.000      0.000      0.000      0.000       0.000       0.000       0.000       0.000       0.000       0.000    
   133200.   17.00762443   17.3383   0.000       0.000      0.9093E-04   0.000    -0.2584E-03 0.1674E-03  0.000      0.000      0.000      0.000       0.000       0.000       0.000       0.000       0.000       0.000    
   136800.   16.98247641   17.3378   0.000       0.000      0.9770E-04   0.000    -0.1932E-03 0.9552E-04  0.000      0.000      0.000      0.000       0.000       0.000       0.000       0.000       0.000       0.000    
   140400.   16.93140187   17.3360   0.000       0.000      0.1113E-03   0.000    -0.3039E-04-0.8087E-04  0.000      0.000      0.000      0.000       0.000       0.000       0.000       0.000       0.000       0.000    
   144000.   16.90806308   17.3339   0.000       0.000      0.1171E-03   0.000    -0.2960E-04-0.8750E-04  0.000      0.000      0.000      0.000       0.000       0.000       0.000       0.000       0.000       0.000    
   147600.   16.89286399   17.3316   0.000       0.000      0.1207E-03   0.000    -0.3677E-04-0.8389E-04  0.000      0.000      0.000      0.000       0.000       0.000       0.000       0.000       0.000       0.000    
   151200.   16.88256826   17.3293   0.000       0.000      0.1228E-03   0.000    -0.4342E-04-0.7943E-04  0.000      0.000      0.000      0.000       0.000       0.000       0.000       0.000       0.000       0.000    
   154800.   16.87546535   17.3269   0.000       0.000      0.1241E-03   0.000    -0.4943E-04-0.7470E-04  0.000      0.000      0.000      0.000       0.000       0.000       0.000       0.000       0.000       0.000    
   158400.   16.89620556   17.3251   0.000       0.000      0.1180E-03   0.000    -0.1643E-03 0.4631E-04  0.000      0.000      0.000      0.000       0.000       0.000       0.000       0.000       0.000       0.000    
   162000.   17.00605947   17.3264   0.000       0.000      0.8810E-04   0.000    -0.6094E-03 0.5213E-03  0.000      0.000      0.000      0.000       0.000       0.000       0.000       0.000       0.000       0.000    
   165600.   17.02505685   17.3276   0.000       0.000      0.8321E-04   0.000    -0.5155E-03 0.4323E-03  0.000      0.000      0.000      0.000       0.000       0.000       0.000       0.000       0.000       0.000    
   169200.   16.95341426   17.3265   0.000       0.000      0.1026E-03   0.000    -0.1229E-03 0.2032E-04  0.000      0.000      0.000      0.000       0.000       0.000       0.000       0.000       0.000       0.000    
   172800.   16.91787987   17.3248   0.000       0.000      0.1119E-03   0.000    -0.5293E-04-0.5897E-04  0.000      0.000      0.000      0.000       0.000       0.000       0.000       0.000       0.000       0.000    
