TOTIM (T)      HCON          HMAT      QDIR      QWELL        QMAT       QCADS      QTUB1      QTUB2      QTUB3      QTUB4      QTUB5      QTUB6       NSTOR        QFIX        QLH     FHLQ (LQ)        CAUCHY   CAUCHY (LQ)
     3600.   16.86898838   17.3042   0.000       0.000      0.1197E-03   0.000    -0.8447E-03 0.7250E-03  0.000      0.000      0.000      0.000       0.000       0.000       0.000       0.000       0.000       0.000    
     7200.   16.84345418   17.3035   0.000       0.000      0.1265E-03   0.000    -0.3793E-03 0.2528E-03  0.000      0.000      0.000      0.000       0.000       0.000       0.000       0.000       0.000       0.000    
    10800.   16.83340315   17.3026   0.000       0.000      0.1290E-03   0.000    -0.3565E-03 0.2274E-03  0.000      0.000      0.000      0.000       0.000       0.000       0.000       0.000       0.000       0.000    
    14400.   16.82702273   17.3017   0.000       0.000      0.1305E-03   0.000    -0.3595E-03 0.2289E-03  0.000      0.000      0.000      0.000       0.000       0.000       0.000       0.000       0.000       0.000    
    18000.   16.82263159   17.3007   0.000       0.000      0.1315E-03   0.000    -0.3648E-03 0.2333E-03  0.000      0.000      0.000      0.000       0.000       0.000       0.000       0.000       0.000       0.000    
    21600.   16.81955325   17.2998   0.000       0.000      0.1321E-03   0.000    -0.3705E-03 0.2384E-03  0.000      0.000      0.000      0.000       0.000       0.000       0.000       0.000       0.000       0.000    
    25200.   16.81740891   17.2988   0.000       0.000      0.1324E-03   0.000    -0.3762E-03 0.2438E-03  0.000      0.000      0.000      0.000       0.000       0.000       0.000       0.000       0.000       0.000    
    28800.   16.81583534   17.2977   0.000       0.000      0.1325E-03   0.000    -0.3822E-03 0.2497E-03  0.000      0.000      0.000      0.000       0.000       0.000       0.000       0.000       0.000       0.000    
    32400.   16.81470862   17.2967   0.000       0.000      0.1326E-03   0.000    -0.3880E-03 0.2554E-03  0.000      0.000      0.000      0.000       0.000       0.000       0.000       0.000       0.000       0.000    
    36000.   16.81381922   17.2957   0.000       0.000      0.1325E-03   0.000    -0.3940E-03 0.2614E-03  0.000      0.000      0.000      0.000       0.000       0.000       0.000       0.000       0.000       0.000    
    39600.   16.81309218   17.2948   0.000       0.000      0.1325E-03   0.000    -0.3999E-03 0.2674E-03  0.000      0.000      0.000      0.000       0.000       0.000       0.000       0.000       0.000       0.000    
    43200.   16.83813483   17.2945   0.000       0.000      0.1255E-03   0.000    -0.8706E-03 0.7451E-03  0.000      0.000      0.000      0.000       0.000       0.000       0.000       0.000       0.000       0.000    
    46800.   16.84774037   17.2944   0.000       0.000      0.1228E-03   0.000    -0.8992E-03 0.7764E-03  0.000      0.000      0.000      0.000       0.000       0.000       0.000       0.000       0.000       0.000    
    50400.   16.82807710   17.2936   0.000       0.000      0.1280E-03   0.000    -0.4368E-03 0.3088E-03  0.000      0.000      0.000      0.000       0.000       0.000       0.000       0.000       0.000       0.000    
    54000.   16.84764179   17.2935   0.000       0.000      0.1226E-03   0.000    -0.8790E-03 0.7564E-03  0.000      0.000      0.000      0.000       0.000       0.000       0.000       0.000       0.000       0.000    
    57600.   16.91851802   17.2953   0.000       0.000      0.1036E-03   0.000    -0.2066E-02 0.1962E-02  0.000      0.000      0.000      0.000       0.000       0.000       0.000       0.000       0.000       0.000    
    61200.   17.14148461   17.3029   0.000       0.000      0.4440E-04   0.000    -0.5608E-02 0.5564E-02  0.000      0.000      0.000      0.000       0.000       0.000       0.000       0.000       0.000       0.000    
    64800.   17.18536505   17.3103   0.000       0.000      0.3436E-04   0.000    -0.4844E-02 0.4810E-02  0.000      0.000      0.000      0.000       0.000       0.000       0.000       0.000       0.000       0.000    
    68400.   17.21391388   17.3178   0.000       0.000      0.2857E-04   0.000    -0.4529E-02 0.4501E-02  0.000      0.000      0.000      0.000       0.000       0.000       0.000       0.000       0.000       0.000    
    72000.   17.17373480   17.3237   0.000       0.000      0.4124E-04   0.000    -0.3309E-02 0.3268E-02  0.000      0.000      0.000      0.000       0.000       0.000       0.000       0.000       0.000       0.000    
    75600.   17.11402127   17.3279   0.000       0.000      0.5882E-04   0.000    -0.2277E-02 0.2218E-02  0.000      0.000      0.000      0.000       0.000       0.000       0.000       0.000       0.000       0.000    
    79200.   17.24452613   17.3360   0.000       0.000      0.2516E-04   0.000    -0.4980E-02 0.4955E-02  0.000      0.000      0.000      0.000       0.000       0.000       0.000       0.000       0.000       0.000    
    82800.   17.29083045   17.3447   0.000       0.000      0.1481E-04   0.000    -0.5091E-02 0.5076E-02  0.000      0.000      0.000      0.000       0.000       0.000       0.000       0.000       0.000       0.000    
    86400.   17.33331942   17.3539   0.000       0.000      0.5668E-05   0.000    -0.5283E-02 0.5278E-02  0.000      0.000      0.000      0.000       0.000       0.000       0.000       0.000       0.000       0.000    
    90000.   17.50101000   17.3674   0.000       0.000     -0.3675E-04   0.000    -0.7799E-02 0.7836E-02  0.000      0.000      0.000      0.000       0.000       0.000       0.000       0.000       0.000       0.000    
    93600.   17.89768614   17.3906   0.000       0.000     -0.1394E-03   0.000    -0.1368E-01 0.1382E-01  0.000      0.000      0.000      0.000       0.000       0.000       0.000       0.000       0.000       0.000    
    97200.   17.86757571   17.4102   0.000       0.000     -0.1258E-03   0.000    -0.1018E-01 0.1030E-01  0.000      0.000      0.000      0.000       0.000       0.000       0.000       0.000       0.000       0.000    
   100800.   17.61812838   17.4220   0.000       0.000     -0.5395E-04   0.000    -0.4762E-02 0.4816E-02  0.000      0.000      0.000      0.000       0.000       0.000       0.000       0.000       0.000       0.000    
   104400.   17.44397665   17.4298   0.000       0.000     -0.3907E-05   0.000    -0.2757E-02 0.2761E-02  0.000      0.000      0.000      0.000       0.000       0.000       0.000       0.000       0.000       0.000    
   108000.   17.34513115   17.4358   0.000       0.000      0.2494E-04   0.000    -0.2363E-02 0.2338E-02  0.000      0.000      0.000      0.000       0.000       0.000       0.000       0.000       0.000       0.000    
   111600.   17.23336605   17.4395   0.000       0.000      0.5668E-04   0.000    -0.1375E-02 0.1318E-02  0.000      0.000      0.000      0.000       0.000       0.000       0.000       0.000       0.000       0.000    
   115200.   17.13486375   17.4411   0.000       0.000      0.8422E-04   0.000    -0.6008E-03 0.5166E-03  0.000      0.000      0.000      0.000       0.000       0.000       0.000       0.000       0.000       0.000    
   118800.   17.05485169   17.4412   0.000       0.000      0.1062E-03   0.000    -0.8299E-04-0.2326E-04  0.000      0.000      0.000      0.000       0.000       0.000       0.000       0.000       0.000       0.000    
   122400.   17.03491510   17.4413   0.000       0.000      0.1118E-03   0.000    -0.5182E-03 0.4064E-03  0.000      0.000      0.000      0.000       0.000       0.000       0.000       0.000       0.000       0.000    
   126000.   16.97621326   17.4401   0.000       0.000      0.1276E-03   0.000     0.1521E-03-0.2796E-03  0.000      0.000      0.000      0.000       0.000       0.000       0.000       0.000       0.000       0.000    
   129600.   17.05020511   17.4413   0.000       0.000      0.1076E-03   0.000    -0.1677E-02 0.1570E-02  0.000      0.000      0.000      0.000       0.000       0.000       0.000       0.000       0.000       0.000    
   133200.   17.00762454   17.4410   0.000       0.000      0.1192E-03   0.000    -0.6175E-03 0.4984E-03  0.000      0.000      0.000      0.000       0.000       0.000       0.000       0.000       0.000       0.000    
   136800.   16.98247648   17.4402   0.000       0.000      0.1259E-03   0.000    -0.3298E-03 0.2039E-03  0.000      0.000      0.000      0.000       0.000       0.000       0.000       0.000       0.000       0.000    
   140400.   16.93140183   17.4380   0.000       0.000      0.1393E-03   0.000     0.3758E-03-0.5151E-03  0.000      0.000      0.000      0.000       0.000       0.000       0.000       0.000       0.000       0.000    
   144000.   16.90806304   17.4356   0.000       0.000      0.1451E-03   0.000     0.4024E-03-0.5475E-03  0.000      0.000      0.000      0.000       0.000       0.000       0.000       0.000       0.000       0.000    
   147600.   16.89286396   17.4330   0.000       0.000      0.1485E-03   0.000     0.3880E-03-0.5365E-03  0.000      0.000      0.000      0.000       0.000       0.000       0.000       0.000       0.000       0.000    
   151200.   16.88256823   17.4303   0.000       0.000      0.1506E-03   0.000     0.3702E-03-0.5208E-03  0.000      0.000      0.000      0.000       0.000       0.000       0.000       0.000       0.000       0.000    
   154800.   16.87546532   17.4275   0.000       0.000      0.1518E-03   0.000     0.3513E-03-0.5031E-03  0.000      0.000      0.000      0.000       0.000       0.000       0.000       0.000       0.000       0.000    
   158400.   16.89620560   17.4254   0.000       0.000      0.1455E-03   0.000    -0.1327E-03-0.1279E-04  0.000      0.000      0.000      0.000       0.000       0.000       0.000       0.000       0.000       0.000    
   162000.   17.00605977   17.4263   0.000       0.000      0.1156E-03   0.000    -0.2033E-02 0.1917E-02  0.000      0.000      0.000      0.000       0.000       0.000       0.000       0.000       0.000       0.000    
   165600.   17.02505711   17.4271   0.000       0.000      0.1106E-03   0.000    -0.1676E-02 0.1566E-02  0.000      0.000      0.000      0.000       0.000       0.000       0.000       0.000       0.000       0.000    
   169200.   16.95341428   17.4256   0.000       0.000      0.1299E-03   0.000    -0.2870E-04-0.1012E-03  0.000      0.000      0.000      0.000       0.000       0.000       0.000       0.000       0.000       0.000    
   172800.   16.91787984   17.4235   0.000       0.000      0.1390E-03   0.000     0.2885E-03-0.4275E-03  0.000      0.000      0.000      0.000       0.000       0.000       0.000       0.000       0.000       0.000    
