TOTIM (T)      HCON          HMAT      QDIR      QWELL        QMAT       QCADS      QTUB1      QTUB2      QTUB3      QTUB4      QTUB5      QTUB6       NSTOR        QFIX        QLH     FHLQ (LQ)        CAUCHY   CAUCHY (LQ)
     3600.   16.86898816   16.9787   0.000       0.000      0.3018E-04   0.000     0.2085E-02-0.2115E-02  0.000      0.000      0.000      0.000       0.000       0.000       0.000       0.000       0.000       0.000    
     7200.   16.84345399   16.9780   0.000       0.000      0.3700E-04   0.000     0.1760E-02-0.1797E-02  0.000      0.000      0.000      0.000       0.000       0.000       0.000       0.000       0.000       0.000    
    10800.   16.83340297   16.9772   0.000       0.000      0.3953E-04   0.000     0.1783E-02-0.1822E-02  0.000      0.000      0.000      0.000       0.000       0.000       0.000       0.000       0.000       0.000    
    14400.   16.82702255   16.9762   0.000       0.000      0.4103E-04   0.000     0.1813E-02-0.1854E-02  0.000      0.000      0.000      0.000       0.000       0.000       0.000       0.000       0.000       0.000    
    18000.   16.82263142   16.9753   0.000       0.000      0.4197E-04   0.000     0.1835E-02-0.1877E-02  0.000      0.000      0.000      0.000       0.000       0.000       0.000       0.000       0.000       0.000    
    21600.   16.81955308   16.9743   0.000       0.000      0.4255E-04   0.000     0.1850E-02-0.1893E-02  0.000      0.000      0.000      0.000       0.000       0.000       0.000       0.000       0.000       0.000    
    25200.   16.81740874   16.9733   0.000       0.000      0.4286E-04   0.000     0.1862E-02-0.1904E-02  0.000      0.000      0.000      0.000       0.000       0.000       0.000       0.000       0.000       0.000    
    28800.   16.81583517   16.9722   0.000       0.000      0.4301E-04   0.000     0.1870E-02-0.1913E-02  0.000      0.000      0.000      0.000       0.000       0.000       0.000       0.000       0.000       0.000    
    32400.   16.81470845   16.9712   0.000       0.000      0.4304E-04   0.000     0.1876E-02-0.1919E-02  0.000      0.000      0.000      0.000       0.000       0.000       0.000       0.000       0.000       0.000    
    36000.   16.81381905   16.9702   0.000       0.000      0.4301E-04   0.000     0.1881E-02-0.1924E-02  0.000      0.000      0.000      0.000       0.000       0.000       0.000       0.000       0.000       0.000    
    39600.   16.81309201   16.9692   0.000       0.000      0.4294E-04   0.000     0.1886E-02-0.1929E-02  0.000      0.000      0.000      0.000       0.000       0.000       0.000       0.000       0.000       0.000    
    43200.   16.83813464   16.9689   0.000       0.000      0.3597E-04   0.000     0.2213E-02-0.2249E-02  0.000      0.000      0.000      0.000       0.000       0.000       0.000       0.000       0.000       0.000    
    46800.   16.84774017   16.9688   0.000       0.000      0.3329E-04   0.000     0.2193E-02-0.2227E-02  0.000      0.000      0.000      0.000       0.000       0.000       0.000       0.000       0.000       0.000    
    50400.   16.82807691   16.9680   0.000       0.000      0.3849E-04   0.000     0.1842E-02-0.1881E-02  0.000      0.000      0.000      0.000       0.000       0.000       0.000       0.000       0.000       0.000    
    54000.   16.84764158   16.9679   0.000       0.000      0.3308E-04   0.000     0.2169E-02-0.2202E-02  0.000      0.000      0.000      0.000       0.000       0.000       0.000       0.000       0.000       0.000    
    57600.   16.91851775   16.9697   0.000       0.000      0.1408E-04   0.000     0.2969E-02-0.2983E-02  0.000      0.000      0.000      0.000       0.000       0.000       0.000       0.000       0.000       0.000    
    61200.   17.14154356   16.9773   0.000       0.000     -0.4517E-04   0.000     0.5311E-02-0.5265E-02  0.000      0.000      0.000      0.000       0.000       0.000       0.000       0.000       0.000       0.000    
    64800.   17.18540381   16.9847   0.000       0.000     -0.5520E-04   0.000     0.4405E-02-0.4349E-02  0.000      0.000      0.000      0.000       0.000       0.000       0.000       0.000       0.000       0.000    
    68400.   17.21394495   16.9921   0.000       0.000     -0.6100E-04   0.000     0.3996E-02-0.3935E-02  0.000      0.000      0.000      0.000       0.000       0.000       0.000       0.000       0.000       0.000    
    72000.   17.17375149   16.9980   0.000       0.000     -0.4833E-04   0.000     0.3051E-02-0.3002E-02  0.000      0.000      0.000      0.000       0.000       0.000       0.000       0.000       0.000       0.000    
    75600.   17.11403040   17.0022   0.000       0.000     -0.3074E-04   0.000     0.2372E-02-0.2341E-02  0.000      0.000      0.000      0.000       0.000       0.000       0.000       0.000       0.000       0.000    
    79200.   17.24456404   17.0104   0.000       0.000     -0.6440E-04   0.000     0.4362E-02-0.4298E-02  0.000      0.000      0.000      0.000       0.000       0.000       0.000       0.000       0.000       0.000    
    82800.   17.29086671   17.0190   0.000       0.000     -0.7475E-04   0.000     0.4289E-02-0.4215E-02  0.000      0.000      0.000      0.000       0.000       0.000       0.000       0.000       0.000       0.000    
    86400.   17.33335595   17.0283   0.000       0.000     -0.8388E-04   0.000     0.4310E-02-0.4227E-02  0.000      0.000      0.000      0.000       0.000       0.000       0.000       0.000       0.000       0.000    
    90000.   17.50104863   17.0418   0.000       0.000     -0.1263E-03   0.000     0.5966E-02-0.5840E-02  0.000      0.000      0.000      0.000       0.000       0.000       0.000       0.000       0.000       0.000    
    93600.   17.89775759   17.0652   0.000       0.000     -0.2290E-03   0.000     0.9775E-02-0.9546E-02  0.000      0.000      0.000      0.000       0.000       0.000       0.000       0.000       0.000       0.000    
    97200.   17.86759986   17.0848   0.000       0.000     -0.2153E-03   0.000     0.6674E-02-0.6459E-02  0.000      0.000      0.000      0.000       0.000       0.000       0.000       0.000       0.000       0.000    
   100800.   17.61812616   17.0967   0.000       0.000     -0.1434E-03   0.000     0.2754E-02-0.2610E-02  0.000      0.000      0.000      0.000       0.000       0.000       0.000       0.000       0.000       0.000    
   104400.   17.44397490   17.1046   0.000       0.000     -0.9332E-04   0.000     0.1714E-02-0.1621E-02  0.000      0.000      0.000      0.000       0.000       0.000       0.000       0.000       0.000       0.000    
   108000.   17.34512986   17.1109   0.000       0.000     -0.6442E-04   0.000     0.1849E-02-0.1785E-02  0.000      0.000      0.000      0.000       0.000       0.000       0.000       0.000       0.000       0.000    
   111600.   17.23336553   17.1147   0.000       0.000     -0.3263E-04   0.000     0.1471E-02-0.1438E-02  0.000      0.000      0.000      0.000       0.000       0.000       0.000       0.000       0.000       0.000    
   115200.   17.13486301   17.1165   0.000       0.000     -0.5040E-05   0.000     0.1220E-02-0.1215E-02  0.000      0.000      0.000      0.000       0.000       0.000       0.000       0.000       0.000       0.000    
   118800.   17.05485112   17.1168   0.000       0.000      0.1705E-04   0.000     0.1118E-02-0.1135E-02  0.000      0.000      0.000      0.000       0.000       0.000       0.000       0.000       0.000       0.000    
   122400.   17.03491428   17.1172   0.000       0.000      0.2264E-04   0.000     0.1635E-02-0.1658E-02  0.000      0.000      0.000      0.000       0.000       0.000       0.000       0.000       0.000       0.000    
   126000.   16.97621273   17.1163   0.000       0.000      0.3851E-04   0.000     0.1277E-02-0.1316E-02  0.000      0.000      0.000      0.000       0.000       0.000       0.000       0.000       0.000       0.000    
   129600.   17.05020337   17.1178   0.000       0.000      0.1858E-04   0.000     0.2675E-02-0.2694E-02  0.000      0.000      0.000      0.000       0.000       0.000       0.000       0.000       0.000       0.000    
   133200.   17.00762360   17.1178   0.000       0.000      0.3029E-04   0.000     0.1871E-02-0.1902E-02  0.000      0.000      0.000      0.000       0.000       0.000       0.000       0.000       0.000       0.000    
   136800.   16.98247569   17.1172   0.000       0.000      0.3706E-04   0.000     0.1714E-02-0.1751E-02  0.000      0.000      0.000      0.000       0.000       0.000       0.000       0.000       0.000       0.000    
   140400.   16.93140138   17.1155   0.000       0.000      0.5061E-04   0.000     0.1279E-02-0.1330E-02  0.000      0.000      0.000      0.000       0.000       0.000       0.000       0.000       0.000       0.000    
   144000.   16.90806258   17.1134   0.000       0.000      0.5646E-04   0.000     0.1357E-02-0.1414E-02  0.000      0.000      0.000      0.000       0.000       0.000       0.000       0.000       0.000       0.000    
   147600.   16.89286347   17.1111   0.000       0.000      0.6002E-04   0.000     0.1435E-02-0.1495E-02  0.000      0.000      0.000      0.000       0.000       0.000       0.000       0.000       0.000       0.000    
   151200.   16.88256773   17.1088   0.000       0.000      0.6220E-04   0.000     0.1491E-02-0.1554E-02  0.000      0.000      0.000      0.000       0.000       0.000       0.000       0.000       0.000       0.000    
   154800.   16.87546480   17.1064   0.000       0.000      0.6349E-04   0.000     0.1533E-02-0.1596E-02  0.000      0.000      0.000      0.000       0.000       0.000       0.000       0.000       0.000       0.000    
   158400.   16.89620481   17.1046   0.000       0.000      0.5732E-04   0.000     0.1887E-02-0.1944E-02  0.000      0.000      0.000      0.000       0.000       0.000       0.000       0.000       0.000       0.000    
   162000.   17.00605753   17.1059   0.000       0.000      0.2747E-04   0.000     0.3177E-02-0.3205E-02  0.000      0.000      0.000      0.000       0.000       0.000       0.000       0.000       0.000       0.000    
   165600.   17.02505534   17.1071   0.000       0.000      0.2257E-04   0.000     0.2751E-02-0.2774E-02  0.000      0.000      0.000      0.000       0.000       0.000       0.000       0.000       0.000       0.000    
   169200.   16.95341366   17.1060   0.000       0.000      0.4197E-04   0.000     0.1516E-02-0.1558E-02  0.000      0.000      0.000      0.000       0.000       0.000       0.000       0.000       0.000       0.000    
   172800.   16.91787935   17.1043   0.000       0.000      0.5126E-04   0.000     0.1375E-02-0.1426E-02  0.000      0.000      0.000      0.000       0.000       0.000       0.000       0.000       0.000       0.000    
