TOTIM (T)      HCON          HMAT      QDIR      QWELL        QMAT       QCADS      QTUB1      QTUB2      QTUB3      QTUB4      QTUB5      QTUB6       NSTOR        QFIX        QLH     FHLQ (LQ)        CAUCHY   CAUCHY (LQ)
     3600.   16.86898821   17.1547   0.000       0.000      0.7858E-04   0.000    -0.1391E-02 0.9257E-03 0.3867E-03  0.000      0.000      0.000       0.000       0.000       0.000       0.000       0.000       0.000    
     7200.   16.84345409   17.1540   0.000       0.000      0.8541E-04   0.000    -0.9667E-03 0.5972E-03 0.2840E-03  0.000      0.000      0.000       0.000       0.000       0.000       0.000       0.000       0.000    
    10800.   16.83340306   17.1532   0.000       0.000      0.8794E-04   0.000    -0.9590E-03 0.5876E-03 0.2834E-03  0.000      0.000      0.000       0.000       0.000       0.000       0.000       0.000       0.000    
    14400.   16.82702264   17.1523   0.000       0.000      0.8944E-04   0.000    -0.9710E-03 0.5944E-03 0.2871E-03  0.000      0.000      0.000       0.000       0.000       0.000       0.000       0.000       0.000    
    18000.   16.82263150   17.1513   0.000       0.000      0.9038E-04   0.000    -0.9819E-03 0.6012E-03 0.2903E-03  0.000      0.000      0.000       0.000       0.000       0.000       0.000       0.000       0.000    
    21600.   16.81955316   17.1503   0.000       0.000      0.9095E-04   0.000    -0.9911E-03 0.6072E-03 0.2929E-03  0.000      0.000      0.000       0.000       0.000       0.000       0.000       0.000       0.000    
    25200.   16.81740882   17.1493   0.000       0.000      0.9126E-04   0.000    -0.9987E-03 0.6124E-03 0.2950E-03  0.000      0.000      0.000       0.000       0.000       0.000       0.000       0.000       0.000    
    28800.   16.81583525   17.1482   0.000       0.000      0.9141E-04   0.000    -0.1006E-02 0.6174E-03 0.2968E-03  0.000      0.000      0.000       0.000       0.000       0.000       0.000       0.000       0.000    
    32400.   16.81470852   17.1472   0.000       0.000      0.9144E-04   0.000    -0.1012E-02 0.6218E-03 0.2983E-03  0.000      0.000      0.000       0.000       0.000       0.000       0.000       0.000       0.000    
    36000.   16.81381912   17.1462   0.000       0.000      0.9141E-04   0.000    -0.1017E-02 0.6262E-03 0.2997E-03  0.000      0.000      0.000       0.000       0.000       0.000       0.000       0.000       0.000    
    39600.   16.81309208   17.1452   0.000       0.000      0.9133E-04   0.000    -0.1023E-02 0.6304E-03 0.3010E-03  0.000      0.000      0.000       0.000       0.000       0.000       0.000       0.000       0.000    
    43200.   16.83813466   17.1449   0.000       0.000      0.8436E-04   0.000    -0.1452E-02 0.9626E-03 0.4048E-03  0.000      0.000      0.000       0.000       0.000       0.000       0.000       0.000       0.000    
    46800.   16.84774020   17.1448   0.000       0.000      0.8168E-04   0.000    -0.1464E-02 0.9760E-03 0.4066E-03  0.000      0.000      0.000       0.000       0.000       0.000       0.000       0.000       0.000    
    50400.   16.82807700   17.1440   0.000       0.000      0.8687E-04   0.000    -0.1033E-02 0.6448E-03 0.3014E-03  0.000      0.000      0.000       0.000       0.000       0.000       0.000       0.000       0.000    
    54000.   16.84764161   17.1438   0.000       0.000      0.8146E-04   0.000    -0.1443E-02 0.9601E-03 0.4011E-03  0.000      0.000      0.000       0.000       0.000       0.000       0.000       0.000       0.000    
    57600.   16.91851766   17.1456   0.000       0.000      0.6245E-04   0.000    -0.2516E-02 0.1793E-02 0.6598E-03  0.000      0.000      0.000       0.000       0.000       0.000       0.000       0.000       0.000    
    61200.   17.14148368   17.1532   0.000       0.000      0.3222E-05   0.000    -0.5703E-02 0.4272E-02 0.1427E-02  0.000      0.000      0.000       0.000       0.000       0.000       0.000       0.000       0.000    
    64800.   17.18536425   17.1606   0.000       0.000     -0.6816E-05   0.000    -0.4878E-02 0.3669E-02 0.1216E-02  0.000      0.000      0.000       0.000       0.000       0.000       0.000       0.000       0.000    
    68400.   17.21391313   17.1681   0.000       0.000     -0.1261E-04   0.000    -0.4528E-02 0.3416E-02 0.1126E-02  0.000      0.000      0.000       0.000       0.000       0.000       0.000       0.000       0.000    
    72000.   17.17373425   17.1740   0.000       0.000      0.6703E-07   0.000    -0.3384E-02 0.2538E-02 0.8457E-03  0.000      0.000      0.000       0.000       0.000       0.000       0.000       0.000       0.000    
    75600.   17.11402088   17.1782   0.000       0.000      0.1766E-04   0.000    -0.2457E-02 0.1817E-02 0.6229E-03  0.000      0.000      0.000       0.000       0.000       0.000       0.000       0.000       0.000    
    79200.   17.24452531   17.1864   0.000       0.000     -0.1598E-04   0.000    -0.4959E-02 0.3743E-02 0.1231E-02  0.000      0.000      0.000       0.000       0.000       0.000       0.000       0.000       0.000    
    82800.   17.29082961   17.1951   0.000       0.000     -0.2632E-04   0.000    -0.5008E-02 0.3796E-02 0.1238E-02  0.000      0.000      0.000       0.000       0.000       0.000       0.000       0.000       0.000    
    86400.   17.33331856   17.2045   0.000       0.000     -0.3543E-04   0.000    -0.5145E-02 0.3913E-02 0.1268E-02  0.000      0.000      0.000       0.000       0.000       0.000       0.000       0.000       0.000    
    90000.   17.50100109   17.2181   0.000       0.000     -0.7781E-04   0.000    -0.7407E-02 0.5672E-02 0.1812E-02  0.000      0.000      0.000       0.000       0.000       0.000       0.000       0.000       0.000    
    93600.   17.89765684   17.2415   0.000       0.000     -0.1804E-03   0.000    -0.1267E-01 0.8293E-02 0.4557E-02  0.000      0.000      0.000       0.000       0.000       0.000       0.000       0.000       0.000    
    97200.   17.86755947   17.2613   0.000       0.000     -0.1667E-03   0.000    -0.9253E-02 0.6109E-02 0.3311E-02  0.000      0.000      0.000       0.000       0.000       0.000       0.000       0.000       0.000    
   100800.   17.61812473   17.2733   0.000       0.000     -0.9482E-04   0.000    -0.4268E-02 0.2854E-02 0.1508E-02  0.000      0.000      0.000       0.000       0.000       0.000       0.000       0.000       0.000    
   104400.   17.44397542   17.2814   0.000       0.000     -0.4470E-04   0.000    -0.2563E-02 0.1990E-02 0.6179E-03  0.000      0.000      0.000       0.000       0.000       0.000       0.000       0.000       0.000    
   108000.   17.34513020   17.2878   0.000       0.000     -0.1576E-04   0.000    -0.2342E-02 0.1781E-02 0.5771E-03  0.000      0.000      0.000       0.000       0.000       0.000       0.000       0.000       0.000    
   111600.   17.23336582   17.2918   0.000       0.000      0.1608E-04   0.000    -0.1545E-02 0.1135E-02 0.3938E-03  0.000      0.000      0.000       0.000       0.000       0.000       0.000       0.000       0.000    
   115200.   17.13486363   17.2938   0.000       0.000      0.4372E-04   0.000    -0.9366E-03 0.6374E-03 0.2554E-03  0.000      0.000      0.000       0.000       0.000       0.000       0.000       0.000       0.000    
   118800.   17.05485165   17.2943   0.000       0.000      0.6585E-04   0.000    -0.5514E-03 0.3154E-03 0.1702E-03  0.000      0.000      0.000       0.000       0.000       0.000       0.000       0.000       0.000    
   122400.   17.03491499   17.2948   0.000       0.000      0.7148E-04   0.000    -0.1020E-02 0.6586E-03 0.2902E-03  0.000      0.000      0.000       0.000       0.000       0.000       0.000       0.000       0.000    
   126000.   16.97621325   17.2940   0.000       0.000      0.8740E-04   0.000    -0.4453E-03 0.2036E-03 0.1543E-03  0.000      0.000      0.000       0.000       0.000       0.000       0.000       0.000       0.000    
   129600.   17.05020481   17.2957   0.000       0.000      0.6750E-04   0.000    -0.2155E-02 0.1516E-02 0.5718E-03  0.000      0.000      0.000       0.000       0.000       0.000       0.000       0.000       0.000    
   133200.   17.00762441   17.2958   0.000       0.000      0.7925E-04   0.000    -0.1166E-02 0.7562E-03 0.3303E-03  0.000      0.000      0.000       0.000       0.000       0.000       0.000       0.000       0.000    
   136800.   16.98247639   17.2954   0.000       0.000      0.8606E-04   0.000    -0.9187E-03 0.5607E-03 0.2719E-03  0.000      0.000      0.000       0.000       0.000       0.000       0.000       0.000       0.000    
   140400.   16.93140186   17.2938   0.000       0.000      0.9965E-04   0.000    -0.2945E-03 0.7218E-04 0.1227E-03  0.000      0.000      0.000       0.000       0.000       0.000       0.000       0.000       0.000    
   144000.   16.90806307   17.2918   0.000       0.000      0.1055E-03   0.000    -0.3031E-03 0.6982E-04 0.1277E-03  0.000      0.000      0.000       0.000       0.000       0.000       0.000       0.000       0.000    
   147600.   16.89286398   17.2897   0.000       0.000      0.1091E-03   0.000    -0.3389E-03 0.9133E-04 0.1384E-03  0.000      0.000      0.000       0.000       0.000       0.000       0.000       0.000       0.000    
   151200.   16.88256825   17.2874   0.000       0.000      0.1113E-03   0.000    -0.3699E-03 0.1113E-03 0.1473E-03  0.000      0.000      0.000       0.000       0.000       0.000       0.000       0.000       0.000    
   154800.   16.87546534   17.2851   0.000       0.000      0.1126E-03   0.000    -0.3965E-03 0.1293E-03 0.1546E-03  0.000      0.000      0.000       0.000       0.000       0.000       0.000       0.000       0.000    
   158400.   16.89620554   17.2835   0.000       0.000      0.1065E-03   0.000    -0.8435E-03 0.4738E-03 0.2632E-03  0.000      0.000      0.000       0.000       0.000       0.000       0.000       0.000       0.000    
   162000.   17.00605941   17.2849   0.000       0.000      0.7667E-04   0.000    -0.2565E-02 0.1809E-02 0.6785E-03  0.000      0.000      0.000       0.000       0.000       0.000       0.000       0.000       0.000    
   165600.   17.02505681   17.2861   0.000       0.000      0.7179E-04   0.000    -0.2179E-02 0.1527E-02 0.5797E-03  0.000      0.000      0.000       0.000       0.000       0.000       0.000       0.000       0.000    
   169200.   16.95341424   17.2851   0.000       0.000      0.9122E-04   0.000    -0.6476E-03 0.3498E-03 0.2065E-03  0.000      0.000      0.000       0.000       0.000       0.000       0.000       0.000       0.000    
   172800.   16.91787986   17.2834   0.000       0.000      0.1005E-03   0.000    -0.3862E-03 0.1398E-03 0.1458E-03  0.000      0.000      0.000       0.000       0.000       0.000       0.000       0.000       0.000    
