TOTIM (T)      HCON          HMAT      QDIR      QWELL        QMAT       QCADS      QTUB1      QTUB2      QTUB3      QTUB4      QTUB5      QTUB6       NSTOR        QFIX        QLH     FHLQ (LQ)        CAUCHY   CAUCHY (LQ)
     3600.   16.86898595   16.9323   0.000       0.000      0.1742E-04   0.000     0.4066E-02-0.4083E-02  0.000      0.000      0.000      0.000       0.000       0.000       0.000       0.000       0.000       0.000    
     7200.   16.84345215   16.9316   0.000       0.000      0.2425E-04   0.000     0.3434E-02-0.3459E-02  0.000      0.000      0.000      0.000       0.000       0.000       0.000       0.000       0.000       0.000    
    10800.   16.83340110   16.9308   0.000       0.000      0.2678E-04   0.000     0.3497E-02-0.3524E-02  0.000      0.000      0.000      0.000       0.000       0.000       0.000       0.000       0.000       0.000    
    14400.   16.82702066   16.9299   0.000       0.000      0.2828E-04   0.000     0.3568E-02-0.3596E-02  0.000      0.000      0.000      0.000       0.000       0.000       0.000       0.000       0.000       0.000    
    18000.   16.82262949   16.9289   0.000       0.000      0.2922E-04   0.000     0.3619E-02-0.3648E-02  0.000      0.000      0.000      0.000       0.000       0.000       0.000       0.000       0.000       0.000    
    21600.   16.81955114   16.9279   0.000       0.000      0.2980E-04   0.000     0.3655E-02-0.3685E-02  0.000      0.000      0.000      0.000       0.000       0.000       0.000       0.000       0.000       0.000    
    25200.   16.81740679   16.9269   0.000       0.000      0.3011E-04   0.000     0.3680E-02-0.3710E-02  0.000      0.000      0.000      0.000       0.000       0.000       0.000       0.000       0.000       0.000    
    28800.   16.81583321   16.9259   0.000       0.000      0.3026E-04   0.000     0.3698E-02-0.3728E-02  0.000      0.000      0.000      0.000       0.000       0.000       0.000       0.000       0.000       0.000    
    32400.   16.81470648   16.9249   0.000       0.000      0.3029E-04   0.000     0.3711E-02-0.3741E-02  0.000      0.000      0.000      0.000       0.000       0.000       0.000       0.000       0.000       0.000    
    36000.   16.81381707   16.9239   0.000       0.000      0.3026E-04   0.000     0.3721E-02-0.3752E-02  0.000      0.000      0.000      0.000       0.000       0.000       0.000       0.000       0.000       0.000    
    39600.   16.81309003   16.9229   0.000       0.000      0.3018E-04   0.000     0.3730E-02-0.3760E-02  0.000      0.000      0.000      0.000       0.000       0.000       0.000       0.000       0.000       0.000    
    43200.   16.83813228   16.9226   0.000       0.000      0.2322E-04   0.000     0.4366E-02-0.4389E-02  0.000      0.000      0.000      0.000       0.000       0.000       0.000       0.000       0.000       0.000    
    46800.   16.84773783   16.9224   0.000       0.000      0.2054E-04   0.000     0.4308E-02-0.4329E-02  0.000      0.000      0.000      0.000       0.000       0.000       0.000       0.000       0.000       0.000    
    50400.   16.82807498   16.9217   0.000       0.000      0.2574E-04   0.000     0.3613E-02-0.3638E-02  0.000      0.000      0.000      0.000       0.000       0.000       0.000       0.000       0.000       0.000    
    54000.   16.84763927   16.9216   0.000       0.000      0.2033E-04   0.000     0.4258E-02-0.4279E-02  0.000      0.000      0.000      0.000       0.000       0.000       0.000       0.000       0.000       0.000    
    57600.   16.91851452   16.9233   0.000       0.000      0.1325E-05   0.000     0.5801E-02-0.5802E-02  0.000      0.000      0.000      0.000       0.000       0.000       0.000       0.000       0.000       0.000    
    61200.   17.14148279   16.9309   0.000       0.000     -0.5790E-04   0.000     0.1030E-01-0.1024E-01  0.000      0.000      0.000      0.000       0.000       0.000       0.000       0.000       0.000       0.000    
    64800.   17.18536259   16.9383   0.000       0.000     -0.6795E-04   0.000     0.8349E-02-0.8281E-02  0.000      0.000      0.000      0.000       0.000       0.000       0.000       0.000       0.000       0.000    
    68400.   17.21391122   16.9458   0.000       0.000     -0.7374E-04   0.000     0.7473E-02-0.7399E-02  0.000      0.000      0.000      0.000       0.000       0.000       0.000       0.000       0.000       0.000    
    72000.   17.17373220   16.9516   0.000       0.000     -0.6108E-04   0.000     0.5592E-02-0.5531E-02  0.000      0.000      0.000      0.000       0.000       0.000       0.000       0.000       0.000       0.000    
    75600.   17.11401896   16.9559   0.000       0.000     -0.4349E-04   0.000     0.4295E-02-0.4252E-02  0.000      0.000      0.000      0.000       0.000       0.000       0.000       0.000       0.000       0.000    
    79200.   17.24452355   16.9640   0.000       0.000     -0.7714E-04   0.000     0.8220E-02-0.8143E-02  0.000      0.000      0.000      0.000       0.000       0.000       0.000       0.000       0.000       0.000    
    82800.   17.29082775   16.9727   0.000       0.000     -0.8750E-04   0.000     0.7999E-02-0.7911E-02  0.000      0.000      0.000      0.000       0.000       0.000       0.000       0.000       0.000       0.000    
    86400.   17.33331664   16.9820   0.000       0.000     -0.9662E-04   0.000     0.7989E-02-0.7892E-02  0.000      0.000      0.000      0.000       0.000       0.000       0.000       0.000       0.000       0.000    
    90000.   17.50097226   16.9954   0.000       0.000     -0.1390E-03   0.000     0.1117E-01-0.1103E-01  0.000      0.000      0.000      0.000       0.000       0.000       0.000       0.000       0.000       0.000    
    93600.   17.89754248   17.0188   0.000       0.000     -0.2417E-03   0.000     0.1844E-01-0.1820E-01  0.000      0.000      0.000      0.000       0.000       0.000       0.000       0.000       0.000       0.000    
    97200.   17.86750151   17.0384   0.000       0.000     -0.2280E-03   0.000     0.1208E-01-0.1185E-01  0.000      0.000      0.000      0.000       0.000       0.000       0.000       0.000       0.000       0.000    
   100800.   17.61811305   17.0503   0.000       0.000     -0.1561E-03   0.000     0.4400E-02-0.4244E-02  0.000      0.000      0.000      0.000       0.000       0.000       0.000       0.000       0.000       0.000    
   104400.   17.44397235   17.0582   0.000       0.000     -0.1061E-03   0.000     0.2563E-02-0.2457E-02  0.000      0.000      0.000      0.000       0.000       0.000       0.000       0.000       0.000       0.000    
   108000.   17.34512701   17.0645   0.000       0.000     -0.7718E-04   0.000     0.3020E-02-0.2943E-02  0.000      0.000      0.000      0.000       0.000       0.000       0.000       0.000       0.000       0.000    
   111600.   17.23336353   17.0683   0.000       0.000     -0.4539E-04   0.000     0.2424E-02-0.2378E-02  0.000      0.000      0.000      0.000       0.000       0.000       0.000       0.000       0.000       0.000    
   115200.   17.13486180   17.0701   0.000       0.000     -0.1780E-04   0.000     0.2070E-02-0.2053E-02  0.000      0.000      0.000      0.000       0.000       0.000       0.000       0.000       0.000       0.000    
   118800.   17.05485003   17.0704   0.000       0.000      0.4289E-05   0.000     0.1990E-02-0.1995E-02  0.000      0.000      0.000      0.000       0.000       0.000       0.000       0.000       0.000       0.000    
   122400.   17.03491259   17.0708   0.000       0.000      0.9877E-05   0.000     0.3096E-02-0.3106E-02  0.000      0.000      0.000      0.000       0.000       0.000       0.000       0.000       0.000       0.000    
   126000.   16.97621145   17.0698   0.000       0.000      0.2575E-04   0.000     0.2446E-02-0.2472E-02  0.000      0.000      0.000      0.000       0.000       0.000       0.000       0.000       0.000       0.000    
   129600.   17.05020048   17.0714   0.000       0.000      0.5816E-05   0.000     0.5225E-02-0.5231E-02  0.000      0.000      0.000      0.000       0.000       0.000       0.000       0.000       0.000       0.000    
   133200.   17.00762164   17.0713   0.000       0.000      0.1752E-04   0.000     0.3624E-02-0.3642E-02  0.000      0.000      0.000      0.000       0.000       0.000       0.000       0.000       0.000       0.000    
   136800.   16.98247391   17.0708   0.000       0.000      0.2429E-04   0.000     0.3343E-02-0.3367E-02  0.000      0.000      0.000      0.000       0.000       0.000       0.000       0.000       0.000       0.000    
   140400.   16.93140009   17.0690   0.000       0.000      0.3785E-04   0.000     0.2523E-02-0.2561E-02  0.000      0.000      0.000      0.000       0.000       0.000       0.000       0.000       0.000       0.000    
   144000.   16.90806120   17.0669   0.000       0.000      0.4369E-04   0.000     0.2721E-02-0.2765E-02  0.000      0.000      0.000      0.000       0.000       0.000       0.000       0.000       0.000       0.000    
   147600.   16.89286200   17.0647   0.000       0.000      0.4725E-04   0.000     0.2903E-02-0.2950E-02  0.000      0.000      0.000      0.000       0.000       0.000       0.000       0.000       0.000       0.000    
   151200.   16.88256619   17.0623   0.000       0.000      0.4943E-04   0.000     0.3032E-02-0.3082E-02  0.000      0.000      0.000      0.000       0.000       0.000       0.000       0.000       0.000       0.000    
   154800.   16.87546322   17.0599   0.000       0.000      0.5072E-04   0.000     0.3126E-02-0.3176E-02  0.000      0.000      0.000      0.000       0.000       0.000       0.000       0.000       0.000       0.000    
   158400.   16.89620283   17.0582   0.000       0.000      0.4454E-04   0.000     0.3822E-02-0.3867E-02  0.000      0.000      0.000      0.000       0.000       0.000       0.000       0.000       0.000       0.000    
   162000.   17.00605406   17.0595   0.000       0.000      0.1469E-04   0.000     0.6316E-02-0.6331E-02  0.000      0.000      0.000      0.000       0.000       0.000       0.000       0.000       0.000       0.000    
   165600.   17.02505236   17.0606   0.000       0.000      0.9787E-05   0.000     0.5399E-02-0.5409E-02  0.000      0.000      0.000      0.000       0.000       0.000       0.000       0.000       0.000       0.000    
   169200.   16.95341211   17.0595   0.000       0.000      0.2919E-04   0.000     0.2958E-02-0.2987E-02  0.000      0.000      0.000      0.000       0.000       0.000       0.000       0.000       0.000       0.000    
   172800.   16.91787796   17.0578   0.000       0.000      0.3848E-04   0.000     0.2726E-02-0.2764E-02  0.000      0.000      0.000      0.000       0.000       0.000       0.000       0.000       0.000       0.000    
