TOTIM (T)      HCON          HMAT      QDIR      QWELL        QMAT       QCADS      QTUB1      QTUB2      QTUB3      QTUB4      QTUB5      QTUB6       NSTOR        QFIX        QLH     FHLQ (LQ)        CAUCHY   CAUCHY (LQ)
     3600.   16.86898630   16.9362   0.000       0.000      0.1849E-04   0.000     0.4029E-02-0.4047E-02  0.000      0.000      0.000      0.000       0.000       0.000       0.000       0.000       0.000       0.000    
     7200.   16.84345245   16.9355   0.000       0.000      0.2531E-04   0.000     0.3384E-02-0.3409E-02  0.000      0.000      0.000      0.000       0.000       0.000       0.000       0.000       0.000       0.000    
    10800.   16.83340141   16.9347   0.000       0.000      0.2784E-04   0.000     0.3442E-02-0.3469E-02  0.000      0.000      0.000      0.000       0.000       0.000       0.000       0.000       0.000       0.000    
    14400.   16.82702097   16.9337   0.000       0.000      0.2935E-04   0.000     0.3509E-02-0.3538E-02  0.000      0.000      0.000      0.000       0.000       0.000       0.000       0.000       0.000       0.000    
    18000.   16.82262981   16.9328   0.000       0.000      0.3029E-04   0.000     0.3558E-02-0.3588E-02  0.000      0.000      0.000      0.000       0.000       0.000       0.000       0.000       0.000       0.000    
    21600.   16.81955146   16.9318   0.000       0.000      0.3086E-04   0.000     0.3593E-02-0.3624E-02  0.000      0.000      0.000      0.000       0.000       0.000       0.000       0.000       0.000       0.000    
    25200.   16.81740711   16.9308   0.000       0.000      0.3117E-04   0.000     0.3617E-02-0.3648E-02  0.000      0.000      0.000      0.000       0.000       0.000       0.000       0.000       0.000       0.000    
    28800.   16.81583353   16.9297   0.000       0.000      0.3132E-04   0.000     0.3635E-02-0.3667E-02  0.000      0.000      0.000      0.000       0.000       0.000       0.000       0.000       0.000       0.000    
    32400.   16.81470680   16.9287   0.000       0.000      0.3136E-04   0.000     0.3648E-02-0.3679E-02  0.000      0.000      0.000      0.000       0.000       0.000       0.000       0.000       0.000       0.000    
    36000.   16.81381740   16.9277   0.000       0.000      0.3132E-04   0.000     0.3659E-02-0.3690E-02  0.000      0.000      0.000      0.000       0.000       0.000       0.000       0.000       0.000       0.000    
    39600.   16.81309035   16.9267   0.000       0.000      0.3125E-04   0.000     0.3667E-02-0.3699E-02  0.000      0.000      0.000      0.000       0.000       0.000       0.000       0.000       0.000       0.000    
    43200.   16.83813266   16.9264   0.000       0.000      0.2428E-04   0.000     0.4318E-02-0.4342E-02  0.000      0.000      0.000      0.000       0.000       0.000       0.000       0.000       0.000       0.000    
    46800.   16.84773821   16.9263   0.000       0.000      0.2161E-04   0.000     0.4265E-02-0.4287E-02  0.000      0.000      0.000      0.000       0.000       0.000       0.000       0.000       0.000       0.000    
    50400.   16.82807529   16.9255   0.000       0.000      0.2680E-04   0.000     0.3559E-02-0.3586E-02  0.000      0.000      0.000      0.000       0.000       0.000       0.000       0.000       0.000       0.000    
    54000.   16.84763964   16.9254   0.000       0.000      0.2139E-04   0.000     0.4215E-02-0.4237E-02  0.000      0.000      0.000      0.000       0.000       0.000       0.000       0.000       0.000       0.000    
    57600.   16.91851503   16.9272   0.000       0.000      0.2388E-05   0.000     0.5796E-02-0.5798E-02  0.000      0.000      0.000      0.000       0.000       0.000       0.000       0.000       0.000       0.000    
    61200.   17.14149292   16.9348   0.000       0.000     -0.5684E-04   0.000     0.1041E-01-0.1035E-01  0.000      0.000      0.000      0.000       0.000       0.000       0.000       0.000       0.000       0.000    
    64800.   17.18536930   16.9422   0.000       0.000     -0.6688E-04   0.000     0.8482E-02-0.8415E-02  0.000      0.000      0.000      0.000       0.000       0.000       0.000       0.000       0.000       0.000    
    68400.   17.21391663   16.9496   0.000       0.000     -0.7268E-04   0.000     0.7618E-02-0.7545E-02  0.000      0.000      0.000      0.000       0.000       0.000       0.000       0.000       0.000       0.000    
    72000.   17.17373526   16.9555   0.000       0.000     -0.6001E-04   0.000     0.5712E-02-0.5652E-02  0.000      0.000      0.000      0.000       0.000       0.000       0.000       0.000       0.000       0.000    
    75600.   17.11402078   16.9597   0.000       0.000     -0.4243E-04   0.000     0.4380E-02-0.4337E-02  0.000      0.000      0.000      0.000       0.000       0.000       0.000       0.000       0.000       0.000    
    79200.   17.24453007   16.9679   0.000       0.000     -0.7608E-04   0.000     0.8372E-02-0.8296E-02  0.000      0.000      0.000      0.000       0.000       0.000       0.000       0.000       0.000       0.000    
    82800.   17.29083394   16.9765   0.000       0.000     -0.8643E-04   0.000     0.8171E-02-0.8085E-02  0.000      0.000      0.000      0.000       0.000       0.000       0.000       0.000       0.000       0.000    
    86400.   17.33332282   16.9858   0.000       0.000     -0.9556E-04   0.000     0.8180E-02-0.8084E-02  0.000      0.000      0.000      0.000       0.000       0.000       0.000       0.000       0.000       0.000    
    90000.   17.50098423   16.9993   0.000       0.000     -0.1380E-03   0.000     0.1144E-01-0.1130E-01  0.000      0.000      0.000      0.000       0.000       0.000       0.000       0.000       0.000       0.000    
    93600.   17.89757490   17.0226   0.000       0.000     -0.2406E-03   0.000     0.1892E-01-0.1868E-01  0.000      0.000      0.000      0.000       0.000       0.000       0.000       0.000       0.000       0.000    
    97200.   17.86751560   17.0423   0.000       0.000     -0.2269E-03   0.000     0.1253E-01-0.1231E-01  0.000      0.000      0.000      0.000       0.000       0.000       0.000       0.000       0.000       0.000    
   100800.   17.61811501   17.0542   0.000       0.000     -0.1551E-03   0.000     0.4710E-02-0.4555E-02  0.000      0.000      0.000      0.000       0.000       0.000       0.000       0.000       0.000       0.000    
   104400.   17.44397258   17.0621   0.000       0.000     -0.1050E-03   0.000     0.2773E-02-0.2668E-02  0.000      0.000      0.000      0.000       0.000       0.000       0.000       0.000       0.000       0.000    
   108000.   17.34512727   17.0683   0.000       0.000     -0.7612E-04   0.000     0.3172E-02-0.3096E-02  0.000      0.000      0.000      0.000       0.000       0.000       0.000       0.000       0.000       0.000    
   111600.   17.23336375   17.0722   0.000       0.000     -0.4433E-04   0.000     0.2512E-02-0.2468E-02  0.000      0.000      0.000      0.000       0.000       0.000       0.000       0.000       0.000       0.000    
   115200.   17.13486199   17.0740   0.000       0.000     -0.1674E-04   0.000     0.2104E-02-0.2087E-02  0.000      0.000      0.000      0.000       0.000       0.000       0.000       0.000       0.000       0.000    
   118800.   17.05485021   17.0743   0.000       0.000      0.5353E-05   0.000     0.1980E-02-0.1985E-02  0.000      0.000      0.000      0.000       0.000       0.000       0.000       0.000       0.000       0.000    
   122400.   17.03491286   17.0747   0.000       0.000      0.1094E-04   0.000     0.3074E-02-0.3085E-02  0.000      0.000      0.000      0.000       0.000       0.000       0.000       0.000       0.000       0.000    
   126000.   16.97621167   17.0737   0.000       0.000      0.2681E-04   0.000     0.2393E-02-0.2419E-02  0.000      0.000      0.000      0.000       0.000       0.000       0.000       0.000       0.000       0.000    
   129600.   17.05020093   17.0752   0.000       0.000      0.6881E-05   0.000     0.5211E-02-0.5218E-02  0.000      0.000      0.000      0.000       0.000       0.000       0.000       0.000       0.000       0.000    
   133200.   17.00762196   17.0752   0.000       0.000      0.1859E-04   0.000     0.3587E-02-0.3605E-02  0.000      0.000      0.000      0.000       0.000       0.000       0.000       0.000       0.000       0.000    
   136800.   16.98247420   17.0747   0.000       0.000      0.2536E-04   0.000     0.3292E-02-0.3317E-02  0.000      0.000      0.000      0.000       0.000       0.000       0.000       0.000       0.000       0.000    
   140400.   16.93140031   17.0729   0.000       0.000      0.3891E-04   0.000     0.2445E-02-0.2484E-02  0.000      0.000      0.000      0.000       0.000       0.000       0.000       0.000       0.000       0.000    
   144000.   16.90806143   17.0708   0.000       0.000      0.4476E-04   0.000     0.2632E-02-0.2676E-02  0.000      0.000      0.000      0.000       0.000       0.000       0.000       0.000       0.000       0.000    
   147600.   16.89286225   17.0686   0.000       0.000      0.4832E-04   0.000     0.2806E-02-0.2855E-02  0.000      0.000      0.000      0.000       0.000       0.000       0.000       0.000       0.000       0.000    
   151200.   16.88256646   17.0662   0.000       0.000      0.5050E-04   0.000     0.2931E-02-0.2982E-02  0.000      0.000      0.000      0.000       0.000       0.000       0.000       0.000       0.000       0.000    
   154800.   16.87546349   17.0638   0.000       0.000      0.5178E-04   0.000     0.3022E-02-0.3074E-02  0.000      0.000      0.000      0.000       0.000       0.000       0.000       0.000       0.000       0.000    
   158400.   16.89620316   17.0620   0.000       0.000      0.4561E-04   0.000     0.3731E-02-0.3777E-02  0.000      0.000      0.000      0.000       0.000       0.000       0.000       0.000       0.000       0.000    
   162000.   17.00605461   17.0633   0.000       0.000      0.1575E-04   0.000     0.6285E-02-0.6300E-02  0.000      0.000      0.000      0.000       0.000       0.000       0.000       0.000       0.000       0.000    
   165600.   17.02505283   17.0645   0.000       0.000      0.1086E-04   0.000     0.5377E-02-0.5388E-02  0.000      0.000      0.000      0.000       0.000       0.000       0.000       0.000       0.000       0.000    
   169200.   16.95341236   17.0634   0.000       0.000      0.3026E-04   0.000     0.2897E-02-0.2928E-02  0.000      0.000      0.000      0.000       0.000       0.000       0.000       0.000       0.000       0.000    
   172800.   16.91787819   17.0617   0.000       0.000      0.3955E-04   0.000     0.2647E-02-0.2686E-02  0.000      0.000      0.000      0.000       0.000       0.000       0.000       0.000       0.000       0.000    
