TOTIM (T)      HCON          HMAT      QDIR      QWELL        QMAT       QCADS      QTUB1      QTUB2      QTUB3      QTUB4      QTUB5      QTUB6       NSTOR        QFIX        QLH     FHLQ (LQ)        CAUCHY   CAUCHY (LQ)
     3600.   16.86898941   17.2777   0.000       0.000      0.1124E-03   0.000     0.9940E-03-0.1106E-02  0.000      0.000      0.000      0.000       0.000       0.000       0.000       0.000       0.000       0.000    
     7200.   16.84345496   17.2770   0.000       0.000      0.1192E-03   0.000     0.5535E-03-0.6727E-03  0.000      0.000      0.000      0.000       0.000       0.000       0.000       0.000       0.000       0.000    
    10800.   16.83340394   17.2761   0.000       0.000      0.1218E-03   0.000     0.5329E-03-0.6546E-03  0.000      0.000      0.000      0.000       0.000       0.000       0.000       0.000       0.000       0.000    
    14400.   16.82702354   17.2752   0.000       0.000      0.1233E-03   0.000     0.5371E-03-0.6604E-03  0.000      0.000      0.000      0.000       0.000       0.000       0.000       0.000       0.000       0.000    
    18000.   16.82263242   17.2742   0.000       0.000      0.1242E-03   0.000     0.5431E-03-0.6673E-03  0.000      0.000      0.000      0.000       0.000       0.000       0.000       0.000       0.000       0.000    
    21600.   16.81955409   17.2732   0.000       0.000      0.1248E-03   0.000     0.5492E-03-0.6740E-03  0.000      0.000      0.000      0.000       0.000       0.000       0.000       0.000       0.000       0.000    
    25200.   16.81740976   17.2722   0.000       0.000      0.1251E-03   0.000     0.5550E-03-0.6801E-03  0.000      0.000      0.000      0.000       0.000       0.000       0.000       0.000       0.000       0.000    
    28800.   16.81583619   17.2712   0.000       0.000      0.1252E-03   0.000     0.5609E-03-0.6861E-03  0.000      0.000      0.000      0.000       0.000       0.000       0.000       0.000       0.000       0.000    
    32400.   16.81470948   17.2702   0.000       0.000      0.1253E-03   0.000     0.5665E-03-0.6918E-03  0.000      0.000      0.000      0.000       0.000       0.000       0.000       0.000       0.000       0.000    
    36000.   16.81382008   17.2692   0.000       0.000      0.1252E-03   0.000     0.5722E-03-0.6975E-03  0.000      0.000      0.000      0.000       0.000       0.000       0.000       0.000       0.000       0.000    
    39600.   16.81309304   17.2682   0.000       0.000      0.1252E-03   0.000     0.5779E-03-0.7030E-03  0.000      0.000      0.000      0.000       0.000       0.000       0.000       0.000       0.000       0.000    
    43200.   16.83813595   17.2679   0.000       0.000      0.1182E-03   0.000     0.1023E-02-0.1142E-02  0.000      0.000      0.000      0.000       0.000       0.000       0.000       0.000       0.000       0.000    
    46800.   16.84774149   17.2678   0.000       0.000      0.1155E-03   0.000     0.1049E-02-0.1165E-02  0.000      0.000      0.000      0.000       0.000       0.000       0.000       0.000       0.000       0.000    
    50400.   16.82807794   17.2670   0.000       0.000      0.1207E-03   0.000     0.6102E-03-0.7309E-03  0.000      0.000      0.000      0.000       0.000       0.000       0.000       0.000       0.000       0.000    
    54000.   16.84764288   17.2669   0.000       0.000      0.1153E-03   0.000     0.1029E-02-0.1144E-02  0.000      0.000      0.000      0.000       0.000       0.000       0.000       0.000       0.000       0.000    
    57600.   16.91851975   17.2687   0.000       0.000      0.9629E-04   0.000     0.2152E-02-0.2248E-02  0.000      0.000      0.000      0.000       0.000       0.000       0.000       0.000       0.000       0.000    
    61200.   17.14154766   17.2763   0.000       0.000      0.3705E-04   0.000     0.5501E-02-0.5538E-02  0.000      0.000      0.000      0.000       0.000       0.000       0.000       0.000       0.000       0.000    
    64800.   17.18540729   17.2836   0.000       0.000      0.2701E-04   0.000     0.4765E-02-0.4792E-02  0.000      0.000      0.000      0.000       0.000       0.000       0.000       0.000       0.000       0.000    
    68400.   17.21394816   17.2911   0.000       0.000      0.2122E-04   0.000     0.4455E-02-0.4477E-02  0.000      0.000      0.000      0.000       0.000       0.000       0.000       0.000       0.000       0.000    
    72000.   17.17375393   17.2970   0.000       0.000      0.3389E-04   0.000     0.3294E-02-0.3328E-02  0.000      0.000      0.000      0.000       0.000       0.000       0.000       0.000       0.000       0.000    
    75600.   17.11403223   17.3012   0.000       0.000      0.5147E-04   0.000     0.2317E-02-0.2368E-02  0.000      0.000      0.000      0.000       0.000       0.000       0.000       0.000       0.000       0.000    
    79200.   17.24456754   17.3094   0.000       0.000      0.1782E-04   0.000     0.4879E-02-0.4897E-02  0.000      0.000      0.000      0.000       0.000       0.000       0.000       0.000       0.000       0.000    
    82800.   17.29087022   17.3180   0.000       0.000      0.7466E-05   0.000     0.4982E-02-0.4990E-02  0.000      0.000      0.000      0.000       0.000       0.000       0.000       0.000       0.000       0.000    
    86400.   17.33335953   17.3273   0.000       0.000     -0.1661E-05   0.000     0.5159E-02-0.5157E-02  0.000      0.000      0.000      0.000       0.000       0.000       0.000       0.000       0.000       0.000    
    90000.   17.50107346   17.3408   0.000       0.000     -0.4407E-04   0.000     0.7535E-02-0.7491E-02  0.000      0.000      0.000      0.000       0.000       0.000       0.000       0.000       0.000       0.000    
    93600.   17.89786418   17.3642   0.000       0.000     -0.1468E-03   0.000     0.1309E-01-0.1294E-01  0.000      0.000      0.000      0.000       0.000       0.000       0.000       0.000       0.000       0.000    
    97200.   17.86765578   17.3838   0.000       0.000     -0.1331E-03   0.000     0.9756E-02-0.9623E-02  0.000      0.000      0.000      0.000       0.000       0.000       0.000       0.000       0.000       0.000    
   100800.   17.61813753   17.3957   0.000       0.000     -0.6117E-04   0.000     0.4613E-02-0.4552E-02  0.000      0.000      0.000      0.000       0.000       0.000       0.000       0.000       0.000       0.000    
   104400.   17.44397820   17.4037   0.000       0.000     -0.1109E-04   0.000     0.2723E-02-0.2712E-02  0.000      0.000      0.000      0.000       0.000       0.000       0.000       0.000       0.000       0.000    
   108000.   17.34513284   17.4099   0.000       0.000      0.1781E-04   0.000     0.2367E-02-0.2384E-02  0.000      0.000      0.000      0.000       0.000       0.000       0.000       0.000       0.000       0.000    
   111600.   17.23336670   17.4137   0.000       0.000      0.4960E-04   0.000     0.1448E-02-0.1497E-02  0.000      0.000      0.000      0.000       0.000       0.000       0.000       0.000       0.000       0.000    
   115200.   17.13486383   17.4156   0.000       0.000      0.7719E-04   0.000     0.7279E-03-0.8051E-03  0.000      0.000      0.000      0.000       0.000       0.000       0.000       0.000       0.000       0.000    
   118800.   17.05485174   17.4159   0.000       0.000      0.9928E-04   0.000     0.2499E-03-0.3492E-03  0.000      0.000      0.000      0.000       0.000       0.000       0.000       0.000       0.000       0.000    
   122400.   17.03491525   17.4163   0.000       0.000      0.1049E-03   0.000     0.6722E-03-0.7770E-03  0.000      0.000      0.000      0.000       0.000       0.000       0.000       0.000       0.000       0.000    
   126000.   16.97621334   17.4153   0.000       0.000      0.1207E-03   0.000     0.4453E-04-0.1653E-03  0.000      0.000      0.000      0.000       0.000       0.000       0.000       0.000       0.000       0.000    
   129600.   17.05020513   17.4168   0.000       0.000      0.1008E-03   0.000     0.1781E-02-0.1882E-02  0.000      0.000      0.000      0.000       0.000       0.000       0.000       0.000       0.000       0.000    
   133200.   17.00762470   17.4168   0.000       0.000      0.1125E-03   0.000     0.7787E-03-0.8913E-03  0.000      0.000      0.000      0.000       0.000       0.000       0.000       0.000       0.000       0.000    
   136800.   16.98247663   17.4163   0.000       0.000      0.1193E-03   0.000     0.5065E-03-0.6258E-03  0.000      0.000      0.000      0.000       0.000       0.000       0.000       0.000       0.000       0.000    
   140400.   16.93140192   17.4145   0.000       0.000      0.1329E-03   0.000    -0.1589E-03 0.2607E-04  0.000      0.000      0.000      0.000       0.000       0.000       0.000       0.000       0.000       0.000    
   144000.   16.90806314   17.4124   0.000       0.000      0.1387E-03   0.000    -0.1804E-03 0.4167E-04  0.000      0.000      0.000      0.000       0.000       0.000       0.000       0.000       0.000       0.000    
   147600.   16.89286407   17.4102   0.000       0.000      0.1423E-03   0.000    -0.1631E-03 0.2085E-04  0.000      0.000      0.000      0.000       0.000       0.000       0.000       0.000       0.000       0.000    
   151200.   16.88256835   17.4078   0.000       0.000      0.1444E-03   0.000    -0.1438E-03-0.6223E-06  0.000      0.000      0.000      0.000       0.000       0.000       0.000       0.000       0.000       0.000    
   154800.   16.87546545   17.4054   0.000       0.000      0.1457E-03   0.000    -0.1243E-03-0.2140E-04  0.000      0.000      0.000      0.000       0.000       0.000       0.000       0.000       0.000       0.000    
   158400.   16.89620576   17.4037   0.000       0.000      0.1396E-03   0.000     0.3349E-03-0.4744E-03  0.000      0.000      0.000      0.000       0.000       0.000       0.000       0.000       0.000       0.000    
   162000.   17.00605961   17.4050   0.000       0.000      0.1097E-03   0.000     0.2133E-02-0.2242E-02  0.000      0.000      0.000      0.000       0.000       0.000       0.000       0.000       0.000       0.000    
   165600.   17.02505713   17.4062   0.000       0.000      0.1048E-03   0.000     0.1790E-02-0.1895E-02  0.000      0.000      0.000      0.000       0.000       0.000       0.000       0.000       0.000       0.000    
   169200.   16.95341443   17.4051   0.000       0.000      0.1242E-03   0.000     0.2250E-03-0.3492E-03  0.000      0.000      0.000      0.000       0.000       0.000       0.000       0.000       0.000       0.000    
   172800.   16.91787996   17.4034   0.000       0.000      0.1335E-03   0.000    -0.7441E-04-0.5910E-04  0.000      0.000      0.000      0.000       0.000       0.000       0.000       0.000       0.000       0.000    
