TOTIM (T)      HCON          HMAT      QDIR      QWELL        QMAT       QCADS      QTUB1      QTUB2      QTUB3      QTUB4      QTUB5      QTUB6       NSTOR        QFIX        QLH     FHLQ (LQ)        CAUCHY   CAUCHY (LQ)
     3600.   16.86898831   17.5696   0.000       0.000      0.1927E-03   0.000     0.9337E-03-0.1126E-02  0.000      0.000      0.000      0.000       0.000       0.000       0.000       0.000       0.000       0.000    
     7200.   16.84345406   17.5689   0.000       0.000      0.1995E-03   0.000     0.4628E-03-0.6623E-03  0.000      0.000      0.000      0.000       0.000       0.000       0.000       0.000       0.000       0.000    
    10800.   16.83340304   17.5681   0.000       0.000      0.2020E-03   0.000     0.4426E-03-0.6446E-03  0.000      0.000      0.000      0.000       0.000       0.000       0.000       0.000       0.000       0.000    
    14400.   16.82702262   17.5671   0.000       0.000      0.2035E-03   0.000     0.4473E-03-0.6508E-03  0.000      0.000      0.000      0.000       0.000       0.000       0.000       0.000       0.000       0.000    
    18000.   16.82263149   17.5662   0.000       0.000      0.2045E-03   0.000     0.4537E-03-0.6582E-03  0.000      0.000      0.000      0.000       0.000       0.000       0.000       0.000       0.000       0.000    
    21600.   16.81955315   17.5652   0.000       0.000      0.2050E-03   0.000     0.4601E-03-0.6652E-03  0.000      0.000      0.000      0.000       0.000       0.000       0.000       0.000       0.000       0.000    
    25200.   16.81740881   17.5642   0.000       0.000      0.2054E-03   0.000     0.4663E-03-0.6717E-03  0.000      0.000      0.000      0.000       0.000       0.000       0.000       0.000       0.000       0.000    
    28800.   16.81583525   17.5631   0.000       0.000      0.2055E-03   0.000     0.4727E-03-0.6782E-03  0.000      0.000      0.000      0.000       0.000       0.000       0.000       0.000       0.000       0.000    
    32400.   16.81470853   17.5621   0.000       0.000      0.2055E-03   0.000     0.4786E-03-0.6842E-03  0.000      0.000      0.000      0.000       0.000       0.000       0.000       0.000       0.000       0.000    
    36000.   16.81381912   17.5611   0.000       0.000      0.2055E-03   0.000     0.4847E-03-0.6902E-03  0.000      0.000      0.000      0.000       0.000       0.000       0.000       0.000       0.000       0.000    
    39600.   16.81309209   17.5601   0.000       0.000      0.2054E-03   0.000     0.4907E-03-0.6961E-03  0.000      0.000      0.000      0.000       0.000       0.000       0.000       0.000       0.000       0.000    
    43200.   16.83813479   17.5598   0.000       0.000      0.1985E-03   0.000     0.9670E-03-0.1165E-02  0.000      0.000      0.000      0.000       0.000       0.000       0.000       0.000       0.000       0.000    
    46800.   16.84774033   17.5597   0.000       0.000      0.1958E-03   0.000     0.9929E-03-0.1189E-02  0.000      0.000      0.000      0.000       0.000       0.000       0.000       0.000       0.000       0.000    
    50400.   16.82807699   17.5589   0.000       0.000      0.2010E-03   0.000     0.5233E-03-0.7243E-03  0.000      0.000      0.000      0.000       0.000       0.000       0.000       0.000       0.000       0.000    
    54000.   16.84764174   17.5588   0.000       0.000      0.1956E-03   0.000     0.9725E-03-0.1168E-02  0.000      0.000      0.000      0.000       0.000       0.000       0.000       0.000       0.000       0.000    
    57600.   16.91851811   17.5606   0.000       0.000      0.1766E-03   0.000     0.2171E-02-0.2348E-02  0.000      0.000      0.000      0.000       0.000       0.000       0.000       0.000       0.000       0.000    
    61200.   17.14154454   17.5682   0.000       0.000      0.1173E-03   0.000     0.5746E-02-0.5864E-02  0.000      0.000      0.000      0.000       0.000       0.000       0.000       0.000       0.000       0.000    
    64800.   17.18540466   17.5756   0.000       0.000      0.1073E-03   0.000     0.4946E-02-0.5053E-02  0.000      0.000      0.000      0.000       0.000       0.000       0.000       0.000       0.000       0.000    
    68400.   17.21394575   17.5830   0.000       0.000      0.1015E-03   0.000     0.4618E-02-0.4719E-02  0.000      0.000      0.000      0.000       0.000       0.000       0.000       0.000       0.000       0.000    
    72000.   17.17375208   17.5889   0.000       0.000      0.1142E-03   0.000     0.3378E-02-0.3492E-02  0.000      0.000      0.000      0.000       0.000       0.000       0.000       0.000       0.000       0.000    
    75600.   17.11403082   17.5931   0.000       0.000      0.1318E-03   0.000     0.2338E-02-0.2469E-02  0.000      0.000      0.000      0.000       0.000       0.000       0.000       0.000       0.000       0.000    
    79200.   17.24456491   17.6013   0.000       0.000      0.9810E-04   0.000     0.5081E-02-0.5179E-02  0.000      0.000      0.000      0.000       0.000       0.000       0.000       0.000       0.000       0.000    
    82800.   17.29086760   17.6099   0.000       0.000      0.8775E-04   0.000     0.5180E-02-0.5268E-02  0.000      0.000      0.000      0.000       0.000       0.000       0.000       0.000       0.000       0.000    
    86400.   17.33335689   17.6192   0.000       0.000      0.7862E-04   0.000     0.5368E-02-0.5447E-02  0.000      0.000      0.000      0.000       0.000       0.000       0.000       0.000       0.000       0.000    
    90000.   17.50106292   17.6327   0.000       0.000      0.3621E-04   0.000     0.7908E-02-0.7944E-02  0.000      0.000      0.000      0.000       0.000       0.000       0.000       0.000       0.000       0.000    
    93600.   17.89779584   17.6561   0.000       0.000     -0.6647E-04   0.000     0.1384E-01-0.1377E-01  0.000      0.000      0.000      0.000       0.000       0.000       0.000       0.000       0.000       0.000    
    97200.   17.86762107   17.6757   0.000       0.000     -0.5277E-04   0.000     0.1025E-01-0.1019E-01  0.000      0.000      0.000      0.000       0.000       0.000       0.000       0.000       0.000       0.000    
   100800.   17.61813103   17.6876   0.000       0.000      0.1911E-04   0.000     0.4764E-02-0.4783E-02  0.000      0.000      0.000      0.000       0.000       0.000       0.000       0.000       0.000       0.000    
   104400.   17.44397624   17.6956   0.000       0.000      0.6919E-04   0.000     0.2764E-02-0.2833E-02  0.000      0.000      0.000      0.000       0.000       0.000       0.000       0.000       0.000       0.000    
   108000.   17.34513092   17.7018   0.000       0.000      0.9808E-04   0.000     0.2392E-02-0.2490E-02  0.000      0.000      0.000      0.000       0.000       0.000       0.000       0.000       0.000       0.000    
   111600.   17.23336579   17.7056   0.000       0.000      0.1299E-03   0.000     0.1411E-02-0.1541E-02  0.000      0.000      0.000      0.000       0.000       0.000       0.000       0.000       0.000       0.000    
   115200.   17.13486313   17.7075   0.000       0.000      0.1575E-03   0.000     0.6457E-03-0.8031E-03  0.000      0.000      0.000      0.000       0.000       0.000       0.000       0.000       0.000       0.000    
   118800.   17.05485116   17.7078   0.000       0.000      0.1796E-03   0.000     0.1378E-03-0.3174E-03  0.000      0.000      0.000      0.000       0.000       0.000       0.000       0.000       0.000       0.000    
   122400.   17.03491439   17.7082   0.000       0.000      0.1851E-03   0.000     0.5913E-03-0.7764E-03  0.000      0.000      0.000      0.000       0.000       0.000       0.000       0.000       0.000       0.000    
   126000.   16.97621272   17.7072   0.000       0.000      0.2010E-03   0.000    -0.8142E-04-0.1196E-03  0.000      0.000      0.000      0.000       0.000       0.000       0.000       0.000       0.000       0.000    
   129600.   17.05020367   17.7087   0.000       0.000      0.1811E-03   0.000     0.1778E-02-0.1959E-02  0.000      0.000      0.000      0.000       0.000       0.000       0.000       0.000       0.000       0.000    
   133200.   17.00762372   17.7087   0.000       0.000      0.1928E-03   0.000     0.6987E-03-0.8915E-03  0.000      0.000      0.000      0.000       0.000       0.000       0.000       0.000       0.000       0.000    
   136800.   16.98247576   17.7082   0.000       0.000      0.1996E-03   0.000     0.4117E-03-0.6112E-03  0.000      0.000      0.000      0.000       0.000       0.000       0.000       0.000       0.000       0.000    
   140400.   16.93140132   17.7064   0.000       0.000      0.2131E-03   0.000    -0.2986E-03 0.8549E-04  0.000      0.000      0.000      0.000       0.000       0.000       0.000       0.000       0.000       0.000    
   144000.   16.90806251   17.7043   0.000       0.000      0.2190E-03   0.000    -0.3188E-03 0.9985E-04  0.000      0.000      0.000      0.000       0.000       0.000       0.000       0.000       0.000       0.000    
   147600.   16.89286341   17.7020   0.000       0.000      0.2225E-03   0.000    -0.3003E-03 0.7780E-04  0.000      0.000      0.000      0.000       0.000       0.000       0.000       0.000       0.000       0.000    
   151200.   16.88256767   17.6997   0.000       0.000      0.2247E-03   0.000    -0.2798E-03 0.5513E-04  0.000      0.000      0.000      0.000       0.000       0.000       0.000       0.000       0.000       0.000    
   154800.   16.87546474   17.6973   0.000       0.000      0.2260E-03   0.000    -0.2592E-03 0.3318E-04  0.000      0.000      0.000      0.000       0.000       0.000       0.000       0.000       0.000       0.000    
   158400.   16.89620484   17.6955   0.000       0.000      0.2198E-03   0.000     0.2315E-03-0.4513E-03  0.000      0.000      0.000      0.000       0.000       0.000       0.000       0.000       0.000       0.000    
   162000.   17.00605789   17.6968   0.000       0.000      0.1900E-03   0.000     0.2151E-02-0.2341E-02  0.000      0.000      0.000      0.000       0.000       0.000       0.000       0.000       0.000       0.000    
   165600.   17.02505564   17.6980   0.000       0.000      0.1851E-03   0.000     0.1777E-02-0.1962E-02  0.000      0.000      0.000      0.000       0.000       0.000       0.000       0.000       0.000       0.000    
   169200.   16.95341368   17.6969   0.000       0.000      0.2045E-03   0.000     0.1056E-03-0.3101E-03  0.000      0.000      0.000      0.000       0.000       0.000       0.000       0.000       0.000       0.000    
   172800.   16.91787931   17.6952   0.000       0.000      0.2138E-03   0.000    -0.2080E-03-0.5715E-05  0.000      0.000      0.000      0.000       0.000       0.000       0.000       0.000       0.000       0.000    
