   TOTIM (T)          HCON      HMAT     QDIR      QWELL        QMAT QCADS<->CON       QTUB1       QTUB2       QTUB3       QTUB4       QTUB5       QTUB6       NSTOR        QFIX        QLH     FHLQ (LQ)      CAUCHY CAUCHY (LQ) BREAK-DOWN CADS FLOW  QCADS<->CON    Q_CDSSTO    Q_CDSRCH
        10.0   20.00000106   20.0004  0.3000       0.000      0.6251E-01   0.000      0.4051E-01 -0.4030       0.000       0.000       0.000       0.000        0.000       0.000       0.000       0.000       0.000       0.000                             0.000       0.000       0.000    
        20.0   20.00000106   20.0004  0.3000       0.000      0.6251E-01   0.000      0.4051E-01 -0.4030       0.000       0.000       0.000       0.000        0.000       0.000       0.000       0.000       0.000       0.000                             0.000       0.000       0.000    
        30.0   20.00000106   20.0004  0.3000       0.000      0.6251E-01   0.000      0.4051E-01 -0.4030       0.000       0.000       0.000       0.000        0.000       0.000       0.000       0.000       0.000       0.000                             0.000       0.000       0.000    
        40.0   20.00000106   20.0004  0.3000       0.000      0.6251E-01   0.000      0.4051E-01 -0.4030       0.000       0.000       0.000       0.000        0.000       0.000       0.000       0.000       0.000       0.000                             0.000       0.000       0.000    
        50.0   20.00000106   20.0004  0.3000       0.000      0.6251E-01   0.000      0.4051E-01 -0.4030       0.000       0.000       0.000       0.000        0.000       0.000       0.000       0.000       0.000       0.000                             0.000       0.000       0.000    
        60.0   20.00000106   20.0004  0.3000       0.000      0.6251E-01   0.000      0.4051E-01 -0.4030       0.000       0.000       0.000       0.000        0.000       0.000       0.000       0.000       0.000       0.000                             0.000       0.000       0.000    
        70.0   20.00000106   20.0004  0.3000       0.000      0.6251E-01   0.000      0.4051E-01 -0.4030       0.000       0.000       0.000       0.000        0.000       0.000       0.000       0.000       0.000       0.000                             0.000       0.000       0.000    
        80.0   20.00000106   20.0004  0.3000       0.000      0.6251E-01   0.000      0.4051E-01 -0.4030       0.000       0.000       0.000       0.000        0.000       0.000       0.000       0.000       0.000       0.000                             0.000       0.000       0.000    
        90.0   20.00000106   20.0004  0.3000       0.000      0.6251E-01   0.000      0.4051E-01 -0.4030       0.000       0.000       0.000       0.000        0.000       0.000       0.000       0.000       0.000       0.000                             0.000       0.000       0.000    
       100.0   20.00000106   20.0004  0.3000       0.000      0.6251E-01   0.000      0.4051E-01 -0.4030       0.000       0.000       0.000       0.000        0.000       0.000       0.000       0.000       0.000       0.000                             0.000       0.000       0.000    
       110.0   20.00000022   20.0001  0.1000       0.000      0.2086E-01   0.000      0.1351E-01 -0.1344       0.000       0.000       0.000       0.000        0.000       0.000       0.000       0.000       0.000       0.000                             0.000       0.000       0.000    
       120.0   20.00000022   20.0001  0.1000       0.000      0.2086E-01   0.000      0.1351E-01 -0.1344       0.000       0.000       0.000       0.000        0.000       0.000       0.000       0.000       0.000       0.000                             0.000       0.000       0.000    
       130.0   20.00000022   20.0001  0.1000       0.000      0.2086E-01   0.000      0.1351E-01 -0.1344       0.000       0.000       0.000       0.000        0.000       0.000       0.000       0.000       0.000       0.000                             0.000       0.000       0.000    
       140.0   20.00000022   20.0001  0.1000       0.000      0.2086E-01   0.000      0.1351E-01 -0.1344       0.000       0.000       0.000       0.000        0.000       0.000       0.000       0.000       0.000       0.000                             0.000       0.000       0.000    
       150.0   20.00000022   20.0001  0.1000       0.000      0.2086E-01   0.000      0.1351E-01 -0.1344       0.000       0.000       0.000       0.000        0.000       0.000       0.000       0.000       0.000       0.000                             0.000       0.000       0.000    
       160.0   20.00000022   20.0001  0.1000       0.000      0.2086E-01   0.000      0.1351E-01 -0.1344       0.000       0.000       0.000       0.000        0.000       0.000       0.000       0.000       0.000       0.000                             0.000       0.000       0.000    
       170.0   20.00000022   20.0001  0.1000       0.000      0.2086E-01   0.000      0.1351E-01 -0.1344       0.000       0.000       0.000       0.000        0.000       0.000       0.000       0.000       0.000       0.000                             0.000       0.000       0.000    
       180.0   20.00000022   20.0001  0.1000       0.000      0.2086E-01   0.000      0.1351E-01 -0.1344       0.000       0.000       0.000       0.000        0.000       0.000       0.000       0.000       0.000       0.000                             0.000       0.000       0.000    
       190.0   20.00000022   20.0001  0.1000       0.000      0.2086E-01   0.000      0.1351E-01 -0.1344       0.000       0.000       0.000       0.000        0.000       0.000       0.000       0.000       0.000       0.000                             0.000       0.000       0.000    
       200.0   20.00000022   20.0001  0.1000       0.000      0.2086E-01   0.000      0.1351E-01 -0.1344       0.000       0.000       0.000       0.000        0.000       0.000       0.000       0.000       0.000       0.000                             0.000       0.000       0.000    
       210.0   20.00000058   20.0003  0.2000       0.000      0.4169E-01   0.000      0.2701E-01 -0.2687       0.000       0.000       0.000       0.000        0.000       0.000       0.000       0.000       0.000       0.000                             0.000       0.000       0.000    
       220.0   20.00000058   20.0003  0.2000       0.000      0.4169E-01   0.000      0.2701E-01 -0.2687       0.000       0.000       0.000       0.000        0.000       0.000       0.000       0.000       0.000       0.000                             0.000       0.000       0.000    
       230.0   20.00000058   20.0003  0.2000       0.000      0.4169E-01   0.000      0.2701E-01 -0.2687       0.000       0.000       0.000       0.000        0.000       0.000       0.000       0.000       0.000       0.000                             0.000       0.000       0.000    
       240.0   20.00000058   20.0003  0.2000       0.000      0.4169E-01   0.000      0.2701E-01 -0.2687       0.000       0.000       0.000       0.000        0.000       0.000       0.000       0.000       0.000       0.000                             0.000       0.000       0.000    
       250.0   20.00000058   20.0003  0.2000       0.000      0.4169E-01   0.000      0.2701E-01 -0.2687       0.000       0.000       0.000       0.000        0.000       0.000       0.000       0.000       0.000       0.000                             0.000       0.000       0.000    
       260.0   20.00000058   20.0003  0.2000       0.000      0.4169E-01   0.000      0.2701E-01 -0.2687       0.000       0.000       0.000       0.000        0.000       0.000       0.000       0.000       0.000       0.000                             0.000       0.000       0.000    
       270.0   20.00000058   20.0003  0.2000       0.000      0.4169E-01   0.000      0.2701E-01 -0.2687       0.000       0.000       0.000       0.000        0.000       0.000       0.000       0.000       0.000       0.000                             0.000       0.000       0.000    
       280.0   20.00000058   20.0003  0.2000       0.000      0.4169E-01   0.000      0.2701E-01 -0.2687       0.000       0.000       0.000       0.000        0.000       0.000       0.000       0.000       0.000       0.000                             0.000       0.000       0.000    
       290.0   20.00000058   20.0003  0.2000       0.000      0.4169E-01   0.000      0.2701E-01 -0.2687       0.000       0.000       0.000       0.000        0.000       0.000       0.000       0.000       0.000       0.000                             0.000       0.000       0.000    
       300.0   20.00000058   20.0003  0.2000       0.000      0.4169E-01   0.000      0.2701E-01 -0.2687       0.000       0.000       0.000       0.000        0.000       0.000       0.000       0.000       0.000       0.000                             0.000       0.000       0.000    
       310.0   20.00000106   20.0004  0.3000       0.000      0.6251E-01   0.000      0.4051E-01 -0.4030       0.000       0.000       0.000       0.000        0.000       0.000       0.000       0.000       0.000       0.000                             0.000       0.000       0.000    
       320.0   20.00000106   20.0004  0.3000       0.000      0.6251E-01   0.000      0.4051E-01 -0.4030       0.000       0.000       0.000       0.000        0.000       0.000       0.000       0.000       0.000       0.000                             0.000       0.000       0.000    
       330.0   20.00000106   20.0004  0.3000       0.000      0.6251E-01   0.000      0.4051E-01 -0.4030       0.000       0.000       0.000       0.000        0.000       0.000       0.000       0.000       0.000       0.000                             0.000       0.000       0.000    
       340.0   20.00000106   20.0004  0.3000       0.000      0.6251E-01   0.000      0.4051E-01 -0.4030       0.000       0.000       0.000       0.000        0.000       0.000       0.000       0.000       0.000       0.000                             0.000       0.000       0.000    
       350.0   20.00000106   20.0004  0.3000       0.000      0.6251E-01   0.000      0.4051E-01 -0.4030       0.000       0.000       0.000       0.000        0.000       0.000       0.000       0.000       0.000       0.000                             0.000       0.000       0.000    
       360.0   20.00000106   20.0004  0.3000       0.000      0.6251E-01   0.000      0.4051E-01 -0.4030       0.000       0.000       0.000       0.000        0.000       0.000       0.000       0.000       0.000       0.000                             0.000       0.000       0.000    
       370.0   20.00000106   20.0004  0.3000       0.000      0.6251E-01   0.000      0.4051E-01 -0.4030       0.000       0.000       0.000       0.000        0.000       0.000       0.000       0.000       0.000       0.000                             0.000       0.000       0.000    
       380.0   20.00000106   20.0004  0.3000       0.000      0.6251E-01   0.000      0.4051E-01 -0.4030       0.000       0.000       0.000       0.000        0.000       0.000       0.000       0.000       0.000       0.000                             0.000       0.000       0.000    
       390.0   20.00000106   20.0004  0.3000       0.000      0.6251E-01   0.000      0.4051E-01 -0.4030       0.000       0.000       0.000       0.000        0.000       0.000       0.000       0.000       0.000       0.000                             0.000       0.000       0.000    
       400.0   20.00000106   20.0004  0.3000       0.000      0.6251E-01   0.000      0.4051E-01 -0.4030       0.000       0.000       0.000       0.000        0.000       0.000       0.000       0.000       0.000       0.000                             0.000       0.000       0.000    
       410.0   20.00000058   20.0003  0.2000       0.000      0.4169E-01   0.000      0.2702E-01 -0.2687       0.000       0.000       0.000       0.000        0.000       0.000       0.000       0.000       0.000       0.000                             0.000       0.000       0.000    
       420.0   20.00000058   20.0003  0.2000       0.000      0.4169E-01   0.000      0.2702E-01 -0.2687       0.000       0.000       0.000       0.000        0.000       0.000       0.000       0.000       0.000       0.000                             0.000       0.000       0.000    
       430.0   20.00000058   20.0003  0.2000       0.000      0.4169E-01   0.000      0.2701E-01 -0.2687       0.000       0.000       0.000       0.000        0.000       0.000       0.000       0.000       0.000       0.000                             0.000       0.000       0.000    
       440.0   20.00000058   20.0003  0.2000       0.000      0.4169E-01   0.000      0.2701E-01 -0.2687       0.000       0.000       0.000       0.000        0.000       0.000       0.000       0.000       0.000       0.000                             0.000       0.000       0.000    
       450.0   20.00000058   20.0003  0.2000       0.000      0.4169E-01   0.000      0.2701E-01 -0.2687       0.000       0.000       0.000       0.000        0.000       0.000       0.000       0.000       0.000       0.000                             0.000       0.000       0.000    
       460.0   20.00000058   20.0003  0.2000       0.000      0.4169E-01   0.000      0.2701E-01 -0.2687       0.000       0.000       0.000       0.000        0.000       0.000       0.000       0.000       0.000       0.000                             0.000       0.000       0.000    
       470.0   20.00000058   20.0003  0.2000       0.000      0.4169E-01   0.000      0.2701E-01 -0.2687       0.000       0.000       0.000       0.000        0.000       0.000       0.000       0.000       0.000       0.000                             0.000       0.000       0.000    
       480.0   20.00000058   20.0003  0.2000       0.000      0.4169E-01   0.000      0.2701E-01 -0.2687       0.000       0.000       0.000       0.000        0.000       0.000       0.000       0.000       0.000       0.000                             0.000       0.000       0.000    
       490.0   20.00000058   20.0003  0.2000       0.000      0.4169E-01   0.000      0.2701E-01 -0.2687       0.000       0.000       0.000       0.000        0.000       0.000       0.000       0.000       0.000       0.000                             0.000       0.000       0.000    
       500.0   20.00000058   20.0003  0.2000       0.000      0.4169E-01   0.000      0.2701E-01 -0.2687       0.000       0.000       0.000       0.000        0.000       0.000       0.000       0.000       0.000       0.000                             0.000       0.000       0.000    
