TOTIM (T)      HCON          HMAT      QDIR      QWELL        QMAT       QCADS      QTUB1      QTUB2      QTUB3      QTUB4      QTUB5      QTUB6       NSTOR        QFIX        QLH     FHLQ (LQ)        CAUCHY   CAUCHY (LQ)
     3600.   12.36574457   12.4380   0.000       0.000      0.6320E-04   0.000     0.2208E-02-0.2271E-02  0.000      0.000      0.000      0.000       0.000       0.000       0.000       0.000       0.000       0.000    
     7200.   12.35219422   12.4369   0.000       0.000      0.7408E-04   0.000     0.1870E-02-0.1944E-02  0.000      0.000      0.000      0.000       0.000       0.000       0.000       0.000       0.000       0.000    
    10800.   12.34966345   12.4357   0.000       0.000      0.7525E-04   0.000     0.1885E-02-0.1960E-02  0.000      0.000      0.000      0.000       0.000       0.000       0.000       0.000       0.000       0.000    
    14400.   12.34850080   12.4345   0.000       0.000      0.7524E-04   0.000     0.1907E-02-0.1982E-02  0.000      0.000      0.000      0.000       0.000       0.000       0.000       0.000       0.000       0.000    
    18000.   12.34777287   12.4333   0.000       0.000      0.7488E-04   0.000     0.1925E-02-0.1999E-02  0.000      0.000      0.000      0.000       0.000       0.000       0.000       0.000       0.000       0.000    
    21600.   12.34723385   12.4322   0.000       0.000      0.7439E-04   0.000     0.1940E-02-0.2014E-02  0.000      0.000      0.000      0.000       0.000       0.000       0.000       0.000       0.000       0.000    
    25200.   12.34678095   12.4312   0.000       0.000      0.7385E-04   0.000     0.1953E-02-0.2027E-02  0.000      0.000      0.000      0.000       0.000       0.000       0.000       0.000       0.000       0.000    
    28800.   12.34639397   12.4302   0.000       0.000      0.7330E-04   0.000     0.1964E-02-0.2038E-02  0.000      0.000      0.000      0.000       0.000       0.000       0.000       0.000       0.000       0.000    
    32400.   12.34601565   12.4292   0.000       0.000      0.7278E-04   0.000     0.1975E-02-0.2048E-02  0.000      0.000      0.000      0.000       0.000       0.000       0.000       0.000       0.000       0.000    
    36000.   12.34564139   12.4283   0.000       0.000      0.7229E-04   0.000     0.1985E-02-0.2058E-02  0.000      0.000      0.000      0.000       0.000       0.000       0.000       0.000       0.000       0.000    
    39600.   12.34526962   12.4274   0.000       0.000      0.7182E-04   0.000     0.1995E-02-0.2067E-02  0.000      0.000      0.000      0.000       0.000       0.000       0.000       0.000       0.000       0.000    
    43200.   12.35848663   12.4276   0.000       0.000      0.6048E-04   0.000     0.2341E-02-0.2402E-02  0.000      0.000      0.000      0.000       0.000       0.000       0.000       0.000       0.000       0.000    
    46800.   12.36067017   12.4280   0.000       0.000      0.5888E-04   0.000     0.2335E-02-0.2394E-02  0.000      0.000      0.000      0.000       0.000       0.000       0.000       0.000       0.000       0.000    
    50400.   12.34787999   12.4272   0.000       0.000      0.6941E-04   0.000     0.1983E-02-0.2053E-02  0.000      0.000      0.000      0.000       0.000       0.000       0.000       0.000       0.000       0.000    
    54000.   12.35930292   12.4275   0.000       0.000      0.5968E-04   0.000     0.2325E-02-0.2384E-02  0.000      0.000      0.000      0.000       0.000       0.000       0.000       0.000       0.000       0.000    
    57600.   12.39495472   12.4307   0.000       0.000      0.3128E-04   0.000     0.3166E-02-0.3197E-02  0.000      0.000      0.000      0.000       0.000       0.000       0.000       0.000       0.000       0.000    
    61200.   12.50429865   12.4426   0.000       0.000     -0.5399E-04   0.000     0.5643E-02-0.5589E-02  0.000      0.000      0.000      0.000       0.000       0.000       0.000       0.000       0.000       0.000    
    64800.   12.49953674   12.4527   0.000       0.000     -0.4100E-04   0.000     0.4794E-02-0.4753E-02  0.000      0.000      0.000      0.000       0.000       0.000       0.000       0.000       0.000       0.000    
    68400.   12.49855137   12.4619   0.000       0.000     -0.3207E-04   0.000     0.4436E-02-0.4404E-02  0.000      0.000      0.000      0.000       0.000       0.000       0.000       0.000       0.000       0.000    
    72000.   12.46780420   12.4679   0.000       0.000      0.8074E-07   0.000     0.3470E-02-0.3470E-02  0.000      0.000      0.000      0.000       0.000       0.000       0.000       0.000       0.000       0.000    
    75600.   12.43733411   12.4711   0.000       0.000      0.2955E-04   0.000     0.2729E-02-0.2759E-02  0.000      0.000      0.000      0.000       0.000       0.000       0.000       0.000       0.000       0.000    
    79200.   12.51412576   12.4807   0.000       0.000     -0.2928E-04   0.000     0.4740E-02-0.4711E-02  0.000      0.000      0.000      0.000       0.000       0.000       0.000       0.000       0.000       0.000    
    82800.   12.52824578   12.4904   0.000       0.000     -0.3312E-04   0.000     0.4653E-02-0.4620E-02  0.000      0.000      0.000      0.000       0.000       0.000       0.000       0.000       0.000       0.000    
    86400.   12.54233497   12.5005   0.000       0.000     -0.3661E-04   0.000     0.4677E-02-0.4641E-02  0.000      0.000      0.000      0.000       0.000       0.000       0.000       0.000       0.000       0.000    
    90000.   12.62375562   12.5166   0.000       0.000     -0.9378E-04   0.000     0.6401E-02-0.6307E-02  0.000      0.000      0.000      0.000       0.000       0.000       0.000       0.000       0.000       0.000    
    93600.   12.81312584   12.5469   0.000       0.000     -0.2330E-03   0.000     0.1041E-01-0.1018E-01  0.000      0.000      0.000      0.000       0.000       0.000       0.000       0.000       0.000       0.000    
    97200.   12.74666535   12.5685   0.000       0.000     -0.1559E-03   0.000     0.7307E-02-0.7151E-02  0.000      0.000      0.000      0.000       0.000       0.000       0.000       0.000       0.000       0.000    
   100800.   12.59894046   12.5765   0.000       0.000     -0.1961E-04   0.000     0.3246E-02-0.3226E-02  0.000      0.000      0.000      0.000       0.000       0.000       0.000       0.000       0.000       0.000    
   104400.   12.52931668   12.5789   0.000       0.000      0.4343E-04   0.000     0.2015E-02-0.2058E-02  0.000      0.000      0.000      0.000       0.000       0.000       0.000       0.000       0.000       0.000    
   108000.   12.50736882   12.5799   0.000       0.000      0.6345E-04   0.000     0.1945E-02-0.2008E-02  0.000      0.000      0.000      0.000       0.000       0.000       0.000       0.000       0.000       0.000    
   111600.   12.47369670   12.5782   0.000       0.000      0.9142E-04   0.000     0.1364E-02-0.1455E-02  0.000      0.000      0.000      0.000       0.000       0.000       0.000       0.000       0.000       0.000    
   115200.   12.44621214   12.5745   0.000       0.000      0.1123E-03   0.000     0.9490E-03-0.1061E-02  0.000      0.000      0.000      0.000       0.000       0.000       0.000       0.000       0.000       0.000    
   118800.   12.42632717   12.5697   0.000       0.000      0.1254E-03   0.000     0.7200E-03-0.8454E-03  0.000      0.000      0.000      0.000       0.000       0.000       0.000       0.000       0.000       0.000    
   122400.   12.43497699   12.5660   0.000       0.000      0.1147E-03   0.000     0.1171E-02-0.1286E-02  0.000      0.000      0.000      0.000       0.000       0.000       0.000       0.000       0.000       0.000    
   126000.   12.41493447   12.5609   0.000       0.000      0.1277E-03   0.000     0.7555E-03-0.8832E-03  0.000      0.000      0.000      0.000       0.000       0.000       0.000       0.000       0.000       0.000    
   129600.   12.46580009   12.5605   0.000       0.000      0.8288E-04   0.000     0.2191E-02-0.2274E-02  0.000      0.000      0.000      0.000       0.000       0.000       0.000       0.000       0.000       0.000    
   133200.   12.44041844   12.5578   0.000       0.000      0.1027E-03   0.000     0.1384E-02-0.1486E-02  0.000      0.000      0.000      0.000       0.000       0.000       0.000       0.000       0.000       0.000    
   136800.   12.43114985   12.5545   0.000       0.000      0.1080E-03   0.000     0.1245E-02-0.1353E-02  0.000      0.000      0.000      0.000       0.000       0.000       0.000       0.000       0.000       0.000    
   140400.   12.40885527   12.5497   0.000       0.000      0.1232E-03   0.000     0.8071E-03-0.9303E-03  0.000      0.000      0.000      0.000       0.000       0.000       0.000       0.000       0.000       0.000    
   144000.   12.40439388   12.5449   0.000       0.000      0.1230E-03   0.000     0.8936E-03-0.1017E-02  0.000      0.000      0.000      0.000       0.000       0.000       0.000       0.000       0.000       0.000    
   147600.   12.40241906   12.5404   0.000       0.000      0.1207E-03   0.000     0.9843E-03-0.1105E-02  0.000      0.000      0.000      0.000       0.000       0.000       0.000       0.000       0.000       0.000    
   151200.   12.40134765   12.5361   0.000       0.000      0.1179E-03   0.000     0.1062E-02-0.1180E-02  0.000      0.000      0.000      0.000       0.000       0.000       0.000       0.000       0.000       0.000    
   154800.   12.40065045   12.5320   0.000       0.000      0.1149E-03   0.000     0.1132E-02-0.1247E-02  0.000      0.000      0.000      0.000       0.000       0.000       0.000       0.000       0.000       0.000    
   158400.   12.41373491   12.5293   0.000       0.000      0.1011E-03   0.000     0.1533E-02-0.1635E-02  0.000      0.000      0.000      0.000       0.000       0.000       0.000       0.000       0.000       0.000    
   162000.   12.47042268   12.5314   0.000       0.000      0.5338E-04   0.000     0.2925E-02-0.2978E-02  0.000      0.000      0.000      0.000       0.000       0.000       0.000       0.000       0.000       0.000    
   165600.   12.46784227   12.5329   0.000       0.000      0.5690E-04   0.000     0.2562E-02-0.2618E-02  0.000      0.000      0.000      0.000       0.000       0.000       0.000       0.000       0.000       0.000    
   169200.   12.42273211   12.5304   0.000       0.000      0.9423E-04   0.000     0.1341E-02-0.1435E-02  0.000      0.000      0.000      0.000       0.000       0.000       0.000       0.000       0.000       0.000    
   172800.   12.40888890   12.5272   0.000       0.000      0.1035E-03   0.000     0.1208E-02-0.1312E-02  0.000      0.000      0.000      0.000       0.000       0.000       0.000       0.000       0.000       0.000    
