TOTIM (T)      HCON          HMAT      QDIR      QWELL        QMAT       QCADS      QTUB1      QTUB2      QTUB3      QTUB4      QTUB5      QTUB6       NSTOR        QFIX        QLH     FHLQ (LQ)        CAUCHY   CAUCHY (LQ)
     3600.   12.36574462   12.5325   0.000       0.000      0.1459E-03   0.000     0.1286E-02-0.1432E-02  0.000      0.000      0.000      0.000       0.000       0.000       0.000       0.000       0.000       0.000    
     7200.   12.35219420   12.5314   0.000       0.000      0.1568E-03   0.000     0.8322E-03-0.9890E-03  0.000      0.000      0.000      0.000       0.000       0.000       0.000       0.000       0.000       0.000    
    10800.   12.34966343   12.5302   0.000       0.000      0.1580E-03   0.000     0.8495E-03-0.1008E-02  0.000      0.000      0.000      0.000       0.000       0.000       0.000       0.000       0.000       0.000    
    14400.   12.34850078   12.5291   0.000       0.000      0.1580E-03   0.000     0.8726E-03-0.1031E-02  0.000      0.000      0.000      0.000       0.000       0.000       0.000       0.000       0.000       0.000    
    18000.   12.34777286   12.5279   0.000       0.000      0.1576E-03   0.000     0.8935E-03-0.1051E-02  0.000      0.000      0.000      0.000       0.000       0.000       0.000       0.000       0.000       0.000    
    21600.   12.34723384   12.5268   0.000       0.000      0.1571E-03   0.000     0.9125E-03-0.1070E-02  0.000      0.000      0.000      0.000       0.000       0.000       0.000       0.000       0.000       0.000    
    25200.   12.34678094   12.5257   0.000       0.000      0.1566E-03   0.000     0.9300E-03-0.1087E-02  0.000      0.000      0.000      0.000       0.000       0.000       0.000       0.000       0.000       0.000    
    28800.   12.34639397   12.5247   0.000       0.000      0.1560E-03   0.000     0.9460E-03-0.1102E-02  0.000      0.000      0.000      0.000       0.000       0.000       0.000       0.000       0.000       0.000    
    32400.   12.34601565   12.5237   0.000       0.000      0.1555E-03   0.000     0.9609E-03-0.1116E-02  0.000      0.000      0.000      0.000       0.000       0.000       0.000       0.000       0.000       0.000    
    36000.   12.34564139   12.5228   0.000       0.000      0.1550E-03   0.000     0.9748E-03-0.1130E-02  0.000      0.000      0.000      0.000       0.000       0.000       0.000       0.000       0.000       0.000    
    39600.   12.34526962   12.5219   0.000       0.000      0.1545E-03   0.000     0.9877E-03-0.1142E-02  0.000      0.000      0.000      0.000       0.000       0.000       0.000       0.000       0.000       0.000    
    43200.   12.35848670   12.5221   0.000       0.000      0.1432E-03   0.000     0.1454E-02-0.1597E-02  0.000      0.000      0.000      0.000       0.000       0.000       0.000       0.000       0.000       0.000    
    46800.   12.36067024   12.5225   0.000       0.000      0.1416E-03   0.000     0.1448E-02-0.1589E-02  0.000      0.000      0.000      0.000       0.000       0.000       0.000       0.000       0.000       0.000    
    50400.   12.34787998   12.5217   0.000       0.000      0.1521E-03   0.000     0.9810E-03-0.1133E-02  0.000      0.000      0.000      0.000       0.000       0.000       0.000       0.000       0.000       0.000    
    54000.   12.35930299   12.5220   0.000       0.000      0.1424E-03   0.000     0.1441E-02-0.1583E-02  0.000      0.000      0.000      0.000       0.000       0.000       0.000       0.000       0.000       0.000    
    57600.   12.39495496   12.5252   0.000       0.000      0.1140E-03   0.000     0.2571E-02-0.2685E-02  0.000      0.000      0.000      0.000       0.000       0.000       0.000       0.000       0.000       0.000    
    61200.   12.50428816   12.5371   0.000       0.000      0.2873E-04   0.000     0.5919E-02-0.5948E-02  0.000      0.000      0.000      0.000       0.000       0.000       0.000       0.000       0.000       0.000    
    64800.   12.49952957   12.5472   0.000       0.000      0.4172E-04   0.000     0.4813E-02-0.4855E-02  0.000      0.000      0.000      0.000       0.000       0.000       0.000       0.000       0.000       0.000    
    68400.   12.49854522   12.5564   0.000       0.000      0.5064E-04   0.000     0.4386E-02-0.4436E-02  0.000      0.000      0.000      0.000       0.000       0.000       0.000       0.000       0.000       0.000    
    72000.   12.46779986   12.5624   0.000       0.000      0.8280E-04   0.000     0.3094E-02-0.3177E-02  0.000      0.000      0.000      0.000       0.000       0.000       0.000       0.000       0.000       0.000    
    75600.   12.43733067   12.5656   0.000       0.000      0.1123E-03   0.000     0.2089E-02-0.2202E-02  0.000      0.000      0.000      0.000       0.000       0.000       0.000       0.000       0.000       0.000    
    79200.   12.51411802   12.5752   0.000       0.000      0.5346E-04   0.000     0.4774E-02-0.4827E-02  0.000      0.000      0.000      0.000       0.000       0.000       0.000       0.000       0.000       0.000    
    82800.   12.52823870   12.5850   0.000       0.000      0.4963E-04   0.000     0.4647E-02-0.4697E-02  0.000      0.000      0.000      0.000       0.000       0.000       0.000       0.000       0.000       0.000    
    86400.   12.54232806   12.5951   0.000       0.000      0.4615E-04   0.000     0.4711E-02-0.4757E-02  0.000      0.000      0.000      0.000       0.000       0.000       0.000       0.000       0.000       0.000    
    90000.   12.62374439   12.6112   0.000       0.000     -0.1100E-04   0.000     0.7047E-02-0.7036E-02  0.000      0.000      0.000      0.000       0.000       0.000       0.000       0.000       0.000       0.000    
    93600.   12.81313568   12.6415   0.000       0.000     -0.1502E-03   0.000     0.1247E-01-0.1232E-01  0.000      0.000      0.000      0.000       0.000       0.000       0.000       0.000       0.000       0.000    
    97200.   12.74666927   12.6632   0.000       0.000     -0.7304E-04   0.000     0.8356E-02-0.8283E-02  0.000      0.000      0.000      0.000       0.000       0.000       0.000       0.000       0.000       0.000    
   100800.   12.59894060   12.6712   0.000       0.000      0.6325E-04   0.000     0.2967E-02-0.3030E-02  0.000      0.000      0.000      0.000       0.000       0.000       0.000       0.000       0.000       0.000    
   104400.   12.52931616   12.6737   0.000       0.000      0.1263E-03   0.000     0.1268E-02-0.1395E-02  0.000      0.000      0.000      0.000       0.000       0.000       0.000       0.000       0.000       0.000    
   108000.   12.50736799   12.6747   0.000       0.000      0.1464E-03   0.000     0.1079E-02-0.1225E-02  0.000      0.000      0.000      0.000       0.000       0.000       0.000       0.000       0.000       0.000    
   111600.   12.47369573   12.6730   0.000       0.000      0.1744E-03   0.000     0.2313E-03-0.4057E-03  0.000      0.000      0.000      0.000       0.000       0.000       0.000       0.000       0.000       0.000    
   115200.   12.44621112   12.6694   0.000       0.000      0.1953E-03   0.000    -0.3621E-03 0.1668E-03  0.000      0.000      0.000      0.000       0.000       0.000       0.000       0.000       0.000       0.000    
   118800.   12.42632609   12.6646   0.000       0.000      0.2085E-03   0.000    -0.6986E-03 0.4901E-03  0.000      0.000      0.000      0.000       0.000       0.000       0.000       0.000       0.000       0.000    
   122400.   12.43497575   12.6610   0.000       0.000      0.1978E-03   0.000    -0.1113E-03-0.8649E-04  0.000      0.000      0.000      0.000       0.000       0.000       0.000       0.000       0.000       0.000    
   126000.   12.41493331   12.6559   0.000       0.000      0.2109E-03   0.000    -0.6806E-03 0.4697E-03  0.000      0.000      0.000      0.000       0.000       0.000       0.000       0.000       0.000       0.000    
   129600.   12.46579858   12.6556   0.000       0.000      0.1661E-03   0.000     0.1254E-02-0.1420E-02  0.000      0.000      0.000      0.000       0.000       0.000       0.000       0.000       0.000       0.000    
   133200.   12.44041720   12.6529   0.000       0.000      0.1859E-03   0.000     0.1719E-03-0.3578E-03  0.000      0.000      0.000      0.000       0.000       0.000       0.000       0.000       0.000       0.000    
   136800.   12.43114867   12.6497   0.000       0.000      0.1912E-03   0.000     0.7606E-05-0.1988E-03  0.000      0.000      0.000      0.000       0.000       0.000       0.000       0.000       0.000       0.000    
   140400.   12.40885415   12.6449   0.000       0.000      0.2065E-03   0.000    -0.5863E-03 0.3797E-03  0.000      0.000      0.000      0.000       0.000       0.000       0.000       0.000       0.000       0.000    
   144000.   12.40439271   12.6402   0.000       0.000      0.2063E-03   0.000    -0.4763E-03 0.2700E-03  0.000      0.000      0.000      0.000       0.000       0.000       0.000       0.000       0.000       0.000    
   147600.   12.40241784   12.6357   0.000       0.000      0.2041E-03   0.000    -0.3642E-03 0.1601E-03  0.000      0.000      0.000      0.000       0.000       0.000       0.000       0.000       0.000       0.000    
   151200.   12.40134642   12.6314   0.000       0.000      0.2013E-03   0.000    -0.2615E-03 0.6018E-04  0.000      0.000      0.000      0.000       0.000       0.000       0.000       0.000       0.000       0.000    
   154800.   12.40064922   12.6273   0.000       0.000      0.1984E-03   0.000    -0.1667E-03-0.3164E-04  0.000      0.000      0.000      0.000       0.000       0.000       0.000       0.000       0.000       0.000    
   158400.   12.41373360   12.6246   0.000       0.000      0.1845E-03   0.000     0.3748E-03-0.5594E-03  0.000      0.000      0.000      0.000       0.000       0.000       0.000       0.000       0.000       0.000    
   162000.   12.47042107   12.6268   0.000       0.000      0.1368E-03   0.000     0.2253E-02-0.2390E-02  0.000      0.000      0.000      0.000       0.000       0.000       0.000       0.000       0.000       0.000    
   165600.   12.46784091   12.6283   0.000       0.000      0.1404E-03   0.000     0.1782E-02-0.1923E-02  0.000      0.000      0.000      0.000       0.000       0.000       0.000       0.000       0.000       0.000    
   169200.   12.42273106   12.6258   0.000       0.000      0.1777E-03   0.000     0.1677E-03-0.3454E-03  0.000      0.000      0.000      0.000       0.000       0.000       0.000       0.000       0.000       0.000    
   172800.   12.40888782   12.6226   0.000       0.000      0.1870E-03   0.000    -0.1247E-04-0.1745E-03  0.000      0.000      0.000      0.000       0.000       0.000       0.000       0.000       0.000       0.000    
