TOTIM (T)      HCON          HMAT      QDIR      QWELL        QMAT       QCADS      QTUB1      QTUB2      QTUB3      QTUB4      QTUB5      QTUB6       NSTOR        QFIX        QLH     FHLQ (LQ)        CAUCHY   CAUCHY (LQ)
     3600.   12.36574446   12.4516   0.000       0.000      0.7512E-04   0.000    -0.1857E-02 0.1782E-02  0.000      0.000      0.000      0.000       0.000       0.000       0.000       0.000       0.000       0.000    
     7200.   12.35219408   12.4505   0.000       0.000      0.8600E-04   0.000    -0.1457E-02 0.1371E-02  0.000      0.000      0.000      0.000       0.000       0.000       0.000       0.000       0.000       0.000    
    10800.   12.34966332   12.4493   0.000       0.000      0.8718E-04   0.000    -0.1480E-02 0.1393E-02  0.000      0.000      0.000      0.000       0.000       0.000       0.000       0.000       0.000       0.000    
    14400.   12.34850066   12.4481   0.000       0.000      0.8717E-04   0.000    -0.1503E-02 0.1416E-02  0.000      0.000      0.000      0.000       0.000       0.000       0.000       0.000       0.000       0.000    
    18000.   12.34777273   12.4470   0.000       0.000      0.8680E-04   0.000    -0.1522E-02 0.1435E-02  0.000      0.000      0.000      0.000       0.000       0.000       0.000       0.000       0.000       0.000    
    21600.   12.34723371   12.4459   0.000       0.000      0.8631E-04   0.000    -0.1539E-02 0.1452E-02  0.000      0.000      0.000      0.000       0.000       0.000       0.000       0.000       0.000       0.000    
    25200.   12.34678082   12.4448   0.000       0.000      0.8577E-04   0.000    -0.1554E-02 0.1468E-02  0.000      0.000      0.000      0.000       0.000       0.000       0.000       0.000       0.000       0.000    
    28800.   12.34639384   12.4438   0.000       0.000      0.8522E-04   0.000    -0.1567E-02 0.1482E-02  0.000      0.000      0.000      0.000       0.000       0.000       0.000       0.000       0.000       0.000    
    32400.   12.34601552   12.4428   0.000       0.000      0.8470E-04   0.000    -0.1579E-02 0.1494E-02  0.000      0.000      0.000      0.000       0.000       0.000       0.000       0.000       0.000       0.000    
    36000.   12.34564126   12.4419   0.000       0.000      0.8420E-04   0.000    -0.1590E-02 0.1506E-02  0.000      0.000      0.000      0.000       0.000       0.000       0.000       0.000       0.000       0.000    
    39600.   12.34526949   12.4410   0.000       0.000      0.8374E-04   0.000    -0.1601E-02 0.1517E-02  0.000      0.000      0.000      0.000       0.000       0.000       0.000       0.000       0.000       0.000    
    43200.   12.35848653   12.4412   0.000       0.000      0.7239E-04   0.000    -0.2010E-02 0.1938E-02  0.000      0.000      0.000      0.000       0.000       0.000       0.000       0.000       0.000       0.000    
    46800.   12.36067007   12.4416   0.000       0.000      0.7079E-04   0.000    -0.1996E-02 0.1925E-02  0.000      0.000      0.000      0.000       0.000       0.000       0.000       0.000       0.000       0.000    
    50400.   12.34787985   12.4408   0.000       0.000      0.8132E-04   0.000    -0.1582E-02 0.1501E-02  0.000      0.000      0.000      0.000       0.000       0.000       0.000       0.000       0.000       0.000    
    54000.   12.35930282   12.4411   0.000       0.000      0.7159E-04   0.000    -0.1994E-02 0.1922E-02  0.000      0.000      0.000      0.000       0.000       0.000       0.000       0.000       0.000       0.000    
    57600.   12.39495469   12.4443   0.000       0.000      0.4319E-04   0.000    -0.2982E-02 0.2939E-02  0.000      0.000      0.000      0.000       0.000       0.000       0.000       0.000       0.000       0.000    
    61200.   12.50428757   12.4562   0.000       0.000     -0.4207E-04   0.000    -0.5904E-02 0.5946E-02  0.000      0.000      0.000      0.000       0.000       0.000       0.000       0.000       0.000       0.000    
    64800.   12.49952909   12.4663   0.000       0.000     -0.2908E-04   0.000    -0.4863E-02 0.4892E-02  0.000      0.000      0.000      0.000       0.000       0.000       0.000       0.000       0.000       0.000    
    68400.   12.49854478   12.4755   0.000       0.000     -0.2016E-04   0.000    -0.4480E-02 0.4500E-02  0.000      0.000      0.000      0.000       0.000       0.000       0.000       0.000       0.000       0.000    
    72000.   12.46779954   12.4815   0.000       0.000      0.1200E-04   0.000    -0.3348E-02 0.3336E-02  0.000      0.000      0.000      0.000       0.000       0.000       0.000       0.000       0.000       0.000    
    75600.   12.43733044   12.4847   0.000       0.000      0.4146E-04   0.000    -0.2491E-02 0.2450E-02  0.000      0.000      0.000      0.000       0.000       0.000       0.000       0.000       0.000       0.000    
    79200.   12.51411754   12.4943   0.000       0.000     -0.1736E-04   0.000    -0.4882E-02 0.4899E-02  0.000      0.000      0.000      0.000       0.000       0.000       0.000       0.000       0.000       0.000    
    82800.   12.52823824   12.5040   0.000       0.000     -0.2119E-04   0.000    -0.4736E-02 0.4757E-02  0.000      0.000      0.000      0.000       0.000       0.000       0.000       0.000       0.000       0.000    
    86400.   12.54232759   12.5141   0.000       0.000     -0.2467E-04   0.000    -0.4782E-02 0.4807E-02  0.000      0.000      0.000      0.000       0.000       0.000       0.000       0.000       0.000       0.000    
    90000.   12.62374370   12.5302   0.000       0.000     -0.8183E-04   0.000    -0.6833E-02 0.6915E-02  0.000      0.000      0.000      0.000       0.000       0.000       0.000       0.000       0.000       0.000    
    93600.   12.81312193   12.5605   0.000       0.000     -0.2210E-03   0.000    -0.1156E-01 0.1178E-01  0.000      0.000      0.000      0.000       0.000       0.000       0.000       0.000       0.000       0.000    
    97200.   12.74666295   12.5822   0.000       0.000     -0.1439E-03   0.000    -0.7831E-02 0.7975E-02  0.000      0.000      0.000      0.000       0.000       0.000       0.000       0.000       0.000       0.000    
   100800.   12.59893964   12.5902   0.000       0.000     -0.7626E-05   0.000    -0.3124E-02 0.3132E-02  0.000      0.000      0.000      0.000       0.000       0.000       0.000       0.000       0.000       0.000    
   104400.   12.52931595   12.5927   0.000       0.000      0.5542E-04   0.000    -0.1740E-02 0.1685E-02  0.000      0.000      0.000      0.000       0.000       0.000       0.000       0.000       0.000       0.000    
   108000.   12.50736781   12.5936   0.000       0.000      0.7546E-04   0.000    -0.1651E-02 0.1575E-02  0.000      0.000      0.000      0.000       0.000       0.000       0.000       0.000       0.000       0.000    
   111600.   12.47369567   12.5919   0.000       0.000      0.1035E-03   0.000    -0.9437E-03 0.8403E-03  0.000      0.000      0.000      0.000       0.000       0.000       0.000       0.000       0.000       0.000    
   115200.   12.44621111   12.5883   0.000       0.000      0.1243E-03   0.000    -0.4548E-03 0.3304E-03  0.000      0.000      0.000      0.000       0.000       0.000       0.000       0.000       0.000       0.000    
   118800.   12.42632611   12.5835   0.000       0.000      0.1375E-03   0.000    -0.1842E-03 0.4667E-04  0.000      0.000      0.000      0.000       0.000       0.000       0.000       0.000       0.000       0.000    
   122400.   12.43497572   12.5799   0.000       0.000      0.1268E-03   0.000    -0.7179E-03 0.5911E-03  0.000      0.000      0.000      0.000       0.000       0.000       0.000       0.000       0.000       0.000    
   126000.   12.41493333   12.5748   0.000       0.000      0.1399E-03   0.000    -0.2141E-03 0.7422E-04  0.000      0.000      0.000      0.000       0.000       0.000       0.000       0.000       0.000       0.000    
   129600.   12.46579842   12.5744   0.000       0.000      0.9502E-04   0.000    -0.1925E-02 0.1830E-02  0.000      0.000      0.000      0.000       0.000       0.000       0.000       0.000       0.000       0.000    
   133200.   12.44041714   12.5717   0.000       0.000      0.1149E-03   0.000    -0.9417E-03 0.8268E-03  0.000      0.000      0.000      0.000       0.000       0.000       0.000       0.000       0.000       0.000    
   136800.   12.43114862   12.5685   0.000       0.000      0.1201E-03   0.000    -0.8039E-03 0.6837E-03  0.000      0.000      0.000      0.000       0.000       0.000       0.000       0.000       0.000       0.000    
   140400.   12.40885416   12.5636   0.000       0.000      0.1354E-03   0.000    -0.2866E-03 0.1511E-03  0.000      0.000      0.000      0.000       0.000       0.000       0.000       0.000       0.000       0.000    
   144000.   12.40439271   12.5589   0.000       0.000      0.1352E-03   0.000    -0.3954E-03 0.2602E-03  0.000      0.000      0.000      0.000       0.000       0.000       0.000       0.000       0.000       0.000    
   147600.   12.40241784   12.5544   0.000       0.000      0.1330E-03   0.000    -0.4964E-03 0.3634E-03  0.000      0.000      0.000      0.000       0.000       0.000       0.000       0.000       0.000       0.000    
   151200.   12.40134641   12.5501   0.000       0.000      0.1302E-03   0.000    -0.5851E-03 0.4549E-03  0.000      0.000      0.000      0.000       0.000       0.000       0.000       0.000       0.000       0.000    
   154800.   12.40064919   12.5460   0.000       0.000      0.1272E-03   0.000    -0.6652E-03 0.5380E-03  0.000      0.000      0.000      0.000       0.000       0.000       0.000       0.000       0.000       0.000    
   158400.   12.41373352   12.5433   0.000       0.000      0.1134E-03   0.000    -0.1138E-02 0.1024E-02  0.000      0.000      0.000      0.000       0.000       0.000       0.000       0.000       0.000       0.000    
   162000.   12.47042082   12.5455   0.000       0.000      0.6568E-04   0.000    -0.2778E-02 0.2712E-02  0.000      0.000      0.000      0.000       0.000       0.000       0.000       0.000       0.000       0.000    
   165600.   12.46784070   12.5469   0.000       0.000      0.6921E-04   0.000    -0.2324E-02 0.2255E-02  0.000      0.000      0.000      0.000       0.000       0.000       0.000       0.000       0.000       0.000    
   169200.   12.42273101   12.5445   0.000       0.000      0.1065E-03   0.000    -0.8964E-03 0.7899E-03  0.000      0.000      0.000      0.000       0.000       0.000       0.000       0.000       0.000       0.000    
   172800.   12.40888778   12.5413   0.000       0.000      0.1158E-03   0.000    -0.7627E-03 0.6469E-03  0.000      0.000      0.000      0.000       0.000       0.000       0.000       0.000       0.000       0.000    
