TOTIM (T)      HCON          HMAT      QDIR      QWELL        QMAT       QCADS      QTUB1      QTUB2      QTUB3      QTUB4      QTUB5      QTUB6       NSTOR        QFIX        QLH     FHLQ (LQ)        CAUCHY   CAUCHY (LQ)
     3600.   12.36574459   12.3929   0.000       0.000      0.2380E-04   0.000     0.1962E-02-0.1986E-02  0.000      0.000      0.000      0.000       0.000       0.000       0.000       0.000       0.000       0.000    
     7200.   12.35219425   12.3918   0.000       0.000      0.3468E-04   0.000     0.1719E-02-0.1753E-02  0.000      0.000      0.000      0.000       0.000       0.000       0.000       0.000       0.000       0.000    
    10800.   12.34966348   12.3906   0.000       0.000      0.3585E-04   0.000     0.1739E-02-0.1775E-02  0.000      0.000      0.000      0.000       0.000       0.000       0.000       0.000       0.000       0.000    
    14400.   12.34850083   12.3895   0.000       0.000      0.3584E-04   0.000     0.1759E-02-0.1795E-02  0.000      0.000      0.000      0.000       0.000       0.000       0.000       0.000       0.000       0.000    
    18000.   12.34777290   12.3883   0.000       0.000      0.3548E-04   0.000     0.1774E-02-0.1809E-02  0.000      0.000      0.000      0.000       0.000       0.000       0.000       0.000       0.000       0.000    
    21600.   12.34723388   12.3872   0.000       0.000      0.3499E-04   0.000     0.1784E-02-0.1819E-02  0.000      0.000      0.000      0.000       0.000       0.000       0.000       0.000       0.000       0.000    
    25200.   12.34678098   12.3862   0.000       0.000      0.3445E-04   0.000     0.1793E-02-0.1828E-02  0.000      0.000      0.000      0.000       0.000       0.000       0.000       0.000       0.000       0.000    
    28800.   12.34639400   12.3851   0.000       0.000      0.3390E-04   0.000     0.1800E-02-0.1834E-02  0.000      0.000      0.000      0.000       0.000       0.000       0.000       0.000       0.000       0.000    
    32400.   12.34601568   12.3842   0.000       0.000      0.3338E-04   0.000     0.1807E-02-0.1840E-02  0.000      0.000      0.000      0.000       0.000       0.000       0.000       0.000       0.000       0.000    
    36000.   12.34564142   12.3832   0.000       0.000      0.3288E-04   0.000     0.1813E-02-0.1846E-02  0.000      0.000      0.000      0.000       0.000       0.000       0.000       0.000       0.000       0.000    
    39600.   12.34526964   12.3823   0.000       0.000      0.3242E-04   0.000     0.1819E-02-0.1851E-02  0.000      0.000      0.000      0.000       0.000       0.000       0.000       0.000       0.000       0.000    
    43200.   12.35848664   12.3826   0.000       0.000      0.2107E-04   0.000     0.2067E-02-0.2088E-02  0.000      0.000      0.000      0.000       0.000       0.000       0.000       0.000       0.000       0.000    
    46800.   12.36067018   12.3829   0.000       0.000      0.1947E-04   0.000     0.2052E-02-0.2071E-02  0.000      0.000      0.000      0.000       0.000       0.000       0.000       0.000       0.000       0.000    
    50400.   12.34788000   12.3822   0.000       0.000      0.3000E-04   0.000     0.1793E-02-0.1823E-02  0.000      0.000      0.000      0.000       0.000       0.000       0.000       0.000       0.000       0.000    
    54000.   12.35930293   12.3825   0.000       0.000      0.2027E-04   0.000     0.2046E-02-0.2066E-02  0.000      0.000      0.000      0.000       0.000       0.000       0.000       0.000       0.000       0.000    
    57600.   12.39495470   12.3857   0.000       0.000     -0.8132E-05   0.000     0.2645E-02-0.2637E-02  0.000      0.000      0.000      0.000       0.000       0.000       0.000       0.000       0.000       0.000    
    61200.   12.50429853   12.3976   0.000       0.000     -0.9340E-04   0.000     0.4396E-02-0.4302E-02  0.000      0.000      0.000      0.000       0.000       0.000       0.000       0.000       0.000       0.000    
    64800.   12.49953662   12.4076   0.000       0.000     -0.8042E-04   0.000     0.3699E-02-0.3619E-02  0.000      0.000      0.000      0.000       0.000       0.000       0.000       0.000       0.000       0.000    
    68400.   12.49855126   12.4168   0.000       0.000     -0.7149E-04   0.000     0.3421E-02-0.3349E-02  0.000      0.000      0.000      0.000       0.000       0.000       0.000       0.000       0.000       0.000    
    72000.   12.46780412   12.4228   0.000       0.000     -0.3934E-04   0.000     0.2730E-02-0.2691E-02  0.000      0.000      0.000      0.000       0.000       0.000       0.000       0.000       0.000       0.000    
    75600.   12.43733407   12.4261   0.000       0.000     -0.9868E-05   0.000     0.2231E-02-0.2221E-02  0.000      0.000      0.000      0.000       0.000       0.000       0.000       0.000       0.000       0.000    
    79200.   12.51412566   12.4356   0.000       0.000     -0.6869E-04   0.000     0.3717E-02-0.3648E-02  0.000      0.000      0.000      0.000       0.000       0.000       0.000       0.000       0.000       0.000    
    82800.   12.52824567   12.4454   0.000       0.000     -0.7253E-04   0.000     0.3618E-02-0.3546E-02  0.000      0.000      0.000      0.000       0.000       0.000       0.000       0.000       0.000       0.000    
    86400.   12.54233486   12.4555   0.000       0.000     -0.7601E-04   0.000     0.3618E-02-0.3542E-02  0.000      0.000      0.000      0.000       0.000       0.000       0.000       0.000       0.000       0.000    
    90000.   12.62375544   12.4716   0.000       0.000     -0.1332E-03   0.000     0.4850E-02-0.4717E-02  0.000      0.000      0.000      0.000       0.000       0.000       0.000       0.000       0.000       0.000    
    93600.   12.81311297   12.5019   0.000       0.000     -0.2723E-03   0.000     0.7681E-02-0.7409E-02  0.000      0.000      0.000      0.000       0.000       0.000       0.000       0.000       0.000       0.000    
    97200.   12.74665907   12.5235   0.000       0.000     -0.1952E-03   0.000     0.5309E-02-0.5114E-02  0.000      0.000      0.000      0.000       0.000       0.000       0.000       0.000       0.000       0.000    
   100800.   12.59893996   12.5316   0.000       0.000     -0.5896E-04   0.000     0.2409E-02-0.2350E-02  0.000      0.000      0.000      0.000       0.000       0.000       0.000       0.000       0.000       0.000    
   104400.   12.52931665   12.5340   0.000       0.000      0.4092E-05   0.000     0.1664E-02-0.1668E-02  0.000      0.000      0.000      0.000       0.000       0.000       0.000       0.000       0.000       0.000    
   108000.   12.50736883   12.5350   0.000       0.000      0.2414E-04   0.000     0.1728E-02-0.1752E-02  0.000      0.000      0.000      0.000       0.000       0.000       0.000       0.000       0.000       0.000    
   111600.   12.47369675   12.5333   0.000       0.000      0.5214E-04   0.000     0.1373E-02-0.1425E-02  0.000      0.000      0.000      0.000       0.000       0.000       0.000       0.000       0.000       0.000    
   115200.   12.44621222   12.5297   0.000       0.000      0.7303E-04   0.000     0.1123E-02-0.1196E-02  0.000      0.000      0.000      0.000       0.000       0.000       0.000       0.000       0.000       0.000    
   118800.   12.42632727   12.5249   0.000       0.000      0.8621E-04   0.000     0.9955E-03-0.1082E-02  0.000      0.000      0.000      0.000       0.000       0.000       0.000       0.000       0.000       0.000    
   122400.   12.43497708   12.5212   0.000       0.000      0.7547E-04   0.000     0.1346E-02-0.1421E-02  0.000      0.000      0.000      0.000       0.000       0.000       0.000       0.000       0.000       0.000    
   126000.   12.41493458   12.5162   0.000       0.000      0.8858E-04   0.000     0.1047E-02-0.1136E-02  0.000      0.000      0.000      0.000       0.000       0.000       0.000       0.000       0.000       0.000    
   129600.   12.46580014   12.5158   0.000       0.000      0.4374E-04   0.000     0.2089E-02-0.2133E-02  0.000      0.000      0.000      0.000       0.000       0.000       0.000       0.000       0.000       0.000    
   133200.   12.44041851   12.5131   0.000       0.000      0.6358E-04   0.000     0.1473E-02-0.1537E-02  0.000      0.000      0.000      0.000       0.000       0.000       0.000       0.000       0.000       0.000    
   136800.   12.43114993   12.5099   0.000       0.000      0.6887E-04   0.000     0.1376E-02-0.1445E-02  0.000      0.000      0.000      0.000       0.000       0.000       0.000       0.000       0.000       0.000    
   140400.   12.40885536   12.5051   0.000       0.000      0.8418E-04   0.000     0.1069E-02-0.1153E-02  0.000      0.000      0.000      0.000       0.000       0.000       0.000       0.000       0.000       0.000    
   144000.   12.40439398   12.5003   0.000       0.000      0.8396E-04   0.000     0.1147E-02-0.1231E-02  0.000      0.000      0.000      0.000       0.000       0.000       0.000       0.000       0.000       0.000    
   147600.   12.40241915   12.4958   0.000       0.000      0.8173E-04   0.000     0.1218E-02-0.1299E-02  0.000      0.000      0.000      0.000       0.000       0.000       0.000       0.000       0.000       0.000    
   151200.   12.40134775   12.4915   0.000       0.000      0.7892E-04   0.000     0.1273E-02-0.1352E-02  0.000      0.000      0.000      0.000       0.000       0.000       0.000       0.000       0.000       0.000    
   154800.   12.40065055   12.4875   0.000       0.000      0.7599E-04   0.000     0.1319E-02-0.1395E-02  0.000      0.000      0.000      0.000       0.000       0.000       0.000       0.000       0.000       0.000    
   158400.   12.41373499   12.4848   0.000       0.000      0.6219E-04   0.000     0.1603E-02-0.1665E-02  0.000      0.000      0.000      0.000       0.000       0.000       0.000       0.000       0.000       0.000    
   162000.   12.47042270   12.4869   0.000       0.000      0.1446E-04   0.000     0.2587E-02-0.2602E-02  0.000      0.000      0.000      0.000       0.000       0.000       0.000       0.000       0.000       0.000    
   165600.   12.46784229   12.4884   0.000       0.000      0.1800E-04   0.000     0.2277E-02-0.2295E-02  0.000      0.000      0.000      0.000       0.000       0.000       0.000       0.000       0.000       0.000    
   169200.   12.42273216   12.4860   0.000       0.000      0.5534E-04   0.000     0.1383E-02-0.1439E-02  0.000      0.000      0.000      0.000       0.000       0.000       0.000       0.000       0.000       0.000    
   172800.   12.40888896   12.4828   0.000       0.000      0.6463E-04   0.000     0.1317E-02-0.1381E-02  0.000      0.000      0.000      0.000       0.000       0.000       0.000       0.000       0.000       0.000    
