TOTIM (T)      HCON          HMAT      QDIR      QWELL        QMAT       QCADS      QTUB1      QTUB2      QTUB3      QTUB4      QTUB5      QTUB6       NSTOR        QFIX        QLH     FHLQ (LQ)        CAUCHY   CAUCHY (LQ)
     3600.   12.36574419   12.3605   0.000       0.000     -0.4590E-05   0.000     0.1987E-02-0.1982E-02  0.000      0.000      0.000      0.000       0.000       0.000       0.000       0.000       0.000       0.000    
     7200.   12.35219389   12.3594   0.000       0.000      0.6288E-05   0.000     0.1830E-02-0.1837E-02  0.000      0.000      0.000      0.000       0.000       0.000       0.000       0.000       0.000       0.000    
    10800.   12.34966312   12.3582   0.000       0.000      0.7465E-05   0.000     0.1860E-02-0.1867E-02  0.000      0.000      0.000      0.000       0.000       0.000       0.000       0.000       0.000       0.000    
    14400.   12.34850046   12.3570   0.000       0.000      0.7455E-05   0.000     0.1880E-02-0.1888E-02  0.000      0.000      0.000      0.000       0.000       0.000       0.000       0.000       0.000       0.000    
    18000.   12.34777253   12.3559   0.000       0.000      0.7092E-05   0.000     0.1892E-02-0.1899E-02  0.000      0.000      0.000      0.000       0.000       0.000       0.000       0.000       0.000       0.000    
    21600.   12.34723351   12.3548   0.000       0.000      0.6598E-05   0.000     0.1899E-02-0.1905E-02  0.000      0.000      0.000      0.000       0.000       0.000       0.000       0.000       0.000       0.000    
    25200.   12.34678061   12.3537   0.000       0.000      0.6065E-05   0.000     0.1903E-02-0.1909E-02  0.000      0.000      0.000      0.000       0.000       0.000       0.000       0.000       0.000       0.000    
    28800.   12.34639363   12.3527   0.000       0.000      0.5515E-05   0.000     0.1906E-02-0.1911E-02  0.000      0.000      0.000      0.000       0.000       0.000       0.000       0.000       0.000       0.000    
    32400.   12.34601531   12.3517   0.000       0.000      0.4992E-05   0.000     0.1908E-02-0.1913E-02  0.000      0.000      0.000      0.000       0.000       0.000       0.000       0.000       0.000       0.000    
    36000.   12.34564104   12.3508   0.000       0.000      0.4498E-05   0.000     0.1910E-02-0.1915E-02  0.000      0.000      0.000      0.000       0.000       0.000       0.000       0.000       0.000       0.000    
    39600.   12.34526927   12.3499   0.000       0.000      0.4032E-05   0.000     0.1912E-02-0.1917E-02  0.000      0.000      0.000      0.000       0.000       0.000       0.000       0.000       0.000       0.000    
    43200.   12.35848623   12.3501   0.000       0.000     -0.7310E-05   0.000     0.2070E-02-0.2063E-02  0.000      0.000      0.000      0.000       0.000       0.000       0.000       0.000       0.000       0.000    
    46800.   12.36066977   12.3505   0.000       0.000     -0.8912E-05   0.000     0.2042E-02-0.2033E-02  0.000      0.000      0.000      0.000       0.000       0.000       0.000       0.000       0.000       0.000    
    50400.   12.34787964   12.3497   0.000       0.000      0.1617E-05   0.000     0.1867E-02-0.1869E-02  0.000      0.000      0.000      0.000       0.000       0.000       0.000       0.000       0.000       0.000    
    54000.   12.35930252   12.3500   0.000       0.000     -0.8115E-05   0.000     0.2042E-02-0.2034E-02  0.000      0.000      0.000      0.000       0.000       0.000       0.000       0.000       0.000       0.000    
    57600.   12.39495419   12.3532   0.000       0.000     -0.3651E-04   0.000     0.2414E-02-0.2377E-02  0.000      0.000      0.000      0.000       0.000       0.000       0.000       0.000       0.000       0.000    
    61200.   12.50429775   12.3651   0.000       0.000     -0.1218E-03   0.000     0.3483E-02-0.3361E-02  0.000      0.000      0.000      0.000       0.000       0.000       0.000       0.000       0.000       0.000    
    64800.   12.49953598   12.3752   0.000       0.000     -0.1088E-03   0.000     0.2890E-02-0.2781E-02  0.000      0.000      0.000      0.000       0.000       0.000       0.000       0.000       0.000       0.000    
    68400.   12.49855066   12.3844   0.000       0.000     -0.9987E-04   0.000     0.2683E-02-0.2583E-02  0.000      0.000      0.000      0.000       0.000       0.000       0.000       0.000       0.000       0.000    
    72000.   12.46780363   12.3904   0.000       0.000     -0.6772E-04   0.000     0.2250E-02-0.2182E-02  0.000      0.000      0.000      0.000       0.000       0.000       0.000       0.000       0.000       0.000    
    75600.   12.43733366   12.3936   0.000       0.000     -0.3825E-04   0.000     0.1986E-02-0.1948E-02  0.000      0.000      0.000      0.000       0.000       0.000       0.000       0.000       0.000       0.000    
    79200.   12.51412500   12.4032   0.000       0.000     -0.9708E-04   0.000     0.3001E-02-0.2904E-02  0.000      0.000      0.000      0.000       0.000       0.000       0.000       0.000       0.000       0.000    
    82800.   12.52824503   12.4129   0.000       0.000     -0.1009E-03   0.000     0.2872E-02-0.2771E-02  0.000      0.000      0.000      0.000       0.000       0.000       0.000       0.000       0.000       0.000    
    86400.   12.54233423   12.4230   0.000       0.000     -0.1044E-03   0.000     0.2844E-02-0.2740E-02  0.000      0.000      0.000      0.000       0.000       0.000       0.000       0.000       0.000       0.000    
    90000.   12.62375462   12.4391   0.000       0.000     -0.1616E-03   0.000     0.3619E-02-0.3457E-02  0.000      0.000      0.000      0.000       0.000       0.000       0.000       0.000       0.000       0.000    
    93600.   12.81310954   12.4694   0.000       0.000     -0.3007E-03   0.000     0.5337E-02-0.5036E-02  0.000      0.000      0.000      0.000       0.000       0.000       0.000       0.000       0.000       0.000    
    97200.   12.74665723   12.4911   0.000       0.000     -0.2237E-03   0.000     0.3581E-02-0.3358E-02  0.000      0.000      0.000      0.000       0.000       0.000       0.000       0.000       0.000       0.000    
   100800.   12.59893948   12.4991   0.000       0.000     -0.8740E-04   0.000     0.1771E-02-0.1684E-02  0.000      0.000      0.000      0.000       0.000       0.000       0.000       0.000       0.000       0.000    
   104400.   12.52931633   12.5015   0.000       0.000     -0.2436E-04   0.000     0.1531E-02-0.1506E-02  0.000      0.000      0.000      0.000       0.000       0.000       0.000       0.000       0.000       0.000    
   108000.   12.50736848   12.5024   0.000       0.000     -0.4331E-05   0.000     0.1755E-02-0.1751E-02  0.000      0.000      0.000      0.000       0.000       0.000       0.000       0.000       0.000       0.000    
   111600.   12.47369644   12.5007   0.000       0.000      0.2365E-04   0.000     0.1623E-02-0.1647E-02  0.000      0.000      0.000      0.000       0.000       0.000       0.000       0.000       0.000       0.000    
   115200.   12.44621195   12.4971   0.000       0.000      0.4453E-04   0.000     0.1540E-02-0.1585E-02  0.000      0.000      0.000      0.000       0.000       0.000       0.000       0.000       0.000       0.000    
   118800.   12.42632701   12.4923   0.000       0.000      0.5769E-04   0.000     0.1519E-02-0.1576E-02  0.000      0.000      0.000      0.000       0.000       0.000       0.000       0.000       0.000       0.000    
   122400.   12.43497676   12.4886   0.000       0.000      0.4693E-04   0.000     0.1783E-02-0.1830E-02  0.000      0.000      0.000      0.000       0.000       0.000       0.000       0.000       0.000       0.000    
   126000.   12.41493431   12.4835   0.000       0.000      0.6003E-04   0.000     0.1589E-02-0.1649E-02  0.000      0.000      0.000      0.000       0.000       0.000       0.000       0.000       0.000       0.000    
   129600.   12.46579971   12.4831   0.000       0.000      0.1517E-04   0.000     0.2273E-02-0.2288E-02  0.000      0.000      0.000      0.000       0.000       0.000       0.000       0.000       0.000       0.000    
   133200.   12.44041818   12.4804   0.000       0.000      0.3500E-04   0.000     0.1815E-02-0.1850E-02  0.000      0.000      0.000      0.000       0.000       0.000       0.000       0.000       0.000       0.000    
   136800.   12.43114961   12.4772   0.000       0.000      0.4028E-04   0.000     0.1760E-02-0.1801E-02  0.000      0.000      0.000      0.000       0.000       0.000       0.000       0.000       0.000       0.000    
   140400.   12.40885509   12.4724   0.000       0.000      0.5558E-04   0.000     0.1575E-02-0.1631E-02  0.000      0.000      0.000      0.000       0.000       0.000       0.000       0.000       0.000       0.000    
   144000.   12.40439369   12.4676   0.000       0.000      0.5534E-04   0.000     0.1652E-02-0.1707E-02  0.000      0.000      0.000      0.000       0.000       0.000       0.000       0.000       0.000       0.000    
   147600.   12.40241886   12.4631   0.000       0.000      0.5310E-04   0.000     0.1704E-02-0.1757E-02  0.000      0.000      0.000      0.000       0.000       0.000       0.000       0.000       0.000       0.000    
   151200.   12.40134744   12.4588   0.000       0.000      0.5028E-04   0.000     0.1737E-02-0.1787E-02  0.000      0.000      0.000      0.000       0.000       0.000       0.000       0.000       0.000       0.000    
   154800.   12.40065023   12.4548   0.000       0.000      0.4734E-04   0.000     0.1760E-02-0.1807E-02  0.000      0.000      0.000      0.000       0.000       0.000       0.000       0.000       0.000       0.000    
   158400.   12.41373463   12.4521   0.000       0.000      0.3354E-04   0.000     0.1933E-02-0.1966E-02  0.000      0.000      0.000      0.000       0.000       0.000       0.000       0.000       0.000       0.000    
   162000.   12.47042219   12.4542   0.000       0.000     -0.1420E-04   0.000     0.2536E-02-0.2521E-02  0.000      0.000      0.000      0.000       0.000       0.000       0.000       0.000       0.000       0.000    
   165600.   12.46784184   12.4557   0.000       0.000     -0.1066E-04   0.000     0.2254E-02-0.2243E-02  0.000      0.000      0.000      0.000       0.000       0.000       0.000       0.000       0.000       0.000    
   169200.   12.42273186   12.4532   0.000       0.000      0.2668E-04   0.000     0.1659E-02-0.1685E-02  0.000      0.000      0.000      0.000       0.000       0.000       0.000       0.000       0.000       0.000    
   172800.   12.40888866   12.4500   0.000       0.000      0.3597E-04   0.000     0.1666E-02-0.1702E-02  0.000      0.000      0.000      0.000       0.000       0.000       0.000       0.000       0.000       0.000    
