TOTIM (T)      HCON          HMAT      QDIR      QWELL        QMAT       QCADS      QTUB1      QTUB2      QTUB3      QTUB4      QTUB5      QTUB6       NSTOR        QFIX        QLH     FHLQ (LQ)        CAUCHY   CAUCHY (LQ)
     3600.   12.36574455   12.5543   0.000       0.000      0.1650E-03   0.000     0.1519E-02-0.1684E-02  0.000      0.000      0.000      0.000       0.000       0.000       0.000       0.000       0.000       0.000    
     7200.   12.35219415   12.5532   0.000       0.000      0.1759E-03   0.000     0.1086E-02-0.1262E-02  0.000      0.000      0.000      0.000       0.000       0.000       0.000       0.000       0.000       0.000    
    10800.   12.34966338   12.5520   0.000       0.000      0.1770E-03   0.000     0.1106E-02-0.1283E-02  0.000      0.000      0.000      0.000       0.000       0.000       0.000       0.000       0.000       0.000    
    14400.   12.34850073   12.5508   0.000       0.000      0.1770E-03   0.000     0.1129E-02-0.1306E-02  0.000      0.000      0.000      0.000       0.000       0.000       0.000       0.000       0.000       0.000    
    18000.   12.34777280   12.5497   0.000       0.000      0.1767E-03   0.000     0.1149E-02-0.1326E-02  0.000      0.000      0.000      0.000       0.000       0.000       0.000       0.000       0.000       0.000    
    21600.   12.34723378   12.5486   0.000       0.000      0.1762E-03   0.000     0.1167E-02-0.1343E-02  0.000      0.000      0.000      0.000       0.000       0.000       0.000       0.000       0.000       0.000    
    25200.   12.34678089   12.5475   0.000       0.000      0.1756E-03   0.000     0.1183E-02-0.1359E-02  0.000      0.000      0.000      0.000       0.000       0.000       0.000       0.000       0.000       0.000    
    28800.   12.34639391   12.5465   0.000       0.000      0.1751E-03   0.000     0.1198E-02-0.1373E-02  0.000      0.000      0.000      0.000       0.000       0.000       0.000       0.000       0.000       0.000    
    32400.   12.34601559   12.5455   0.000       0.000      0.1746E-03   0.000     0.1212E-02-0.1387E-02  0.000      0.000      0.000      0.000       0.000       0.000       0.000       0.000       0.000       0.000    
    36000.   12.34564133   12.5446   0.000       0.000      0.1741E-03   0.000     0.1225E-02-0.1399E-02  0.000      0.000      0.000      0.000       0.000       0.000       0.000       0.000       0.000       0.000    
    39600.   12.34526956   12.5437   0.000       0.000      0.1736E-03   0.000     0.1237E-02-0.1411E-02  0.000      0.000      0.000      0.000       0.000       0.000       0.000       0.000       0.000       0.000    
    43200.   12.35848662   12.5439   0.000       0.000      0.1623E-03   0.000     0.1680E-02-0.1843E-02  0.000      0.000      0.000      0.000       0.000       0.000       0.000       0.000       0.000       0.000    
    46800.   12.36067016   12.5443   0.000       0.000      0.1607E-03   0.000     0.1671E-02-0.1832E-02  0.000      0.000      0.000      0.000       0.000       0.000       0.000       0.000       0.000       0.000    
    50400.   12.34787992   12.5435   0.000       0.000      0.1712E-03   0.000     0.1226E-02-0.1397E-02  0.000      0.000      0.000      0.000       0.000       0.000       0.000       0.000       0.000       0.000    
    54000.   12.35930291   12.5438   0.000       0.000      0.1614E-03   0.000     0.1666E-02-0.1828E-02  0.000      0.000      0.000      0.000       0.000       0.000       0.000       0.000       0.000       0.000    
    57600.   12.39495483   12.5470   0.000       0.000      0.1331E-03   0.000     0.2740E-02-0.2873E-02  0.000      0.000      0.000      0.000       0.000       0.000       0.000       0.000       0.000       0.000    
    61200.   12.50428787   12.5589   0.000       0.000      0.4779E-04   0.000     0.5917E-02-0.5965E-02  0.000      0.000      0.000      0.000       0.000       0.000       0.000       0.000       0.000       0.000    
    64800.   12.49952933   12.5690   0.000       0.000      0.6078E-04   0.000     0.4837E-02-0.4898E-02  0.000      0.000      0.000      0.000       0.000       0.000       0.000       0.000       0.000       0.000    
    68400.   12.49854500   12.5782   0.000       0.000      0.6970E-04   0.000     0.4427E-02-0.4497E-02  0.000      0.000      0.000      0.000       0.000       0.000       0.000       0.000       0.000       0.000    
    72000.   12.46779970   12.5842   0.000       0.000      0.1019E-03   0.000     0.3200E-02-0.3301E-02  0.000      0.000      0.000      0.000       0.000       0.000       0.000       0.000       0.000       0.000    
    75600.   12.43733056   12.5874   0.000       0.000      0.1313E-03   0.000     0.2254E-02-0.2385E-02  0.000      0.000      0.000      0.000       0.000       0.000       0.000       0.000       0.000       0.000    
    79200.   12.51411778   12.5970   0.000       0.000      0.7251E-04   0.000     0.4821E-02-0.4894E-02  0.000      0.000      0.000      0.000       0.000       0.000       0.000       0.000       0.000       0.000    
    82800.   12.52823847   12.6067   0.000       0.000      0.6867E-04   0.000     0.4687E-02-0.4755E-02  0.000      0.000      0.000      0.000       0.000       0.000       0.000       0.000       0.000       0.000    
    86400.   12.54232783   12.6168   0.000       0.000      0.6519E-04   0.000     0.4743E-02-0.4808E-02  0.000      0.000      0.000      0.000       0.000       0.000       0.000       0.000       0.000       0.000    
    90000.   12.62374404   12.6329   0.000       0.000      0.8036E-05   0.000     0.6966E-02-0.6974E-02  0.000      0.000      0.000      0.000       0.000       0.000       0.000       0.000       0.000       0.000    
    93600.   12.81312862   12.6633   0.000       0.000     -0.1311E-03   0.000     0.1211E-01-0.1198E-01  0.000      0.000      0.000      0.000       0.000       0.000       0.000       0.000       0.000       0.000    
    97200.   12.74666604   12.6849   0.000       0.000     -0.5402E-04   0.000     0.8150E-02-0.8096E-02  0.000      0.000      0.000      0.000       0.000       0.000       0.000       0.000       0.000       0.000    
   100800.   12.59894013   12.6929   0.000       0.000      0.8226E-04   0.000     0.3034E-02-0.3116E-02  0.000      0.000      0.000      0.000       0.000       0.000       0.000       0.000       0.000       0.000    
   104400.   12.52931607   12.6954   0.000       0.000      0.1453E-03   0.000     0.1461E-02-0.1607E-02  0.000      0.000      0.000      0.000       0.000       0.000       0.000       0.000       0.000       0.000    
   108000.   12.50736791   12.6964   0.000       0.000      0.1654E-03   0.000     0.1312E-02-0.1477E-02  0.000      0.000      0.000      0.000       0.000       0.000       0.000       0.000       0.000       0.000    
   111600.   12.47369570   12.6947   0.000       0.000      0.1934E-03   0.000     0.5204E-03-0.7138E-03  0.000      0.000      0.000      0.000       0.000       0.000       0.000       0.000       0.000       0.000    
   115200.   12.44621112   12.6911   0.000       0.000      0.2143E-03   0.000    -0.3124E-04-0.1830E-03  0.000      0.000      0.000      0.000       0.000       0.000       0.000       0.000       0.000       0.000    
   118800.   12.42632611   12.6863   0.000       0.000      0.2274E-03   0.000    -0.3414E-03 0.1139E-03  0.000      0.000      0.000      0.000       0.000       0.000       0.000       0.000       0.000       0.000    
   122400.   12.43497574   12.6826   0.000       0.000      0.2167E-03   0.000     0.2245E-03-0.4412E-03  0.000      0.000      0.000      0.000       0.000       0.000       0.000       0.000       0.000       0.000    
   126000.   12.41493333   12.6776   0.000       0.000      0.2298E-03   0.000    -0.3186E-03 0.8876E-04  0.000      0.000      0.000      0.000       0.000       0.000       0.000       0.000       0.000       0.000    
   129600.   12.46579850   12.6772   0.000       0.000      0.1850E-03   0.000     0.1527E-02-0.1712E-02  0.000      0.000      0.000      0.000       0.000       0.000       0.000       0.000       0.000       0.000    
   133200.   12.44041718   12.6745   0.000       0.000      0.2048E-03   0.000     0.4840E-03-0.6888E-03  0.000      0.000      0.000      0.000       0.000       0.000       0.000       0.000       0.000       0.000    
   136800.   12.43114865   12.6713   0.000       0.000      0.2101E-03   0.000     0.3303E-03-0.5404E-03  0.000      0.000      0.000      0.000       0.000       0.000       0.000       0.000       0.000       0.000    
   140400.   12.40885416   12.6665   0.000       0.000      0.2254E-03   0.000    -0.2329E-03 0.7514E-05  0.000      0.000      0.000      0.000       0.000       0.000       0.000       0.000       0.000       0.000    
   144000.   12.40439271   12.6618   0.000       0.000      0.2252E-03   0.000    -0.1234E-03-0.1018E-03  0.000      0.000      0.000      0.000       0.000       0.000       0.000       0.000       0.000       0.000    
   147600.   12.40241785   12.6572   0.000       0.000      0.2230E-03   0.000    -0.1573E-04-0.2072E-03  0.000      0.000      0.000      0.000       0.000       0.000       0.000       0.000       0.000       0.000    
   151200.   12.40134642   12.6530   0.000       0.000      0.2202E-03   0.000     0.8139E-04-0.3015E-03  0.000      0.000      0.000      0.000       0.000       0.000       0.000       0.000       0.000       0.000    
   154800.   12.40064922   12.6489   0.000       0.000      0.2172E-03   0.000     0.1703E-03-0.3875E-03  0.000      0.000      0.000      0.000       0.000       0.000       0.000       0.000       0.000       0.000    
   158400.   12.41373357   12.6462   0.000       0.000      0.2034E-03   0.000     0.6842E-03-0.8877E-03  0.000      0.000      0.000      0.000       0.000       0.000       0.000       0.000       0.000       0.000    
   162000.   12.47042095   12.6484   0.000       0.000      0.1557E-03   0.000     0.2467E-02-0.2623E-02  0.000      0.000      0.000      0.000       0.000       0.000       0.000       0.000       0.000       0.000    
   165600.   12.46784081   12.6498   0.000       0.000      0.1592E-03   0.000     0.2003E-02-0.2163E-02  0.000      0.000      0.000      0.000       0.000       0.000       0.000       0.000       0.000       0.000    
   169200.   12.42273104   12.6474   0.000       0.000      0.1966E-03   0.000     0.4634E-03-0.6600E-03  0.000      0.000      0.000      0.000       0.000       0.000       0.000       0.000       0.000       0.000    
   172800.   12.40888780   12.6442   0.000       0.000      0.2059E-03   0.000     0.3018E-03-0.5077E-03  0.000      0.000      0.000      0.000       0.000       0.000       0.000       0.000       0.000       0.000    
