TOTIM (T)      HCON          HMAT      QDIR      QWELL        QMAT       QCADS      QTUB1      QTUB2      QTUB3      QTUB4      QTUB5      QTUB6       NSTOR        QFIX        QLH     FHLQ (LQ)        CAUCHY   CAUCHY (LQ)
     3600.   12.36574424   12.3415   0.000       0.000     -0.2120E-04   0.000     0.2008E-02-0.1987E-02  0.000      0.000      0.000      0.000       0.000       0.000       0.000       0.000       0.000       0.000    
     7200.   12.35219394   12.3404   0.000       0.000     -0.1032E-04   0.000     0.1841E-02-0.1830E-02  0.000      0.000      0.000      0.000       0.000       0.000       0.000       0.000       0.000       0.000    
    10800.   12.34966316   12.3392   0.000       0.000     -0.9140E-05   0.000     0.1869E-02-0.1860E-02  0.000      0.000      0.000      0.000       0.000       0.000       0.000       0.000       0.000       0.000    
    14400.   12.34850051   12.3380   0.000       0.000     -0.9150E-05   0.000     0.1890E-02-0.1880E-02  0.000      0.000      0.000      0.000       0.000       0.000       0.000       0.000       0.000       0.000    
    18000.   12.34777258   12.3369   0.000       0.000     -0.9513E-05   0.000     0.1901E-02-0.1892E-02  0.000      0.000      0.000      0.000       0.000       0.000       0.000       0.000       0.000       0.000    
    21600.   12.34723355   12.3358   0.000       0.000     -0.1001E-04   0.000     0.1909E-02-0.1899E-02  0.000      0.000      0.000      0.000       0.000       0.000       0.000       0.000       0.000       0.000    
    25200.   12.34678066   12.3347   0.000       0.000     -0.1054E-04   0.000     0.1914E-02-0.1903E-02  0.000      0.000      0.000      0.000       0.000       0.000       0.000       0.000       0.000       0.000    
    28800.   12.34639368   12.3337   0.000       0.000     -0.1109E-04   0.000     0.1917E-02-0.1906E-02  0.000      0.000      0.000      0.000       0.000       0.000       0.000       0.000       0.000       0.000    
    32400.   12.34601535   12.3327   0.000       0.000     -0.1161E-04   0.000     0.1920E-02-0.1908E-02  0.000      0.000      0.000      0.000       0.000       0.000       0.000       0.000       0.000       0.000    
    36000.   12.34564109   12.3318   0.000       0.000     -0.1211E-04   0.000     0.1923E-02-0.1910E-02  0.000      0.000      0.000      0.000       0.000       0.000       0.000       0.000       0.000       0.000    
    39600.   12.34526932   12.3309   0.000       0.000     -0.1257E-04   0.000     0.1925E-02-0.1912E-02  0.000      0.000      0.000      0.000       0.000       0.000       0.000       0.000       0.000       0.000    
    43200.   12.35848628   12.3312   0.000       0.000     -0.2391E-04   0.000     0.2094E-02-0.2070E-02  0.000      0.000      0.000      0.000       0.000       0.000       0.000       0.000       0.000       0.000    
    46800.   12.36066982   12.3315   0.000       0.000     -0.2552E-04   0.000     0.2067E-02-0.2042E-02  0.000      0.000      0.000      0.000       0.000       0.000       0.000       0.000       0.000       0.000    
    50400.   12.34787968   12.3308   0.000       0.000     -0.1499E-04   0.000     0.1882E-02-0.1867E-02  0.000      0.000      0.000      0.000       0.000       0.000       0.000       0.000       0.000       0.000    
    54000.   12.35930257   12.3311   0.000       0.000     -0.2472E-04   0.000     0.2067E-02-0.2042E-02  0.000      0.000      0.000      0.000       0.000       0.000       0.000       0.000       0.000       0.000    
    57600.   12.39495425   12.3343   0.000       0.000     -0.5311E-04   0.000     0.2467E-02-0.2414E-02  0.000      0.000      0.000      0.000       0.000       0.000       0.000       0.000       0.000       0.000    
    61200.   12.50429784   12.3461   0.000       0.000     -0.1384E-03   0.000     0.3621E-02-0.3483E-02  0.000      0.000      0.000      0.000       0.000       0.000       0.000       0.000       0.000       0.000    
    64800.   12.49953605   12.3562   0.000       0.000     -0.1254E-03   0.000     0.3015E-02-0.2890E-02  0.000      0.000      0.000      0.000       0.000       0.000       0.000       0.000       0.000       0.000    
    68400.   12.49855072   12.3654   0.000       0.000     -0.1165E-03   0.000     0.2800E-02-0.2683E-02  0.000      0.000      0.000      0.000       0.000       0.000       0.000       0.000       0.000       0.000    
    72000.   12.46780369   12.3714   0.000       0.000     -0.8432E-04   0.000     0.2334E-02-0.2250E-02  0.000      0.000      0.000      0.000       0.000       0.000       0.000       0.000       0.000       0.000    
    75600.   12.43733371   12.3746   0.000       0.000     -0.5485E-04   0.000     0.2041E-02-0.1986E-02  0.000      0.000      0.000      0.000       0.000       0.000       0.000       0.000       0.000       0.000    
    79200.   12.51412508   12.3842   0.000       0.000     -0.1137E-03   0.000     0.3115E-02-0.3001E-02  0.000      0.000      0.000      0.000       0.000       0.000       0.000       0.000       0.000       0.000    
    82800.   12.52824510   12.3939   0.000       0.000     -0.1175E-03   0.000     0.2990E-02-0.2872E-02  0.000      0.000      0.000      0.000       0.000       0.000       0.000       0.000       0.000       0.000    
    86400.   12.54233430   12.4040   0.000       0.000     -0.1210E-03   0.000     0.2965E-02-0.2844E-02  0.000      0.000      0.000      0.000       0.000       0.000       0.000       0.000       0.000       0.000    
    90000.   12.62375471   12.4201   0.000       0.000     -0.1782E-03   0.000     0.3797E-02-0.3619E-02  0.000      0.000      0.000      0.000       0.000       0.000       0.000       0.000       0.000       0.000    
    93600.   12.81310967   12.4504   0.000       0.000     -0.3173E-03   0.000     0.5654E-02-0.5337E-02  0.000      0.000      0.000      0.000       0.000       0.000       0.000       0.000       0.000       0.000    
    97200.   12.74665732   12.4721   0.000       0.000     -0.2403E-03   0.000     0.3822E-02-0.3581E-02  0.000      0.000      0.000      0.000       0.000       0.000       0.000       0.000       0.000       0.000    
   100800.   12.59893952   12.4801   0.000       0.000     -0.1040E-03   0.000     0.1875E-02-0.1771E-02  0.000      0.000      0.000      0.000       0.000       0.000       0.000       0.000       0.000       0.000    
   104400.   12.52931637   12.4825   0.000       0.000     -0.4097E-04   0.000     0.1572E-02-0.1531E-02  0.000      0.000      0.000      0.000       0.000       0.000       0.000       0.000       0.000       0.000    
   108000.   12.50736852   12.4834   0.000       0.000     -0.2094E-04   0.000     0.1776E-02-0.1755E-02  0.000      0.000      0.000      0.000       0.000       0.000       0.000       0.000       0.000       0.000    
   111600.   12.47369648   12.4817   0.000       0.000      0.7037E-05   0.000     0.1616E-02-0.1623E-02  0.000      0.000      0.000      0.000       0.000       0.000       0.000       0.000       0.000       0.000    
   115200.   12.44621199   12.4781   0.000       0.000      0.2791E-04   0.000     0.1513E-02-0.1540E-02  0.000      0.000      0.000      0.000       0.000       0.000       0.000       0.000       0.000       0.000    
   118800.   12.42632705   12.4733   0.000       0.000      0.4106E-04   0.000     0.1478E-02-0.1519E-02  0.000      0.000      0.000      0.000       0.000       0.000       0.000       0.000       0.000       0.000    
   122400.   12.43497681   12.4696   0.000       0.000      0.3030E-04   0.000     0.1753E-02-0.1783E-02  0.000      0.000      0.000      0.000       0.000       0.000       0.000       0.000       0.000       0.000    
   126000.   12.41493435   12.4645   0.000       0.000      0.4338E-04   0.000     0.1546E-02-0.1589E-02  0.000      0.000      0.000      0.000       0.000       0.000       0.000       0.000       0.000       0.000    
   129600.   12.46579976   12.4641   0.000       0.000     -0.1481E-05   0.000     0.2274E-02-0.2273E-02  0.000      0.000      0.000      0.000       0.000       0.000       0.000       0.000       0.000       0.000    
   133200.   12.44041822   12.4614   0.000       0.000      0.1834E-04   0.000     0.1797E-02-0.1815E-02  0.000      0.000      0.000      0.000       0.000       0.000       0.000       0.000       0.000       0.000    
   136800.   12.43114966   12.4581   0.000       0.000      0.2361E-04   0.000     0.1737E-02-0.1760E-02  0.000      0.000      0.000      0.000       0.000       0.000       0.000       0.000       0.000       0.000    
   140400.   12.40885513   12.4533   0.000       0.000      0.3890E-04   0.000     0.1536E-02-0.1575E-02  0.000      0.000      0.000      0.000       0.000       0.000       0.000       0.000       0.000       0.000    
   144000.   12.40439373   12.4486   0.000       0.000      0.3865E-04   0.000     0.1613E-02-0.1652E-02  0.000      0.000      0.000      0.000       0.000       0.000       0.000       0.000       0.000       0.000    
   147600.   12.40241890   12.4440   0.000       0.000      0.3640E-04   0.000     0.1668E-02-0.1704E-02  0.000      0.000      0.000      0.000       0.000       0.000       0.000       0.000       0.000       0.000    
   151200.   12.40134748   12.4397   0.000       0.000      0.3357E-04   0.000     0.1703E-02-0.1737E-02  0.000      0.000      0.000      0.000       0.000       0.000       0.000       0.000       0.000       0.000    
   154800.   12.40065028   12.4356   0.000       0.000      0.3062E-04   0.000     0.1729E-02-0.1760E-02  0.000      0.000      0.000      0.000       0.000       0.000       0.000       0.000       0.000       0.000    
   158400.   12.41373468   12.4329   0.000       0.000      0.1680E-04   0.000     0.1916E-02-0.1933E-02  0.000      0.000      0.000      0.000       0.000       0.000       0.000       0.000       0.000       0.000    
   162000.   12.47042225   12.4351   0.000       0.000     -0.3095E-04   0.000     0.2567E-02-0.2536E-02  0.000      0.000      0.000      0.000       0.000       0.000       0.000       0.000       0.000       0.000    
   165600.   12.46784189   12.4365   0.000       0.000     -0.2742E-04   0.000     0.2281E-02-0.2254E-02  0.000      0.000      0.000      0.000       0.000       0.000       0.000       0.000       0.000       0.000    
   169200.   12.42273190   12.4340   0.000       0.000      0.9901E-05   0.000     0.1649E-02-0.1659E-02  0.000      0.000      0.000      0.000       0.000       0.000       0.000       0.000       0.000       0.000    
   172800.   12.40888870   12.4308   0.000       0.000      0.1918E-04   0.000     0.1647E-02-0.1666E-02  0.000      0.000      0.000      0.000       0.000       0.000       0.000       0.000       0.000       0.000    
