TOTIM (T)      HCON          HMAT      QDIR      QWELL        QMAT       QCADS      QTUB1      QTUB2      QTUB3      QTUB4      QTUB5      QTUB6       NSTOR        QFIX        QLH     FHLQ (LQ)        CAUCHY   CAUCHY (LQ)
     3600.   12.36574523   12.4541   0.000       0.000      0.7731E-04   0.000     0.1032E-02-0.1110E-02  0.000      0.000      0.000      0.000       0.000       0.000       0.000       0.000       0.000       0.000    
     7200.   12.35219476   12.4530   0.000       0.000      0.8819E-04   0.000     0.6147E-03-0.7029E-03  0.000      0.000      0.000      0.000       0.000       0.000       0.000       0.000       0.000       0.000    
    10800.   12.34966400   12.4518   0.000       0.000      0.8936E-04   0.000     0.6159E-03-0.7053E-03  0.000      0.000      0.000      0.000       0.000       0.000       0.000       0.000       0.000       0.000    
    14400.   12.34850135   12.4506   0.000       0.000      0.8935E-04   0.000     0.6367E-03-0.7261E-03  0.000      0.000      0.000      0.000       0.000       0.000       0.000       0.000       0.000       0.000    
    18000.   12.34777343   12.4495   0.000       0.000      0.8899E-04   0.000     0.6568E-03-0.7458E-03  0.000      0.000      0.000      0.000       0.000       0.000       0.000       0.000       0.000       0.000    
    21600.   12.34723442   12.4484   0.000       0.000      0.8850E-04   0.000     0.6754E-03-0.7639E-03  0.000      0.000      0.000      0.000       0.000       0.000       0.000       0.000       0.000       0.000    
    25200.   12.34678152   12.4473   0.000       0.000      0.8796E-04   0.000     0.6927E-03-0.7806E-03  0.000      0.000      0.000      0.000       0.000       0.000       0.000       0.000       0.000       0.000    
    28800.   12.34639455   12.4463   0.000       0.000      0.8741E-04   0.000     0.7086E-03-0.7960E-03  0.000      0.000      0.000      0.000       0.000       0.000       0.000       0.000       0.000       0.000    
    32400.   12.34601623   12.4453   0.000       0.000      0.8689E-04   0.000     0.7237E-03-0.8106E-03  0.000      0.000      0.000      0.000       0.000       0.000       0.000       0.000       0.000       0.000    
    36000.   12.34564197   12.4444   0.000       0.000      0.8640E-04   0.000     0.7378E-03-0.8242E-03  0.000      0.000      0.000      0.000       0.000       0.000       0.000       0.000       0.000       0.000    
    39600.   12.34527020   12.4435   0.000       0.000      0.8593E-04   0.000     0.7509E-03-0.8369E-03  0.000      0.000      0.000      0.000       0.000       0.000       0.000       0.000       0.000       0.000    
    43200.   12.35848733   12.4437   0.000       0.000      0.7459E-04   0.000     0.1181E-02-0.1255E-02  0.000      0.000      0.000      0.000       0.000       0.000       0.000       0.000       0.000       0.000    
    46800.   12.36067087   12.4441   0.000       0.000      0.7299E-04   0.000     0.1191E-02-0.1264E-02  0.000      0.000      0.000      0.000       0.000       0.000       0.000       0.000       0.000       0.000    
    50400.   12.34788056   12.4433   0.000       0.000      0.8352E-04   0.000     0.7636E-03-0.8471E-03  0.000      0.000      0.000      0.000       0.000       0.000       0.000       0.000       0.000       0.000    
    54000.   12.35930362   12.4436   0.000       0.000      0.7379E-04   0.000     0.1172E-02-0.1246E-02  0.000      0.000      0.000      0.000       0.000       0.000       0.000       0.000       0.000       0.000    
    57600.   12.39495570   12.4468   0.000       0.000      0.4540E-04   0.000     0.2226E-02-0.2271E-02  0.000      0.000      0.000      0.000       0.000       0.000       0.000       0.000       0.000       0.000    
    61200.   12.50430048   12.4587   0.000       0.000     -0.3987E-04   0.000     0.5341E-02-0.5301E-02  0.000      0.000      0.000      0.000       0.000       0.000       0.000       0.000       0.000       0.000    
    64800.   12.49953826   12.4688   0.000       0.000     -0.2687E-04   0.000     0.4436E-02-0.4409E-02  0.000      0.000      0.000      0.000       0.000       0.000       0.000       0.000       0.000       0.000    
    68400.   12.49855276   12.4780   0.000       0.000     -0.1794E-04   0.000     0.4015E-02-0.3997E-02  0.000      0.000      0.000      0.000       0.000       0.000       0.000       0.000       0.000       0.000    
    72000.   12.46780526   12.4841   0.000       0.000      0.1422E-04   0.000     0.2810E-02-0.2824E-02  0.000      0.000      0.000      0.000       0.000       0.000       0.000       0.000       0.000       0.000    
    75600.   12.43733492   12.4873   0.000       0.000      0.4370E-04   0.000     0.1839E-02-0.1883E-02  0.000      0.000      0.000      0.000       0.000       0.000       0.000       0.000       0.000       0.000    
    79200.   12.51412727   12.4968   0.000       0.000     -0.1512E-04   0.000     0.4266E-02-0.4251E-02  0.000      0.000      0.000      0.000       0.000       0.000       0.000       0.000       0.000       0.000    
    82800.   12.52824725   12.5066   0.000       0.000     -0.1896E-04   0.000     0.4229E-02-0.4210E-02  0.000      0.000      0.000      0.000       0.000       0.000       0.000       0.000       0.000       0.000    
    86400.   12.54233646   12.5167   0.000       0.000     -0.2244E-04   0.000     0.4285E-02-0.4262E-02  0.000      0.000      0.000      0.000       0.000       0.000       0.000       0.000       0.000       0.000    
    90000.   12.62375770   12.5328   0.000       0.000     -0.7960E-04   0.000     0.6431E-02-0.6352E-02  0.000      0.000      0.000      0.000       0.000       0.000       0.000       0.000       0.000       0.000    
    93600.   12.81314826   12.5631   0.000       0.000     -0.2188E-03   0.000     0.1149E-01-0.1127E-01  0.000      0.000      0.000      0.000       0.000       0.000       0.000       0.000       0.000       0.000    
    97200.   12.74667614   12.5848   0.000       0.000     -0.1417E-03   0.000     0.7884E-02-0.7742E-02  0.000      0.000      0.000      0.000       0.000       0.000       0.000       0.000       0.000       0.000    
   100800.   12.59894282   12.5928   0.000       0.000     -0.5408E-05   0.000     0.2803E-02-0.2798E-02  0.000      0.000      0.000      0.000       0.000       0.000       0.000       0.000       0.000       0.000    
   104400.   12.52931735   12.5952   0.000       0.000      0.5763E-04   0.000     0.1049E-02-0.1107E-02  0.000      0.000      0.000      0.000       0.000       0.000       0.000       0.000       0.000       0.000    
   108000.   12.50736950   12.5961   0.000       0.000      0.7765E-04   0.000     0.7931E-03-0.8707E-03  0.000      0.000      0.000      0.000       0.000       0.000       0.000       0.000       0.000       0.000    
   111600.   12.47369707   12.5944   0.000       0.000      0.1056E-03   0.000    -0.1037E-04-0.9525E-04  0.000      0.000      0.000      0.000       0.000       0.000       0.000       0.000       0.000       0.000    
   115200.   12.44621238   12.5907   0.000       0.000      0.1265E-03   0.000    -0.5944E-03 0.4680E-03  0.000      0.000      0.000      0.000       0.000       0.000       0.000       0.000       0.000       0.000    
   118800.   12.42632734   12.5859   0.000       0.000      0.1396E-03   0.000    -0.9322E-03 0.7926E-03  0.000      0.000      0.000      0.000       0.000       0.000       0.000       0.000       0.000       0.000    
   122400.   12.43497733   12.5822   0.000       0.000      0.1288E-03   0.000    -0.4097E-03 0.2809E-03  0.000      0.000      0.000      0.000       0.000       0.000       0.000       0.000       0.000       0.000    
   126000.   12.41493467   12.5771   0.000       0.000      0.1419E-03   0.000    -0.9181E-03 0.7762E-03  0.000      0.000      0.000      0.000       0.000       0.000       0.000       0.000       0.000       0.000    
   129600.   12.46580078   12.5766   0.000       0.000      0.9694E-04   0.000     0.8420E-03-0.9389E-03  0.000      0.000      0.000      0.000       0.000       0.000       0.000       0.000       0.000       0.000    
   133200.   12.44041884   12.5738   0.000       0.000      0.1167E-03   0.000    -0.9142E-04-0.2529E-04  0.000      0.000      0.000      0.000       0.000       0.000       0.000       0.000       0.000       0.000    
   136800.   12.43115021   12.5705   0.000       0.000      0.1219E-03   0.000    -0.2727E-03 0.1508E-03  0.000      0.000      0.000      0.000       0.000       0.000       0.000       0.000       0.000       0.000    
   140400.   12.40885547   12.5656   0.000       0.000      0.1372E-03   0.000    -0.8249E-03 0.6877E-03  0.000      0.000      0.000      0.000       0.000       0.000       0.000       0.000       0.000       0.000    
   144000.   12.40439412   12.5608   0.000       0.000      0.1368E-03   0.000    -0.7429E-03 0.6061E-03  0.000      0.000      0.000      0.000       0.000       0.000       0.000       0.000       0.000       0.000    
   147600.   12.40241933   12.5562   0.000       0.000      0.1345E-03   0.000    -0.6364E-03 0.5019E-03  0.000      0.000      0.000      0.000       0.000       0.000       0.000       0.000       0.000       0.000    
   151200.   12.40134795   12.5518   0.000       0.000      0.1316E-03   0.000    -0.5362E-03 0.4046E-03  0.000      0.000      0.000      0.000       0.000       0.000       0.000       0.000       0.000       0.000    
   154800.   12.40065078   12.5476   0.000       0.000      0.1286E-03   0.000    -0.4427E-03 0.3141E-03  0.000      0.000      0.000      0.000       0.000       0.000       0.000       0.000       0.000       0.000    
   158400.   12.41373537   12.5448   0.000       0.000      0.1147E-03   0.000     0.6197E-04-0.1767E-03  0.000      0.000      0.000      0.000       0.000       0.000       0.000       0.000       0.000       0.000    
   162000.   12.47042362   12.5468   0.000       0.000      0.6686E-04   0.000     0.1811E-02-0.1877E-02  0.000      0.000      0.000      0.000       0.000       0.000       0.000       0.000       0.000       0.000    
   165600.   12.46784307   12.5482   0.000       0.000      0.7030E-04   0.000     0.1444E-02-0.1514E-02  0.000      0.000      0.000      0.000       0.000       0.000       0.000       0.000       0.000       0.000    
   169200.   12.42273248   12.5456   0.000       0.000      0.1075E-03   0.000    -0.4714E-04-0.6040E-04  0.000      0.000      0.000      0.000       0.000       0.000       0.000       0.000       0.000       0.000    
   172800.   12.40888923   12.5423   0.000       0.000      0.1167E-03   0.000    -0.2623E-03 0.1456E-03  0.000      0.000      0.000      0.000       0.000       0.000       0.000       0.000       0.000       0.000    
