TOTIM (T)      HCON          HMAT      QDIR      QWELL        QMAT       QCADS      QTUB1      QTUB2      QTUB3      QTUB4      QTUB5      QTUB6       NSTOR        QFIX        QLH     FHLQ (LQ)        CAUCHY   CAUCHY (LQ)
     3600.   12.36574446   12.4036   0.000       0.000      0.3312E-04   0.000     0.2321E-02-0.2354E-02  0.000      0.000      0.000      0.000       0.000       0.000       0.000       0.000       0.000       0.000    
     7200.   12.35219413   12.4025   0.000       0.000      0.4400E-04   0.000     0.2005E-02-0.2049E-02  0.000      0.000      0.000      0.000       0.000       0.000       0.000       0.000       0.000       0.000    
    10800.   12.34966335   12.4013   0.000       0.000      0.4518E-04   0.000     0.2022E-02-0.2067E-02  0.000      0.000      0.000      0.000       0.000       0.000       0.000       0.000       0.000       0.000    
    14400.   12.34850070   12.4001   0.000       0.000      0.4517E-04   0.000     0.2044E-02-0.2089E-02  0.000      0.000      0.000      0.000       0.000       0.000       0.000       0.000       0.000       0.000    
    18000.   12.34777277   12.3990   0.000       0.000      0.4480E-04   0.000     0.2061E-02-0.2106E-02  0.000      0.000      0.000      0.000       0.000       0.000       0.000       0.000       0.000       0.000    
    21600.   12.34723375   12.3979   0.000       0.000      0.4431E-04   0.000     0.2075E-02-0.2119E-02  0.000      0.000      0.000      0.000       0.000       0.000       0.000       0.000       0.000       0.000    
    25200.   12.34678085   12.3968   0.000       0.000      0.4378E-04   0.000     0.2087E-02-0.2131E-02  0.000      0.000      0.000      0.000       0.000       0.000       0.000       0.000       0.000       0.000    
    28800.   12.34639387   12.3958   0.000       0.000      0.4322E-04   0.000     0.2097E-02-0.2141E-02  0.000      0.000      0.000      0.000       0.000       0.000       0.000       0.000       0.000       0.000    
    32400.   12.34601555   12.3948   0.000       0.000      0.4270E-04   0.000     0.2107E-02-0.2150E-02  0.000      0.000      0.000      0.000       0.000       0.000       0.000       0.000       0.000       0.000    
    36000.   12.34564129   12.3939   0.000       0.000      0.4221E-04   0.000     0.2116E-02-0.2159E-02  0.000      0.000      0.000      0.000       0.000       0.000       0.000       0.000       0.000       0.000    
    39600.   12.34526952   12.3930   0.000       0.000      0.4174E-04   0.000     0.2125E-02-0.2167E-02  0.000      0.000      0.000      0.000       0.000       0.000       0.000       0.000       0.000       0.000    
    43200.   12.35848651   12.3932   0.000       0.000      0.3040E-04   0.000     0.2449E-02-0.2479E-02  0.000      0.000      0.000      0.000       0.000       0.000       0.000       0.000       0.000       0.000    
    46800.   12.36067005   12.3936   0.000       0.000      0.2880E-04   0.000     0.2439E-02-0.2468E-02  0.000      0.000      0.000      0.000       0.000       0.000       0.000       0.000       0.000       0.000    
    50400.   12.34787988   12.3928   0.000       0.000      0.3933E-04   0.000     0.2108E-02-0.2148E-02  0.000      0.000      0.000      0.000       0.000       0.000       0.000       0.000       0.000       0.000    
    54000.   12.35930280   12.3931   0.000       0.000      0.2959E-04   0.000     0.2430E-02-0.2460E-02  0.000      0.000      0.000      0.000       0.000       0.000       0.000       0.000       0.000       0.000    
    57600.   12.39495456   12.3963   0.000       0.000      0.1196E-05   0.000     0.3215E-02-0.3216E-02  0.000      0.000      0.000      0.000       0.000       0.000       0.000       0.000       0.000       0.000    
    61200.   12.50429837   12.4082   0.000       0.000     -0.8407E-04   0.000     0.5521E-02-0.5437E-02  0.000      0.000      0.000      0.000       0.000       0.000       0.000       0.000       0.000       0.000    
    64800.   12.49953651   12.4183   0.000       0.000     -0.7108E-04   0.000     0.4699E-02-0.4628E-02  0.000      0.000      0.000      0.000       0.000       0.000       0.000       0.000       0.000       0.000    
    68400.   12.49855115   12.4275   0.000       0.000     -0.6216E-04   0.000     0.4359E-02-0.4296E-02  0.000      0.000      0.000      0.000       0.000       0.000       0.000       0.000       0.000       0.000    
    72000.   12.46780403   12.4335   0.000       0.000     -0.3000E-04   0.000     0.3456E-02-0.3426E-02  0.000      0.000      0.000      0.000       0.000       0.000       0.000       0.000       0.000       0.000    
    75600.   12.43733398   12.4367   0.000       0.000     -0.5363E-06   0.000     0.2775E-02-0.2774E-02  0.000      0.000      0.000      0.000       0.000       0.000       0.000       0.000       0.000       0.000    
    79200.   12.51412553   12.4463   0.000       0.000     -0.5936E-04   0.000     0.4668E-02-0.4609E-02  0.000      0.000      0.000      0.000       0.000       0.000       0.000       0.000       0.000       0.000    
    82800.   12.52824555   12.4560   0.000       0.000     -0.6320E-04   0.000     0.4573E-02-0.4510E-02  0.000      0.000      0.000      0.000       0.000       0.000       0.000       0.000       0.000       0.000    
    86400.   12.54233475   12.4661   0.000       0.000     -0.6669E-04   0.000     0.4591E-02-0.4524E-02  0.000      0.000      0.000      0.000       0.000       0.000       0.000       0.000       0.000       0.000    
    90000.   12.62375531   12.4822   0.000       0.000     -0.1239E-03   0.000     0.6200E-02-0.6076E-02  0.000      0.000      0.000      0.000       0.000       0.000       0.000       0.000       0.000       0.000    
    93600.   12.81312103   12.5125   0.000       0.000     -0.2630E-03   0.000     0.9933E-02-0.9670E-02  0.000      0.000      0.000      0.000       0.000       0.000       0.000       0.000       0.000       0.000    
    97200.   12.74666295   12.5342   0.000       0.000     -0.1859E-03   0.000     0.6982E-02-0.6796E-02  0.000      0.000      0.000      0.000       0.000       0.000       0.000       0.000       0.000       0.000    
   100800.   12.59894030   12.5422   0.000       0.000     -0.4966E-04   0.000     0.3193E-02-0.3143E-02  0.000      0.000      0.000      0.000       0.000       0.000       0.000       0.000       0.000       0.000    
   104400.   12.52931658   12.5446   0.000       0.000      0.1339E-04   0.000     0.2088E-02-0.2102E-02  0.000      0.000      0.000      0.000       0.000       0.000       0.000       0.000       0.000       0.000    
   108000.   12.50736872   12.5456   0.000       0.000      0.3342E-04   0.000     0.2058E-02-0.2092E-02  0.000      0.000      0.000      0.000       0.000       0.000       0.000       0.000       0.000       0.000    
   111600.   12.47369663   12.5439   0.000       0.000      0.6141E-04   0.000     0.1533E-02-0.1595E-02  0.000      0.000      0.000      0.000       0.000       0.000       0.000       0.000       0.000       0.000    
   115200.   12.44621209   12.5403   0.000       0.000      0.8228E-04   0.000     0.1160E-02-0.1242E-02  0.000      0.000      0.000      0.000       0.000       0.000       0.000       0.000       0.000       0.000    
   118800.   12.42632713   12.5354   0.000       0.000      0.9545E-04   0.000     0.9574E-03-0.1053E-02  0.000      0.000      0.000      0.000       0.000       0.000       0.000       0.000       0.000       0.000    
   122400.   12.43497693   12.5318   0.000       0.000      0.8469E-04   0.000     0.1387E-02-0.1472E-02  0.000      0.000      0.000      0.000       0.000       0.000       0.000       0.000       0.000       0.000    
   126000.   12.41493443   12.5267   0.000       0.000      0.9779E-04   0.000     0.9976E-03-0.1095E-02  0.000      0.000      0.000      0.000       0.000       0.000       0.000       0.000       0.000       0.000    
   129600.   12.46579997   12.5263   0.000       0.000      0.5293E-04   0.000     0.2343E-02-0.2396E-02  0.000      0.000      0.000      0.000       0.000       0.000       0.000       0.000       0.000       0.000    
   133200.   12.44041836   12.5236   0.000       0.000      0.7275E-04   0.000     0.1576E-02-0.1648E-02  0.000      0.000      0.000      0.000       0.000       0.000       0.000       0.000       0.000       0.000    
   136800.   12.43114978   12.5203   0.000       0.000      0.7803E-04   0.000     0.1448E-02-0.1526E-02  0.000      0.000      0.000      0.000       0.000       0.000       0.000       0.000       0.000       0.000    
   140400.   12.40885522   12.5155   0.000       0.000      0.9333E-04   0.000     0.1040E-02-0.1134E-02  0.000      0.000      0.000      0.000       0.000       0.000       0.000       0.000       0.000       0.000    
   144000.   12.40439382   12.5108   0.000       0.000      0.9308E-04   0.000     0.1126E-02-0.1219E-02  0.000      0.000      0.000      0.000       0.000       0.000       0.000       0.000       0.000       0.000    
   147600.   12.40241900   12.5062   0.000       0.000      0.9084E-04   0.000     0.1212E-02-0.1303E-02  0.000      0.000      0.000      0.000       0.000       0.000       0.000       0.000       0.000       0.000    
   151200.   12.40134759   12.5019   0.000       0.000      0.8802E-04   0.000     0.1285E-02-0.1373E-02  0.000      0.000      0.000      0.000       0.000       0.000       0.000       0.000       0.000       0.000    
   154800.   12.40065039   12.4979   0.000       0.000      0.8507E-04   0.000     0.1349E-02-0.1434E-02  0.000      0.000      0.000      0.000       0.000       0.000       0.000       0.000       0.000       0.000    
   158400.   12.41373483   12.4952   0.000       0.000      0.7126E-04   0.000     0.1722E-02-0.1794E-02  0.000      0.000      0.000      0.000       0.000       0.000       0.000       0.000       0.000       0.000    
   162000.   12.47042253   12.4973   0.000       0.000      0.2352E-04   0.000     0.3018E-02-0.3042E-02  0.000      0.000      0.000      0.000       0.000       0.000       0.000       0.000       0.000       0.000    
   165600.   12.46784214   12.4988   0.000       0.000      0.2705E-04   0.000     0.2662E-02-0.2689E-02  0.000      0.000      0.000      0.000       0.000       0.000       0.000       0.000       0.000       0.000    
   169200.   12.42273204   12.4963   0.000       0.000      0.6438E-04   0.000     0.1516E-02-0.1580E-02  0.000      0.000      0.000      0.000       0.000       0.000       0.000       0.000       0.000       0.000    
   172800.   12.40888883   12.4931   0.000       0.000      0.7367E-04   0.000     0.1402E-02-0.1476E-02  0.000      0.000      0.000      0.000       0.000       0.000       0.000       0.000       0.000       0.000    
