TOTIM (T)      HCON          HMAT      QDIR      QWELL        QMAT       QCADS      QTUB1      QTUB2      QTUB3      QTUB4      QTUB5      QTUB6       NSTOR        QFIX        QLH     FHLQ (LQ)        CAUCHY   CAUCHY (LQ)
     3600.   12.36574353   12.3949   0.000       0.000      0.2553E-04   0.000     0.4581E-02-0.4607E-02  0.000      0.000      0.000      0.000       0.000       0.000       0.000       0.000       0.000       0.000    
     7200.   12.35219328   12.3938   0.000       0.000      0.3640E-04   0.000     0.4250E-02-0.4286E-02  0.000      0.000      0.000      0.000       0.000       0.000       0.000       0.000       0.000       0.000    
    10800.   12.34966250   12.3926   0.000       0.000      0.3758E-04   0.000     0.4312E-02-0.4349E-02  0.000      0.000      0.000      0.000       0.000       0.000       0.000       0.000       0.000       0.000    
    14400.   12.34849983   12.3914   0.000       0.000      0.3757E-04   0.000     0.4354E-02-0.4392E-02  0.000      0.000      0.000      0.000       0.000       0.000       0.000       0.000       0.000       0.000    
    18000.   12.34777190   12.3903   0.000       0.000      0.3721E-04   0.000     0.4378E-02-0.4415E-02  0.000      0.000      0.000      0.000       0.000       0.000       0.000       0.000       0.000       0.000    
    21600.   12.34723287   12.3892   0.000       0.000      0.3671E-04   0.000     0.4392E-02-0.4429E-02  0.000      0.000      0.000      0.000       0.000       0.000       0.000       0.000       0.000       0.000    
    25200.   12.34677997   12.3881   0.000       0.000      0.3618E-04   0.000     0.4402E-02-0.4438E-02  0.000      0.000      0.000      0.000       0.000       0.000       0.000       0.000       0.000       0.000    
    28800.   12.34639299   12.3871   0.000       0.000      0.3563E-04   0.000     0.4408E-02-0.4443E-02  0.000      0.000      0.000      0.000       0.000       0.000       0.000       0.000       0.000       0.000    
    32400.   12.34601467   12.3861   0.000       0.000      0.3511E-04   0.000     0.4413E-02-0.4448E-02  0.000      0.000      0.000      0.000       0.000       0.000       0.000       0.000       0.000       0.000    
    36000.   12.34564040   12.3852   0.000       0.000      0.3461E-04   0.000     0.4418E-02-0.4453E-02  0.000      0.000      0.000      0.000       0.000       0.000       0.000       0.000       0.000       0.000    
    39600.   12.34526863   12.3843   0.000       0.000      0.3415E-04   0.000     0.4423E-02-0.4457E-02  0.000      0.000      0.000      0.000       0.000       0.000       0.000       0.000       0.000       0.000    
    43200.   12.35848554   12.3845   0.000       0.000      0.2281E-04   0.000     0.4756E-02-0.4779E-02  0.000      0.000      0.000      0.000       0.000       0.000       0.000       0.000       0.000       0.000    
    46800.   12.36066909   12.3849   0.000       0.000      0.2120E-04   0.000     0.4698E-02-0.4719E-02  0.000      0.000      0.000      0.000       0.000       0.000       0.000       0.000       0.000       0.000    
    50400.   12.34787901   12.3841   0.000       0.000      0.3173E-04   0.000     0.4329E-02-0.4361E-02  0.000      0.000      0.000      0.000       0.000       0.000       0.000       0.000       0.000       0.000    
    54000.   12.35930184   12.3844   0.000       0.000      0.2200E-04   0.000     0.4700E-02-0.4722E-02  0.000      0.000      0.000      0.000       0.000       0.000       0.000       0.000       0.000       0.000    
    57600.   12.39495339   12.3876   0.000       0.000     -0.6396E-05   0.000     0.5487E-02-0.5481E-02  0.000      0.000      0.000      0.000       0.000       0.000       0.000       0.000       0.000       0.000    
    61200.   12.50428996   12.3995   0.000       0.000     -0.9166E-04   0.000     0.7754E-02-0.7662E-02  0.000      0.000      0.000      0.000       0.000       0.000       0.000       0.000       0.000       0.000    
    64800.   12.49953042   12.4096   0.000       0.000     -0.7867E-04   0.000     0.6507E-02-0.6429E-02  0.000      0.000      0.000      0.000       0.000       0.000       0.000       0.000       0.000       0.000    
    68400.   12.49854580   12.4188   0.000       0.000     -0.6975E-04   0.000     0.6076E-02-0.6006E-02  0.000      0.000      0.000      0.000       0.000       0.000       0.000       0.000       0.000       0.000    
    72000.   12.46780014   12.4248   0.000       0.000     -0.3760E-04   0.000     0.5159E-02-0.5121E-02  0.000      0.000      0.000      0.000       0.000       0.000       0.000       0.000       0.000       0.000    
    75600.   12.43733091   12.4280   0.000       0.000     -0.8133E-05   0.000     0.4597E-02-0.4589E-02  0.000      0.000      0.000      0.000       0.000       0.000       0.000       0.000       0.000       0.000    
    79200.   12.51411910   12.4376   0.000       0.000     -0.6696E-04   0.000     0.6741E-02-0.6674E-02  0.000      0.000      0.000      0.000       0.000       0.000       0.000       0.000       0.000       0.000    
    82800.   12.52823957   12.4473   0.000       0.000     -0.7080E-04   0.000     0.6467E-02-0.6396E-02  0.000      0.000      0.000      0.000       0.000       0.000       0.000       0.000       0.000       0.000    
    86400.   12.54232884   12.4574   0.000       0.000     -0.7429E-04   0.000     0.6411E-02-0.6337E-02  0.000      0.000      0.000      0.000       0.000       0.000       0.000       0.000       0.000       0.000    
    90000.   12.62374609   12.4735   0.000       0.000     -0.1315E-03   0.000     0.8052E-02-0.7921E-02  0.000      0.000      0.000      0.000       0.000       0.000       0.000       0.000       0.000       0.000    
    93600.   12.81309143   12.5038   0.000       0.000     -0.2706E-03   0.000     0.1169E-01-0.1142E-01  0.000      0.000      0.000      0.000       0.000       0.000       0.000       0.000       0.000       0.000    
    97200.   12.74664859   12.5255   0.000       0.000     -0.1935E-03   0.000     0.7991E-02-0.7797E-02  0.000      0.000      0.000      0.000       0.000       0.000       0.000       0.000       0.000       0.000    
   100800.   12.59893781   12.5335   0.000       0.000     -0.5727E-04   0.000     0.4163E-02-0.4106E-02  0.000      0.000      0.000      0.000       0.000       0.000       0.000       0.000       0.000       0.000    
   104400.   12.52931507   12.5359   0.000       0.000      0.5768E-05   0.000     0.3638E-02-0.3644E-02  0.000      0.000      0.000      0.000       0.000       0.000       0.000       0.000       0.000       0.000    
   108000.   12.50736696   12.5369   0.000       0.000      0.2580E-04   0.000     0.4093E-02-0.4119E-02  0.000      0.000      0.000      0.000       0.000       0.000       0.000       0.000       0.000       0.000    
   111600.   12.47369514   12.5352   0.000       0.000      0.5379E-04   0.000     0.3801E-02-0.3855E-02  0.000      0.000      0.000      0.000       0.000       0.000       0.000       0.000       0.000       0.000    
   115200.   12.44621077   12.5315   0.000       0.000      0.7466E-04   0.000     0.3617E-02-0.3691E-02  0.000      0.000      0.000      0.000       0.000       0.000       0.000       0.000       0.000       0.000    
   118800.   12.42632588   12.5267   0.000       0.000      0.8783E-04   0.000     0.3564E-02-0.3651E-02  0.000      0.000      0.000      0.000       0.000       0.000       0.000       0.000       0.000       0.000    
   122400.   12.43497528   12.5231   0.000       0.000      0.7707E-04   0.000     0.4118E-02-0.4195E-02  0.000      0.000      0.000      0.000       0.000       0.000       0.000       0.000       0.000       0.000    
   126000.   12.41493310   12.5180   0.000       0.000      0.9017E-04   0.000     0.3705E-02-0.3795E-02  0.000      0.000      0.000      0.000       0.000       0.000       0.000       0.000       0.000       0.000    
   129600.   12.46579744   12.5176   0.000       0.000      0.4531E-04   0.000     0.5151E-02-0.5197E-02  0.000      0.000      0.000      0.000       0.000       0.000       0.000       0.000       0.000       0.000    
   133200.   12.44041664   12.5149   0.000       0.000      0.6513E-04   0.000     0.4184E-02-0.4249E-02  0.000      0.000      0.000      0.000       0.000       0.000       0.000       0.000       0.000       0.000    
   136800.   12.43114816   12.5116   0.000       0.000      0.7042E-04   0.000     0.4070E-02-0.4141E-02  0.000      0.000      0.000      0.000       0.000       0.000       0.000       0.000       0.000       0.000    
   140400.   12.40885389   12.5068   0.000       0.000      0.8571E-04   0.000     0.3677E-02-0.3763E-02  0.000      0.000      0.000      0.000       0.000       0.000       0.000       0.000       0.000       0.000    
   144000.   12.40439240   12.5021   0.000       0.000      0.8548E-04   0.000     0.3836E-02-0.3921E-02  0.000      0.000      0.000      0.000       0.000       0.000       0.000       0.000       0.000       0.000    
   147600.   12.40241749   12.4975   0.000       0.000      0.8324E-04   0.000     0.3946E-02-0.4029E-02  0.000      0.000      0.000      0.000       0.000       0.000       0.000       0.000       0.000       0.000    
   151200.   12.40134603   12.4933   0.000       0.000      0.8042E-04   0.000     0.4014E-02-0.4094E-02  0.000      0.000      0.000      0.000       0.000       0.000       0.000       0.000       0.000       0.000    
   154800.   12.40064879   12.4892   0.000       0.000      0.7748E-04   0.000     0.4063E-02-0.4140E-02  0.000      0.000      0.000      0.000       0.000       0.000       0.000       0.000       0.000       0.000    
   158400.   12.41373292   12.4865   0.000       0.000      0.6367E-04   0.000     0.4430E-02-0.4494E-02  0.000      0.000      0.000      0.000       0.000       0.000       0.000       0.000       0.000       0.000    
   162000.   12.47041940   12.4886   0.000       0.000      0.1593E-04   0.000     0.5708E-02-0.5724E-02  0.000      0.000      0.000      0.000       0.000       0.000       0.000       0.000       0.000       0.000    
   165600.   12.46783956   12.4901   0.000       0.000      0.1947E-04   0.000     0.5116E-02-0.5135E-02  0.000      0.000      0.000      0.000       0.000       0.000       0.000       0.000       0.000       0.000    
   169200.   12.42273052   12.4876   0.000       0.000      0.5680E-04   0.000     0.3860E-02-0.3917E-02  0.000      0.000      0.000      0.000       0.000       0.000       0.000       0.000       0.000       0.000    
   172800.   12.40888732   12.4844   0.000       0.000      0.6610E-04   0.000     0.3874E-02-0.3941E-02  0.000      0.000      0.000      0.000       0.000       0.000       0.000       0.000       0.000       0.000    
