TOTIM (T)      HCON          HMAT      QDIR      QWELL        QMAT       QCADS      QTUB1      QTUB2      QTUB3      QTUB4      QTUB5      QTUB6       NSTOR        QFIX        QLH     FHLQ (LQ)        CAUCHY   CAUCHY (LQ)
     3600.   12.36574468   12.5052   0.000       0.000      0.1220E-03   0.000     0.1055E-02-0.1177E-02  0.000      0.000      0.000      0.000       0.000       0.000       0.000       0.000       0.000       0.000    
     7200.   12.35219424   12.5041   0.000       0.000      0.1329E-03   0.000     0.5788E-03-0.7117E-03  0.000      0.000      0.000      0.000       0.000       0.000       0.000       0.000       0.000       0.000    
    10800.   12.34966347   12.5029   0.000       0.000      0.1341E-03   0.000     0.5938E-03-0.7278E-03  0.000      0.000      0.000      0.000       0.000       0.000       0.000       0.000       0.000       0.000    
    14400.   12.34850082   12.5018   0.000       0.000      0.1341E-03   0.000     0.6169E-03-0.7510E-03  0.000      0.000      0.000      0.000       0.000       0.000       0.000       0.000       0.000       0.000    
    18000.   12.34777290   12.5006   0.000       0.000      0.1337E-03   0.000     0.6385E-03-0.7722E-03  0.000      0.000      0.000      0.000       0.000       0.000       0.000       0.000       0.000       0.000    
    21600.   12.34723388   12.4996   0.000       0.000      0.1333E-03   0.000     0.6584E-03-0.7917E-03  0.000      0.000      0.000      0.000       0.000       0.000       0.000       0.000       0.000       0.000    
    25200.   12.34678099   12.4985   0.000       0.000      0.1328E-03   0.000     0.6769E-03-0.8097E-03  0.000      0.000      0.000      0.000       0.000       0.000       0.000       0.000       0.000       0.000    
    28800.   12.34639401   12.4976   0.000       0.000      0.1323E-03   0.000     0.6940E-03-0.8262E-03  0.000      0.000      0.000      0.000       0.000       0.000       0.000       0.000       0.000       0.000    
    32400.   12.34601569   12.4966   0.000       0.000      0.1318E-03   0.000     0.7099E-03-0.8417E-03  0.000      0.000      0.000      0.000       0.000       0.000       0.000       0.000       0.000       0.000    
    36000.   12.34564143   12.4958   0.000       0.000      0.1314E-03   0.000     0.7247E-03-0.8561E-03  0.000      0.000      0.000      0.000       0.000       0.000       0.000       0.000       0.000       0.000    
    39600.   12.34526966   12.4949   0.000       0.000      0.1310E-03   0.000     0.7385E-03-0.8694E-03  0.000      0.000      0.000      0.000       0.000       0.000       0.000       0.000       0.000       0.000    
    43200.   12.35848677   12.4953   0.000       0.000      0.1197E-03   0.000     0.1227E-02-0.1347E-02  0.000      0.000      0.000      0.000       0.000       0.000       0.000       0.000       0.000       0.000    
    46800.   12.36067031   12.4957   0.000       0.000      0.1182E-03   0.000     0.1224E-02-0.1342E-02  0.000      0.000      0.000      0.000       0.000       0.000       0.000       0.000       0.000       0.000    
    50400.   12.34788003   12.4951   0.000       0.000      0.1288E-03   0.000     0.7364E-03-0.8651E-03  0.000      0.000      0.000      0.000       0.000       0.000       0.000       0.000       0.000       0.000    
    54000.   12.35930306   12.4954   0.000       0.000      0.1191E-03   0.000     0.1216E-02-0.1335E-02  0.000      0.000      0.000      0.000       0.000       0.000       0.000       0.000       0.000       0.000    
    57600.   12.39495509   12.4987   0.000       0.000      0.9081E-04   0.000     0.2403E-02-0.2494E-02  0.000      0.000      0.000      0.000       0.000       0.000       0.000       0.000       0.000       0.000    
    61200.   12.50428845   12.5107   0.000       0.000      0.5595E-05   0.000     0.5921E-02-0.5927E-02  0.000      0.000      0.000      0.000       0.000       0.000       0.000       0.000       0.000       0.000    
    64800.   12.49952981   12.5208   0.000       0.000      0.1859E-04   0.000     0.4789E-02-0.4808E-02  0.000      0.000      0.000      0.000       0.000       0.000       0.000       0.000       0.000       0.000    
    68400.   12.49854544   12.5300   0.000       0.000      0.2748E-04   0.000     0.4344E-02-0.4371E-02  0.000      0.000      0.000      0.000       0.000       0.000       0.000       0.000       0.000       0.000    
    72000.   12.46780001   12.5359   0.000       0.000      0.5955E-04   0.000     0.2988E-02-0.3047E-02  0.000      0.000      0.000      0.000       0.000       0.000       0.000       0.000       0.000       0.000    
    75600.   12.43733078   12.5389   0.000       0.000      0.8888E-04   0.000     0.1924E-02-0.2013E-02  0.000      0.000      0.000      0.000       0.000       0.000       0.000       0.000       0.000       0.000    
    79200.   12.51411826   12.5483   0.000       0.000      0.2987E-04   0.000     0.4727E-02-0.4757E-02  0.000      0.000      0.000      0.000       0.000       0.000       0.000       0.000       0.000       0.000    
    82800.   12.52823893   12.5577   0.000       0.000      0.2579E-04   0.000     0.4608E-02-0.4634E-02  0.000      0.000      0.000      0.000       0.000       0.000       0.000       0.000       0.000       0.000    
    86400.   12.54232830   12.5675   0.000       0.000      0.2199E-04   0.000     0.4679E-02-0.4701E-02  0.000      0.000      0.000      0.000       0.000       0.000       0.000       0.000       0.000       0.000    
    90000.   12.62374474   12.5831   0.000       0.000     -0.3556E-04   0.000     0.7130E-02-0.7095E-02  0.000      0.000      0.000      0.000       0.000       0.000       0.000       0.000       0.000       0.000    
    93600.   12.81314315   12.6128   0.000       0.000     -0.1753E-03   0.000     0.1283E-01-0.1266E-01  0.000      0.000      0.000      0.000       0.000       0.000       0.000       0.000       0.000       0.000    
    97200.   12.74667265   12.6338   0.000       0.000     -0.9876E-04   0.000     0.8564E-02-0.8465E-02  0.000      0.000      0.000      0.000       0.000       0.000       0.000       0.000       0.000       0.000    
   100800.   12.59894104   12.6410   0.000       0.000      0.3680E-04   0.000     0.2903E-02-0.2940E-02  0.000      0.000      0.000      0.000       0.000       0.000       0.000       0.000       0.000       0.000    
   104400.   12.52931622   12.6425   0.000       0.000      0.9904E-04   0.000     0.1079E-02-0.1179E-02  0.000      0.000      0.000      0.000       0.000       0.000       0.000       0.000       0.000       0.000    
   108000.   12.50736804   12.6425   0.000       0.000      0.1182E-03   0.000     0.8504E-03-0.9686E-03  0.000      0.000      0.000      0.000       0.000       0.000       0.000       0.000       0.000       0.000    
   111600.   12.47369573   12.6397   0.000       0.000      0.1453E-03   0.000    -0.5180E-04-0.9347E-04  0.000      0.000      0.000      0.000       0.000       0.000       0.000       0.000       0.000       0.000    
   115200.   12.44621109   12.6350   0.000       0.000      0.1652E-03   0.000    -0.6860E-03 0.5208E-03  0.000      0.000      0.000      0.000       0.000       0.000       0.000       0.000       0.000       0.000    
   118800.   12.42632605   12.6291   0.000       0.000      0.1774E-03   0.000    -0.1048E-02 0.8704E-03  0.000      0.000      0.000      0.000       0.000       0.000       0.000       0.000       0.000       0.000    
   122400.   12.43497574   12.6243   0.000       0.000      0.1657E-03   0.000    -0.4379E-03 0.2723E-03  0.000      0.000      0.000      0.000       0.000       0.000       0.000       0.000       0.000       0.000    
   126000.   12.41493327   12.6181   0.000       0.000      0.1778E-03   0.000    -0.1032E-02 0.8547E-03  0.000      0.000      0.000      0.000       0.000       0.000       0.000       0.000       0.000       0.000    
   129600.   12.46579864   12.6167   0.000       0.000      0.1320E-03   0.000     0.9932E-03-0.1125E-02  0.000      0.000      0.000      0.000       0.000       0.000       0.000       0.000       0.000       0.000    
   133200.   12.44041721   12.6129   0.000       0.000      0.1509E-03   0.000    -0.1278E-03-0.2307E-04  0.000      0.000      0.000      0.000       0.000       0.000       0.000       0.000       0.000       0.000    
   136800.   12.43114866   12.6086   0.000       0.000      0.1553E-03   0.000    -0.3017E-03 0.1464E-03  0.000      0.000      0.000      0.000       0.000       0.000       0.000       0.000       0.000       0.000    
   140400.   12.40885411   12.6028   0.000       0.000      0.1697E-03   0.000    -0.9252E-03 0.7555E-03  0.000      0.000      0.000      0.000       0.000       0.000       0.000       0.000       0.000       0.000    
   144000.   12.40439268   12.5971   0.000       0.000      0.1686E-03   0.000    -0.8139E-03 0.6453E-03  0.000      0.000      0.000      0.000       0.000       0.000       0.000       0.000       0.000       0.000    
   147600.   12.40241782   12.5917   0.000       0.000      0.1656E-03   0.000    -0.6964E-03 0.5308E-03  0.000      0.000      0.000      0.000       0.000       0.000       0.000       0.000       0.000       0.000    
   151200.   12.40134641   12.5866   0.000       0.000      0.1621E-03   0.000    -0.5872E-03 0.4251E-03  0.000      0.000      0.000      0.000       0.000       0.000       0.000       0.000       0.000       0.000    
   154800.   12.40064921   12.5818   0.000       0.000      0.1585E-03   0.000    -0.4858E-03 0.3273E-03  0.000      0.000      0.000      0.000       0.000       0.000       0.000       0.000       0.000       0.000    
   158400.   12.41373362   12.5784   0.000       0.000      0.1441E-03   0.000     0.8407E-04-0.2281E-03  0.000      0.000      0.000      0.000       0.000       0.000       0.000       0.000       0.000       0.000    
   162000.   12.47042118   12.5799   0.000       0.000      0.9578E-04   0.000     0.2059E-02-0.2155E-02  0.000      0.000      0.000      0.000       0.000       0.000       0.000       0.000       0.000       0.000    
   165600.   12.46784099   12.5807   0.000       0.000      0.9879E-04   0.000     0.1581E-02-0.1680E-02  0.000      0.000      0.000      0.000       0.000       0.000       0.000       0.000       0.000       0.000    
   169200.   12.42273107   12.5778   0.000       0.000      0.1356E-03   0.000    -0.1074E-03-0.2824E-04  0.000      0.000      0.000      0.000       0.000       0.000       0.000       0.000       0.000       0.000    
   172800.   12.40888781   12.5740   0.000       0.000      0.1445E-03   0.000    -0.3057E-03 0.1612E-03  0.000      0.000      0.000      0.000       0.000       0.000       0.000       0.000       0.000       0.000    
