TOTIM (T)      HCON          HMAT      QDIR      QWELL        QMAT       QCADS      QTUB1      QTUB2      QTUB3      QTUB4      QTUB5      QTUB6       NSTOR        QFIX        QLH     FHLQ (LQ)        CAUCHY   CAUCHY (LQ)
     3600.   12.36574273   12.1963   0.000       0.000     -0.1483E-03   0.000     0.6969E-02-0.6821E-02  0.000      0.000      0.000      0.000       0.000       0.000       0.000       0.000       0.000       0.000    
     7200.   12.35219253   12.1952   0.000       0.000     -0.1374E-03   0.000     0.6542E-02-0.6405E-02  0.000      0.000      0.000      0.000       0.000       0.000       0.000       0.000       0.000       0.000    
    10800.   12.34966174   12.1940   0.000       0.000     -0.1362E-03   0.000     0.6660E-02-0.6524E-02  0.000      0.000      0.000      0.000       0.000       0.000       0.000       0.000       0.000       0.000    
    14400.   12.34849906   12.1928   0.000       0.000     -0.1362E-03   0.000     0.6725E-02-0.6589E-02  0.000      0.000      0.000      0.000       0.000       0.000       0.000       0.000       0.000       0.000    
    18000.   12.34777113   12.1917   0.000       0.000     -0.1366E-03   0.000     0.6758E-02-0.6621E-02  0.000      0.000      0.000      0.000       0.000       0.000       0.000       0.000       0.000       0.000    
    21600.   12.34723210   12.1906   0.000       0.000     -0.1371E-03   0.000     0.6775E-02-0.6638E-02  0.000      0.000      0.000      0.000       0.000       0.000       0.000       0.000       0.000       0.000    
    25200.   12.34677920   12.1895   0.000       0.000     -0.1376E-03   0.000     0.6784E-02-0.6647E-02  0.000      0.000      0.000      0.000       0.000       0.000       0.000       0.000       0.000       0.000    
    28800.   12.34639222   12.1885   0.000       0.000     -0.1382E-03   0.000     0.6788E-02-0.6650E-02  0.000      0.000      0.000      0.000       0.000       0.000       0.000       0.000       0.000       0.000    
    32400.   12.34601389   12.1875   0.000       0.000     -0.1387E-03   0.000     0.6791E-02-0.6653E-02  0.000      0.000      0.000      0.000       0.000       0.000       0.000       0.000       0.000       0.000    
    36000.   12.34563963   12.1866   0.000       0.000     -0.1392E-03   0.000     0.6794E-02-0.6655E-02  0.000      0.000      0.000      0.000       0.000       0.000       0.000       0.000       0.000       0.000    
    39600.   12.34526785   12.1857   0.000       0.000     -0.1396E-03   0.000     0.6796E-02-0.6656E-02  0.000      0.000      0.000      0.000       0.000       0.000       0.000       0.000       0.000       0.000    
    43200.   12.35848471   12.1860   0.000       0.000     -0.1509E-03   0.000     0.7221E-02-0.7070E-02  0.000      0.000      0.000      0.000       0.000       0.000       0.000       0.000       0.000       0.000    
    46800.   12.36066827   12.1864   0.000       0.000     -0.1525E-03   0.000     0.7103E-02-0.6951E-02  0.000      0.000      0.000      0.000       0.000       0.000       0.000       0.000       0.000       0.000    
    50400.   12.34787825   12.1856   0.000       0.000     -0.1420E-03   0.000     0.6616E-02-0.6474E-02  0.000      0.000      0.000      0.000       0.000       0.000       0.000       0.000       0.000       0.000    
    54000.   12.35930102   12.1860   0.000       0.000     -0.1517E-03   0.000     0.7125E-02-0.6974E-02  0.000      0.000      0.000      0.000       0.000       0.000       0.000       0.000       0.000       0.000    
    57600.   12.39494968   12.1892   0.000       0.000     -0.1800E-03   0.000     0.8106E-02-0.7926E-02  0.000      0.000      0.000      0.000       0.000       0.000       0.000       0.000       0.000       0.000    
    61200.   12.50427888   12.2011   0.000       0.000     -0.2653E-03   0.000     0.1091E-01-0.1064E-01  0.000      0.000      0.000      0.000       0.000       0.000       0.000       0.000       0.000       0.000    
    64800.   12.49952272   12.2112   0.000       0.000     -0.2523E-03   0.000     0.8983E-02-0.8731E-02  0.000      0.000      0.000      0.000       0.000       0.000       0.000       0.000       0.000       0.000    
    68400.   12.49853904   12.2204   0.000       0.000     -0.2434E-03   0.000     0.8419E-02-0.8175E-02  0.000      0.000      0.000      0.000       0.000       0.000       0.000       0.000       0.000       0.000    
    72000.   12.46779511   12.2264   0.000       0.000     -0.2112E-03   0.000     0.7270E-02-0.7059E-02  0.000      0.000      0.000      0.000       0.000       0.000       0.000       0.000       0.000       0.000    
    75600.   12.43732673   12.2296   0.000       0.000     -0.1817E-03   0.000     0.6677E-02-0.6495E-02  0.000      0.000      0.000      0.000       0.000       0.000       0.000       0.000       0.000       0.000    
    79200.   12.51411058   12.2391   0.000       0.000     -0.2406E-03   0.000     0.9565E-02-0.9324E-02  0.000      0.000      0.000      0.000       0.000       0.000       0.000       0.000       0.000       0.000    
    82800.   12.52823185   12.2488   0.000       0.000     -0.2445E-03   0.000     0.9037E-02-0.8793E-02  0.000      0.000      0.000      0.000       0.000       0.000       0.000       0.000       0.000       0.000    
    86400.   12.54232129   12.2588   0.000       0.000     -0.2481E-03   0.000     0.8930E-02-0.8682E-02  0.000      0.000      0.000      0.000       0.000       0.000       0.000       0.000       0.000       0.000    
    90000.   12.62373458   12.2748   0.000       0.000     -0.3053E-03   0.000     0.1102E-01-0.1072E-01  0.000      0.000      0.000      0.000       0.000       0.000       0.000       0.000       0.000       0.000    
    93600.   12.81306845   12.3050   0.000       0.000     -0.4446E-03   0.000     0.1550E-01-0.1505E-01  0.000      0.000      0.000      0.000       0.000       0.000       0.000       0.000       0.000       0.000    
    97200.   12.74663816   12.3265   0.000       0.000     -0.3677E-03   0.000     0.1022E-01-0.9854E-02  0.000      0.000      0.000      0.000       0.000       0.000       0.000       0.000       0.000       0.000    
   100800.   12.59893529   12.3343   0.000       0.000     -0.2316E-03   0.000     0.5502E-02-0.5271E-02  0.000      0.000      0.000      0.000       0.000       0.000       0.000       0.000       0.000       0.000    
   104400.   12.52931283   12.3365   0.000       0.000     -0.1687E-03   0.000     0.5359E-02-0.5190E-02  0.000      0.000      0.000      0.000       0.000       0.000       0.000       0.000       0.000       0.000    
   108000.   12.50736399   12.3372   0.000       0.000     -0.1489E-03   0.000     0.6286E-02-0.6137E-02  0.000      0.000      0.000      0.000       0.000       0.000       0.000       0.000       0.000       0.000    
   111600.   12.47369241   12.3352   0.000       0.000     -0.1212E-03   0.000     0.6071E-02-0.5949E-02  0.000      0.000      0.000      0.000       0.000       0.000       0.000       0.000       0.000       0.000    
   115200.   12.44620817   12.3312   0.000       0.000     -0.1006E-03   0.000     0.5982E-02-0.5882E-02  0.000      0.000      0.000      0.000       0.000       0.000       0.000       0.000       0.000       0.000    
   118800.   12.42632326   12.3260   0.000       0.000     -0.8780E-04   0.000     0.6028E-02-0.5940E-02  0.000      0.000      0.000      0.000       0.000       0.000       0.000       0.000       0.000       0.000    
   122400.   12.43497196   12.3220   0.000       0.000     -0.9888E-04   0.000     0.6815E-02-0.6716E-02  0.000      0.000      0.000      0.000       0.000       0.000       0.000       0.000       0.000       0.000    
   126000.   12.41493028   12.3165   0.000       0.000     -0.8610E-04   0.000     0.6265E-02-0.6179E-02  0.000      0.000      0.000      0.000       0.000       0.000       0.000       0.000       0.000       0.000    
   129600.   12.46579265   12.3158   0.000       0.000     -0.1313E-03   0.000     0.8166E-02-0.8035E-02  0.000      0.000      0.000      0.000       0.000       0.000       0.000       0.000       0.000       0.000    
   133200.   12.44041332   12.3127   0.000       0.000     -0.1117E-03   0.000     0.6771E-02-0.6659E-02  0.000      0.000      0.000      0.000       0.000       0.000       0.000       0.000       0.000       0.000    
   136800.   12.43114495   12.3092   0.000       0.000     -0.1067E-03   0.000     0.6668E-02-0.6561E-02  0.000      0.000      0.000      0.000       0.000       0.000       0.000       0.000       0.000       0.000    
   140400.   12.40885114   12.3041   0.000       0.000     -0.9165E-04   0.000     0.6185E-02-0.6094E-02  0.000      0.000      0.000      0.000       0.000       0.000       0.000       0.000       0.000       0.000    
   144000.   12.40438942   12.2991   0.000       0.000     -0.9211E-04   0.000     0.6447E-02-0.6355E-02  0.000      0.000      0.000      0.000       0.000       0.000       0.000       0.000       0.000       0.000    
   147600.   12.40241438   12.2944   0.000       0.000     -0.9455E-04   0.000     0.6595E-02-0.6500E-02  0.000      0.000      0.000      0.000       0.000       0.000       0.000       0.000       0.000       0.000    
   151200.   12.40134284   12.2898   0.000       0.000     -0.9756E-04   0.000     0.6673E-02-0.6575E-02  0.000      0.000      0.000      0.000       0.000       0.000       0.000       0.000       0.000       0.000    
   154800.   12.40064555   12.2856   0.000       0.000     -0.1007E-03   0.000     0.6719E-02-0.6619E-02  0.000      0.000      0.000      0.000       0.000       0.000       0.000       0.000       0.000       0.000    
   158400.   12.41372922   12.2828   0.000       0.000     -0.1146E-03   0.000     0.7172E-02-0.7058E-02  0.000      0.000      0.000      0.000       0.000       0.000       0.000       0.000       0.000       0.000    
   162000.   12.47041385   12.2847   0.000       0.000     -0.1625E-03   0.000     0.8754E-02-0.8591E-02  0.000      0.000      0.000      0.000       0.000       0.000       0.000       0.000       0.000       0.000    
   165600.   12.46783508   12.2861   0.000       0.000     -0.1590E-03   0.000     0.7807E-02-0.7648E-02  0.000      0.000      0.000      0.000       0.000       0.000       0.000       0.000       0.000       0.000    
   169200.   12.42272771   12.2836   0.000       0.000     -0.1218E-03   0.000     0.6168E-02-0.6047E-02  0.000      0.000      0.000      0.000       0.000       0.000       0.000       0.000       0.000       0.000    
   172800.   12.40888442   12.2803   0.000       0.000     -0.1125E-03   0.000     0.6309E-02-0.6197E-02  0.000      0.000      0.000      0.000       0.000       0.000       0.000       0.000       0.000       0.000    
