TOTIM (T)      HCON          HMAT      QDIR      QWELL        QMAT       QCADS      QTUB1      QTUB2      QTUB3      QTUB4      QTUB5      QTUB6       NSTOR        QFIX        QLH     FHLQ (LQ)        CAUCHY   CAUCHY (LQ)
     3600.   12.36574330   12.3490   0.000       0.000     -0.1462E-04   0.000     0.4609E-02-0.4594E-02  0.000      0.000      0.000      0.000       0.000       0.000       0.000       0.000       0.000       0.000    
     7200.   12.35219307   12.3479   0.000       0.000     -0.3743E-05   0.000     0.4299E-02-0.4296E-02  0.000      0.000      0.000      0.000       0.000       0.000       0.000       0.000       0.000       0.000    
    10800.   12.34966228   12.3467   0.000       0.000     -0.2566E-05   0.000     0.4363E-02-0.4361E-02  0.000      0.000      0.000      0.000       0.000       0.000       0.000       0.000       0.000       0.000    
    14400.   12.34849961   12.3456   0.000       0.000     -0.2576E-05   0.000     0.4406E-02-0.4403E-02  0.000      0.000      0.000      0.000       0.000       0.000       0.000       0.000       0.000       0.000    
    18000.   12.34777168   12.3444   0.000       0.000     -0.2939E-05   0.000     0.4429E-02-0.4426E-02  0.000      0.000      0.000      0.000       0.000       0.000       0.000       0.000       0.000       0.000    
    21600.   12.34723265   12.3433   0.000       0.000     -0.3434E-05   0.000     0.4442E-02-0.4439E-02  0.000      0.000      0.000      0.000       0.000       0.000       0.000       0.000       0.000       0.000    
    25200.   12.34677975   12.3422   0.000       0.000     -0.3967E-05   0.000     0.4451E-02-0.4447E-02  0.000      0.000      0.000      0.000       0.000       0.000       0.000       0.000       0.000       0.000    
    28800.   12.34639277   12.3412   0.000       0.000     -0.4518E-05   0.000     0.4456E-02-0.4451E-02  0.000      0.000      0.000      0.000       0.000       0.000       0.000       0.000       0.000       0.000    
    32400.   12.34601445   12.3403   0.000       0.000     -0.5041E-05   0.000     0.4460E-02-0.4455E-02  0.000      0.000      0.000      0.000       0.000       0.000       0.000       0.000       0.000       0.000    
    36000.   12.34564018   12.3393   0.000       0.000     -0.5536E-05   0.000     0.4464E-02-0.4459E-02  0.000      0.000      0.000      0.000       0.000       0.000       0.000       0.000       0.000       0.000    
    39600.   12.34526841   12.3384   0.000       0.000     -0.6002E-05   0.000     0.4468E-02-0.4462E-02  0.000      0.000      0.000      0.000       0.000       0.000       0.000       0.000       0.000       0.000    
    43200.   12.35848530   12.3387   0.000       0.000     -0.1735E-04   0.000     0.4779E-02-0.4761E-02  0.000      0.000      0.000      0.000       0.000       0.000       0.000       0.000       0.000       0.000    
    46800.   12.36066886   12.3390   0.000       0.000     -0.1895E-04   0.000     0.4717E-02-0.4698E-02  0.000      0.000      0.000      0.000       0.000       0.000       0.000       0.000       0.000       0.000    
    50400.   12.34787880   12.3383   0.000       0.000     -0.8420E-05   0.000     0.4369E-02-0.4361E-02  0.000      0.000      0.000      0.000       0.000       0.000       0.000       0.000       0.000       0.000    
    54000.   12.35930161   12.3386   0.000       0.000     -0.1815E-04   0.000     0.4720E-02-0.4702E-02  0.000      0.000      0.000      0.000       0.000       0.000       0.000       0.000       0.000       0.000    
    57600.   12.39495312   12.3418   0.000       0.000     -0.4655E-04   0.000     0.5451E-02-0.5404E-02  0.000      0.000      0.000      0.000       0.000       0.000       0.000       0.000       0.000       0.000    
    61200.   12.50428719   12.3536   0.000       0.000     -0.1318E-03   0.000     0.7547E-02-0.7415E-02  0.000      0.000      0.000      0.000       0.000       0.000       0.000       0.000       0.000       0.000    
    64800.   12.49952846   12.3637   0.000       0.000     -0.1188E-03   0.000     0.6327E-02-0.6208E-02  0.000      0.000      0.000      0.000       0.000       0.000       0.000       0.000       0.000       0.000    
    68400.   12.49854408   12.3729   0.000       0.000     -0.1099E-03   0.000     0.5913E-02-0.5803E-02  0.000      0.000      0.000      0.000       0.000       0.000       0.000       0.000       0.000       0.000    
    72000.   12.46779888   12.3789   0.000       0.000     -0.7776E-04   0.000     0.5060E-02-0.4982E-02  0.000      0.000      0.000      0.000       0.000       0.000       0.000       0.000       0.000       0.000    
    75600.   12.43732988   12.3821   0.000       0.000     -0.4829E-04   0.000     0.4557E-02-0.4509E-02  0.000      0.000      0.000      0.000       0.000       0.000       0.000       0.000       0.000       0.000    
    79200.   12.51411698   12.3917   0.000       0.000     -0.1071E-03   0.000     0.6584E-02-0.6477E-02  0.000      0.000      0.000      0.000       0.000       0.000       0.000       0.000       0.000       0.000    
    82800.   12.52823762   12.4014   0.000       0.000     -0.1110E-03   0.000     0.6302E-02-0.6191E-02  0.000      0.000      0.000      0.000       0.000       0.000       0.000       0.000       0.000       0.000    
    86400.   12.54232693   12.4115   0.000       0.000     -0.1144E-03   0.000     0.6239E-02-0.6125E-02  0.000      0.000      0.000      0.000       0.000       0.000       0.000       0.000       0.000       0.000    
    90000.   12.62374315   12.4276   0.000       0.000     -0.1716E-03   0.000     0.7766E-02-0.7595E-02  0.000      0.000      0.000      0.000       0.000       0.000       0.000       0.000       0.000       0.000    
    93600.   12.81308540   12.4579   0.000       0.000     -0.3107E-03   0.000     0.1113E-01-0.1082E-01  0.000      0.000      0.000      0.000       0.000       0.000       0.000       0.000       0.000       0.000    
    97200.   12.74664576   12.4796   0.000       0.000     -0.2337E-03   0.000     0.7580E-02-0.7347E-02  0.000      0.000      0.000      0.000       0.000       0.000       0.000       0.000       0.000       0.000    
   100800.   12.59893699   12.4876   0.000       0.000     -0.9740E-04   0.000     0.4026E-02-0.3928E-02  0.000      0.000      0.000      0.000       0.000       0.000       0.000       0.000       0.000       0.000    
   104400.   12.52931442   12.4901   0.000       0.000     -0.3436E-04   0.000     0.3626E-02-0.3592E-02  0.000      0.000      0.000      0.000       0.000       0.000       0.000       0.000       0.000       0.000    
   108000.   12.50736612   12.4910   0.000       0.000     -0.1431E-04   0.000     0.4122E-02-0.4107E-02  0.000      0.000      0.000      0.000       0.000       0.000       0.000       0.000       0.000       0.000    
   111600.   12.47369440   12.4893   0.000       0.000      0.1368E-04   0.000     0.3885E-02-0.3899E-02  0.000      0.000      0.000      0.000       0.000       0.000       0.000       0.000       0.000       0.000    
   115200.   12.44621009   12.4857   0.000       0.000      0.3457E-04   0.000     0.3743E-02-0.3777E-02  0.000      0.000      0.000      0.000       0.000       0.000       0.000       0.000       0.000       0.000    
   118800.   12.42632521   12.4809   0.000       0.000      0.4775E-04   0.000     0.3716E-02-0.3764E-02  0.000      0.000      0.000      0.000       0.000       0.000       0.000       0.000       0.000       0.000    
   122400.   12.43497441   12.4773   0.000       0.000      0.3701E-04   0.000     0.4249E-02-0.4286E-02  0.000      0.000      0.000      0.000       0.000       0.000       0.000       0.000       0.000       0.000    
   126000.   12.41493237   12.4722   0.000       0.000      0.5012E-04   0.000     0.3862E-02-0.3912E-02  0.000      0.000      0.000      0.000       0.000       0.000       0.000       0.000       0.000       0.000    
   129600.   12.46579612   12.4718   0.000       0.000      0.5277E-05   0.000     0.5219E-02-0.5224E-02  0.000      0.000      0.000      0.000       0.000       0.000       0.000       0.000       0.000       0.000    
   133200.   12.44041574   12.4691   0.000       0.000      0.2512E-04   0.000     0.4291E-02-0.4316E-02  0.000      0.000      0.000      0.000       0.000       0.000       0.000       0.000       0.000       0.000    
   136800.   12.43114730   12.4659   0.000       0.000      0.3041E-04   0.000     0.4188E-02-0.4218E-02  0.000      0.000      0.000      0.000       0.000       0.000       0.000       0.000       0.000       0.000    
   140400.   12.40885318   12.4611   0.000       0.000      0.4572E-04   0.000     0.3825E-02-0.3871E-02  0.000      0.000      0.000      0.000       0.000       0.000       0.000       0.000       0.000       0.000    
   144000.   12.40439163   12.4564   0.000       0.000      0.4550E-04   0.000     0.3984E-02-0.4029E-02  0.000      0.000      0.000      0.000       0.000       0.000       0.000       0.000       0.000       0.000    
   147600.   12.40241668   12.4519   0.000       0.000      0.4327E-04   0.000     0.4089E-02-0.4133E-02  0.000      0.000      0.000      0.000       0.000       0.000       0.000       0.000       0.000       0.000    
   151200.   12.40134519   12.4476   0.000       0.000      0.4047E-04   0.000     0.4152E-02-0.4192E-02  0.000      0.000      0.000      0.000       0.000       0.000       0.000       0.000       0.000       0.000    
   154800.   12.40064793   12.4435   0.000       0.000      0.3754E-04   0.000     0.4195E-02-0.4232E-02  0.000      0.000      0.000      0.000       0.000       0.000       0.000       0.000       0.000       0.000    
   158400.   12.41373192   12.4409   0.000       0.000      0.2374E-04   0.000     0.4534E-02-0.4558E-02  0.000      0.000      0.000      0.000       0.000       0.000       0.000       0.000       0.000       0.000    
   162000.   12.47041782   12.4430   0.000       0.000     -0.2398E-04   0.000     0.5717E-02-0.5693E-02  0.000      0.000      0.000      0.000       0.000       0.000       0.000       0.000       0.000       0.000    
   165600.   12.46783827   12.4445   0.000       0.000     -0.2044E-04   0.000     0.5132E-02-0.5112E-02  0.000      0.000      0.000      0.000       0.000       0.000       0.000       0.000       0.000       0.000    
   169200.   12.42272975   12.4420   0.000       0.000      0.1690E-04   0.000     0.3951E-02-0.3967E-02  0.000      0.000      0.000      0.000       0.000       0.000       0.000       0.000       0.000       0.000    
   172800.   12.40888655   12.4388   0.000       0.000      0.2620E-04   0.000     0.3984E-02-0.4010E-02  0.000      0.000      0.000      0.000       0.000       0.000       0.000       0.000       0.000       0.000    
