TOTIM (T)      HCON          HMAT      QDIR      QWELL        QMAT       QCADS      QTUB1      QTUB2      QTUB3      QTUB4      QTUB5      QTUB6       NSTOR        QFIX        QLH     FHLQ (LQ)        CAUCHY   CAUCHY (LQ)
     3600.   12.36574471   12.5266   0.000       0.000      0.1407E-03   0.000     0.4697E-03 0.4443E-03-0.1055E-02  0.000      0.000      0.000       0.000       0.000       0.000       0.000       0.000       0.000    
     7200.   12.35219425   12.5256   0.000       0.000      0.1518E-03   0.000     0.4806E-03-0.5359E-04-0.5788E-03  0.000      0.000      0.000       0.000       0.000       0.000       0.000       0.000       0.000    
    10800.   12.34966349   12.5248   0.000       0.000      0.1533E-03   0.000     0.4818E-03-0.4130E-04-0.5938E-03  0.000      0.000      0.000       0.000       0.000       0.000       0.000       0.000       0.000    
    14400.   12.34850084   12.5242   0.000       0.000      0.1537E-03   0.000     0.4818E-03-0.1863E-04-0.6169E-03  0.000      0.000      0.000       0.000       0.000       0.000       0.000       0.000       0.000    
    18000.   12.34777291   12.5236   0.000       0.000      0.1539E-03   0.000     0.4815E-03 0.3138E-05-0.6385E-03  0.000      0.000      0.000       0.000       0.000       0.000       0.000       0.000       0.000    
    21600.   12.34723390   12.5233   0.000       0.000      0.1540E-03   0.000     0.4810E-03 0.2340E-04-0.6584E-03  0.000      0.000      0.000       0.000       0.000       0.000       0.000       0.000       0.000    
    25200.   12.34678100   12.5230   0.000       0.000      0.1542E-03   0.000     0.4805E-03 0.4219E-04-0.6769E-03  0.000      0.000      0.000       0.000       0.000       0.000       0.000       0.000       0.000    
    28800.   12.34639403   12.5228   0.000       0.000      0.1544E-03   0.000     0.4800E-03 0.5952E-04-0.6940E-03  0.000      0.000      0.000       0.000       0.000       0.000       0.000       0.000       0.000    
    32400.   12.34601571   12.5228   0.000       0.000      0.1547E-03   0.000     0.4796E-03 0.7562E-04-0.7099E-03  0.000      0.000      0.000       0.000       0.000       0.000       0.000       0.000       0.000    
    36000.   12.34564145   12.5228   0.000       0.000      0.1550E-03   0.000     0.4792E-03 0.9050E-04-0.7247E-03  0.000      0.000      0.000       0.000       0.000       0.000       0.000       0.000       0.000    
    39600.   12.34526968   12.5229   0.000       0.000      0.1554E-03   0.000     0.4788E-03 0.1043E-03-0.7385E-03  0.000      0.000      0.000       0.000       0.000       0.000       0.000       0.000       0.000    
    43200.   12.35848680   12.5239   0.000       0.000      0.1448E-03   0.000     0.4676E-03 0.6148E-03-0.1227E-02  0.000      0.000      0.000       0.000       0.000       0.000       0.000       0.000       0.000    
    46800.   12.36067034   12.5249   0.000       0.000      0.1437E-03   0.000     0.4660E-03 0.6143E-03-0.1224E-02  0.000      0.000      0.000       0.000       0.000       0.000       0.000       0.000       0.000    
    50400.   12.34788005   12.5249   0.000       0.000      0.1549E-03   0.000     0.4767E-03 0.1048E-03-0.7364E-03  0.000      0.000      0.000       0.000       0.000       0.000       0.000       0.000       0.000    
    54000.   12.35930309   12.5257   0.000       0.000      0.1456E-03   0.000     0.4670E-03 0.6032E-03-0.1216E-02  0.000      0.000      0.000       0.000       0.000       0.000       0.000       0.000       0.000    
    57600.   12.39495515   12.5288   0.000       0.000      0.1171E-03   0.000     0.4387E-03 0.1847E-02-0.2403E-02  0.000      0.000      0.000       0.000       0.000       0.000       0.000       0.000       0.000    
    61200.   12.50428860   12.5386   0.000       0.000      0.3004E-04   0.000     0.3535E-03 0.5538E-02-0.5921E-02  0.000      0.000      0.000       0.000       0.000       0.000       0.000       0.000       0.000    
    64800.   12.49952993   12.5453   0.000       0.000      0.4009E-04   0.000     0.3664E-03 0.4383E-02-0.4789E-02  0.000      0.000      0.000       0.000       0.000       0.000       0.000       0.000       0.000    
    68400.   12.49854554   12.5503   0.000       0.000      0.4525E-04   0.000     0.3752E-03 0.3924E-02-0.4344E-02  0.000      0.000      0.000       0.000       0.000       0.000       0.000       0.000       0.000    
    72000.   12.46780008   12.5517   0.000       0.000      0.7338E-04   0.000     0.4071E-03 0.2507E-02-0.2988E-02  0.000      0.000      0.000       0.000       0.000       0.000       0.000       0.000       0.000    
    75600.   12.43733082   12.5504   0.000       0.000      0.9895E-04   0.000     0.4364E-03 0.1389E-02-0.1924E-02  0.000      0.000      0.000       0.000       0.000       0.000       0.000       0.000       0.000    
    79200.   12.51411837   12.5546   0.000       0.000      0.3539E-04   0.000     0.3772E-03 0.4314E-02-0.4727E-02  0.000      0.000      0.000       0.000       0.000       0.000       0.000       0.000       0.000    
    82800.   12.52823905   12.5581   0.000       0.000      0.2615E-04   0.000     0.3730E-03 0.4209E-02-0.4608E-02  0.000      0.000      0.000       0.000       0.000       0.000       0.000       0.000       0.000    
    86400.   12.54232841   12.5614   0.000       0.000      0.1668E-04   0.000     0.3690E-03 0.4293E-02-0.4679E-02  0.000      0.000      0.000       0.000       0.000       0.000       0.000       0.000       0.000    
    90000.   12.62374491   12.5692   0.000       0.000     -0.4772E-04   0.000     0.3112E-03 0.6867E-02-0.7130E-02  0.000      0.000      0.000       0.000       0.000       0.000       0.000       0.000       0.000    
    93600.   12.81314704   12.5882   0.000       0.000     -0.1968E-03   0.000     0.1713E-03 0.1286E-01-0.1283E-01  0.000      0.000      0.000       0.000       0.000       0.000       0.000       0.000       0.000    
    97200.   12.74667440   12.5975   0.000       0.000     -0.1305E-03   0.000     0.2474E-03 0.8447E-02-0.8564E-02  0.000      0.000      0.000       0.000       0.000       0.000       0.000       0.000       0.000    
   100800.   12.59894125   12.5938   0.000       0.000     -0.4472E-05   0.000     0.3826E-03 0.2525E-02-0.2903E-02  0.000      0.000      0.000       0.000       0.000       0.000       0.000       0.000       0.000    
   104400.   12.52931624   12.5857   0.000       0.000      0.4935E-04   0.000     0.4446E-03 0.5855E-03-0.1079E-02  0.000      0.000      0.000       0.000       0.000       0.000       0.000       0.000       0.000    
   108000.   12.50736806   12.5772   0.000       0.000      0.6112E-04   0.000     0.4635E-03 0.3258E-03-0.8504E-03  0.000      0.000      0.000       0.000       0.000       0.000       0.000       0.000       0.000    
   111600.   12.47369573   12.5674   0.000       0.000      0.8196E-04   0.000     0.4903E-03-0.6240E-03 0.5180E-04  0.000      0.000      0.000       0.000       0.000       0.000       0.000       0.000       0.000    
   115200.   12.44621108   12.5569   0.000       0.000      0.9689E-04   0.000     0.5100E-03-0.1293E-02 0.6860E-03  0.000      0.000      0.000       0.000       0.000       0.000       0.000       0.000       0.000    
   118800.   12.42632602   12.5467   0.000       0.000      0.1053E-03   0.000     0.5221E-03-0.1675E-02 0.1048E-02  0.000      0.000      0.000       0.000       0.000       0.000       0.000       0.000       0.000    
   122400.   12.43497573   12.5387   0.000       0.000      0.9075E-04   0.000     0.5102E-03-0.1039E-02 0.4379E-03  0.000      0.000      0.000       0.000       0.000       0.000       0.000       0.000       0.000    
   126000.   12.41493324   12.5305   0.000       0.000      0.1011E-03   0.000     0.5223E-03-0.1656E-02 0.1032E-02  0.000      0.000      0.000       0.000       0.000       0.000       0.000       0.000       0.000    
   129600.   12.46579866   12.5273   0.000       0.000      0.5385E-04   0.000     0.4764E-03 0.4629E-03-0.9932E-03  0.000      0.000      0.000       0.000       0.000       0.000       0.000       0.000       0.000    
   133200.   12.44041720   12.5227   0.000       0.000      0.7197E-04   0.000     0.4953E-03-0.6951E-03 0.1278E-03  0.000      0.000      0.000       0.000       0.000       0.000       0.000       0.000       0.000    
   136800.   12.43114866   12.5183   0.000       0.000      0.7621E-04   0.000     0.4996E-03-0.8776E-03 0.3017E-03  0.000      0.000      0.000       0.000       0.000       0.000       0.000       0.000       0.000    
   140400.   12.40885409   12.5132   0.000       0.000      0.9128E-04   0.000     0.5141E-03-0.1531E-02 0.9252E-03  0.000      0.000      0.000       0.000       0.000       0.000       0.000       0.000       0.000    
   144000.   12.40439266   12.5090   0.000       0.000      0.9151E-04   0.000     0.5131E-03-0.1418E-02 0.8139E-03  0.000      0.000      0.000       0.000       0.000       0.000       0.000       0.000       0.000    
   147600.   12.40241781   12.5057   0.000       0.000      0.9036E-04   0.000     0.5101E-03-0.1297E-02 0.6964E-03  0.000      0.000      0.000       0.000       0.000       0.000       0.000       0.000       0.000    
   151200.   12.40134639   12.5032   0.000       0.000      0.8914E-04   0.000     0.5066E-03-0.1183E-02 0.5872E-03  0.000      0.000      0.000       0.000       0.000       0.000       0.000       0.000       0.000    
   154800.   12.40064920   12.5015   0.000       0.000      0.8826E-04   0.000     0.5031E-03-0.1077E-02 0.4858E-03  0.000      0.000      0.000       0.000       0.000       0.000       0.000       0.000       0.000    
   158400.   12.41373362   12.5014   0.000       0.000      0.7673E-04   0.000     0.4888E-03-0.4815E-03-0.8407E-04  0.000      0.000      0.000       0.000       0.000       0.000       0.000       0.000       0.000    
   162000.   12.47042123   12.5056   0.000       0.000      0.3081E-04   0.000     0.4406E-03 0.1587E-02-0.2059E-02  0.000      0.000      0.000       0.000       0.000       0.000       0.000       0.000       0.000    
   165600.   12.46784103   12.5089   0.000       0.000      0.3594E-04   0.000     0.4437E-03 0.1102E-02-0.1581E-02  0.000      0.000      0.000       0.000       0.000       0.000       0.000       0.000       0.000    
   169200.   12.42273106   12.5087   0.000       0.000      0.7519E-04   0.000     0.4807E-03-0.6633E-03 0.1074E-03  0.000      0.000      0.000       0.000       0.000       0.000       0.000       0.000       0.000    
   172800.   12.40888780   12.5081   0.000       0.000      0.8677E-04   0.000     0.4896E-03-0.8821E-03 0.3057E-03  0.000      0.000      0.000       0.000       0.000       0.000       0.000       0.000       0.000    
