TOTIM (T)      HCON          HMAT      QDIR      QWELL        QMAT       QCADS      QTUB1      QTUB2      QTUB3      QTUB4      QTUB5      QTUB6       NSTOR        QFIX        QLH     FHLQ (LQ)        CAUCHY   CAUCHY (LQ)
     3600.   12.36574444   12.3904   0.000       0.000      0.2160E-04   0.000     0.1988E-02-0.2009E-02  0.000      0.000      0.000      0.000       0.000       0.000       0.000       0.000       0.000       0.000    
     7200.   12.35219412   12.3893   0.000       0.000      0.3248E-04   0.000     0.1777E-02-0.1809E-02  0.000      0.000      0.000      0.000       0.000       0.000       0.000       0.000       0.000       0.000    
    10800.   12.34966335   12.3881   0.000       0.000      0.3366E-04   0.000     0.1800E-02-0.1834E-02  0.000      0.000      0.000      0.000       0.000       0.000       0.000       0.000       0.000       0.000    
    14400.   12.34850069   12.3870   0.000       0.000      0.3365E-04   0.000     0.1821E-02-0.1855E-02  0.000      0.000      0.000      0.000       0.000       0.000       0.000       0.000       0.000       0.000    
    18000.   12.34777276   12.3858   0.000       0.000      0.3328E-04   0.000     0.1834E-02-0.1867E-02  0.000      0.000      0.000      0.000       0.000       0.000       0.000       0.000       0.000       0.000    
    21600.   12.34723374   12.3847   0.000       0.000      0.3279E-04   0.000     0.1843E-02-0.1876E-02  0.000      0.000      0.000      0.000       0.000       0.000       0.000       0.000       0.000       0.000    
    25200.   12.34678084   12.3836   0.000       0.000      0.3226E-04   0.000     0.1851E-02-0.1883E-02  0.000      0.000      0.000      0.000       0.000       0.000       0.000       0.000       0.000       0.000    
    28800.   12.34639386   12.3826   0.000       0.000      0.3171E-04   0.000     0.1856E-02-0.1888E-02  0.000      0.000      0.000      0.000       0.000       0.000       0.000       0.000       0.000       0.000    
    32400.   12.34601554   12.3817   0.000       0.000      0.3118E-04   0.000     0.1861E-02-0.1892E-02  0.000      0.000      0.000      0.000       0.000       0.000       0.000       0.000       0.000       0.000    
    36000.   12.34564128   12.3807   0.000       0.000      0.3069E-04   0.000     0.1866E-02-0.1897E-02  0.000      0.000      0.000      0.000       0.000       0.000       0.000       0.000       0.000       0.000    
    39600.   12.34526950   12.3798   0.000       0.000      0.3022E-04   0.000     0.1870E-02-0.1900E-02  0.000      0.000      0.000      0.000       0.000       0.000       0.000       0.000       0.000       0.000    
    43200.   12.35848649   12.3801   0.000       0.000      0.1888E-04   0.000     0.2084E-02-0.2103E-02  0.000      0.000      0.000      0.000       0.000       0.000       0.000       0.000       0.000       0.000    
    46800.   12.36067003   12.3804   0.000       0.000      0.1728E-04   0.000     0.2064E-02-0.2082E-02  0.000      0.000      0.000      0.000       0.000       0.000       0.000       0.000       0.000       0.000    
    50400.   12.34787987   12.3797   0.000       0.000      0.2781E-04   0.000     0.1837E-02-0.1865E-02  0.000      0.000      0.000      0.000       0.000       0.000       0.000       0.000       0.000       0.000    
    54000.   12.35930278   12.3800   0.000       0.000      0.1808E-04   0.000     0.2061E-02-0.2079E-02  0.000      0.000      0.000      0.000       0.000       0.000       0.000       0.000       0.000       0.000    
    57600.   12.39495450   12.3832   0.000       0.000     -0.1032E-04   0.000     0.2574E-02-0.2564E-02  0.000      0.000      0.000      0.000       0.000       0.000       0.000       0.000       0.000       0.000    
    61200.   12.50429822   12.3951   0.000       0.000     -0.9559E-04   0.000     0.4070E-02-0.3974E-02  0.000      0.000      0.000      0.000       0.000       0.000       0.000       0.000       0.000       0.000    
    64800.   12.49953636   12.4051   0.000       0.000     -0.8260E-04   0.000     0.3412E-02-0.3329E-02  0.000      0.000      0.000      0.000       0.000       0.000       0.000       0.000       0.000       0.000    
    68400.   12.49855102   12.4143   0.000       0.000     -0.7368E-04   0.000     0.3160E-02-0.3087E-02  0.000      0.000      0.000      0.000       0.000       0.000       0.000       0.000       0.000       0.000    
    72000.   12.46780393   12.4203   0.000       0.000     -0.4152E-04   0.000     0.2566E-02-0.2525E-02  0.000      0.000      0.000      0.000       0.000       0.000       0.000       0.000       0.000       0.000    
    75600.   12.43733391   12.4236   0.000       0.000     -0.1206E-04   0.000     0.2155E-02-0.2143E-02  0.000      0.000      0.000      0.000       0.000       0.000       0.000       0.000       0.000       0.000    
    79200.   12.51412540   12.4331   0.000       0.000     -0.7088E-04   0.000     0.3465E-02-0.3394E-02  0.000      0.000      0.000      0.000       0.000       0.000       0.000       0.000       0.000       0.000    
    82800.   12.52824541   12.4428   0.000       0.000     -0.7472E-04   0.000     0.3355E-02-0.3280E-02  0.000      0.000      0.000      0.000       0.000       0.000       0.000       0.000       0.000       0.000    
    86400.   12.54233461   12.4529   0.000       0.000     -0.7821E-04   0.000     0.3344E-02-0.3266E-02  0.000      0.000      0.000      0.000       0.000       0.000       0.000       0.000       0.000       0.000    
    90000.   12.62375511   12.4690   0.000       0.000     -0.1354E-03   0.000     0.4404E-02-0.4269E-02  0.000      0.000      0.000      0.000       0.000       0.000       0.000       0.000       0.000       0.000    
    93600.   12.81311027   12.4993   0.000       0.000     -0.2745E-03   0.000     0.6818E-02-0.6544E-02  0.000      0.000      0.000      0.000       0.000       0.000       0.000       0.000       0.000       0.000    
    97200.   12.74665773   12.5210   0.000       0.000     -0.1975E-03   0.000     0.4677E-02-0.4480E-02  0.000      0.000      0.000      0.000       0.000       0.000       0.000       0.000       0.000       0.000    
   100800.   12.59893972   12.5290   0.000       0.000     -0.6120E-04   0.000     0.2186E-02-0.2125E-02  0.000      0.000      0.000      0.000       0.000       0.000       0.000       0.000       0.000       0.000    
   104400.   12.52931653   12.5314   0.000       0.000      0.1840E-05   0.000     0.1630E-02-0.1632E-02  0.000      0.000      0.000      0.000       0.000       0.000       0.000       0.000       0.000       0.000    
   108000.   12.50736870   12.5324   0.000       0.000      0.2187E-04   0.000     0.1755E-02-0.1776E-02  0.000      0.000      0.000      0.000       0.000       0.000       0.000       0.000       0.000       0.000    
   111600.   12.47369664   12.5307   0.000       0.000      0.4985E-04   0.000     0.1483E-02-0.1533E-02  0.000      0.000      0.000      0.000       0.000       0.000       0.000       0.000       0.000       0.000    
   115200.   12.44621213   12.5270   0.000       0.000      0.7073E-04   0.000     0.1296E-02-0.1366E-02  0.000      0.000      0.000      0.000       0.000       0.000       0.000       0.000       0.000       0.000    
   118800.   12.42632718   12.5222   0.000       0.000      0.8389E-04   0.000     0.1208E-02-0.1292E-02  0.000      0.000      0.000      0.000       0.000       0.000       0.000       0.000       0.000       0.000    
   122400.   12.43497697   12.5186   0.000       0.000      0.7313E-04   0.000     0.1526E-02-0.1599E-02  0.000      0.000      0.000      0.000       0.000       0.000       0.000       0.000       0.000       0.000    
   126000.   12.41493449   12.5135   0.000       0.000      0.8622E-04   0.000     0.1267E-02-0.1353E-02  0.000      0.000      0.000      0.000       0.000       0.000       0.000       0.000       0.000       0.000    
   129600.   12.46579998   12.5131   0.000       0.000      0.4136E-04   0.000     0.2174E-02-0.2216E-02  0.000      0.000      0.000      0.000       0.000       0.000       0.000       0.000       0.000       0.000    
   133200.   12.44041839   12.5103   0.000       0.000      0.6119E-04   0.000     0.1618E-02-0.1679E-02  0.000      0.000      0.000      0.000       0.000       0.000       0.000       0.000       0.000       0.000    
   136800.   12.43114982   12.5071   0.000       0.000      0.6647E-04   0.000     0.1537E-02-0.1603E-02  0.000      0.000      0.000      0.000       0.000       0.000       0.000       0.000       0.000       0.000    
   140400.   12.40885527   12.5023   0.000       0.000      0.8176E-04   0.000     0.1275E-02-0.1357E-02  0.000      0.000      0.000      0.000       0.000       0.000       0.000       0.000       0.000       0.000    
   144000.   12.40439388   12.4976   0.000       0.000      0.8152E-04   0.000     0.1353E-02-0.1434E-02  0.000      0.000      0.000      0.000       0.000       0.000       0.000       0.000       0.000       0.000    
   147600.   12.40241905   12.4930   0.000       0.000      0.7928E-04   0.000     0.1417E-02-0.1496E-02  0.000      0.000      0.000      0.000       0.000       0.000       0.000       0.000       0.000       0.000    
   151200.   12.40134764   12.4887   0.000       0.000      0.7645E-04   0.000     0.1463E-02-0.1540E-02  0.000      0.000      0.000      0.000       0.000       0.000       0.000       0.000       0.000       0.000    
   154800.   12.40065044   12.4847   0.000       0.000      0.7351E-04   0.000     0.1501E-02-0.1574E-02  0.000      0.000      0.000      0.000       0.000       0.000       0.000       0.000       0.000       0.000    
   158400.   12.41373486   12.4820   0.000       0.000      0.5970E-04   0.000     0.1743E-02-0.1803E-02  0.000      0.000      0.000      0.000       0.000       0.000       0.000       0.000       0.000       0.000    
   162000.   12.47042251   12.4841   0.000       0.000      0.1196E-04   0.000     0.2584E-02-0.2596E-02  0.000      0.000      0.000      0.000       0.000       0.000       0.000       0.000       0.000       0.000    
   165600.   12.46784212   12.4855   0.000       0.000      0.1549E-04   0.000     0.2285E-02-0.2300E-02  0.000      0.000      0.000      0.000       0.000       0.000       0.000       0.000       0.000       0.000    
   169200.   12.42273205   12.4831   0.000       0.000      0.5282E-04   0.000     0.1503E-02-0.1556E-02  0.000      0.000      0.000      0.000       0.000       0.000       0.000       0.000       0.000       0.000    
   172800.   12.40888886   12.4799   0.000       0.000      0.6211E-04   0.000     0.1464E-02-0.1526E-02  0.000      0.000      0.000      0.000       0.000       0.000       0.000       0.000       0.000       0.000    
