TOTIM (T)      HCON          HMAT      QDIR      QWELL        QMAT       QCADS      QTUB1      QTUB2      QTUB3      QTUB4      QTUB5      QTUB6       NSTOR        QFIX        QLH     FHLQ (LQ)        CAUCHY   CAUCHY (LQ)
     3600.   12.36574397   12.3871   0.000       0.000      0.1871E-04   0.000    -0.2487E-02 0.2468E-02  0.000      0.000      0.000      0.000       0.000       0.000       0.000       0.000       0.000       0.000    
     7200.   12.35219367   12.3860   0.000       0.000      0.2959E-04   0.000    -0.2185E-02 0.2155E-02  0.000      0.000      0.000      0.000       0.000       0.000       0.000       0.000       0.000       0.000    
    10800.   12.34966290   12.3848   0.000       0.000      0.3077E-04   0.000    -0.2218E-02 0.2188E-02  0.000      0.000      0.000      0.000       0.000       0.000       0.000       0.000       0.000       0.000    
    14400.   12.34850024   12.3837   0.000       0.000      0.3076E-04   0.000    -0.2241E-02 0.2211E-02  0.000      0.000      0.000      0.000       0.000       0.000       0.000       0.000       0.000       0.000    
    18000.   12.34777231   12.3825   0.000       0.000      0.3039E-04   0.000    -0.2257E-02 0.2227E-02  0.000      0.000      0.000      0.000       0.000       0.000       0.000       0.000       0.000       0.000    
    21600.   12.34723328   12.3814   0.000       0.000      0.2990E-04   0.000    -0.2269E-02 0.2239E-02  0.000      0.000      0.000      0.000       0.000       0.000       0.000       0.000       0.000       0.000    
    25200.   12.34678038   12.3803   0.000       0.000      0.2937E-04   0.000    -0.2279E-02 0.2250E-02  0.000      0.000      0.000      0.000       0.000       0.000       0.000       0.000       0.000       0.000    
    28800.   12.34639340   12.3793   0.000       0.000      0.2881E-04   0.000    -0.2288E-02 0.2259E-02  0.000      0.000      0.000      0.000       0.000       0.000       0.000       0.000       0.000       0.000    
    32400.   12.34601508   12.3783   0.000       0.000      0.2829E-04   0.000    -0.2295E-02 0.2267E-02  0.000      0.000      0.000      0.000       0.000       0.000       0.000       0.000       0.000       0.000    
    36000.   12.34564082   12.3774   0.000       0.000      0.2780E-04   0.000    -0.2302E-02 0.2274E-02  0.000      0.000      0.000      0.000       0.000       0.000       0.000       0.000       0.000       0.000    
    39600.   12.34526904   12.3765   0.000       0.000      0.2733E-04   0.000    -0.2308E-02 0.2281E-02  0.000      0.000      0.000      0.000       0.000       0.000       0.000       0.000       0.000       0.000    
    43200.   12.35848600   12.3768   0.000       0.000      0.1598E-04   0.000    -0.2616E-02 0.2600E-02  0.000      0.000      0.000      0.000       0.000       0.000       0.000       0.000       0.000       0.000    
    46800.   12.36066955   12.3771   0.000       0.000      0.1438E-04   0.000    -0.2587E-02 0.2573E-02  0.000      0.000      0.000      0.000       0.000       0.000       0.000       0.000       0.000       0.000    
    50400.   12.34787942   12.3763   0.000       0.000      0.2491E-04   0.000    -0.2268E-02 0.2243E-02  0.000      0.000      0.000      0.000       0.000       0.000       0.000       0.000       0.000       0.000    
    54000.   12.35930230   12.3766   0.000       0.000      0.1518E-04   0.000    -0.2592E-02 0.2577E-02  0.000      0.000      0.000      0.000       0.000       0.000       0.000       0.000       0.000       0.000    
    57600.   12.39495397   12.3798   0.000       0.000     -0.1322E-04   0.000    -0.3324E-02 0.3338E-02  0.000      0.000      0.000      0.000       0.000       0.000       0.000       0.000       0.000       0.000    
    61200.   12.50428628   12.3917   0.000       0.000     -0.9848E-04   0.000    -0.5479E-02 0.5577E-02  0.000      0.000      0.000      0.000       0.000       0.000       0.000       0.000       0.000       0.000    
    64800.   12.49952802   12.4018   0.000       0.000     -0.8550E-04   0.000    -0.4555E-02 0.4640E-02  0.000      0.000      0.000      0.000       0.000       0.000       0.000       0.000       0.000       0.000    
    68400.   12.49854379   12.4110   0.000       0.000     -0.7657E-04   0.000    -0.4252E-02 0.4329E-02  0.000      0.000      0.000      0.000       0.000       0.000       0.000       0.000       0.000       0.000    
    72000.   12.46779877   12.4170   0.000       0.000     -0.4442E-04   0.000    -0.3410E-02 0.3455E-02  0.000      0.000      0.000      0.000       0.000       0.000       0.000       0.000       0.000       0.000    
    75600.   12.43732984   12.4202   0.000       0.000     -0.1495E-04   0.000    -0.2818E-02 0.2833E-02  0.000      0.000      0.000      0.000       0.000       0.000       0.000       0.000       0.000       0.000    
    79200.   12.51411646   12.4298   0.000       0.000     -0.7377E-04   0.000    -0.4679E-02 0.4753E-02  0.000      0.000      0.000      0.000       0.000       0.000       0.000       0.000       0.000       0.000    
    82800.   12.52823719   12.4395   0.000       0.000     -0.7760E-04   0.000    -0.4499E-02 0.4576E-02  0.000      0.000      0.000      0.000       0.000       0.000       0.000       0.000       0.000       0.000    
    86400.   12.54232654   12.4497   0.000       0.000     -0.8109E-04   0.000    -0.4514E-02 0.4595E-02  0.000      0.000      0.000      0.000       0.000       0.000       0.000       0.000       0.000       0.000    
    90000.   12.62374224   12.4658   0.000       0.000     -0.1382E-03   0.000    -0.6050E-02 0.6188E-02  0.000      0.000      0.000      0.000       0.000       0.000       0.000       0.000       0.000       0.000    
    93600.   12.81309729   12.4961   0.000       0.000     -0.2774E-03   0.000    -0.9526E-02 0.9803E-02  0.000      0.000      0.000      0.000       0.000       0.000       0.000       0.000       0.000       0.000    
    97200.   12.74665140   12.5177   0.000       0.000     -0.2003E-03   0.000    -0.6490E-02 0.6690E-02  0.000      0.000      0.000      0.000       0.000       0.000       0.000       0.000       0.000       0.000    
   100800.   12.59893860   12.5258   0.000       0.000     -0.6403E-04   0.000    -0.3009E-02 0.3073E-02  0.000      0.000      0.000      0.000       0.000       0.000       0.000       0.000       0.000       0.000    
   104400.   12.52931551   12.5282   0.000       0.000     -0.9746E-06   0.000    -0.2193E-02 0.2194E-02  0.000      0.000      0.000      0.000       0.000       0.000       0.000       0.000       0.000       0.000    
   108000.   12.50736737   12.5292   0.000       0.000      0.1907E-04   0.000    -0.2284E-02 0.2265E-02  0.000      0.000      0.000      0.000       0.000       0.000       0.000       0.000       0.000       0.000    
   111600.   12.47369535   12.5275   0.000       0.000      0.4708E-04   0.000    -0.1829E-02 0.1782E-02  0.000      0.000      0.000      0.000       0.000       0.000       0.000       0.000       0.000       0.000    
   115200.   12.44621088   12.5239   0.000       0.000      0.6797E-04   0.000    -0.1528E-02 0.1460E-02  0.000      0.000      0.000      0.000       0.000       0.000       0.000       0.000       0.000       0.000    
   118800.   12.42632594   12.5191   0.000       0.000      0.8115E-04   0.000    -0.1376E-02 0.1294E-02  0.000      0.000      0.000      0.000       0.000       0.000       0.000       0.000       0.000       0.000    
   122400.   12.43497543   12.5154   0.000       0.000      0.7041E-04   0.000    -0.1813E-02 0.1742E-02  0.000      0.000      0.000      0.000       0.000       0.000       0.000       0.000       0.000       0.000    
   126000.   12.41493314   12.5104   0.000       0.000      0.8352E-04   0.000    -0.1427E-02 0.1343E-02  0.000      0.000      0.000      0.000       0.000       0.000       0.000       0.000       0.000       0.000    
   129600.   12.46579789   12.5100   0.000       0.000      0.3868E-04   0.000    -0.2734E-02 0.2695E-02  0.000      0.000      0.000      0.000       0.000       0.000       0.000       0.000       0.000       0.000    
   133200.   12.44041682   12.5073   0.000       0.000      0.5852E-04   0.000    -0.1929E-02 0.1871E-02  0.000      0.000      0.000      0.000       0.000       0.000       0.000       0.000       0.000       0.000    
   136800.   12.43114833   12.5041   0.000       0.000      0.6382E-04   0.000    -0.1839E-02 0.1775E-02  0.000      0.000      0.000      0.000       0.000       0.000       0.000       0.000       0.000       0.000    
   140400.   12.40885396   12.4993   0.000       0.000      0.7913E-04   0.000    -0.1460E-02 0.1380E-02  0.000      0.000      0.000      0.000       0.000       0.000       0.000       0.000       0.000       0.000    
   144000.   12.40439249   12.4946   0.000       0.000      0.7890E-04   0.000    -0.1566E-02 0.1487E-02  0.000      0.000      0.000      0.000       0.000       0.000       0.000       0.000       0.000       0.000    
   147600.   12.40241760   12.4900   0.000       0.000      0.7667E-04   0.000    -0.1647E-02 0.1571E-02  0.000      0.000      0.000      0.000       0.000       0.000       0.000       0.000       0.000       0.000    
   151200.   12.40134615   12.4858   0.000       0.000      0.7386E-04   0.000    -0.1711E-02 0.1637E-02  0.000      0.000      0.000      0.000       0.000       0.000       0.000       0.000       0.000       0.000    
   154800.   12.40064892   12.4817   0.000       0.000      0.7093E-04   0.000    -0.1764E-02 0.1693E-02  0.000      0.000      0.000      0.000       0.000       0.000       0.000       0.000       0.000       0.000    
   158400.   12.41373316   12.4790   0.000       0.000      0.5712E-04   0.000    -0.2113E-02 0.2055E-02  0.000      0.000      0.000      0.000       0.000       0.000       0.000       0.000       0.000       0.000    
   162000.   12.47042013   12.4812   0.000       0.000      0.9394E-05   0.000    -0.3323E-02 0.3314E-02  0.000      0.000      0.000      0.000       0.000       0.000       0.000       0.000       0.000       0.000    
   165600.   12.46784011   12.4826   0.000       0.000      0.1293E-04   0.000    -0.2901E-02 0.2888E-02  0.000      0.000      0.000      0.000       0.000       0.000       0.000       0.000       0.000       0.000    
   169200.   12.42273070   12.4802   0.000       0.000      0.5027E-04   0.000    -0.1810E-02 0.1759E-02  0.000      0.000      0.000      0.000       0.000       0.000       0.000       0.000       0.000       0.000    
   172800.   12.40888749   12.4770   0.000       0.000      0.5957E-04   0.000    -0.1759E-02 0.1700E-02  0.000      0.000      0.000      0.000       0.000       0.000       0.000       0.000       0.000       0.000    
