TOTIM (T)      HCON          HMAT      QDIR      QWELL        QMAT       QCADS      QTUB1      QTUB2      QTUB3      QTUB4      QTUB5      QTUB6       NSTOR        QFIX        QLH     FHLQ (LQ)        CAUCHY   CAUCHY (LQ)
     3600.   12.36574314   12.2919   0.000       0.000     -0.6466E-04   0.000    -0.2500E-02 0.2565E-02  0.000      0.000      0.000      0.000       0.000       0.000       0.000       0.000       0.000       0.000    
     7200.   12.35219291   12.2907   0.000       0.000     -0.5378E-04   0.000    -0.2340E-02 0.2394E-02  0.000      0.000      0.000      0.000       0.000       0.000       0.000       0.000       0.000       0.000    
    10800.   12.34966212   12.2895   0.000       0.000     -0.5260E-04   0.000    -0.2389E-02 0.2442E-02  0.000      0.000      0.000      0.000       0.000       0.000       0.000       0.000       0.000       0.000    
    14400.   12.34849946   12.2884   0.000       0.000     -0.5261E-04   0.000    -0.2412E-02 0.2464E-02  0.000      0.000      0.000      0.000       0.000       0.000       0.000       0.000       0.000       0.000    
    18000.   12.34777152   12.2872   0.000       0.000     -0.5297E-04   0.000    -0.2423E-02 0.2476E-02  0.000      0.000      0.000      0.000       0.000       0.000       0.000       0.000       0.000       0.000    
    21600.   12.34723250   12.2861   0.000       0.000     -0.5347E-04   0.000    -0.2429E-02 0.2482E-02  0.000      0.000      0.000      0.000       0.000       0.000       0.000       0.000       0.000       0.000    
    25200.   12.34677959   12.2851   0.000       0.000     -0.5400E-04   0.000    -0.2432E-02 0.2486E-02  0.000      0.000      0.000      0.000       0.000       0.000       0.000       0.000       0.000       0.000    
    28800.   12.34639261   12.2840   0.000       0.000     -0.5455E-04   0.000    -0.2433E-02 0.2487E-02  0.000      0.000      0.000      0.000       0.000       0.000       0.000       0.000       0.000       0.000    
    32400.   12.34601429   12.2831   0.000       0.000     -0.5507E-04   0.000    -0.2433E-02 0.2489E-02  0.000      0.000      0.000      0.000       0.000       0.000       0.000       0.000       0.000       0.000    
    36000.   12.34564002   12.2821   0.000       0.000     -0.5557E-04   0.000    -0.2434E-02 0.2490E-02  0.000      0.000      0.000      0.000       0.000       0.000       0.000       0.000       0.000       0.000    
    39600.   12.34526825   12.2812   0.000       0.000     -0.5603E-04   0.000    -0.2434E-02 0.2490E-02  0.000      0.000      0.000      0.000       0.000       0.000       0.000       0.000       0.000       0.000    
    43200.   12.35848513   12.2815   0.000       0.000     -0.6737E-04   0.000    -0.2594E-02 0.2661E-02  0.000      0.000      0.000      0.000       0.000       0.000       0.000       0.000       0.000       0.000    
    46800.   12.36066869   12.2818   0.000       0.000     -0.6898E-04   0.000    -0.2545E-02 0.2614E-02  0.000      0.000      0.000      0.000       0.000       0.000       0.000       0.000       0.000       0.000    
    50400.   12.34787864   12.2811   0.000       0.000     -0.5845E-04   0.000    -0.2362E-02 0.2421E-02  0.000      0.000      0.000      0.000       0.000       0.000       0.000       0.000       0.000       0.000    
    54000.   12.35930144   12.2814   0.000       0.000     -0.6818E-04   0.000    -0.2560E-02 0.2628E-02  0.000      0.000      0.000      0.000       0.000       0.000       0.000       0.000       0.000       0.000    
    57600.   12.39495293   12.2846   0.000       0.000     -0.9657E-04   0.000    -0.2923E-02 0.3020E-02  0.000      0.000      0.000      0.000       0.000       0.000       0.000       0.000       0.000       0.000    
    61200.   12.50428471   12.2965   0.000       0.000     -0.1818E-03   0.000    -0.3969E-02 0.4151E-02  0.000      0.000      0.000      0.000       0.000       0.000       0.000       0.000       0.000       0.000    
    64800.   12.49952672   12.3066   0.000       0.000     -0.1688E-03   0.000    -0.3214E-02 0.3383E-02  0.000      0.000      0.000      0.000       0.000       0.000       0.000       0.000       0.000       0.000    
    68400.   12.49854257   12.3158   0.000       0.000     -0.1599E-03   0.000    -0.3027E-02 0.3187E-02  0.000      0.000      0.000      0.000       0.000       0.000       0.000       0.000       0.000       0.000    
    72000.   12.46779776   12.3218   0.000       0.000     -0.1278E-03   0.000    -0.2603E-02 0.2731E-02  0.000      0.000      0.000      0.000       0.000       0.000       0.000       0.000       0.000       0.000    
    75600.   12.43732896   12.3250   0.000       0.000     -0.9831E-04   0.000    -0.2394E-02 0.2493E-02  0.000      0.000      0.000      0.000       0.000       0.000       0.000       0.000       0.000       0.000    
    79200.   12.51411509   12.3345   0.000       0.000     -0.1571E-03   0.000    -0.3491E-02 0.3648E-02  0.000      0.000      0.000      0.000       0.000       0.000       0.000       0.000       0.000       0.000    
    82800.   12.52823589   12.3443   0.000       0.000     -0.1610E-03   0.000    -0.3260E-02 0.3421E-02  0.000      0.000      0.000      0.000       0.000       0.000       0.000       0.000       0.000       0.000    
    86400.   12.54232524   12.3544   0.000       0.000     -0.1645E-03   0.000    -0.3230E-02 0.3394E-02  0.000      0.000      0.000      0.000       0.000       0.000       0.000       0.000       0.000       0.000    
    90000.   12.62374056   12.3705   0.000       0.000     -0.2216E-03   0.000    -0.4023E-02 0.4245E-02  0.000      0.000      0.000      0.000       0.000       0.000       0.000       0.000       0.000       0.000    
    93600.   12.81308016   12.4008   0.000       0.000     -0.3608E-03   0.000    -0.5690E-02 0.6051E-02  0.000      0.000      0.000      0.000       0.000       0.000       0.000       0.000       0.000       0.000    
    97200.   12.74664335   12.4224   0.000       0.000     -0.2837E-03   0.000    -0.3656E-02 0.3940E-02  0.000      0.000      0.000      0.000       0.000       0.000       0.000       0.000       0.000       0.000    
   100800.   12.59893685   12.4304   0.000       0.000     -0.1475E-03   0.000    -0.1947E-02 0.2094E-02  0.000      0.000      0.000      0.000       0.000       0.000       0.000       0.000       0.000       0.000    
   104400.   12.52931429   12.4328   0.000       0.000     -0.8443E-04   0.000    -0.1950E-02 0.2035E-02  0.000      0.000      0.000      0.000       0.000       0.000       0.000       0.000       0.000       0.000    
   108000.   12.50736598   12.4338   0.000       0.000     -0.6440E-04   0.000    -0.2301E-02 0.2366E-02  0.000      0.000      0.000      0.000       0.000       0.000       0.000       0.000       0.000       0.000    
   111600.   12.47369426   12.4321   0.000       0.000     -0.3642E-04   0.000    -0.2210E-02 0.2246E-02  0.000      0.000      0.000      0.000       0.000       0.000       0.000       0.000       0.000       0.000    
   115200.   12.44620996   12.4284   0.000       0.000     -0.1556E-04   0.000    -0.2181E-02 0.2196E-02  0.000      0.000      0.000      0.000       0.000       0.000       0.000       0.000       0.000       0.000    
   118800.   12.42632508   12.4236   0.000       0.000     -0.2401E-05   0.000    -0.2200E-02 0.2202E-02  0.000      0.000      0.000      0.000       0.000       0.000       0.000       0.000       0.000       0.000    
   122400.   12.43497426   12.4199   0.000       0.000     -0.1317E-04   0.000    -0.2497E-02 0.2510E-02  0.000      0.000      0.000      0.000       0.000       0.000       0.000       0.000       0.000       0.000    
   126000.   12.41493223   12.4148   0.000       0.000     -0.8723E-07   0.000    -0.2281E-02 0.2281E-02  0.000      0.000      0.000      0.000       0.000       0.000       0.000       0.000       0.000       0.000    
   129600.   12.46579593   12.4144   0.000       0.000     -0.4496E-04   0.000    -0.3005E-02 0.3050E-02  0.000      0.000      0.000      0.000       0.000       0.000       0.000       0.000       0.000       0.000    
   133200.   12.44041559   12.4117   0.000       0.000     -0.2515E-04   0.000    -0.2459E-02 0.2484E-02  0.000      0.000      0.000      0.000       0.000       0.000       0.000       0.000       0.000       0.000    
   136800.   12.43114716   12.4084   0.000       0.000     -0.1988E-04   0.000    -0.2437E-02 0.2457E-02  0.000      0.000      0.000      0.000       0.000       0.000       0.000       0.000       0.000       0.000    
   140400.   12.40885305   12.4036   0.000       0.000     -0.4607E-05   0.000    -0.2256E-02 0.2261E-02  0.000      0.000      0.000      0.000       0.000       0.000       0.000       0.000       0.000       0.000    
   144000.   12.40439149   12.3988   0.000       0.000     -0.4866E-05   0.000    -0.2360E-02 0.2365E-02  0.000      0.000      0.000      0.000       0.000       0.000       0.000       0.000       0.000       0.000    
   147600.   12.40241654   12.3943   0.000       0.000     -0.7126E-05   0.000    -0.2412E-02 0.2419E-02  0.000      0.000      0.000      0.000       0.000       0.000       0.000       0.000       0.000       0.000    
   151200.   12.40134505   12.3900   0.000       0.000     -0.9970E-05   0.000    -0.2439E-02 0.2448E-02  0.000      0.000      0.000      0.000       0.000       0.000       0.000       0.000       0.000       0.000    
   154800.   12.40064779   12.3859   0.000       0.000     -0.1293E-04   0.000    -0.2454E-02 0.2467E-02  0.000      0.000      0.000      0.000       0.000       0.000       0.000       0.000       0.000       0.000    
   158400.   12.41373176   12.3831   0.000       0.000     -0.2677E-04   0.000    -0.2623E-02 0.2650E-02  0.000      0.000      0.000      0.000       0.000       0.000       0.000       0.000       0.000       0.000    
   162000.   12.47041762   12.3852   0.000       0.000     -0.7453E-04   0.000    -0.3213E-02 0.3287E-02  0.000      0.000      0.000      0.000       0.000       0.000       0.000       0.000       0.000       0.000    
   165600.   12.46783809   12.3867   0.000       0.000     -0.7102E-04   0.000    -0.2837E-02 0.2908E-02  0.000      0.000      0.000      0.000       0.000       0.000       0.000       0.000       0.000       0.000    
   169200.   12.42272961   12.3842   0.000       0.000     -0.3372E-04   0.000    -0.2230E-02 0.2264E-02  0.000      0.000      0.000      0.000       0.000       0.000       0.000       0.000       0.000       0.000    
   172800.   12.40888641   12.3809   0.000       0.000     -0.2445E-04   0.000    -0.2301E-02 0.2326E-02  0.000      0.000      0.000      0.000       0.000       0.000       0.000       0.000       0.000       0.000    
