TOTIM (T)      HCON          HMAT      QDIR      QWELL        QMAT       QCADS      QTUB1      QTUB2      QTUB3      QTUB4      QTUB5      QTUB6       NSTOR        QFIX        QLH     FHLQ (LQ)        CAUCHY   CAUCHY (LQ)
     3600.   12.36574437   12.4592   0.000       0.000      0.8173E-04   0.000     0.1988E-02-0.2070E-02  0.000      0.000      0.000      0.000       0.000       0.000       0.000       0.000       0.000       0.000    
     7200.   12.35219401   12.4580   0.000       0.000      0.9261E-04   0.000     0.1599E-02-0.1692E-02  0.000      0.000      0.000      0.000       0.000       0.000       0.000       0.000       0.000       0.000    
    10800.   12.34966324   12.4568   0.000       0.000      0.9379E-04   0.000     0.1624E-02-0.1718E-02  0.000      0.000      0.000      0.000       0.000       0.000       0.000       0.000       0.000       0.000    
    14400.   12.34850058   12.4557   0.000       0.000      0.9378E-04   0.000     0.1647E-02-0.1741E-02  0.000      0.000      0.000      0.000       0.000       0.000       0.000       0.000       0.000       0.000    
    18000.   12.34777266   12.4545   0.000       0.000      0.9341E-04   0.000     0.1665E-02-0.1759E-02  0.000      0.000      0.000      0.000       0.000       0.000       0.000       0.000       0.000       0.000    
    21600.   12.34723363   12.4534   0.000       0.000      0.9292E-04   0.000     0.1682E-02-0.1774E-02  0.000      0.000      0.000      0.000       0.000       0.000       0.000       0.000       0.000       0.000    
    25200.   12.34678074   12.4524   0.000       0.000      0.9238E-04   0.000     0.1696E-02-0.1788E-02  0.000      0.000      0.000      0.000       0.000       0.000       0.000       0.000       0.000       0.000    
    28800.   12.34639376   12.4513   0.000       0.000      0.9183E-04   0.000     0.1708E-02-0.1800E-02  0.000      0.000      0.000      0.000       0.000       0.000       0.000       0.000       0.000       0.000    
    32400.   12.34601544   12.4504   0.000       0.000      0.9131E-04   0.000     0.1720E-02-0.1812E-02  0.000      0.000      0.000      0.000       0.000       0.000       0.000       0.000       0.000       0.000    
    36000.   12.34564118   12.4494   0.000       0.000      0.9081E-04   0.000     0.1731E-02-0.1822E-02  0.000      0.000      0.000      0.000       0.000       0.000       0.000       0.000       0.000       0.000    
    39600.   12.34526940   12.4485   0.000       0.000      0.9035E-04   0.000     0.1741E-02-0.1832E-02  0.000      0.000      0.000      0.000       0.000       0.000       0.000       0.000       0.000       0.000    
    43200.   12.35848642   12.4488   0.000       0.000      0.7900E-04   0.000     0.2139E-02-0.2218E-02  0.000      0.000      0.000      0.000       0.000       0.000       0.000       0.000       0.000       0.000    
    46800.   12.36066997   12.4491   0.000       0.000      0.7740E-04   0.000     0.2123E-02-0.2201E-02  0.000      0.000      0.000      0.000       0.000       0.000       0.000       0.000       0.000       0.000    
    50400.   12.34787977   12.4484   0.000       0.000      0.8792E-04   0.000     0.1720E-02-0.1808E-02  0.000      0.000      0.000      0.000       0.000       0.000       0.000       0.000       0.000       0.000    
    54000.   12.35930272   12.4487   0.000       0.000      0.7819E-04   0.000     0.2122E-02-0.2200E-02  0.000      0.000      0.000      0.000       0.000       0.000       0.000       0.000       0.000       0.000    
    57600.   12.39495454   12.4519   0.000       0.000      0.4979E-04   0.000     0.3082E-02-0.3131E-02  0.000      0.000      0.000      0.000       0.000       0.000       0.000       0.000       0.000       0.000    
    61200.   12.50428728   12.4637   0.000       0.000     -0.3547E-04   0.000     0.5918E-02-0.5883E-02  0.000      0.000      0.000      0.000       0.000       0.000       0.000       0.000       0.000       0.000    
    64800.   12.49952885   12.4738   0.000       0.000     -0.2248E-04   0.000     0.4890E-02-0.4868E-02  0.000      0.000      0.000      0.000       0.000       0.000       0.000       0.000       0.000       0.000    
    68400.   12.49854455   12.4830   0.000       0.000     -0.1356E-04   0.000     0.4516E-02-0.4502E-02  0.000      0.000      0.000      0.000       0.000       0.000       0.000       0.000       0.000       0.000    
    72000.   12.46779937   12.4891   0.000       0.000      0.1860E-04   0.000     0.3417E-02-0.3435E-02  0.000      0.000      0.000      0.000       0.000       0.000       0.000       0.000       0.000       0.000    
    75600.   12.43733032   12.4923   0.000       0.000      0.4807E-04   0.000     0.2589E-02-0.2637E-02  0.000      0.000      0.000      0.000       0.000       0.000       0.000       0.000       0.000       0.000    
    79200.   12.51411730   12.5018   0.000       0.000     -0.1075E-04   0.000     0.4921E-02-0.4910E-02  0.000      0.000      0.000      0.000       0.000       0.000       0.000       0.000       0.000       0.000    
    82800.   12.52823800   12.5116   0.000       0.000     -0.1458E-04   0.000     0.4771E-02-0.4756E-02  0.000      0.000      0.000      0.000       0.000       0.000       0.000       0.000       0.000       0.000    
    86400.   12.54232735   12.5217   0.000       0.000     -0.1806E-04   0.000     0.4814E-02-0.4796E-02  0.000      0.000      0.000      0.000       0.000       0.000       0.000       0.000       0.000       0.000    
    90000.   12.62374336   12.5378   0.000       0.000     -0.7521E-04   0.000     0.6807E-02-0.6732E-02  0.000      0.000      0.000      0.000       0.000       0.000       0.000       0.000       0.000       0.000    
    93600.   12.81311569   12.5681   0.000       0.000     -0.2144E-03   0.000     0.1140E-01-0.1118E-01  0.000      0.000      0.000      0.000       0.000       0.000       0.000       0.000       0.000       0.000    
    97200.   12.74666005   12.5898   0.000       0.000     -0.1373E-03   0.000     0.7744E-02-0.7606E-02  0.000      0.000      0.000      0.000       0.000       0.000       0.000       0.000       0.000       0.000    
   100800.   12.59893915   12.5978   0.000       0.000     -0.9817E-06   0.000     0.3173E-02-0.3172E-02  0.000      0.000      0.000      0.000       0.000       0.000       0.000       0.000       0.000       0.000    
   104400.   12.52931587   12.6003   0.000       0.000      0.6208E-04   0.000     0.1852E-02-0.1914E-02  0.000      0.000      0.000      0.000       0.000       0.000       0.000       0.000       0.000       0.000    
   108000.   12.50736773   12.6012   0.000       0.000      0.8214E-04   0.000     0.1783E-02-0.1865E-02  0.000      0.000      0.000      0.000       0.000       0.000       0.000       0.000       0.000       0.000    
   111600.   12.47369561   12.5996   0.000       0.000      0.1101E-03   0.000     0.1104E-02-0.1214E-02  0.000      0.000      0.000      0.000       0.000       0.000       0.000       0.000       0.000       0.000    
   115200.   12.44621108   12.5960   0.000       0.000      0.1310E-03   0.000     0.6355E-03-0.7666E-03  0.000      0.000      0.000      0.000       0.000       0.000       0.000       0.000       0.000       0.000    
   118800.   12.42632610   12.5912   0.000       0.000      0.1442E-03   0.000     0.3781E-03-0.5224E-03  0.000      0.000      0.000      0.000       0.000       0.000       0.000       0.000       0.000       0.000    
   122400.   12.43497568   12.5876   0.000       0.000      0.1335E-03   0.000     0.9011E-03-0.1035E-02  0.000      0.000      0.000      0.000       0.000       0.000       0.000       0.000       0.000       0.000    
   126000.   12.41493331   12.5825   0.000       0.000      0.1466E-03   0.000     0.4104E-03-0.5570E-03  0.000      0.000      0.000      0.000       0.000       0.000       0.000       0.000       0.000       0.000    
   129600.   12.46579832   12.5821   0.000       0.000      0.1018E-03   0.000     0.2076E-02-0.2178E-02  0.000      0.000      0.000      0.000       0.000       0.000       0.000       0.000       0.000       0.000    
   133200.   12.44041709   12.5794   0.000       0.000      0.1216E-03   0.000     0.1113E-02-0.1235E-02  0.000      0.000      0.000      0.000       0.000       0.000       0.000       0.000       0.000       0.000    
   136800.   12.43114858   12.5762   0.000       0.000      0.1269E-03   0.000     0.9805E-03-0.1107E-02  0.000      0.000      0.000      0.000       0.000       0.000       0.000       0.000       0.000       0.000    
   140400.   12.40885414   12.5714   0.000       0.000      0.1423E-03   0.000     0.4785E-03-0.6207E-03  0.000      0.000      0.000      0.000       0.000       0.000       0.000       0.000       0.000       0.000    
   144000.   12.40439268   12.5667   0.000       0.000      0.1420E-03   0.000     0.5871E-03-0.7291E-03  0.000      0.000      0.000      0.000       0.000       0.000       0.000       0.000       0.000       0.000    
   147600.   12.40241781   12.5622   0.000       0.000      0.1398E-03   0.000     0.6859E-03-0.8257E-03  0.000      0.000      0.000      0.000       0.000       0.000       0.000       0.000       0.000       0.000    
   151200.   12.40134637   12.5579   0.000       0.000      0.1370E-03   0.000     0.7717E-03-0.9088E-03  0.000      0.000      0.000      0.000       0.000       0.000       0.000       0.000       0.000       0.000    
   154800.   12.40064916   12.5539   0.000       0.000      0.1341E-03   0.000     0.8489E-03-0.9830E-03  0.000      0.000      0.000      0.000       0.000       0.000       0.000       0.000       0.000       0.000    
   158400.   12.41373346   12.5512   0.000       0.000      0.1203E-03   0.000     0.1308E-02-0.1428E-02  0.000      0.000      0.000      0.000       0.000       0.000       0.000       0.000       0.000       0.000    
   162000.   12.47042068   12.5534   0.000       0.000      0.7258E-04   0.000     0.2900E-02-0.2972E-02  0.000      0.000      0.000      0.000       0.000       0.000       0.000       0.000       0.000       0.000    
   165600.   12.46784058   12.5548   0.000       0.000      0.7613E-04   0.000     0.2450E-02-0.2526E-02  0.000      0.000      0.000      0.000       0.000       0.000       0.000       0.000       0.000       0.000    
   169200.   12.42273096   12.5524   0.000       0.000      0.1135E-03   0.000     0.1059E-02-0.1173E-02  0.000      0.000      0.000      0.000       0.000       0.000       0.000       0.000       0.000       0.000    
   172800.   12.40888773   12.5492   0.000       0.000      0.1228E-03   0.000     0.9351E-03-0.1058E-02  0.000      0.000      0.000      0.000       0.000       0.000       0.000       0.000       0.000       0.000    
