TOTIM (T)      HCON          HMAT      QDIR      QWELL        QMAT       QCADS      QTUB1      QTUB2      QTUB3      QTUB4      QTUB5      QTUB6       NSTOR        QFIX        QLH     FHLQ (LQ)        CAUCHY   CAUCHY (LQ)
     3600.   12.36574529   12.6747   0.000       0.000      0.2703E-03   0.000    -0.1574E-03-0.1129E-03  0.000      0.000      0.000      0.000       0.000       0.000       0.000       0.000       0.000       0.000    
     7200.   12.35219480   12.6737   0.000       0.000      0.2813E-03   0.000    -0.4480E-04-0.2365E-03  0.000      0.000      0.000      0.000       0.000       0.000       0.000       0.000       0.000       0.000    
    10800.   12.34966403   12.6729   0.000       0.000      0.2828E-03   0.000    -0.4423E-04-0.2386E-03  0.000      0.000      0.000      0.000       0.000       0.000       0.000       0.000       0.000       0.000    
    14400.   12.34850139   12.6722   0.000       0.000      0.2833E-03   0.000    -0.4943E-04-0.2338E-03  0.000      0.000      0.000      0.000       0.000       0.000       0.000       0.000       0.000       0.000    
    18000.   12.34777347   12.6717   0.000       0.000      0.2834E-03   0.000    -0.5471E-04-0.2287E-03  0.000      0.000      0.000      0.000       0.000       0.000       0.000       0.000       0.000       0.000    
    21600.   12.34723445   12.6713   0.000       0.000      0.2836E-03   0.000    -0.5971E-04-0.2239E-03  0.000      0.000      0.000      0.000       0.000       0.000       0.000       0.000       0.000       0.000    
    25200.   12.34678156   12.6710   0.000       0.000      0.2837E-03   0.000    -0.6443E-04-0.2193E-03  0.000      0.000      0.000      0.000       0.000       0.000       0.000       0.000       0.000       0.000    
    28800.   12.34639459   12.6709   0.000       0.000      0.2839E-03   0.000    -0.6881E-04-0.2151E-03  0.000      0.000      0.000      0.000       0.000       0.000       0.000       0.000       0.000       0.000    
    32400.   12.34601627   12.6708   0.000       0.000      0.2842E-03   0.000    -0.7295E-04-0.2112E-03  0.000      0.000      0.000      0.000       0.000       0.000       0.000       0.000       0.000       0.000    
    36000.   12.34564201   12.6708   0.000       0.000      0.2845E-03   0.000    -0.7681E-04-0.2077E-03  0.000      0.000      0.000      0.000       0.000       0.000       0.000       0.000       0.000       0.000    
    39600.   12.34527025   12.6708   0.000       0.000      0.2849E-03   0.000    -0.8043E-04-0.2045E-03  0.000      0.000      0.000      0.000       0.000       0.000       0.000       0.000       0.000       0.000    
    43200.   12.35848740   12.6719   0.000       0.000      0.2742E-03   0.000    -0.1963E-03-0.7788E-04  0.000      0.000      0.000      0.000       0.000       0.000       0.000       0.000       0.000       0.000    
    46800.   12.36067094   12.6729   0.000       0.000      0.2732E-03   0.000    -0.2001E-03-0.7309E-04  0.000      0.000      0.000      0.000       0.000       0.000       0.000       0.000       0.000       0.000    
    50400.   12.34788061   12.6728   0.000       0.000      0.2843E-03   0.000    -0.8531E-04-0.1990E-03  0.000      0.000      0.000      0.000       0.000       0.000       0.000       0.000       0.000       0.000    
    54000.   12.35930369   12.6736   0.000       0.000      0.2750E-03   0.000    -0.1947E-03-0.8030E-04  0.000      0.000      0.000      0.000       0.000       0.000       0.000       0.000       0.000       0.000    
    57600.   12.39495584   12.6767   0.000       0.000      0.2466E-03   0.000    -0.4793E-03 0.2327E-03  0.000      0.000      0.000      0.000       0.000       0.000       0.000       0.000       0.000       0.000    
    61200.   12.50430081   12.6866   0.000       0.000      0.1595E-03   0.000    -0.1322E-02 0.1163E-02  0.000      0.000      0.000      0.000       0.000       0.000       0.000       0.000       0.000       0.000    
    64800.   12.49953854   12.6934   0.000       0.000      0.1696E-03   0.000    -0.1086E-02 0.9166E-03  0.000      0.000      0.000      0.000       0.000       0.000       0.000       0.000       0.000       0.000    
    68400.   12.49855301   12.6984   0.000       0.000      0.1748E-03   0.000    -0.9742E-03 0.7994E-03  0.000      0.000      0.000      0.000       0.000       0.000       0.000       0.000       0.000       0.000    
    72000.   12.46780543   12.6998   0.000       0.000      0.2030E-03   0.000    -0.6488E-03 0.4458E-03  0.000      0.000      0.000      0.000       0.000       0.000       0.000       0.000       0.000       0.000    
    75600.   12.43733504   12.6987   0.000       0.000      0.2287E-03   0.000    -0.3841E-03 0.1554E-03  0.000      0.000      0.000      0.000       0.000       0.000       0.000       0.000       0.000       0.000    
    79200.   12.51412754   12.7029   0.000       0.000      0.1652E-03   0.000    -0.1035E-02 0.8699E-03  0.000      0.000      0.000      0.000       0.000       0.000       0.000       0.000       0.000       0.000    
    82800.   12.52824752   12.7066   0.000       0.000      0.1560E-03   0.000    -0.1029E-02 0.8727E-03  0.000      0.000      0.000      0.000       0.000       0.000       0.000       0.000       0.000       0.000    
    86400.   12.54233672   12.7100   0.000       0.000      0.1467E-03   0.000    -0.1045E-02 0.8987E-03  0.000      0.000      0.000      0.000       0.000       0.000       0.000       0.000       0.000       0.000    
    90000.   12.62375810   12.7179   0.000       0.000      0.8237E-04   0.000    -0.1625E-02 0.1543E-02  0.000      0.000      0.000      0.000       0.000       0.000       0.000       0.000       0.000       0.000    
    93600.   12.81315496   12.7371   0.000       0.000     -0.6655E-04   0.000    -0.7286E-02 0.7352E-02  0.000      0.000      0.000      0.000       0.000       0.000       0.000       0.000       0.000       0.000    
    97200.   12.74667936   12.7466   0.000       0.000     -0.1109E-06   0.000    -0.4493E-02 0.4494E-02  0.000      0.000      0.000      0.000       0.000       0.000       0.000       0.000       0.000       0.000    
   100800.   12.59894327   12.7430   0.000       0.000      0.1261E-03   0.000    -0.1003E-02 0.8769E-03  0.000      0.000      0.000      0.000       0.000       0.000       0.000       0.000       0.000       0.000    
   104400.   12.52931742   12.7351   0.000       0.000      0.1800E-03   0.000    -0.1778E-03-0.2187E-05  0.000      0.000      0.000      0.000       0.000       0.000       0.000       0.000       0.000       0.000    
   108000.   12.50736954   12.7267   0.000       0.000      0.1919E-03   0.000    -0.9914E-04-0.9278E-04  0.000      0.000      0.000      0.000       0.000       0.000       0.000       0.000       0.000       0.000    
   111600.   12.47369707   12.7170   0.000       0.000      0.2129E-03   0.000     0.1223E-03-0.3352E-03  0.000      0.000      0.000      0.000       0.000       0.000       0.000       0.000       0.000       0.000    
   115200.   12.44621234   12.7067   0.000       0.000      0.2279E-03   0.000     0.2835E-03-0.5114E-03  0.000      0.000      0.000      0.000       0.000       0.000       0.000       0.000       0.000       0.000    
   118800.   12.42632728   12.6965   0.000       0.000      0.2364E-03   0.000     0.3774E-03-0.6138E-03  0.000      0.000      0.000      0.000       0.000       0.000       0.000       0.000       0.000       0.000    
   122400.   12.43497730   12.6886   0.000       0.000      0.2219E-03   0.000     0.2383E-03-0.4602E-03  0.000      0.000      0.000      0.000       0.000       0.000       0.000       0.000       0.000       0.000    
   126000.   12.41493460   12.6805   0.000       0.000      0.2324E-03   0.000     0.3747E-03-0.6071E-03  0.000      0.000      0.000      0.000       0.000       0.000       0.000       0.000       0.000       0.000    
   129600.   12.46580083   12.6775   0.000       0.000      0.1852E-03   0.000    -0.9934E-04-0.8585E-04  0.000      0.000      0.000      0.000       0.000       0.000       0.000       0.000       0.000       0.000    
   133200.   12.44041883   12.6729   0.000       0.000      0.2034E-03   0.000     0.1485E-03-0.3519E-03  0.000      0.000      0.000      0.000       0.000       0.000       0.000       0.000       0.000       0.000    
   136800.   12.43115019   12.6685   0.000       0.000      0.2077E-03   0.000     0.1974E-03-0.4051E-03  0.000      0.000      0.000      0.000       0.000       0.000       0.000       0.000       0.000       0.000    
   140400.   12.40885542   12.6635   0.000       0.000      0.2228E-03   0.000     0.3465E-03-0.5693E-03  0.000      0.000      0.000      0.000       0.000       0.000       0.000       0.000       0.000       0.000    
   144000.   12.40439407   12.6593   0.000       0.000      0.2231E-03   0.000     0.3255E-03-0.5486E-03  0.000      0.000      0.000      0.000       0.000       0.000       0.000       0.000       0.000       0.000    
   147600.   12.40241929   12.6561   0.000       0.000      0.2219E-03   0.000     0.2969E-03-0.5188E-03  0.000      0.000      0.000      0.000       0.000       0.000       0.000       0.000       0.000       0.000    
   151200.   12.40134792   12.6536   0.000       0.000      0.2207E-03   0.000     0.2695E-03-0.4902E-03  0.000      0.000      0.000      0.000       0.000       0.000       0.000       0.000       0.000       0.000    
   154800.   12.40065075   12.6519   0.000       0.000      0.2199E-03   0.000     0.2436E-03-0.4635E-03  0.000      0.000      0.000      0.000       0.000       0.000       0.000       0.000       0.000       0.000    
   158400.   12.41373537   12.6518   0.000       0.000      0.2083E-03   0.000     0.1069E-03-0.3153E-03  0.000      0.000      0.000      0.000       0.000       0.000       0.000       0.000       0.000       0.000    
   162000.   12.47042373   12.6561   0.000       0.000      0.1624E-03   0.000    -0.3662E-03 0.2038E-03  0.000      0.000      0.000      0.000       0.000       0.000       0.000       0.000       0.000       0.000    
   165600.   12.46784316   12.6593   0.000       0.000      0.1676E-03   0.000    -0.2721E-03 0.1045E-03  0.000      0.000      0.000      0.000       0.000       0.000       0.000       0.000       0.000       0.000    
   169200.   12.42273248   12.6591   0.000       0.000      0.2068E-03   0.000     0.1286E-03-0.3354E-03  0.000      0.000      0.000      0.000       0.000       0.000       0.000       0.000       0.000       0.000    
   172800.   12.40888921   12.6585   0.000       0.000      0.2184E-03   0.000     0.1892E-03-0.4076E-03  0.000      0.000      0.000      0.000       0.000       0.000       0.000       0.000       0.000       0.000    
