TOTIM (T)      HCON          HMAT      QDIR      QWELL        QMAT       QCADS      QTUB1      QTUB2      QTUB3      QTUB4      QTUB5      QTUB6       NSTOR        QFIX        QLH     FHLQ (LQ)        CAUCHY   CAUCHY (LQ)
     3600.   12.36574452   12.4225   0.000       0.000      0.4967E-04   0.000     0.2271E-02-0.2321E-02  0.000      0.000      0.000      0.000       0.000       0.000       0.000       0.000       0.000       0.000    
     7200.   12.35219418   12.4214   0.000       0.000      0.6055E-04   0.000     0.1944E-02-0.2005E-02  0.000      0.000      0.000      0.000       0.000       0.000       0.000       0.000       0.000       0.000    
    10800.   12.34966340   12.4202   0.000       0.000      0.6172E-04   0.000     0.1960E-02-0.2022E-02  0.000      0.000      0.000      0.000       0.000       0.000       0.000       0.000       0.000       0.000    
    14400.   12.34850075   12.4190   0.000       0.000      0.6171E-04   0.000     0.1982E-02-0.2044E-02  0.000      0.000      0.000      0.000       0.000       0.000       0.000       0.000       0.000       0.000    
    18000.   12.34777282   12.4179   0.000       0.000      0.6135E-04   0.000     0.1999E-02-0.2061E-02  0.000      0.000      0.000      0.000       0.000       0.000       0.000       0.000       0.000       0.000    
    21600.   12.34723380   12.4168   0.000       0.000      0.6086E-04   0.000     0.2014E-02-0.2075E-02  0.000      0.000      0.000      0.000       0.000       0.000       0.000       0.000       0.000       0.000    
    25200.   12.34678090   12.4157   0.000       0.000      0.6032E-04   0.000     0.2027E-02-0.2087E-02  0.000      0.000      0.000      0.000       0.000       0.000       0.000       0.000       0.000       0.000    
    28800.   12.34639392   12.4147   0.000       0.000      0.5977E-04   0.000     0.2038E-02-0.2097E-02  0.000      0.000      0.000      0.000       0.000       0.000       0.000       0.000       0.000       0.000    
    32400.   12.34601560   12.4137   0.000       0.000      0.5925E-04   0.000     0.2048E-02-0.2107E-02  0.000      0.000      0.000      0.000       0.000       0.000       0.000       0.000       0.000       0.000    
    36000.   12.34564134   12.4128   0.000       0.000      0.5875E-04   0.000     0.2058E-02-0.2116E-02  0.000      0.000      0.000      0.000       0.000       0.000       0.000       0.000       0.000       0.000    
    39600.   12.34526957   12.4119   0.000       0.000      0.5829E-04   0.000     0.2067E-02-0.2125E-02  0.000      0.000      0.000      0.000       0.000       0.000       0.000       0.000       0.000       0.000    
    43200.   12.35848657   12.4121   0.000       0.000      0.4695E-04   0.000     0.2402E-02-0.2449E-02  0.000      0.000      0.000      0.000       0.000       0.000       0.000       0.000       0.000       0.000    
    46800.   12.36067011   12.4125   0.000       0.000      0.4534E-04   0.000     0.2394E-02-0.2439E-02  0.000      0.000      0.000      0.000       0.000       0.000       0.000       0.000       0.000       0.000    
    50400.   12.34787994   12.4117   0.000       0.000      0.5587E-04   0.000     0.2053E-02-0.2108E-02  0.000      0.000      0.000      0.000       0.000       0.000       0.000       0.000       0.000       0.000    
    54000.   12.35930286   12.4120   0.000       0.000      0.4614E-04   0.000     0.2384E-02-0.2430E-02  0.000      0.000      0.000      0.000       0.000       0.000       0.000       0.000       0.000       0.000    
    57600.   12.39495464   12.4152   0.000       0.000      0.1774E-04   0.000     0.3197E-02-0.3215E-02  0.000      0.000      0.000      0.000       0.000       0.000       0.000       0.000       0.000       0.000    
    61200.   12.50429851   12.4271   0.000       0.000     -0.6753E-04   0.000     0.5589E-02-0.5521E-02  0.000      0.000      0.000      0.000       0.000       0.000       0.000       0.000       0.000       0.000    
    64800.   12.49953662   12.4372   0.000       0.000     -0.5454E-04   0.000     0.4753E-02-0.4699E-02  0.000      0.000      0.000      0.000       0.000       0.000       0.000       0.000       0.000       0.000    
    68400.   12.49855126   12.4464   0.000       0.000     -0.4561E-04   0.000     0.4404E-02-0.4359E-02  0.000      0.000      0.000      0.000       0.000       0.000       0.000       0.000       0.000       0.000    
    72000.   12.46780411   12.4524   0.000       0.000     -0.1346E-04   0.000     0.3470E-02-0.3456E-02  0.000      0.000      0.000      0.000       0.000       0.000       0.000       0.000       0.000       0.000    
    75600.   12.43733405   12.4556   0.000       0.000      0.1601E-04   0.000     0.2759E-02-0.2775E-02  0.000      0.000      0.000      0.000       0.000       0.000       0.000       0.000       0.000       0.000    
    79200.   12.51412564   12.4652   0.000       0.000     -0.4281E-04   0.000     0.4711E-02-0.4668E-02  0.000      0.000      0.000      0.000       0.000       0.000       0.000       0.000       0.000       0.000    
    82800.   12.52824566   12.4749   0.000       0.000     -0.4665E-04   0.000     0.4620E-02-0.4573E-02  0.000      0.000      0.000      0.000       0.000       0.000       0.000       0.000       0.000       0.000    
    86400.   12.54233486   12.4850   0.000       0.000     -0.5014E-04   0.000     0.4641E-02-0.4591E-02  0.000      0.000      0.000      0.000       0.000       0.000       0.000       0.000       0.000       0.000    
    90000.   12.62375547   12.5011   0.000       0.000     -0.1073E-03   0.000     0.6307E-02-0.6200E-02  0.000      0.000      0.000      0.000       0.000       0.000       0.000       0.000       0.000       0.000    
    93600.   12.81312337   12.5314   0.000       0.000     -0.2465E-03   0.000     0.1018E-01-0.9933E-02  0.000      0.000      0.000      0.000       0.000       0.000       0.000       0.000       0.000       0.000    
    97200.   12.74666412   12.5531   0.000       0.000     -0.1694E-03   0.000     0.7151E-02-0.6982E-02  0.000      0.000      0.000      0.000       0.000       0.000       0.000       0.000       0.000       0.000    
   100800.   12.59894038   12.5611   0.000       0.000     -0.3311E-04   0.000     0.3226E-02-0.3193E-02  0.000      0.000      0.000      0.000       0.000       0.000       0.000       0.000       0.000       0.000    
   104400.   12.52931663   12.5635   0.000       0.000      0.2994E-04   0.000     0.2058E-02-0.2088E-02  0.000      0.000      0.000      0.000       0.000       0.000       0.000       0.000       0.000       0.000    
   108000.   12.50736877   12.5645   0.000       0.000      0.4997E-04   0.000     0.2008E-02-0.2058E-02  0.000      0.000      0.000      0.000       0.000       0.000       0.000       0.000       0.000       0.000    
   111600.   12.47369666   12.5628   0.000       0.000      0.7796E-04   0.000     0.1455E-02-0.1533E-02  0.000      0.000      0.000      0.000       0.000       0.000       0.000       0.000       0.000       0.000    
   115200.   12.44621212   12.5592   0.000       0.000      0.9884E-04   0.000     0.1061E-02-0.1160E-02  0.000      0.000      0.000      0.000       0.000       0.000       0.000       0.000       0.000       0.000    
   118800.   12.42632715   12.5543   0.000       0.000      0.1120E-03   0.000     0.8454E-03-0.9574E-03  0.000      0.000      0.000      0.000       0.000       0.000       0.000       0.000       0.000       0.000    
   122400.   12.43497696   12.5507   0.000       0.000      0.1013E-03   0.000     0.1286E-02-0.1387E-02  0.000      0.000      0.000      0.000       0.000       0.000       0.000       0.000       0.000       0.000    
   126000.   12.41493445   12.5456   0.000       0.000      0.1143E-03   0.000     0.8832E-03-0.9976E-03  0.000      0.000      0.000      0.000       0.000       0.000       0.000       0.000       0.000       0.000    
   129600.   12.46580003   12.5452   0.000       0.000      0.6949E-04   0.000     0.2274E-02-0.2343E-02  0.000      0.000      0.000      0.000       0.000       0.000       0.000       0.000       0.000       0.000    
   133200.   12.44041840   12.5425   0.000       0.000      0.8932E-04   0.000     0.1486E-02-0.1576E-02  0.000      0.000      0.000      0.000       0.000       0.000       0.000       0.000       0.000       0.000    
   136800.   12.43114982   12.5393   0.000       0.000      0.9460E-04   0.000     0.1353E-02-0.1448E-02  0.000      0.000      0.000      0.000       0.000       0.000       0.000       0.000       0.000       0.000    
   140400.   12.40885524   12.5344   0.000       0.000      0.1099E-03   0.000     0.9303E-03-0.1040E-02  0.000      0.000      0.000      0.000       0.000       0.000       0.000       0.000       0.000       0.000    
   144000.   12.40439385   12.5297   0.000       0.000      0.1097E-03   0.000     0.1017E-02-0.1126E-02  0.000      0.000      0.000      0.000       0.000       0.000       0.000       0.000       0.000       0.000    
   147600.   12.40241903   12.5252   0.000       0.000      0.1074E-03   0.000     0.1105E-02-0.1212E-02  0.000      0.000      0.000      0.000       0.000       0.000       0.000       0.000       0.000       0.000    
   151200.   12.40134762   12.5209   0.000       0.000      0.1046E-03   0.000     0.1180E-02-0.1285E-02  0.000      0.000      0.000      0.000       0.000       0.000       0.000       0.000       0.000       0.000    
   154800.   12.40065042   12.5168   0.000       0.000      0.1016E-03   0.000     0.1247E-02-0.1349E-02  0.000      0.000      0.000      0.000       0.000       0.000       0.000       0.000       0.000       0.000    
   158400.   12.41373487   12.5141   0.000       0.000      0.8784E-04   0.000     0.1635E-02-0.1722E-02  0.000      0.000      0.000      0.000       0.000       0.000       0.000       0.000       0.000       0.000    
   162000.   12.47042260   12.5162   0.000       0.000      0.4010E-04   0.000     0.2978E-02-0.3018E-02  0.000      0.000      0.000      0.000       0.000       0.000       0.000       0.000       0.000       0.000    
   165600.   12.46784220   12.5177   0.000       0.000      0.4363E-04   0.000     0.2618E-02-0.2662E-02  0.000      0.000      0.000      0.000       0.000       0.000       0.000       0.000       0.000       0.000    
   169200.   12.42273207   12.5153   0.000       0.000      0.8096E-04   0.000     0.1435E-02-0.1516E-02  0.000      0.000      0.000      0.000       0.000       0.000       0.000       0.000       0.000       0.000    
   172800.   12.40888886   12.5120   0.000       0.000      0.9025E-04   0.000     0.1312E-02-0.1402E-02  0.000      0.000      0.000      0.000       0.000       0.000       0.000       0.000       0.000       0.000    
