TOTIM (T)      HCON          HMAT      QDIR      QWELL        QMAT       QCADS      QTUB1      QTUB2      QTUB3      QTUB4      QTUB5      QTUB6       NSTOR        QFIX        QLH     FHLQ (LQ)        CAUCHY   CAUCHY (LQ)
     3600.   12.36574320   12.3285   0.000       0.000     -0.3255E-04   0.000     0.2597E-02-0.2565E-02  0.000      0.000      0.000      0.000       0.000       0.000       0.000       0.000       0.000       0.000    
     7200.   12.35219297   12.3274   0.000       0.000     -0.2167E-04   0.000     0.2415E-02-0.2394E-02  0.000      0.000      0.000      0.000       0.000       0.000       0.000       0.000       0.000       0.000    
    10800.   12.34966219   12.3262   0.000       0.000     -0.2049E-04   0.000     0.2462E-02-0.2442E-02  0.000      0.000      0.000      0.000       0.000       0.000       0.000       0.000       0.000       0.000    
    14400.   12.34849952   12.3251   0.000       0.000     -0.2050E-04   0.000     0.2485E-02-0.2464E-02  0.000      0.000      0.000      0.000       0.000       0.000       0.000       0.000       0.000       0.000    
    18000.   12.34777158   12.3239   0.000       0.000     -0.2087E-04   0.000     0.2497E-02-0.2476E-02  0.000      0.000      0.000      0.000       0.000       0.000       0.000       0.000       0.000       0.000    
    21600.   12.34723256   12.3228   0.000       0.000     -0.2136E-04   0.000     0.2503E-02-0.2482E-02  0.000      0.000      0.000      0.000       0.000       0.000       0.000       0.000       0.000       0.000    
    25200.   12.34677966   12.3218   0.000       0.000     -0.2189E-04   0.000     0.2507E-02-0.2486E-02  0.000      0.000      0.000      0.000       0.000       0.000       0.000       0.000       0.000       0.000    
    28800.   12.34639267   12.3207   0.000       0.000     -0.2244E-04   0.000     0.2510E-02-0.2487E-02  0.000      0.000      0.000      0.000       0.000       0.000       0.000       0.000       0.000       0.000    
    32400.   12.34601435   12.3198   0.000       0.000     -0.2297E-04   0.000     0.2511E-02-0.2489E-02  0.000      0.000      0.000      0.000       0.000       0.000       0.000       0.000       0.000       0.000    
    36000.   12.34564009   12.3188   0.000       0.000     -0.2346E-04   0.000     0.2513E-02-0.2490E-02  0.000      0.000      0.000      0.000       0.000       0.000       0.000       0.000       0.000       0.000    
    39600.   12.34526831   12.3179   0.000       0.000     -0.2393E-04   0.000     0.2514E-02-0.2490E-02  0.000      0.000      0.000      0.000       0.000       0.000       0.000       0.000       0.000       0.000    
    43200.   12.35848520   12.3182   0.000       0.000     -0.3527E-04   0.000     0.2697E-02-0.2661E-02  0.000      0.000      0.000      0.000       0.000       0.000       0.000       0.000       0.000       0.000    
    46800.   12.36066875   12.3185   0.000       0.000     -0.3687E-04   0.000     0.2650E-02-0.2614E-02  0.000      0.000      0.000      0.000       0.000       0.000       0.000       0.000       0.000       0.000    
    50400.   12.34787870   12.3178   0.000       0.000     -0.2634E-04   0.000     0.2447E-02-0.2421E-02  0.000      0.000      0.000      0.000       0.000       0.000       0.000       0.000       0.000       0.000    
    54000.   12.35930151   12.3181   0.000       0.000     -0.3608E-04   0.000     0.2664E-02-0.2628E-02  0.000      0.000      0.000      0.000       0.000       0.000       0.000       0.000       0.000       0.000    
    57600.   12.39495300   12.3213   0.000       0.000     -0.6447E-04   0.000     0.3084E-02-0.3020E-02  0.000      0.000      0.000      0.000       0.000       0.000       0.000       0.000       0.000       0.000    
    61200.   12.50428482   12.3332   0.000       0.000     -0.1497E-03   0.000     0.4301E-02-0.4151E-02  0.000      0.000      0.000      0.000       0.000       0.000       0.000       0.000       0.000       0.000    
    64800.   12.49952681   12.3432   0.000       0.000     -0.1368E-03   0.000     0.3519E-02-0.3383E-02  0.000      0.000      0.000      0.000       0.000       0.000       0.000       0.000       0.000       0.000    
    68400.   12.49854265   12.3525   0.000       0.000     -0.1278E-03   0.000     0.3315E-02-0.3187E-02  0.000      0.000      0.000      0.000       0.000       0.000       0.000       0.000       0.000       0.000    
    72000.   12.46779783   12.3585   0.000       0.000     -0.9568E-04   0.000     0.2827E-02-0.2731E-02  0.000      0.000      0.000      0.000       0.000       0.000       0.000       0.000       0.000       0.000    
    75600.   12.43732903   12.3617   0.000       0.000     -0.6621E-04   0.000     0.2559E-02-0.2493E-02  0.000      0.000      0.000      0.000       0.000       0.000       0.000       0.000       0.000       0.000    
    79200.   12.51411518   12.3712   0.000       0.000     -0.1250E-03   0.000     0.3773E-02-0.3648E-02  0.000      0.000      0.000      0.000       0.000       0.000       0.000       0.000       0.000       0.000    
    82800.   12.52823598   12.3810   0.000       0.000     -0.1289E-03   0.000     0.3550E-02-0.3421E-02  0.000      0.000      0.000      0.000       0.000       0.000       0.000       0.000       0.000       0.000    
    86400.   12.54232533   12.3911   0.000       0.000     -0.1324E-03   0.000     0.3527E-02-0.3394E-02  0.000      0.000      0.000      0.000       0.000       0.000       0.000       0.000       0.000       0.000    
    90000.   12.62374066   12.4071   0.000       0.000     -0.1895E-03   0.000     0.4434E-02-0.4245E-02  0.000      0.000      0.000      0.000       0.000       0.000       0.000       0.000       0.000       0.000    
    93600.   12.81308031   12.4375   0.000       0.000     -0.3287E-03   0.000     0.6380E-02-0.6051E-02  0.000      0.000      0.000      0.000       0.000       0.000       0.000       0.000       0.000       0.000    
    97200.   12.74664345   12.4591   0.000       0.000     -0.2516E-03   0.000     0.4191E-02-0.3940E-02  0.000      0.000      0.000      0.000       0.000       0.000       0.000       0.000       0.000       0.000    
   100800.   12.59893690   12.4671   0.000       0.000     -0.1153E-03   0.000     0.2209E-02-0.2094E-02  0.000      0.000      0.000      0.000       0.000       0.000       0.000       0.000       0.000       0.000    
   104400.   12.52931434   12.4696   0.000       0.000     -0.5229E-04   0.000     0.2087E-02-0.2035E-02  0.000      0.000      0.000      0.000       0.000       0.000       0.000       0.000       0.000       0.000    
   108000.   12.50736603   12.4705   0.000       0.000     -0.3225E-04   0.000     0.2398E-02-0.2366E-02  0.000      0.000      0.000      0.000       0.000       0.000       0.000       0.000       0.000       0.000    
   111600.   12.47369432   12.4688   0.000       0.000     -0.4258E-05   0.000     0.2251E-02-0.2246E-02  0.000      0.000      0.000      0.000       0.000       0.000       0.000       0.000       0.000       0.000    
   115200.   12.44621001   12.4652   0.000       0.000      0.1663E-04   0.000     0.2179E-02-0.2196E-02  0.000      0.000      0.000      0.000       0.000       0.000       0.000       0.000       0.000       0.000    
   118800.   12.42632513   12.4604   0.000       0.000      0.2980E-04   0.000     0.2172E-02-0.2202E-02  0.000      0.000      0.000      0.000       0.000       0.000       0.000       0.000       0.000       0.000    
   122400.   12.43497432   12.4568   0.000       0.000      0.1906E-04   0.000     0.2491E-02-0.2510E-02  0.000      0.000      0.000      0.000       0.000       0.000       0.000       0.000       0.000       0.000    
   126000.   12.41493229   12.4517   0.000       0.000      0.3216E-04   0.000     0.2249E-02-0.2281E-02  0.000      0.000      0.000      0.000       0.000       0.000       0.000       0.000       0.000       0.000    
   129600.   12.46579601   12.4513   0.000       0.000     -0.1269E-04   0.000     0.3063E-02-0.3050E-02  0.000      0.000      0.000      0.000       0.000       0.000       0.000       0.000       0.000       0.000    
   133200.   12.44041565   12.4486   0.000       0.000      0.7149E-05   0.000     0.2477E-02-0.2484E-02  0.000      0.000      0.000      0.000       0.000       0.000       0.000       0.000       0.000       0.000    
   136800.   12.43114722   12.4454   0.000       0.000      0.1244E-04   0.000     0.2444E-02-0.2457E-02  0.000      0.000      0.000      0.000       0.000       0.000       0.000       0.000       0.000       0.000    
   140400.   12.40885310   12.4406   0.000       0.000      0.2775E-04   0.000     0.2233E-02-0.2261E-02  0.000      0.000      0.000      0.000       0.000       0.000       0.000       0.000       0.000       0.000    
   144000.   12.40439154   12.4358   0.000       0.000      0.2752E-04   0.000     0.2337E-02-0.2365E-02  0.000      0.000      0.000      0.000       0.000       0.000       0.000       0.000       0.000       0.000    
   147600.   12.40241660   12.4313   0.000       0.000      0.2528E-04   0.000     0.2394E-02-0.2419E-02  0.000      0.000      0.000      0.000       0.000       0.000       0.000       0.000       0.000       0.000    
   151200.   12.40134511   12.4270   0.000       0.000      0.2247E-04   0.000     0.2426E-02-0.2448E-02  0.000      0.000      0.000      0.000       0.000       0.000       0.000       0.000       0.000       0.000    
   154800.   12.40064785   12.4230   0.000       0.000      0.1953E-04   0.000     0.2447E-02-0.2467E-02  0.000      0.000      0.000      0.000       0.000       0.000       0.000       0.000       0.000       0.000    
   158400.   12.41373183   12.4203   0.000       0.000      0.5731E-05   0.000     0.2644E-02-0.2650E-02  0.000      0.000      0.000      0.000       0.000       0.000       0.000       0.000       0.000       0.000    
   162000.   12.47041770   12.4224   0.000       0.000     -0.4200E-04   0.000     0.3329E-02-0.3287E-02  0.000      0.000      0.000      0.000       0.000       0.000       0.000       0.000       0.000       0.000    
   165600.   12.46783816   12.4239   0.000       0.000     -0.3846E-04   0.000     0.2946E-02-0.2908E-02  0.000      0.000      0.000      0.000       0.000       0.000       0.000       0.000       0.000       0.000    
   169200.   12.42272967   12.4214   0.000       0.000     -0.1130E-05   0.000     0.2265E-02-0.2264E-02  0.000      0.000      0.000      0.000       0.000       0.000       0.000       0.000       0.000       0.000    
   172800.   12.40888647   12.4182   0.000       0.000      0.8165E-05   0.000     0.2317E-02-0.2326E-02  0.000      0.000      0.000      0.000       0.000       0.000       0.000       0.000       0.000       0.000    
