TOTIM (T)      HCON          HMAT      QDIR      QWELL        QMAT       QCADS      QTUB1      QTUB2      QTUB3      QTUB4      QTUB5      QTUB6       NSTOR        QFIX        QLH     FHLQ (LQ)        CAUCHY   CAUCHY (LQ)
     3600.   12.36574426   12.4942   0.000       0.000      0.1124E-03   0.000     0.2130E-02-0.2243E-02  0.000      0.000      0.000      0.000       0.000       0.000       0.000       0.000       0.000       0.000    
     7200.   12.35219392   12.4931   0.000       0.000      0.1233E-03   0.000     0.1763E-02-0.1886E-02  0.000      0.000      0.000      0.000       0.000       0.000       0.000       0.000       0.000       0.000    
    10800.   12.34966315   12.4919   0.000       0.000      0.1244E-03   0.000     0.1790E-02-0.1914E-02  0.000      0.000      0.000      0.000       0.000       0.000       0.000       0.000       0.000       0.000    
    14400.   12.34850050   12.4907   0.000       0.000      0.1244E-03   0.000     0.1813E-02-0.1937E-02  0.000      0.000      0.000      0.000       0.000       0.000       0.000       0.000       0.000       0.000    
    18000.   12.34777257   12.4896   0.000       0.000      0.1241E-03   0.000     0.1831E-02-0.1955E-02  0.000      0.000      0.000      0.000       0.000       0.000       0.000       0.000       0.000       0.000    
    21600.   12.34723354   12.4885   0.000       0.000      0.1236E-03   0.000     0.1846E-02-0.1970E-02  0.000      0.000      0.000      0.000       0.000       0.000       0.000       0.000       0.000       0.000    
    25200.   12.34678065   12.4874   0.000       0.000      0.1230E-03   0.000     0.1859E-02-0.1982E-02  0.000      0.000      0.000      0.000       0.000       0.000       0.000       0.000       0.000       0.000    
    28800.   12.34639367   12.4864   0.000       0.000      0.1225E-03   0.000     0.1871E-02-0.1993E-02  0.000      0.000      0.000      0.000       0.000       0.000       0.000       0.000       0.000       0.000    
    32400.   12.34601535   12.4854   0.000       0.000      0.1220E-03   0.000     0.1881E-02-0.2003E-02  0.000      0.000      0.000      0.000       0.000       0.000       0.000       0.000       0.000       0.000    
    36000.   12.34564108   12.4845   0.000       0.000      0.1215E-03   0.000     0.1891E-02-0.2013E-02  0.000      0.000      0.000      0.000       0.000       0.000       0.000       0.000       0.000       0.000    
    39600.   12.34526931   12.4836   0.000       0.000      0.1210E-03   0.000     0.1901E-02-0.2022E-02  0.000      0.000      0.000      0.000       0.000       0.000       0.000       0.000       0.000       0.000    
    43200.   12.35848631   12.4838   0.000       0.000      0.1097E-03   0.000     0.2276E-02-0.2386E-02  0.000      0.000      0.000      0.000       0.000       0.000       0.000       0.000       0.000       0.000    
    46800.   12.36066986   12.4842   0.000       0.000      0.1081E-03   0.000     0.2257E-02-0.2365E-02  0.000      0.000      0.000      0.000       0.000       0.000       0.000       0.000       0.000       0.000    
    50400.   12.34787968   12.4834   0.000       0.000      0.1186E-03   0.000     0.1875E-02-0.1993E-02  0.000      0.000      0.000      0.000       0.000       0.000       0.000       0.000       0.000       0.000    
    54000.   12.35930261   12.4837   0.000       0.000      0.1089E-03   0.000     0.2257E-02-0.2366E-02  0.000      0.000      0.000      0.000       0.000       0.000       0.000       0.000       0.000       0.000    
    57600.   12.39495438   12.4869   0.000       0.000      0.8046E-04   0.000     0.3160E-02-0.3240E-02  0.000      0.000      0.000      0.000       0.000       0.000       0.000       0.000       0.000       0.000    
    61200.   12.50428699   12.4988   0.000       0.000     -0.4799E-05   0.000     0.5826E-02-0.5821E-02  0.000      0.000      0.000      0.000       0.000       0.000       0.000       0.000       0.000       0.000    
    64800.   12.49952861   12.5089   0.000       0.000      0.8189E-05   0.000     0.4824E-02-0.4832E-02  0.000      0.000      0.000      0.000       0.000       0.000       0.000       0.000       0.000       0.000    
    68400.   12.49854433   12.5181   0.000       0.000      0.1711E-04   0.000     0.4468E-02-0.4485E-02  0.000      0.000      0.000      0.000       0.000       0.000       0.000       0.000       0.000       0.000    
    72000.   12.46779920   12.5241   0.000       0.000      0.4927E-04   0.000     0.3433E-02-0.3482E-02  0.000      0.000      0.000      0.000       0.000       0.000       0.000       0.000       0.000       0.000    
    75600.   12.43733019   12.5273   0.000       0.000      0.7873E-04   0.000     0.2664E-02-0.2743E-02  0.000      0.000      0.000      0.000       0.000       0.000       0.000       0.000       0.000       0.000    
    79200.   12.51411705   12.5369   0.000       0.000      0.1991E-04   0.000     0.4878E-02-0.4898E-02  0.000      0.000      0.000      0.000       0.000       0.000       0.000       0.000       0.000       0.000    
    82800.   12.52823777   12.5466   0.000       0.000      0.1608E-04   0.000     0.4721E-02-0.4737E-02  0.000      0.000      0.000      0.000       0.000       0.000       0.000       0.000       0.000       0.000    
    86400.   12.54232712   12.5567   0.000       0.000      0.1259E-04   0.000     0.4756E-02-0.4769E-02  0.000      0.000      0.000      0.000       0.000       0.000       0.000       0.000       0.000       0.000    
    90000.   12.62374303   12.5728   0.000       0.000     -0.4456E-04   0.000     0.6636E-02-0.6591E-02  0.000      0.000      0.000      0.000       0.000       0.000       0.000       0.000       0.000       0.000    
    93600.   12.81310988   12.6031   0.000       0.000     -0.1837E-03   0.000     0.1095E-01-0.1076E-01  0.000      0.000      0.000      0.000       0.000       0.000       0.000       0.000       0.000       0.000    
    97200.   12.74665733   12.6248   0.000       0.000     -0.1066E-03   0.000     0.7448E-02-0.7341E-02  0.000      0.000      0.000      0.000       0.000       0.000       0.000       0.000       0.000       0.000    
   100800.   12.59893899   12.6328   0.000       0.000      0.2964E-04   0.000     0.3149E-02-0.3179E-02  0.000      0.000      0.000      0.000       0.000       0.000       0.000       0.000       0.000       0.000    
   104400.   12.52931577   12.6352   0.000       0.000      0.9269E-04   0.000     0.1955E-02-0.2048E-02  0.000      0.000      0.000      0.000       0.000       0.000       0.000       0.000       0.000       0.000    
   108000.   12.50736763   12.6362   0.000       0.000      0.1127E-03   0.000     0.1926E-02-0.2038E-02  0.000      0.000      0.000      0.000       0.000       0.000       0.000       0.000       0.000       0.000    
   111600.   12.47369555   12.6345   0.000       0.000      0.1407E-03   0.000     0.1302E-02-0.1443E-02  0.000      0.000      0.000      0.000       0.000       0.000       0.000       0.000       0.000       0.000    
   115200.   12.44621104   12.6309   0.000       0.000      0.1616E-03   0.000     0.8762E-03-0.1038E-02  0.000      0.000      0.000      0.000       0.000       0.000       0.000       0.000       0.000       0.000    
   118800.   12.42632607   12.6261   0.000       0.000      0.1748E-03   0.000     0.6452E-03-0.8199E-03  0.000      0.000      0.000      0.000       0.000       0.000       0.000       0.000       0.000       0.000    
   122400.   12.43497562   12.6224   0.000       0.000      0.1640E-03   0.000     0.1147E-02-0.1311E-02  0.000      0.000      0.000      0.000       0.000       0.000       0.000       0.000       0.000       0.000    
   126000.   12.41493328   12.6174   0.000       0.000      0.1771E-03   0.000     0.6822E-03-0.8593E-03  0.000      0.000      0.000      0.000       0.000       0.000       0.000       0.000       0.000       0.000    
   129600.   12.46579821   12.6170   0.000       0.000      0.1323E-03   0.000     0.2258E-02-0.2391E-02  0.000      0.000      0.000      0.000       0.000       0.000       0.000       0.000       0.000       0.000    
   133200.   12.44041703   12.6143   0.000       0.000      0.1521E-03   0.000     0.1335E-02-0.1487E-02  0.000      0.000      0.000      0.000       0.000       0.000       0.000       0.000       0.000       0.000    
   136800.   12.43114852   12.6111   0.000       0.000      0.1574E-03   0.000     0.1213E-02-0.1370E-02  0.000      0.000      0.000      0.000       0.000       0.000       0.000       0.000       0.000       0.000    
   140400.   12.40885411   12.6062   0.000       0.000      0.1727E-03   0.000     0.7414E-03-0.9141E-03  0.000      0.000      0.000      0.000       0.000       0.000       0.000       0.000       0.000       0.000    
   144000.   12.40439264   12.6015   0.000       0.000      0.1725E-03   0.000     0.8496E-03-0.1022E-02  0.000      0.000      0.000      0.000       0.000       0.000       0.000       0.000       0.000       0.000    
   147600.   12.40241776   12.5970   0.000       0.000      0.1702E-03   0.000     0.9439E-03-0.1114E-02  0.000      0.000      0.000      0.000       0.000       0.000       0.000       0.000       0.000       0.000    
   151200.   12.40134632   12.5927   0.000       0.000      0.1674E-03   0.000     0.1024E-02-0.1192E-02  0.000      0.000      0.000      0.000       0.000       0.000       0.000       0.000       0.000       0.000    
   154800.   12.40064910   12.5886   0.000       0.000      0.1645E-03   0.000     0.1095E-02-0.1260E-02  0.000      0.000      0.000      0.000       0.000       0.000       0.000       0.000       0.000       0.000    
   158400.   12.41373339   12.5860   0.000       0.000      0.1507E-03   0.000     0.1527E-02-0.1677E-02  0.000      0.000      0.000      0.000       0.000       0.000       0.000       0.000       0.000       0.000    
   162000.   12.47042053   12.5881   0.000       0.000      0.1030E-03   0.000     0.3023E-02-0.3126E-02  0.000      0.000      0.000      0.000       0.000       0.000       0.000       0.000       0.000       0.000    
   165600.   12.46784045   12.5896   0.000       0.000      0.1065E-03   0.000     0.2581E-02-0.2687E-02  0.000      0.000      0.000      0.000       0.000       0.000       0.000       0.000       0.000       0.000    
   169200.   12.42273090   12.5871   0.000       0.000      0.1438E-03   0.000     0.1265E-02-0.1409E-02  0.000      0.000      0.000      0.000       0.000       0.000       0.000       0.000       0.000       0.000    
   172800.   12.40888768   12.5839   0.000       0.000      0.1531E-03   0.000     0.1159E-02-0.1312E-02  0.000      0.000      0.000      0.000       0.000       0.000       0.000       0.000       0.000       0.000    
