TOTIM (T)      HCON          HMAT      QDIR      QWELL        QMAT       QCADS      QTUB1      QTUB2      QTUB3      QTUB4      QTUB5      QTUB6       NSTOR        QFIX        QLH     FHLQ (LQ)        CAUCHY   CAUCHY (LQ)
     3600.   12.36574525   12.5285   0.000       0.000      0.1424E-03   0.000     0.8899E-03-0.1032E-02  0.000      0.000      0.000      0.000       0.000       0.000       0.000       0.000       0.000       0.000    
     7200.   12.35219478   12.5274   0.000       0.000      0.1533E-03   0.000     0.4614E-03-0.6147E-03  0.000      0.000      0.000      0.000       0.000       0.000       0.000       0.000       0.000       0.000    
    10800.   12.34966401   12.5262   0.000       0.000      0.1545E-03   0.000     0.4614E-03-0.6159E-03  0.000      0.000      0.000      0.000       0.000       0.000       0.000       0.000       0.000       0.000    
    14400.   12.34850137   12.5251   0.000       0.000      0.1545E-03   0.000     0.4822E-03-0.6367E-03  0.000      0.000      0.000      0.000       0.000       0.000       0.000       0.000       0.000       0.000    
    18000.   12.34777345   12.5239   0.000       0.000      0.1541E-03   0.000     0.5026E-03-0.6568E-03  0.000      0.000      0.000      0.000       0.000       0.000       0.000       0.000       0.000       0.000    
    21600.   12.34723443   12.5228   0.000       0.000      0.1537E-03   0.000     0.5217E-03-0.6754E-03  0.000      0.000      0.000      0.000       0.000       0.000       0.000       0.000       0.000       0.000    
    25200.   12.34678154   12.5218   0.000       0.000      0.1531E-03   0.000     0.5395E-03-0.6927E-03  0.000      0.000      0.000      0.000       0.000       0.000       0.000       0.000       0.000       0.000    
    28800.   12.34639457   12.5208   0.000       0.000      0.1526E-03   0.000     0.5560E-03-0.7086E-03  0.000      0.000      0.000      0.000       0.000       0.000       0.000       0.000       0.000       0.000    
    32400.   12.34601625   12.5199   0.000       0.000      0.1521E-03   0.000     0.5716E-03-0.7237E-03  0.000      0.000      0.000      0.000       0.000       0.000       0.000       0.000       0.000       0.000    
    36000.   12.34564199   12.5189   0.000       0.000      0.1516E-03   0.000     0.5861E-03-0.7378E-03  0.000      0.000      0.000      0.000       0.000       0.000       0.000       0.000       0.000       0.000    
    39600.   12.34527022   12.5181   0.000       0.000      0.1512E-03   0.000     0.5997E-03-0.7509E-03  0.000      0.000      0.000      0.000       0.000       0.000       0.000       0.000       0.000       0.000    
    43200.   12.35848736   12.5184   0.000       0.000      0.1399E-03   0.000     0.1041E-02-0.1181E-02  0.000      0.000      0.000      0.000       0.000       0.000       0.000       0.000       0.000       0.000    
    46800.   12.36067090   12.5187   0.000       0.000      0.1383E-03   0.000     0.1053E-02-0.1191E-02  0.000      0.000      0.000      0.000       0.000       0.000       0.000       0.000       0.000       0.000    
    50400.   12.34788058   12.5180   0.000       0.000      0.1489E-03   0.000     0.6148E-03-0.7636E-03  0.000      0.000      0.000      0.000       0.000       0.000       0.000       0.000       0.000       0.000    
    54000.   12.35930365   12.5184   0.000       0.000      0.1392E-03   0.000     0.1033E-02-0.1172E-02  0.000      0.000      0.000      0.000       0.000       0.000       0.000       0.000       0.000       0.000    
    57600.   12.39495576   12.5216   0.000       0.000      0.1108E-03   0.000     0.2115E-02-0.2226E-02  0.000      0.000      0.000      0.000       0.000       0.000       0.000       0.000       0.000       0.000    
    61200.   12.50430061   12.5335   0.000       0.000      0.2554E-04   0.000     0.5315E-02-0.5341E-02  0.000      0.000      0.000      0.000       0.000       0.000       0.000       0.000       0.000       0.000    
    64800.   12.49953837   12.5436   0.000       0.000      0.3853E-04   0.000     0.4398E-02-0.4436E-02  0.000      0.000      0.000      0.000       0.000       0.000       0.000       0.000       0.000       0.000    
    68400.   12.49855286   12.5528   0.000       0.000      0.4743E-04   0.000     0.3968E-02-0.4015E-02  0.000      0.000      0.000      0.000       0.000       0.000       0.000       0.000       0.000       0.000    
    72000.   12.46780533   12.5587   0.000       0.000      0.7954E-04   0.000     0.2731E-02-0.2810E-02  0.000      0.000      0.000      0.000       0.000       0.000       0.000       0.000       0.000       0.000    
    75600.   12.43733497   12.5618   0.000       0.000      0.1089E-03   0.000     0.1730E-02-0.1839E-02  0.000      0.000      0.000      0.000       0.000       0.000       0.000       0.000       0.000       0.000    
    79200.   12.51412738   12.5713   0.000       0.000      0.5004E-04   0.000     0.4216E-02-0.4266E-02  0.000      0.000      0.000      0.000       0.000       0.000       0.000       0.000       0.000       0.000    
    82800.   12.52824736   12.5809   0.000       0.000      0.4609E-04   0.000     0.4183E-02-0.4229E-02  0.000      0.000      0.000      0.000       0.000       0.000       0.000       0.000       0.000       0.000    
    86400.   12.54233656   12.5909   0.000       0.000      0.4247E-04   0.000     0.4242E-02-0.4285E-02  0.000      0.000      0.000      0.000       0.000       0.000       0.000       0.000       0.000       0.000    
    90000.   12.62375785   12.6068   0.000       0.000     -0.1486E-04   0.000     0.6446E-02-0.6431E-02  0.000      0.000      0.000      0.000       0.000       0.000       0.000       0.000       0.000       0.000    
    93600.   12.81315139   12.6369   0.000       0.000     -0.1543E-03   0.000     0.1164E-01-0.1149E-01  0.000      0.000      0.000      0.000       0.000       0.000       0.000       0.000       0.000       0.000    
    97200.   12.74667762   12.6582   0.000       0.000     -0.7740E-04   0.000     0.7961E-02-0.7884E-02  0.000      0.000      0.000      0.000       0.000       0.000       0.000       0.000       0.000       0.000    
   100800.   12.59894302   12.6659   0.000       0.000      0.5859E-04   0.000     0.2745E-02-0.2803E-02  0.000      0.000      0.000      0.000       0.000       0.000       0.000       0.000       0.000       0.000    
   104400.   12.52931738   12.6680   0.000       0.000      0.1213E-03   0.000     0.9281E-03-0.1049E-02  0.000      0.000      0.000      0.000       0.000       0.000       0.000       0.000       0.000       0.000    
   108000.   12.50736952   12.6685   0.000       0.000      0.1410E-03   0.000     0.6521E-03-0.7931E-03  0.000      0.000      0.000      0.000       0.000       0.000       0.000       0.000       0.000       0.000    
   111600.   12.47369707   12.6664   0.000       0.000      0.1686E-03   0.000    -0.1790E-03 0.1037E-04  0.000      0.000      0.000      0.000       0.000       0.000       0.000       0.000       0.000       0.000    
   115200.   12.44621237   12.6624   0.000       0.000      0.1891E-03   0.000    -0.7836E-03 0.5944E-03  0.000      0.000      0.000      0.000       0.000       0.000       0.000       0.000       0.000       0.000    
   118800.   12.42632732   12.6571   0.000       0.000      0.2020E-03   0.000    -0.1134E-02 0.9322E-03  0.000      0.000      0.000      0.000       0.000       0.000       0.000       0.000       0.000       0.000    
   122400.   12.43497732   12.6531   0.000       0.000      0.1908E-03   0.000    -0.6006E-03 0.4097E-03  0.000      0.000      0.000      0.000       0.000       0.000       0.000       0.000       0.000       0.000    
   126000.   12.41493464   12.6476   0.000       0.000      0.2036E-03   0.000    -0.1122E-02 0.9181E-03  0.000      0.000      0.000      0.000       0.000       0.000       0.000       0.000       0.000       0.000    
   129600.   12.46580080   12.6468   0.000       0.000      0.1584E-03   0.000     0.6836E-03-0.8420E-03  0.000      0.000      0.000      0.000       0.000       0.000       0.000       0.000       0.000       0.000    
   133200.   12.44041884   12.6438   0.000       0.000      0.1779E-03   0.000    -0.2693E-03 0.9142E-04  0.000      0.000      0.000      0.000       0.000       0.000       0.000       0.000       0.000       0.000    
   136800.   12.43115020   12.6402   0.000       0.000      0.1829E-03   0.000    -0.4557E-03 0.2727E-03  0.000      0.000      0.000      0.000       0.000       0.000       0.000       0.000       0.000       0.000    
   140400.   12.40885545   12.6351   0.000       0.000      0.1979E-03   0.000    -0.1023E-02 0.8249E-03  0.000      0.000      0.000      0.000       0.000       0.000       0.000       0.000       0.000       0.000    
   144000.   12.40439410   12.6301   0.000       0.000      0.1975E-03   0.000    -0.9404E-03 0.7429E-03  0.000      0.000      0.000      0.000       0.000       0.000       0.000       0.000       0.000       0.000    
   147600.   12.40241932   12.6253   0.000       0.000      0.1950E-03   0.000    -0.8314E-03 0.6364E-03  0.000      0.000      0.000      0.000       0.000       0.000       0.000       0.000       0.000       0.000    
   151200.   12.40134794   12.6207   0.000       0.000      0.1920E-03   0.000    -0.7282E-03 0.5362E-03  0.000      0.000      0.000      0.000       0.000       0.000       0.000       0.000       0.000       0.000    
   154800.   12.40065077   12.6165   0.000       0.000      0.1889E-03   0.000    -0.6315E-03 0.4427E-03  0.000      0.000      0.000      0.000       0.000       0.000       0.000       0.000       0.000       0.000    
   158400.   12.41373537   12.6136   0.000       0.000      0.1749E-03   0.000    -0.1129E-03-0.6197E-04  0.000      0.000      0.000      0.000       0.000       0.000       0.000       0.000       0.000       0.000    
   162000.   12.47042366   12.6156   0.000       0.000      0.1270E-03   0.000     0.1684E-02-0.1811E-02  0.000      0.000      0.000      0.000       0.000       0.000       0.000       0.000       0.000       0.000    
   165600.   12.46784311   12.6169   0.000       0.000      0.1305E-03   0.000     0.1313E-02-0.1444E-02  0.000      0.000      0.000      0.000       0.000       0.000       0.000       0.000       0.000       0.000    
   169200.   12.42273248   12.6144   0.000       0.000      0.1677E-03   0.000    -0.2149E-03 0.4714E-04  0.000      0.000      0.000      0.000       0.000       0.000       0.000       0.000       0.000       0.000    
   172800.   12.40888922   12.6111   0.000       0.000      0.1769E-03   0.000    -0.4393E-03 0.2623E-03  0.000      0.000      0.000      0.000       0.000       0.000       0.000       0.000       0.000       0.000    
