TOTIM (T)      HCON          HMAT      QDIR      QWELL        QMAT       QCADS      QTUB1      QTUB2      QTUB3      QTUB4      QTUB5      QTUB6       NSTOR        QFIX        QLH     FHLQ (LQ)        CAUCHY   CAUCHY (LQ)
     3600.   12.36574372   12.4247   0.000       0.000      0.5155E-04   0.000     0.2584E-02-0.2636E-02  0.000      0.000      0.000      0.000       0.000       0.000       0.000       0.000       0.000       0.000    
     7200.   12.35219345   12.4235   0.000       0.000      0.6243E-04   0.000     0.2315E-02-0.2377E-02  0.000      0.000      0.000      0.000       0.000       0.000       0.000       0.000       0.000       0.000    
    10800.   12.34966267   12.4224   0.000       0.000      0.6361E-04   0.000     0.2352E-02-0.2416E-02  0.000      0.000      0.000      0.000       0.000       0.000       0.000       0.000       0.000       0.000    
    14400.   12.34850001   12.4212   0.000       0.000      0.6360E-04   0.000     0.2375E-02-0.2439E-02  0.000      0.000      0.000      0.000       0.000       0.000       0.000       0.000       0.000       0.000    
    18000.   12.34777208   12.4200   0.000       0.000      0.6324E-04   0.000     0.2390E-02-0.2453E-02  0.000      0.000      0.000      0.000       0.000       0.000       0.000       0.000       0.000       0.000    
    21600.   12.34723305   12.4189   0.000       0.000      0.6274E-04   0.000     0.2401E-02-0.2463E-02  0.000      0.000      0.000      0.000       0.000       0.000       0.000       0.000       0.000       0.000    
    25200.   12.34678015   12.4179   0.000       0.000      0.6221E-04   0.000     0.2409E-02-0.2471E-02  0.000      0.000      0.000      0.000       0.000       0.000       0.000       0.000       0.000       0.000    
    28800.   12.34639317   12.4169   0.000       0.000      0.6166E-04   0.000     0.2416E-02-0.2477E-02  0.000      0.000      0.000      0.000       0.000       0.000       0.000       0.000       0.000       0.000    
    32400.   12.34601485   12.4159   0.000       0.000      0.6114E-04   0.000     0.2422E-02-0.2483E-02  0.000      0.000      0.000      0.000       0.000       0.000       0.000       0.000       0.000       0.000    
    36000.   12.34564058   12.4149   0.000       0.000      0.6064E-04   0.000     0.2427E-02-0.2488E-02  0.000      0.000      0.000      0.000       0.000       0.000       0.000       0.000       0.000       0.000    
    39600.   12.34526881   12.4140   0.000       0.000      0.6018E-04   0.000     0.2432E-02-0.2492E-02  0.000      0.000      0.000      0.000       0.000       0.000       0.000       0.000       0.000       0.000    
    43200.   12.35848574   12.4143   0.000       0.000      0.4883E-04   0.000     0.2705E-02-0.2754E-02  0.000      0.000      0.000      0.000       0.000       0.000       0.000       0.000       0.000       0.000    
    46800.   12.36066929   12.4146   0.000       0.000      0.4723E-04   0.000     0.2672E-02-0.2719E-02  0.000      0.000      0.000      0.000       0.000       0.000       0.000       0.000       0.000       0.000    
    50400.   12.34787919   12.4139   0.000       0.000      0.5776E-04   0.000     0.2384E-02-0.2442E-02  0.000      0.000      0.000      0.000       0.000       0.000       0.000       0.000       0.000       0.000    
    54000.   12.35930204   12.4142   0.000       0.000      0.4803E-04   0.000     0.2679E-02-0.2727E-02  0.000      0.000      0.000      0.000       0.000       0.000       0.000       0.000       0.000       0.000    
    57600.   12.39495364   12.4174   0.000       0.000      0.1963E-04   0.000     0.3326E-02-0.3346E-02  0.000      0.000      0.000      0.000       0.000       0.000       0.000       0.000       0.000       0.000    
    61200.   12.50428575   12.4293   0.000       0.000     -0.6563E-04   0.000     0.5225E-02-0.5159E-02  0.000      0.000      0.000      0.000       0.000       0.000       0.000       0.000       0.000       0.000    
    64800.   12.49952758   12.4394   0.000       0.000     -0.5264E-04   0.000     0.4340E-02-0.4287E-02  0.000      0.000      0.000      0.000       0.000       0.000       0.000       0.000       0.000       0.000    
    68400.   12.49854337   12.4486   0.000       0.000     -0.4372E-04   0.000     0.4064E-02-0.4020E-02  0.000      0.000      0.000      0.000       0.000       0.000       0.000       0.000       0.000       0.000    
    72000.   12.46779843   12.4546   0.000       0.000     -0.1157E-04   0.000     0.3318E-02-0.3307E-02  0.000      0.000      0.000      0.000       0.000       0.000       0.000       0.000       0.000       0.000    
    75600.   12.43732956   12.4578   0.000       0.000      0.1790E-04   0.000     0.2815E-02-0.2833E-02  0.000      0.000      0.000      0.000       0.000       0.000       0.000       0.000       0.000       0.000    
    79200.   12.51411600   12.4673   0.000       0.000     -0.4093E-04   0.000     0.4500E-02-0.4459E-02  0.000      0.000      0.000      0.000       0.000       0.000       0.000       0.000       0.000       0.000    
    82800.   12.52823675   12.4771   0.000       0.000     -0.4477E-04   0.000     0.4308E-02-0.4263E-02  0.000      0.000      0.000      0.000       0.000       0.000       0.000       0.000       0.000       0.000    
    86400.   12.54232610   12.4872   0.000       0.000     -0.4825E-04   0.000     0.4312E-02-0.4264E-02  0.000      0.000      0.000      0.000       0.000       0.000       0.000       0.000       0.000       0.000    
    90000.   12.62374166   12.5033   0.000       0.000     -0.1054E-03   0.000     0.5677E-02-0.5571E-02  0.000      0.000      0.000      0.000       0.000       0.000       0.000       0.000       0.000       0.000    
    93600.   12.81308930   12.5336   0.000       0.000     -0.2446E-03   0.000     0.8735E-02-0.8491E-02  0.000      0.000      0.000      0.000       0.000       0.000       0.000       0.000       0.000       0.000    
    97200.   12.74664765   12.5552   0.000       0.000     -0.1675E-03   0.000     0.5930E-02-0.5763E-02  0.000      0.000      0.000      0.000       0.000       0.000       0.000       0.000       0.000       0.000    
   100800.   12.59893788   12.5632   0.000       0.000     -0.3124E-04   0.000     0.2858E-02-0.2827E-02  0.000      0.000      0.000      0.000       0.000       0.000       0.000       0.000       0.000       0.000    
   104400.   12.52931507   12.5657   0.000       0.000      0.3180E-04   0.000     0.2231E-02-0.2263E-02  0.000      0.000      0.000      0.000       0.000       0.000       0.000       0.000       0.000       0.000    
   108000.   12.50736688   12.5666   0.000       0.000      0.5184E-04   0.000     0.2382E-02-0.2434E-02  0.000      0.000      0.000      0.000       0.000       0.000       0.000       0.000       0.000       0.000    
   111600.   12.47369501   12.5649   0.000       0.000      0.7982E-04   0.000     0.2011E-02-0.2091E-02  0.000      0.000      0.000      0.000       0.000       0.000       0.000       0.000       0.000       0.000    
   115200.   12.44621062   12.5613   0.000       0.000      0.1007E-03   0.000     0.1773E-02-0.1874E-02  0.000      0.000      0.000      0.000       0.000       0.000       0.000       0.000       0.000       0.000    
   118800.   12.42632570   12.5565   0.000       0.000      0.1139E-03   0.000     0.1660E-02-0.1774E-02  0.000      0.000      0.000      0.000       0.000       0.000       0.000       0.000       0.000       0.000    
   122400.   12.43497508   12.5528   0.000       0.000      0.1031E-03   0.000     0.2065E-02-0.2168E-02  0.000      0.000      0.000      0.000       0.000       0.000       0.000       0.000       0.000       0.000    
   126000.   12.41493290   12.5477   0.000       0.000      0.1162E-03   0.000     0.1719E-02-0.1835E-02  0.000      0.000      0.000      0.000       0.000       0.000       0.000       0.000       0.000       0.000    
   129600.   12.46579721   12.5473   0.000       0.000      0.7135E-04   0.000     0.2891E-02-0.2962E-02  0.000      0.000      0.000      0.000       0.000       0.000       0.000       0.000       0.000       0.000    
   133200.   12.44041644   12.5446   0.000       0.000      0.9118E-04   0.000     0.2146E-02-0.2237E-02  0.000      0.000      0.000      0.000       0.000       0.000       0.000       0.000       0.000       0.000    
   136800.   12.43114797   12.5414   0.000       0.000      0.9646E-04   0.000     0.2072E-02-0.2168E-02  0.000      0.000      0.000      0.000       0.000       0.000       0.000       0.000       0.000       0.000    
   140400.   12.40885371   12.5366   0.000       0.000      0.1118E-03   0.000     0.1738E-02-0.1850E-02  0.000      0.000      0.000      0.000       0.000       0.000       0.000       0.000       0.000       0.000    
   144000.   12.40439220   12.5318   0.000       0.000      0.1115E-03   0.000     0.1844E-02-0.1956E-02  0.000      0.000      0.000      0.000       0.000       0.000       0.000       0.000       0.000       0.000    
   147600.   12.40241729   12.5273   0.000       0.000      0.1093E-03   0.000     0.1918E-02-0.2028E-02  0.000      0.000      0.000      0.000       0.000       0.000       0.000       0.000       0.000       0.000    
   151200.   12.40134583   12.5230   0.000       0.000      0.1065E-03   0.000     0.1973E-02-0.2080E-02  0.000      0.000      0.000      0.000       0.000       0.000       0.000       0.000       0.000       0.000    
   154800.   12.40064858   12.5190   0.000       0.000      0.1035E-03   0.000     0.2018E-02-0.2122E-02  0.000      0.000      0.000      0.000       0.000       0.000       0.000       0.000       0.000       0.000    
   158400.   12.41373271   12.5163   0.000       0.000      0.8971E-04   0.000     0.2325E-02-0.2415E-02  0.000      0.000      0.000      0.000       0.000       0.000       0.000       0.000       0.000       0.000    
   162000.   12.47041920   12.5184   0.000       0.000      0.4198E-04   0.000     0.3392E-02-0.3434E-02  0.000      0.000      0.000      0.000       0.000       0.000       0.000       0.000       0.000       0.000    
   165600.   12.46783937   12.5199   0.000       0.000      0.4551E-04   0.000     0.2981E-02-0.3027E-02  0.000      0.000      0.000      0.000       0.000       0.000       0.000       0.000       0.000       0.000    
   169200.   12.42273036   12.5174   0.000       0.000      0.8284E-04   0.000     0.2001E-02-0.2084E-02  0.000      0.000      0.000      0.000       0.000       0.000       0.000       0.000       0.000       0.000    
   172800.   12.40888716   12.5142   0.000       0.000      0.9214E-04   0.000     0.1979E-02-0.2071E-02  0.000      0.000      0.000      0.000       0.000       0.000       0.000       0.000       0.000       0.000    
