TOTIM (T)      HCON          HMAT      QDIR      QWELL        QMAT       QCADS      QTUB1      QTUB2      QTUB3      QTUB4      QTUB5      QTUB6       NSTOR        QFIX        QLH     FHLQ (LQ)        CAUCHY   CAUCHY (LQ)
     3600.   12.36574463   12.4500   0.000       0.000      0.7372E-04   0.000     0.2134E-02-0.2208E-02  0.000      0.000      0.000      0.000       0.000       0.000       0.000       0.000       0.000       0.000    
     7200.   12.35219427   12.4489   0.000       0.000      0.8460E-04   0.000     0.1786E-02-0.1870E-02  0.000      0.000      0.000      0.000       0.000       0.000       0.000       0.000       0.000       0.000    
    10800.   12.34966350   12.4477   0.000       0.000      0.8578E-04   0.000     0.1799E-02-0.1885E-02  0.000      0.000      0.000      0.000       0.000       0.000       0.000       0.000       0.000       0.000    
    14400.   12.34850085   12.4465   0.000       0.000      0.8577E-04   0.000     0.1821E-02-0.1907E-02  0.000      0.000      0.000      0.000       0.000       0.000       0.000       0.000       0.000       0.000    
    18000.   12.34777292   12.4454   0.000       0.000      0.8540E-04   0.000     0.1839E-02-0.1925E-02  0.000      0.000      0.000      0.000       0.000       0.000       0.000       0.000       0.000       0.000    
    21600.   12.34723390   12.4443   0.000       0.000      0.8491E-04   0.000     0.1855E-02-0.1940E-02  0.000      0.000      0.000      0.000       0.000       0.000       0.000       0.000       0.000       0.000    
    25200.   12.34678100   12.4432   0.000       0.000      0.8438E-04   0.000     0.1868E-02-0.1953E-02  0.000      0.000      0.000      0.000       0.000       0.000       0.000       0.000       0.000       0.000    
    28800.   12.34639402   12.4422   0.000       0.000      0.8383E-04   0.000     0.1880E-02-0.1964E-02  0.000      0.000      0.000      0.000       0.000       0.000       0.000       0.000       0.000       0.000    
    32400.   12.34601570   12.4412   0.000       0.000      0.8330E-04   0.000     0.1892E-02-0.1975E-02  0.000      0.000      0.000      0.000       0.000       0.000       0.000       0.000       0.000       0.000    
    36000.   12.34564144   12.4403   0.000       0.000      0.8281E-04   0.000     0.1903E-02-0.1985E-02  0.000      0.000      0.000      0.000       0.000       0.000       0.000       0.000       0.000       0.000    
    39600.   12.34526967   12.4394   0.000       0.000      0.8235E-04   0.000     0.1913E-02-0.1995E-02  0.000      0.000      0.000      0.000       0.000       0.000       0.000       0.000       0.000       0.000    
    43200.   12.35848669   12.4396   0.000       0.000      0.7100E-04   0.000     0.2270E-02-0.2341E-02  0.000      0.000      0.000      0.000       0.000       0.000       0.000       0.000       0.000       0.000    
    46800.   12.36067023   12.4400   0.000       0.000      0.6940E-04   0.000     0.2265E-02-0.2335E-02  0.000      0.000      0.000      0.000       0.000       0.000       0.000       0.000       0.000       0.000    
    50400.   12.34788004   12.4392   0.000       0.000      0.7993E-04   0.000     0.1903E-02-0.1983E-02  0.000      0.000      0.000      0.000       0.000       0.000       0.000       0.000       0.000       0.000    
    54000.   12.35930298   12.4395   0.000       0.000      0.7020E-04   0.000     0.2254E-02-0.2325E-02  0.000      0.000      0.000      0.000       0.000       0.000       0.000       0.000       0.000       0.000    
    57600.   12.39495480   12.4427   0.000       0.000      0.4180E-04   0.000     0.3124E-02-0.3166E-02  0.000      0.000      0.000      0.000       0.000       0.000       0.000       0.000       0.000       0.000    
    61200.   12.50429879   12.4546   0.000       0.000     -0.4347E-04   0.000     0.5686E-02-0.5643E-02  0.000      0.000      0.000      0.000       0.000       0.000       0.000       0.000       0.000       0.000    
    64800.   12.49953686   12.4647   0.000       0.000     -0.3047E-04   0.000     0.4825E-02-0.4794E-02  0.000      0.000      0.000      0.000       0.000       0.000       0.000       0.000       0.000       0.000    
    68400.   12.49855148   12.4739   0.000       0.000     -0.2155E-04   0.000     0.4458E-02-0.4436E-02  0.000      0.000      0.000      0.000       0.000       0.000       0.000       0.000       0.000       0.000    
    72000.   12.46780429   12.4799   0.000       0.000      0.1061E-04   0.000     0.3459E-02-0.3470E-02  0.000      0.000      0.000      0.000       0.000       0.000       0.000       0.000       0.000       0.000    
    75600.   12.43733418   12.4831   0.000       0.000      0.4007E-04   0.000     0.2689E-02-0.2729E-02  0.000      0.000      0.000      0.000       0.000       0.000       0.000       0.000       0.000       0.000    
    79200.   12.51412588   12.4927   0.000       0.000     -0.1875E-04   0.000     0.4759E-02-0.4740E-02  0.000      0.000      0.000      0.000       0.000       0.000       0.000       0.000       0.000       0.000    
    82800.   12.52824589   12.5024   0.000       0.000     -0.2259E-04   0.000     0.4676E-02-0.4653E-02  0.000      0.000      0.000      0.000       0.000       0.000       0.000       0.000       0.000       0.000    
    86400.   12.54233509   12.5125   0.000       0.000     -0.2608E-04   0.000     0.4704E-02-0.4677E-02  0.000      0.000      0.000      0.000       0.000       0.000       0.000       0.000       0.000       0.000    
    90000.   12.62375578   12.5286   0.000       0.000     -0.8325E-04   0.000     0.6485E-02-0.6401E-02  0.000      0.000      0.000      0.000       0.000       0.000       0.000       0.000       0.000       0.000    
    93600.   12.81312841   12.5589   0.000       0.000     -0.2224E-03   0.000     0.1063E-01-0.1041E-01  0.000      0.000      0.000      0.000       0.000       0.000       0.000       0.000       0.000       0.000    
    97200.   12.74666663   12.5806   0.000       0.000     -0.1453E-03   0.000     0.7452E-02-0.7307E-02  0.000      0.000      0.000      0.000       0.000       0.000       0.000       0.000       0.000       0.000    
   100800.   12.59894054   12.5886   0.000       0.000     -0.9074E-05   0.000     0.3255E-02-0.3246E-02  0.000      0.000      0.000      0.000       0.000       0.000       0.000       0.000       0.000       0.000    
   104400.   12.52931673   12.5910   0.000       0.000      0.5396E-04   0.000     0.1961E-02-0.2015E-02  0.000      0.000      0.000      0.000       0.000       0.000       0.000       0.000       0.000       0.000    
   108000.   12.50736887   12.5919   0.000       0.000      0.7398E-04   0.000     0.1871E-02-0.1945E-02  0.000      0.000      0.000      0.000       0.000       0.000       0.000       0.000       0.000       0.000    
   111600.   12.47369673   12.5902   0.000       0.000      0.1020E-03   0.000     0.1262E-02-0.1364E-02  0.000      0.000      0.000      0.000       0.000       0.000       0.000       0.000       0.000       0.000    
   115200.   12.44621217   12.5866   0.000       0.000      0.1228E-03   0.000     0.8262E-03-0.9490E-03  0.000      0.000      0.000      0.000       0.000       0.000       0.000       0.000       0.000       0.000    
   118800.   12.42632719   12.5817   0.000       0.000      0.1360E-03   0.000     0.5840E-03-0.7200E-03  0.000      0.000      0.000      0.000       0.000       0.000       0.000       0.000       0.000       0.000    
   122400.   12.43497702   12.5781   0.000       0.000      0.1252E-03   0.000     0.1046E-02-0.1171E-02  0.000      0.000      0.000      0.000       0.000       0.000       0.000       0.000       0.000       0.000    
   126000.   12.41493449   12.5730   0.000       0.000      0.1383E-03   0.000     0.6172E-03-0.7555E-03  0.000      0.000      0.000      0.000       0.000       0.000       0.000       0.000       0.000       0.000    
   129600.   12.46580014   12.5726   0.000       0.000      0.9342E-04   0.000     0.2097E-02-0.2191E-02  0.000      0.000      0.000      0.000       0.000       0.000       0.000       0.000       0.000       0.000    
   133200.   12.44041847   12.5698   0.000       0.000      0.1132E-03   0.000     0.1270E-02-0.1384E-02  0.000      0.000      0.000      0.000       0.000       0.000       0.000       0.000       0.000       0.000    
   136800.   12.43114988   12.5666   0.000       0.000      0.1185E-03   0.000     0.1126E-02-0.1245E-02  0.000      0.000      0.000      0.000       0.000       0.000       0.000       0.000       0.000       0.000    
   140400.   12.40885529   12.5618   0.000       0.000      0.1338E-03   0.000     0.6733E-03-0.8071E-03  0.000      0.000      0.000      0.000       0.000       0.000       0.000       0.000       0.000       0.000    
   144000.   12.40439390   12.5570   0.000       0.000      0.1335E-03   0.000     0.7600E-03-0.8936E-03  0.000      0.000      0.000      0.000       0.000       0.000       0.000       0.000       0.000       0.000    
   147600.   12.40241908   12.5525   0.000       0.000      0.1313E-03   0.000     0.8530E-03-0.9843E-03  0.000      0.000      0.000      0.000       0.000       0.000       0.000       0.000       0.000       0.000    
   151200.   12.40134768   12.5481   0.000       0.000      0.1285E-03   0.000     0.9339E-03-0.1062E-02  0.000      0.000      0.000      0.000       0.000       0.000       0.000       0.000       0.000       0.000    
   154800.   12.40065048   12.5441   0.000       0.000      0.1255E-03   0.000     0.1007E-02-0.1132E-02  0.000      0.000      0.000      0.000       0.000       0.000       0.000       0.000       0.000       0.000    
   158400.   12.41373495   12.5414   0.000       0.000      0.1117E-03   0.000     0.1422E-02-0.1533E-02  0.000      0.000      0.000      0.000       0.000       0.000       0.000       0.000       0.000       0.000    
   162000.   12.47042275   12.5435   0.000       0.000      0.6393E-04   0.000     0.2861E-02-0.2925E-02  0.000      0.000      0.000      0.000       0.000       0.000       0.000       0.000       0.000       0.000    
   165600.   12.46784233   12.5449   0.000       0.000      0.6746E-04   0.000     0.2494E-02-0.2562E-02  0.000      0.000      0.000      0.000       0.000       0.000       0.000       0.000       0.000       0.000    
   169200.   12.42273214   12.5425   0.000       0.000      0.1048E-03   0.000     0.1236E-02-0.1341E-02  0.000      0.000      0.000      0.000       0.000       0.000       0.000       0.000       0.000       0.000    
   172800.   12.40888892   12.5393   0.000       0.000      0.1141E-03   0.000     0.1094E-02-0.1208E-02  0.000      0.000      0.000      0.000       0.000       0.000       0.000       0.000       0.000       0.000    
