TOTIM (T)      HCON          HMAT      QDIR      QWELL        QMAT       QCADS      QTUB1      QTUB2      QTUB3      QTUB4      QTUB5      QTUB6       NSTOR        QFIX        QLH     FHLQ (LQ)        CAUCHY   CAUCHY (LQ)
     3600.   12.36574478   12.4274   0.000       0.000      0.5395E-04   0.000     0.1868E-02-0.1922E-02  0.000      0.000      0.000      0.000       0.000       0.000       0.000       0.000       0.000       0.000    
     7200.   12.35219439   12.4263   0.000       0.000      0.6483E-04   0.000     0.1487E-02-0.1552E-02  0.000      0.000      0.000      0.000       0.000       0.000       0.000       0.000       0.000       0.000    
    10800.   12.34966362   12.4251   0.000       0.000      0.6601E-04   0.000     0.1497E-02-0.1563E-02  0.000      0.000      0.000      0.000       0.000       0.000       0.000       0.000       0.000       0.000    
    14400.   12.34850097   12.4239   0.000       0.000      0.6600E-04   0.000     0.1519E-02-0.1585E-02  0.000      0.000      0.000      0.000       0.000       0.000       0.000       0.000       0.000       0.000    
    18000.   12.34777305   12.4228   0.000       0.000      0.6563E-04   0.000     0.1538E-02-0.1604E-02  0.000      0.000      0.000      0.000       0.000       0.000       0.000       0.000       0.000       0.000    
    21600.   12.34723403   12.4217   0.000       0.000      0.6514E-04   0.000     0.1555E-02-0.1620E-02  0.000      0.000      0.000      0.000       0.000       0.000       0.000       0.000       0.000       0.000    
    25200.   12.34678113   12.4206   0.000       0.000      0.6461E-04   0.000     0.1570E-02-0.1635E-02  0.000      0.000      0.000      0.000       0.000       0.000       0.000       0.000       0.000       0.000    
    28800.   12.34639415   12.4196   0.000       0.000      0.6406E-04   0.000     0.1584E-02-0.1648E-02  0.000      0.000      0.000      0.000       0.000       0.000       0.000       0.000       0.000       0.000    
    32400.   12.34601584   12.4186   0.000       0.000      0.6353E-04   0.000     0.1597E-02-0.1661E-02  0.000      0.000      0.000      0.000       0.000       0.000       0.000       0.000       0.000       0.000    
    36000.   12.34564157   12.4177   0.000       0.000      0.6304E-04   0.000     0.1609E-02-0.1672E-02  0.000      0.000      0.000      0.000       0.000       0.000       0.000       0.000       0.000       0.000    
    39600.   12.34526980   12.4168   0.000       0.000      0.6257E-04   0.000     0.1621E-02-0.1683E-02  0.000      0.000      0.000      0.000       0.000       0.000       0.000       0.000       0.000       0.000    
    43200.   12.35848685   12.4170   0.000       0.000      0.5123E-04   0.000     0.2012E-02-0.2064E-02  0.000      0.000      0.000      0.000       0.000       0.000       0.000       0.000       0.000       0.000    
    46800.   12.36067039   12.4174   0.000       0.000      0.4963E-04   0.000     0.2012E-02-0.2062E-02  0.000      0.000      0.000      0.000       0.000       0.000       0.000       0.000       0.000       0.000    
    50400.   12.34788017   12.4166   0.000       0.000      0.6015E-04   0.000     0.1618E-02-0.1679E-02  0.000      0.000      0.000      0.000       0.000       0.000       0.000       0.000       0.000       0.000    
    54000.   12.35930314   12.4169   0.000       0.000      0.5042E-04   0.000     0.1999E-02-0.2049E-02  0.000      0.000      0.000      0.000       0.000       0.000       0.000       0.000       0.000       0.000    
    57600.   12.39495502   12.4201   0.000       0.000      0.2202E-04   0.000     0.2954E-02-0.2976E-02  0.000      0.000      0.000      0.000       0.000       0.000       0.000       0.000       0.000       0.000    
    61200.   12.50429921   12.4320   0.000       0.000     -0.6325E-04   0.000     0.5772E-02-0.5709E-02  0.000      0.000      0.000      0.000       0.000       0.000       0.000       0.000       0.000       0.000    
    64800.   12.49953722   12.4421   0.000       0.000     -0.5026E-04   0.000     0.4871E-02-0.4821E-02  0.000      0.000      0.000      0.000       0.000       0.000       0.000       0.000       0.000       0.000    
    68400.   12.49855181   12.4513   0.000       0.000     -0.4133E-04   0.000     0.4477E-02-0.4436E-02  0.000      0.000      0.000      0.000       0.000       0.000       0.000       0.000       0.000       0.000    
    72000.   12.46780454   12.4573   0.000       0.000     -0.9173E-05   0.000     0.3382E-02-0.3373E-02  0.000      0.000      0.000      0.000       0.000       0.000       0.000       0.000       0.000       0.000    
    75600.   12.43733438   12.4605   0.000       0.000      0.2030E-04   0.000     0.2524E-02-0.2544E-02  0.000      0.000      0.000      0.000       0.000       0.000       0.000       0.000       0.000       0.000    
    79200.   12.51412623   12.4701   0.000       0.000     -0.3853E-04   0.000     0.4771E-02-0.4732E-02  0.000      0.000      0.000      0.000       0.000       0.000       0.000       0.000       0.000       0.000    
    82800.   12.52824624   12.4798   0.000       0.000     -0.4236E-04   0.000     0.4699E-02-0.4656E-02  0.000      0.000      0.000      0.000       0.000       0.000       0.000       0.000       0.000       0.000    
    86400.   12.54233544   12.4899   0.000       0.000     -0.4585E-04   0.000     0.4737E-02-0.4691E-02  0.000      0.000      0.000      0.000       0.000       0.000       0.000       0.000       0.000       0.000    
    90000.   12.62375627   12.5060   0.000       0.000     -0.1030E-03   0.000     0.6689E-02-0.6586E-02  0.000      0.000      0.000      0.000       0.000       0.000       0.000       0.000       0.000       0.000    
    93600.   12.81313676   12.5363   0.000       0.000     -0.2422E-03   0.000     0.1126E-01-0.1102E-01  0.000      0.000      0.000      0.000       0.000       0.000       0.000       0.000       0.000       0.000    
    97200.   12.74667075   12.5580   0.000       0.000     -0.1651E-03   0.000     0.7843E-02-0.7678E-02  0.000      0.000      0.000      0.000       0.000       0.000       0.000       0.000       0.000       0.000    
   100800.   12.59894096   12.5660   0.000       0.000     -0.2880E-04   0.000     0.3237E-02-0.3208E-02  0.000      0.000      0.000      0.000       0.000       0.000       0.000       0.000       0.000       0.000    
   104400.   12.52931691   12.5685   0.000       0.000      0.3425E-04   0.000     0.1754E-02-0.1788E-02  0.000      0.000      0.000      0.000       0.000       0.000       0.000       0.000       0.000       0.000    
   108000.   12.50736903   12.5694   0.000       0.000      0.5429E-04   0.000     0.1604E-02-0.1658E-02  0.000      0.000      0.000      0.000       0.000       0.000       0.000       0.000       0.000       0.000    
   111600.   12.47369682   12.5677   0.000       0.000      0.8228E-04   0.000     0.9109E-03-0.9931E-03  0.000      0.000      0.000      0.000       0.000       0.000       0.000       0.000       0.000       0.000    
   115200.   12.44621222   12.5641   0.000       0.000      0.1032E-03   0.000     0.4124E-03-0.5156E-03  0.000      0.000      0.000      0.000       0.000       0.000       0.000       0.000       0.000       0.000    
   118800.   12.42632722   12.5593   0.000       0.000      0.1163E-03   0.000     0.1307E-03-0.2470E-03  0.000      0.000      0.000      0.000       0.000       0.000       0.000       0.000       0.000       0.000    
   122400.   12.43497709   12.5556   0.000       0.000      0.1056E-03   0.000     0.6250E-03-0.7306E-03  0.000      0.000      0.000      0.000       0.000       0.000       0.000       0.000       0.000       0.000    
   126000.   12.41493453   12.5506   0.000       0.000      0.1187E-03   0.000     0.1569E-03-0.2755E-03  0.000      0.000      0.000      0.000       0.000       0.000       0.000       0.000       0.000       0.000    
   129600.   12.46580029   12.5502   0.000       0.000      0.7383E-04   0.000     0.1772E-02-0.1845E-02  0.000      0.000      0.000      0.000       0.000       0.000       0.000       0.000       0.000       0.000    
   133200.   12.44041856   12.5475   0.000       0.000      0.9365E-04   0.000     0.8850E-03-0.9787E-03  0.000      0.000      0.000      0.000       0.000       0.000       0.000       0.000       0.000       0.000    
   136800.   12.43114996   12.5442   0.000       0.000      0.9894E-04   0.000     0.7253E-03-0.8243E-03  0.000      0.000      0.000      0.000       0.000       0.000       0.000       0.000       0.000       0.000    
   140400.   12.40885532   12.5394   0.000       0.000      0.1142E-03   0.000     0.2262E-03-0.3405E-03  0.000      0.000      0.000      0.000       0.000       0.000       0.000       0.000       0.000       0.000    
   144000.   12.40439394   12.5347   0.000       0.000      0.1140E-03   0.000     0.3137E-03-0.4277E-03  0.000      0.000      0.000      0.000       0.000       0.000       0.000       0.000       0.000       0.000    
   147600.   12.40241913   12.5301   0.000       0.000      0.1118E-03   0.000     0.4134E-03-0.5251E-03  0.000      0.000      0.000      0.000       0.000       0.000       0.000       0.000       0.000       0.000    
   151200.   12.40134774   12.5259   0.000       0.000      0.1089E-03   0.000     0.5027E-03-0.6117E-03  0.000      0.000      0.000      0.000       0.000       0.000       0.000       0.000       0.000       0.000    
   154800.   12.40065055   12.5218   0.000       0.000      0.1060E-03   0.000     0.5844E-03-0.6904E-03  0.000      0.000      0.000      0.000       0.000       0.000       0.000       0.000       0.000       0.000    
   158400.   12.41373504   12.5191   0.000       0.000      0.9219E-04   0.000     0.1041E-02-0.1133E-02  0.000      0.000      0.000      0.000       0.000       0.000       0.000       0.000       0.000       0.000    
   162000.   12.47042296   12.5212   0.000       0.000      0.4446E-04   0.000     0.2623E-02-0.2668E-02  0.000      0.000      0.000      0.000       0.000       0.000       0.000       0.000       0.000       0.000    
   165600.   12.46784251   12.5227   0.000       0.000      0.4799E-04   0.000     0.2246E-02-0.2294E-02  0.000      0.000      0.000      0.000       0.000       0.000       0.000       0.000       0.000       0.000    
   169200.   12.42273222   12.5202   0.000       0.000      0.8533E-04   0.000     0.8756E-03-0.9609E-03  0.000      0.000      0.000      0.000       0.000       0.000       0.000       0.000       0.000       0.000    
   172800.   12.40888900   12.5170   0.000       0.000      0.9462E-04   0.000     0.7059E-03-0.8005E-03  0.000      0.000      0.000      0.000       0.000       0.000       0.000       0.000       0.000       0.000    
