TOTIM (T)      HCON          HMAT      QDIR      QWELL        QMAT       QCADS      QTUB1      QTUB2      QTUB3      QTUB4      QTUB5      QTUB6       NSTOR        QFIX        QLH     FHLQ (LQ)        CAUCHY   CAUCHY (LQ)
     3600.   12.36574440   12.4403   0.000       0.000      0.6520E-04   0.000     0.2354E-02-0.2419E-02  0.000      0.000      0.000      0.000       0.000       0.000       0.000       0.000       0.000       0.000    
     7200.   12.35219407   12.4391   0.000       0.000      0.7608E-04   0.000     0.2049E-02-0.2125E-02  0.000      0.000      0.000      0.000       0.000       0.000       0.000       0.000       0.000       0.000    
    10800.   12.34966330   12.4380   0.000       0.000      0.7726E-04   0.000     0.2067E-02-0.2144E-02  0.000      0.000      0.000      0.000       0.000       0.000       0.000       0.000       0.000       0.000    
    14400.   12.34850065   12.4368   0.000       0.000      0.7725E-04   0.000     0.2089E-02-0.2166E-02  0.000      0.000      0.000      0.000       0.000       0.000       0.000       0.000       0.000       0.000    
    18000.   12.34777272   12.4356   0.000       0.000      0.7688E-04   0.000     0.2106E-02-0.2182E-02  0.000      0.000      0.000      0.000       0.000       0.000       0.000       0.000       0.000       0.000    
    21600.   12.34723370   12.4345   0.000       0.000      0.7639E-04   0.000     0.2119E-02-0.2195E-02  0.000      0.000      0.000      0.000       0.000       0.000       0.000       0.000       0.000       0.000    
    25200.   12.34678080   12.4335   0.000       0.000      0.7585E-04   0.000     0.2131E-02-0.2207E-02  0.000      0.000      0.000      0.000       0.000       0.000       0.000       0.000       0.000       0.000    
    28800.   12.34639382   12.4325   0.000       0.000      0.7530E-04   0.000     0.2141E-02-0.2216E-02  0.000      0.000      0.000      0.000       0.000       0.000       0.000       0.000       0.000       0.000    
    32400.   12.34601550   12.4315   0.000       0.000      0.7478E-04   0.000     0.2150E-02-0.2225E-02  0.000      0.000      0.000      0.000       0.000       0.000       0.000       0.000       0.000       0.000    
    36000.   12.34564123   12.4305   0.000       0.000      0.7429E-04   0.000     0.2159E-02-0.2233E-02  0.000      0.000      0.000      0.000       0.000       0.000       0.000       0.000       0.000       0.000    
    39600.   12.34526946   12.4296   0.000       0.000      0.7382E-04   0.000     0.2167E-02-0.2241E-02  0.000      0.000      0.000      0.000       0.000       0.000       0.000       0.000       0.000       0.000    
    43200.   12.35848645   12.4299   0.000       0.000      0.6248E-04   0.000     0.2479E-02-0.2542E-02  0.000      0.000      0.000      0.000       0.000       0.000       0.000       0.000       0.000       0.000    
    46800.   12.36066999   12.4302   0.000       0.000      0.6088E-04   0.000     0.2468E-02-0.2529E-02  0.000      0.000      0.000      0.000       0.000       0.000       0.000       0.000       0.000       0.000    
    50400.   12.34787983   12.4295   0.000       0.000      0.7140E-04   0.000     0.2148E-02-0.2219E-02  0.000      0.000      0.000      0.000       0.000       0.000       0.000       0.000       0.000       0.000    
    54000.   12.35930274   12.4298   0.000       0.000      0.6167E-04   0.000     0.2460E-02-0.2522E-02  0.000      0.000      0.000      0.000       0.000       0.000       0.000       0.000       0.000       0.000    
    57600.   12.39495448   12.4330   0.000       0.000      0.3327E-04   0.000     0.3216E-02-0.3250E-02  0.000      0.000      0.000      0.000       0.000       0.000       0.000       0.000       0.000       0.000    
    61200.   12.50429824   12.4449   0.000       0.000     -0.5200E-04   0.000     0.5437E-02-0.5385E-02  0.000      0.000      0.000      0.000       0.000       0.000       0.000       0.000       0.000       0.000    
    64800.   12.49953639   12.4550   0.000       0.000     -0.3901E-04   0.000     0.4628E-02-0.4589E-02  0.000      0.000      0.000      0.000       0.000       0.000       0.000       0.000       0.000       0.000    
    68400.   12.49855105   12.4642   0.000       0.000     -0.3008E-04   0.000     0.4296E-02-0.4266E-02  0.000      0.000      0.000      0.000       0.000       0.000       0.000       0.000       0.000       0.000    
    72000.   12.46780394   12.4702   0.000       0.000      0.2073E-05   0.000     0.3426E-02-0.3428E-02  0.000      0.000      0.000      0.000       0.000       0.000       0.000       0.000       0.000       0.000    
    75600.   12.43733391   12.4734   0.000       0.000      0.3154E-04   0.000     0.2774E-02-0.2806E-02  0.000      0.000      0.000      0.000       0.000       0.000       0.000       0.000       0.000       0.000    
    79200.   12.51412541   12.4829   0.000       0.000     -0.2728E-04   0.000     0.4609E-02-0.4582E-02  0.000      0.000      0.000      0.000       0.000       0.000       0.000       0.000       0.000       0.000    
    82800.   12.52824544   12.4927   0.000       0.000     -0.3112E-04   0.000     0.4510E-02-0.4479E-02  0.000      0.000      0.000      0.000       0.000       0.000       0.000       0.000       0.000       0.000    
    86400.   12.54233463   12.5028   0.000       0.000     -0.3461E-04   0.000     0.4524E-02-0.4489E-02  0.000      0.000      0.000      0.000       0.000       0.000       0.000       0.000       0.000       0.000    
    90000.   12.62375516   12.5189   0.000       0.000     -0.9177E-04   0.000     0.6076E-02-0.5985E-02  0.000      0.000      0.000      0.000       0.000       0.000       0.000       0.000       0.000       0.000    
    93600.   12.81311880   12.5492   0.000       0.000     -0.2309E-03   0.000     0.9670E-02-0.9439E-02  0.000      0.000      0.000      0.000       0.000       0.000       0.000       0.000       0.000       0.000    
    97200.   12.74666184   12.5708   0.000       0.000     -0.1538E-03   0.000     0.6796E-02-0.6642E-02  0.000      0.000      0.000      0.000       0.000       0.000       0.000       0.000       0.000       0.000    
   100800.   12.59894023   12.5789   0.000       0.000     -0.1757E-04   0.000     0.3143E-02-0.3126E-02  0.000      0.000      0.000      0.000       0.000       0.000       0.000       0.000       0.000       0.000    
   104400.   12.52931653   12.5813   0.000       0.000      0.4547E-04   0.000     0.2102E-02-0.2147E-02  0.000      0.000      0.000      0.000       0.000       0.000       0.000       0.000       0.000       0.000    
   108000.   12.50736867   12.5822   0.000       0.000      0.6551E-04   0.000     0.2092E-02-0.2157E-02  0.000      0.000      0.000      0.000       0.000       0.000       0.000       0.000       0.000       0.000    
   111600.   12.47369659   12.5805   0.000       0.000      0.9350E-04   0.000     0.1595E-02-0.1688E-02  0.000      0.000      0.000      0.000       0.000       0.000       0.000       0.000       0.000       0.000    
   115200.   12.44621206   12.5769   0.000       0.000      0.1144E-03   0.000     0.1242E-02-0.1357E-02  0.000      0.000      0.000      0.000       0.000       0.000       0.000       0.000       0.000       0.000    
   118800.   12.42632710   12.5721   0.000       0.000      0.1275E-03   0.000     0.1053E-02-0.1180E-02  0.000      0.000      0.000      0.000       0.000       0.000       0.000       0.000       0.000       0.000    
   122400.   12.43497689   12.5685   0.000       0.000      0.1168E-03   0.000     0.1472E-02-0.1589E-02  0.000      0.000      0.000      0.000       0.000       0.000       0.000       0.000       0.000       0.000    
   126000.   12.41493440   12.5634   0.000       0.000      0.1299E-03   0.000     0.1095E-02-0.1225E-02  0.000      0.000      0.000      0.000       0.000       0.000       0.000       0.000       0.000       0.000    
   129600.   12.46579991   12.5630   0.000       0.000      0.8504E-04   0.000     0.2396E-02-0.2481E-02  0.000      0.000      0.000      0.000       0.000       0.000       0.000       0.000       0.000       0.000    
   133200.   12.44041832   12.5603   0.000       0.000      0.1049E-03   0.000     0.1648E-02-0.1753E-02  0.000      0.000      0.000      0.000       0.000       0.000       0.000       0.000       0.000       0.000    
   136800.   12.43114975   12.5570   0.000       0.000      0.1102E-03   0.000     0.1526E-02-0.1636E-02  0.000      0.000      0.000      0.000       0.000       0.000       0.000       0.000       0.000       0.000    
   140400.   12.40885519   12.5522   0.000       0.000      0.1255E-03   0.000     0.1134E-02-0.1259E-02  0.000      0.000      0.000      0.000       0.000       0.000       0.000       0.000       0.000       0.000    
   144000.   12.40439379   12.5475   0.000       0.000      0.1252E-03   0.000     0.1219E-02-0.1345E-02  0.000      0.000      0.000      0.000       0.000       0.000       0.000       0.000       0.000       0.000    
   147600.   12.40241897   12.5430   0.000       0.000      0.1230E-03   0.000     0.1303E-02-0.1426E-02  0.000      0.000      0.000      0.000       0.000       0.000       0.000       0.000       0.000       0.000    
   151200.   12.40134756   12.5387   0.000       0.000      0.1202E-03   0.000     0.1373E-02-0.1493E-02  0.000      0.000      0.000      0.000       0.000       0.000       0.000       0.000       0.000       0.000    
   154800.   12.40065036   12.5346   0.000       0.000      0.1172E-03   0.000     0.1434E-02-0.1551E-02  0.000      0.000      0.000      0.000       0.000       0.000       0.000       0.000       0.000       0.000    
   158400.   12.41373478   12.5319   0.000       0.000      0.1034E-03   0.000     0.1794E-02-0.1897E-02  0.000      0.000      0.000      0.000       0.000       0.000       0.000       0.000       0.000       0.000    
   162000.   12.47042245   12.5341   0.000       0.000      0.5568E-04   0.000     0.3042E-02-0.3097E-02  0.000      0.000      0.000      0.000       0.000       0.000       0.000       0.000       0.000       0.000    
   165600.   12.46784207   12.5355   0.000       0.000      0.5921E-04   0.000     0.2689E-02-0.2748E-02  0.000      0.000      0.000      0.000       0.000       0.000       0.000       0.000       0.000       0.000    
   169200.   12.42273200   12.5331   0.000       0.000      0.9655E-04   0.000     0.1580E-02-0.1677E-02  0.000      0.000      0.000      0.000       0.000       0.000       0.000       0.000       0.000       0.000    
   172800.   12.40888879   12.5298   0.000       0.000      0.1058E-03   0.000     0.1476E-02-0.1581E-02  0.000      0.000      0.000      0.000       0.000       0.000       0.000       0.000       0.000       0.000    
