TOTIM (T)      HCON          HMAT      QDIR      QWELL        QMAT       QCADS      QTUB1      QTUB2      QTUB3      QTUB4      QTUB5      QTUB6       NSTOR        QFIX        QLH     FHLQ (LQ)        CAUCHY   CAUCHY (LQ)
     3600.   12.36574502   12.4519   0.000       0.000      0.7540E-04   0.000     0.1218E-02-0.1294E-02  0.000      0.000      0.000      0.000       0.000       0.000       0.000       0.000       0.000       0.000    
     7200.   12.35219457   12.4508   0.000       0.000      0.8628E-04   0.000     0.7714E-03-0.8577E-03  0.000      0.000      0.000      0.000       0.000       0.000       0.000       0.000       0.000       0.000    
    10800.   12.34966380   12.4496   0.000       0.000      0.8745E-04   0.000     0.7742E-03-0.8617E-03  0.000      0.000      0.000      0.000       0.000       0.000       0.000       0.000       0.000       0.000    
    14400.   12.34850115   12.4484   0.000       0.000      0.8744E-04   0.000     0.7964E-03-0.8839E-03  0.000      0.000      0.000      0.000       0.000       0.000       0.000       0.000       0.000       0.000    
    18000.   12.34777323   12.4473   0.000       0.000      0.8708E-04   0.000     0.8179E-03-0.9049E-03  0.000      0.000      0.000      0.000       0.000       0.000       0.000       0.000       0.000       0.000    
    21600.   12.34723422   12.4462   0.000       0.000      0.8659E-04   0.000     0.8377E-03-0.9243E-03  0.000      0.000      0.000      0.000       0.000       0.000       0.000       0.000       0.000       0.000    
    25200.   12.34678132   12.4451   0.000       0.000      0.8605E-04   0.000     0.8562E-03-0.9423E-03  0.000      0.000      0.000      0.000       0.000       0.000       0.000       0.000       0.000       0.000    
    28800.   12.34639435   12.4441   0.000       0.000      0.8550E-04   0.000     0.8734E-03-0.9589E-03  0.000      0.000      0.000      0.000       0.000       0.000       0.000       0.000       0.000       0.000    
    32400.   12.34601603   12.4431   0.000       0.000      0.8498E-04   0.000     0.8895E-03-0.9745E-03  0.000      0.000      0.000      0.000       0.000       0.000       0.000       0.000       0.000       0.000    
    36000.   12.34564177   12.4422   0.000       0.000      0.8449E-04   0.000     0.9046E-03-0.9891E-03  0.000      0.000      0.000      0.000       0.000       0.000       0.000       0.000       0.000       0.000    
    39600.   12.34527000   12.4413   0.000       0.000      0.8402E-04   0.000     0.9188E-03-0.1003E-02  0.000      0.000      0.000      0.000       0.000       0.000       0.000       0.000       0.000       0.000    
    43200.   12.35848711   12.4415   0.000       0.000      0.7268E-04   0.000     0.1379E-02-0.1451E-02  0.000      0.000      0.000      0.000       0.000       0.000       0.000       0.000       0.000       0.000    
    46800.   12.36067065   12.4419   0.000       0.000      0.7108E-04   0.000     0.1388E-02-0.1459E-02  0.000      0.000      0.000      0.000       0.000       0.000       0.000       0.000       0.000       0.000    
    50400.   12.34788037   12.4412   0.000       0.000      0.8161E-04   0.000     0.9312E-03-0.1013E-02  0.000      0.000      0.000      0.000       0.000       0.000       0.000       0.000       0.000       0.000    
    54000.   12.35930340   12.4415   0.000       0.000      0.7188E-04   0.000     0.1370E-02-0.1442E-02  0.000      0.000      0.000      0.000       0.000       0.000       0.000       0.000       0.000       0.000    
    57600.   12.39495544   12.4447   0.000       0.000      0.4349E-04   0.000     0.2495E-02-0.2539E-02  0.000      0.000      0.000      0.000       0.000       0.000       0.000       0.000       0.000       0.000    
    61200.   12.50430007   12.4566   0.000       0.000     -0.4178E-04   0.000     0.5825E-02-0.5783E-02  0.000      0.000      0.000      0.000       0.000       0.000       0.000       0.000       0.000       0.000    
    64800.   12.49953794   12.4666   0.000       0.000     -0.2878E-04   0.000     0.4847E-02-0.4818E-02  0.000      0.000      0.000      0.000       0.000       0.000       0.000       0.000       0.000       0.000    
    68400.   12.49855247   12.4759   0.000       0.000     -0.1985E-04   0.000     0.4399E-02-0.4379E-02  0.000      0.000      0.000      0.000       0.000       0.000       0.000       0.000       0.000       0.000    
    72000.   12.46780503   12.4819   0.000       0.000      0.1231E-04   0.000     0.3111E-02-0.3123E-02  0.000      0.000      0.000      0.000       0.000       0.000       0.000       0.000       0.000       0.000    
    75600.   12.43733473   12.4851   0.000       0.000      0.4179E-04   0.000     0.2076E-02-0.2118E-02  0.000      0.000      0.000      0.000       0.000       0.000       0.000       0.000       0.000       0.000    
    79200.   12.51412693   12.4947   0.000       0.000     -0.1703E-04   0.000     0.4675E-02-0.4658E-02  0.000      0.000      0.000      0.000       0.000       0.000       0.000       0.000       0.000       0.000    
    82800.   12.52824693   12.5044   0.000       0.000     -0.2086E-04   0.000     0.4626E-02-0.4606E-02  0.000      0.000      0.000      0.000       0.000       0.000       0.000       0.000       0.000       0.000    
    86400.   12.54233614   12.5145   0.000       0.000     -0.2435E-04   0.000     0.4685E-02-0.4661E-02  0.000      0.000      0.000      0.000       0.000       0.000       0.000       0.000       0.000       0.000    
    90000.   12.62375728   12.5306   0.000       0.000     -0.8151E-04   0.000     0.6981E-02-0.6899E-02  0.000      0.000      0.000      0.000       0.000       0.000       0.000       0.000       0.000       0.000    
    93600.   12.81315636   12.5609   0.000       0.000     -0.2207E-03   0.000     0.1238E-01-0.1216E-01  0.000      0.000      0.000      0.000       0.000       0.000       0.000       0.000       0.000       0.000    
    97200.   12.74668025   12.5826   0.000       0.000     -0.1436E-03   0.000     0.8507E-02-0.8364E-02  0.000      0.000      0.000      0.000       0.000       0.000       0.000       0.000       0.000       0.000    
   100800.   12.59894248   12.5906   0.000       0.000     -0.7310E-05   0.000     0.3083E-02-0.3076E-02  0.000      0.000      0.000      0.000       0.000       0.000       0.000       0.000       0.000       0.000    
   104400.   12.52931721   12.5930   0.000       0.000      0.5573E-04   0.000     0.1222E-02-0.1278E-02  0.000      0.000      0.000      0.000       0.000       0.000       0.000       0.000       0.000       0.000    
   108000.   12.50736929   12.5939   0.000       0.000      0.7575E-04   0.000     0.9512E-03-0.1027E-02  0.000      0.000      0.000      0.000       0.000       0.000       0.000       0.000       0.000       0.000    
   111600.   12.47369690   12.5922   0.000       0.000      0.1037E-03   0.000     0.9050E-04-0.1942E-03  0.000      0.000      0.000      0.000       0.000       0.000       0.000       0.000       0.000       0.000    
   115200.   12.44621222   12.5886   0.000       0.000      0.1246E-03   0.000    -0.5333E-03 0.4087E-03  0.000      0.000      0.000      0.000       0.000       0.000       0.000       0.000       0.000       0.000    
   118800.   12.42632718   12.5837   0.000       0.000      0.1377E-03   0.000    -0.8940E-03 0.7563E-03  0.000      0.000      0.000      0.000       0.000       0.000       0.000       0.000       0.000       0.000    
   122400.   12.43497712   12.5800   0.000       0.000      0.1269E-03   0.000    -0.3352E-03 0.2083E-03  0.000      0.000      0.000      0.000       0.000       0.000       0.000       0.000       0.000       0.000    
   126000.   12.41493449   12.5749   0.000       0.000      0.1400E-03   0.000    -0.8820E-03 0.7420E-03  0.000      0.000      0.000      0.000       0.000       0.000       0.000       0.000       0.000       0.000    
   129600.   12.46580051   12.5744   0.000       0.000      0.9505E-04   0.000     0.1002E-02-0.1097E-02  0.000      0.000      0.000      0.000       0.000       0.000       0.000       0.000       0.000       0.000    
   133200.   12.44041863   12.5716   0.000       0.000      0.1148E-03   0.000    -0.3683E-05-0.1111E-03  0.000      0.000      0.000      0.000       0.000       0.000       0.000       0.000       0.000       0.000    
   136800.   12.43115001   12.5683   0.000       0.000      0.1200E-03   0.000    -0.1951E-03 0.7507E-04  0.000      0.000      0.000      0.000       0.000       0.000       0.000       0.000       0.000       0.000    
   140400.   12.40885530   12.5635   0.000       0.000      0.1353E-03   0.000    -0.7860E-03 0.6507E-03  0.000      0.000      0.000      0.000       0.000       0.000       0.000       0.000       0.000       0.000    
   144000.   12.40439393   12.5586   0.000       0.000      0.1350E-03   0.000    -0.6971E-03 0.5621E-03  0.000      0.000      0.000      0.000       0.000       0.000       0.000       0.000       0.000       0.000    
   147600.   12.40241913   12.5540   0.000       0.000      0.1327E-03   0.000    -0.5839E-03 0.4513E-03  0.000      0.000      0.000      0.000       0.000       0.000       0.000       0.000       0.000       0.000    
   151200.   12.40134775   12.5496   0.000       0.000      0.1298E-03   0.000    -0.4776E-03 0.3479E-03  0.000      0.000      0.000      0.000       0.000       0.000       0.000       0.000       0.000       0.000    
   154800.   12.40065058   12.5455   0.000       0.000      0.1267E-03   0.000    -0.3783E-03 0.2515E-03  0.000      0.000      0.000      0.000       0.000       0.000       0.000       0.000       0.000       0.000    
   158400.   12.41373515   12.5427   0.000       0.000      0.1129E-03   0.000     0.1610E-03-0.2739E-03  0.000      0.000      0.000      0.000       0.000       0.000       0.000       0.000       0.000       0.000    
   162000.   12.47042331   12.5447   0.000       0.000      0.6504E-04   0.000     0.2030E-02-0.2095E-02  0.000      0.000      0.000      0.000       0.000       0.000       0.000       0.000       0.000       0.000    
   165600.   12.46784281   12.5461   0.000       0.000      0.6849E-04   0.000     0.1631E-02-0.1700E-02  0.000      0.000      0.000      0.000       0.000       0.000       0.000       0.000       0.000       0.000    
   169200.   12.42273230   12.5436   0.000       0.000      0.1057E-03   0.000     0.3716E-04-0.1429E-03  0.000      0.000      0.000      0.000       0.000       0.000       0.000       0.000       0.000       0.000    
   172800.   12.40888905   12.5403   0.000       0.000      0.1150E-03   0.000    -0.1882E-03 0.7327E-04  0.000      0.000      0.000      0.000       0.000       0.000       0.000       0.000       0.000       0.000    
