TOTIM (T)      HCON          HMAT      QDIR      QWELL        QMAT       QCADS      QTUB1      QTUB2      QTUB3      QTUB4      QTUB5      QTUB6       NSTOR        QFIX        QLH     FHLQ (LQ)        CAUCHY   CAUCHY (LQ)
     3600.   12.36574514   12.4634   0.000       0.000      0.8544E-04   0.000     0.1297E-02-0.1382E-02  0.000      0.000      0.000      0.000       0.000       0.000       0.000       0.000       0.000       0.000    
     7200.   12.35219470   12.4623   0.000       0.000      0.9632E-04   0.000     0.9115E-03-0.1008E-02  0.000      0.000      0.000      0.000       0.000       0.000       0.000       0.000       0.000       0.000    
    10800.   12.34966394   12.4611   0.000       0.000      0.9750E-04   0.000     0.9163E-03-0.1014E-02  0.000      0.000      0.000      0.000       0.000       0.000       0.000       0.000       0.000       0.000    
    14400.   12.34850129   12.4599   0.000       0.000      0.9749E-04   0.000     0.9371E-03-0.1035E-02  0.000      0.000      0.000      0.000       0.000       0.000       0.000       0.000       0.000       0.000    
    18000.   12.34777337   12.4588   0.000       0.000      0.9713E-04   0.000     0.9560E-03-0.1053E-02  0.000      0.000      0.000      0.000       0.000       0.000       0.000       0.000       0.000       0.000    
    21600.   12.34723435   12.4577   0.000       0.000      0.9663E-04   0.000     0.9731E-03-0.1070E-02  0.000      0.000      0.000      0.000       0.000       0.000       0.000       0.000       0.000       0.000    
    25200.   12.34678146   12.4566   0.000       0.000      0.9610E-04   0.000     0.9888E-03-0.1085E-02  0.000      0.000      0.000      0.000       0.000       0.000       0.000       0.000       0.000       0.000    
    28800.   12.34639448   12.4556   0.000       0.000      0.9555E-04   0.000     0.1003E-02-0.1099E-02  0.000      0.000      0.000      0.000       0.000       0.000       0.000       0.000       0.000       0.000    
    32400.   12.34601616   12.4546   0.000       0.000      0.9502E-04   0.000     0.1017E-02-0.1112E-02  0.000      0.000      0.000      0.000       0.000       0.000       0.000       0.000       0.000       0.000    
    36000.   12.34564190   12.4537   0.000       0.000      0.9453E-04   0.000     0.1029E-02-0.1124E-02  0.000      0.000      0.000      0.000       0.000       0.000       0.000       0.000       0.000       0.000    
    39600.   12.34527013   12.4528   0.000       0.000      0.9407E-04   0.000     0.1041E-02-0.1135E-02  0.000      0.000      0.000      0.000       0.000       0.000       0.000       0.000       0.000       0.000    
    43200.   12.35848723   12.4530   0.000       0.000      0.8272E-04   0.000     0.1437E-02-0.1519E-02  0.000      0.000      0.000      0.000       0.000       0.000       0.000       0.000       0.000       0.000    
    46800.   12.36067077   12.4534   0.000       0.000      0.8112E-04   0.000     0.1442E-02-0.1523E-02  0.000      0.000      0.000      0.000       0.000       0.000       0.000       0.000       0.000       0.000    
    50400.   12.34788049   12.4526   0.000       0.000      0.9165E-04   0.000     0.1046E-02-0.1138E-02  0.000      0.000      0.000      0.000       0.000       0.000       0.000       0.000       0.000       0.000    
    54000.   12.35930352   12.4529   0.000       0.000      0.8192E-04   0.000     0.1426E-02-0.1508E-02  0.000      0.000      0.000      0.000       0.000       0.000       0.000       0.000       0.000       0.000    
    57600.   12.39495553   12.4561   0.000       0.000      0.5352E-04   0.000     0.2394E-02-0.2447E-02  0.000      0.000      0.000      0.000       0.000       0.000       0.000       0.000       0.000       0.000    
    61200.   12.50430009   12.4680   0.000       0.000     -0.3175E-04   0.000     0.5254E-02-0.5222E-02  0.000      0.000      0.000      0.000       0.000       0.000       0.000       0.000       0.000       0.000    
    64800.   12.49953793   12.4781   0.000       0.000     -0.1876E-04   0.000     0.4388E-02-0.4369E-02  0.000      0.000      0.000      0.000       0.000       0.000       0.000       0.000       0.000       0.000    
    68400.   12.49855246   12.4873   0.000       0.000     -0.9832E-05   0.000     0.3994E-02-0.3984E-02  0.000      0.000      0.000      0.000       0.000       0.000       0.000       0.000       0.000       0.000    
    72000.   12.46780505   12.4933   0.000       0.000      0.2232E-04   0.000     0.2885E-02-0.2907E-02  0.000      0.000      0.000      0.000       0.000       0.000       0.000       0.000       0.000       0.000    
    75600.   12.43733478   12.4965   0.000       0.000      0.5179E-04   0.000     0.2003E-02-0.2054E-02  0.000      0.000      0.000      0.000       0.000       0.000       0.000       0.000       0.000       0.000    
    79200.   12.51412696   12.5061   0.000       0.000     -0.7036E-05   0.000     0.4253E-02-0.4246E-02  0.000      0.000      0.000      0.000       0.000       0.000       0.000       0.000       0.000       0.000    
    82800.   12.52824694   12.5158   0.000       0.000     -0.1088E-04   0.000     0.4204E-02-0.4194E-02  0.000      0.000      0.000      0.000       0.000       0.000       0.000       0.000       0.000       0.000    
    86400.   12.54233614   12.5259   0.000       0.000     -0.1436E-04   0.000     0.4250E-02-0.4235E-02  0.000      0.000      0.000      0.000       0.000       0.000       0.000       0.000       0.000       0.000    
    90000.   12.62375723   12.5420   0.000       0.000     -0.7153E-04   0.000     0.6225E-02-0.6153E-02  0.000      0.000      0.000      0.000       0.000       0.000       0.000       0.000       0.000       0.000    
    93600.   12.81313953   12.5723   0.000       0.000     -0.2107E-03   0.000     0.1087E-01-0.1065E-01  0.000      0.000      0.000      0.000       0.000       0.000       0.000       0.000       0.000       0.000    
    97200.   12.74667196   12.5940   0.000       0.000     -0.1336E-03   0.000     0.7491E-02-0.7357E-02  0.000      0.000      0.000      0.000       0.000       0.000       0.000       0.000       0.000       0.000    
   100800.   12.59894222   12.6020   0.000       0.000      0.2647E-05   0.000     0.2819E-02-0.2822E-02  0.000      0.000      0.000      0.000       0.000       0.000       0.000       0.000       0.000       0.000    
   104400.   12.52931727   12.6044   0.000       0.000      0.6568E-04   0.000     0.1255E-02-0.1320E-02  0.000      0.000      0.000      0.000       0.000       0.000       0.000       0.000       0.000       0.000    
   108000.   12.50736943   12.6053   0.000       0.000      0.8571E-04   0.000     0.1058E-02-0.1144E-02  0.000      0.000      0.000      0.000       0.000       0.000       0.000       0.000       0.000       0.000    
   111600.   12.47369705   12.6036   0.000       0.000      0.1137E-03   0.000     0.3389E-03-0.4526E-03  0.000      0.000      0.000      0.000       0.000       0.000       0.000       0.000       0.000       0.000    
   115200.   12.44621241   12.6000   0.000       0.000      0.1346E-03   0.000    -0.1825E-03 0.4798E-04  0.000      0.000      0.000      0.000       0.000       0.000       0.000       0.000       0.000       0.000    
   118800.   12.42632739   12.5951   0.000       0.000      0.1477E-03   0.000    -0.4807E-03 0.3330E-03  0.000      0.000      0.000      0.000       0.000       0.000       0.000       0.000       0.000       0.000    
   122400.   12.43497734   12.5915   0.000       0.000      0.1369E-03   0.000     0.9414E-05-0.1464E-03  0.000      0.000      0.000      0.000       0.000       0.000       0.000       0.000       0.000       0.000    
   126000.   12.41493471   12.5864   0.000       0.000      0.1500E-03   0.000    -0.4597E-03 0.3096E-03  0.000      0.000      0.000      0.000       0.000       0.000       0.000       0.000       0.000       0.000    
   129600.   12.46580070   12.5860   0.000       0.000      0.1052E-03   0.000     0.1166E-02-0.1271E-02  0.000      0.000      0.000      0.000       0.000       0.000       0.000       0.000       0.000       0.000    
   133200.   12.44041883   12.5832   0.000       0.000      0.1250E-03   0.000     0.2918E-03-0.4168E-03  0.000      0.000      0.000      0.000       0.000       0.000       0.000       0.000       0.000       0.000    
   136800.   12.43115021   12.5800   0.000       0.000      0.1302E-03   0.000     0.1263E-03-0.2566E-03  0.000      0.000      0.000      0.000       0.000       0.000       0.000       0.000       0.000       0.000    
   140400.   12.40885551   12.5752   0.000       0.000      0.1455E-03   0.000    -0.3800E-03 0.2344E-03  0.000      0.000      0.000      0.000       0.000       0.000       0.000       0.000       0.000       0.000    
   144000.   12.40439415   12.5704   0.000       0.000      0.1453E-03   0.000    -0.2988E-03 0.1535E-03  0.000      0.000      0.000      0.000       0.000       0.000       0.000       0.000       0.000       0.000    
   147600.   12.40241936   12.5659   0.000       0.000      0.1430E-03   0.000    -0.1990E-03 0.5598E-04  0.000      0.000      0.000      0.000       0.000       0.000       0.000       0.000       0.000       0.000    
   151200.   12.40134797   12.5616   0.000       0.000      0.1402E-03   0.000    -0.1074E-03-0.3279E-04  0.000      0.000      0.000      0.000       0.000       0.000       0.000       0.000       0.000       0.000    
   154800.   12.40065079   12.5575   0.000       0.000      0.1373E-03   0.000    -0.2275E-04-0.1145E-03  0.000      0.000      0.000      0.000       0.000       0.000       0.000       0.000       0.000       0.000    
   158400.   12.41373535   12.5548   0.000       0.000      0.1234E-03   0.000     0.4404E-03-0.5638E-03  0.000      0.000      0.000      0.000       0.000       0.000       0.000       0.000       0.000       0.000    
   162000.   12.47042347   12.5569   0.000       0.000      0.7569E-04   0.000     0.2046E-02-0.2121E-02  0.000      0.000      0.000      0.000       0.000       0.000       0.000       0.000       0.000       0.000    
   165600.   12.46784295   12.5584   0.000       0.000      0.7922E-04   0.000     0.1690E-02-0.1769E-02  0.000      0.000      0.000      0.000       0.000       0.000       0.000       0.000       0.000       0.000    
   169200.   12.42273247   12.5559   0.000       0.000      0.1165E-03   0.000     0.3104E-03-0.4270E-03  0.000      0.000      0.000      0.000       0.000       0.000       0.000       0.000       0.000       0.000    
   172800.   12.40888923   12.5527   0.000       0.000      0.1258E-03   0.000     0.1230E-03-0.2489E-03  0.000      0.000      0.000      0.000       0.000       0.000       0.000       0.000       0.000       0.000    
