TOTIM (T)      HCON          HMAT      QDIR      QWELL        QMAT       QCADS      QTUB1      QTUB2      QTUB3      QTUB4      QTUB5      QTUB6       NSTOR        QFIX        QLH     FHLQ (LQ)        CAUCHY   CAUCHY (LQ)
     3600.   12.36574465   12.4910   0.000       0.000      0.1096E-03   0.000    -0.1286E-02 0.1177E-02  0.000      0.000      0.000      0.000       0.000       0.000       0.000       0.000       0.000       0.000    
     7200.   12.35219422   12.4899   0.000       0.000      0.1205E-03   0.000    -0.8322E-03 0.7117E-03  0.000      0.000      0.000      0.000       0.000       0.000       0.000       0.000       0.000       0.000    
    10800.   12.34966346   12.4887   0.000       0.000      0.1217E-03   0.000    -0.8495E-03 0.7278E-03  0.000      0.000      0.000      0.000       0.000       0.000       0.000       0.000       0.000       0.000    
    14400.   12.34850080   12.4876   0.000       0.000      0.1217E-03   0.000    -0.8726E-03 0.7510E-03  0.000      0.000      0.000      0.000       0.000       0.000       0.000       0.000       0.000       0.000    
    18000.   12.34777288   12.4864   0.000       0.000      0.1213E-03   0.000    -0.8935E-03 0.7722E-03  0.000      0.000      0.000      0.000       0.000       0.000       0.000       0.000       0.000       0.000    
    21600.   12.34723386   12.4853   0.000       0.000      0.1208E-03   0.000    -0.9125E-03 0.7917E-03  0.000      0.000      0.000      0.000       0.000       0.000       0.000       0.000       0.000       0.000    
    25200.   12.34678097   12.4842   0.000       0.000      0.1203E-03   0.000    -0.9300E-03 0.8097E-03  0.000      0.000      0.000      0.000       0.000       0.000       0.000       0.000       0.000       0.000    
    28800.   12.34639399   12.4832   0.000       0.000      0.1197E-03   0.000    -0.9460E-03 0.8262E-03  0.000      0.000      0.000      0.000       0.000       0.000       0.000       0.000       0.000       0.000    
    32400.   12.34601567   12.4823   0.000       0.000      0.1192E-03   0.000    -0.9609E-03 0.8417E-03  0.000      0.000      0.000      0.000       0.000       0.000       0.000       0.000       0.000       0.000    
    36000.   12.34564141   12.4813   0.000       0.000      0.1187E-03   0.000    -0.9748E-03 0.8561E-03  0.000      0.000      0.000      0.000       0.000       0.000       0.000       0.000       0.000       0.000    
    39600.   12.34526964   12.4804   0.000       0.000      0.1183E-03   0.000    -0.9877E-03 0.8694E-03  0.000      0.000      0.000      0.000       0.000       0.000       0.000       0.000       0.000       0.000    
    43200.   12.35848674   12.4807   0.000       0.000      0.1069E-03   0.000    -0.1454E-02 0.1347E-02  0.000      0.000      0.000      0.000       0.000       0.000       0.000       0.000       0.000       0.000    
    46800.   12.36067028   12.4810   0.000       0.000      0.1053E-03   0.000    -0.1448E-02 0.1342E-02  0.000      0.000      0.000      0.000       0.000       0.000       0.000       0.000       0.000       0.000    
    50400.   12.34788001   12.4803   0.000       0.000      0.1158E-03   0.000    -0.9810E-03 0.8651E-03  0.000      0.000      0.000      0.000       0.000       0.000       0.000       0.000       0.000       0.000    
    54000.   12.35930303   12.4806   0.000       0.000      0.1061E-03   0.000    -0.1441E-02 0.1335E-02  0.000      0.000      0.000      0.000       0.000       0.000       0.000       0.000       0.000       0.000    
    57600.   12.39495503   12.4838   0.000       0.000      0.7773E-04   0.000    -0.2571E-02 0.2494E-02  0.000      0.000      0.000      0.000       0.000       0.000       0.000       0.000       0.000       0.000    
    61200.   12.50428831   12.4957   0.000       0.000     -0.7527E-05   0.000    -0.5919E-02 0.5927E-02  0.000      0.000      0.000      0.000       0.000       0.000       0.000       0.000       0.000       0.000    
    64800.   12.49952969   12.5058   0.000       0.000      0.5467E-05   0.000    -0.4813E-02 0.4808E-02  0.000      0.000      0.000      0.000       0.000       0.000       0.000       0.000       0.000       0.000    
    68400.   12.49854533   12.5150   0.000       0.000      0.1440E-04   0.000    -0.4386E-02 0.4371E-02  0.000      0.000      0.000      0.000       0.000       0.000       0.000       0.000       0.000       0.000    
    72000.   12.46779993   12.5210   0.000       0.000      0.4656E-04   0.000    -0.3094E-02 0.3047E-02  0.000      0.000      0.000      0.000       0.000       0.000       0.000       0.000       0.000       0.000    
    75600.   12.43733073   12.5242   0.000       0.000      0.7603E-04   0.000    -0.2089E-02 0.2013E-02  0.000      0.000      0.000      0.000       0.000       0.000       0.000       0.000       0.000       0.000    
    79200.   12.51411814   12.5338   0.000       0.000      0.1721E-04   0.000    -0.4774E-02 0.4757E-02  0.000      0.000      0.000      0.000       0.000       0.000       0.000       0.000       0.000       0.000    
    82800.   12.52823882   12.5435   0.000       0.000      0.1337E-04   0.000    -0.4647E-02 0.4634E-02  0.000      0.000      0.000      0.000       0.000       0.000       0.000       0.000       0.000       0.000    
    86400.   12.54232818   12.5536   0.000       0.000      0.9888E-05   0.000    -0.4711E-02 0.4701E-02  0.000      0.000      0.000      0.000       0.000       0.000       0.000       0.000       0.000       0.000    
    90000.   12.62374456   12.5697   0.000       0.000     -0.4728E-04   0.000    -0.7047E-02 0.7095E-02  0.000      0.000      0.000      0.000       0.000       0.000       0.000       0.000       0.000       0.000    
    93600.   12.81313936   12.6000   0.000       0.000     -0.1865E-03   0.000    -0.1247E-01 0.1266E-01  0.000      0.000      0.000      0.000       0.000       0.000       0.000       0.000       0.000       0.000    
    97200.   12.74667094   12.6217   0.000       0.000     -0.1094E-03   0.000    -0.8356E-02 0.8465E-02  0.000      0.000      0.000      0.000       0.000       0.000       0.000       0.000       0.000       0.000    
   100800.   12.59894082   12.6297   0.000       0.000      0.2688E-04   0.000    -0.2967E-02 0.2940E-02  0.000      0.000      0.000      0.000       0.000       0.000       0.000       0.000       0.000       0.000    
   104400.   12.52931619   12.6321   0.000       0.000      0.8991E-04   0.000    -0.1268E-02 0.1179E-02  0.000      0.000      0.000      0.000       0.000       0.000       0.000       0.000       0.000       0.000    
   108000.   12.50736801   12.6330   0.000       0.000      0.1099E-03   0.000    -0.1079E-02 0.9686E-03  0.000      0.000      0.000      0.000       0.000       0.000       0.000       0.000       0.000       0.000    
   111600.   12.47369573   12.6313   0.000       0.000      0.1379E-03   0.000    -0.2313E-03 0.9347E-04  0.000      0.000      0.000      0.000       0.000       0.000       0.000       0.000       0.000       0.000    
   115200.   12.44621111   12.6276   0.000       0.000      0.1587E-03   0.000     0.3621E-03-0.5208E-03  0.000      0.000      0.000      0.000       0.000       0.000       0.000       0.000       0.000       0.000    
   118800.   12.42632607   12.6227   0.000       0.000      0.1718E-03   0.000     0.6986E-03-0.8704E-03  0.000      0.000      0.000      0.000       0.000       0.000       0.000       0.000       0.000       0.000    
   122400.   12.43497575   12.6190   0.000       0.000      0.1610E-03   0.000     0.1113E-03-0.2723E-03  0.000      0.000      0.000      0.000       0.000       0.000       0.000       0.000       0.000       0.000    
   126000.   12.41493329   12.6138   0.000       0.000      0.1740E-03   0.000     0.6806E-03-0.8547E-03  0.000      0.000      0.000      0.000       0.000       0.000       0.000       0.000       0.000       0.000    
   129600.   12.46579861   12.6133   0.000       0.000      0.1291E-03   0.000    -0.1254E-02 0.1125E-02  0.000      0.000      0.000      0.000       0.000       0.000       0.000       0.000       0.000       0.000    
   133200.   12.44041721   12.6105   0.000       0.000      0.1488E-03   0.000    -0.1719E-03 0.2307E-04  0.000      0.000      0.000      0.000       0.000       0.000       0.000       0.000       0.000       0.000    
   136800.   12.43114867   12.6072   0.000       0.000      0.1540E-03   0.000    -0.7606E-05-0.1464E-03  0.000      0.000      0.000      0.000       0.000       0.000       0.000       0.000       0.000       0.000    
   140400.   12.40885413   12.6023   0.000       0.000      0.1693E-03   0.000     0.5863E-03-0.7555E-03  0.000      0.000      0.000      0.000       0.000       0.000       0.000       0.000       0.000       0.000    
   144000.   12.40439269   12.5974   0.000       0.000      0.1689E-03   0.000     0.4763E-03-0.6453E-03  0.000      0.000      0.000      0.000       0.000       0.000       0.000       0.000       0.000       0.000    
   147600.   12.40241784   12.5928   0.000       0.000      0.1666E-03   0.000     0.3642E-03-0.5308E-03  0.000      0.000      0.000      0.000       0.000       0.000       0.000       0.000       0.000       0.000    
   151200.   12.40134642   12.5884   0.000       0.000      0.1637E-03   0.000     0.2615E-03-0.4251E-03  0.000      0.000      0.000      0.000       0.000       0.000       0.000       0.000       0.000       0.000    
   154800.   12.40064922   12.5842   0.000       0.000      0.1606E-03   0.000     0.1667E-03-0.3273E-03  0.000      0.000      0.000      0.000       0.000       0.000       0.000       0.000       0.000       0.000    
   158400.   12.41373361   12.5814   0.000       0.000      0.1467E-03   0.000    -0.3748E-03 0.2281E-03  0.000      0.000      0.000      0.000       0.000       0.000       0.000       0.000       0.000       0.000    
   162000.   12.47042113   12.5834   0.000       0.000      0.9885E-04   0.000    -0.2253E-02 0.2155E-02  0.000      0.000      0.000      0.000       0.000       0.000       0.000       0.000       0.000       0.000    
   165600.   12.46784095   12.5847   0.000       0.000      0.1023E-03   0.000    -0.1782E-02 0.1680E-02  0.000      0.000      0.000      0.000       0.000       0.000       0.000       0.000       0.000       0.000    
   169200.   12.42273107   12.5822   0.000       0.000      0.1395E-03   0.000    -0.1677E-03 0.2824E-04  0.000      0.000      0.000      0.000       0.000       0.000       0.000       0.000       0.000       0.000    
   172800.   12.40888782   12.5788   0.000       0.000      0.1487E-03   0.000     0.1247E-04-0.1612E-03  0.000      0.000      0.000      0.000       0.000       0.000       0.000       0.000       0.000       0.000    
