TOTIM (T)      HCON          HMAT      QDIR      QWELL        QMAT       QCADS      QTUB1      QTUB2      QTUB3      QTUB4      QTUB5      QTUB6       NSTOR        QFIX        QLH     FHLQ (LQ)        CAUCHY   CAUCHY (LQ)
     3600.   12.36574468   12.3996   0.000       0.000      0.2965E-04   0.000     0.1914E-02-0.1944E-02  0.000      0.000      0.000      0.000       0.000       0.000       0.000       0.000       0.000       0.000    
     7200.   12.35219433   12.3985   0.000       0.000      0.4053E-04   0.000     0.1649E-02-0.1689E-02  0.000      0.000      0.000      0.000       0.000       0.000       0.000       0.000       0.000       0.000    
    10800.   12.34966356   12.3973   0.000       0.000      0.4170E-04   0.000     0.1667E-02-0.1708E-02  0.000      0.000      0.000      0.000       0.000       0.000       0.000       0.000       0.000       0.000    
    14400.   12.34850091   12.3961   0.000       0.000      0.4169E-04   0.000     0.1687E-02-0.1729E-02  0.000      0.000      0.000      0.000       0.000       0.000       0.000       0.000       0.000       0.000    
    18000.   12.34777299   12.3950   0.000       0.000      0.4133E-04   0.000     0.1702E-02-0.1744E-02  0.000      0.000      0.000      0.000       0.000       0.000       0.000       0.000       0.000       0.000    
    21600.   12.34723396   12.3939   0.000       0.000      0.4083E-04   0.000     0.1714E-02-0.1755E-02  0.000      0.000      0.000      0.000       0.000       0.000       0.000       0.000       0.000       0.000    
    25200.   12.34678107   12.3928   0.000       0.000      0.4030E-04   0.000     0.1724E-02-0.1764E-02  0.000      0.000      0.000      0.000       0.000       0.000       0.000       0.000       0.000       0.000    
    28800.   12.34639409   12.3918   0.000       0.000      0.3975E-04   0.000     0.1732E-02-0.1772E-02  0.000      0.000      0.000      0.000       0.000       0.000       0.000       0.000       0.000       0.000    
    32400.   12.34601577   12.3908   0.000       0.000      0.3923E-04   0.000     0.1740E-02-0.1779E-02  0.000      0.000      0.000      0.000       0.000       0.000       0.000       0.000       0.000       0.000    
    36000.   12.34564150   12.3899   0.000       0.000      0.3873E-04   0.000     0.1747E-02-0.1786E-02  0.000      0.000      0.000      0.000       0.000       0.000       0.000       0.000       0.000       0.000    
    39600.   12.34526973   12.3890   0.000       0.000      0.3826E-04   0.000     0.1754E-02-0.1792E-02  0.000      0.000      0.000      0.000       0.000       0.000       0.000       0.000       0.000       0.000    
    43200.   12.35848674   12.3893   0.000       0.000      0.2692E-04   0.000     0.2024E-02-0.2051E-02  0.000      0.000      0.000      0.000       0.000       0.000       0.000       0.000       0.000       0.000    
    46800.   12.36067028   12.3896   0.000       0.000      0.2532E-04   0.000     0.2012E-02-0.2038E-02  0.000      0.000      0.000      0.000       0.000       0.000       0.000       0.000       0.000       0.000    
    50400.   12.34788009   12.3888   0.000       0.000      0.3585E-04   0.000     0.1732E-02-0.1768E-02  0.000      0.000      0.000      0.000       0.000       0.000       0.000       0.000       0.000       0.000    
    54000.   12.35930303   12.3891   0.000       0.000      0.2611E-04   0.000     0.2005E-02-0.2031E-02  0.000      0.000      0.000      0.000       0.000       0.000       0.000       0.000       0.000       0.000    
    57600.   12.39495483   12.3923   0.000       0.000     -0.2285E-05   0.000     0.2660E-02-0.2658E-02  0.000      0.000      0.000      0.000       0.000       0.000       0.000       0.000       0.000       0.000    
    61200.   12.50429875   12.4042   0.000       0.000     -0.8756E-04   0.000     0.4582E-02-0.4495E-02  0.000      0.000      0.000      0.000       0.000       0.000       0.000       0.000       0.000       0.000    
    64800.   12.49953681   12.4143   0.000       0.000     -0.7457E-04   0.000     0.3859E-02-0.3785E-02  0.000      0.000      0.000      0.000       0.000       0.000       0.000       0.000       0.000       0.000    
    68400.   12.49855143   12.4235   0.000       0.000     -0.6564E-04   0.000     0.3563E-02-0.3497E-02  0.000      0.000      0.000      0.000       0.000       0.000       0.000       0.000       0.000       0.000    
    72000.   12.46780426   12.4295   0.000       0.000     -0.3349E-04   0.000     0.2808E-02-0.2775E-02  0.000      0.000      0.000      0.000       0.000       0.000       0.000       0.000       0.000       0.000    
    75600.   12.43733419   12.4327   0.000       0.000     -0.4019E-05   0.000     0.2250E-02-0.2246E-02  0.000      0.000      0.000      0.000       0.000       0.000       0.000       0.000       0.000       0.000    
    79200.   12.51412585   12.4423   0.000       0.000     -0.6284E-04   0.000     0.3854E-02-0.3791E-02  0.000      0.000      0.000      0.000       0.000       0.000       0.000       0.000       0.000       0.000    
    82800.   12.52824585   12.4520   0.000       0.000     -0.6668E-04   0.000     0.3763E-02-0.3696E-02  0.000      0.000      0.000      0.000       0.000       0.000       0.000       0.000       0.000       0.000    
    86400.   12.54233504   12.4622   0.000       0.000     -0.7016E-04   0.000     0.3769E-02-0.3699E-02  0.000      0.000      0.000      0.000       0.000       0.000       0.000       0.000       0.000       0.000    
    90000.   12.62375569   12.4782   0.000       0.000     -0.1273E-03   0.000     0.5116E-02-0.4988E-02  0.000      0.000      0.000      0.000       0.000       0.000       0.000       0.000       0.000       0.000    
    93600.   12.81311590   12.5086   0.000       0.000     -0.2665E-03   0.000     0.8226E-02-0.7959E-02  0.000      0.000      0.000      0.000       0.000       0.000       0.000       0.000       0.000       0.000    
    97200.   12.74666049   12.5302   0.000       0.000     -0.1894E-03   0.000     0.5699E-02-0.5510E-02  0.000      0.000      0.000      0.000       0.000       0.000       0.000       0.000       0.000       0.000    
   100800.   12.59894018   12.5383   0.000       0.000     -0.5310E-04   0.000     0.2526E-02-0.2473E-02  0.000      0.000      0.000      0.000       0.000       0.000       0.000       0.000       0.000       0.000    
   104400.   12.52931673   12.5407   0.000       0.000      0.9951E-05   0.000     0.1655E-02-0.1665E-02  0.000      0.000      0.000      0.000       0.000       0.000       0.000       0.000       0.000       0.000    
   108000.   12.50736891   12.5417   0.000       0.000      0.3000E-04   0.000     0.1679E-02-0.1709E-02  0.000      0.000      0.000      0.000       0.000       0.000       0.000       0.000       0.000       0.000    
   111600.   12.47369681   12.5400   0.000       0.000      0.5800E-04   0.000     0.1268E-02-0.1326E-02  0.000      0.000      0.000      0.000       0.000       0.000       0.000       0.000       0.000       0.000    
   115200.   12.44621227   12.5364   0.000       0.000      0.7889E-04   0.000     0.9761E-03-0.1055E-02  0.000      0.000      0.000      0.000       0.000       0.000       0.000       0.000       0.000       0.000    
   118800.   12.42632732   12.5316   0.000       0.000      0.9207E-04   0.000     0.8227E-03-0.9148E-03  0.000      0.000      0.000      0.000       0.000       0.000       0.000       0.000       0.000       0.000    
   122400.   12.43497715   12.5279   0.000       0.000      0.8133E-04   0.000     0.1195E-02-0.1276E-02  0.000      0.000      0.000      0.000       0.000       0.000       0.000       0.000       0.000       0.000    
   126000.   12.41493463   12.5229   0.000       0.000      0.9445E-04   0.000     0.8695E-03-0.9640E-03  0.000      0.000      0.000      0.000       0.000       0.000       0.000       0.000       0.000       0.000    
   129600.   12.46580025   12.5225   0.000       0.000      0.4960E-04   0.000     0.2002E-02-0.2051E-02  0.000      0.000      0.000      0.000       0.000       0.000       0.000       0.000       0.000       0.000    
   133200.   12.44041858   12.5198   0.000       0.000      0.6945E-04   0.000     0.1346E-02-0.1415E-02  0.000      0.000      0.000      0.000       0.000       0.000       0.000       0.000       0.000       0.000    
   136800.   12.43115000   12.5166   0.000       0.000      0.7474E-04   0.000     0.1238E-02-0.1313E-02  0.000      0.000      0.000      0.000       0.000       0.000       0.000       0.000       0.000       0.000    
   140400.   12.40885541   12.5118   0.000       0.000      0.9005E-04   0.000     0.9003E-03-0.9903E-03  0.000      0.000      0.000      0.000       0.000       0.000       0.000       0.000       0.000       0.000    
   144000.   12.40439403   12.5071   0.000       0.000      0.8983E-04   0.000     0.9788E-03-0.1069E-02  0.000      0.000      0.000      0.000       0.000       0.000       0.000       0.000       0.000       0.000    
   147600.   12.40241921   12.5025   0.000       0.000      0.8760E-04   0.000     0.1054E-02-0.1142E-02  0.000      0.000      0.000      0.000       0.000       0.000       0.000       0.000       0.000       0.000    
   151200.   12.40134781   12.4983   0.000       0.000      0.8479E-04   0.000     0.1115E-02-0.1199E-02  0.000      0.000      0.000      0.000       0.000       0.000       0.000       0.000       0.000       0.000    
   154800.   12.40065061   12.4942   0.000       0.000      0.8186E-04   0.000     0.1167E-02-0.1249E-02  0.000      0.000      0.000      0.000       0.000       0.000       0.000       0.000       0.000       0.000    
   158400.   12.41373506   12.4915   0.000       0.000      0.6806E-04   0.000     0.1478E-02-0.1546E-02  0.000      0.000      0.000      0.000       0.000       0.000       0.000       0.000       0.000       0.000    
   162000.   12.47042283   12.4937   0.000       0.000      0.2033E-04   0.000     0.2558E-02-0.2579E-02  0.000      0.000      0.000      0.000       0.000       0.000       0.000       0.000       0.000       0.000    
   165600.   12.46784240   12.4951   0.000       0.000      0.2387E-04   0.000     0.2241E-02-0.2265E-02  0.000      0.000      0.000      0.000       0.000       0.000       0.000       0.000       0.000       0.000    
   169200.   12.42273223   12.4927   0.000       0.000      0.6121E-04   0.000     0.1273E-02-0.1334E-02  0.000      0.000      0.000      0.000       0.000       0.000       0.000       0.000       0.000       0.000    
   172800.   12.40888903   12.4895   0.000       0.000      0.7051E-04   0.000     0.1187E-02-0.1258E-02  0.000      0.000      0.000      0.000       0.000       0.000       0.000       0.000       0.000       0.000    
