TOTIM (T)      HCON          HMAT      QDIR      QWELL        QMAT       QCADS      QTUB1      QTUB2      QTUB3      QTUB4      QTUB5      QTUB6       NSTOR        QFIX        QLH     FHLQ (LQ)        CAUCHY   CAUCHY (LQ)
     3600.   12.36574468   12.4631   0.000       0.000      0.8522E-04   0.000     0.2049E-02-0.2134E-02  0.000      0.000      0.000      0.000       0.000       0.000       0.000       0.000       0.000       0.000    
     7200.   12.35219431   12.4620   0.000       0.000      0.9610E-04   0.000     0.1689E-02-0.1786E-02  0.000      0.000      0.000      0.000       0.000       0.000       0.000       0.000       0.000       0.000    
    10800.   12.34966354   12.4608   0.000       0.000      0.9728E-04   0.000     0.1702E-02-0.1799E-02  0.000      0.000      0.000      0.000       0.000       0.000       0.000       0.000       0.000       0.000    
    14400.   12.34850089   12.4597   0.000       0.000      0.9727E-04   0.000     0.1724E-02-0.1821E-02  0.000      0.000      0.000      0.000       0.000       0.000       0.000       0.000       0.000       0.000    
    18000.   12.34777297   12.4585   0.000       0.000      0.9690E-04   0.000     0.1742E-02-0.1839E-02  0.000      0.000      0.000      0.000       0.000       0.000       0.000       0.000       0.000       0.000    
    21600.   12.34723394   12.4574   0.000       0.000      0.9641E-04   0.000     0.1758E-02-0.1855E-02  0.000      0.000      0.000      0.000       0.000       0.000       0.000       0.000       0.000       0.000    
    25200.   12.34678105   12.4564   0.000       0.000      0.9588E-04   0.000     0.1772E-02-0.1868E-02  0.000      0.000      0.000      0.000       0.000       0.000       0.000       0.000       0.000       0.000    
    28800.   12.34639407   12.4553   0.000       0.000      0.9533E-04   0.000     0.1785E-02-0.1880E-02  0.000      0.000      0.000      0.000       0.000       0.000       0.000       0.000       0.000       0.000    
    32400.   12.34601575   12.4544   0.000       0.000      0.9480E-04   0.000     0.1797E-02-0.1892E-02  0.000      0.000      0.000      0.000       0.000       0.000       0.000       0.000       0.000       0.000    
    36000.   12.34564149   12.4534   0.000       0.000      0.9431E-04   0.000     0.1808E-02-0.1903E-02  0.000      0.000      0.000      0.000       0.000       0.000       0.000       0.000       0.000       0.000    
    39600.   12.34526972   12.4525   0.000       0.000      0.9384E-04   0.000     0.1819E-02-0.1913E-02  0.000      0.000      0.000      0.000       0.000       0.000       0.000       0.000       0.000       0.000    
    43200.   12.35848674   12.4528   0.000       0.000      0.8250E-04   0.000     0.2188E-02-0.2270E-02  0.000      0.000      0.000      0.000       0.000       0.000       0.000       0.000       0.000       0.000    
    46800.   12.36067029   12.4531   0.000       0.000      0.8089E-04   0.000     0.2185E-02-0.2265E-02  0.000      0.000      0.000      0.000       0.000       0.000       0.000       0.000       0.000       0.000    
    50400.   12.34788008   12.4524   0.000       0.000      0.9142E-04   0.000     0.1812E-02-0.1903E-02  0.000      0.000      0.000      0.000       0.000       0.000       0.000       0.000       0.000       0.000    
    54000.   12.35930304   12.4527   0.000       0.000      0.8169E-04   0.000     0.2173E-02-0.2254E-02  0.000      0.000      0.000      0.000       0.000       0.000       0.000       0.000       0.000       0.000    
    57600.   12.39495487   12.4559   0.000       0.000      0.5329E-04   0.000     0.3071E-02-0.3124E-02  0.000      0.000      0.000      0.000       0.000       0.000       0.000       0.000       0.000       0.000    
    61200.   12.50429893   12.4678   0.000       0.000     -0.3198E-04   0.000     0.5718E-02-0.5686E-02  0.000      0.000      0.000      0.000       0.000       0.000       0.000       0.000       0.000       0.000    
    64800.   12.49953698   12.4778   0.000       0.000     -0.1899E-04   0.000     0.4844E-02-0.4825E-02  0.000      0.000      0.000      0.000       0.000       0.000       0.000       0.000       0.000       0.000    
    68400.   12.49855159   12.4871   0.000       0.000     -0.1006E-04   0.000     0.4468E-02-0.4458E-02  0.000      0.000      0.000      0.000       0.000       0.000       0.000       0.000       0.000       0.000    
    72000.   12.46780437   12.4931   0.000       0.000      0.2210E-04   0.000     0.3437E-02-0.3459E-02  0.000      0.000      0.000      0.000       0.000       0.000       0.000       0.000       0.000       0.000    
    75600.   12.43733425   12.4963   0.000       0.000      0.5157E-04   0.000     0.2638E-02-0.2689E-02  0.000      0.000      0.000      0.000       0.000       0.000       0.000       0.000       0.000       0.000    
    79200.   12.51412599   12.5058   0.000       0.000     -0.7258E-05   0.000     0.4766E-02-0.4759E-02  0.000      0.000      0.000      0.000       0.000       0.000       0.000       0.000       0.000       0.000    
    82800.   12.52824601   12.5156   0.000       0.000     -0.1109E-04   0.000     0.4687E-02-0.4676E-02  0.000      0.000      0.000      0.000       0.000       0.000       0.000       0.000       0.000       0.000    
    86400.   12.54233521   12.5257   0.000       0.000     -0.1458E-04   0.000     0.4718E-02-0.4704E-02  0.000      0.000      0.000      0.000       0.000       0.000       0.000       0.000       0.000       0.000    
    90000.   12.62375594   12.5418   0.000       0.000     -0.7174E-04   0.000     0.6556E-02-0.6485E-02  0.000      0.000      0.000      0.000       0.000       0.000       0.000       0.000       0.000       0.000    
    93600.   12.81313110   12.5721   0.000       0.000     -0.2109E-03   0.000     0.1085E-01-0.1063E-01  0.000      0.000      0.000      0.000       0.000       0.000       0.000       0.000       0.000       0.000    
    97200.   12.74666796   12.5938   0.000       0.000     -0.1338E-03   0.000     0.7586E-02-0.7452E-02  0.000      0.000      0.000      0.000       0.000       0.000       0.000       0.000       0.000       0.000    
   100800.   12.59894062   12.6018   0.000       0.000      0.2475E-05   0.000     0.3252E-02-0.3255E-02  0.000      0.000      0.000      0.000       0.000       0.000       0.000       0.000       0.000       0.000    
   104400.   12.52931678   12.6042   0.000       0.000      0.6552E-04   0.000     0.1895E-02-0.1961E-02  0.000      0.000      0.000      0.000       0.000       0.000       0.000       0.000       0.000       0.000    
   108000.   12.50736892   12.6052   0.000       0.000      0.8556E-04   0.000     0.1785E-02-0.1871E-02  0.000      0.000      0.000      0.000       0.000       0.000       0.000       0.000       0.000       0.000    
   111600.   12.47369676   12.6035   0.000       0.000      0.1136E-03   0.000     0.1148E-02-0.1262E-02  0.000      0.000      0.000      0.000       0.000       0.000       0.000       0.000       0.000       0.000    
   115200.   12.44621219   12.5999   0.000       0.000      0.1344E-03   0.000     0.6917E-03-0.8262E-03  0.000      0.000      0.000      0.000       0.000       0.000       0.000       0.000       0.000       0.000    
   118800.   12.42632720   12.5950   0.000       0.000      0.1476E-03   0.000     0.4364E-03-0.5840E-03  0.000      0.000      0.000      0.000       0.000       0.000       0.000       0.000       0.000       0.000    
   122400.   12.43497705   12.5914   0.000       0.000      0.1369E-03   0.000     0.9092E-03-0.1046E-02  0.000      0.000      0.000      0.000       0.000       0.000       0.000       0.000       0.000       0.000    
   126000.   12.41493451   12.5863   0.000       0.000      0.1500E-03   0.000     0.4672E-03-0.6172E-03  0.000      0.000      0.000      0.000       0.000       0.000       0.000       0.000       0.000       0.000    
   129600.   12.46580019   12.5859   0.000       0.000      0.1051E-03   0.000     0.1992E-02-0.2097E-02  0.000      0.000      0.000      0.000       0.000       0.000       0.000       0.000       0.000       0.000    
   133200.   12.44041850   12.5832   0.000       0.000      0.1249E-03   0.000     0.1145E-02-0.1270E-02  0.000      0.000      0.000      0.000       0.000       0.000       0.000       0.000       0.000       0.000    
   136800.   12.43114991   12.5800   0.000       0.000      0.1302E-03   0.000     0.9962E-03-0.1126E-02  0.000      0.000      0.000      0.000       0.000       0.000       0.000       0.000       0.000       0.000    
   140400.   12.40885530   12.5752   0.000       0.000      0.1455E-03   0.000     0.5278E-03-0.6733E-03  0.000      0.000      0.000      0.000       0.000       0.000       0.000       0.000       0.000       0.000    
   144000.   12.40439392   12.5704   0.000       0.000      0.1453E-03   0.000     0.6147E-03-0.7600E-03  0.000      0.000      0.000      0.000       0.000       0.000       0.000       0.000       0.000       0.000    
   147600.   12.40241910   12.5659   0.000       0.000      0.1431E-03   0.000     0.7100E-03-0.8530E-03  0.000      0.000      0.000      0.000       0.000       0.000       0.000       0.000       0.000       0.000    
   151200.   12.40134770   12.5616   0.000       0.000      0.1402E-03   0.000     0.7937E-03-0.9339E-03  0.000      0.000      0.000      0.000       0.000       0.000       0.000       0.000       0.000       0.000    
   154800.   12.40065051   12.5576   0.000       0.000      0.1373E-03   0.000     0.8695E-03-0.1007E-02  0.000      0.000      0.000      0.000       0.000       0.000       0.000       0.000       0.000       0.000    
   158400.   12.41373498   12.5549   0.000       0.000      0.1235E-03   0.000     0.1298E-02-0.1422E-02  0.000      0.000      0.000      0.000       0.000       0.000       0.000       0.000       0.000       0.000    
   162000.   12.47042282   12.5570   0.000       0.000      0.7575E-04   0.000     0.2785E-02-0.2861E-02  0.000      0.000      0.000      0.000       0.000       0.000       0.000       0.000       0.000       0.000    
   165600.   12.46784239   12.5585   0.000       0.000      0.7929E-04   0.000     0.2415E-02-0.2494E-02  0.000      0.000      0.000      0.000       0.000       0.000       0.000       0.000       0.000       0.000    
   169200.   12.42273217   12.5560   0.000       0.000      0.1166E-03   0.000     0.1119E-02-0.1236E-02  0.000      0.000      0.000      0.000       0.000       0.000       0.000       0.000       0.000       0.000    
   172800.   12.40888895   12.5528   0.000       0.000      0.1259E-03   0.000     0.9682E-03-0.1094E-02  0.000      0.000      0.000      0.000       0.000       0.000       0.000       0.000       0.000       0.000    
