TOTIM (T)      HCON          HMAT      QDIR      QWELL        QMAT       QCADS      QTUB1      QTUB2      QTUB3      QTUB4      QTUB5      QTUB6       NSTOR        QFIX        QLH     FHLQ (LQ)        CAUCHY   CAUCHY (LQ)
     3600.   12.36574472   12.2374  0.5566E-03   0.000     -0.1123E-03   0.000    -0.4443E-03  0.000      0.000      0.000      0.000      0.000       0.000       0.000       0.000       0.000       0.000       0.000    
     7200.   12.35219425   12.2692   0.000       0.000     -0.7265E-04  0.1906E-04 0.5359E-04  0.000      0.000      0.000      0.000      0.000       0.000       0.000       0.000       0.000       0.000       0.000    
    10800.   12.34966349   12.2984   0.000       0.000     -0.4485E-04  0.3559E-05 0.4130E-04  0.000      0.000      0.000      0.000      0.000       0.000       0.000       0.000       0.000       0.000       0.000    
    14400.   12.34850084   12.3253   0.000       0.000     -0.2026E-04  0.1635E-05 0.1863E-04  0.000      0.000      0.000      0.000      0.000       0.000       0.000       0.000       0.000       0.000       0.000    
    18000.   12.34777291   12.3502   0.000       0.000      0.2115E-05  0.1024E-05-0.3138E-05  0.000      0.000      0.000      0.000      0.000       0.000       0.000       0.000       0.000       0.000       0.000    
    21600.   12.34723390   12.3731   0.000       0.000      0.2265E-04  0.7580E-06-0.2340E-04  0.000      0.000      0.000      0.000      0.000       0.000       0.000       0.000       0.000       0.000       0.000    
    25200.   12.34678100   12.3943   0.000       0.000      0.4155E-04  0.6369E-06-0.4219E-04  0.000      0.000      0.000      0.000      0.000       0.000       0.000       0.000       0.000       0.000       0.000    
    28800.   12.34639403   12.4138   0.000       0.000      0.5898E-04  0.5442E-06-0.5952E-04  0.000      0.000      0.000      0.000      0.000       0.000       0.000       0.000       0.000       0.000       0.000    
    32400.   12.34601571   12.4318   0.000       0.000      0.7508E-04  0.5320E-06-0.7562E-04  0.000      0.000      0.000      0.000      0.000       0.000       0.000       0.000       0.000       0.000       0.000    
    36000.   12.34564145   12.4485   0.000       0.000      0.8997E-04  0.5263E-06-0.9050E-04  0.000      0.000      0.000      0.000      0.000       0.000       0.000       0.000       0.000       0.000       0.000    
    39600.   12.34526968   12.4638   0.000       0.000      0.1037E-03  0.5228E-06-0.1043E-03  0.000      0.000      0.000      0.000      0.000       0.000       0.000       0.000       0.000       0.000       0.000    
    43200.   12.35848681   12.4462  0.5566E-03   0.000      0.7679E-04 -0.1859E-04-0.6148E-03  0.000      0.000      0.000      0.000      0.000       0.000       0.000       0.000       0.000       0.000       0.000    
    46800.   12.36067036   12.4301  0.5566E-03   0.000      0.6079E-04 -0.3071E-05-0.6143E-03  0.000      0.000      0.000      0.000      0.000       0.000       0.000       0.000       0.000       0.000       0.000    
    50400.   12.34788005   12.4471   0.000       0.000      0.8684E-04  0.1799E-04-0.1048E-03  0.000      0.000      0.000      0.000      0.000       0.000       0.000       0.000       0.000       0.000       0.000    
    54000.   12.35930311   12.4309  0.5566E-03   0.000      0.6267E-04 -0.1606E-04-0.6032E-03  0.000      0.000      0.000      0.000      0.000       0.000       0.000       0.000       0.000       0.000       0.000    
    57600.   12.39495519   12.3366  0.1948E-02   0.000     -0.5103E-04 -0.5014E-04-0.1847E-02  0.000      0.000      0.000      0.000      0.000       0.000       0.000       0.000       0.000       0.000       0.000    
    61200.   12.50428874   12.0115  0.6123E-02   0.000     -0.4312E-03 -0.1538E-03-0.5538E-02  0.000      0.000      0.000      0.000      0.000       0.000       0.000       0.000       0.000       0.000       0.000    
    64800.   12.49953004   11.7758  0.5010E-02   0.000     -0.6333E-03  0.6692E-05-0.4383E-02  0.000      0.000      0.000      0.000      0.000       0.000       0.000       0.000       0.000       0.000       0.000    
    68400.   12.49854564   11.5739  0.4731E-02   0.000     -0.8090E-03  0.1384E-05-0.3924E-02  0.000      0.000      0.000      0.000      0.000       0.000       0.000       0.000       0.000       0.000       0.000    
    72000.   12.46780015   11.4669  0.3340E-02   0.000     -0.8758E-03  0.4324E-04-0.2507E-02  0.000      0.000      0.000      0.000      0.000       0.000       0.000       0.000       0.000       0.000       0.000    
    75600.   12.43733086   11.4313  0.2226E-02   0.000     -0.8803E-03  0.4285E-04-0.1389E-02  0.000      0.000      0.000      0.000      0.000       0.000       0.000       0.000       0.000       0.000       0.000    
    79200.   12.51411848   11.2069  0.5566E-02   0.000     -0.1144E-02 -0.1080E-03-0.4314E-02  0.000      0.000      0.000      0.000      0.000       0.000       0.000       0.000       0.000       0.000       0.000    
    82800.   12.52823915   10.9997  0.5566E-02   0.000     -0.1337E-02 -0.1986E-04-0.4209E-02  0.000      0.000      0.000      0.000      0.000       0.000       0.000       0.000       0.000       0.000       0.000    
    86400.   12.54232852   10.7920  0.5844E-02   0.000     -0.1532E-02 -0.1981E-04-0.4293E-02  0.000      0.000      0.000      0.000      0.000       0.000       0.000       0.000       0.000       0.000       0.000    
    90000.   12.62374508   10.4241  0.8906E-02   0.000     -0.1925E-02 -0.1145E-03-0.6867E-02  0.000      0.000      0.000      0.000      0.000       0.000       0.000       0.000       0.000       0.000       0.000    
    93600.   12.81315095    9.6837  0.1586E-01   0.000     -0.2738E-02 -0.2664E-03-0.1286E-01  0.000      0.000      0.000      0.000      0.000       0.000       0.000       0.000       0.000       0.000       0.000    
    97200.   12.74667611    9.2530  0.1141E-01   0.000     -0.3057E-02  0.9348E-04-0.8447E-02  0.000      0.000      0.000      0.000      0.000       0.000       0.000       0.000       0.000       0.000       0.000    
   100800.   12.59894141    9.2044  0.5288E-02   0.000     -0.2970E-02  0.2078E-03-0.2525E-02  0.000      0.000      0.000      0.000      0.000       0.000       0.000       0.000       0.000       0.000       0.000    
   104400.   12.52931626    9.2698  0.3340E-02   0.000     -0.2852E-02  0.9791E-04-0.5855E-03  0.000      0.000      0.000      0.000      0.000       0.000       0.000       0.000       0.000       0.000       0.000    
   108000.   12.50736807    9.3458  0.3061E-02   0.000     -0.2766E-02  0.3086E-04-0.3258E-03  0.000      0.000      0.000      0.000      0.000       0.000       0.000       0.000       0.000       0.000       0.000    
   111600.   12.47369572    9.4799  0.1948E-02   0.000     -0.2620E-02  0.4735E-04 0.6240E-03  0.000      0.000      0.000      0.000      0.000       0.000       0.000       0.000       0.000       0.000       0.000    
   115200.   12.44621104    9.6522  0.1113E-02   0.000     -0.2445E-02  0.3865E-04 0.1293E-02  0.000      0.000      0.000      0.000      0.000       0.000       0.000       0.000       0.000       0.000       0.000    
   118800.   12.42632598    9.8437  0.5566E-03   0.000     -0.2260E-02  0.2796E-04 0.1675E-02  0.000      0.000      0.000      0.000      0.000       0.000       0.000       0.000       0.000       0.000       0.000    
   122400.   12.43497570    9.9893  0.1113E-02   0.000     -0.2140E-02 -0.1216E-04 0.1039E-02  0.000      0.000      0.000      0.000      0.000       0.000       0.000       0.000       0.000       0.000       0.000    
   126000.   12.41493320   10.1723  0.2783E-03   0.000     -0.1962E-02  0.2818E-04 0.1656E-02  0.000      0.000      0.000      0.000      0.000       0.000       0.000       0.000       0.000       0.000       0.000    
   129600.   12.46579867   10.2141  0.2505E-02   0.000     -0.1970E-02 -0.7153E-04-0.4629E-03  0.000      0.000      0.000      0.000      0.000       0.000       0.000       0.000       0.000       0.000       0.000    
   133200.   12.44041719   10.3330  0.1113E-02   0.000     -0.1844E-02  0.3569E-04 0.6951E-03  0.000      0.000      0.000      0.000      0.000       0.000       0.000       0.000       0.000       0.000       0.000    
   136800.   12.43114863   10.4591  0.8349E-03   0.000     -0.1726E-02  0.1303E-04 0.8776E-03  0.000      0.000      0.000      0.000      0.000       0.000       0.000       0.000       0.000       0.000       0.000    
   140400.   12.40885405   10.6238   0.000       0.000     -0.1562E-02  0.3135E-04 0.1531E-02  0.000      0.000      0.000      0.000      0.000       0.000       0.000       0.000       0.000       0.000       0.000    
   144000.   12.40439262   10.7761   0.000       0.000     -0.1425E-02  0.6274E-05 0.1418E-02  0.000      0.000      0.000      0.000      0.000       0.000       0.000       0.000       0.000       0.000       0.000    
   147600.   12.40241777   10.9171   0.000       0.000     -0.1300E-02  0.2777E-05 0.1297E-02  0.000      0.000      0.000      0.000      0.000       0.000       0.000       0.000       0.000       0.000       0.000    
   151200.   12.40134636   11.0476   0.000       0.000     -0.1185E-02  0.1507E-05 0.1183E-02  0.000      0.000      0.000      0.000      0.000       0.000       0.000       0.000       0.000       0.000       0.000    
   154800.   12.40064917   11.1684   0.000       0.000     -0.1078E-02  0.9804E-06 0.1077E-02  0.000      0.000      0.000      0.000      0.000       0.000       0.000       0.000       0.000       0.000       0.000    
   158400.   12.41373361   11.2484  0.5566E-03   0.000     -0.1020E-02 -0.1840E-04 0.4815E-03  0.000      0.000      0.000      0.000      0.000       0.000       0.000       0.000       0.000       0.000       0.000    
   162000.   12.47042127   11.1951  0.2783E-02   0.000     -0.1116E-02 -0.7972E-04-0.1587E-02  0.000      0.000      0.000      0.000      0.000       0.000       0.000       0.000       0.000       0.000       0.000    
   165600.   12.46784106   11.1782  0.2226E-02   0.000     -0.1128E-02  0.3628E-05-0.1102E-02  0.000      0.000      0.000      0.000      0.000       0.000       0.000       0.000       0.000       0.000       0.000    
   169200.   12.42273105   11.2742  0.2783E-03   0.000     -0.1005E-02  0.6344E-04 0.6633E-03  0.000      0.000      0.000      0.000      0.000       0.000       0.000       0.000       0.000       0.000       0.000    
   172800.   12.40888778   11.3786   0.000       0.000     -0.9015E-03  0.1947E-04 0.8821E-03  0.000      0.000      0.000      0.000      0.000       0.000       0.000       0.000       0.000       0.000       0.000    
