TOTIM (T)      HCON          HMAT      QDIR      QWELL        QMAT       QCADS      QTUB1      QTUB2      QTUB3      QTUB4      QTUB5      QTUB6       NSTOR        QFIX        QLH     FHLQ (LQ)        CAUCHY   CAUCHY (LQ)
     3600.   12.36574503   12.4285   0.000       0.000      0.5490E-04   0.000     0.1525E-02-0.1580E-02  0.000      0.000      0.000      0.000       0.000       0.000       0.000       0.000       0.000       0.000    
     7200.   12.35219462   12.4274   0.000       0.000      0.6578E-04   0.000     0.1172E-02-0.1238E-02  0.000      0.000      0.000      0.000       0.000       0.000       0.000       0.000       0.000       0.000    
    10800.   12.34966386   12.4262   0.000       0.000      0.6696E-04   0.000     0.1181E-02-0.1248E-02  0.000      0.000      0.000      0.000       0.000       0.000       0.000       0.000       0.000       0.000    
    14400.   12.34850121   12.4250   0.000       0.000      0.6695E-04   0.000     0.1201E-02-0.1268E-02  0.000      0.000      0.000      0.000       0.000       0.000       0.000       0.000       0.000       0.000    
    18000.   12.34777328   12.4239   0.000       0.000      0.6658E-04   0.000     0.1219E-02-0.1286E-02  0.000      0.000      0.000      0.000       0.000       0.000       0.000       0.000       0.000       0.000    
    21600.   12.34723427   12.4228   0.000       0.000      0.6609E-04   0.000     0.1235E-02-0.1301E-02  0.000      0.000      0.000      0.000       0.000       0.000       0.000       0.000       0.000       0.000    
    25200.   12.34678137   12.4217   0.000       0.000      0.6556E-04   0.000     0.1249E-02-0.1315E-02  0.000      0.000      0.000      0.000       0.000       0.000       0.000       0.000       0.000       0.000    
    28800.   12.34639439   12.4207   0.000       0.000      0.6501E-04   0.000     0.1262E-02-0.1327E-02  0.000      0.000      0.000      0.000       0.000       0.000       0.000       0.000       0.000       0.000    
    32400.   12.34601608   12.4197   0.000       0.000      0.6448E-04   0.000     0.1274E-02-0.1338E-02  0.000      0.000      0.000      0.000       0.000       0.000       0.000       0.000       0.000       0.000    
    36000.   12.34564181   12.4188   0.000       0.000      0.6399E-04   0.000     0.1285E-02-0.1349E-02  0.000      0.000      0.000      0.000       0.000       0.000       0.000       0.000       0.000       0.000    
    39600.   12.34527004   12.4179   0.000       0.000      0.6352E-04   0.000     0.1295E-02-0.1359E-02  0.000      0.000      0.000      0.000       0.000       0.000       0.000       0.000       0.000       0.000    
    43200.   12.35848711   12.4181   0.000       0.000      0.5218E-04   0.000     0.1657E-02-0.1709E-02  0.000      0.000      0.000      0.000       0.000       0.000       0.000       0.000       0.000       0.000    
    46800.   12.36067065   12.4185   0.000       0.000      0.5058E-04   0.000     0.1657E-02-0.1708E-02  0.000      0.000      0.000      0.000       0.000       0.000       0.000       0.000       0.000       0.000    
    50400.   12.34788040   12.4177   0.000       0.000      0.6111E-04   0.000     0.1293E-02-0.1354E-02  0.000      0.000      0.000      0.000       0.000       0.000       0.000       0.000       0.000       0.000    
    54000.   12.35930340   12.4180   0.000       0.000      0.5137E-04   0.000     0.1643E-02-0.1695E-02  0.000      0.000      0.000      0.000       0.000       0.000       0.000       0.000       0.000       0.000    
    57600.   12.39495535   12.4212   0.000       0.000      0.2298E-04   0.000     0.2526E-02-0.2549E-02  0.000      0.000      0.000      0.000       0.000       0.000       0.000       0.000       0.000       0.000    
    61200.   12.50429970   12.4331   0.000       0.000     -0.6230E-04   0.000     0.5130E-02-0.5068E-02  0.000      0.000      0.000      0.000       0.000       0.000       0.000       0.000       0.000       0.000    
    64800.   12.49953761   12.4432   0.000       0.000     -0.4931E-04   0.000     0.4303E-02-0.4254E-02  0.000      0.000      0.000      0.000       0.000       0.000       0.000       0.000       0.000       0.000    
    68400.   12.49855217   12.4524   0.000       0.000     -0.4038E-04   0.000     0.3936E-02-0.3895E-02  0.000      0.000      0.000      0.000       0.000       0.000       0.000       0.000       0.000       0.000    
    72000.   12.46780483   12.4584   0.000       0.000     -0.8224E-05   0.000     0.2924E-02-0.2916E-02  0.000      0.000      0.000      0.000       0.000       0.000       0.000       0.000       0.000       0.000    
    75600.   12.43733462   12.4616   0.000       0.000      0.2124E-04   0.000     0.2130E-02-0.2151E-02  0.000      0.000      0.000      0.000       0.000       0.000       0.000       0.000       0.000       0.000    
    79200.   12.51412664   12.4712   0.000       0.000     -0.3758E-04   0.000     0.4204E-02-0.4166E-02  0.000      0.000      0.000      0.000       0.000       0.000       0.000       0.000       0.000       0.000    
    82800.   12.52824663   12.4809   0.000       0.000     -0.4142E-04   0.000     0.4144E-02-0.4102E-02  0.000      0.000      0.000      0.000       0.000       0.000       0.000       0.000       0.000       0.000    
    86400.   12.54233583   12.4910   0.000       0.000     -0.4490E-04   0.000     0.4178E-02-0.4133E-02  0.000      0.000      0.000      0.000       0.000       0.000       0.000       0.000       0.000       0.000    
    90000.   12.62375678   12.5071   0.000       0.000     -0.1021E-03   0.000     0.5982E-02-0.5880E-02  0.000      0.000      0.000      0.000       0.000       0.000       0.000       0.000       0.000       0.000    
    93600.   12.81313179   12.5374   0.000       0.000     -0.2412E-03   0.000     0.1021E-01-0.9964E-02  0.000      0.000      0.000      0.000       0.000       0.000       0.000       0.000       0.000       0.000    
    97200.   12.74666821   12.5591   0.000       0.000     -0.1641E-03   0.000     0.7062E-02-0.6898E-02  0.000      0.000      0.000      0.000       0.000       0.000       0.000       0.000       0.000       0.000    
   100800.   12.59894162   12.5671   0.000       0.000     -0.2786E-04   0.000     0.2799E-02-0.2771E-02  0.000      0.000      0.000      0.000       0.000       0.000       0.000       0.000       0.000       0.000    
   104400.   12.52931716   12.5695   0.000       0.000      0.3518E-04   0.000     0.1424E-02-0.1459E-02  0.000      0.000      0.000      0.000       0.000       0.000       0.000       0.000       0.000       0.000    
   108000.   12.50736934   12.5705   0.000       0.000      0.5522E-04   0.000     0.1287E-02-0.1343E-02  0.000      0.000      0.000      0.000       0.000       0.000       0.000       0.000       0.000       0.000    
   111600.   12.47369701   12.5688   0.000       0.000      0.8321E-04   0.000     0.6519E-03-0.7352E-03  0.000      0.000      0.000      0.000       0.000       0.000       0.000       0.000       0.000       0.000    
   115200.   12.44621240   12.5652   0.000       0.000      0.1041E-03   0.000     0.1931E-03-0.2972E-03  0.000      0.000      0.000      0.000       0.000       0.000       0.000       0.000       0.000       0.000    
   118800.   12.42632741   12.5603   0.000       0.000      0.1173E-03   0.000    -0.6558E-04-0.5169E-04  0.000      0.000      0.000      0.000       0.000       0.000       0.000       0.000       0.000       0.000    
   122400.   12.43497732   12.5567   0.000       0.000      0.1065E-03   0.000     0.3923E-03-0.4988E-03  0.000      0.000      0.000      0.000       0.000       0.000       0.000       0.000       0.000       0.000    
   126000.   12.41493472   12.5516   0.000       0.000      0.1196E-03   0.000    -0.3749E-04-0.8211E-04  0.000      0.000      0.000      0.000       0.000       0.000       0.000       0.000       0.000       0.000    
   129600.   12.46580060   12.5512   0.000       0.000      0.7475E-04   0.000     0.1453E-02-0.1528E-02  0.000      0.000      0.000      0.000       0.000       0.000       0.000       0.000       0.000       0.000    
   133200.   12.44041879   12.5485   0.000       0.000      0.9458E-04   0.000     0.6389E-03-0.7335E-03  0.000      0.000      0.000      0.000       0.000       0.000       0.000       0.000       0.000       0.000    
   136800.   12.43115018   12.5453   0.000       0.000      0.9987E-04   0.000     0.4892E-03-0.5891E-03  0.000      0.000      0.000      0.000       0.000       0.000       0.000       0.000       0.000       0.000    
   140400.   12.40885552   12.5405   0.000       0.000      0.1152E-03   0.000     0.2886E-04-0.1440E-03  0.000      0.000      0.000      0.000       0.000       0.000       0.000       0.000       0.000       0.000    
   144000.   12.40439415   12.5357   0.000       0.000      0.1149E-03   0.000     0.1093E-03-0.2242E-03  0.000      0.000      0.000      0.000       0.000       0.000       0.000       0.000       0.000       0.000    
   147600.   12.40241935   12.5312   0.000       0.000      0.1127E-03   0.000     0.2024E-03-0.3151E-03  0.000      0.000      0.000      0.000       0.000       0.000       0.000       0.000       0.000       0.000    
   151200.   12.40134796   12.5269   0.000       0.000      0.1099E-03   0.000     0.2855E-03-0.3954E-03  0.000      0.000      0.000      0.000       0.000       0.000       0.000       0.000       0.000       0.000    
   154800.   12.40065077   12.5229   0.000       0.000      0.1069E-03   0.000     0.3613E-03-0.4683E-03  0.000      0.000      0.000      0.000       0.000       0.000       0.000       0.000       0.000       0.000    
   158400.   12.41373530   12.5202   0.000       0.000      0.9313E-04   0.000     0.7830E-03-0.8762E-03  0.000      0.000      0.000      0.000       0.000       0.000       0.000       0.000       0.000       0.000    
   162000.   12.47042331   12.5223   0.000       0.000      0.4539E-04   0.000     0.2245E-02-0.2291E-02  0.000      0.000      0.000      0.000       0.000       0.000       0.000       0.000       0.000       0.000    
   165600.   12.46784282   12.5238   0.000       0.000      0.4893E-04   0.000     0.1900E-02-0.1949E-02  0.000      0.000      0.000      0.000       0.000       0.000       0.000       0.000       0.000       0.000    
   169200.   12.42273243   12.5213   0.000       0.000      0.8627E-04   0.000     0.6325E-03-0.7187E-03  0.000      0.000      0.000      0.000       0.000       0.000       0.000       0.000       0.000       0.000    
   172800.   12.40888921   12.5181   0.000       0.000      0.9556E-04   0.000     0.4729E-03-0.5685E-03  0.000      0.000      0.000      0.000       0.000       0.000       0.000       0.000       0.000       0.000    
