TOTIM (T)      HCON          HMAT      QDIR      QWELL        QMAT       QCADS      QTUB1      QTUB2      QTUB3      QTUB4      QTUB5      QTUB6       NSTOR        QFIX        QLH     FHLQ (LQ)        CAUCHY   CAUCHY (LQ)
     3600.   12.36574510   12.1525  0.5691E-03   0.000     -0.1865E-03   0.000     0.6018E-03-0.9844E-03  0.000      0.000      0.000      0.000       0.000       0.000       0.000       0.000       0.000       0.000    
     7200.   12.35219462   12.1851   0.000       0.000     -0.1462E-03  0.3811E-04 0.6237E-03-0.5156E-03  0.000      0.000      0.000      0.000       0.000       0.000       0.000       0.000       0.000       0.000    
    10800.   12.34966385   12.2150   0.000       0.000     -0.1178E-03  0.7118E-05 0.6264E-03-0.5157E-03  0.000      0.000      0.000      0.000       0.000       0.000       0.000       0.000       0.000       0.000    
    14400.   12.34850120   12.2426   0.000       0.000     -0.9268E-04  0.3270E-05 0.6269E-03-0.5375E-03  0.000      0.000      0.000      0.000       0.000       0.000       0.000       0.000       0.000       0.000    
    18000.   12.34777328   12.2680   0.000       0.000     -0.6979E-04  0.2047E-05 0.6268E-03-0.5590E-03  0.000      0.000      0.000      0.000       0.000       0.000       0.000       0.000       0.000       0.000    
    21600.   12.34723427   12.2915   0.000       0.000     -0.4879E-04  0.1516E-05 0.6265E-03-0.5792E-03  0.000      0.000      0.000      0.000       0.000       0.000       0.000       0.000       0.000       0.000    
    25200.   12.34678137   12.3131   0.000       0.000     -0.2945E-04  0.1274E-05 0.6262E-03-0.5980E-03  0.000      0.000      0.000      0.000       0.000       0.000       0.000       0.000       0.000       0.000    
    28800.   12.34639440   12.3331   0.000       0.000     -0.1163E-04  0.1088E-05 0.6260E-03-0.6154E-03  0.000      0.000      0.000      0.000       0.000       0.000       0.000       0.000       0.000       0.000    
    32400.   12.34601609   12.3515   0.000       0.000      0.4840E-05  0.1064E-05 0.6258E-03-0.6317E-03  0.000      0.000      0.000      0.000       0.000       0.000       0.000       0.000       0.000       0.000    
    36000.   12.34564183   12.3686   0.000       0.000      0.2007E-04  0.1053E-05 0.6258E-03-0.6469E-03  0.000      0.000      0.000      0.000       0.000       0.000       0.000       0.000       0.000       0.000    
    39600.   12.34527006   12.3843   0.000       0.000      0.3414E-04  0.1046E-05 0.6258E-03-0.6610E-03  0.000      0.000      0.000      0.000       0.000       0.000       0.000       0.000       0.000       0.000    
    43200.   12.35848720   12.3663  0.5691E-03   0.000      0.6825E-05 -0.3717E-04 0.6040E-03-0.1143E-02  0.000      0.000      0.000      0.000       0.000       0.000       0.000       0.000       0.000       0.000    
    46800.   12.36067075   12.3498  0.5691E-03   0.000     -0.9513E-05 -0.6141E-05 0.6014E-03-0.1155E-02  0.000      0.000      0.000      0.000       0.000       0.000       0.000       0.000       0.000       0.000    
    50400.   12.34788043   12.3672   0.000       0.000      0.1686E-04  0.3597E-04 0.6232E-03-0.6761E-03  0.000      0.000      0.000      0.000       0.000       0.000       0.000       0.000       0.000       0.000    
    54000.   12.35930349   12.3506  0.5691E-03   0.000     -0.7651E-05 -0.3213E-04 0.6044E-03-0.1134E-02  0.000      0.000      0.000      0.000       0.000       0.000       0.000       0.000       0.000       0.000    
    57600.   12.39495561   12.2541  0.1992E-02   0.000     -0.1233E-03 -0.1003E-03 0.5476E-03-0.2316E-02  0.000      0.000      0.000      0.000       0.000       0.000       0.000       0.000       0.000       0.000    
    61200.   12.50430050   11.9213  0.6260E-02   0.000     -0.5101E-03 -0.3075E-03 0.3752E-03-0.5818E-02  0.000      0.000      0.000      0.000       0.000       0.000       0.000       0.000       0.000       0.000    
    64800.   12.49953830   11.6800  0.5122E-02   0.000     -0.7171E-03  0.1339E-04 0.3980E-03-0.4817E-02  0.000      0.000      0.000      0.000       0.000       0.000       0.000       0.000       0.000       0.000    
    68400.   12.49855279   11.4734  0.4838E-02   0.000     -0.8970E-03  0.2772E-05 0.4118E-03-0.4355E-02  0.000      0.000      0.000      0.000       0.000       0.000       0.000       0.000       0.000       0.000    
    72000.   12.46780525   11.3639  0.3415E-02   0.000     -0.9660E-03  0.8648E-04 0.4717E-03-0.3007E-02  0.000      0.000      0.000      0.000       0.000       0.000       0.000       0.000       0.000       0.000    
    75600.   12.43733487   11.3274  0.2277E-02   0.000     -0.9712E-03  0.8570E-04 0.5264E-03-0.1917E-02  0.000      0.000      0.000      0.000       0.000       0.000       0.000       0.000       0.000       0.000    
    79200.   12.51412728   11.0977  0.5691E-02   0.000     -0.1239E-02 -0.2160E-03 0.4035E-03-0.4639E-02  0.000      0.000      0.000      0.000       0.000       0.000       0.000       0.000       0.000       0.000    
    82800.   12.52824727   10.8857  0.5691E-02   0.000     -0.1437E-02 -0.3971E-04 0.3898E-03-0.4604E-02  0.000      0.000      0.000      0.000       0.000       0.000       0.000       0.000       0.000       0.000    
    86400.   12.54233649   10.6731  0.5976E-02   0.000     -0.1636E-02 -0.3963E-04 0.3761E-03-0.4677E-02  0.000      0.000      0.000      0.000       0.000       0.000       0.000       0.000       0.000       0.000    
    90000.   12.62375780   10.2966  0.9106E-02   0.000     -0.2036E-02 -0.2290E-03 0.2536E-03-0.7094E-02  0.000      0.000      0.000      0.000       0.000       0.000       0.000       0.000       0.000       0.000    
    93600.   12.81316755    9.5388  0.1622E-01   0.000     -0.2865E-02 -0.5327E-03-0.3587E-04-0.1279E-01  0.000      0.000      0.000      0.000       0.000       0.000       0.000       0.000       0.000       0.000    
    97200.   12.74668556    9.0979  0.1167E-01   0.000     -0.3193E-02  0.1870E-03 0.1062E-03-0.8768E-02  0.000      0.000      0.000      0.000       0.000       0.000       0.000       0.000       0.000       0.000    
   100800.   12.59894319    9.0479  0.5407E-02   0.000     -0.3107E-02  0.4155E-03 0.3671E-03-0.3082E-02  0.000      0.000      0.000      0.000       0.000       0.000       0.000       0.000       0.000       0.000    
   104400.   12.52931730    9.1148  0.3415E-02   0.000     -0.2988E-02  0.1958E-03 0.4824E-03-0.1105E-02  0.000      0.000      0.000      0.000       0.000       0.000       0.000       0.000       0.000       0.000    
   108000.   12.50736935    9.1925  0.3130E-02   0.000     -0.2901E-02  0.6173E-04 0.5128E-03-0.8042E-03  0.000      0.000      0.000      0.000       0.000       0.000       0.000       0.000       0.000       0.000    
   111600.   12.47369690    9.3298  0.1992E-02   0.000     -0.2751E-02  0.9470E-04 0.5601E-03 0.1041E-03  0.000      0.000      0.000      0.000       0.000       0.000       0.000       0.000       0.000       0.000    
   115200.   12.44621217    9.5061  0.1138E-02   0.000     -0.2573E-02  0.7730E-04 0.5945E-03 0.7625E-03  0.000      0.000      0.000      0.000       0.000       0.000       0.000       0.000       0.000       0.000    
   118800.   12.42632710    9.7023  0.5691E-03   0.000     -0.2383E-02  0.5593E-04 0.6148E-03 0.1144E-02  0.000      0.000      0.000      0.000       0.000       0.000       0.000       0.000       0.000       0.000    
   122400.   12.43497709    9.8515  0.1138E-02   0.000     -0.2261E-02 -0.2433E-04 0.5882E-03 0.5584E-03  0.000      0.000      0.000      0.000       0.000       0.000       0.000       0.000       0.000       0.000    
   126000.   12.41493441   10.0390  0.2846E-03   0.000     -0.2079E-02  0.5637E-04 0.6105E-03 0.1127E-02  0.000      0.000      0.000      0.000       0.000       0.000       0.000       0.000       0.000       0.000    
   129600.   12.46580057   10.0820  0.2561E-02   0.000     -0.2086E-02 -0.1431E-03 0.5173E-03-0.8495E-03  0.000      0.000      0.000      0.000       0.000       0.000       0.000       0.000       0.000       0.000    
   133200.   12.44041862   10.2040  0.1138E-02   0.000     -0.1957E-02  0.7139E-04 0.5542E-03 0.1930E-03  0.000      0.000      0.000      0.000       0.000       0.000       0.000       0.000       0.000       0.000    
   136800.   12.43114998   10.3334  0.8537E-03   0.000     -0.1836E-02  0.2607E-04 0.5628E-03 0.3930E-03  0.000      0.000      0.000      0.000       0.000       0.000       0.000       0.000       0.000       0.000    
   140400.   12.40885523   10.5022   0.000       0.000     -0.1668E-02  0.6270E-04 0.5922E-03 0.1013E-02  0.000      0.000      0.000      0.000       0.000       0.000       0.000       0.000       0.000       0.000    
   144000.   12.40439387   10.6584   0.000       0.000     -0.1528E-02  0.1255E-04 0.5915E-03 0.9237E-03  0.000      0.000      0.000      0.000       0.000       0.000       0.000       0.000       0.000       0.000    
   147600.   12.40241908   10.8031   0.000       0.000     -0.1399E-02  0.5554E-05 0.5874E-03 0.8065E-03  0.000      0.000      0.000      0.000       0.000       0.000       0.000       0.000       0.000       0.000    
   151200.   12.40134771   10.9370   0.000       0.000     -0.1281E-02  0.3013E-05 0.5828E-03 0.6955E-03  0.000      0.000      0.000      0.000       0.000       0.000       0.000       0.000       0.000       0.000    
   154800.   12.40065054   11.0610   0.000       0.000     -0.1172E-02  0.1961E-05 0.5785E-03 0.5917E-03  0.000      0.000      0.000      0.000       0.000       0.000       0.000       0.000       0.000       0.000    
   158400.   12.41373515   11.1432  0.5691E-03   0.000     -0.1112E-02 -0.3680E-04 0.5528E-03 0.2664E-04  0.000      0.000      0.000      0.000       0.000       0.000       0.000       0.000       0.000       0.000    
   162000.   12.47042345   11.0890  0.2846E-02   0.000     -0.1209E-02 -0.1594E-03 0.4587E-03-0.1936E-02  0.000      0.000      0.000      0.000       0.000       0.000       0.000       0.000       0.000       0.000    
   165600.   12.46784292   11.0720  0.2277E-02   0.000     -0.1221E-02  0.7258E-05 0.4670E-03-0.1529E-02  0.000      0.000      0.000      0.000       0.000       0.000       0.000       0.000       0.000       0.000    
   169200.   12.42273230   11.1706  0.2846E-03   0.000     -0.1096E-02  0.1269E-03 0.5433E-03 0.1408E-03  0.000      0.000      0.000      0.000       0.000       0.000       0.000       0.000       0.000       0.000    
   172800.   12.40888902   11.2778   0.000       0.000     -0.9897E-03  0.3893E-04 0.5640E-03 0.3868E-03  0.000      0.000      0.000      0.000       0.000       0.000       0.000       0.000       0.000       0.000    
