TOTIM (T)      HCON          HMAT      QDIR      QWELL        QMAT       QCADS      QTUB1      QTUB2      QTUB3      QTUB4      QTUB5      QTUB6       NSTOR        QFIX        QLH     FHLQ (LQ)        CAUCHY   CAUCHY (LQ)
     3600.   12.36574482   12.4098   0.000       0.000      0.3857E-04   0.000     0.1797E-02-0.1836E-02  0.000      0.000      0.000      0.000       0.000       0.000       0.000       0.000       0.000       0.000    
     7200.   12.35219445   12.4087   0.000       0.000      0.4945E-04   0.000     0.1499E-02-0.1549E-02  0.000      0.000      0.000      0.000       0.000       0.000       0.000       0.000       0.000       0.000    
    10800.   12.34966368   12.4075   0.000       0.000      0.5062E-04   0.000     0.1513E-02-0.1564E-02  0.000      0.000      0.000      0.000       0.000       0.000       0.000       0.000       0.000       0.000    
    14400.   12.34850103   12.4063   0.000       0.000      0.5061E-04   0.000     0.1534E-02-0.1585E-02  0.000      0.000      0.000      0.000       0.000       0.000       0.000       0.000       0.000       0.000    
    18000.   12.34777311   12.4052   0.000       0.000      0.5025E-04   0.000     0.1550E-02-0.1600E-02  0.000      0.000      0.000      0.000       0.000       0.000       0.000       0.000       0.000       0.000    
    21600.   12.34723409   12.4041   0.000       0.000      0.4976E-04   0.000     0.1563E-02-0.1613E-02  0.000      0.000      0.000      0.000       0.000       0.000       0.000       0.000       0.000       0.000    
    25200.   12.34678119   12.4030   0.000       0.000      0.4922E-04   0.000     0.1575E-02-0.1624E-02  0.000      0.000      0.000      0.000       0.000       0.000       0.000       0.000       0.000       0.000    
    28800.   12.34639421   12.4020   0.000       0.000      0.4867E-04   0.000     0.1585E-02-0.1633E-02  0.000      0.000      0.000      0.000       0.000       0.000       0.000       0.000       0.000       0.000    
    32400.   12.34601589   12.4010   0.000       0.000      0.4815E-04   0.000     0.1594E-02-0.1642E-02  0.000      0.000      0.000      0.000       0.000       0.000       0.000       0.000       0.000       0.000    
    36000.   12.34564163   12.4001   0.000       0.000      0.4765E-04   0.000     0.1602E-02-0.1650E-02  0.000      0.000      0.000      0.000       0.000       0.000       0.000       0.000       0.000       0.000    
    39600.   12.34526986   12.3992   0.000       0.000      0.4719E-04   0.000     0.1611E-02-0.1658E-02  0.000      0.000      0.000      0.000       0.000       0.000       0.000       0.000       0.000       0.000    
    43200.   12.35848689   12.3994   0.000       0.000      0.3584E-04   0.000     0.1916E-02-0.1951E-02  0.000      0.000      0.000      0.000       0.000       0.000       0.000       0.000       0.000       0.000    
    46800.   12.36067043   12.3998   0.000       0.000      0.3424E-04   0.000     0.1908E-02-0.1942E-02  0.000      0.000      0.000      0.000       0.000       0.000       0.000       0.000       0.000       0.000    
    50400.   12.34788022   12.3990   0.000       0.000      0.4477E-04   0.000     0.1597E-02-0.1641E-02  0.000      0.000      0.000      0.000       0.000       0.000       0.000       0.000       0.000       0.000    
    54000.   12.35930318   12.3993   0.000       0.000      0.3503E-04   0.000     0.1898E-02-0.1933E-02  0.000      0.000      0.000      0.000       0.000       0.000       0.000       0.000       0.000       0.000    
    57600.   12.39495502   12.4025   0.000       0.000      0.6635E-05   0.000     0.2639E-02-0.2646E-02  0.000      0.000      0.000      0.000       0.000       0.000       0.000       0.000       0.000       0.000    
    61200.   12.50429909   12.4144   0.000       0.000     -0.7864E-04   0.000     0.4817E-02-0.4738E-02  0.000      0.000      0.000      0.000       0.000       0.000       0.000       0.000       0.000       0.000    
    64800.   12.49953710   12.4245   0.000       0.000     -0.6565E-04   0.000     0.4055E-02-0.3989E-02  0.000      0.000      0.000      0.000       0.000       0.000       0.000       0.000       0.000       0.000    
    68400.   12.49855170   12.4337   0.000       0.000     -0.5672E-04   0.000     0.3732E-02-0.3675E-02  0.000      0.000      0.000      0.000       0.000       0.000       0.000       0.000       0.000       0.000    
    72000.   12.46780447   12.4397   0.000       0.000     -0.2457E-04   0.000     0.2881E-02-0.2856E-02  0.000      0.000      0.000      0.000       0.000       0.000       0.000       0.000       0.000       0.000    
    75600.   12.43733435   12.4429   0.000       0.000      0.4903E-05   0.000     0.2234E-02-0.2239E-02  0.000      0.000      0.000      0.000       0.000       0.000       0.000       0.000       0.000       0.000    
    79200.   12.51412614   12.4525   0.000       0.000     -0.5392E-04   0.000     0.4014E-02-0.3960E-02  0.000      0.000      0.000      0.000       0.000       0.000       0.000       0.000       0.000       0.000    
    82800.   12.52824613   12.4622   0.000       0.000     -0.5775E-04   0.000     0.3934E-02-0.3877E-02  0.000      0.000      0.000      0.000       0.000       0.000       0.000       0.000       0.000       0.000    
    86400.   12.54233533   12.4724   0.000       0.000     -0.6124E-04   0.000     0.3952E-02-0.3891E-02  0.000      0.000      0.000      0.000       0.000       0.000       0.000       0.000       0.000       0.000    
    90000.   12.62375608   12.4884   0.000       0.000     -0.1184E-03   0.000     0.5469E-02-0.5351E-02  0.000      0.000      0.000      0.000       0.000       0.000       0.000       0.000       0.000       0.000    
    93600.   12.81312106   12.5188   0.000       0.000     -0.2576E-03   0.000     0.8997E-02-0.8739E-02  0.000      0.000      0.000      0.000       0.000       0.000       0.000       0.000       0.000       0.000    
    97200.   12.74666300   12.5404   0.000       0.000     -0.1804E-03   0.000     0.6239E-02-0.6059E-02  0.000      0.000      0.000      0.000       0.000       0.000       0.000       0.000       0.000       0.000    
   100800.   12.59894069   12.5485   0.000       0.000     -0.4417E-04   0.000     0.2658E-02-0.2613E-02  0.000      0.000      0.000      0.000       0.000       0.000       0.000       0.000       0.000       0.000    
   104400.   12.52931695   12.5509   0.000       0.000      0.1888E-04   0.000     0.1597E-02-0.1616E-02  0.000      0.000      0.000      0.000       0.000       0.000       0.000       0.000       0.000       0.000    
   108000.   12.50736913   12.5519   0.000       0.000      0.3893E-04   0.000     0.1561E-02-0.1600E-02  0.000      0.000      0.000      0.000       0.000       0.000       0.000       0.000       0.000       0.000    
   111600.   12.47369690   12.5502   0.000       0.000      0.6694E-04   0.000     0.1066E-02-0.1133E-02  0.000      0.000      0.000      0.000       0.000       0.000       0.000       0.000       0.000       0.000    
   115200.   12.44621234   12.5466   0.000       0.000      0.8783E-04   0.000     0.7114E-03-0.7992E-03  0.000      0.000      0.000      0.000       0.000       0.000       0.000       0.000       0.000       0.000    
   118800.   12.42632737   12.5418   0.000       0.000      0.1010E-03   0.000     0.5185E-03-0.6195E-03  0.000      0.000      0.000      0.000       0.000       0.000       0.000       0.000       0.000       0.000    
   122400.   12.43497723   12.5381   0.000       0.000      0.9028E-04   0.000     0.9226E-03-0.1013E-02  0.000      0.000      0.000      0.000       0.000       0.000       0.000       0.000       0.000       0.000    
   126000.   12.41493468   12.5331   0.000       0.000      0.1034E-03   0.000     0.5582E-03-0.6616E-03  0.000      0.000      0.000      0.000       0.000       0.000       0.000       0.000       0.000       0.000    
   129600.   12.46580039   12.5327   0.000       0.000      0.5855E-04   0.000     0.1825E-02-0.1883E-02  0.000      0.000      0.000      0.000       0.000       0.000       0.000       0.000       0.000       0.000    
   133200.   12.44041868   12.5300   0.000       0.000      0.7839E-04   0.000     0.1109E-02-0.1188E-02  0.000      0.000      0.000      0.000       0.000       0.000       0.000       0.000       0.000       0.000    
   136800.   12.43115008   12.5268   0.000       0.000      0.8369E-04   0.000     0.9862E-03-0.1070E-02  0.000      0.000      0.000      0.000       0.000       0.000       0.000       0.000       0.000       0.000    
   140400.   12.40885547   12.5220   0.000       0.000      0.9900E-04   0.000     0.6023E-03-0.7013E-03  0.000      0.000      0.000      0.000       0.000       0.000       0.000       0.000       0.000       0.000    
   144000.   12.40439410   12.5173   0.000       0.000      0.9878E-04   0.000     0.6815E-03-0.7803E-03  0.000      0.000      0.000      0.000       0.000       0.000       0.000       0.000       0.000       0.000    
   147600.   12.40241928   12.5128   0.000       0.000      0.9656E-04   0.000     0.7634E-03-0.8600E-03  0.000      0.000      0.000      0.000       0.000       0.000       0.000       0.000       0.000       0.000    
   151200.   12.40134788   12.5085   0.000       0.000      0.9375E-04   0.000     0.8324E-03-0.9262E-03  0.000      0.000      0.000      0.000       0.000       0.000       0.000       0.000       0.000       0.000    
   154800.   12.40065069   12.5044   0.000       0.000      0.9082E-04   0.000     0.8935E-03-0.9844E-03  0.000      0.000      0.000      0.000       0.000       0.000       0.000       0.000       0.000       0.000    
   158400.   12.41373517   12.5018   0.000       0.000      0.7702E-04   0.000     0.1246E-02-0.1323E-02  0.000      0.000      0.000      0.000       0.000       0.000       0.000       0.000       0.000       0.000    
   162000.   12.47042301   12.5039   0.000       0.000      0.2929E-04   0.000     0.2470E-02-0.2499E-02  0.000      0.000      0.000      0.000       0.000       0.000       0.000       0.000       0.000       0.000    
   165600.   12.46784256   12.5054   0.000       0.000      0.3284E-04   0.000     0.2142E-02-0.2175E-02  0.000      0.000      0.000      0.000       0.000       0.000       0.000       0.000       0.000       0.000    
   169200.   12.42273232   12.5029   0.000       0.000      0.7018E-04   0.000     0.1061E-02-0.1131E-02  0.000      0.000      0.000      0.000       0.000       0.000       0.000       0.000       0.000       0.000    
   172800.   12.40888911   12.4997   0.000       0.000      0.7948E-04   0.000     0.9482E-03-0.1028E-02  0.000      0.000      0.000      0.000       0.000       0.000       0.000       0.000       0.000       0.000    
