TOTIM (T)      HCON          HMAT      QDIR      QWELL        QMAT       QCADS      QTUB1      QTUB2      QTUB3      QTUB4      QTUB5      QTUB6       NSTOR        QFIX        QLH     FHLQ (LQ)        CAUCHY   CAUCHY (LQ)
     3600.   12.36574429   12.3818   0.000       0.000      0.1409E-04   0.000     0.1994E-02-0.2008E-02  0.000      0.000      0.000      0.000       0.000       0.000       0.000       0.000       0.000       0.000    
     7200.   12.35219398   12.3807   0.000       0.000      0.2496E-04   0.000     0.1816E-02-0.1841E-02  0.000      0.000      0.000      0.000       0.000       0.000       0.000       0.000       0.000       0.000    
    10800.   12.34966321   12.3795   0.000       0.000      0.2614E-04   0.000     0.1843E-02-0.1869E-02  0.000      0.000      0.000      0.000       0.000       0.000       0.000       0.000       0.000       0.000    
    14400.   12.34850055   12.3784   0.000       0.000      0.2613E-04   0.000     0.1863E-02-0.1890E-02  0.000      0.000      0.000      0.000       0.000       0.000       0.000       0.000       0.000       0.000    
    18000.   12.34777263   12.3772   0.000       0.000      0.2577E-04   0.000     0.1876E-02-0.1901E-02  0.000      0.000      0.000      0.000       0.000       0.000       0.000       0.000       0.000       0.000    
    21600.   12.34723360   12.3761   0.000       0.000      0.2528E-04   0.000     0.1883E-02-0.1909E-02  0.000      0.000      0.000      0.000       0.000       0.000       0.000       0.000       0.000       0.000    
    25200.   12.34678070   12.3751   0.000       0.000      0.2474E-04   0.000     0.1889E-02-0.1914E-02  0.000      0.000      0.000      0.000       0.000       0.000       0.000       0.000       0.000       0.000    
    28800.   12.34639372   12.3740   0.000       0.000      0.2419E-04   0.000     0.1893E-02-0.1917E-02  0.000      0.000      0.000      0.000       0.000       0.000       0.000       0.000       0.000       0.000    
    32400.   12.34601540   12.3731   0.000       0.000      0.2367E-04   0.000     0.1896E-02-0.1920E-02  0.000      0.000      0.000      0.000       0.000       0.000       0.000       0.000       0.000       0.000    
    36000.   12.34564114   12.3721   0.000       0.000      0.2317E-04   0.000     0.1899E-02-0.1923E-02  0.000      0.000      0.000      0.000       0.000       0.000       0.000       0.000       0.000       0.000    
    39600.   12.34526936   12.3712   0.000       0.000      0.2271E-04   0.000     0.1902E-02-0.1925E-02  0.000      0.000      0.000      0.000       0.000       0.000       0.000       0.000       0.000       0.000    
    43200.   12.35848633   12.3715   0.000       0.000      0.1137E-04   0.000     0.2083E-02-0.2094E-02  0.000      0.000      0.000      0.000       0.000       0.000       0.000       0.000       0.000       0.000    
    46800.   12.36066987   12.3718   0.000       0.000      0.9765E-05   0.000     0.2058E-02-0.2067E-02  0.000      0.000      0.000      0.000       0.000       0.000       0.000       0.000       0.000       0.000    
    50400.   12.34787973   12.3711   0.000       0.000      0.2029E-04   0.000     0.1862E-02-0.1882E-02  0.000      0.000      0.000      0.000       0.000       0.000       0.000       0.000       0.000       0.000    
    54000.   12.35930263   12.3714   0.000       0.000      0.1056E-04   0.000     0.2056E-02-0.2067E-02  0.000      0.000      0.000      0.000       0.000       0.000       0.000       0.000       0.000       0.000    
    57600.   12.39495432   12.3746   0.000       0.000     -0.1783E-04   0.000     0.2485E-02-0.2467E-02  0.000      0.000      0.000      0.000       0.000       0.000       0.000       0.000       0.000       0.000    
    61200.   12.50429793   12.3865   0.000       0.000     -0.1031E-03   0.000     0.3724E-02-0.3621E-02  0.000      0.000      0.000      0.000       0.000       0.000       0.000       0.000       0.000       0.000    
    64800.   12.49953612   12.3965   0.000       0.000     -0.9012E-04   0.000     0.3106E-02-0.3015E-02  0.000      0.000      0.000      0.000       0.000       0.000       0.000       0.000       0.000       0.000    
    68400.   12.49855079   12.4058   0.000       0.000     -0.8120E-04   0.000     0.2881E-02-0.2800E-02  0.000      0.000      0.000      0.000       0.000       0.000       0.000       0.000       0.000       0.000    
    72000.   12.46780375   12.4118   0.000       0.000     -0.4904E-04   0.000     0.2383E-02-0.2334E-02  0.000      0.000      0.000      0.000       0.000       0.000       0.000       0.000       0.000       0.000    
    75600.   12.43733376   12.4150   0.000       0.000     -0.1957E-04   0.000     0.2061E-02-0.2041E-02  0.000      0.000      0.000      0.000       0.000       0.000       0.000       0.000       0.000       0.000    
    79200.   12.51412515   12.4245   0.000       0.000     -0.7840E-04   0.000     0.3194E-02-0.3115E-02  0.000      0.000      0.000      0.000       0.000       0.000       0.000       0.000       0.000       0.000    
    82800.   12.52824518   12.4343   0.000       0.000     -0.8224E-04   0.000     0.3072E-02-0.2990E-02  0.000      0.000      0.000      0.000       0.000       0.000       0.000       0.000       0.000       0.000    
    86400.   12.54233437   12.4444   0.000       0.000     -0.8573E-04   0.000     0.3051E-02-0.2965E-02  0.000      0.000      0.000      0.000       0.000       0.000       0.000       0.000       0.000       0.000    
    90000.   12.62375480   12.4604   0.000       0.000     -0.1429E-03   0.000     0.3940E-02-0.3797E-02  0.000      0.000      0.000      0.000       0.000       0.000       0.000       0.000       0.000       0.000    
    93600.   12.81310981   12.4908   0.000       0.000     -0.2821E-03   0.000     0.5936E-02-0.5654E-02  0.000      0.000      0.000      0.000       0.000       0.000       0.000       0.000       0.000       0.000    
    97200.   12.74665742   12.5124   0.000       0.000     -0.2050E-03   0.000     0.4027E-02-0.3822E-02  0.000      0.000      0.000      0.000       0.000       0.000       0.000       0.000       0.000       0.000    
   100800.   12.59893957   12.5204   0.000       0.000     -0.6872E-04   0.000     0.1944E-02-0.1875E-02  0.000      0.000      0.000      0.000       0.000       0.000       0.000       0.000       0.000       0.000    
   104400.   12.52931641   12.5228   0.000       0.000     -0.5679E-05   0.000     0.1577E-02-0.1572E-02  0.000      0.000      0.000      0.000       0.000       0.000       0.000       0.000       0.000       0.000    
   108000.   12.50736857   12.5238   0.000       0.000      0.1435E-04   0.000     0.1762E-02-0.1776E-02  0.000      0.000      0.000      0.000       0.000       0.000       0.000       0.000       0.000       0.000    
   111600.   12.47369652   12.5221   0.000       0.000      0.4234E-04   0.000     0.1574E-02-0.1616E-02  0.000      0.000      0.000      0.000       0.000       0.000       0.000       0.000       0.000       0.000    
   115200.   12.44621202   12.5185   0.000       0.000      0.6321E-04   0.000     0.1449E-02-0.1513E-02  0.000      0.000      0.000      0.000       0.000       0.000       0.000       0.000       0.000       0.000    
   118800.   12.42632708   12.5136   0.000       0.000      0.7638E-04   0.000     0.1401E-02-0.1478E-02  0.000      0.000      0.000      0.000       0.000       0.000       0.000       0.000       0.000       0.000    
   122400.   12.43497685   12.5100   0.000       0.000      0.6562E-04   0.000     0.1687E-02-0.1753E-02  0.000      0.000      0.000      0.000       0.000       0.000       0.000       0.000       0.000       0.000    
   126000.   12.41493438   12.5049   0.000       0.000      0.7872E-04   0.000     0.1467E-02-0.1546E-02  0.000      0.000      0.000      0.000       0.000       0.000       0.000       0.000       0.000       0.000    
   129600.   12.46579982   12.5045   0.000       0.000      0.3386E-04   0.000     0.2240E-02-0.2274E-02  0.000      0.000      0.000      0.000       0.000       0.000       0.000       0.000       0.000       0.000    
   133200.   12.44041827   12.5018   0.000       0.000      0.5369E-04   0.000     0.1743E-02-0.1797E-02  0.000      0.000      0.000      0.000       0.000       0.000       0.000       0.000       0.000       0.000    
   136800.   12.43114970   12.4985   0.000       0.000      0.5897E-04   0.000     0.1678E-02-0.1737E-02  0.000      0.000      0.000      0.000       0.000       0.000       0.000       0.000       0.000       0.000    
   140400.   12.40885517   12.4937   0.000       0.000      0.7427E-04   0.000     0.1462E-02-0.1536E-02  0.000      0.000      0.000      0.000       0.000       0.000       0.000       0.000       0.000       0.000    
   144000.   12.40439377   12.4890   0.000       0.000      0.7403E-04   0.000     0.1539E-02-0.1613E-02  0.000      0.000      0.000      0.000       0.000       0.000       0.000       0.000       0.000       0.000    
   147600.   12.40241894   12.4845   0.000       0.000      0.7179E-04   0.000     0.1596E-02-0.1668E-02  0.000      0.000      0.000      0.000       0.000       0.000       0.000       0.000       0.000       0.000    
   151200.   12.40134753   12.4802   0.000       0.000      0.6897E-04   0.000     0.1634E-02-0.1703E-02  0.000      0.000      0.000      0.000       0.000       0.000       0.000       0.000       0.000       0.000    
   154800.   12.40065032   12.4761   0.000       0.000      0.6604E-04   0.000     0.1663E-02-0.1729E-02  0.000      0.000      0.000      0.000       0.000       0.000       0.000       0.000       0.000       0.000    
   158400.   12.41373472   12.4734   0.000       0.000      0.5223E-04   0.000     0.1864E-02-0.1916E-02  0.000      0.000      0.000      0.000       0.000       0.000       0.000       0.000       0.000       0.000    
   162000.   12.47042232   12.4756   0.000       0.000      0.4497E-05   0.000     0.2562E-02-0.2567E-02  0.000      0.000      0.000      0.000       0.000       0.000       0.000       0.000       0.000       0.000    
   165600.   12.46784195   12.4770   0.000       0.000      0.8036E-05   0.000     0.2273E-02-0.2281E-02  0.000      0.000      0.000      0.000       0.000       0.000       0.000       0.000       0.000       0.000    
   169200.   12.42273194   12.4746   0.000       0.000      0.4537E-04   0.000     0.1603E-02-0.1649E-02  0.000      0.000      0.000      0.000       0.000       0.000       0.000       0.000       0.000       0.000    
   172800.   12.40888874   12.4714   0.000       0.000      0.5467E-04   0.000     0.1592E-02-0.1647E-02  0.000      0.000      0.000      0.000       0.000       0.000       0.000       0.000       0.000       0.000    
