TOTIM (T)      HCON          HMAT      QDIR      QWELL        QMAT       QCADS      QTUB1      QTUB2      QTUB3      QTUB4      QTUB5      QTUB6       NSTOR        QFIX        QLH     FHLQ (LQ)        CAUCHY   CAUCHY (LQ)
     3600.   12.36574517   12.4469   0.000       0.000      0.7099E-04   0.000     0.1226E-02-0.1297E-02  0.000      0.000      0.000      0.000       0.000       0.000       0.000       0.000       0.000       0.000    
     7200.   12.35219472   12.4458   0.000       0.000      0.8186E-04   0.000     0.8297E-03-0.9115E-03  0.000      0.000      0.000      0.000       0.000       0.000       0.000       0.000       0.000       0.000    
    10800.   12.34966396   12.4446   0.000       0.000      0.8304E-04   0.000     0.8333E-03-0.9163E-03  0.000      0.000      0.000      0.000       0.000       0.000       0.000       0.000       0.000       0.000    
    14400.   12.34850131   12.4434   0.000       0.000      0.8303E-04   0.000     0.8540E-03-0.9371E-03  0.000      0.000      0.000      0.000       0.000       0.000       0.000       0.000       0.000       0.000    
    18000.   12.34777339   12.4423   0.000       0.000      0.8267E-04   0.000     0.8733E-03-0.9560E-03  0.000      0.000      0.000      0.000       0.000       0.000       0.000       0.000       0.000       0.000    
    21600.   12.34723437   12.4411   0.000       0.000      0.8217E-04   0.000     0.8909E-03-0.9731E-03  0.000      0.000      0.000      0.000       0.000       0.000       0.000       0.000       0.000       0.000    
    25200.   12.34678148   12.4401   0.000       0.000      0.8164E-04   0.000     0.9072E-03-0.9888E-03  0.000      0.000      0.000      0.000       0.000       0.000       0.000       0.000       0.000       0.000    
    28800.   12.34639451   12.4391   0.000       0.000      0.8109E-04   0.000     0.9220E-03-0.1003E-02  0.000      0.000      0.000      0.000       0.000       0.000       0.000       0.000       0.000       0.000    
    32400.   12.34601619   12.4381   0.000       0.000      0.8056E-04   0.000     0.9361E-03-0.1017E-02  0.000      0.000      0.000      0.000       0.000       0.000       0.000       0.000       0.000       0.000    
    36000.   12.34564193   12.4371   0.000       0.000      0.8007E-04   0.000     0.9491E-03-0.1029E-02  0.000      0.000      0.000      0.000       0.000       0.000       0.000       0.000       0.000       0.000    
    39600.   12.34527016   12.4362   0.000       0.000      0.7960E-04   0.000     0.9614E-03-0.1041E-02  0.000      0.000      0.000      0.000       0.000       0.000       0.000       0.000       0.000       0.000    
    43200.   12.35848727   12.4365   0.000       0.000      0.6826E-04   0.000     0.1368E-02-0.1437E-02  0.000      0.000      0.000      0.000       0.000       0.000       0.000       0.000       0.000       0.000    
    46800.   12.36067081   12.4368   0.000       0.000      0.6665E-04   0.000     0.1376E-02-0.1442E-02  0.000      0.000      0.000      0.000       0.000       0.000       0.000       0.000       0.000       0.000    
    50400.   12.34788052   12.4361   0.000       0.000      0.7718E-04   0.000     0.9693E-03-0.1046E-02  0.000      0.000      0.000      0.000       0.000       0.000       0.000       0.000       0.000       0.000    
    54000.   12.35930355   12.4364   0.000       0.000      0.6744E-04   0.000     0.1358E-02-0.1426E-02  0.000      0.000      0.000      0.000       0.000       0.000       0.000       0.000       0.000       0.000    
    57600.   12.39495559   12.4396   0.000       0.000      0.3905E-04   0.000     0.2355E-02-0.2394E-02  0.000      0.000      0.000      0.000       0.000       0.000       0.000       0.000       0.000       0.000    
    61200.   12.50430022   12.4515   0.000       0.000     -0.4623E-04   0.000     0.5300E-02-0.5254E-02  0.000      0.000      0.000      0.000       0.000       0.000       0.000       0.000       0.000       0.000    
    64800.   12.49953804   12.4616   0.000       0.000     -0.3323E-04   0.000     0.4421E-02-0.4388E-02  0.000      0.000      0.000      0.000       0.000       0.000       0.000       0.000       0.000       0.000    
    68400.   12.49855256   12.4708   0.000       0.000     -0.2431E-04   0.000     0.4018E-02-0.3994E-02  0.000      0.000      0.000      0.000       0.000       0.000       0.000       0.000       0.000       0.000    
    72000.   12.46780512   12.4768   0.000       0.000      0.7849E-05   0.000     0.2877E-02-0.2885E-02  0.000      0.000      0.000      0.000       0.000       0.000       0.000       0.000       0.000       0.000    
    75600.   12.43733483   12.4800   0.000       0.000      0.3732E-04   0.000     0.1965E-02-0.2003E-02  0.000      0.000      0.000      0.000       0.000       0.000       0.000       0.000       0.000       0.000    
    79200.   12.51412706   12.4896   0.000       0.000     -0.2150E-04   0.000     0.4275E-02-0.4253E-02  0.000      0.000      0.000      0.000       0.000       0.000       0.000       0.000       0.000       0.000    
    82800.   12.52824704   12.4993   0.000       0.000     -0.2533E-04   0.000     0.4230E-02-0.4204E-02  0.000      0.000      0.000      0.000       0.000       0.000       0.000       0.000       0.000       0.000    
    86400.   12.54233624   12.5094   0.000       0.000     -0.2881E-04   0.000     0.4278E-02-0.4250E-02  0.000      0.000      0.000      0.000       0.000       0.000       0.000       0.000       0.000       0.000    
    90000.   12.62375738   12.5255   0.000       0.000     -0.8597E-04   0.000     0.6311E-02-0.6225E-02  0.000      0.000      0.000      0.000       0.000       0.000       0.000       0.000       0.000       0.000    
    93600.   12.81314234   12.5558   0.000       0.000     -0.2251E-03   0.000     0.1109E-01-0.1087E-01  0.000      0.000      0.000      0.000       0.000       0.000       0.000       0.000       0.000       0.000    
    97200.   12.74667330   12.5775   0.000       0.000     -0.1480E-03   0.000     0.7639E-02-0.7491E-02  0.000      0.000      0.000      0.000       0.000       0.000       0.000       0.000       0.000       0.000    
   100800.   12.59894242   12.5855   0.000       0.000     -0.1173E-04   0.000     0.2831E-02-0.2819E-02  0.000      0.000      0.000      0.000       0.000       0.000       0.000       0.000       0.000       0.000    
   104400.   12.52931730   12.5880   0.000       0.000      0.5134E-04   0.000     0.1203E-02-0.1255E-02  0.000      0.000      0.000      0.000       0.000       0.000       0.000       0.000       0.000       0.000    
   108000.   12.50736945   12.5890   0.000       0.000      0.7139E-04   0.000     0.9870E-03-0.1058E-02  0.000      0.000      0.000      0.000       0.000       0.000       0.000       0.000       0.000       0.000    
   111600.   12.47369706   12.5873   0.000       0.000      0.9940E-04   0.000     0.2395E-03-0.3389E-03  0.000      0.000      0.000      0.000       0.000       0.000       0.000       0.000       0.000       0.000    
   115200.   12.44621240   12.5837   0.000       0.000      0.1203E-03   0.000    -0.3028E-03 0.1825E-03  0.000      0.000      0.000      0.000       0.000       0.000       0.000       0.000       0.000       0.000    
   118800.   12.42632738   12.5789   0.000       0.000      0.1335E-03   0.000    -0.6142E-03 0.4807E-03  0.000      0.000      0.000      0.000       0.000       0.000       0.000       0.000       0.000       0.000    
   122400.   12.43497734   12.5753   0.000       0.000      0.1228E-03   0.000    -0.1133E-03-0.9414E-05  0.000      0.000      0.000      0.000       0.000       0.000       0.000       0.000       0.000       0.000    
   126000.   12.41493470   12.5702   0.000       0.000      0.1359E-03   0.000    -0.5956E-03 0.4597E-03  0.000      0.000      0.000      0.000       0.000       0.000       0.000       0.000       0.000       0.000    
   129600.   12.46580073   12.5698   0.000       0.000      0.9104E-04   0.000     0.1075E-02-0.1166E-02  0.000      0.000      0.000      0.000       0.000       0.000       0.000       0.000       0.000       0.000    
   133200.   12.44041884   12.5671   0.000       0.000      0.1109E-03   0.000     0.1809E-03-0.2918E-03  0.000      0.000      0.000      0.000       0.000       0.000       0.000       0.000       0.000       0.000    
   136800.   12.43115021   12.5639   0.000       0.000      0.1162E-03   0.000     0.1013E-04-0.1263E-03  0.000      0.000      0.000      0.000       0.000       0.000       0.000       0.000       0.000       0.000    
   140400.   12.40885550   12.5592   0.000       0.000      0.1315E-03   0.000    -0.5115E-03 0.3800E-03  0.000      0.000      0.000      0.000       0.000       0.000       0.000       0.000       0.000       0.000    
   144000.   12.40439414   12.5544   0.000       0.000      0.1313E-03   0.000    -0.4301E-03 0.2988E-03  0.000      0.000      0.000      0.000       0.000       0.000       0.000       0.000       0.000       0.000    
   147600.   12.40241935   12.5499   0.000       0.000      0.1291E-03   0.000    -0.3281E-03 0.1990E-03  0.000      0.000      0.000      0.000       0.000       0.000       0.000       0.000       0.000       0.000    
   151200.   12.40134797   12.5456   0.000       0.000      0.1263E-03   0.000    -0.2337E-03 0.1074E-03  0.000      0.000      0.000      0.000       0.000       0.000       0.000       0.000       0.000       0.000    
   154800.   12.40065079   12.5416   0.000       0.000      0.1233E-03   0.000    -0.1461E-03 0.2275E-04  0.000      0.000      0.000      0.000       0.000       0.000       0.000       0.000       0.000       0.000    
   158400.   12.41373536   12.5389   0.000       0.000      0.1095E-03   0.000     0.3309E-03-0.4404E-03  0.000      0.000      0.000      0.000       0.000       0.000       0.000       0.000       0.000       0.000    
   162000.   12.47042352   12.5411   0.000       0.000      0.6182E-04   0.000     0.1984E-02-0.2046E-02  0.000      0.000      0.000      0.000       0.000       0.000       0.000       0.000       0.000       0.000    
   165600.   12.46784299   12.5425   0.000       0.000      0.6536E-04   0.000     0.1624E-02-0.1690E-02  0.000      0.000      0.000      0.000       0.000       0.000       0.000       0.000       0.000       0.000    
   169200.   12.42273248   12.5401   0.000       0.000      0.1027E-03   0.000     0.2077E-03-0.3104E-03  0.000      0.000      0.000      0.000       0.000       0.000       0.000       0.000       0.000       0.000    
   172800.   12.40888923   12.5369   0.000       0.000      0.1120E-03   0.000     0.1103E-04-0.1230E-03  0.000      0.000      0.000      0.000       0.000       0.000       0.000       0.000       0.000       0.000    
