TOTIM (T)      HCON          HMAT      QDIR      QWELL        QMAT       QCADS      QTUB1      QTUB2      QTUB3      QTUB4      QTUB5      QTUB6       NSTOR        QFIX        QLH     FHLQ (LQ)        CAUCHY   CAUCHY (LQ)
     3600.   12.36574487   12.4234   0.000       0.000      0.5048E-04   0.000     0.1747E-02-0.1797E-02  0.000      0.000      0.000      0.000       0.000       0.000       0.000       0.000       0.000       0.000    
     7200.   12.35219449   12.4223   0.000       0.000      0.6136E-04   0.000     0.1438E-02-0.1499E-02  0.000      0.000      0.000      0.000       0.000       0.000       0.000       0.000       0.000       0.000    
    10800.   12.34966372   12.4211   0.000       0.000      0.6253E-04   0.000     0.1451E-02-0.1513E-02  0.000      0.000      0.000      0.000       0.000       0.000       0.000       0.000       0.000       0.000    
    14400.   12.34850107   12.4200   0.000       0.000      0.6252E-04   0.000     0.1471E-02-0.1534E-02  0.000      0.000      0.000      0.000       0.000       0.000       0.000       0.000       0.000       0.000    
    18000.   12.34777315   12.4188   0.000       0.000      0.6216E-04   0.000     0.1488E-02-0.1550E-02  0.000      0.000      0.000      0.000       0.000       0.000       0.000       0.000       0.000       0.000    
    21600.   12.34723413   12.4177   0.000       0.000      0.6167E-04   0.000     0.1502E-02-0.1563E-02  0.000      0.000      0.000      0.000       0.000       0.000       0.000       0.000       0.000       0.000    
    25200.   12.34678123   12.4166   0.000       0.000      0.6113E-04   0.000     0.1514E-02-0.1575E-02  0.000      0.000      0.000      0.000       0.000       0.000       0.000       0.000       0.000       0.000    
    28800.   12.34639425   12.4156   0.000       0.000      0.6058E-04   0.000     0.1524E-02-0.1585E-02  0.000      0.000      0.000      0.000       0.000       0.000       0.000       0.000       0.000       0.000    
    32400.   12.34601593   12.4147   0.000       0.000      0.6006E-04   0.000     0.1534E-02-0.1594E-02  0.000      0.000      0.000      0.000       0.000       0.000       0.000       0.000       0.000       0.000    
    36000.   12.34564167   12.4137   0.000       0.000      0.5957E-04   0.000     0.1543E-02-0.1602E-02  0.000      0.000      0.000      0.000       0.000       0.000       0.000       0.000       0.000       0.000    
    39600.   12.34526990   12.4128   0.000       0.000      0.5910E-04   0.000     0.1551E-02-0.1611E-02  0.000      0.000      0.000      0.000       0.000       0.000       0.000       0.000       0.000       0.000    
    43200.   12.35848694   12.4131   0.000       0.000      0.4776E-04   0.000     0.1868E-02-0.1916E-02  0.000      0.000      0.000      0.000       0.000       0.000       0.000       0.000       0.000       0.000    
    46800.   12.36067048   12.4134   0.000       0.000      0.4616E-04   0.000     0.1862E-02-0.1908E-02  0.000      0.000      0.000      0.000       0.000       0.000       0.000       0.000       0.000       0.000    
    50400.   12.34788026   12.4127   0.000       0.000      0.5669E-04   0.000     0.1540E-02-0.1597E-02  0.000      0.000      0.000      0.000       0.000       0.000       0.000       0.000       0.000       0.000    
    54000.   12.35930323   12.4130   0.000       0.000      0.4696E-04   0.000     0.1851E-02-0.1898E-02  0.000      0.000      0.000      0.000       0.000       0.000       0.000       0.000       0.000       0.000    
    57600.   12.39495509   12.4162   0.000       0.000      0.1856E-04   0.000     0.2621E-02-0.2639E-02  0.000      0.000      0.000      0.000       0.000       0.000       0.000       0.000       0.000       0.000    
    61200.   12.50429921   12.4281   0.000       0.000     -0.6671E-04   0.000     0.4883E-02-0.4817E-02  0.000      0.000      0.000      0.000       0.000       0.000       0.000       0.000       0.000       0.000    
    64800.   12.49953720   12.4381   0.000       0.000     -0.5372E-04   0.000     0.4109E-02-0.4055E-02  0.000      0.000      0.000      0.000       0.000       0.000       0.000       0.000       0.000       0.000    
    68400.   12.49855179   12.4474   0.000       0.000     -0.4479E-04   0.000     0.3777E-02-0.3732E-02  0.000      0.000      0.000      0.000       0.000       0.000       0.000       0.000       0.000       0.000    
    72000.   12.46780454   12.4534   0.000       0.000     -0.1264E-04   0.000     0.2893E-02-0.2881E-02  0.000      0.000      0.000      0.000       0.000       0.000       0.000       0.000       0.000       0.000    
    75600.   12.43733441   12.4566   0.000       0.000      0.1683E-04   0.000     0.2217E-02-0.2234E-02  0.000      0.000      0.000      0.000       0.000       0.000       0.000       0.000       0.000       0.000    
    79200.   12.51412624   12.4661   0.000       0.000     -0.4200E-04   0.000     0.4056E-02-0.4014E-02  0.000      0.000      0.000      0.000       0.000       0.000       0.000       0.000       0.000       0.000    
    82800.   12.52824623   12.4759   0.000       0.000     -0.4584E-04   0.000     0.3980E-02-0.3934E-02  0.000      0.000      0.000      0.000       0.000       0.000       0.000       0.000       0.000       0.000    
    86400.   12.54233542   12.4860   0.000       0.000     -0.4933E-04   0.000     0.4001E-02-0.3952E-02  0.000      0.000      0.000      0.000       0.000       0.000       0.000       0.000       0.000       0.000    
    90000.   12.62375621   12.5020   0.000       0.000     -0.1065E-03   0.000     0.5576E-02-0.5469E-02  0.000      0.000      0.000      0.000       0.000       0.000       0.000       0.000       0.000       0.000    
    93600.   12.81312299   12.5323   0.000       0.000     -0.2457E-03   0.000     0.9243E-02-0.8997E-02  0.000      0.000      0.000      0.000       0.000       0.000       0.000       0.000       0.000       0.000    
    97200.   12.74666394   12.5540   0.000       0.000     -0.1686E-03   0.000     0.6408E-02-0.6239E-02  0.000      0.000      0.000      0.000       0.000       0.000       0.000       0.000       0.000       0.000    
   100800.   12.59894087   12.5620   0.000       0.000     -0.3234E-04   0.000     0.2690E-02-0.2658E-02  0.000      0.000      0.000      0.000       0.000       0.000       0.000       0.000       0.000       0.000    
   104400.   12.52931701   12.5644   0.000       0.000      0.3070E-04   0.000     0.1567E-02-0.1597E-02  0.000      0.000      0.000      0.000       0.000       0.000       0.000       0.000       0.000       0.000    
   108000.   12.50736919   12.5653   0.000       0.000      0.5072E-04   0.000     0.1511E-02-0.1561E-02  0.000      0.000      0.000      0.000       0.000       0.000       0.000       0.000       0.000       0.000    
   111600.   12.47369693   12.5636   0.000       0.000      0.7869E-04   0.000     0.9871E-03-0.1066E-02  0.000      0.000      0.000      0.000       0.000       0.000       0.000       0.000       0.000       0.000    
   115200.   12.44621236   12.5600   0.000       0.000      0.9955E-04   0.000     0.6118E-03-0.7114E-03  0.000      0.000      0.000      0.000       0.000       0.000       0.000       0.000       0.000       0.000    
   118800.   12.42632738   12.5551   0.000       0.000      0.1127E-03   0.000     0.4058E-03-0.5185E-03  0.000      0.000      0.000      0.000       0.000       0.000       0.000       0.000       0.000       0.000    
   122400.   12.43497725   12.5515   0.000       0.000      0.1019E-03   0.000     0.8206E-03-0.9226E-03  0.000      0.000      0.000      0.000       0.000       0.000       0.000       0.000       0.000       0.000    
   126000.   12.41493470   12.5464   0.000       0.000      0.1150E-03   0.000     0.4432E-03-0.5582E-03  0.000      0.000      0.000      0.000       0.000       0.000       0.000       0.000       0.000       0.000    
   129600.   12.46580044   12.5460   0.000       0.000      0.7014E-04   0.000     0.1755E-02-0.1825E-02  0.000      0.000      0.000      0.000       0.000       0.000       0.000       0.000       0.000       0.000    
   133200.   12.44041870   12.5432   0.000       0.000      0.8995E-04   0.000     0.1020E-02-0.1109E-02  0.000      0.000      0.000      0.000       0.000       0.000       0.000       0.000       0.000       0.000    
   136800.   12.43115011   12.5400   0.000       0.000      0.9522E-04   0.000     0.8910E-03-0.9862E-03  0.000      0.000      0.000      0.000       0.000       0.000       0.000       0.000       0.000       0.000    
   140400.   12.40885549   12.5351   0.000       0.000      0.1105E-03   0.000     0.4918E-03-0.6023E-03  0.000      0.000      0.000      0.000       0.000       0.000       0.000       0.000       0.000       0.000    
   144000.   12.40439411   12.5304   0.000       0.000      0.1102E-03   0.000     0.5713E-03-0.6815E-03  0.000      0.000      0.000      0.000       0.000       0.000       0.000       0.000       0.000       0.000    
   147600.   12.40241930   12.5258   0.000       0.000      0.1080E-03   0.000     0.6554E-03-0.7634E-03  0.000      0.000      0.000      0.000       0.000       0.000       0.000       0.000       0.000       0.000    
   151200.   12.40134791   12.5215   0.000       0.000      0.1052E-03   0.000     0.7273E-03-0.8324E-03  0.000      0.000      0.000      0.000       0.000       0.000       0.000       0.000       0.000       0.000    
   154800.   12.40065071   12.5175   0.000       0.000      0.1022E-03   0.000     0.7913E-03-0.8935E-03  0.000      0.000      0.000      0.000       0.000       0.000       0.000       0.000       0.000       0.000    
   158400.   12.41373520   12.5147   0.000       0.000      0.8839E-04   0.000     0.1158E-02-0.1246E-02  0.000      0.000      0.000      0.000       0.000       0.000       0.000       0.000       0.000       0.000    
   162000.   12.47042308   12.5169   0.000       0.000      0.4064E-04   0.000     0.2429E-02-0.2470E-02  0.000      0.000      0.000      0.000       0.000       0.000       0.000       0.000       0.000       0.000    
   165600.   12.46784262   12.5183   0.000       0.000      0.4416E-04   0.000     0.2098E-02-0.2142E-02  0.000      0.000      0.000      0.000       0.000       0.000       0.000       0.000       0.000       0.000    
   169200.   12.42273235   12.5159   0.000       0.000      0.8149E-04   0.000     0.9798E-03-0.1061E-02  0.000      0.000      0.000      0.000       0.000       0.000       0.000       0.000       0.000       0.000    
   172800.   12.40888913   12.5126   0.000       0.000      0.9077E-04   0.000     0.8574E-03-0.9482E-03  0.000      0.000      0.000      0.000       0.000       0.000       0.000       0.000       0.000       0.000    
