TOTIM (T)      HCON          HMAT      QDIR      QWELL        QMAT       QCADS      QTUB1      QTUB2      QTUB3      QTUB4      QTUB5      QTUB6       NSTOR        QFIX        QLH     FHLQ (LQ)        CAUCHY   CAUCHY (LQ)
     3600.   12.36574507   12.4592   0.000       0.000      0.8177E-04   0.000     0.1443E-02-0.1525E-02  0.000      0.000      0.000      0.000       0.000       0.000       0.000       0.000       0.000       0.000    
     7200.   12.35219465   12.4581   0.000       0.000      0.9265E-04   0.000     0.1080E-02-0.1172E-02  0.000      0.000      0.000      0.000       0.000       0.000       0.000       0.000       0.000       0.000    
    10800.   12.34966388   12.4569   0.000       0.000      0.9383E-04   0.000     0.1087E-02-0.1181E-02  0.000      0.000      0.000      0.000       0.000       0.000       0.000       0.000       0.000       0.000    
    14400.   12.34850124   12.4557   0.000       0.000      0.9382E-04   0.000     0.1108E-02-0.1201E-02  0.000      0.000      0.000      0.000       0.000       0.000       0.000       0.000       0.000       0.000    
    18000.   12.34777332   12.4546   0.000       0.000      0.9345E-04   0.000     0.1126E-02-0.1219E-02  0.000      0.000      0.000      0.000       0.000       0.000       0.000       0.000       0.000       0.000    
    21600.   12.34723430   12.4535   0.000       0.000      0.9296E-04   0.000     0.1142E-02-0.1235E-02  0.000      0.000      0.000      0.000       0.000       0.000       0.000       0.000       0.000       0.000    
    25200.   12.34678140   12.4524   0.000       0.000      0.9243E-04   0.000     0.1157E-02-0.1249E-02  0.000      0.000      0.000      0.000       0.000       0.000       0.000       0.000       0.000       0.000    
    28800.   12.34639443   12.4514   0.000       0.000      0.9188E-04   0.000     0.1170E-02-0.1262E-02  0.000      0.000      0.000      0.000       0.000       0.000       0.000       0.000       0.000       0.000    
    32400.   12.34601611   12.4504   0.000       0.000      0.9135E-04   0.000     0.1182E-02-0.1274E-02  0.000      0.000      0.000      0.000       0.000       0.000       0.000       0.000       0.000       0.000    
    36000.   12.34564185   12.4495   0.000       0.000      0.9086E-04   0.000     0.1194E-02-0.1285E-02  0.000      0.000      0.000      0.000       0.000       0.000       0.000       0.000       0.000       0.000    
    39600.   12.34527007   12.4486   0.000       0.000      0.9040E-04   0.000     0.1205E-02-0.1295E-02  0.000      0.000      0.000      0.000       0.000       0.000       0.000       0.000       0.000       0.000    
    43200.   12.35848716   12.4488   0.000       0.000      0.7905E-04   0.000     0.1578E-02-0.1657E-02  0.000      0.000      0.000      0.000       0.000       0.000       0.000       0.000       0.000       0.000    
    46800.   12.36067069   12.4492   0.000       0.000      0.7745E-04   0.000     0.1580E-02-0.1657E-02  0.000      0.000      0.000      0.000       0.000       0.000       0.000       0.000       0.000       0.000    
    50400.   12.34788043   12.4484   0.000       0.000      0.8798E-04   0.000     0.1205E-02-0.1293E-02  0.000      0.000      0.000      0.000       0.000       0.000       0.000       0.000       0.000       0.000    
    54000.   12.35930344   12.4487   0.000       0.000      0.7825E-04   0.000     0.1565E-02-0.1643E-02  0.000      0.000      0.000      0.000       0.000       0.000       0.000       0.000       0.000       0.000    
    57600.   12.39495541   12.4519   0.000       0.000      0.4985E-04   0.000     0.2476E-02-0.2526E-02  0.000      0.000      0.000      0.000       0.000       0.000       0.000       0.000       0.000       0.000    
    61200.   12.50429983   12.4638   0.000       0.000     -0.3542E-04   0.000     0.5166E-02-0.5130E-02  0.000      0.000      0.000      0.000       0.000       0.000       0.000       0.000       0.000       0.000    
    64800.   12.49953772   12.4739   0.000       0.000     -0.2242E-04   0.000     0.4326E-02-0.4303E-02  0.000      0.000      0.000      0.000       0.000       0.000       0.000       0.000       0.000       0.000    
    68400.   12.49855227   12.4831   0.000       0.000     -0.1350E-04   0.000     0.3949E-02-0.3936E-02  0.000      0.000      0.000      0.000       0.000       0.000       0.000       0.000       0.000       0.000    
    72000.   12.46780490   12.4891   0.000       0.000      0.1866E-04   0.000     0.2905E-02-0.2924E-02  0.000      0.000      0.000      0.000       0.000       0.000       0.000       0.000       0.000       0.000    
    75600.   12.43733468   12.4923   0.000       0.000      0.4812E-04   0.000     0.2082E-02-0.2130E-02  0.000      0.000      0.000      0.000       0.000       0.000       0.000       0.000       0.000       0.000    
    79200.   12.51412675   12.5019   0.000       0.000     -0.1071E-04   0.000     0.4215E-02-0.4204E-02  0.000      0.000      0.000      0.000       0.000       0.000       0.000       0.000       0.000       0.000    
    82800.   12.52824673   12.5116   0.000       0.000     -0.1455E-04   0.000     0.4158E-02-0.4144E-02  0.000      0.000      0.000      0.000       0.000       0.000       0.000       0.000       0.000       0.000    
    86400.   12.54233593   12.5217   0.000       0.000     -0.1804E-04   0.000     0.4196E-02-0.4178E-02  0.000      0.000      0.000      0.000       0.000       0.000       0.000       0.000       0.000       0.000    
    90000.   12.62375693   12.5378   0.000       0.000     -0.7521E-04   0.000     0.6057E-02-0.5982E-02  0.000      0.000      0.000      0.000       0.000       0.000       0.000       0.000       0.000       0.000    
    93600.   12.81313426   12.5681   0.000       0.000     -0.2144E-03   0.000     0.1042E-01-0.1021E-01  0.000      0.000      0.000      0.000       0.000       0.000       0.000       0.000       0.000       0.000    
    97200.   12.74666941   12.5898   0.000       0.000     -0.1373E-03   0.000     0.7199E-02-0.7062E-02  0.000      0.000      0.000      0.000       0.000       0.000       0.000       0.000       0.000       0.000    
   100800.   12.59894182   12.5978   0.000       0.000     -0.1028E-05   0.000     0.2800E-02-0.2799E-02  0.000      0.000      0.000      0.000       0.000       0.000       0.000       0.000       0.000       0.000    
   104400.   12.52931720   12.6002   0.000       0.000      0.6201E-04   0.000     0.1362E-02-0.1424E-02  0.000      0.000      0.000      0.000       0.000       0.000       0.000       0.000       0.000       0.000    
   108000.   12.50736937   12.6011   0.000       0.000      0.8203E-04   0.000     0.1205E-02-0.1287E-02  0.000      0.000      0.000      0.000       0.000       0.000       0.000       0.000       0.000       0.000    
   111600.   12.47369703   12.5994   0.000       0.000      0.1100E-03   0.000     0.5419E-03-0.6519E-03  0.000      0.000      0.000      0.000       0.000       0.000       0.000       0.000       0.000       0.000    
   115200.   12.44621241   12.5958   0.000       0.000      0.1309E-03   0.000     0.6227E-04-0.1931E-03  0.000      0.000      0.000      0.000       0.000       0.000       0.000       0.000       0.000       0.000    
   118800.   12.42632740   12.5909   0.000       0.000      0.1440E-03   0.000    -0.2096E-03 0.6558E-04  0.000      0.000      0.000      0.000       0.000       0.000       0.000       0.000       0.000       0.000    
   122400.   12.43497733   12.5873   0.000       0.000      0.1333E-03   0.000     0.2591E-03-0.3923E-03  0.000      0.000      0.000      0.000       0.000       0.000       0.000       0.000       0.000       0.000    
   126000.   12.41493472   12.5822   0.000       0.000      0.1463E-03   0.000    -0.1838E-03 0.3749E-04  0.000      0.000      0.000      0.000       0.000       0.000       0.000       0.000       0.000       0.000    
   129600.   12.46580063   12.5818   0.000       0.000      0.1015E-03   0.000     0.1352E-02-0.1453E-02  0.000      0.000      0.000      0.000       0.000       0.000       0.000       0.000       0.000       0.000    
   133200.   12.44041881   12.5790   0.000       0.000      0.1213E-03   0.000     0.5176E-03-0.6389E-03  0.000      0.000      0.000      0.000       0.000       0.000       0.000       0.000       0.000       0.000    
   136800.   12.43115019   12.5758   0.000       0.000      0.1265E-03   0.000     0.3627E-03-0.4892E-03  0.000      0.000      0.000      0.000       0.000       0.000       0.000       0.000       0.000       0.000    
   140400.   12.40885552   12.5709   0.000       0.000      0.1418E-03   0.000    -0.1130E-03-0.2886E-04  0.000      0.000      0.000      0.000       0.000       0.000       0.000       0.000       0.000       0.000    
   144000.   12.40439416   12.5662   0.000       0.000      0.1416E-03   0.000    -0.3230E-04-0.1093E-03  0.000      0.000      0.000      0.000       0.000       0.000       0.000       0.000       0.000       0.000    
   147600.   12.40241936   12.5617   0.000       0.000      0.1393E-03   0.000     0.6303E-04-0.2024E-03  0.000      0.000      0.000      0.000       0.000       0.000       0.000       0.000       0.000       0.000    
   151200.   12.40134797   12.5573   0.000       0.000      0.1365E-03   0.000     0.1490E-03-0.2855E-03  0.000      0.000      0.000      0.000       0.000       0.000       0.000       0.000       0.000       0.000    
   154800.   12.40065078   12.5533   0.000       0.000      0.1335E-03   0.000     0.2278E-03-0.3613E-03  0.000      0.000      0.000      0.000       0.000       0.000       0.000       0.000       0.000       0.000    
   158400.   12.41373532   12.5506   0.000       0.000      0.1197E-03   0.000     0.6633E-03-0.7830E-03  0.000      0.000      0.000      0.000       0.000       0.000       0.000       0.000       0.000       0.000    
   162000.   12.47042336   12.5527   0.000       0.000      0.7198E-04   0.000     0.2173E-02-0.2245E-02  0.000      0.000      0.000      0.000       0.000       0.000       0.000       0.000       0.000       0.000    
   165600.   12.46784286   12.5541   0.000       0.000      0.7550E-04   0.000     0.1824E-02-0.1900E-02  0.000      0.000      0.000      0.000       0.000       0.000       0.000       0.000       0.000       0.000    
   169200.   12.42273245   12.5517   0.000       0.000      0.1128E-03   0.000     0.5196E-03-0.6325E-03  0.000      0.000      0.000      0.000       0.000       0.000       0.000       0.000       0.000       0.000    
   172800.   12.40888922   12.5484   0.000       0.000      0.1221E-03   0.000     0.3508E-03-0.4729E-03  0.000      0.000      0.000      0.000       0.000       0.000       0.000       0.000       0.000       0.000    
