TOTIM (T)      HCON          HMAT      QDIR      QWELL        QMAT       QCADS      QTUB1      QTUB2      QTUB3      QTUB4      QTUB5      QTUB6       NSTOR        QFIX        QLH     FHLQ (LQ)        CAUCHY   CAUCHY (LQ)
     3600.   12.36574416   12.4027   0.000       0.000      0.3230E-04   0.000     0.2536E-02-0.2568E-02  0.000      0.000      0.000      0.000       0.000       0.000       0.000       0.000       0.000       0.000    
     7200.   12.35219386   12.4015   0.000       0.000      0.4318E-04   0.000     0.2274E-02-0.2317E-02  0.000      0.000      0.000      0.000       0.000       0.000       0.000       0.000       0.000       0.000    
    10800.   12.34966308   12.4004   0.000       0.000      0.4436E-04   0.000     0.2296E-02-0.2341E-02  0.000      0.000      0.000      0.000       0.000       0.000       0.000       0.000       0.000       0.000    
    14400.   12.34850043   12.3992   0.000       0.000      0.4435E-04   0.000     0.2319E-02-0.2363E-02  0.000      0.000      0.000      0.000       0.000       0.000       0.000       0.000       0.000       0.000    
    18000.   12.34777250   12.3980   0.000       0.000      0.4398E-04   0.000     0.2334E-02-0.2378E-02  0.000      0.000      0.000      0.000       0.000       0.000       0.000       0.000       0.000       0.000    
    21600.   12.34723347   12.3969   0.000       0.000      0.4349E-04   0.000     0.2345E-02-0.2389E-02  0.000      0.000      0.000      0.000       0.000       0.000       0.000       0.000       0.000       0.000    
    25200.   12.34678057   12.3959   0.000       0.000      0.4295E-04   0.000     0.2355E-02-0.2398E-02  0.000      0.000      0.000      0.000       0.000       0.000       0.000       0.000       0.000       0.000    
    28800.   12.34639359   12.3949   0.000       0.000      0.4240E-04   0.000     0.2362E-02-0.2405E-02  0.000      0.000      0.000      0.000       0.000       0.000       0.000       0.000       0.000       0.000    
    32400.   12.34601527   12.3939   0.000       0.000      0.4188E-04   0.000     0.2370E-02-0.2412E-02  0.000      0.000      0.000      0.000       0.000       0.000       0.000       0.000       0.000       0.000    
    36000.   12.34564101   12.3929   0.000       0.000      0.4138E-04   0.000     0.2376E-02-0.2418E-02  0.000      0.000      0.000      0.000       0.000       0.000       0.000       0.000       0.000       0.000    
    39600.   12.34526923   12.3920   0.000       0.000      0.4091E-04   0.000     0.2383E-02-0.2424E-02  0.000      0.000      0.000      0.000       0.000       0.000       0.000       0.000       0.000       0.000    
    43200.   12.35848619   12.3923   0.000       0.000      0.2957E-04   0.000     0.2650E-02-0.2679E-02  0.000      0.000      0.000      0.000       0.000       0.000       0.000       0.000       0.000       0.000    
    46800.   12.36066974   12.3926   0.000       0.000      0.2797E-04   0.000     0.2632E-02-0.2660E-02  0.000      0.000      0.000      0.000       0.000       0.000       0.000       0.000       0.000       0.000    
    50400.   12.34787960   12.3919   0.000       0.000      0.3849E-04   0.000     0.2354E-02-0.2392E-02  0.000      0.000      0.000      0.000       0.000       0.000       0.000       0.000       0.000       0.000    
    54000.   12.35930249   12.3922   0.000       0.000      0.2876E-04   0.000     0.2627E-02-0.2656E-02  0.000      0.000      0.000      0.000       0.000       0.000       0.000       0.000       0.000       0.000    
    57600.   12.39495416   12.3954   0.000       0.000      0.3594E-06   0.000     0.3270E-02-0.3270E-02  0.000      0.000      0.000      0.000       0.000       0.000       0.000       0.000       0.000       0.000    
    61200.   12.50429772   12.4073   0.000       0.000     -0.8491E-04   0.000     0.5150E-02-0.5065E-02  0.000      0.000      0.000      0.000       0.000       0.000       0.000       0.000       0.000       0.000    
    64800.   12.49953595   12.4173   0.000       0.000     -0.7192E-04   0.000     0.4392E-02-0.4320E-02  0.000      0.000      0.000      0.000       0.000       0.000       0.000       0.000       0.000       0.000    
    68400.   12.49855063   12.4266   0.000       0.000     -0.6300E-04   0.000     0.4097E-02-0.4034E-02  0.000      0.000      0.000      0.000       0.000       0.000       0.000       0.000       0.000       0.000    
    72000.   12.46780361   12.4326   0.000       0.000     -0.3084E-04   0.000     0.3355E-02-0.3324E-02  0.000      0.000      0.000      0.000       0.000       0.000       0.000       0.000       0.000       0.000    
    75600.   12.43733363   12.4358   0.000       0.000     -0.1372E-05   0.000     0.2821E-02-0.2820E-02  0.000      0.000      0.000      0.000       0.000       0.000       0.000       0.000       0.000       0.000    
    79200.   12.51412497   12.4453   0.000       0.000     -0.6019E-04   0.000     0.4420E-02-0.4360E-02  0.000      0.000      0.000      0.000       0.000       0.000       0.000       0.000       0.000       0.000    
    82800.   12.52824500   12.4551   0.000       0.000     -0.6402E-04   0.000     0.4306E-02-0.4242E-02  0.000      0.000      0.000      0.000       0.000       0.000       0.000       0.000       0.000       0.000    
    86400.   12.54233420   12.4652   0.000       0.000     -0.6750E-04   0.000     0.4306E-02-0.4239E-02  0.000      0.000      0.000      0.000       0.000       0.000       0.000       0.000       0.000       0.000    
    90000.   12.62375459   12.4813   0.000       0.000     -0.1247E-03   0.000     0.5630E-02-0.5505E-02  0.000      0.000      0.000      0.000       0.000       0.000       0.000       0.000       0.000       0.000    
    93600.   12.81311098   12.5116   0.000       0.000     -0.2638E-03   0.000     0.8667E-02-0.8403E-02  0.000      0.000      0.000      0.000       0.000       0.000       0.000       0.000       0.000       0.000    
    97200.   12.74665792   12.5333   0.000       0.000     -0.1867E-03   0.000     0.6101E-02-0.5914E-02  0.000      0.000      0.000      0.000       0.000       0.000       0.000       0.000       0.000       0.000    
   100800.   12.59893962   12.5413   0.000       0.000     -0.5041E-04   0.000     0.2994E-02-0.2943E-02  0.000      0.000      0.000      0.000       0.000       0.000       0.000       0.000       0.000       0.000    
   104400.   12.52931631   12.5438   0.000       0.000      0.1265E-04   0.000     0.2204E-02-0.2217E-02  0.000      0.000      0.000      0.000       0.000       0.000       0.000       0.000       0.000       0.000    
   108000.   12.50736845   12.5448   0.000       0.000      0.3271E-04   0.000     0.2274E-02-0.2307E-02  0.000      0.000      0.000      0.000       0.000       0.000       0.000       0.000       0.000       0.000    
   111600.   12.47369641   12.5431   0.000       0.000      0.6073E-04   0.000     0.1889E-02-0.1950E-02  0.000      0.000      0.000      0.000       0.000       0.000       0.000       0.000       0.000       0.000    
   115200.   12.44621191   12.5395   0.000       0.000      0.8164E-04   0.000     0.1621E-02-0.1702E-02  0.000      0.000      0.000      0.000       0.000       0.000       0.000       0.000       0.000       0.000    
   118800.   12.42632697   12.5347   0.000       0.000      0.9483E-04   0.000     0.1484E-02-0.1579E-02  0.000      0.000      0.000      0.000       0.000       0.000       0.000       0.000       0.000       0.000    
   122400.   12.43497672   12.5311   0.000       0.000      0.8411E-04   0.000     0.1860E-02-0.1944E-02  0.000      0.000      0.000      0.000       0.000       0.000       0.000       0.000       0.000       0.000    
   126000.   12.41493426   12.5261   0.000       0.000      0.9724E-04   0.000     0.1536E-02-0.1633E-02  0.000      0.000      0.000      0.000       0.000       0.000       0.000       0.000       0.000       0.000    
   129600.   12.46579966   12.5257   0.000       0.000      0.5241E-04   0.000     0.2657E-02-0.2710E-02  0.000      0.000      0.000      0.000       0.000       0.000       0.000       0.000       0.000       0.000    
   133200.   12.44041814   12.5230   0.000       0.000      0.7226E-04   0.000     0.1989E-02-0.2061E-02  0.000      0.000      0.000      0.000       0.000       0.000       0.000       0.000       0.000       0.000    
   136800.   12.43114957   12.5198   0.000       0.000      0.7758E-04   0.000     0.1887E-02-0.1965E-02  0.000      0.000      0.000      0.000       0.000       0.000       0.000       0.000       0.000       0.000    
   140400.   12.40885505   12.5150   0.000       0.000      0.9290E-04   0.000     0.1556E-02-0.1649E-02  0.000      0.000      0.000      0.000       0.000       0.000       0.000       0.000       0.000       0.000    
   144000.   12.40439365   12.5103   0.000       0.000      0.9269E-04   0.000     0.1641E-02-0.1734E-02  0.000      0.000      0.000      0.000       0.000       0.000       0.000       0.000       0.000       0.000    
   147600.   12.40241881   12.5058   0.000       0.000      0.9047E-04   0.000     0.1716E-02-0.1807E-02  0.000      0.000      0.000      0.000       0.000       0.000       0.000       0.000       0.000       0.000    
   151200.   12.40134740   12.5015   0.000       0.000      0.8767E-04   0.000     0.1775E-02-0.1862E-02  0.000      0.000      0.000      0.000       0.000       0.000       0.000       0.000       0.000       0.000    
   154800.   12.40065019   12.4975   0.000       0.000      0.8475E-04   0.000     0.1824E-02-0.1909E-02  0.000      0.000      0.000      0.000       0.000       0.000       0.000       0.000       0.000       0.000    
   158400.   12.41373458   12.4948   0.000       0.000      0.7096E-04   0.000     0.2128E-02-0.2199E-02  0.000      0.000      0.000      0.000       0.000       0.000       0.000       0.000       0.000       0.000    
   162000.   12.47042214   12.4970   0.000       0.000      0.2324E-04   0.000     0.3186E-02-0.3209E-02  0.000      0.000      0.000      0.000       0.000       0.000       0.000       0.000       0.000       0.000    
   165600.   12.46784180   12.4985   0.000       0.000      0.2679E-04   0.000     0.2847E-02-0.2874E-02  0.000      0.000      0.000      0.000       0.000       0.000       0.000       0.000       0.000       0.000    
   169200.   12.42273182   12.4960   0.000       0.000      0.6414E-04   0.000     0.1888E-02-0.1952E-02  0.000      0.000      0.000      0.000       0.000       0.000       0.000       0.000       0.000       0.000    
   172800.   12.40888862   12.4928   0.000       0.000      0.7344E-04   0.000     0.1820E-02-0.1894E-02  0.000      0.000      0.000      0.000       0.000       0.000       0.000       0.000       0.000       0.000    
