TOTIM (T)      HCON          HMAT      QDIR      QWELL        QMAT       QCADS      QTUB1      QTUB2      QTUB3      QTUB4      QTUB5      QTUB6       NSTOR        QFIX        QLH     FHLQ (LQ)        CAUCHY   CAUCHY (LQ)
     3600.   12.36574359   12.3306   0.000       0.000     -0.3078E-04   0.000    -0.2617E-02 0.2648E-02  0.000      0.000      0.000      0.000       0.000       0.000       0.000       0.000       0.000       0.000    
     7200.   12.35219333   12.3295   0.000       0.000     -0.1990E-04   0.000    -0.2380E-02 0.2400E-02  0.000      0.000      0.000      0.000       0.000       0.000       0.000       0.000       0.000       0.000    
    10800.   12.34966255   12.3283   0.000       0.000     -0.1872E-04   0.000    -0.2421E-02 0.2440E-02  0.000      0.000      0.000      0.000       0.000       0.000       0.000       0.000       0.000       0.000    
    14400.   12.34849989   12.3271   0.000       0.000     -0.1873E-04   0.000    -0.2444E-02 0.2463E-02  0.000      0.000      0.000      0.000       0.000       0.000       0.000       0.000       0.000       0.000    
    18000.   12.34777195   12.3260   0.000       0.000     -0.1909E-04   0.000    -0.2458E-02 0.2477E-02  0.000      0.000      0.000      0.000       0.000       0.000       0.000       0.000       0.000       0.000    
    21600.   12.34723293   12.3248   0.000       0.000     -0.1959E-04   0.000    -0.2467E-02 0.2487E-02  0.000      0.000      0.000      0.000       0.000       0.000       0.000       0.000       0.000       0.000    
    25200.   12.34678003   12.3238   0.000       0.000     -0.2012E-04   0.000    -0.2474E-02 0.2494E-02  0.000      0.000      0.000      0.000       0.000       0.000       0.000       0.000       0.000       0.000    
    28800.   12.34639305   12.3228   0.000       0.000     -0.2067E-04   0.000    -0.2479E-02 0.2499E-02  0.000      0.000      0.000      0.000       0.000       0.000       0.000       0.000       0.000       0.000    
    32400.   12.34601472   12.3218   0.000       0.000     -0.2119E-04   0.000    -0.2483E-02 0.2504E-02  0.000      0.000      0.000      0.000       0.000       0.000       0.000       0.000       0.000       0.000    
    36000.   12.34564046   12.3209   0.000       0.000     -0.2169E-04   0.000    -0.2487E-02 0.2509E-02  0.000      0.000      0.000      0.000       0.000       0.000       0.000       0.000       0.000       0.000    
    39600.   12.34526868   12.3200   0.000       0.000     -0.2215E-04   0.000    -0.2491E-02 0.2513E-02  0.000      0.000      0.000      0.000       0.000       0.000       0.000       0.000       0.000       0.000    
    43200.   12.35848560   12.3202   0.000       0.000     -0.3350E-04   0.000    -0.2730E-02 0.2763E-02  0.000      0.000      0.000      0.000       0.000       0.000       0.000       0.000       0.000       0.000    
    46800.   12.36066915   12.3206   0.000       0.000     -0.3510E-04   0.000    -0.2692E-02 0.2727E-02  0.000      0.000      0.000      0.000       0.000       0.000       0.000       0.000       0.000       0.000    
    50400.   12.34787906   12.3198   0.000       0.000     -0.2457E-04   0.000    -0.2436E-02 0.2460E-02  0.000      0.000      0.000      0.000       0.000       0.000       0.000       0.000       0.000       0.000    
    54000.   12.35930191   12.3201   0.000       0.000     -0.3430E-04   0.000    -0.2701E-02 0.2735E-02  0.000      0.000      0.000      0.000       0.000       0.000       0.000       0.000       0.000       0.000    
    57600.   12.39495348   12.3233   0.000       0.000     -0.6269E-04   0.000    -0.3263E-02 0.3326E-02  0.000      0.000      0.000      0.000       0.000       0.000       0.000       0.000       0.000       0.000    
    61200.   12.50428550   12.3352   0.000       0.000     -0.1480E-03   0.000    -0.4906E-02 0.5054E-02  0.000      0.000      0.000      0.000       0.000       0.000       0.000       0.000       0.000       0.000    
    64800.   12.49952737   12.3453   0.000       0.000     -0.1350E-03   0.000    -0.4060E-02 0.4195E-02  0.000      0.000      0.000      0.000       0.000       0.000       0.000       0.000       0.000       0.000    
    68400.   12.49854318   12.3545   0.000       0.000     -0.1260E-03   0.000    -0.3811E-02 0.3937E-02  0.000      0.000      0.000      0.000       0.000       0.000       0.000       0.000       0.000       0.000    
    72000.   12.46779827   12.3605   0.000       0.000     -0.9389E-04   0.000    -0.3162E-02 0.3256E-02  0.000      0.000      0.000      0.000       0.000       0.000       0.000       0.000       0.000       0.000    
    75600.   12.43732942   12.3637   0.000       0.000     -0.6443E-04   0.000    -0.2747E-02 0.2811E-02  0.000      0.000      0.000      0.000       0.000       0.000       0.000       0.000       0.000       0.000    
    79200.   12.51411578   12.3733   0.000       0.000     -0.1233E-03   0.000    -0.4255E-02 0.4378E-02  0.000      0.000      0.000      0.000       0.000       0.000       0.000       0.000       0.000       0.000    
    82800.   12.52823654   12.3830   0.000       0.000     -0.1271E-03   0.000    -0.4051E-02 0.4178E-02  0.000      0.000      0.000      0.000       0.000       0.000       0.000       0.000       0.000       0.000    
    86400.   12.54232589   12.3931   0.000       0.000     -0.1306E-03   0.000    -0.4045E-02 0.4176E-02  0.000      0.000      0.000      0.000       0.000       0.000       0.000       0.000       0.000       0.000    
    90000.   12.62374138   12.4092   0.000       0.000     -0.1877E-03   0.000    -0.5239E-02 0.5427E-02  0.000      0.000      0.000      0.000       0.000       0.000       0.000       0.000       0.000       0.000    
    93600.   12.81308597   12.4395   0.000       0.000     -0.3269E-03   0.000    -0.7880E-02 0.8207E-02  0.000      0.000      0.000      0.000       0.000       0.000       0.000       0.000       0.000       0.000    
    97200.   12.74664609   12.4611   0.000       0.000     -0.2498E-03   0.000    -0.5306E-02 0.5556E-02  0.000      0.000      0.000      0.000       0.000       0.000       0.000       0.000       0.000       0.000    
   100800.   12.59893748   12.4691   0.000       0.000     -0.1136E-03   0.000    -0.2643E-02 0.2756E-02  0.000      0.000      0.000      0.000       0.000       0.000       0.000       0.000       0.000       0.000    
   104400.   12.52931480   12.4715   0.000       0.000     -0.5055E-04   0.000    -0.2205E-02 0.2256E-02  0.000      0.000      0.000      0.000       0.000       0.000       0.000       0.000       0.000       0.000    
   108000.   12.50736658   12.4725   0.000       0.000     -0.3052E-04   0.000    -0.2416E-02 0.2447E-02  0.000      0.000      0.000      0.000       0.000       0.000       0.000       0.000       0.000       0.000    
   111600.   12.47369478   12.4708   0.000       0.000     -0.2539E-05   0.000    -0.2129E-02 0.2131E-02  0.000      0.000      0.000      0.000       0.000       0.000       0.000       0.000       0.000       0.000    
   115200.   12.44621043   12.4672   0.000       0.000      0.1833E-04   0.000    -0.1953E-02 0.1935E-02  0.000      0.000      0.000      0.000       0.000       0.000       0.000       0.000       0.000       0.000    
   118800.   12.42632553   12.4623   0.000       0.000      0.3149E-04   0.000    -0.1880E-02 0.1849E-02  0.000      0.000      0.000      0.000       0.000       0.000       0.000       0.000       0.000       0.000    
   122400.   12.43497483   12.4587   0.000       0.000      0.2072E-04   0.000    -0.2253E-02 0.2232E-02  0.000      0.000      0.000      0.000       0.000       0.000       0.000       0.000       0.000       0.000    
   126000.   12.41493271   12.4536   0.000       0.000      0.3381E-04   0.000    -0.1945E-02 0.1912E-02  0.000      0.000      0.000      0.000       0.000       0.000       0.000       0.000       0.000       0.000    
   129600.   12.46579677   12.4532   0.000       0.000     -0.1105E-04   0.000    -0.2983E-02 0.2994E-02  0.000      0.000      0.000      0.000       0.000       0.000       0.000       0.000       0.000       0.000    
   133200.   12.44041617   12.4504   0.000       0.000      0.8763E-05   0.000    -0.2298E-02 0.2289E-02  0.000      0.000      0.000      0.000       0.000       0.000       0.000       0.000       0.000       0.000    
   136800.   12.43114772   12.4472   0.000       0.000      0.1404E-04   0.000    -0.2239E-02 0.2225E-02  0.000      0.000      0.000      0.000       0.000       0.000       0.000       0.000       0.000       0.000    
   140400.   12.40885352   12.4424   0.000       0.000      0.2932E-04   0.000    -0.1951E-02 0.1922E-02  0.000      0.000      0.000      0.000       0.000       0.000       0.000       0.000       0.000       0.000    
   144000.   12.40439200   12.4376   0.000       0.000      0.2907E-04   0.000    -0.2057E-02 0.2028E-02  0.000      0.000      0.000      0.000       0.000       0.000       0.000       0.000       0.000       0.000    
   147600.   12.40241707   12.4331   0.000       0.000      0.2683E-04   0.000    -0.2124E-02 0.2098E-02  0.000      0.000      0.000      0.000       0.000       0.000       0.000       0.000       0.000       0.000    
   151200.   12.40134559   12.4288   0.000       0.000      0.2399E-04   0.000    -0.2171E-02 0.2147E-02  0.000      0.000      0.000      0.000       0.000       0.000       0.000       0.000       0.000       0.000    
   154800.   12.40064834   12.4247   0.000       0.000      0.2104E-04   0.000    -0.2207E-02 0.2186E-02  0.000      0.000      0.000      0.000       0.000       0.000       0.000       0.000       0.000       0.000    
   158400.   12.41373241   12.4220   0.000       0.000      0.7225E-05   0.000    -0.2472E-02 0.2465E-02  0.000      0.000      0.000      0.000       0.000       0.000       0.000       0.000       0.000       0.000    
   162000.   12.47041861   12.4241   0.000       0.000     -0.4052E-04   0.000    -0.3396E-02 0.3437E-02  0.000      0.000      0.000      0.000       0.000       0.000       0.000       0.000       0.000       0.000    
   165600.   12.46783891   12.4256   0.000       0.000     -0.3700E-04   0.000    -0.2996E-02 0.3033E-02  0.000      0.000      0.000      0.000       0.000       0.000       0.000       0.000       0.000       0.000    
   169200.   12.42273013   12.4231   0.000       0.000      0.3269E-06   0.000    -0.2128E-02 0.2128E-02  0.000      0.000      0.000      0.000       0.000       0.000       0.000       0.000       0.000       0.000    
   172800.   12.40888693   12.4199   0.000       0.000      0.9610E-05   0.000    -0.2134E-02 0.2124E-02  0.000      0.000      0.000      0.000       0.000       0.000       0.000       0.000       0.000       0.000    
