TOTIM (T)      HCON          HMAT      QDIR      QWELL        QMAT       QCADS      QTUB1      QTUB2      QTUB3      QTUB4      QTUB5      QTUB6       NSTOR        QFIX        QLH     FHLQ (LQ)        CAUCHY   CAUCHY (LQ)
     3600.   12.36574512   12.8752   0.000       0.000      0.4458E-03   0.000    -0.4458E-03  0.000      0.000      0.000      0.000      0.000       0.000       0.000       0.000       0.000       0.000       0.000    
     7200.   12.35219465   12.8741   0.000       0.000      0.4566E-03   0.000    -0.4566E-03  0.000      0.000      0.000      0.000      0.000       0.000       0.000       0.000       0.000       0.000       0.000    
    10800.   12.34966388   12.8729   0.000       0.000      0.4578E-03   0.000    -0.4578E-03  0.000      0.000      0.000      0.000      0.000       0.000       0.000       0.000       0.000       0.000       0.000    
    14400.   12.34850123   12.8717   0.000       0.000      0.4578E-03   0.000    -0.4578E-03  0.000      0.000      0.000      0.000      0.000       0.000       0.000       0.000       0.000       0.000       0.000    
    18000.   12.34777331   12.8706   0.000       0.000      0.4575E-03   0.000    -0.4575E-03  0.000      0.000      0.000      0.000      0.000       0.000       0.000       0.000       0.000       0.000       0.000    
    21600.   12.34723429   12.8696   0.000       0.000      0.4571E-03   0.000    -0.4571E-03  0.000      0.000      0.000      0.000      0.000       0.000       0.000       0.000       0.000       0.000       0.000    
    25200.   12.34678140   12.8686   0.000       0.000      0.4566E-03   0.000    -0.4566E-03  0.000      0.000      0.000      0.000      0.000       0.000       0.000       0.000       0.000       0.000       0.000    
    28800.   12.34639443   12.8676   0.000       0.000      0.4561E-03   0.000    -0.4561E-03  0.000      0.000      0.000      0.000      0.000       0.000       0.000       0.000       0.000       0.000       0.000    
    32400.   12.34601611   12.8667   0.000       0.000      0.4556E-03   0.000    -0.4556E-03  0.000      0.000      0.000      0.000      0.000       0.000       0.000       0.000       0.000       0.000       0.000    
    36000.   12.34564185   12.8659   0.000       0.000      0.4552E-03   0.000    -0.4552E-03  0.000      0.000      0.000      0.000      0.000       0.000       0.000       0.000       0.000       0.000       0.000    
    39600.   12.34527009   12.8651   0.000       0.000      0.4549E-03   0.000    -0.4549E-03  0.000      0.000      0.000      0.000      0.000       0.000       0.000       0.000       0.000       0.000       0.000    
    43200.   12.35848723   12.8655   0.000       0.000      0.4436E-03   0.000    -0.4436E-03  0.000      0.000      0.000      0.000      0.000       0.000       0.000       0.000       0.000       0.000       0.000    
    46800.   12.36067077   12.8659   0.000       0.000      0.4421E-03   0.000    -0.4421E-03  0.000      0.000      0.000      0.000      0.000       0.000       0.000       0.000       0.000       0.000       0.000    
    50400.   12.34788045   12.8653   0.000       0.000      0.4527E-03   0.000    -0.4527E-03  0.000      0.000      0.000      0.000      0.000       0.000       0.000       0.000       0.000       0.000       0.000    
    54000.   12.35930352   12.8657   0.000       0.000      0.4431E-03   0.000    -0.4431E-03  0.000      0.000      0.000      0.000      0.000       0.000       0.000       0.000       0.000       0.000       0.000    
    57600.   12.39495564   12.8690   0.000       0.000      0.4148E-03   0.000    -0.4148E-03  0.000      0.000      0.000      0.000      0.000       0.000       0.000       0.000       0.000       0.000       0.000    
    61200.   12.50430052   12.8809   0.000       0.000      0.3295E-03   0.000    -0.3295E-03  0.000      0.000      0.000      0.000      0.000       0.000       0.000       0.000       0.000       0.000       0.000    
    64800.   12.49953832   12.8909   0.000       0.000      0.3425E-03   0.000    -0.3425E-03  0.000      0.000      0.000      0.000      0.000       0.000       0.000       0.000       0.000       0.000       0.000    
    68400.   12.49855281   12.9000   0.000       0.000      0.3512E-03   0.000    -0.3512E-03  0.000      0.000      0.000      0.000      0.000       0.000       0.000       0.000       0.000       0.000       0.000    
    72000.   12.46780527   12.9057   0.000       0.000      0.3832E-03   0.000    -0.3832E-03  0.000      0.000      0.000      0.000      0.000       0.000       0.000       0.000       0.000       0.000       0.000    
    75600.   12.43733490   12.9087   0.000       0.000      0.4124E-03   0.000    -0.4124E-03  0.000      0.000      0.000      0.000      0.000       0.000       0.000       0.000       0.000       0.000       0.000    
    79200.   12.51412730   12.9179   0.000       0.000      0.3533E-03   0.000    -0.3533E-03  0.000      0.000      0.000      0.000      0.000       0.000       0.000       0.000       0.000       0.000       0.000    
    82800.   12.52824729   12.9271   0.000       0.000      0.3490E-03   0.000    -0.3490E-03  0.000      0.000      0.000      0.000      0.000       0.000       0.000       0.000       0.000       0.000       0.000    
    86400.   12.54233650   12.9367   0.000       0.000      0.3450E-03   0.000    -0.3450E-03  0.000      0.000      0.000      0.000      0.000       0.000       0.000       0.000       0.000       0.000       0.000    
    90000.   12.62375781   12.9521   0.000       0.000      0.2873E-03   0.000    -0.2873E-03  0.000      0.000      0.000      0.000      0.000       0.000       0.000       0.000       0.000       0.000       0.000    
    93600.   12.81316756   12.9815   0.000       0.000      0.1472E-03   0.000    -0.1472E-03  0.000      0.000      0.000      0.000      0.000       0.000       0.000       0.000       0.000       0.000       0.000    
    97200.   12.74668557   13.0020   0.000       0.000      0.2234E-03   0.000    -0.2234E-03  0.000      0.000      0.000      0.000      0.000       0.000       0.000       0.000       0.000       0.000       0.000    
   100800.   12.59894321   13.0088   0.000       0.000      0.3586E-03   0.000    -0.3586E-03  0.000      0.000      0.000      0.000      0.000       0.000       0.000       0.000       0.000       0.000       0.000    
   104400.   12.52931732   13.0099   0.000       0.000      0.4205E-03   0.000    -0.4205E-03  0.000      0.000      0.000      0.000      0.000       0.000       0.000       0.000       0.000       0.000       0.000    
   108000.   12.50736937   13.0095   0.000       0.000      0.4394E-03   0.000    -0.4394E-03  0.000      0.000      0.000      0.000      0.000       0.000       0.000       0.000       0.000       0.000       0.000    
   111600.   12.47369693   13.0065   0.000       0.000      0.4662E-03   0.000    -0.4662E-03  0.000      0.000      0.000      0.000      0.000       0.000       0.000       0.000       0.000       0.000       0.000    
   115200.   12.44621220   13.0015   0.000       0.000      0.4859E-03   0.000    -0.4859E-03  0.000      0.000      0.000      0.000      0.000       0.000       0.000       0.000       0.000       0.000       0.000    
   118800.   12.42632713   12.9954   0.000       0.000      0.4979E-03   0.000    -0.4979E-03  0.000      0.000      0.000      0.000      0.000       0.000       0.000       0.000       0.000       0.000       0.000    
   122400.   12.43497711   12.9905   0.000       0.000      0.4861E-03   0.000    -0.4861E-03  0.000      0.000      0.000      0.000      0.000       0.000       0.000       0.000       0.000       0.000       0.000    
   126000.   12.41493444   12.9842   0.000       0.000      0.4981E-03   0.000    -0.4981E-03  0.000      0.000      0.000      0.000      0.000       0.000       0.000       0.000       0.000       0.000       0.000    
   129600.   12.46580060   12.9826   0.000       0.000      0.4522E-03   0.000    -0.4522E-03  0.000      0.000      0.000      0.000      0.000       0.000       0.000       0.000       0.000       0.000       0.000    
   133200.   12.44041865   12.9788   0.000       0.000      0.4711E-03   0.000    -0.4711E-03  0.000      0.000      0.000      0.000      0.000       0.000       0.000       0.000       0.000       0.000       0.000    
   136800.   12.43115001   12.9745   0.000       0.000      0.4754E-03   0.000    -0.4754E-03  0.000      0.000      0.000      0.000      0.000       0.000       0.000       0.000       0.000       0.000       0.000    
   140400.   12.40885525   12.9687   0.000       0.000      0.4898E-03   0.000    -0.4898E-03  0.000      0.000      0.000      0.000      0.000       0.000       0.000       0.000       0.000       0.000       0.000    
   144000.   12.40439389   12.9630   0.000       0.000      0.4888E-03   0.000    -0.4888E-03  0.000      0.000      0.000      0.000      0.000       0.000       0.000       0.000       0.000       0.000       0.000    
   147600.   12.40241911   12.9576   0.000       0.000      0.4858E-03   0.000    -0.4858E-03  0.000      0.000      0.000      0.000      0.000       0.000       0.000       0.000       0.000       0.000       0.000    
   151200.   12.40134773   12.9526   0.000       0.000      0.4823E-03   0.000    -0.4823E-03  0.000      0.000      0.000      0.000      0.000       0.000       0.000       0.000       0.000       0.000       0.000    
   154800.   12.40065056   12.9479   0.000       0.000      0.4788E-03   0.000    -0.4788E-03  0.000      0.000      0.000      0.000      0.000       0.000       0.000       0.000       0.000       0.000       0.000    
   158400.   12.41373517   12.9446   0.000       0.000      0.4645E-03   0.000    -0.4645E-03  0.000      0.000      0.000      0.000      0.000       0.000       0.000       0.000       0.000       0.000       0.000    
   162000.   12.47042348   12.9462   0.000       0.000      0.4163E-03   0.000    -0.4163E-03  0.000      0.000      0.000      0.000      0.000       0.000       0.000       0.000       0.000       0.000       0.000    
   165600.   12.46784294   12.9471   0.000       0.000      0.4194E-03   0.000    -0.4194E-03  0.000      0.000      0.000      0.000      0.000       0.000       0.000       0.000       0.000       0.000       0.000    
   169200.   12.42273232   12.9442   0.000       0.000      0.4563E-03   0.000    -0.4563E-03  0.000      0.000      0.000      0.000      0.000       0.000       0.000       0.000       0.000       0.000       0.000    
   172800.   12.40888905   12.9406   0.000       0.000      0.4653E-03   0.000    -0.4653E-03  0.000      0.000      0.000      0.000      0.000       0.000       0.000       0.000       0.000       0.000       0.000    
