TOTIM (T)      HCON          HMAT      QDIR      QWELL        QMAT       QCADS      QTUB1      QTUB2      QTUB3      QTUB4      QTUB5      QTUB6       NSTOR        QFIX        QLH     FHLQ (LQ)        CAUCHY   CAUCHY (LQ)
     3600.   12.36574409   12.4010   0.000       0.000      0.3087E-04   0.000    -0.2403E-02 0.2372E-02  0.000      0.000      0.000      0.000       0.000       0.000       0.000       0.000       0.000       0.000    
     7200.   12.35219378   12.3999   0.000       0.000      0.4175E-04   0.000    -0.2079E-02 0.2038E-02  0.000      0.000      0.000      0.000       0.000       0.000       0.000       0.000       0.000       0.000    
    10800.   12.34966300   12.3987   0.000       0.000      0.4292E-04   0.000    -0.2111E-02 0.2068E-02  0.000      0.000      0.000      0.000       0.000       0.000       0.000       0.000       0.000       0.000    
    14400.   12.34850035   12.3975   0.000       0.000      0.4291E-04   0.000    -0.2134E-02 0.2091E-02  0.000      0.000      0.000      0.000       0.000       0.000       0.000       0.000       0.000       0.000    
    18000.   12.34777242   12.3964   0.000       0.000      0.4255E-04   0.000    -0.2150E-02 0.2108E-02  0.000      0.000      0.000      0.000       0.000       0.000       0.000       0.000       0.000       0.000    
    21600.   12.34723339   12.3953   0.000       0.000      0.4206E-04   0.000    -0.2163E-02 0.2121E-02  0.000      0.000      0.000      0.000       0.000       0.000       0.000       0.000       0.000       0.000    
    25200.   12.34678049   12.3942   0.000       0.000      0.4152E-04   0.000    -0.2174E-02 0.2133E-02  0.000      0.000      0.000      0.000       0.000       0.000       0.000       0.000       0.000       0.000    
    28800.   12.34639351   12.3932   0.000       0.000      0.4097E-04   0.000    -0.2184E-02 0.2143E-02  0.000      0.000      0.000      0.000       0.000       0.000       0.000       0.000       0.000       0.000    
    32400.   12.34601519   12.3922   0.000       0.000      0.4045E-04   0.000    -0.2192E-02 0.2152E-02  0.000      0.000      0.000      0.000       0.000       0.000       0.000       0.000       0.000       0.000    
    36000.   12.34564093   12.3913   0.000       0.000      0.3995E-04   0.000    -0.2200E-02 0.2160E-02  0.000      0.000      0.000      0.000       0.000       0.000       0.000       0.000       0.000       0.000    
    39600.   12.34526916   12.3904   0.000       0.000      0.3949E-04   0.000    -0.2208E-02 0.2168E-02  0.000      0.000      0.000      0.000       0.000       0.000       0.000       0.000       0.000       0.000    
    43200.   12.35848613   12.3907   0.000       0.000      0.2815E-04   0.000    -0.2538E-02 0.2509E-02  0.000      0.000      0.000      0.000       0.000       0.000       0.000       0.000       0.000       0.000    
    46800.   12.36066968   12.3910   0.000       0.000      0.2654E-04   0.000    -0.2512E-02 0.2486E-02  0.000      0.000      0.000      0.000       0.000       0.000       0.000       0.000       0.000       0.000    
    50400.   12.34787953   12.3902   0.000       0.000      0.3707E-04   0.000    -0.2172E-02 0.2135E-02  0.000      0.000      0.000      0.000       0.000       0.000       0.000       0.000       0.000       0.000    
    54000.   12.35930243   12.3905   0.000       0.000      0.2734E-04   0.000    -0.2515E-02 0.2488E-02  0.000      0.000      0.000      0.000       0.000       0.000       0.000       0.000       0.000       0.000    
    57600.   12.39495414   12.3937   0.000       0.000     -0.1056E-05   0.000    -0.3305E-02 0.3306E-02  0.000      0.000      0.000      0.000       0.000       0.000       0.000       0.000       0.000       0.000    
    61200.   12.50428656   12.4056   0.000       0.000     -0.8632E-04   0.000    -0.5630E-02 0.5716E-02  0.000      0.000      0.000      0.000       0.000       0.000       0.000       0.000       0.000       0.000    
    64800.   12.49952825   12.4157   0.000       0.000     -0.7333E-04   0.000    -0.4680E-02 0.4753E-02  0.000      0.000      0.000      0.000       0.000       0.000       0.000       0.000       0.000       0.000    
    68400.   12.49854400   12.4249   0.000       0.000     -0.6441E-04   0.000    -0.4359E-02 0.4423E-02  0.000      0.000      0.000      0.000       0.000       0.000       0.000       0.000       0.000       0.000    
    72000.   12.46779894   12.4309   0.000       0.000     -0.3225E-04   0.000    -0.3453E-02 0.3485E-02  0.000      0.000      0.000      0.000       0.000       0.000       0.000       0.000       0.000       0.000    
    75600.   12.43732998   12.4341   0.000       0.000     -0.2787E-05   0.000    -0.2802E-02 0.2805E-02  0.000      0.000      0.000      0.000       0.000       0.000       0.000       0.000       0.000       0.000    
    79200.   12.51411669   12.4437   0.000       0.000     -0.6161E-04   0.000    -0.4781E-02 0.4842E-02  0.000      0.000      0.000      0.000       0.000       0.000       0.000       0.000       0.000       0.000    
    82800.   12.52823742   12.4534   0.000       0.000     -0.6545E-04   0.000    -0.4608E-02 0.4673E-02  0.000      0.000      0.000      0.000       0.000       0.000       0.000       0.000       0.000       0.000    
    86400.   12.54232677   12.4635   0.000       0.000     -0.6893E-04   0.000    -0.4630E-02 0.4699E-02  0.000      0.000      0.000      0.000       0.000       0.000       0.000       0.000       0.000       0.000    
    90000.   12.62374255   12.4796   0.000       0.000     -0.1261E-03   0.000    -0.6280E-02 0.6407E-02  0.000      0.000      0.000      0.000       0.000       0.000       0.000       0.000       0.000       0.000    
    93600.   12.81310197   12.5099   0.000       0.000     -0.2653E-03   0.000    -0.1003E-01 0.1030E-01  0.000      0.000      0.000      0.000       0.000       0.000       0.000       0.000       0.000       0.000    
    97200.   12.74665360   12.5316   0.000       0.000     -0.1882E-03   0.000    -0.6844E-02 0.7032E-02  0.000      0.000      0.000      0.000       0.000       0.000       0.000       0.000       0.000       0.000    
   100800.   12.59893876   12.5396   0.000       0.000     -0.5191E-04   0.000    -0.3091E-02 0.3143E-02  0.000      0.000      0.000      0.000       0.000       0.000       0.000       0.000       0.000       0.000    
   104400.   12.52931561   12.5420   0.000       0.000      0.1113E-04   0.000    -0.2149E-02 0.2138E-02  0.000      0.000      0.000      0.000       0.000       0.000       0.000       0.000       0.000       0.000    
   108000.   12.50736748   12.5430   0.000       0.000      0.3116E-04   0.000    -0.2199E-02 0.2168E-02  0.000      0.000      0.000      0.000       0.000       0.000       0.000       0.000       0.000       0.000    
   111600.   12.47369544   12.5413   0.000       0.000      0.5915E-04   0.000    -0.1688E-02 0.1629E-02  0.000      0.000      0.000      0.000       0.000       0.000       0.000       0.000       0.000       0.000    
   115200.   12.44621095   12.5377   0.000       0.000      0.8003E-04   0.000    -0.1346E-02 0.1266E-02  0.000      0.000      0.000      0.000       0.000       0.000       0.000       0.000       0.000       0.000    
   118800.   12.42632600   12.5328   0.000       0.000      0.9319E-04   0.000    -0.1167E-02 0.1074E-02  0.000      0.000      0.000      0.000       0.000       0.000       0.000       0.000       0.000       0.000    
   122400.   12.43497552   12.5292   0.000       0.000      0.8244E-04   0.000    -0.1626E-02 0.1543E-02  0.000      0.000      0.000      0.000       0.000       0.000       0.000       0.000       0.000       0.000    
   126000.   12.41493321   12.5241   0.000       0.000      0.9553E-04   0.000    -0.1214E-02 0.1118E-02  0.000      0.000      0.000      0.000       0.000       0.000       0.000       0.000       0.000       0.000    
   129600.   12.46579802   12.5237   0.000       0.000      0.5067E-04   0.000    -0.2610E-02 0.2560E-02  0.000      0.000      0.000      0.000       0.000       0.000       0.000       0.000       0.000       0.000    
   133200.   12.44041691   12.5210   0.000       0.000      0.7049E-04   0.000    -0.1766E-02 0.1696E-02  0.000      0.000      0.000      0.000       0.000       0.000       0.000       0.000       0.000       0.000    
   136800.   12.43114841   12.5177   0.000       0.000      0.7577E-04   0.000    -0.1665E-02 0.1589E-02  0.000      0.000      0.000      0.000       0.000       0.000       0.000       0.000       0.000       0.000    
   140400.   12.40885403   12.5129   0.000       0.000      0.9107E-04   0.000    -0.1255E-02 0.1164E-02  0.000      0.000      0.000      0.000       0.000       0.000       0.000       0.000       0.000       0.000    
   144000.   12.40439256   12.5082   0.000       0.000      0.9082E-04   0.000    -0.1362E-02 0.1271E-02  0.000      0.000      0.000      0.000       0.000       0.000       0.000       0.000       0.000       0.000    
   147600.   12.40241767   12.5037   0.000       0.000      0.8858E-04   0.000    -0.1448E-02 0.1359E-02  0.000      0.000      0.000      0.000       0.000       0.000       0.000       0.000       0.000       0.000    
   151200.   12.40134623   12.4994   0.000       0.000      0.8575E-04   0.000    -0.1517E-02 0.1431E-02  0.000      0.000      0.000      0.000       0.000       0.000       0.000       0.000       0.000       0.000    
   154800.   12.40064900   12.4953   0.000       0.000      0.8281E-04   0.000    -0.1576E-02 0.1493E-02  0.000      0.000      0.000      0.000       0.000       0.000       0.000       0.000       0.000       0.000    
   158400.   12.41373326   12.4926   0.000       0.000      0.6900E-04   0.000    -0.1952E-02 0.1883E-02  0.000      0.000      0.000      0.000       0.000       0.000       0.000       0.000       0.000       0.000    
   162000.   12.47042030   12.4947   0.000       0.000      0.2125E-04   0.000    -0.3258E-02 0.3237E-02  0.000      0.000      0.000      0.000       0.000       0.000       0.000       0.000       0.000       0.000    
   165600.   12.46784025   12.4962   0.000       0.000      0.2478E-04   0.000    -0.2829E-02 0.2805E-02  0.000      0.000      0.000      0.000       0.000       0.000       0.000       0.000       0.000       0.000    
   169200.   12.42273079   12.4937   0.000       0.000      0.6211E-04   0.000    -0.1663E-02 0.1601E-02  0.000      0.000      0.000      0.000       0.000       0.000       0.000       0.000       0.000       0.000    
   172800.   12.40888757   12.4905   0.000       0.000      0.7140E-04   0.000    -0.1594E-02 0.1523E-02  0.000      0.000      0.000      0.000       0.000       0.000       0.000       0.000       0.000       0.000    
