TOTIM (T)      HCON          HMAT      QDIR      QWELL        QMAT       QCADS      QTUB1      QTUB2      QTUB3      QTUB4      QTUB5      QTUB6       NSTOR        QFIX        QLH     FHLQ (LQ)        CAUCHY   CAUCHY (LQ)
     3600.   12.36574529   12.6429   0.000       0.000      0.2425E-03   0.000     0.1574E-03-0.3999E-03  0.000      0.000      0.000      0.000       0.000       0.000       0.000       0.000       0.000       0.000    
     7200.   12.35219480   12.6418   0.000       0.000      0.2534E-03   0.000     0.4480E-04-0.2982E-03  0.000      0.000      0.000      0.000       0.000       0.000       0.000       0.000       0.000       0.000    
    10800.   12.34966403   12.6406   0.000       0.000      0.2545E-03   0.000     0.4423E-04-0.2988E-03  0.000      0.000      0.000      0.000       0.000       0.000       0.000       0.000       0.000       0.000    
    14400.   12.34850139   12.6394   0.000       0.000      0.2546E-03   0.000     0.4943E-04-0.3040E-03  0.000      0.000      0.000      0.000       0.000       0.000       0.000       0.000       0.000       0.000    
    18000.   12.34777347   12.6383   0.000       0.000      0.2542E-03   0.000     0.5471E-04-0.3089E-03  0.000      0.000      0.000      0.000       0.000       0.000       0.000       0.000       0.000       0.000    
    21600.   12.34723445   12.6372   0.000       0.000      0.2537E-03   0.000     0.5971E-04-0.3134E-03  0.000      0.000      0.000      0.000       0.000       0.000       0.000       0.000       0.000       0.000    
    25200.   12.34678156   12.6362   0.000       0.000      0.2532E-03   0.000     0.6443E-04-0.3177E-03  0.000      0.000      0.000      0.000       0.000       0.000       0.000       0.000       0.000       0.000    
    28800.   12.34639459   12.6352   0.000       0.000      0.2527E-03   0.000     0.6881E-04-0.3215E-03  0.000      0.000      0.000      0.000       0.000       0.000       0.000       0.000       0.000       0.000    
    32400.   12.34601627   12.6343   0.000       0.000      0.2522E-03   0.000     0.7295E-04-0.3252E-03  0.000      0.000      0.000      0.000       0.000       0.000       0.000       0.000       0.000       0.000    
    36000.   12.34564201   12.6334   0.000       0.000      0.2518E-03   0.000     0.7681E-04-0.3286E-03  0.000      0.000      0.000      0.000       0.000       0.000       0.000       0.000       0.000       0.000    
    39600.   12.34527024   12.6326   0.000       0.000      0.2514E-03   0.000     0.8043E-04-0.3318E-03  0.000      0.000      0.000      0.000       0.000       0.000       0.000       0.000       0.000       0.000    
    43200.   12.35848740   12.6329   0.000       0.000      0.2401E-03   0.000     0.1963E-03-0.4364E-03  0.000      0.000      0.000      0.000       0.000       0.000       0.000       0.000       0.000       0.000    
    46800.   12.36067094   12.6333   0.000       0.000      0.2386E-03   0.000     0.2001E-03-0.4386E-03  0.000      0.000      0.000      0.000       0.000       0.000       0.000       0.000       0.000       0.000    
    50400.   12.34788060   12.6326   0.000       0.000      0.2491E-03   0.000     0.8531E-04-0.3345E-03  0.000      0.000      0.000      0.000       0.000       0.000       0.000       0.000       0.000       0.000    
    54000.   12.35930368   12.6330   0.000       0.000      0.2395E-03   0.000     0.1947E-03-0.4342E-03  0.000      0.000      0.000      0.000       0.000       0.000       0.000       0.000       0.000       0.000    
    57600.   12.39495583   12.6363   0.000       0.000      0.2111E-03   0.000     0.4793E-03-0.6904E-03  0.000      0.000      0.000      0.000       0.000       0.000       0.000       0.000       0.000       0.000    
    61200.   12.50430078   12.6482   0.000       0.000      0.1259E-03   0.000     0.1322E-02-0.1448E-02  0.000      0.000      0.000      0.000       0.000       0.000       0.000       0.000       0.000       0.000    
    64800.   12.49953851   12.6583   0.000       0.000      0.1389E-03   0.000     0.1086E-02-0.1225E-02  0.000      0.000      0.000      0.000       0.000       0.000       0.000       0.000       0.000       0.000    
    68400.   12.49855298   12.6674   0.000       0.000      0.1478E-03   0.000     0.9742E-03-0.1122E-02  0.000      0.000      0.000      0.000       0.000       0.000       0.000       0.000       0.000       0.000    
    72000.   12.46780542   12.6733   0.000       0.000      0.1798E-03   0.000     0.6488E-03-0.8287E-03  0.000      0.000      0.000      0.000       0.000       0.000       0.000       0.000       0.000       0.000    
    75600.   12.43733503   12.6764   0.000       0.000      0.2092E-03   0.000     0.3841E-03-0.5933E-03  0.000      0.000      0.000      0.000       0.000       0.000       0.000       0.000       0.000       0.000    
    79200.   12.51412751   12.6858   0.000       0.000      0.1502E-03   0.000     0.1035E-02-0.1185E-02  0.000      0.000      0.000      0.000       0.000       0.000       0.000       0.000       0.000       0.000    
    82800.   12.52824749   12.6952   0.000       0.000      0.1461E-03   0.000     0.1029E-02-0.1175E-02  0.000      0.000      0.000      0.000       0.000       0.000       0.000       0.000       0.000       0.000    
    86400.   12.54233670   12.7050   0.000       0.000      0.1423E-03   0.000     0.1045E-02-0.1188E-02  0.000      0.000      0.000      0.000       0.000       0.000       0.000       0.000       0.000       0.000    
    90000.   12.62375806   12.7207   0.000       0.000      0.8482E-04   0.000     0.1625E-02-0.1710E-02  0.000      0.000      0.000      0.000       0.000       0.000       0.000       0.000       0.000       0.000    
    93600.   12.81315478   12.7505   0.000       0.000     -0.5481E-04   0.000     0.7286E-02-0.7231E-02  0.000      0.000      0.000      0.000       0.000       0.000       0.000       0.000       0.000       0.000    
    97200.   12.74667925   12.7716   0.000       0.000      0.2178E-04   0.000     0.4493E-02-0.4515E-02  0.000      0.000      0.000      0.000       0.000       0.000       0.000       0.000       0.000       0.000    
   100800.   12.59894324   12.7789   0.000       0.000      0.1574E-03   0.000     0.1003E-02-0.1160E-02  0.000      0.000      0.000      0.000       0.000       0.000       0.000       0.000       0.000       0.000    
   104400.   12.52931741   12.7805   0.000       0.000      0.2198E-03   0.000     0.1778E-03-0.3976E-03  0.000      0.000      0.000      0.000       0.000       0.000       0.000       0.000       0.000       0.000    
   108000.   12.50736954   12.7806   0.000       0.000      0.2391E-03   0.000     0.9914E-04-0.3382E-03  0.000      0.000      0.000      0.000       0.000       0.000       0.000       0.000       0.000       0.000    
   111600.   12.47369707   12.7781   0.000       0.000      0.2663E-03   0.000    -0.1223E-03-0.1440E-03  0.000      0.000      0.000      0.000       0.000       0.000       0.000       0.000       0.000       0.000    
   115200.   12.44621235   12.7736   0.000       0.000      0.2864E-03   0.000    -0.2835E-03-0.2911E-05  0.000      0.000      0.000      0.000       0.000       0.000       0.000       0.000       0.000       0.000    
   118800.   12.42632729   12.7679   0.000       0.000      0.2988E-03   0.000    -0.3774E-03 0.7855E-04  0.000      0.000      0.000      0.000       0.000       0.000       0.000       0.000       0.000       0.000    
   122400.   12.43497730   12.7633   0.000       0.000      0.2873E-03   0.000    -0.2383E-03-0.4906E-04  0.000      0.000      0.000      0.000       0.000       0.000       0.000       0.000       0.000       0.000    
   126000.   12.41493461   12.7574   0.000       0.000      0.2997E-03   0.000    -0.3747E-03 0.7505E-04  0.000      0.000      0.000      0.000       0.000       0.000       0.000       0.000       0.000       0.000    
   129600.   12.46580082   12.7562   0.000       0.000      0.2541E-03   0.000     0.9934E-04-0.3535E-03  0.000      0.000      0.000      0.000       0.000       0.000       0.000       0.000       0.000       0.000    
   133200.   12.44041884   12.7527   0.000       0.000      0.2733E-03   0.000    -0.1485E-03-0.1248E-03  0.000      0.000      0.000      0.000       0.000       0.000       0.000       0.000       0.000       0.000    
   136800.   12.43115019   12.7488   0.000       0.000      0.2779E-03   0.000    -0.1974E-03-0.8055E-04  0.000      0.000      0.000      0.000       0.000       0.000       0.000       0.000       0.000       0.000    
   140400.   12.40885543   12.7433   0.000       0.000      0.2927E-03   0.000    -0.3465E-03 0.5388E-04  0.000      0.000      0.000      0.000       0.000       0.000       0.000       0.000       0.000       0.000    
   144000.   12.40439408   12.7380   0.000       0.000      0.2919E-03   0.000    -0.3255E-03 0.3366E-04  0.000      0.000      0.000      0.000       0.000       0.000       0.000       0.000       0.000       0.000    
   147600.   12.40241929   12.7329   0.000       0.000      0.2892E-03   0.000    -0.2969E-03 0.7747E-05  0.000      0.000      0.000      0.000       0.000       0.000       0.000       0.000       0.000       0.000    
   151200.   12.40134792   12.7281   0.000       0.000      0.2859E-03   0.000    -0.2695E-03-0.1643E-04  0.000      0.000      0.000      0.000       0.000       0.000       0.000       0.000       0.000       0.000    
   154800.   12.40065075   12.7236   0.000       0.000      0.2826E-03   0.000    -0.2436E-03-0.3896E-04  0.000      0.000      0.000      0.000       0.000       0.000       0.000       0.000       0.000       0.000    
   158400.   12.41373538   12.7206   0.000       0.000      0.2685E-03   0.000    -0.1069E-03-0.1616E-03  0.000      0.000      0.000      0.000       0.000       0.000       0.000       0.000       0.000       0.000    
   162000.   12.47042372   12.7224   0.000       0.000      0.2205E-03   0.000     0.3662E-03-0.5867E-03  0.000      0.000      0.000      0.000       0.000       0.000       0.000       0.000       0.000       0.000    
   165600.   12.46784315   12.7236   0.000       0.000      0.2238E-03   0.000     0.2721E-03-0.4959E-03  0.000      0.000      0.000      0.000       0.000       0.000       0.000       0.000       0.000       0.000    
   169200.   12.42273248   12.7209   0.000       0.000      0.2609E-03   0.000    -0.1286E-03-0.1324E-03  0.000      0.000      0.000      0.000       0.000       0.000       0.000       0.000       0.000       0.000    
   172800.   12.40888922   12.7175   0.000       0.000      0.2701E-03   0.000    -0.1892E-03-0.8084E-04  0.000      0.000      0.000      0.000       0.000       0.000       0.000       0.000       0.000       0.000    
