TOTIM (T)      HCON          HMAT      QDIR      QWELL        QMAT       QCADS      QTUB1      QTUB2      QTUB3      QTUB4      QTUB5      QTUB6       NSTOR        QFIX        QLH     FHLQ (LQ)        CAUCHY   CAUCHY (LQ)
     3600.   12.36574520   12.4982   0.000       0.000      0.1159E-03   0.000     0.1110E-02-0.1226E-02  0.000      0.000      0.000      0.000       0.000       0.000       0.000       0.000       0.000       0.000    
     7200.   12.35219474   12.4971   0.000       0.000      0.1268E-03   0.000     0.7029E-03-0.8297E-03  0.000      0.000      0.000      0.000       0.000       0.000       0.000       0.000       0.000       0.000    
    10800.   12.34966398   12.4959   0.000       0.000      0.1280E-03   0.000     0.7053E-03-0.8333E-03  0.000      0.000      0.000      0.000       0.000       0.000       0.000       0.000       0.000       0.000    
    14400.   12.34850133   12.4947   0.000       0.000      0.1280E-03   0.000     0.7261E-03-0.8540E-03  0.000      0.000      0.000      0.000       0.000       0.000       0.000       0.000       0.000       0.000    
    18000.   12.34777341   12.4936   0.000       0.000      0.1276E-03   0.000     0.7458E-03-0.8733E-03  0.000      0.000      0.000      0.000       0.000       0.000       0.000       0.000       0.000       0.000    
    21600.   12.34723440   12.4925   0.000       0.000      0.1271E-03   0.000     0.7639E-03-0.8909E-03  0.000      0.000      0.000      0.000       0.000       0.000       0.000       0.000       0.000       0.000    
    25200.   12.34678150   12.4914   0.000       0.000      0.1266E-03   0.000     0.7806E-03-0.9072E-03  0.000      0.000      0.000      0.000       0.000       0.000       0.000       0.000       0.000       0.000    
    28800.   12.34639453   12.4904   0.000       0.000      0.1260E-03   0.000     0.7960E-03-0.9220E-03  0.000      0.000      0.000      0.000       0.000       0.000       0.000       0.000       0.000       0.000    
    32400.   12.34601621   12.4894   0.000       0.000      0.1255E-03   0.000     0.8106E-03-0.9361E-03  0.000      0.000      0.000      0.000       0.000       0.000       0.000       0.000       0.000       0.000    
    36000.   12.34564195   12.4885   0.000       0.000      0.1250E-03   0.000     0.8242E-03-0.9491E-03  0.000      0.000      0.000      0.000       0.000       0.000       0.000       0.000       0.000       0.000    
    39600.   12.34527018   12.4876   0.000       0.000      0.1245E-03   0.000     0.8369E-03-0.9614E-03  0.000      0.000      0.000      0.000       0.000       0.000       0.000       0.000       0.000       0.000    
    43200.   12.35848730   12.4878   0.000       0.000      0.1132E-03   0.000     0.1255E-02-0.1368E-02  0.000      0.000      0.000      0.000       0.000       0.000       0.000       0.000       0.000       0.000    
    46800.   12.36067084   12.4882   0.000       0.000      0.1116E-03   0.000     0.1264E-02-0.1376E-02  0.000      0.000      0.000      0.000       0.000       0.000       0.000       0.000       0.000       0.000    
    50400.   12.34788054   12.4874   0.000       0.000      0.1221E-03   0.000     0.8471E-03-0.9693E-03  0.000      0.000      0.000      0.000       0.000       0.000       0.000       0.000       0.000       0.000    
    54000.   12.35930359   12.4877   0.000       0.000      0.1124E-03   0.000     0.1246E-02-0.1358E-02  0.000      0.000      0.000      0.000       0.000       0.000       0.000       0.000       0.000       0.000    
    57600.   12.39495565   12.4909   0.000       0.000      0.8398E-04   0.000     0.2271E-02-0.2355E-02  0.000      0.000      0.000      0.000       0.000       0.000       0.000       0.000       0.000       0.000    
    61200.   12.50430035   12.5028   0.000       0.000     -0.1291E-05   0.000     0.5301E-02-0.5300E-02  0.000      0.000      0.000      0.000       0.000       0.000       0.000       0.000       0.000       0.000    
    64800.   12.49953815   12.5129   0.000       0.000      0.1170E-04   0.000     0.4409E-02-0.4421E-02  0.000      0.000      0.000      0.000       0.000       0.000       0.000       0.000       0.000       0.000    
    68400.   12.49855266   12.5221   0.000       0.000      0.2063E-04   0.000     0.3997E-02-0.4018E-02  0.000      0.000      0.000      0.000       0.000       0.000       0.000       0.000       0.000       0.000    
    72000.   12.46780519   12.5281   0.000       0.000      0.5278E-04   0.000     0.2824E-02-0.2877E-02  0.000      0.000      0.000      0.000       0.000       0.000       0.000       0.000       0.000       0.000    
    75600.   12.43733488   12.5313   0.000       0.000      0.8225E-04   0.000     0.1883E-02-0.1965E-02  0.000      0.000      0.000      0.000       0.000       0.000       0.000       0.000       0.000       0.000    
    79200.   12.51412717   12.5409   0.000       0.000      0.2343E-04   0.000     0.4251E-02-0.4275E-02  0.000      0.000      0.000      0.000       0.000       0.000       0.000       0.000       0.000       0.000    
    82800.   12.52824715   12.5506   0.000       0.000      0.1959E-04   0.000     0.4210E-02-0.4230E-02  0.000      0.000      0.000      0.000       0.000       0.000       0.000       0.000       0.000       0.000    
    86400.   12.54233635   12.5607   0.000       0.000      0.1611E-04   0.000     0.4262E-02-0.4278E-02  0.000      0.000      0.000      0.000       0.000       0.000       0.000       0.000       0.000       0.000    
    90000.   12.62375754   12.5768   0.000       0.000     -0.4105E-04   0.000     0.6352E-02-0.6311E-02  0.000      0.000      0.000      0.000       0.000       0.000       0.000       0.000       0.000       0.000    
    93600.   12.81314525   12.6072   0.000       0.000     -0.1802E-03   0.000     0.1127E-01-0.1109E-01  0.000      0.000      0.000      0.000       0.000       0.000       0.000       0.000       0.000       0.000    
    97200.   12.74667470   12.6288   0.000       0.000     -0.1031E-03   0.000     0.7742E-02-0.7639E-02  0.000      0.000      0.000      0.000       0.000       0.000       0.000       0.000       0.000       0.000    
   100800.   12.59894262   12.6368   0.000       0.000      0.3317E-04   0.000     0.2798E-02-0.2831E-02  0.000      0.000      0.000      0.000       0.000       0.000       0.000       0.000       0.000       0.000    
   104400.   12.52931733   12.6393   0.000       0.000      0.9622E-04   0.000     0.1107E-02-0.1203E-02  0.000      0.000      0.000      0.000       0.000       0.000       0.000       0.000       0.000       0.000    
   108000.   12.50736948   12.6402   0.000       0.000      0.1163E-03   0.000     0.8707E-03-0.9870E-03  0.000      0.000      0.000      0.000       0.000       0.000       0.000       0.000       0.000       0.000    
   111600.   12.47369707   12.6386   0.000       0.000      0.1443E-03   0.000     0.9525E-04-0.2395E-03  0.000      0.000      0.000      0.000       0.000       0.000       0.000       0.000       0.000       0.000    
   115200.   12.44621240   12.6349   0.000       0.000      0.1651E-03   0.000    -0.4680E-03 0.3028E-03  0.000      0.000      0.000      0.000       0.000       0.000       0.000       0.000       0.000       0.000    
   118800.   12.42632736   12.6301   0.000       0.000      0.1783E-03   0.000    -0.7926E-03 0.6142E-03  0.000      0.000      0.000      0.000       0.000       0.000       0.000       0.000       0.000       0.000    
   122400.   12.43497733   12.6265   0.000       0.000      0.1676E-03   0.000    -0.2809E-03 0.1133E-03  0.000      0.000      0.000      0.000       0.000       0.000       0.000       0.000       0.000       0.000    
   126000.   12.41493468   12.6214   0.000       0.000      0.1807E-03   0.000    -0.7762E-03 0.5956E-03  0.000      0.000      0.000      0.000       0.000       0.000       0.000       0.000       0.000       0.000    
   129600.   12.46580075   12.6210   0.000       0.000      0.1358E-03   0.000     0.9389E-03-0.1075E-02  0.000      0.000      0.000      0.000       0.000       0.000       0.000       0.000       0.000       0.000    
   133200.   12.44041884   12.6183   0.000       0.000      0.1557E-03   0.000     0.2529E-04-0.1809E-03  0.000      0.000      0.000      0.000       0.000       0.000       0.000       0.000       0.000       0.000    
   136800.   12.43115021   12.6151   0.000       0.000      0.1609E-03   0.000    -0.1508E-03-0.1013E-04  0.000      0.000      0.000      0.000       0.000       0.000       0.000       0.000       0.000       0.000    
   140400.   12.40885549   12.6103   0.000       0.000      0.1762E-03   0.000    -0.6877E-03 0.5115E-03  0.000      0.000      0.000      0.000       0.000       0.000       0.000       0.000       0.000       0.000    
   144000.   12.40439413   12.6055   0.000       0.000      0.1760E-03   0.000    -0.6061E-03 0.4301E-03  0.000      0.000      0.000      0.000       0.000       0.000       0.000       0.000       0.000       0.000    
   147600.   12.40241934   12.6010   0.000       0.000      0.1738E-03   0.000    -0.5019E-03 0.3281E-03  0.000      0.000      0.000      0.000       0.000       0.000       0.000       0.000       0.000       0.000    
   151200.   12.40134796   12.5967   0.000       0.000      0.1709E-03   0.000    -0.4046E-03 0.2337E-03  0.000      0.000      0.000      0.000       0.000       0.000       0.000       0.000       0.000       0.000    
   154800.   12.40065079   12.5927   0.000       0.000      0.1680E-03   0.000    -0.3141E-03 0.1461E-03  0.000      0.000      0.000      0.000       0.000       0.000       0.000       0.000       0.000       0.000    
   158400.   12.41373537   12.5900   0.000       0.000      0.1542E-03   0.000     0.1767E-03-0.3309E-03  0.000      0.000      0.000      0.000       0.000       0.000       0.000       0.000       0.000       0.000    
   162000.   12.47042357   12.5921   0.000       0.000      0.1065E-03   0.000     0.1877E-02-0.1984E-02  0.000      0.000      0.000      0.000       0.000       0.000       0.000       0.000       0.000       0.000    
   165600.   12.46784303   12.5936   0.000       0.000      0.1100E-03   0.000     0.1514E-02-0.1624E-02  0.000      0.000      0.000      0.000       0.000       0.000       0.000       0.000       0.000       0.000    
   169200.   12.42273248   12.5911   0.000       0.000      0.1473E-03   0.000     0.6040E-04-0.2077E-03  0.000      0.000      0.000      0.000       0.000       0.000       0.000       0.000       0.000       0.000    
   172800.   12.40888923   12.5879   0.000       0.000      0.1566E-03   0.000    -0.1456E-03-0.1103E-04  0.000      0.000      0.000      0.000       0.000       0.000       0.000       0.000       0.000       0.000    
