TOTIM (T)      HCON          HMAT      QDIR      QWELL        QMAT       QCADS      QTUB1      QTUB2      QTUB3      QTUB4      QTUB5      QTUB6       NSTOR        QFIX        QLH     FHLQ (LQ)        CAUCHY   CAUCHY (LQ)
     3600.   12.36574409   12.3868   0.000       0.000      0.1838E-04   0.000     0.1985E-02 0.2568E-02-0.4571E-02  0.000      0.000      0.000       0.000       0.000       0.000       0.000       0.000       0.000    
     7200.   12.35219380   12.3856   0.000       0.000      0.2926E-04   0.000     0.1850E-02 0.2317E-02-0.4196E-02  0.000      0.000      0.000       0.000       0.000       0.000       0.000       0.000       0.000    
    10800.   12.34966303   12.3844   0.000       0.000      0.3043E-04   0.000     0.1882E-02 0.2341E-02-0.4253E-02  0.000      0.000      0.000       0.000       0.000       0.000       0.000       0.000       0.000    
    14400.   12.34850037   12.3833   0.000       0.000      0.3041E-04   0.000     0.1903E-02 0.2363E-02-0.4296E-02  0.000      0.000      0.000       0.000       0.000       0.000       0.000       0.000       0.000    
    18000.   12.34777244   12.3821   0.000       0.000      0.3003E-04   0.000     0.1913E-02 0.2378E-02-0.4321E-02  0.000      0.000      0.000       0.000       0.000       0.000       0.000       0.000       0.000    
    21600.   12.34723341   12.3810   0.000       0.000      0.2952E-04   0.000     0.1919E-02 0.2389E-02-0.4337E-02  0.000      0.000      0.000       0.000       0.000       0.000       0.000       0.000       0.000    
    25200.   12.34678051   12.3799   0.000       0.000      0.2897E-04   0.000     0.1922E-02 0.2398E-02-0.4349E-02  0.000      0.000      0.000       0.000       0.000       0.000       0.000       0.000       0.000    
    28800.   12.34639353   12.3788   0.000       0.000      0.2840E-04   0.000     0.1924E-02 0.2405E-02-0.4357E-02  0.000      0.000      0.000       0.000       0.000       0.000       0.000       0.000       0.000    
    32400.   12.34601521   12.3778   0.000       0.000      0.2785E-04   0.000     0.1925E-02 0.2412E-02-0.4365E-02  0.000      0.000      0.000       0.000       0.000       0.000       0.000       0.000       0.000    
    36000.   12.34564095   12.3769   0.000       0.000      0.2734E-04   0.000     0.1927E-02 0.2418E-02-0.4372E-02  0.000      0.000      0.000       0.000       0.000       0.000       0.000       0.000       0.000    
    39600.   12.34526917   12.3760   0.000       0.000      0.2685E-04   0.000     0.1928E-02 0.2424E-02-0.4378E-02  0.000      0.000      0.000       0.000       0.000       0.000       0.000       0.000       0.000    
    43200.   12.35848613   12.3762   0.000       0.000      0.1549E-04   0.000     0.2063E-02 0.2679E-02-0.4757E-02  0.000      0.000      0.000       0.000       0.000       0.000       0.000       0.000       0.000    
    46800.   12.36066967   12.3765   0.000       0.000      0.1387E-04   0.000     0.2031E-02 0.2660E-02-0.4705E-02  0.000      0.000      0.000       0.000       0.000       0.000       0.000       0.000       0.000    
    50400.   12.34787955   12.3757   0.000       0.000      0.2439E-04   0.000     0.1878E-02 0.2392E-02-0.4294E-02  0.000      0.000      0.000       0.000       0.000       0.000       0.000       0.000       0.000    
    54000.   12.35930242   12.3760   0.000       0.000      0.1464E-04   0.000     0.2033E-02 0.2656E-02-0.4704E-02  0.000      0.000      0.000       0.000       0.000       0.000       0.000       0.000       0.000    
    57600.   12.39495408   12.3792   0.000       0.000     -0.1376E-04   0.000     0.2348E-02 0.3270E-02-0.5605E-02  0.000      0.000      0.000       0.000       0.000       0.000       0.000       0.000       0.000    
    61200.   12.50429759   12.3912   0.000       0.000     -0.9899E-04   0.000     0.3247E-02 0.5065E-02-0.8213E-02  0.000      0.000      0.000       0.000       0.000       0.000       0.000       0.000       0.000    
    64800.   12.49953584   12.4013   0.000       0.000     -0.8593E-04   0.000     0.2680E-02 0.4320E-02-0.6914E-02  0.000      0.000      0.000       0.000       0.000       0.000       0.000       0.000       0.000    
    68400.   12.49855053   12.4107   0.000       0.000     -0.7691E-04   0.000     0.2491E-02 0.4034E-02-0.6447E-02  0.000      0.000      0.000       0.000       0.000       0.000       0.000       0.000       0.000    
    72000.   12.46780353   12.4168   0.000       0.000     -0.4464E-04   0.000     0.2122E-02 0.3324E-02-0.5401E-02  0.000      0.000      0.000       0.000       0.000       0.000       0.000       0.000       0.000    
    75600.   12.43733356   12.4201   0.000       0.000     -0.1506E-04   0.000     0.1917E-02 0.2820E-02-0.4722E-02  0.000      0.000      0.000       0.000       0.000       0.000       0.000       0.000       0.000    
    79200.   12.51412486   12.4298   0.000       0.000     -0.7376E-04   0.000     0.2815E-02 0.4360E-02-0.7101E-02  0.000      0.000      0.000       0.000       0.000       0.000       0.000       0.000       0.000    
    82800.   12.52824490   12.4397   0.000       0.000     -0.7744E-04   0.000     0.2678E-02 0.4242E-02-0.6842E-02  0.000      0.000      0.000       0.000       0.000       0.000       0.000       0.000       0.000    
    86400.   12.54233410   12.4500   0.000       0.000     -0.8076E-04   0.000     0.2643E-02 0.4239E-02-0.6800E-02  0.000      0.000      0.000       0.000       0.000       0.000       0.000       0.000       0.000    
    90000.   12.62375445   12.4664   0.000       0.000     -0.1377E-03   0.000     0.3303E-02 0.5505E-02-0.8670E-02  0.000      0.000      0.000       0.000       0.000       0.000       0.000       0.000       0.000    
    93600.   12.81310930   12.4970   0.000       0.000     -0.2766E-03   0.000     0.4743E-02 0.8403E-02-0.1287E-01  0.000      0.000      0.000       0.000       0.000       0.000       0.000       0.000       0.000    
    97200.   12.74665707   12.5190   0.000       0.000     -0.1992E-03   0.000     0.3141E-02 0.5914E-02-0.8857E-02  0.000      0.000      0.000       0.000       0.000       0.000       0.000       0.000       0.000    
   100800.   12.59893940   12.5274   0.000       0.000     -0.6258E-04   0.000     0.1604E-02 0.2943E-02-0.4484E-02  0.000      0.000      0.000       0.000       0.000       0.000       0.000       0.000       0.000    
   104400.   12.52931626   12.5302   0.000       0.000      0.7669E-06   0.000     0.1489E-02 0.2217E-02-0.3707E-02  0.000      0.000      0.000       0.000       0.000       0.000       0.000       0.000       0.000    
   108000.   12.50736839   12.5314   0.000       0.000      0.2107E-04   0.000     0.1754E-02 0.2307E-02-0.4082E-02  0.000      0.000      0.000       0.000       0.000       0.000       0.000       0.000       0.000    
   111600.   12.47369636   12.5300   0.000       0.000      0.4929E-04   0.000     0.1678E-02 0.1950E-02-0.3678E-02  0.000      0.000      0.000       0.000       0.000       0.000       0.000       0.000       0.000    
   115200.   12.44621187   12.5266   0.000       0.000      0.7036E-04   0.000     0.1637E-02 0.1702E-02-0.3410E-02  0.000      0.000      0.000       0.000       0.000       0.000       0.000       0.000       0.000    
   118800.   12.42632693   12.5220   0.000       0.000      0.8367E-04   0.000     0.1642E-02 0.1579E-02-0.3304E-02  0.000      0.000      0.000       0.000       0.000       0.000       0.000       0.000       0.000    
   122400.   12.43497667   12.5184   0.000       0.000      0.7303E-04   0.000     0.1885E-02 0.1944E-02-0.3902E-02  0.000      0.000      0.000       0.000       0.000       0.000       0.000       0.000       0.000    
   126000.   12.41493422   12.5134   0.000       0.000      0.8620E-04   0.000     0.1717E-02 0.1633E-02-0.3436E-02  0.000      0.000      0.000       0.000       0.000       0.000       0.000       0.000       0.000    
   129600.   12.46579959   12.5131   0.000       0.000      0.4140E-04   0.000     0.2311E-02 0.2710E-02-0.5062E-02  0.000      0.000      0.000       0.000       0.000       0.000       0.000       0.000       0.000    
   133200.   12.44041808   12.5104   0.000       0.000      0.6126E-04   0.000     0.1893E-02 0.2061E-02-0.4015E-02  0.000      0.000      0.000       0.000       0.000       0.000       0.000       0.000       0.000    
   136800.   12.43114952   12.5072   0.000       0.000      0.6655E-04   0.000     0.1849E-02 0.1965E-02-0.3880E-02  0.000      0.000      0.000       0.000       0.000       0.000       0.000       0.000       0.000    
   140400.   12.40885501   12.5024   0.000       0.000      0.8184E-04   0.000     0.1694E-02 0.1649E-02-0.3425E-02  0.000      0.000      0.000       0.000       0.000       0.000       0.000       0.000       0.000    
   144000.   12.40439360   12.4976   0.000       0.000      0.8156E-04   0.000     0.1770E-02 0.1734E-02-0.3586E-02  0.000      0.000      0.000       0.000       0.000       0.000       0.000       0.000       0.000    
   147600.   12.40241877   12.4930   0.000       0.000      0.7926E-04   0.000     0.1818E-02 0.1807E-02-0.3704E-02  0.000      0.000      0.000       0.000       0.000       0.000       0.000       0.000       0.000    
   151200.   12.40134735   12.4886   0.000       0.000      0.7637E-04   0.000     0.1845E-02 0.1862E-02-0.3784E-02  0.000      0.000      0.000       0.000       0.000       0.000       0.000       0.000       0.000    
   154800.   12.40065014   12.4845   0.000       0.000      0.7333E-04   0.000     0.1862E-02 0.1909E-02-0.3844E-02  0.000      0.000      0.000       0.000       0.000       0.000       0.000       0.000       0.000    
   158400.   12.41373453   12.4817   0.000       0.000      0.5943E-04   0.000     0.2008E-02 0.2199E-02-0.4267E-02  0.000      0.000      0.000       0.000       0.000       0.000       0.000       0.000       0.000    
   162000.   12.47042206   12.4837   0.000       0.000      0.1160E-04   0.000     0.2515E-02 0.3209E-02-0.5736E-02  0.000      0.000      0.000       0.000       0.000       0.000       0.000       0.000       0.000    
   165600.   12.46784172   12.4850   0.000       0.000      0.1505E-04   0.000     0.2240E-02 0.2874E-02-0.5129E-02  0.000      0.000      0.000       0.000       0.000       0.000       0.000       0.000       0.000    
   169200.   12.42273177   12.4825   0.000       0.000      0.5230E-04   0.000     0.1720E-02 0.1952E-02-0.3724E-02  0.000      0.000      0.000       0.000       0.000       0.000       0.000       0.000       0.000    
   172800.   12.40888858   12.4792   0.000       0.000      0.6149E-04   0.000     0.1746E-02 0.1894E-02-0.3701E-02  0.000      0.000      0.000       0.000       0.000       0.000       0.000       0.000       0.000    
