TOTIM (T)      HCON          HMAT      QDIR      QWELL        QMAT       QCADS      QTUB1      QTUB2      QTUB3      QTUB4      QTUB5      QTUB6       NSTOR        QFIX        QLH     FHLQ (LQ)        CAUCHY   CAUCHY (LQ)
     3600.   12.36574378   12.3587   0.000       0.000     -0.6155E-05   0.000    -0.2584E-02 0.2590E-02  0.000      0.000      0.000      0.000       0.000       0.000       0.000       0.000       0.000       0.000    
     7200.   12.35219350   12.3576   0.000       0.000      0.4723E-05   0.000    -0.2315E-02 0.2310E-02  0.000      0.000      0.000      0.000       0.000       0.000       0.000       0.000       0.000       0.000    
    10800.   12.34966273   12.3564   0.000       0.000      0.5900E-05   0.000    -0.2352E-02 0.2346E-02  0.000      0.000      0.000      0.000       0.000       0.000       0.000       0.000       0.000       0.000    
    14400.   12.34850007   12.3552   0.000       0.000      0.5890E-05   0.000    -0.2375E-02 0.2369E-02  0.000      0.000      0.000      0.000       0.000       0.000       0.000       0.000       0.000       0.000    
    18000.   12.34777214   12.3541   0.000       0.000      0.5527E-05   0.000    -0.2390E-02 0.2384E-02  0.000      0.000      0.000      0.000       0.000       0.000       0.000       0.000       0.000       0.000    
    21600.   12.34723311   12.3530   0.000       0.000      0.5033E-05   0.000    -0.2401E-02 0.2395E-02  0.000      0.000      0.000      0.000       0.000       0.000       0.000       0.000       0.000       0.000    
    25200.   12.34678021   12.3519   0.000       0.000      0.4500E-05   0.000    -0.2409E-02 0.2404E-02  0.000      0.000      0.000      0.000       0.000       0.000       0.000       0.000       0.000       0.000    
    28800.   12.34639323   12.3509   0.000       0.000      0.3949E-05   0.000    -0.2416E-02 0.2412E-02  0.000      0.000      0.000      0.000       0.000       0.000       0.000       0.000       0.000       0.000    
    32400.   12.34601491   12.3499   0.000       0.000      0.3426E-05   0.000    -0.2422E-02 0.2418E-02  0.000      0.000      0.000      0.000       0.000       0.000       0.000       0.000       0.000       0.000    
    36000.   12.34564064   12.3490   0.000       0.000      0.2932E-05   0.000    -0.2427E-02 0.2424E-02  0.000      0.000      0.000      0.000       0.000       0.000       0.000       0.000       0.000       0.000    
    39600.   12.34526887   12.3481   0.000       0.000      0.2466E-05   0.000    -0.2432E-02 0.2430E-02  0.000      0.000      0.000      0.000       0.000       0.000       0.000       0.000       0.000       0.000    
    43200.   12.35848580   12.3483   0.000       0.000     -0.8876E-05   0.000    -0.2705E-02 0.2714E-02  0.000      0.000      0.000      0.000       0.000       0.000       0.000       0.000       0.000       0.000    
    46800.   12.36066935   12.3487   0.000       0.000     -0.1048E-04   0.000    -0.2672E-02 0.2682E-02  0.000      0.000      0.000      0.000       0.000       0.000       0.000       0.000       0.000       0.000    
    50400.   12.34787924   12.3479   0.000       0.000      0.5126E-07   0.000    -0.2384E-02 0.2384E-02  0.000      0.000      0.000      0.000       0.000       0.000       0.000       0.000       0.000       0.000    
    54000.   12.35930211   12.3482   0.000       0.000     -0.9681E-05   0.000    -0.2679E-02 0.2688E-02  0.000      0.000      0.000      0.000       0.000       0.000       0.000       0.000       0.000       0.000    
    57600.   12.39495372   12.3514   0.000       0.000     -0.3808E-04   0.000    -0.3326E-02 0.3364E-02  0.000      0.000      0.000      0.000       0.000       0.000       0.000       0.000       0.000       0.000    
    61200.   12.50428588   12.3633   0.000       0.000     -0.1233E-03   0.000    -0.5225E-02 0.5348E-02  0.000      0.000      0.000      0.000       0.000       0.000       0.000       0.000       0.000       0.000    
    64800.   12.49952769   12.3734   0.000       0.000     -0.1104E-03   0.000    -0.4340E-02 0.4450E-02  0.000      0.000      0.000      0.000       0.000       0.000       0.000       0.000       0.000       0.000    
    68400.   12.49854347   12.3826   0.000       0.000     -0.1014E-03   0.000    -0.4064E-02 0.4165E-02  0.000      0.000      0.000      0.000       0.000       0.000       0.000       0.000       0.000       0.000    
    72000.   12.46779852   12.3886   0.000       0.000     -0.6928E-04   0.000    -0.3318E-02 0.3388E-02  0.000      0.000      0.000      0.000       0.000       0.000       0.000       0.000       0.000       0.000    
    75600.   12.43732963   12.3918   0.000       0.000     -0.3981E-04   0.000    -0.2815E-02 0.2855E-02  0.000      0.000      0.000      0.000       0.000       0.000       0.000       0.000       0.000       0.000    
    79200.   12.51411611   12.4014   0.000       0.000     -0.9863E-04   0.000    -0.4500E-02 0.4598E-02  0.000      0.000      0.000      0.000       0.000       0.000       0.000       0.000       0.000       0.000    
    82800.   12.52823686   12.4111   0.000       0.000     -0.1025E-03   0.000    -0.4308E-02 0.4410E-02  0.000      0.000      0.000      0.000       0.000       0.000       0.000       0.000       0.000       0.000    
    86400.   12.54232621   12.4212   0.000       0.000     -0.1060E-03   0.000    -0.4312E-02 0.4418E-02  0.000      0.000      0.000      0.000       0.000       0.000       0.000       0.000       0.000       0.000    
    90000.   12.62374180   12.4373   0.000       0.000     -0.1631E-03   0.000    -0.5677E-02 0.5840E-02  0.000      0.000      0.000      0.000       0.000       0.000       0.000       0.000       0.000       0.000    
    93600.   12.81309112   12.4676   0.000       0.000     -0.3023E-03   0.000    -0.8735E-02 0.9038E-02  0.000      0.000      0.000      0.000       0.000       0.000       0.000       0.000       0.000       0.000    
    97200.   12.74664850   12.4893   0.000       0.000     -0.2252E-03   0.000    -0.5930E-02 0.6156E-02  0.000      0.000      0.000      0.000       0.000       0.000       0.000       0.000       0.000       0.000    
   100800.   12.59893808   12.4973   0.000       0.000     -0.8895E-04   0.000    -0.2858E-02 0.2947E-02  0.000      0.000      0.000      0.000       0.000       0.000       0.000       0.000       0.000       0.000    
   104400.   12.52931520   12.4997   0.000       0.000     -0.2591E-04   0.000    -0.2231E-02 0.2257E-02  0.000      0.000      0.000      0.000       0.000       0.000       0.000       0.000       0.000       0.000    
   108000.   12.50736703   12.5006   0.000       0.000     -0.5881E-05   0.000    -0.2382E-02 0.2388E-02  0.000      0.000      0.000      0.000       0.000       0.000       0.000       0.000       0.000       0.000    
   111600.   12.47369511   12.4990   0.000       0.000      0.2210E-04   0.000    -0.2011E-02 0.1989E-02  0.000      0.000      0.000      0.000       0.000       0.000       0.000       0.000       0.000       0.000    
   115200.   12.44621070   12.4953   0.000       0.000      0.4298E-04   0.000    -0.1773E-02 0.1730E-02  0.000      0.000      0.000      0.000       0.000       0.000       0.000       0.000       0.000       0.000    
   118800.   12.42632578   12.4905   0.000       0.000      0.5614E-04   0.000    -0.1660E-02 0.1604E-02  0.000      0.000      0.000      0.000       0.000       0.000       0.000       0.000       0.000       0.000    
   122400.   12.43497519   12.4868   0.000       0.000      0.4538E-04   0.000    -0.2065E-02 0.2020E-02  0.000      0.000      0.000      0.000       0.000       0.000       0.000       0.000       0.000       0.000    
   126000.   12.41493298   12.4818   0.000       0.000      0.5847E-04   0.000    -0.1719E-02 0.1660E-02  0.000      0.000      0.000      0.000       0.000       0.000       0.000       0.000       0.000       0.000    
   129600.   12.46579742   12.4813   0.000       0.000      0.1361E-04   0.000    -0.2891E-02 0.2878E-02  0.000      0.000      0.000      0.000       0.000       0.000       0.000       0.000       0.000       0.000    
   133200.   12.44041656   12.4786   0.000       0.000      0.3343E-04   0.000    -0.2146E-02 0.2113E-02  0.000      0.000      0.000      0.000       0.000       0.000       0.000       0.000       0.000       0.000    
   136800.   12.43114808   12.4754   0.000       0.000      0.3870E-04   0.000    -0.2072E-02 0.2033E-02  0.000      0.000      0.000      0.000       0.000       0.000       0.000       0.000       0.000       0.000    
   140400.   12.40885379   12.4706   0.000       0.000      0.5399E-04   0.000    -0.1738E-02 0.1684E-02  0.000      0.000      0.000      0.000       0.000       0.000       0.000       0.000       0.000       0.000    
   144000.   12.40439229   12.4658   0.000       0.000      0.5375E-04   0.000    -0.1844E-02 0.1790E-02  0.000      0.000      0.000      0.000       0.000       0.000       0.000       0.000       0.000       0.000    
   147600.   12.40241739   12.4613   0.000       0.000      0.5150E-04   0.000    -0.1918E-02 0.1867E-02  0.000      0.000      0.000      0.000       0.000       0.000       0.000       0.000       0.000       0.000    
   151200.   12.40134593   12.4570   0.000       0.000      0.4868E-04   0.000    -0.1973E-02 0.1924E-02  0.000      0.000      0.000      0.000       0.000       0.000       0.000       0.000       0.000       0.000    
   154800.   12.40064869   12.4529   0.000       0.000      0.4573E-04   0.000    -0.2018E-02 0.1972E-02  0.000      0.000      0.000      0.000       0.000       0.000       0.000       0.000       0.000       0.000    
   158400.   12.41373285   12.4502   0.000       0.000      0.3191E-04   0.000    -0.2325E-02 0.2293E-02  0.000      0.000      0.000      0.000       0.000       0.000       0.000       0.000       0.000       0.000    
   162000.   12.47041948   12.4523   0.000       0.000     -0.1583E-04   0.000    -0.3392E-02 0.3408E-02  0.000      0.000      0.000      0.000       0.000       0.000       0.000       0.000       0.000       0.000    
   165600.   12.46783960   12.4538   0.000       0.000     -0.1230E-04   0.000    -0.2981E-02 0.2993E-02  0.000      0.000      0.000      0.000       0.000       0.000       0.000       0.000       0.000       0.000    
   169200.   12.42273047   12.4513   0.000       0.000      0.2503E-04   0.000    -0.2001E-02 0.1976E-02  0.000      0.000      0.000      0.000       0.000       0.000       0.000       0.000       0.000       0.000    
   172800.   12.40888727   12.4481   0.000       0.000      0.3431E-04   0.000    -0.1979E-02 0.1945E-02  0.000      0.000      0.000      0.000       0.000       0.000       0.000       0.000       0.000       0.000    
