TOTIM (T)      HCON          HMAT      QDIR      QWELL        QMAT       QCADS      QTUB1      QTUB2      QTUB3      QTUB4      QTUB5      QTUB6       NSTOR        QFIX        QLH     FHLQ (LQ)        CAUCHY   CAUCHY (LQ)
     3600.   12.36574415   12.4293   0.000       0.000      0.5559E-04   0.000     0.2316E-02-0.2372E-02  0.000      0.000      0.000      0.000       0.000       0.000       0.000       0.000       0.000       0.000    
     7200.   12.35219383   12.4282   0.000       0.000      0.6647E-04   0.000     0.1971E-02-0.2038E-02  0.000      0.000      0.000      0.000       0.000       0.000       0.000       0.000       0.000       0.000    
    10800.   12.34966306   12.4270   0.000       0.000      0.6765E-04   0.000     0.2000E-02-0.2068E-02  0.000      0.000      0.000      0.000       0.000       0.000       0.000       0.000       0.000       0.000    
    14400.   12.34850040   12.4258   0.000       0.000      0.6764E-04   0.000     0.2023E-02-0.2091E-02  0.000      0.000      0.000      0.000       0.000       0.000       0.000       0.000       0.000       0.000    
    18000.   12.34777247   12.4247   0.000       0.000      0.6727E-04   0.000     0.2040E-02-0.2108E-02  0.000      0.000      0.000      0.000       0.000       0.000       0.000       0.000       0.000       0.000    
    21600.   12.34723344   12.4236   0.000       0.000      0.6678E-04   0.000     0.2055E-02-0.2121E-02  0.000      0.000      0.000      0.000       0.000       0.000       0.000       0.000       0.000       0.000    
    25200.   12.34678055   12.4225   0.000       0.000      0.6624E-04   0.000     0.2067E-02-0.2133E-02  0.000      0.000      0.000      0.000       0.000       0.000       0.000       0.000       0.000       0.000    
    28800.   12.34639357   12.4215   0.000       0.000      0.6569E-04   0.000     0.2077E-02-0.2143E-02  0.000      0.000      0.000      0.000       0.000       0.000       0.000       0.000       0.000       0.000    
    32400.   12.34601525   12.4205   0.000       0.000      0.6517E-04   0.000     0.2087E-02-0.2152E-02  0.000      0.000      0.000      0.000       0.000       0.000       0.000       0.000       0.000       0.000    
    36000.   12.34564098   12.4196   0.000       0.000      0.6468E-04   0.000     0.2096E-02-0.2160E-02  0.000      0.000      0.000      0.000       0.000       0.000       0.000       0.000       0.000       0.000    
    39600.   12.34526921   12.4187   0.000       0.000      0.6421E-04   0.000     0.2104E-02-0.2168E-02  0.000      0.000      0.000      0.000       0.000       0.000       0.000       0.000       0.000       0.000    
    43200.   12.35848619   12.4189   0.000       0.000      0.5287E-04   0.000     0.2457E-02-0.2509E-02  0.000      0.000      0.000      0.000       0.000       0.000       0.000       0.000       0.000       0.000    
    46800.   12.36066974   12.4193   0.000       0.000      0.5126E-04   0.000     0.2434E-02-0.2486E-02  0.000      0.000      0.000      0.000       0.000       0.000       0.000       0.000       0.000       0.000    
    50400.   12.34787958   12.4185   0.000       0.000      0.6179E-04   0.000     0.2073E-02-0.2135E-02  0.000      0.000      0.000      0.000       0.000       0.000       0.000       0.000       0.000       0.000    
    54000.   12.35930249   12.4188   0.000       0.000      0.5206E-04   0.000     0.2436E-02-0.2488E-02  0.000      0.000      0.000      0.000       0.000       0.000       0.000       0.000       0.000       0.000    
    57600.   12.39495422   12.4220   0.000       0.000      0.2366E-04   0.000     0.3282E-02-0.3306E-02  0.000      0.000      0.000      0.000       0.000       0.000       0.000       0.000       0.000       0.000    
    61200.   12.50428670   12.4339   0.000       0.000     -0.6160E-04   0.000     0.5778E-02-0.5716E-02  0.000      0.000      0.000      0.000       0.000       0.000       0.000       0.000       0.000       0.000    
    64800.   12.49952837   12.4440   0.000       0.000     -0.4861E-04   0.000     0.4801E-02-0.4753E-02  0.000      0.000      0.000      0.000       0.000       0.000       0.000       0.000       0.000       0.000    
    68400.   12.49854411   12.4532   0.000       0.000     -0.3969E-04   0.000     0.4463E-02-0.4423E-02  0.000      0.000      0.000      0.000       0.000       0.000       0.000       0.000       0.000       0.000    
    72000.   12.46779903   12.4592   0.000       0.000     -0.7534E-05   0.000     0.3493E-02-0.3485E-02  0.000      0.000      0.000      0.000       0.000       0.000       0.000       0.000       0.000       0.000    
    75600.   12.43733005   12.4624   0.000       0.000      0.2193E-04   0.000     0.2783E-02-0.2805E-02  0.000      0.000      0.000      0.000       0.000       0.000       0.000       0.000       0.000       0.000    
    79200.   12.51411681   12.4720   0.000       0.000     -0.3689E-04   0.000     0.4879E-02-0.4842E-02  0.000      0.000      0.000      0.000       0.000       0.000       0.000       0.000       0.000       0.000    
    82800.   12.52823753   12.4817   0.000       0.000     -0.4073E-04   0.000     0.4714E-02-0.4673E-02  0.000      0.000      0.000      0.000       0.000       0.000       0.000       0.000       0.000       0.000    
    86400.   12.54232688   12.4918   0.000       0.000     -0.4421E-04   0.000     0.4743E-02-0.4699E-02  0.000      0.000      0.000      0.000       0.000       0.000       0.000       0.000       0.000       0.000    
    90000.   12.62374270   12.5079   0.000       0.000     -0.1014E-03   0.000     0.6508E-02-0.6407E-02  0.000      0.000      0.000      0.000       0.000       0.000       0.000       0.000       0.000       0.000    
    93600.   12.81310449   12.5382   0.000       0.000     -0.2405E-03   0.000     0.1054E-01-0.1030E-01  0.000      0.000      0.000      0.000       0.000       0.000       0.000       0.000       0.000       0.000    
    97200.   12.74665479   12.5599   0.000       0.000     -0.1634E-03   0.000     0.7196E-02-0.7032E-02  0.000      0.000      0.000      0.000       0.000       0.000       0.000       0.000       0.000       0.000    
   100800.   12.59893883   12.5679   0.000       0.000     -0.2718E-04   0.000     0.3170E-02-0.3143E-02  0.000      0.000      0.000      0.000       0.000       0.000       0.000       0.000       0.000       0.000    
   104400.   12.52931567   12.5703   0.000       0.000      0.3586E-04   0.000     0.2102E-02-0.2138E-02  0.000      0.000      0.000      0.000       0.000       0.000       0.000       0.000       0.000       0.000    
   108000.   12.50736753   12.5713   0.000       0.000      0.5590E-04   0.000     0.2112E-02-0.2168E-02  0.000      0.000      0.000      0.000       0.000       0.000       0.000       0.000       0.000       0.000    
   111600.   12.47369548   12.5696   0.000       0.000      0.8389E-04   0.000     0.1545E-02-0.1629E-02  0.000      0.000      0.000      0.000       0.000       0.000       0.000       0.000       0.000       0.000    
   115200.   12.44621099   12.5659   0.000       0.000      0.1048E-03   0.000     0.1161E-02-0.1266E-02  0.000      0.000      0.000      0.000       0.000       0.000       0.000       0.000       0.000       0.000    
   118800.   12.42632602   12.5611   0.000       0.000      0.1179E-03   0.000     0.9561E-03-0.1074E-02  0.000      0.000      0.000      0.000       0.000       0.000       0.000       0.000       0.000       0.000    
   122400.   12.43497555   12.5575   0.000       0.000      0.1072E-03   0.000     0.1436E-02-0.1543E-02  0.000      0.000      0.000      0.000       0.000       0.000       0.000       0.000       0.000       0.000    
   126000.   12.41493323   12.5524   0.000       0.000      0.1203E-03   0.000     0.9978E-03-0.1118E-02  0.000      0.000      0.000      0.000       0.000       0.000       0.000       0.000       0.000       0.000    
   129600.   12.46579809   12.5520   0.000       0.000      0.7543E-04   0.000     0.2484E-02-0.2560E-02  0.000      0.000      0.000      0.000       0.000       0.000       0.000       0.000       0.000       0.000    
   133200.   12.44041695   12.5493   0.000       0.000      0.9526E-04   0.000     0.1600E-02-0.1696E-02  0.000      0.000      0.000      0.000       0.000       0.000       0.000       0.000       0.000       0.000    
   136800.   12.43114845   12.5461   0.000       0.000      0.1005E-03   0.000     0.1489E-02-0.1589E-02  0.000      0.000      0.000      0.000       0.000       0.000       0.000       0.000       0.000       0.000    
   140400.   12.40885406   12.5412   0.000       0.000      0.1158E-03   0.000     0.1048E-02-0.1164E-02  0.000      0.000      0.000      0.000       0.000       0.000       0.000       0.000       0.000       0.000    
   144000.   12.40439259   12.5365   0.000       0.000      0.1156E-03   0.000     0.1156E-02-0.1271E-02  0.000      0.000      0.000      0.000       0.000       0.000       0.000       0.000       0.000       0.000    
   147600.   12.40241770   12.5320   0.000       0.000      0.1134E-03   0.000     0.1246E-02-0.1359E-02  0.000      0.000      0.000      0.000       0.000       0.000       0.000       0.000       0.000       0.000    
   151200.   12.40134626   12.5277   0.000       0.000      0.1105E-03   0.000     0.1320E-02-0.1431E-02  0.000      0.000      0.000      0.000       0.000       0.000       0.000       0.000       0.000       0.000    
   154800.   12.40064904   12.5236   0.000       0.000      0.1076E-03   0.000     0.1386E-02-0.1493E-02  0.000      0.000      0.000      0.000       0.000       0.000       0.000       0.000       0.000       0.000    
   158400.   12.41373330   12.5209   0.000       0.000      0.9380E-04   0.000     0.1789E-02-0.1883E-02  0.000      0.000      0.000      0.000       0.000       0.000       0.000       0.000       0.000       0.000    
   162000.   12.47042038   12.5231   0.000       0.000      0.4607E-04   0.000     0.3191E-02-0.3237E-02  0.000      0.000      0.000      0.000       0.000       0.000       0.000       0.000       0.000       0.000    
   165600.   12.46784032   12.5245   0.000       0.000      0.4960E-04   0.000     0.2755E-02-0.2805E-02  0.000      0.000      0.000      0.000       0.000       0.000       0.000       0.000       0.000       0.000    
   169200.   12.42273083   12.5221   0.000       0.000      0.8694E-04   0.000     0.1514E-02-0.1601E-02  0.000      0.000      0.000      0.000       0.000       0.000       0.000       0.000       0.000       0.000    
   172800.   12.40888761   12.5189   0.000       0.000      0.9623E-04   0.000     0.1426E-02-0.1523E-02  0.000      0.000      0.000      0.000       0.000       0.000       0.000       0.000       0.000       0.000    
