TOTIM (T)      HCON          HMAT      QDIR      QWELL        QMAT       QCADS      QTUB1      QTUB2      QTUB3      QTUB4      QTUB5      QTUB6       NSTOR        QFIX        QLH     FHLQ (LQ)        CAUCHY   CAUCHY (LQ)
     3600.   12.36574364   12.3769   0.000       0.000      0.9746E-05   0.000     0.4572E-02-0.4581E-02  0.000      0.000      0.000      0.000       0.000       0.000       0.000       0.000       0.000       0.000    
     7200.   12.35219338   12.3758   0.000       0.000      0.2062E-04   0.000     0.4229E-02-0.4250E-02  0.000      0.000      0.000      0.000       0.000       0.000       0.000       0.000       0.000       0.000    
    10800.   12.34966260   12.3746   0.000       0.000      0.2180E-04   0.000     0.4290E-02-0.4312E-02  0.000      0.000      0.000      0.000       0.000       0.000       0.000       0.000       0.000       0.000    
    14400.   12.34849994   12.3734   0.000       0.000      0.2179E-04   0.000     0.4332E-02-0.4354E-02  0.000      0.000      0.000      0.000       0.000       0.000       0.000       0.000       0.000       0.000    
    18000.   12.34777201   12.3723   0.000       0.000      0.2143E-04   0.000     0.4356E-02-0.4378E-02  0.000      0.000      0.000      0.000       0.000       0.000       0.000       0.000       0.000       0.000    
    21600.   12.34723298   12.3712   0.000       0.000      0.2093E-04   0.000     0.4371E-02-0.4392E-02  0.000      0.000      0.000      0.000       0.000       0.000       0.000       0.000       0.000       0.000    
    25200.   12.34678008   12.3701   0.000       0.000      0.2040E-04   0.000     0.4381E-02-0.4402E-02  0.000      0.000      0.000      0.000       0.000       0.000       0.000       0.000       0.000       0.000    
    28800.   12.34639310   12.3691   0.000       0.000      0.1985E-04   0.000     0.4388E-02-0.4408E-02  0.000      0.000      0.000      0.000       0.000       0.000       0.000       0.000       0.000       0.000    
    32400.   12.34601478   12.3681   0.000       0.000      0.1933E-04   0.000     0.4394E-02-0.4413E-02  0.000      0.000      0.000      0.000       0.000       0.000       0.000       0.000       0.000       0.000    
    36000.   12.34564051   12.3672   0.000       0.000      0.1883E-04   0.000     0.4399E-02-0.4418E-02  0.000      0.000      0.000      0.000       0.000       0.000       0.000       0.000       0.000       0.000    
    39600.   12.34526874   12.3663   0.000       0.000      0.1836E-04   0.000     0.4404E-02-0.4423E-02  0.000      0.000      0.000      0.000       0.000       0.000       0.000       0.000       0.000       0.000    
    43200.   12.35848565   12.3665   0.000       0.000      0.7021E-05   0.000     0.4749E-02-0.4756E-02  0.000      0.000      0.000      0.000       0.000       0.000       0.000       0.000       0.000       0.000    
    46800.   12.36066921   12.3669   0.000       0.000      0.5418E-05   0.000     0.4692E-02-0.4698E-02  0.000      0.000      0.000      0.000       0.000       0.000       0.000       0.000       0.000       0.000    
    50400.   12.34787912   12.3661   0.000       0.000      0.1595E-04   0.000     0.4313E-02-0.4329E-02  0.000      0.000      0.000      0.000       0.000       0.000       0.000       0.000       0.000       0.000    
    54000.   12.35930196   12.3664   0.000       0.000      0.6212E-05   0.000     0.4694E-02-0.4700E-02  0.000      0.000      0.000      0.000       0.000       0.000       0.000       0.000       0.000       0.000    
    57600.   12.39495353   12.3696   0.000       0.000     -0.2218E-04   0.000     0.5509E-02-0.5487E-02  0.000      0.000      0.000      0.000       0.000       0.000       0.000       0.000       0.000       0.000    
    61200.   12.50429141   12.3815   0.000       0.000     -0.1075E-03   0.000     0.7861E-02-0.7754E-02  0.000      0.000      0.000      0.000       0.000       0.000       0.000       0.000       0.000       0.000    
    64800.   12.49953144   12.3916   0.000       0.000     -0.9446E-04   0.000     0.6602E-02-0.6507E-02  0.000      0.000      0.000      0.000       0.000       0.000       0.000       0.000       0.000       0.000    
    68400.   12.49854669   12.4008   0.000       0.000     -0.8554E-04   0.000     0.6162E-02-0.6076E-02  0.000      0.000      0.000      0.000       0.000       0.000       0.000       0.000       0.000       0.000    
    72000.   12.46780079   12.4068   0.000       0.000     -0.5339E-04   0.000     0.5212E-02-0.5159E-02  0.000      0.000      0.000      0.000       0.000       0.000       0.000       0.000       0.000       0.000    
    75600.   12.43733142   12.4100   0.000       0.000     -0.2392E-04   0.000     0.4621E-02-0.4597E-02  0.000      0.000      0.000      0.000       0.000       0.000       0.000       0.000       0.000       0.000    
    79200.   12.51412020   12.4196   0.000       0.000     -0.8274E-04   0.000     0.6824E-02-0.6741E-02  0.000      0.000      0.000      0.000       0.000       0.000       0.000       0.000       0.000       0.000    
    82800.   12.52824057   12.4293   0.000       0.000     -0.8658E-04   0.000     0.6554E-02-0.6467E-02  0.000      0.000      0.000      0.000       0.000       0.000       0.000       0.000       0.000       0.000    
    86400.   12.54232983   12.4394   0.000       0.000     -0.9006E-04   0.000     0.6501E-02-0.6411E-02  0.000      0.000      0.000      0.000       0.000       0.000       0.000       0.000       0.000       0.000    
    90000.   12.62374765   12.4555   0.000       0.000     -0.1472E-03   0.000     0.8200E-02-0.8052E-02  0.000      0.000      0.000      0.000       0.000       0.000       0.000       0.000       0.000       0.000    
    93600.   12.81309467   12.4858   0.000       0.000     -0.2864E-03   0.000     0.1198E-01-0.1169E-01  0.000      0.000      0.000      0.000       0.000       0.000       0.000       0.000       0.000       0.000    
    97200.   12.74665012   12.5075   0.000       0.000     -0.2093E-03   0.000     0.8200E-02-0.7991E-02  0.000      0.000      0.000      0.000       0.000       0.000       0.000       0.000       0.000       0.000    
   100800.   12.59893791   12.5155   0.000       0.000     -0.7302E-04   0.000     0.4236E-02-0.4163E-02  0.000      0.000      0.000      0.000       0.000       0.000       0.000       0.000       0.000       0.000    
   104400.   12.52931516   12.5179   0.000       0.000     -0.9969E-05   0.000     0.3648E-02-0.3638E-02  0.000      0.000      0.000      0.000       0.000       0.000       0.000       0.000       0.000       0.000    
   108000.   12.50736706   12.5189   0.000       0.000      0.1008E-04   0.000     0.4083E-02-0.4093E-02  0.000      0.000      0.000      0.000       0.000       0.000       0.000       0.000       0.000       0.000    
   111600.   12.47369523   12.5172   0.000       0.000      0.3807E-04   0.000     0.3763E-02-0.3801E-02  0.000      0.000      0.000      0.000       0.000       0.000       0.000       0.000       0.000       0.000    
   115200.   12.44621086   12.5136   0.000       0.000      0.5896E-04   0.000     0.3558E-02-0.3617E-02  0.000      0.000      0.000      0.000       0.000       0.000       0.000       0.000       0.000       0.000    
   118800.   12.42632597   12.5088   0.000       0.000      0.7214E-04   0.000     0.3491E-02-0.3564E-02  0.000      0.000      0.000      0.000       0.000       0.000       0.000       0.000       0.000       0.000    
   122400.   12.43497539   12.5051   0.000       0.000      0.6140E-04   0.000     0.4057E-02-0.4118E-02  0.000      0.000      0.000      0.000       0.000       0.000       0.000       0.000       0.000       0.000    
   126000.   12.41493319   12.5001   0.000       0.000      0.7451E-04   0.000     0.3630E-02-0.3705E-02  0.000      0.000      0.000      0.000       0.000       0.000       0.000       0.000       0.000       0.000    
   129600.   12.46579756   12.4997   0.000       0.000      0.2967E-04   0.000     0.5122E-02-0.5151E-02  0.000      0.000      0.000      0.000       0.000       0.000       0.000       0.000       0.000       0.000    
   133200.   12.44041674   12.4970   0.000       0.000      0.4951E-04   0.000     0.4134E-02-0.4184E-02  0.000      0.000      0.000      0.000       0.000       0.000       0.000       0.000       0.000       0.000    
   136800.   12.43114826   12.4938   0.000       0.000      0.5480E-04   0.000     0.4015E-02-0.4070E-02  0.000      0.000      0.000      0.000       0.000       0.000       0.000       0.000       0.000       0.000    
   140400.   12.40885399   12.4890   0.000       0.000      0.7011E-04   0.000     0.3607E-02-0.3677E-02  0.000      0.000      0.000      0.000       0.000       0.000       0.000       0.000       0.000       0.000    
   144000.   12.40439249   12.4843   0.000       0.000      0.6989E-04   0.000     0.3766E-02-0.3836E-02  0.000      0.000      0.000      0.000       0.000       0.000       0.000       0.000       0.000       0.000    
   147600.   12.40241759   12.4797   0.000       0.000      0.6766E-04   0.000     0.3878E-02-0.3946E-02  0.000      0.000      0.000      0.000       0.000       0.000       0.000       0.000       0.000       0.000    
   151200.   12.40134613   12.4755   0.000       0.000      0.6485E-04   0.000     0.3949E-02-0.4014E-02  0.000      0.000      0.000      0.000       0.000       0.000       0.000       0.000       0.000       0.000    
   154800.   12.40064889   12.4714   0.000       0.000      0.6192E-04   0.000     0.4001E-02-0.4063E-02  0.000      0.000      0.000      0.000       0.000       0.000       0.000       0.000       0.000       0.000    
   158400.   12.41373303   12.4687   0.000       0.000      0.4812E-04   0.000     0.4382E-02-0.4430E-02  0.000      0.000      0.000      0.000       0.000       0.000       0.000       0.000       0.000       0.000    
   162000.   12.47041954   12.4709   0.000       0.000      0.3876E-06   0.000     0.5708E-02-0.5708E-02  0.000      0.000      0.000      0.000       0.000       0.000       0.000       0.000       0.000       0.000    
   165600.   12.46783968   12.4723   0.000       0.000      0.3930E-05   0.000     0.5112E-02-0.5116E-02  0.000      0.000      0.000      0.000       0.000       0.000       0.000       0.000       0.000       0.000    
   169200.   12.42273061   12.4699   0.000       0.000      0.4127E-04   0.000     0.3819E-02-0.3860E-02  0.000      0.000      0.000      0.000       0.000       0.000       0.000       0.000       0.000       0.000    
   172800.   12.40888742   12.4667   0.000       0.000      0.5057E-04   0.000     0.3824E-02-0.3874E-02  0.000      0.000      0.000      0.000       0.000       0.000       0.000       0.000       0.000       0.000    
