TOTIM (T)      HCON          HMAT      QDIR      QWELL        QMAT       QCADS      QTUB1      QTUB2      QTUB3      QTUB4      QTUB5      QTUB6       NSTOR        QFIX        QLH     FHLQ (LQ)        CAUCHY   CAUCHY (LQ)
     3600.   12.36574491   12.4369   0.000       0.000      0.6229E-04   0.000     0.1580E-02-0.1642E-02  0.000      0.000      0.000      0.000       0.000       0.000       0.000       0.000       0.000       0.000    
     7200.   12.35219450   12.4358   0.000       0.000      0.7316E-04   0.000     0.1166E-02-0.1239E-02  0.000      0.000      0.000      0.000       0.000       0.000       0.000       0.000       0.000       0.000    
    10800.   12.34966373   12.4346   0.000       0.000      0.7434E-04   0.000     0.1172E-02-0.1246E-02  0.000      0.000      0.000      0.000       0.000       0.000       0.000       0.000       0.000       0.000    
    14400.   12.34850108   12.4334   0.000       0.000      0.7433E-04   0.000     0.1194E-02-0.1268E-02  0.000      0.000      0.000      0.000       0.000       0.000       0.000       0.000       0.000       0.000    
    18000.   12.34777315   12.4323   0.000       0.000      0.7397E-04   0.000     0.1214E-02-0.1288E-02  0.000      0.000      0.000      0.000       0.000       0.000       0.000       0.000       0.000       0.000    
    21600.   12.34723413   12.4312   0.000       0.000      0.7347E-04   0.000     0.1233E-02-0.1306E-02  0.000      0.000      0.000      0.000       0.000       0.000       0.000       0.000       0.000       0.000    
    25200.   12.34678124   12.4301   0.000       0.000      0.7294E-04   0.000     0.1250E-02-0.1323E-02  0.000      0.000      0.000      0.000       0.000       0.000       0.000       0.000       0.000       0.000    
    28800.   12.34639426   12.4291   0.000       0.000      0.7239E-04   0.000     0.1265E-02-0.1338E-02  0.000      0.000      0.000      0.000       0.000       0.000       0.000       0.000       0.000       0.000    
    32400.   12.34601595   12.4281   0.000       0.000      0.7186E-04   0.000     0.1280E-02-0.1352E-02  0.000      0.000      0.000      0.000       0.000       0.000       0.000       0.000       0.000       0.000    
    36000.   12.34564168   12.4272   0.000       0.000      0.7137E-04   0.000     0.1293E-02-0.1365E-02  0.000      0.000      0.000      0.000       0.000       0.000       0.000       0.000       0.000       0.000    
    39600.   12.34526991   12.4263   0.000       0.000      0.7090E-04   0.000     0.1306E-02-0.1377E-02  0.000      0.000      0.000      0.000       0.000       0.000       0.000       0.000       0.000       0.000    
    43200.   12.35848699   12.4266   0.000       0.000      0.5956E-04   0.000     0.1732E-02-0.1792E-02  0.000      0.000      0.000      0.000       0.000       0.000       0.000       0.000       0.000       0.000    
    46800.   12.36067053   12.4269   0.000       0.000      0.5796E-04   0.000     0.1737E-02-0.1795E-02  0.000      0.000      0.000      0.000       0.000       0.000       0.000       0.000       0.000       0.000    
    50400.   12.34788028   12.4261   0.000       0.000      0.6849E-04   0.000     0.1311E-02-0.1380E-02  0.000      0.000      0.000      0.000       0.000       0.000       0.000       0.000       0.000       0.000    
    54000.   12.35930328   12.4264   0.000       0.000      0.5875E-04   0.000     0.1721E-02-0.1780E-02  0.000      0.000      0.000      0.000       0.000       0.000       0.000       0.000       0.000       0.000    
    57600.   12.39495524   12.4296   0.000       0.000      0.3036E-04   0.000     0.2761E-02-0.2792E-02  0.000      0.000      0.000      0.000       0.000       0.000       0.000       0.000       0.000       0.000    
    61200.   12.50429964   12.4415   0.000       0.000     -0.5492E-04   0.000     0.5835E-02-0.5780E-02  0.000      0.000      0.000      0.000       0.000       0.000       0.000       0.000       0.000       0.000    
    64800.   12.49953758   12.4516   0.000       0.000     -0.4192E-04   0.000     0.4895E-02-0.4854E-02  0.000      0.000      0.000      0.000       0.000       0.000       0.000       0.000       0.000       0.000    
    68400.   12.49855214   12.4608   0.000       0.000     -0.3300E-04   0.000     0.4475E-02-0.4442E-02  0.000      0.000      0.000      0.000       0.000       0.000       0.000       0.000       0.000       0.000    
    72000.   12.46780479   12.4668   0.000       0.000     -0.8411E-06   0.000     0.3283E-02-0.3282E-02  0.000      0.000      0.000      0.000       0.000       0.000       0.000       0.000       0.000       0.000    
    75600.   12.43733456   12.4701   0.000       0.000      0.2863E-04   0.000     0.2337E-02-0.2365E-02  0.000      0.000      0.000      0.000       0.000       0.000       0.000       0.000       0.000       0.000    
    79200.   12.51412658   12.4796   0.000       0.000     -0.3020E-04   0.000     0.4759E-02-0.4729E-02  0.000      0.000      0.000      0.000       0.000       0.000       0.000       0.000       0.000       0.000    
    82800.   12.52824659   12.4894   0.000       0.000     -0.3403E-04   0.000     0.4699E-02-0.4665E-02  0.000      0.000      0.000      0.000       0.000       0.000       0.000       0.000       0.000       0.000    
    86400.   12.54233579   12.4995   0.000       0.000     -0.3751E-04   0.000     0.4748E-02-0.4710E-02  0.000      0.000      0.000      0.000       0.000       0.000       0.000       0.000       0.000       0.000    
    90000.   12.62375677   12.5156   0.000       0.000     -0.9468E-04   0.000     0.6872E-02-0.6777E-02  0.000      0.000      0.000      0.000       0.000       0.000       0.000       0.000       0.000       0.000    
    93600.   12.81314609   12.5459   0.000       0.000     -0.2339E-03   0.000     0.1186E-01-0.1162E-01  0.000      0.000      0.000      0.000       0.000       0.000       0.000       0.000       0.000       0.000    
    97200.   12.74667530   12.5675   0.000       0.000     -0.1567E-03   0.000     0.8212E-02-0.8055E-02  0.000      0.000      0.000      0.000       0.000       0.000       0.000       0.000       0.000       0.000    
   100800.   12.59894174   12.5756   0.000       0.000     -0.2046E-04   0.000     0.3196E-02-0.3176E-02  0.000      0.000      0.000      0.000       0.000       0.000       0.000       0.000       0.000       0.000    
   104400.   12.52931711   12.5780   0.000       0.000      0.4259E-04   0.000     0.1524E-02-0.1567E-02  0.000      0.000      0.000      0.000       0.000       0.000       0.000       0.000       0.000       0.000    
   108000.   12.50736920   12.5789   0.000       0.000      0.6263E-04   0.000     0.1314E-02-0.1377E-02  0.000      0.000      0.000      0.000       0.000       0.000       0.000       0.000       0.000       0.000    
   111600.   12.47369687   12.5773   0.000       0.000      0.9063E-04   0.000     0.5372E-03-0.6278E-03  0.000      0.000      0.000      0.000       0.000       0.000       0.000       0.000       0.000       0.000    
   115200.   12.44621224   12.5737   0.000       0.000      0.1115E-03   0.000    -0.2392E-04-0.8759E-04  0.000      0.000      0.000      0.000       0.000       0.000       0.000       0.000       0.000       0.000    
   118800.   12.42632722   12.5688   0.000       0.000      0.1247E-03   0.000    -0.3452E-03 0.2205E-03  0.000      0.000      0.000      0.000       0.000       0.000       0.000       0.000       0.000       0.000    
   122400.   12.43497712   12.5652   0.000       0.000      0.1139E-03   0.000     0.1814E-03-0.2953E-03  0.000      0.000      0.000      0.000       0.000       0.000       0.000       0.000       0.000       0.000    
   126000.   12.41493452   12.5601   0.000       0.000      0.1270E-03   0.000    -0.3261E-03 0.1991E-03  0.000      0.000      0.000      0.000       0.000       0.000       0.000       0.000       0.000       0.000    
   129600.   12.46580041   12.5597   0.000       0.000      0.8218E-04   0.000     0.1423E-02-0.1505E-02  0.000      0.000      0.000      0.000       0.000       0.000       0.000       0.000       0.000       0.000    
   133200.   12.44041861   12.5570   0.000       0.000      0.1020E-03   0.000     0.4771E-03-0.5791E-03  0.000      0.000      0.000      0.000       0.000       0.000       0.000       0.000       0.000       0.000    
   136800.   12.43115000   12.5538   0.000       0.000      0.1073E-03   0.000     0.3015E-03-0.4087E-03  0.000      0.000      0.000      0.000       0.000       0.000       0.000       0.000       0.000       0.000    
   140400.   12.40885533   12.5490   0.000       0.000      0.1226E-03   0.000    -0.2435E-03 0.1209E-03  0.000      0.000      0.000      0.000       0.000       0.000       0.000       0.000       0.000       0.000    
   144000.   12.40439396   12.5442   0.000       0.000      0.1224E-03   0.000    -0.1554E-03 0.3306E-04  0.000      0.000      0.000      0.000       0.000       0.000       0.000       0.000       0.000       0.000    
   147600.   12.40241915   12.5397   0.000       0.000      0.1201E-03   0.000    -0.4905E-04-0.7108E-04  0.000      0.000      0.000      0.000       0.000       0.000       0.000       0.000       0.000       0.000    
   151200.   12.40134776   12.5354   0.000       0.000      0.1173E-03   0.000     0.4875E-04-0.1661E-03  0.000      0.000      0.000      0.000       0.000       0.000       0.000       0.000       0.000       0.000    
   154800.   12.40065058   12.5314   0.000       0.000      0.1144E-03   0.000     0.1392E-03-0.2536E-03  0.000      0.000      0.000      0.000       0.000       0.000       0.000       0.000       0.000       0.000    
   158400.   12.41373511   12.5287   0.000       0.000      0.1006E-03   0.000     0.6370E-03-0.7376E-03  0.000      0.000      0.000      0.000       0.000       0.000       0.000       0.000       0.000       0.000    
   162000.   12.47042314   12.5308   0.000       0.000      0.5282E-04   0.000     0.2362E-02-0.2415E-02  0.000      0.000      0.000      0.000       0.000       0.000       0.000       0.000       0.000       0.000    
   165600.   12.46784267   12.5322   0.000       0.000      0.5636E-04   0.000     0.1975E-02-0.2031E-02  0.000      0.000      0.000      0.000       0.000       0.000       0.000       0.000       0.000       0.000    
   169200.   12.42273228   12.5298   0.000       0.000      0.9369E-04   0.000     0.4923E-03-0.5860E-03  0.000      0.000      0.000      0.000       0.000       0.000       0.000       0.000       0.000       0.000    
   172800.   12.40888904   12.5266   0.000       0.000      0.1030E-03   0.000     0.2948E-03-0.3977E-03  0.000      0.000      0.000      0.000       0.000       0.000       0.000       0.000       0.000       0.000    
