TOTIM (T)      HCON          HMAT      QDIR      QWELL        QMAT       QCADS      QTUB1      QTUB2      QTUB3      QTUB4      QTUB5      QTUB6       NSTOR        QFIX        QLH     FHLQ (LQ)        CAUCHY   CAUCHY (LQ)
     3600.   12.36574491   12.4134   0.000       0.000      0.4174E-04   0.000     0.1705E-02-0.1747E-02  0.000      0.000      0.000      0.000       0.000       0.000       0.000       0.000       0.000       0.000    
     7200.   12.35219452   12.4123   0.000       0.000      0.5261E-04   0.000     0.1385E-02-0.1438E-02  0.000      0.000      0.000      0.000       0.000       0.000       0.000       0.000       0.000       0.000    
    10800.   12.34966376   12.4111   0.000       0.000      0.5379E-04   0.000     0.1397E-02-0.1451E-02  0.000      0.000      0.000      0.000       0.000       0.000       0.000       0.000       0.000       0.000    
    14400.   12.34850111   12.4100   0.000       0.000      0.5378E-04   0.000     0.1418E-02-0.1471E-02  0.000      0.000      0.000      0.000       0.000       0.000       0.000       0.000       0.000       0.000    
    18000.   12.34777318   12.4088   0.000       0.000      0.5342E-04   0.000     0.1434E-02-0.1488E-02  0.000      0.000      0.000      0.000       0.000       0.000       0.000       0.000       0.000       0.000    
    21600.   12.34723416   12.4077   0.000       0.000      0.5292E-04   0.000     0.1449E-02-0.1502E-02  0.000      0.000      0.000      0.000       0.000       0.000       0.000       0.000       0.000       0.000    
    25200.   12.34678127   12.4067   0.000       0.000      0.5239E-04   0.000     0.1461E-02-0.1514E-02  0.000      0.000      0.000      0.000       0.000       0.000       0.000       0.000       0.000       0.000    
    28800.   12.34639429   12.4056   0.000       0.000      0.5184E-04   0.000     0.1472E-02-0.1524E-02  0.000      0.000      0.000      0.000       0.000       0.000       0.000       0.000       0.000       0.000    
    32400.   12.34601597   12.4047   0.000       0.000      0.5131E-04   0.000     0.1482E-02-0.1534E-02  0.000      0.000      0.000      0.000       0.000       0.000       0.000       0.000       0.000       0.000    
    36000.   12.34564171   12.4037   0.000       0.000      0.5082E-04   0.000     0.1492E-02-0.1543E-02  0.000      0.000      0.000      0.000       0.000       0.000       0.000       0.000       0.000       0.000    
    39600.   12.34526994   12.4028   0.000       0.000      0.5035E-04   0.000     0.1501E-02-0.1551E-02  0.000      0.000      0.000      0.000       0.000       0.000       0.000       0.000       0.000       0.000    
    43200.   12.35848698   12.4031   0.000       0.000      0.3901E-04   0.000     0.1829E-02-0.1868E-02  0.000      0.000      0.000      0.000       0.000       0.000       0.000       0.000       0.000       0.000    
    46800.   12.36067052   12.4034   0.000       0.000      0.3740E-04   0.000     0.1825E-02-0.1862E-02  0.000      0.000      0.000      0.000       0.000       0.000       0.000       0.000       0.000       0.000    
    50400.   12.34788030   12.4027   0.000       0.000      0.4793E-04   0.000     0.1492E-02-0.1540E-02  0.000      0.000      0.000      0.000       0.000       0.000       0.000       0.000       0.000       0.000    
    54000.   12.35930327   12.4030   0.000       0.000      0.3820E-04   0.000     0.1813E-02-0.1851E-02  0.000      0.000      0.000      0.000       0.000       0.000       0.000       0.000       0.000       0.000    
    57600.   12.39495515   12.4062   0.000       0.000      0.9801E-05   0.000     0.2611E-02-0.2621E-02  0.000      0.000      0.000      0.000       0.000       0.000       0.000       0.000       0.000       0.000    
    61200.   12.50429933   12.4180   0.000       0.000     -0.7547E-04   0.000     0.4959E-02-0.4883E-02  0.000      0.000      0.000      0.000       0.000       0.000       0.000       0.000       0.000       0.000    
    64800.   12.49953730   12.4281   0.000       0.000     -0.6248E-04   0.000     0.4171E-02-0.4109E-02  0.000      0.000      0.000      0.000       0.000       0.000       0.000       0.000       0.000       0.000    
    68400.   12.49855188   12.4373   0.000       0.000     -0.5356E-04   0.000     0.3830E-02-0.3777E-02  0.000      0.000      0.000      0.000       0.000       0.000       0.000       0.000       0.000       0.000    
    72000.   12.46780461   12.4433   0.000       0.000     -0.2140E-04   0.000     0.2915E-02-0.2893E-02  0.000      0.000      0.000      0.000       0.000       0.000       0.000       0.000       0.000       0.000    
    75600.   12.43733446   12.4466   0.000       0.000      0.8070E-05   0.000     0.2209E-02-0.2217E-02  0.000      0.000      0.000      0.000       0.000       0.000       0.000       0.000       0.000       0.000    
    79200.   12.51412634   12.4561   0.000       0.000     -0.5075E-04   0.000     0.4107E-02-0.4056E-02  0.000      0.000      0.000      0.000       0.000       0.000       0.000       0.000       0.000       0.000    
    82800.   12.52824633   12.4659   0.000       0.000     -0.5459E-04   0.000     0.4035E-02-0.3980E-02  0.000      0.000      0.000      0.000       0.000       0.000       0.000       0.000       0.000       0.000    
    86400.   12.54233552   12.4760   0.000       0.000     -0.5807E-04   0.000     0.4059E-02-0.4001E-02  0.000      0.000      0.000      0.000       0.000       0.000       0.000       0.000       0.000       0.000    
    90000.   12.62375635   12.4921   0.000       0.000     -0.1152E-03   0.000     0.5691E-02-0.5576E-02  0.000      0.000      0.000      0.000       0.000       0.000       0.000       0.000       0.000       0.000    
    93600.   12.81312503   12.5224   0.000       0.000     -0.2544E-03   0.000     0.9497E-02-0.9243E-02  0.000      0.000      0.000      0.000       0.000       0.000       0.000       0.000       0.000       0.000    
    97200.   12.74666493   12.5441   0.000       0.000     -0.1773E-03   0.000     0.6585E-02-0.6408E-02  0.000      0.000      0.000      0.000       0.000       0.000       0.000       0.000       0.000       0.000    
   100800.   12.59894105   12.5521   0.000       0.000     -0.4100E-04   0.000     0.2731E-02-0.2690E-02  0.000      0.000      0.000      0.000       0.000       0.000       0.000       0.000       0.000       0.000    
   104400.   12.52931705   12.5545   0.000       0.000      0.2206E-04   0.000     0.1545E-02-0.1567E-02  0.000      0.000      0.000      0.000       0.000       0.000       0.000       0.000       0.000       0.000    
   108000.   12.50736923   12.5555   0.000       0.000      0.4211E-04   0.000     0.1469E-02-0.1511E-02  0.000      0.000      0.000      0.000       0.000       0.000       0.000       0.000       0.000       0.000    
   111600.   12.47369695   12.5538   0.000       0.000      0.7011E-04   0.000     0.9170E-03-0.9871E-03  0.000      0.000      0.000      0.000       0.000       0.000       0.000       0.000       0.000       0.000    
   115200.   12.44621237   12.5502   0.000       0.000      0.9101E-04   0.000     0.5208E-03-0.6118E-03  0.000      0.000      0.000      0.000       0.000       0.000       0.000       0.000       0.000       0.000    
   118800.   12.42632739   12.5454   0.000       0.000      0.1042E-03   0.000     0.3016E-03-0.4058E-03  0.000      0.000      0.000      0.000       0.000       0.000       0.000       0.000       0.000       0.000    
   122400.   12.43497727   12.5418   0.000       0.000      0.9345E-04   0.000     0.7272E-03-0.8206E-03  0.000      0.000      0.000      0.000       0.000       0.000       0.000       0.000       0.000       0.000    
   126000.   12.41493471   12.5367   0.000       0.000      0.1066E-03   0.000     0.3367E-03-0.4432E-03  0.000      0.000      0.000      0.000       0.000       0.000       0.000       0.000       0.000       0.000    
   129600.   12.46580048   12.5363   0.000       0.000      0.6173E-04   0.000     0.1693E-02-0.1755E-02  0.000      0.000      0.000      0.000       0.000       0.000       0.000       0.000       0.000       0.000    
   133200.   12.44041873   12.5336   0.000       0.000      0.8157E-04   0.000     0.9380E-03-0.1020E-02  0.000      0.000      0.000      0.000       0.000       0.000       0.000       0.000       0.000       0.000    
   136800.   12.43115013   12.5304   0.000       0.000      0.8688E-04   0.000     0.8041E-03-0.8910E-03  0.000      0.000      0.000      0.000       0.000       0.000       0.000       0.000       0.000       0.000    
   140400.   12.40885550   12.5256   0.000       0.000      0.1022E-03   0.000     0.3896E-03-0.4918E-03  0.000      0.000      0.000      0.000       0.000       0.000       0.000       0.000       0.000       0.000    
   144000.   12.40439413   12.5209   0.000       0.000      0.1020E-03   0.000     0.4693E-03-0.5713E-03  0.000      0.000      0.000      0.000       0.000       0.000       0.000       0.000       0.000       0.000    
   147600.   12.40241932   12.5164   0.000       0.000      0.9974E-04   0.000     0.5557E-03-0.6554E-03  0.000      0.000      0.000      0.000       0.000       0.000       0.000       0.000       0.000       0.000    
   151200.   12.40134792   12.5121   0.000       0.000      0.9693E-04   0.000     0.6303E-03-0.7273E-03  0.000      0.000      0.000      0.000       0.000       0.000       0.000       0.000       0.000       0.000    
   154800.   12.40065073   12.5081   0.000       0.000      0.9400E-04   0.000     0.6973E-03-0.7913E-03  0.000      0.000      0.000      0.000       0.000       0.000       0.000       0.000       0.000       0.000    
   158400.   12.41373523   12.5054   0.000       0.000      0.8021E-04   0.000     0.1078E-02-0.1158E-02  0.000      0.000      0.000      0.000       0.000       0.000       0.000       0.000       0.000       0.000    
   162000.   12.47042314   12.5075   0.000       0.000      0.3248E-04   0.000     0.2396E-02-0.2429E-02  0.000      0.000      0.000      0.000       0.000       0.000       0.000       0.000       0.000       0.000    
   165600.   12.46784267   12.5090   0.000       0.000      0.3603E-04   0.000     0.2062E-02-0.2098E-02  0.000      0.000      0.000      0.000       0.000       0.000       0.000       0.000       0.000       0.000    
   169200.   12.42273237   12.5066   0.000       0.000      0.7337E-04   0.000     0.9064E-03-0.9798E-03  0.000      0.000      0.000      0.000       0.000       0.000       0.000       0.000       0.000       0.000    
   172800.   12.40888916   12.5034   0.000       0.000      0.8267E-04   0.000     0.7748E-03-0.8574E-03  0.000      0.000      0.000      0.000       0.000       0.000       0.000       0.000       0.000       0.000    
