TOTIM (T)      HCON          HMAT      QDIR      QWELL        QMAT       QCADS      QTUB1      QTUB2      QTUB3      QTUB4      QTUB5      QTUB6       NSTOR        QFIX        QLH     FHLQ (LQ)        CAUCHY   CAUCHY (LQ)
     3600.   12.36574333   12.3827   0.000       0.000      0.1480E-04   0.000     0.2598E-02-0.2613E-02  0.000      0.000      0.000      0.000       0.000       0.000       0.000       0.000       0.000       0.000    
     7200.   12.35219309   12.3815   0.000       0.000      0.2568E-04   0.000     0.2394E-02-0.2419E-02  0.000      0.000      0.000      0.000       0.000       0.000       0.000       0.000       0.000       0.000    
    10800.   12.34966231   12.3804   0.000       0.000      0.2685E-04   0.000     0.2438E-02-0.2465E-02  0.000      0.000      0.000      0.000       0.000       0.000       0.000       0.000       0.000       0.000    
    14400.   12.34849964   12.3792   0.000       0.000      0.2685E-04   0.000     0.2461E-02-0.2488E-02  0.000      0.000      0.000      0.000       0.000       0.000       0.000       0.000       0.000       0.000    
    18000.   12.34777171   12.3780   0.000       0.000      0.2648E-04   0.000     0.2474E-02-0.2500E-02  0.000      0.000      0.000      0.000       0.000       0.000       0.000       0.000       0.000       0.000    
    21600.   12.34723268   12.3769   0.000       0.000      0.2599E-04   0.000     0.2481E-02-0.2507E-02  0.000      0.000      0.000      0.000       0.000       0.000       0.000       0.000       0.000       0.000    
    25200.   12.34677978   12.3759   0.000       0.000      0.2545E-04   0.000     0.2486E-02-0.2512E-02  0.000      0.000      0.000      0.000       0.000       0.000       0.000       0.000       0.000       0.000    
    28800.   12.34639280   12.3749   0.000       0.000      0.2490E-04   0.000     0.2490E-02-0.2515E-02  0.000      0.000      0.000      0.000       0.000       0.000       0.000       0.000       0.000       0.000    
    32400.   12.34601448   12.3739   0.000       0.000      0.2438E-04   0.000     0.2493E-02-0.2517E-02  0.000      0.000      0.000      0.000       0.000       0.000       0.000       0.000       0.000       0.000    
    36000.   12.34564021   12.3729   0.000       0.000      0.2389E-04   0.000     0.2495E-02-0.2519E-02  0.000      0.000      0.000      0.000       0.000       0.000       0.000       0.000       0.000       0.000    
    39600.   12.34526844   12.3720   0.000       0.000      0.2342E-04   0.000     0.2497E-02-0.2521E-02  0.000      0.000      0.000      0.000       0.000       0.000       0.000       0.000       0.000       0.000    
    43200.   12.35848533   12.3723   0.000       0.000      0.1208E-04   0.000     0.2702E-02-0.2714E-02  0.000      0.000      0.000      0.000       0.000       0.000       0.000       0.000       0.000       0.000    
    46800.   12.36066889   12.3726   0.000       0.000      0.1047E-04   0.000     0.2659E-02-0.2670E-02  0.000      0.000      0.000      0.000       0.000       0.000       0.000       0.000       0.000       0.000    
    50400.   12.34787882   12.3719   0.000       0.000      0.2100E-04   0.000     0.2435E-02-0.2456E-02  0.000      0.000      0.000      0.000       0.000       0.000       0.000       0.000       0.000       0.000    
    54000.   12.35930164   12.3722   0.000       0.000      0.1127E-04   0.000     0.2671E-02-0.2682E-02  0.000      0.000      0.000      0.000       0.000       0.000       0.000       0.000       0.000       0.000    
    57600.   12.39495316   12.3754   0.000       0.000     -0.1713E-04   0.000     0.3148E-02-0.3131E-02  0.000      0.000      0.000      0.000       0.000       0.000       0.000       0.000       0.000       0.000    
    61200.   12.50428503   12.3873   0.000       0.000     -0.1024E-03   0.000     0.4535E-02-0.4433E-02  0.000      0.000      0.000      0.000       0.000       0.000       0.000       0.000       0.000       0.000    
    64800.   12.49952698   12.3973   0.000       0.000     -0.8941E-04   0.000     0.3728E-02-0.3639E-02  0.000      0.000      0.000      0.000       0.000       0.000       0.000       0.000       0.000       0.000    
    68400.   12.49854281   12.4066   0.000       0.000     -0.8049E-04   0.000     0.3506E-02-0.3425E-02  0.000      0.000      0.000      0.000       0.000       0.000       0.000       0.000       0.000       0.000    
    72000.   12.46779797   12.4126   0.000       0.000     -0.4833E-04   0.000     0.2953E-02-0.2905E-02  0.000      0.000      0.000      0.000       0.000       0.000       0.000       0.000       0.000       0.000    
    75600.   12.43732915   12.4158   0.000       0.000     -0.1887E-04   0.000     0.2626E-02-0.2608E-02  0.000      0.000      0.000      0.000       0.000       0.000       0.000       0.000       0.000       0.000    
    79200.   12.51411537   12.4253   0.000       0.000     -0.7769E-04   0.000     0.3958E-02-0.3881E-02  0.000      0.000      0.000      0.000       0.000       0.000       0.000       0.000       0.000       0.000    
    82800.   12.52823616   12.4351   0.000       0.000     -0.8153E-04   0.000     0.3743E-02-0.3662E-02  0.000      0.000      0.000      0.000       0.000       0.000       0.000       0.000       0.000       0.000    
    86400.   12.54232550   12.4452   0.000       0.000     -0.8501E-04   0.000     0.3727E-02-0.3642E-02  0.000      0.000      0.000      0.000       0.000       0.000       0.000       0.000       0.000       0.000    
    90000.   12.62374089   12.4613   0.000       0.000     -0.1422E-03   0.000     0.4749E-02-0.4606E-02  0.000      0.000      0.000      0.000       0.000       0.000       0.000       0.000       0.000       0.000    
    93600.   12.81308064   12.4916   0.000       0.000     -0.2813E-03   0.000     0.6972E-02-0.6691E-02  0.000      0.000      0.000      0.000       0.000       0.000       0.000       0.000       0.000       0.000    
    97200.   12.74664366   12.5132   0.000       0.000     -0.2042E-03   0.000     0.4630E-02-0.4425E-02  0.000      0.000      0.000      0.000       0.000       0.000       0.000       0.000       0.000       0.000    
   100800.   12.59893701   12.5212   0.000       0.000     -0.6798E-04   0.000     0.2375E-02-0.2307E-02  0.000      0.000      0.000      0.000       0.000       0.000       0.000       0.000       0.000       0.000    
   104400.   12.52931444   12.5237   0.000       0.000     -0.4929E-05   0.000     0.2127E-02-0.2122E-02  0.000      0.000      0.000      0.000       0.000       0.000       0.000       0.000       0.000       0.000    
   108000.   12.50736615   12.5246   0.000       0.000      0.1511E-04   0.000     0.2398E-02-0.2413E-02  0.000      0.000      0.000      0.000       0.000       0.000       0.000       0.000       0.000       0.000    
   111600.   12.47369443   12.5230   0.000       0.000      0.4311E-04   0.000     0.2194E-02-0.2237E-02  0.000      0.000      0.000      0.000       0.000       0.000       0.000       0.000       0.000       0.000    
   115200.   12.44621012   12.5194   0.000       0.000      0.6400E-04   0.000     0.2081E-02-0.2145E-02  0.000      0.000      0.000      0.000       0.000       0.000       0.000       0.000       0.000       0.000    
   118800.   12.42632524   12.5145   0.000       0.000      0.7718E-04   0.000     0.2048E-02-0.2125E-02  0.000      0.000      0.000      0.000       0.000       0.000       0.000       0.000       0.000       0.000    
   122400.   12.43497444   12.5109   0.000       0.000      0.6644E-04   0.000     0.2388E-02-0.2454E-02  0.000      0.000      0.000      0.000       0.000       0.000       0.000       0.000       0.000       0.000    
   126000.   12.41493240   12.5058   0.000       0.000      0.7955E-04   0.000     0.2120E-02-0.2200E-02  0.000      0.000      0.000      0.000       0.000       0.000       0.000       0.000       0.000       0.000    
   129600.   12.46579616   12.5055   0.000       0.000      0.3471E-04   0.000     0.3023E-02-0.3058E-02  0.000      0.000      0.000      0.000       0.000       0.000       0.000       0.000       0.000       0.000    
   133200.   12.44041578   12.5028   0.000       0.000      0.5455E-04   0.000     0.2397E-02-0.2452E-02  0.000      0.000      0.000      0.000       0.000       0.000       0.000       0.000       0.000       0.000    
   136800.   12.43114734   12.4995   0.000       0.000      0.5985E-04   0.000     0.2355E-02-0.2415E-02  0.000      0.000      0.000      0.000       0.000       0.000       0.000       0.000       0.000       0.000    
   140400.   12.40885321   12.4947   0.000       0.000      0.7516E-04   0.000     0.2113E-02-0.2188E-02  0.000      0.000      0.000      0.000       0.000       0.000       0.000       0.000       0.000       0.000    
   144000.   12.40439166   12.4900   0.000       0.000      0.7493E-04   0.000     0.2217E-02-0.2292E-02  0.000      0.000      0.000      0.000       0.000       0.000       0.000       0.000       0.000       0.000    
   147600.   12.40241671   12.4855   0.000       0.000      0.7271E-04   0.000     0.2278E-02-0.2351E-02  0.000      0.000      0.000      0.000       0.000       0.000       0.000       0.000       0.000       0.000    
   151200.   12.40134523   12.4812   0.000       0.000      0.6990E-04   0.000     0.2316E-02-0.2386E-02  0.000      0.000      0.000      0.000       0.000       0.000       0.000       0.000       0.000       0.000    
   154800.   12.40064797   12.4772   0.000       0.000      0.6697E-04   0.000     0.2343E-02-0.2410E-02  0.000      0.000      0.000      0.000       0.000       0.000       0.000       0.000       0.000       0.000    
   158400.   12.41373196   12.4745   0.000       0.000      0.5317E-04   0.000     0.2567E-02-0.2621E-02  0.000      0.000      0.000      0.000       0.000       0.000       0.000       0.000       0.000       0.000    
   162000.   12.47041786   12.4766   0.000       0.000      0.5445E-05   0.000     0.3348E-02-0.3354E-02  0.000      0.000      0.000      0.000       0.000       0.000       0.000       0.000       0.000       0.000    
   165600.   12.46783831   12.4781   0.000       0.000      0.8989E-05   0.000     0.2958E-02-0.2967E-02  0.000      0.000      0.000      0.000       0.000       0.000       0.000       0.000       0.000       0.000    
   169200.   12.42272978   12.4757   0.000       0.000      0.4633E-04   0.000     0.2202E-02-0.2249E-02  0.000      0.000      0.000      0.000       0.000       0.000       0.000       0.000       0.000       0.000    
   172800.   12.40888658   12.4725   0.000       0.000      0.5563E-04   0.000     0.2236E-02-0.2292E-02  0.000      0.000      0.000      0.000       0.000       0.000       0.000       0.000       0.000       0.000    
