TOTIM (T)      HCON          HMAT      QDIR      QWELL        QMAT       QCADS      QTUB1      QTUB2      QTUB3      QTUB4      QTUB5      QTUB6       NSTOR        QFIX        QLH     FHLQ (LQ)        CAUCHY   CAUCHY (LQ)
     3600.   12.36574451   12.4778   0.000       0.000      0.9805E-04   0.000     0.1684E-02-0.1782E-02  0.000      0.000      0.000      0.000       0.000       0.000       0.000       0.000       0.000       0.000    
     7200.   12.35219412   12.4767   0.000       0.000      0.1089E-03   0.000     0.1262E-02-0.1371E-02  0.000      0.000      0.000      0.000       0.000       0.000       0.000       0.000       0.000       0.000    
    10800.   12.34966335   12.4755   0.000       0.000      0.1101E-03   0.000     0.1283E-02-0.1393E-02  0.000      0.000      0.000      0.000       0.000       0.000       0.000       0.000       0.000       0.000    
    14400.   12.34850070   12.4743   0.000       0.000      0.1101E-03   0.000     0.1306E-02-0.1416E-02  0.000      0.000      0.000      0.000       0.000       0.000       0.000       0.000       0.000       0.000    
    18000.   12.34777277   12.4732   0.000       0.000      0.1097E-03   0.000     0.1326E-02-0.1435E-02  0.000      0.000      0.000      0.000       0.000       0.000       0.000       0.000       0.000       0.000    
    21600.   12.34723375   12.4721   0.000       0.000      0.1092E-03   0.000     0.1343E-02-0.1452E-02  0.000      0.000      0.000      0.000       0.000       0.000       0.000       0.000       0.000       0.000    
    25200.   12.34678085   12.4710   0.000       0.000      0.1087E-03   0.000     0.1359E-02-0.1468E-02  0.000      0.000      0.000      0.000       0.000       0.000       0.000       0.000       0.000       0.000    
    28800.   12.34639388   12.4700   0.000       0.000      0.1081E-03   0.000     0.1373E-02-0.1482E-02  0.000      0.000      0.000      0.000       0.000       0.000       0.000       0.000       0.000       0.000    
    32400.   12.34601556   12.4690   0.000       0.000      0.1076E-03   0.000     0.1387E-02-0.1494E-02  0.000      0.000      0.000      0.000       0.000       0.000       0.000       0.000       0.000       0.000    
    36000.   12.34564130   12.4681   0.000       0.000      0.1071E-03   0.000     0.1399E-02-0.1506E-02  0.000      0.000      0.000      0.000       0.000       0.000       0.000       0.000       0.000       0.000    
    39600.   12.34526952   12.4672   0.000       0.000      0.1067E-03   0.000     0.1411E-02-0.1517E-02  0.000      0.000      0.000      0.000       0.000       0.000       0.000       0.000       0.000       0.000    
    43200.   12.35848657   12.4674   0.000       0.000      0.9531E-04   0.000     0.1843E-02-0.1938E-02  0.000      0.000      0.000      0.000       0.000       0.000       0.000       0.000       0.000       0.000    
    46800.   12.36067012   12.4678   0.000       0.000      0.9371E-04   0.000     0.1832E-02-0.1925E-02  0.000      0.000      0.000      0.000       0.000       0.000       0.000       0.000       0.000       0.000    
    50400.   12.34787989   12.4670   0.000       0.000      0.1042E-03   0.000     0.1397E-02-0.1501E-02  0.000      0.000      0.000      0.000       0.000       0.000       0.000       0.000       0.000       0.000    
    54000.   12.35930287   12.4673   0.000       0.000      0.9450E-04   0.000     0.1828E-02-0.1922E-02  0.000      0.000      0.000      0.000       0.000       0.000       0.000       0.000       0.000       0.000    
    57600.   12.39495476   12.4705   0.000       0.000      0.6611E-04   0.000     0.2873E-02-0.2939E-02  0.000      0.000      0.000      0.000       0.000       0.000       0.000       0.000       0.000       0.000    
    61200.   12.50428772   12.4824   0.000       0.000     -0.1916E-04   0.000     0.5965E-02-0.5946E-02  0.000      0.000      0.000      0.000       0.000       0.000       0.000       0.000       0.000       0.000    
    64800.   12.49952921   12.4925   0.000       0.000     -0.6170E-05   0.000     0.4898E-02-0.4892E-02  0.000      0.000      0.000      0.000       0.000       0.000       0.000       0.000       0.000       0.000    
    68400.   12.49854489   12.5017   0.000       0.000      0.2754E-05   0.000     0.4497E-02-0.4500E-02  0.000      0.000      0.000      0.000       0.000       0.000       0.000       0.000       0.000       0.000    
    72000.   12.46779962   12.5077   0.000       0.000      0.3491E-04   0.000     0.3301E-02-0.3336E-02  0.000      0.000      0.000      0.000       0.000       0.000       0.000       0.000       0.000       0.000    
    75600.   12.43733050   12.5109   0.000       0.000      0.6438E-04   0.000     0.2385E-02-0.2450E-02  0.000      0.000      0.000      0.000       0.000       0.000       0.000       0.000       0.000       0.000    
    79200.   12.51411766   12.5205   0.000       0.000      0.5566E-05   0.000     0.4894E-02-0.4899E-02  0.000      0.000      0.000      0.000       0.000       0.000       0.000       0.000       0.000       0.000    
    82800.   12.52823835   12.5302   0.000       0.000      0.1734E-05   0.000     0.4755E-02-0.4757E-02  0.000      0.000      0.000      0.000       0.000       0.000       0.000       0.000       0.000       0.000    
    86400.   12.54232771   12.5403   0.000       0.000     -0.1744E-05   0.000     0.4808E-02-0.4807E-02  0.000      0.000      0.000      0.000       0.000       0.000       0.000       0.000       0.000       0.000    
    90000.   12.62374387   12.5564   0.000       0.000     -0.5889E-04   0.000     0.6974E-02-0.6915E-02  0.000      0.000      0.000      0.000       0.000       0.000       0.000       0.000       0.000       0.000    
    93600.   12.81312522   12.5868   0.000       0.000     -0.1981E-03   0.000     0.1198E-01-0.1178E-01  0.000      0.000      0.000      0.000       0.000       0.000       0.000       0.000       0.000       0.000    
    97200.   12.74666447   12.6084   0.000       0.000     -0.1209E-03   0.000     0.8096E-02-0.7975E-02  0.000      0.000      0.000      0.000       0.000       0.000       0.000       0.000       0.000       0.000    
   100800.   12.59893989   12.6165   0.000       0.000      0.1535E-04   0.000     0.3116E-02-0.3132E-02  0.000      0.000      0.000      0.000       0.000       0.000       0.000       0.000       0.000       0.000    
   104400.   12.52931600   12.6189   0.000       0.000      0.7841E-04   0.000     0.1607E-02-0.1685E-02  0.000      0.000      0.000      0.000       0.000       0.000       0.000       0.000       0.000       0.000    
   108000.   12.50736785   12.6199   0.000       0.000      0.9847E-04   0.000     0.1477E-02-0.1575E-02  0.000      0.000      0.000      0.000       0.000       0.000       0.000       0.000       0.000       0.000    
   111600.   12.47369569   12.6183   0.000       0.000      0.1265E-03   0.000     0.7138E-03-0.8403E-03  0.000      0.000      0.000      0.000       0.000       0.000       0.000       0.000       0.000       0.000    
   115200.   12.44621112   12.6147   0.000       0.000      0.1474E-03   0.000     0.1830E-03-0.3304E-03  0.000      0.000      0.000      0.000       0.000       0.000       0.000       0.000       0.000       0.000    
   118800.   12.42632611   12.6098   0.000       0.000      0.1606E-03   0.000    -0.1139E-03-0.4667E-04  0.000      0.000      0.000      0.000       0.000       0.000       0.000       0.000       0.000       0.000    
   122400.   12.43497573   12.6062   0.000       0.000      0.1499E-03   0.000     0.4412E-03-0.5911E-03  0.000      0.000      0.000      0.000       0.000       0.000       0.000       0.000       0.000       0.000    
   126000.   12.41493333   12.6012   0.000       0.000      0.1630E-03   0.000    -0.8876E-04-0.7422E-04  0.000      0.000      0.000      0.000       0.000       0.000       0.000       0.000       0.000       0.000    
   129600.   12.46579846   12.6008   0.000       0.000      0.1181E-03   0.000     0.1712E-02-0.1830E-02  0.000      0.000      0.000      0.000       0.000       0.000       0.000       0.000       0.000       0.000    
   133200.   12.44041716   12.5981   0.000       0.000      0.1380E-03   0.000     0.6888E-03-0.8268E-03  0.000      0.000      0.000      0.000       0.000       0.000       0.000       0.000       0.000       0.000    
   136800.   12.43114864   12.5949   0.000       0.000      0.1433E-03   0.000     0.5404E-03-0.6837E-03  0.000      0.000      0.000      0.000       0.000       0.000       0.000       0.000       0.000       0.000    
   140400.   12.40885416   12.5901   0.000       0.000      0.1586E-03   0.000    -0.7514E-05-0.1511E-03  0.000      0.000      0.000      0.000       0.000       0.000       0.000       0.000       0.000       0.000    
   144000.   12.40439271   12.5854   0.000       0.000      0.1584E-03   0.000     0.1018E-03-0.2602E-03  0.000      0.000      0.000      0.000       0.000       0.000       0.000       0.000       0.000       0.000    
   147600.   12.40241784   12.5809   0.000       0.000      0.1562E-03   0.000     0.2072E-03-0.3634E-03  0.000      0.000      0.000      0.000       0.000       0.000       0.000       0.000       0.000       0.000    
   151200.   12.40134642   12.5766   0.000       0.000      0.1534E-03   0.000     0.3015E-03-0.4549E-03  0.000      0.000      0.000      0.000       0.000       0.000       0.000       0.000       0.000       0.000    
   154800.   12.40064921   12.5726   0.000       0.000      0.1505E-03   0.000     0.3875E-03-0.5380E-03  0.000      0.000      0.000      0.000       0.000       0.000       0.000       0.000       0.000       0.000    
   158400.   12.41373355   12.5699   0.000       0.000      0.1367E-03   0.000     0.8877E-03-0.1024E-02  0.000      0.000      0.000      0.000       0.000       0.000       0.000       0.000       0.000       0.000    
   162000.   12.47042089   12.5721   0.000       0.000      0.8895E-04   0.000     0.2623E-02-0.2712E-02  0.000      0.000      0.000      0.000       0.000       0.000       0.000       0.000       0.000       0.000    
   165600.   12.46784075   12.5736   0.000       0.000      0.9250E-04   0.000     0.2163E-02-0.2255E-02  0.000      0.000      0.000      0.000       0.000       0.000       0.000       0.000       0.000       0.000    
   169200.   12.42273103   12.5711   0.000       0.000      0.1298E-03   0.000     0.6600E-03-0.7899E-03  0.000      0.000      0.000      0.000       0.000       0.000       0.000       0.000       0.000       0.000    
   172800.   12.40888779   12.5679   0.000       0.000      0.1392E-03   0.000     0.5077E-03-0.6469E-03  0.000      0.000      0.000      0.000       0.000       0.000       0.000       0.000       0.000       0.000    
