TOTIM (T)      HCON          HMAT      QDIR      QWELL        QMAT       QCADS      QTUB1      QTUB2      QTUB3      QTUB4      QTUB5      QTUB6       NSTOR        QFIX        QLH     FHLQ (LQ)        CAUCHY   CAUCHY (LQ)
     3600.   12.36574473   12.4089   0.000       0.000      0.3777E-04   0.000     0.1876E-02-0.1914E-02  0.000      0.000      0.000      0.000       0.000       0.000       0.000       0.000       0.000       0.000    
     7200.   12.35219437   12.4078   0.000       0.000      0.4865E-04   0.000     0.1600E-02-0.1649E-02  0.000      0.000      0.000      0.000       0.000       0.000       0.000       0.000       0.000       0.000    
    10800.   12.34966361   12.4066   0.000       0.000      0.4982E-04   0.000     0.1617E-02-0.1667E-02  0.000      0.000      0.000      0.000       0.000       0.000       0.000       0.000       0.000       0.000    
    14400.   12.34850095   12.4054   0.000       0.000      0.4981E-04   0.000     0.1637E-02-0.1687E-02  0.000      0.000      0.000      0.000       0.000       0.000       0.000       0.000       0.000       0.000    
    18000.   12.34777303   12.4043   0.000       0.000      0.4945E-04   0.000     0.1653E-02-0.1702E-02  0.000      0.000      0.000      0.000       0.000       0.000       0.000       0.000       0.000       0.000    
    21600.   12.34723401   12.4032   0.000       0.000      0.4896E-04   0.000     0.1665E-02-0.1714E-02  0.000      0.000      0.000      0.000       0.000       0.000       0.000       0.000       0.000       0.000    
    25200.   12.34678111   12.4021   0.000       0.000      0.4842E-04   0.000     0.1675E-02-0.1724E-02  0.000      0.000      0.000      0.000       0.000       0.000       0.000       0.000       0.000       0.000    
    28800.   12.34639413   12.4011   0.000       0.000      0.4787E-04   0.000     0.1684E-02-0.1732E-02  0.000      0.000      0.000      0.000       0.000       0.000       0.000       0.000       0.000       0.000    
    32400.   12.34601581   12.4001   0.000       0.000      0.4735E-04   0.000     0.1692E-02-0.1740E-02  0.000      0.000      0.000      0.000       0.000       0.000       0.000       0.000       0.000       0.000    
    36000.   12.34564155   12.3992   0.000       0.000      0.4685E-04   0.000     0.1700E-02-0.1747E-02  0.000      0.000      0.000      0.000       0.000       0.000       0.000       0.000       0.000       0.000    
    39600.   12.34526978   12.3983   0.000       0.000      0.4639E-04   0.000     0.1707E-02-0.1754E-02  0.000      0.000      0.000      0.000       0.000       0.000       0.000       0.000       0.000       0.000    
    43200.   12.35848679   12.3985   0.000       0.000      0.3504E-04   0.000     0.1989E-02-0.2024E-02  0.000      0.000      0.000      0.000       0.000       0.000       0.000       0.000       0.000       0.000    
    46800.   12.36067033   12.3989   0.000       0.000      0.3344E-04   0.000     0.1979E-02-0.2012E-02  0.000      0.000      0.000      0.000       0.000       0.000       0.000       0.000       0.000       0.000    
    50400.   12.34788014   12.3981   0.000       0.000      0.4397E-04   0.000     0.1688E-02-0.1732E-02  0.000      0.000      0.000      0.000       0.000       0.000       0.000       0.000       0.000       0.000    
    54000.   12.35930308   12.3984   0.000       0.000      0.3424E-04   0.000     0.1971E-02-0.2005E-02  0.000      0.000      0.000      0.000       0.000       0.000       0.000       0.000       0.000       0.000    
    57600.   12.39495489   12.4016   0.000       0.000      0.5843E-05   0.000     0.2655E-02-0.2660E-02  0.000      0.000      0.000      0.000       0.000       0.000       0.000       0.000       0.000       0.000    
    61200.   12.50429886   12.4135   0.000       0.000     -0.7943E-04   0.000     0.4662E-02-0.4582E-02  0.000      0.000      0.000      0.000       0.000       0.000       0.000       0.000       0.000       0.000    
    64800.   12.49953690   12.4236   0.000       0.000     -0.6644E-04   0.000     0.3926E-02-0.3859E-02  0.000      0.000      0.000      0.000       0.000       0.000       0.000       0.000       0.000       0.000    
    68400.   12.49855152   12.4328   0.000       0.000     -0.5751E-04   0.000     0.3621E-02-0.3563E-02  0.000      0.000      0.000      0.000       0.000       0.000       0.000       0.000       0.000       0.000    
    72000.   12.46780433   12.4388   0.000       0.000     -0.2536E-04   0.000     0.2834E-02-0.2808E-02  0.000      0.000      0.000      0.000       0.000       0.000       0.000       0.000       0.000       0.000    
    75600.   12.43733424   12.4420   0.000       0.000      0.4108E-05   0.000     0.2246E-02-0.2250E-02  0.000      0.000      0.000      0.000       0.000       0.000       0.000       0.000       0.000       0.000    
    79200.   12.51412594   12.4516   0.000       0.000     -0.5472E-04   0.000     0.3908E-02-0.3854E-02  0.000      0.000      0.000      0.000       0.000       0.000       0.000       0.000       0.000       0.000    
    82800.   12.52824594   12.4613   0.000       0.000     -0.5856E-04   0.000     0.3821E-02-0.3763E-02  0.000      0.000      0.000      0.000       0.000       0.000       0.000       0.000       0.000       0.000    
    86400.   12.54233514   12.4714   0.000       0.000     -0.6204E-04   0.000     0.3832E-02-0.3769E-02  0.000      0.000      0.000      0.000       0.000       0.000       0.000       0.000       0.000       0.000    
    90000.   12.62375581   12.4875   0.000       0.000     -0.1192E-03   0.000     0.5235E-02-0.5116E-02  0.000      0.000      0.000      0.000       0.000       0.000       0.000       0.000       0.000       0.000    
    93600.   12.81311752   12.5178   0.000       0.000     -0.2584E-03   0.000     0.8484E-02-0.8226E-02  0.000      0.000      0.000      0.000       0.000       0.000       0.000       0.000       0.000       0.000    
    97200.   12.74666128   12.5395   0.000       0.000     -0.1813E-03   0.000     0.5880E-02-0.5699E-02  0.000      0.000      0.000      0.000       0.000       0.000       0.000       0.000       0.000       0.000    
   100800.   12.59894034   12.5475   0.000       0.000     -0.4502E-04   0.000     0.2571E-02-0.2526E-02  0.000      0.000      0.000      0.000       0.000       0.000       0.000       0.000       0.000       0.000    
   104400.   12.52931681   12.5499   0.000       0.000      0.1803E-04   0.000     0.1637E-02-0.1655E-02  0.000      0.000      0.000      0.000       0.000       0.000       0.000       0.000       0.000       0.000    
   108000.   12.50736899   12.5509   0.000       0.000      0.3806E-04   0.000     0.1641E-02-0.1679E-02  0.000      0.000      0.000      0.000       0.000       0.000       0.000       0.000       0.000       0.000    
   111600.   12.47369684   12.5492   0.000       0.000      0.6605E-04   0.000     0.1202E-02-0.1268E-02  0.000      0.000      0.000      0.000       0.000       0.000       0.000       0.000       0.000       0.000    
   115200.   12.44621230   12.5456   0.000       0.000      0.8693E-04   0.000     0.8891E-03-0.9761E-03  0.000      0.000      0.000      0.000       0.000       0.000       0.000       0.000       0.000       0.000    
   118800.   12.42632734   12.5407   0.000       0.000      0.1001E-03   0.000     0.7226E-03-0.8227E-03  0.000      0.000      0.000      0.000       0.000       0.000       0.000       0.000       0.000       0.000    
   122400.   12.43497718   12.5371   0.000       0.000      0.8933E-04   0.000     0.1105E-02-0.1195E-02  0.000      0.000      0.000      0.000       0.000       0.000       0.000       0.000       0.000       0.000    
   126000.   12.41493465   12.5320   0.000       0.000      0.1024E-03   0.000     0.7671E-03-0.8695E-03  0.000      0.000      0.000      0.000       0.000       0.000       0.000       0.000       0.000       0.000    
   129600.   12.46580030   12.5316   0.000       0.000      0.5757E-04   0.000     0.1944E-02-0.2002E-02  0.000      0.000      0.000      0.000       0.000       0.000       0.000       0.000       0.000       0.000    
   133200.   12.44041861   12.5289   0.000       0.000      0.7740E-04   0.000     0.1268E-02-0.1346E-02  0.000      0.000      0.000      0.000       0.000       0.000       0.000       0.000       0.000       0.000    
   136800.   12.43115003   12.5256   0.000       0.000      0.8268E-04   0.000     0.1156E-02-0.1238E-02  0.000      0.000      0.000      0.000       0.000       0.000       0.000       0.000       0.000       0.000    
   140400.   12.40885544   12.5208   0.000       0.000      0.9798E-04   0.000     0.8023E-03-0.9003E-03  0.000      0.000      0.000      0.000       0.000       0.000       0.000       0.000       0.000       0.000    
   144000.   12.40439406   12.5161   0.000       0.000      0.9774E-04   0.000     0.8811E-03-0.9788E-03  0.000      0.000      0.000      0.000       0.000       0.000       0.000       0.000       0.000       0.000    
   147600.   12.40241924   12.5116   0.000       0.000      0.9550E-04   0.000     0.9585E-03-0.1054E-02  0.000      0.000      0.000      0.000       0.000       0.000       0.000       0.000       0.000       0.000    
   151200.   12.40134784   12.5073   0.000       0.000      0.9268E-04   0.000     0.1022E-02-0.1115E-02  0.000      0.000      0.000      0.000       0.000       0.000       0.000       0.000       0.000       0.000    
   154800.   12.40065064   12.5032   0.000       0.000      0.8973E-04   0.000     0.1077E-02-0.1167E-02  0.000      0.000      0.000      0.000       0.000       0.000       0.000       0.000       0.000       0.000    
   158400.   12.41373510   12.5005   0.000       0.000      0.7592E-04   0.000     0.1402E-02-0.1478E-02  0.000      0.000      0.000      0.000       0.000       0.000       0.000       0.000       0.000       0.000    
   162000.   12.47042289   12.5026   0.000       0.000      0.2818E-04   0.000     0.2530E-02-0.2558E-02  0.000      0.000      0.000      0.000       0.000       0.000       0.000       0.000       0.000       0.000    
   165600.   12.46784245   12.5041   0.000       0.000      0.3172E-04   0.000     0.2209E-02-0.2241E-02  0.000      0.000      0.000      0.000       0.000       0.000       0.000       0.000       0.000       0.000    
   169200.   12.42273226   12.5016   0.000       0.000      0.6905E-04   0.000     0.1204E-02-0.1273E-02  0.000      0.000      0.000      0.000       0.000       0.000       0.000       0.000       0.000       0.000    
   172800.   12.40888906   12.4984   0.000       0.000      0.7834E-04   0.000     0.1109E-02-0.1187E-02  0.000      0.000      0.000      0.000       0.000       0.000       0.000       0.000       0.000       0.000    
