TOTIM (T)      HCON          HMAT      QDIR      QWELL        QMAT       QCADS      QTUB1      QTUB2      QTUB3      QTUB4      QTUB5      QTUB6       NSTOR        QFIX        QLH     FHLQ (LQ)        CAUCHY   CAUCHY (LQ)
     3600.   12.36574495   12.4464   0.000       0.000      0.7056E-04   0.000     0.1634E-02-0.1705E-02  0.000      0.000      0.000      0.000       0.000       0.000       0.000       0.000       0.000       0.000    
     7200.   12.35219456   12.4453   0.000       0.000      0.8144E-04   0.000     0.1304E-02-0.1385E-02  0.000      0.000      0.000      0.000       0.000       0.000       0.000       0.000       0.000       0.000    
    10800.   12.34966379   12.4441   0.000       0.000      0.8262E-04   0.000     0.1314E-02-0.1397E-02  0.000      0.000      0.000      0.000       0.000       0.000       0.000       0.000       0.000       0.000    
    14400.   12.34850114   12.4429   0.000       0.000      0.8261E-04   0.000     0.1335E-02-0.1418E-02  0.000      0.000      0.000      0.000       0.000       0.000       0.000       0.000       0.000       0.000    
    18000.   12.34777322   12.4418   0.000       0.000      0.8224E-04   0.000     0.1352E-02-0.1434E-02  0.000      0.000      0.000      0.000       0.000       0.000       0.000       0.000       0.000       0.000    
    21600.   12.34723420   12.4407   0.000       0.000      0.8175E-04   0.000     0.1367E-02-0.1449E-02  0.000      0.000      0.000      0.000       0.000       0.000       0.000       0.000       0.000       0.000    
    25200.   12.34678130   12.4396   0.000       0.000      0.8122E-04   0.000     0.1380E-02-0.1461E-02  0.000      0.000      0.000      0.000       0.000       0.000       0.000       0.000       0.000       0.000    
    28800.   12.34639433   12.4386   0.000       0.000      0.8067E-04   0.000     0.1391E-02-0.1472E-02  0.000      0.000      0.000      0.000       0.000       0.000       0.000       0.000       0.000       0.000    
    32400.   12.34601601   12.4376   0.000       0.000      0.8014E-04   0.000     0.1402E-02-0.1482E-02  0.000      0.000      0.000      0.000       0.000       0.000       0.000       0.000       0.000       0.000    
    36000.   12.34564175   12.4367   0.000       0.000      0.7965E-04   0.000     0.1412E-02-0.1492E-02  0.000      0.000      0.000      0.000       0.000       0.000       0.000       0.000       0.000       0.000    
    39600.   12.34526997   12.4358   0.000       0.000      0.7919E-04   0.000     0.1422E-02-0.1501E-02  0.000      0.000      0.000      0.000       0.000       0.000       0.000       0.000       0.000       0.000    
    43200.   12.35848703   12.4360   0.000       0.000      0.6784E-04   0.000     0.1761E-02-0.1829E-02  0.000      0.000      0.000      0.000       0.000       0.000       0.000       0.000       0.000       0.000    
    46800.   12.36067057   12.4364   0.000       0.000      0.6624E-04   0.000     0.1758E-02-0.1825E-02  0.000      0.000      0.000      0.000       0.000       0.000       0.000       0.000       0.000       0.000    
    50400.   12.34788033   12.4356   0.000       0.000      0.7677E-04   0.000     0.1415E-02-0.1492E-02  0.000      0.000      0.000      0.000       0.000       0.000       0.000       0.000       0.000       0.000    
    54000.   12.35930332   12.4359   0.000       0.000      0.6704E-04   0.000     0.1746E-02-0.1813E-02  0.000      0.000      0.000      0.000       0.000       0.000       0.000       0.000       0.000       0.000    
    57600.   12.39495522   12.4391   0.000       0.000      0.3865E-04   0.000     0.2572E-02-0.2611E-02  0.000      0.000      0.000      0.000       0.000       0.000       0.000       0.000       0.000       0.000    
    61200.   12.50429946   12.4510   0.000       0.000     -0.4663E-04   0.000     0.5005E-02-0.4959E-02  0.000      0.000      0.000      0.000       0.000       0.000       0.000       0.000       0.000       0.000    
    64800.   12.49953740   12.4611   0.000       0.000     -0.3363E-04   0.000     0.4205E-02-0.4171E-02  0.000      0.000      0.000      0.000       0.000       0.000       0.000       0.000       0.000       0.000    
    68400.   12.49855198   12.4703   0.000       0.000     -0.2471E-04   0.000     0.3855E-02-0.3830E-02  0.000      0.000      0.000      0.000       0.000       0.000       0.000       0.000       0.000       0.000    
    72000.   12.46780468   12.4763   0.000       0.000      0.7445E-05   0.000     0.2907E-02-0.2915E-02  0.000      0.000      0.000      0.000       0.000       0.000       0.000       0.000       0.000       0.000    
    75600.   12.43733452   12.4795   0.000       0.000      0.3691E-04   0.000     0.2172E-02-0.2209E-02  0.000      0.000      0.000      0.000       0.000       0.000       0.000       0.000       0.000       0.000    
    79200.   12.51412644   12.4891   0.000       0.000     -0.2192E-04   0.000     0.4129E-02-0.4107E-02  0.000      0.000      0.000      0.000       0.000       0.000       0.000       0.000       0.000       0.000    
    82800.   12.52824643   12.4988   0.000       0.000     -0.2576E-04   0.000     0.4061E-02-0.4035E-02  0.000      0.000      0.000      0.000       0.000       0.000       0.000       0.000       0.000       0.000    
    86400.   12.54233562   12.5089   0.000       0.000     -0.2925E-04   0.000     0.4088E-02-0.4059E-02  0.000      0.000      0.000      0.000       0.000       0.000       0.000       0.000       0.000       0.000    
    90000.   12.62375649   12.5250   0.000       0.000     -0.8642E-04   0.000     0.5778E-02-0.5691E-02  0.000      0.000      0.000      0.000       0.000       0.000       0.000       0.000       0.000       0.000    
    93600.   12.81312718   12.5553   0.000       0.000     -0.2256E-03   0.000     0.9723E-02-0.9497E-02  0.000      0.000      0.000      0.000       0.000       0.000       0.000       0.000       0.000       0.000    
    97200.   12.74666598   12.5769   0.000       0.000     -0.1485E-03   0.000     0.6733E-02-0.6585E-02  0.000      0.000      0.000      0.000       0.000       0.000       0.000       0.000       0.000       0.000    
   100800.   12.59894124   12.5849   0.000       0.000     -0.1224E-04   0.000     0.2743E-02-0.2731E-02  0.000      0.000      0.000      0.000       0.000       0.000       0.000       0.000       0.000       0.000    
   104400.   12.52931709   12.5874   0.000       0.000      0.5079E-04   0.000     0.1494E-02-0.1545E-02  0.000      0.000      0.000      0.000       0.000       0.000       0.000       0.000       0.000       0.000    
   108000.   12.50736927   12.5883   0.000       0.000      0.7081E-04   0.000     0.1398E-02-0.1469E-02  0.000      0.000      0.000      0.000       0.000       0.000       0.000       0.000       0.000       0.000    
   111600.   12.47369698   12.5866   0.000       0.000      0.9878E-04   0.000     0.8182E-03-0.9170E-03  0.000      0.000      0.000      0.000       0.000       0.000       0.000       0.000       0.000       0.000    
   115200.   12.44621239   12.5830   0.000       0.000      0.1196E-03   0.000     0.4012E-03-0.5208E-03  0.000      0.000      0.000      0.000       0.000       0.000       0.000       0.000       0.000       0.000    
   118800.   12.42632740   12.5781   0.000       0.000      0.1328E-03   0.000     0.1688E-03-0.3016E-03  0.000      0.000      0.000      0.000       0.000       0.000       0.000       0.000       0.000       0.000    
   122400.   12.43497729   12.5744   0.000       0.000      0.1220E-03   0.000     0.6052E-03-0.7272E-03  0.000      0.000      0.000      0.000       0.000       0.000       0.000       0.000       0.000       0.000    
   126000.   12.41493472   12.5693   0.000       0.000      0.1351E-03   0.000     0.2016E-03-0.3367E-03  0.000      0.000      0.000      0.000       0.000       0.000       0.000       0.000       0.000       0.000    
   129600.   12.46580052   12.5689   0.000       0.000      0.9024E-04   0.000     0.1603E-02-0.1693E-02  0.000      0.000      0.000      0.000       0.000       0.000       0.000       0.000       0.000       0.000    
   133200.   12.44041875   12.5662   0.000       0.000      0.1100E-03   0.000     0.8279E-03-0.9380E-03  0.000      0.000      0.000      0.000       0.000       0.000       0.000       0.000       0.000       0.000    
   136800.   12.43115015   12.5629   0.000       0.000      0.1153E-03   0.000     0.6888E-03-0.8041E-03  0.000      0.000      0.000      0.000       0.000       0.000       0.000       0.000       0.000       0.000    
   140400.   12.40885551   12.5581   0.000       0.000      0.1306E-03   0.000     0.2590E-03-0.3896E-03  0.000      0.000      0.000      0.000       0.000       0.000       0.000       0.000       0.000       0.000    
   144000.   12.40439414   12.5534   0.000       0.000      0.1303E-03   0.000     0.3390E-03-0.4693E-03  0.000      0.000      0.000      0.000       0.000       0.000       0.000       0.000       0.000       0.000    
   147600.   12.40241933   12.5488   0.000       0.000      0.1281E-03   0.000     0.4276E-03-0.5557E-03  0.000      0.000      0.000      0.000       0.000       0.000       0.000       0.000       0.000       0.000    
   151200.   12.40134794   12.5445   0.000       0.000      0.1253E-03   0.000     0.5051E-03-0.6303E-03  0.000      0.000      0.000      0.000       0.000       0.000       0.000       0.000       0.000       0.000    
   154800.   12.40065075   12.5404   0.000       0.000      0.1223E-03   0.000     0.5750E-03-0.6973E-03  0.000      0.000      0.000      0.000       0.000       0.000       0.000       0.000       0.000       0.000    
   158400.   12.41373525   12.5377   0.000       0.000      0.1085E-03   0.000     0.9691E-03-0.1078E-02  0.000      0.000      0.000      0.000       0.000       0.000       0.000       0.000       0.000       0.000    
   162000.   12.47042319   12.5398   0.000       0.000      0.6074E-04   0.000     0.2336E-02-0.2396E-02  0.000      0.000      0.000      0.000       0.000       0.000       0.000       0.000       0.000       0.000    
   165600.   12.46784272   12.5413   0.000       0.000      0.6426E-04   0.000     0.1997E-02-0.2062E-02  0.000      0.000      0.000      0.000       0.000       0.000       0.000       0.000       0.000       0.000    
   169200.   12.42273239   12.5388   0.000       0.000      0.1016E-03   0.000     0.8048E-03-0.9064E-03  0.000      0.000      0.000      0.000       0.000       0.000       0.000       0.000       0.000       0.000    
   172800.   12.40888917   12.5356   0.000       0.000      0.1109E-03   0.000     0.6639E-03-0.7748E-03  0.000      0.000      0.000      0.000       0.000       0.000       0.000       0.000       0.000       0.000    
