TOTIM (T)      HCON          HMAT      QDIR      QWELL        QMAT       QCADS      QTUB1      QTUB2      QTUB3      QTUB4      QTUB5      QTUB6       NSTOR        QFIX        QLH     FHLQ (LQ)        CAUCHY   CAUCHY (LQ)
     3600.   12.36574341   12.3683   0.000       0.000      0.2251E-05   0.000     0.4607E-02-0.4609E-02  0.000      0.000      0.000      0.000       0.000       0.000       0.000       0.000       0.000       0.000    
     7200.   12.35219317   12.3672   0.000       0.000      0.1313E-04   0.000     0.4286E-02-0.4299E-02  0.000      0.000      0.000      0.000       0.000       0.000       0.000       0.000       0.000       0.000    
    10800.   12.34966239   12.3660   0.000       0.000      0.1431E-04   0.000     0.4349E-02-0.4363E-02  0.000      0.000      0.000      0.000       0.000       0.000       0.000       0.000       0.000       0.000    
    14400.   12.34849972   12.3648   0.000       0.000      0.1430E-04   0.000     0.4392E-02-0.4406E-02  0.000      0.000      0.000      0.000       0.000       0.000       0.000       0.000       0.000       0.000    
    18000.   12.34777179   12.3637   0.000       0.000      0.1393E-04   0.000     0.4415E-02-0.4429E-02  0.000      0.000      0.000      0.000       0.000       0.000       0.000       0.000       0.000       0.000    
    21600.   12.34723276   12.3626   0.000       0.000      0.1344E-04   0.000     0.4429E-02-0.4442E-02  0.000      0.000      0.000      0.000       0.000       0.000       0.000       0.000       0.000       0.000    
    25200.   12.34677986   12.3615   0.000       0.000      0.1291E-04   0.000     0.4438E-02-0.4451E-02  0.000      0.000      0.000      0.000       0.000       0.000       0.000       0.000       0.000       0.000    
    28800.   12.34639288   12.3605   0.000       0.000      0.1235E-04   0.000     0.4443E-02-0.4456E-02  0.000      0.000      0.000      0.000       0.000       0.000       0.000       0.000       0.000       0.000    
    32400.   12.34601456   12.3595   0.000       0.000      0.1183E-04   0.000     0.4448E-02-0.4460E-02  0.000      0.000      0.000      0.000       0.000       0.000       0.000       0.000       0.000       0.000    
    36000.   12.34564029   12.3586   0.000       0.000      0.1134E-04   0.000     0.4453E-02-0.4464E-02  0.000      0.000      0.000      0.000       0.000       0.000       0.000       0.000       0.000       0.000    
    39600.   12.34526852   12.3577   0.000       0.000      0.1087E-04   0.000     0.4457E-02-0.4468E-02  0.000      0.000      0.000      0.000       0.000       0.000       0.000       0.000       0.000       0.000    
    43200.   12.35848542   12.3579   0.000       0.000     -0.4746E-06   0.000     0.4779E-02-0.4779E-02  0.000      0.000      0.000      0.000       0.000       0.000       0.000       0.000       0.000       0.000    
    46800.   12.36066897   12.3583   0.000       0.000     -0.2078E-05   0.000     0.4719E-02-0.4717E-02  0.000      0.000      0.000      0.000       0.000       0.000       0.000       0.000       0.000       0.000    
    50400.   12.34787890   12.3575   0.000       0.000      0.8451E-05   0.000     0.4361E-02-0.4369E-02  0.000      0.000      0.000      0.000       0.000       0.000       0.000       0.000       0.000       0.000    
    54000.   12.35930172   12.3578   0.000       0.000     -0.1283E-05   0.000     0.4722E-02-0.4720E-02  0.000      0.000      0.000      0.000       0.000       0.000       0.000       0.000       0.000       0.000    
    57600.   12.39495326   12.3610   0.000       0.000     -0.2968E-04   0.000     0.5481E-02-0.5451E-02  0.000      0.000      0.000      0.000       0.000       0.000       0.000       0.000       0.000       0.000    
    61200.   12.50428856   12.3729   0.000       0.000     -0.1149E-03   0.000     0.7662E-02-0.7547E-02  0.000      0.000      0.000      0.000       0.000       0.000       0.000       0.000       0.000       0.000    
    64800.   12.49952942   12.3830   0.000       0.000     -0.1020E-03   0.000     0.6429E-02-0.6327E-02  0.000      0.000      0.000      0.000       0.000       0.000       0.000       0.000       0.000       0.000    
    68400.   12.49854493   12.3922   0.000       0.000     -0.9304E-04   0.000     0.6006E-02-0.5913E-02  0.000      0.000      0.000      0.000       0.000       0.000       0.000       0.000       0.000       0.000    
    72000.   12.46779950   12.3982   0.000       0.000     -0.6088E-04   0.000     0.5121E-02-0.5060E-02  0.000      0.000      0.000      0.000       0.000       0.000       0.000       0.000       0.000       0.000    
    75600.   12.43733039   12.4014   0.000       0.000     -0.3142E-04   0.000     0.4589E-02-0.4557E-02  0.000      0.000      0.000      0.000       0.000       0.000       0.000       0.000       0.000       0.000    
    79200.   12.51411803   12.4110   0.000       0.000     -0.9024E-04   0.000     0.6674E-02-0.6584E-02  0.000      0.000      0.000      0.000       0.000       0.000       0.000       0.000       0.000       0.000    
    82800.   12.52823858   12.4207   0.000       0.000     -0.9408E-04   0.000     0.6396E-02-0.6302E-02  0.000      0.000      0.000      0.000       0.000       0.000       0.000       0.000       0.000       0.000    
    86400.   12.54232787   12.4308   0.000       0.000     -0.9756E-04   0.000     0.6337E-02-0.6239E-02  0.000      0.000      0.000      0.000       0.000       0.000       0.000       0.000       0.000       0.000    
    90000.   12.62374459   12.4469   0.000       0.000     -0.1547E-03   0.000     0.7921E-02-0.7766E-02  0.000      0.000      0.000      0.000       0.000       0.000       0.000       0.000       0.000       0.000    
    93600.   12.81308834   12.4772   0.000       0.000     -0.2939E-03   0.000     0.1142E-01-0.1113E-01  0.000      0.000      0.000      0.000       0.000       0.000       0.000       0.000       0.000       0.000    
    97200.   12.74664713   12.4989   0.000       0.000     -0.2168E-03   0.000     0.7797E-02-0.7580E-02  0.000      0.000      0.000      0.000       0.000       0.000       0.000       0.000       0.000       0.000    
   100800.   12.59893739   12.5069   0.000       0.000     -0.8052E-04   0.000     0.4106E-02-0.4026E-02  0.000      0.000      0.000      0.000       0.000       0.000       0.000       0.000       0.000       0.000    
   104400.   12.52931474   12.5094   0.000       0.000     -0.1747E-04   0.000     0.3644E-02-0.3626E-02  0.000      0.000      0.000      0.000       0.000       0.000       0.000       0.000       0.000       0.000    
   108000.   12.50736654   12.5103   0.000       0.000      0.2580E-05   0.000     0.4119E-02-0.4122E-02  0.000      0.000      0.000      0.000       0.000       0.000       0.000       0.000       0.000       0.000    
   111600.   12.47369477   12.5086   0.000       0.000      0.3058E-04   0.000     0.3855E-02-0.3885E-02  0.000      0.000      0.000      0.000       0.000       0.000       0.000       0.000       0.000       0.000    
   115200.   12.44621044   12.5050   0.000       0.000      0.5147E-04   0.000     0.3691E-02-0.3743E-02  0.000      0.000      0.000      0.000       0.000       0.000       0.000       0.000       0.000       0.000    
   118800.   12.42632555   12.5002   0.000       0.000      0.6466E-04   0.000     0.3651E-02-0.3716E-02  0.000      0.000      0.000      0.000       0.000       0.000       0.000       0.000       0.000       0.000    
   122400.   12.43497485   12.4966   0.000       0.000      0.5392E-04   0.000     0.4195E-02-0.4249E-02  0.000      0.000      0.000      0.000       0.000       0.000       0.000       0.000       0.000       0.000    
   126000.   12.41493274   12.4915   0.000       0.000      0.6703E-04   0.000     0.3795E-02-0.3862E-02  0.000      0.000      0.000      0.000       0.000       0.000       0.000       0.000       0.000       0.000    
   129600.   12.46579678   12.4912   0.000       0.000      0.2219E-04   0.000     0.5197E-02-0.5219E-02  0.000      0.000      0.000      0.000       0.000       0.000       0.000       0.000       0.000       0.000    
   133200.   12.44041620   12.4885   0.000       0.000      0.4203E-04   0.000     0.4249E-02-0.4291E-02  0.000      0.000      0.000      0.000       0.000       0.000       0.000       0.000       0.000       0.000    
   136800.   12.43114774   12.4852   0.000       0.000      0.4733E-04   0.000     0.4141E-02-0.4188E-02  0.000      0.000      0.000      0.000       0.000       0.000       0.000       0.000       0.000       0.000    
   140400.   12.40885354   12.4805   0.000       0.000      0.6265E-04   0.000     0.3763E-02-0.3825E-02  0.000      0.000      0.000      0.000       0.000       0.000       0.000       0.000       0.000       0.000    
   144000.   12.40439202   12.4757   0.000       0.000      0.6243E-04   0.000     0.3921E-02-0.3984E-02  0.000      0.000      0.000      0.000       0.000       0.000       0.000       0.000       0.000       0.000    
   147600.   12.40241709   12.4712   0.000       0.000      0.6021E-04   0.000     0.4029E-02-0.4089E-02  0.000      0.000      0.000      0.000       0.000       0.000       0.000       0.000       0.000       0.000    
   151200.   12.40134562   12.4669   0.000       0.000      0.5740E-04   0.000     0.4094E-02-0.4152E-02  0.000      0.000      0.000      0.000       0.000       0.000       0.000       0.000       0.000       0.000    
   154800.   12.40064837   12.4629   0.000       0.000      0.5448E-04   0.000     0.4140E-02-0.4195E-02  0.000      0.000      0.000      0.000       0.000       0.000       0.000       0.000       0.000       0.000    
   158400.   12.41373243   12.4602   0.000       0.000      0.4068E-04   0.000     0.4494E-02-0.4534E-02  0.000      0.000      0.000      0.000       0.000       0.000       0.000       0.000       0.000       0.000    
   162000.   12.47041861   12.4624   0.000       0.000     -0.7039E-05   0.000     0.5724E-02-0.5717E-02  0.000      0.000      0.000      0.000       0.000       0.000       0.000       0.000       0.000       0.000    
   165600.   12.46783891   12.4638   0.000       0.000     -0.3490E-05   0.000     0.5135E-02-0.5132E-02  0.000      0.000      0.000      0.000       0.000       0.000       0.000       0.000       0.000       0.000    
   169200.   12.42273014   12.4614   0.000       0.000      0.3386E-04   0.000     0.3917E-02-0.3951E-02  0.000      0.000      0.000      0.000       0.000       0.000       0.000       0.000       0.000       0.000    
   172800.   12.40888694   12.4582   0.000       0.000      0.4316E-04   0.000     0.3941E-02-0.3984E-02  0.000      0.000      0.000      0.000       0.000       0.000       0.000       0.000       0.000       0.000    
