TOTIM (T)      HCON          HMAT      QDIR      QWELL        QMAT       QCADS      QTUB1      QTUB2      QTUB3      QTUB4      QTUB5      QTUB6       NSTOR        QFIX        QLH     FHLQ (LQ)        CAUCHY   CAUCHY (LQ)
     3600.   12.36574439   12.3465   0.000       0.000     -0.1686E-04   0.000     0.2009E-02-0.1993E-02  0.000      0.000      0.000      0.000       0.000       0.000       0.000       0.000       0.000       0.000    
     7200.   12.35219407   12.3454   0.000       0.000     -0.5983E-05   0.000     0.1809E-02-0.1803E-02  0.000      0.000      0.000      0.000       0.000       0.000       0.000       0.000       0.000       0.000    
    10800.   12.34966330   12.3442   0.000       0.000     -0.4806E-05   0.000     0.1834E-02-0.1829E-02  0.000      0.000      0.000      0.000       0.000       0.000       0.000       0.000       0.000       0.000    
    14400.   12.34850065   12.3430   0.000       0.000     -0.4815E-05   0.000     0.1855E-02-0.1850E-02  0.000      0.000      0.000      0.000       0.000       0.000       0.000       0.000       0.000       0.000    
    18000.   12.34777272   12.3419   0.000       0.000     -0.5178E-05   0.000     0.1867E-02-0.1862E-02  0.000      0.000      0.000      0.000       0.000       0.000       0.000       0.000       0.000       0.000    
    21600.   12.34723369   12.3408   0.000       0.000     -0.5672E-05   0.000     0.1876E-02-0.1870E-02  0.000      0.000      0.000      0.000       0.000       0.000       0.000       0.000       0.000       0.000    
    25200.   12.34678080   12.3397   0.000       0.000     -0.6205E-05   0.000     0.1883E-02-0.1877E-02  0.000      0.000      0.000      0.000       0.000       0.000       0.000       0.000       0.000       0.000    
    28800.   12.34639382   12.3387   0.000       0.000     -0.6756E-05   0.000     0.1888E-02-0.1881E-02  0.000      0.000      0.000      0.000       0.000       0.000       0.000       0.000       0.000       0.000    
    32400.   12.34601550   12.3377   0.000       0.000     -0.7279E-05   0.000     0.1892E-02-0.1885E-02  0.000      0.000      0.000      0.000       0.000       0.000       0.000       0.000       0.000       0.000    
    36000.   12.34564123   12.3368   0.000       0.000     -0.7773E-05   0.000     0.1897E-02-0.1889E-02  0.000      0.000      0.000      0.000       0.000       0.000       0.000       0.000       0.000       0.000    
    39600.   12.34526946   12.3359   0.000       0.000     -0.8238E-05   0.000     0.1900E-02-0.1892E-02  0.000      0.000      0.000      0.000       0.000       0.000       0.000       0.000       0.000       0.000    
    43200.   12.35848643   12.3361   0.000       0.000     -0.1958E-04   0.000     0.2103E-02-0.2084E-02  0.000      0.000      0.000      0.000       0.000       0.000       0.000       0.000       0.000       0.000    
    46800.   12.36066998   12.3365   0.000       0.000     -0.2118E-04   0.000     0.2082E-02-0.2060E-02  0.000      0.000      0.000      0.000       0.000       0.000       0.000       0.000       0.000       0.000    
    50400.   12.34787982   12.3357   0.000       0.000     -0.1065E-04   0.000     0.1865E-02-0.1854E-02  0.000      0.000      0.000      0.000       0.000       0.000       0.000       0.000       0.000       0.000    
    54000.   12.35930273   12.3360   0.000       0.000     -0.2038E-04   0.000     0.2079E-02-0.2058E-02  0.000      0.000      0.000      0.000       0.000       0.000       0.000       0.000       0.000       0.000    
    57600.   12.39495444   12.3392   0.000       0.000     -0.4878E-04   0.000     0.2564E-02-0.2515E-02  0.000      0.000      0.000      0.000       0.000       0.000       0.000       0.000       0.000       0.000    
    61200.   12.50429812   12.3511   0.000       0.000     -0.1341E-03   0.000     0.3974E-02-0.3840E-02  0.000      0.000      0.000      0.000       0.000       0.000       0.000       0.000       0.000       0.000    
    64800.   12.49953628   12.3612   0.000       0.000     -0.1211E-03   0.000     0.3329E-02-0.3208E-02  0.000      0.000      0.000      0.000       0.000       0.000       0.000       0.000       0.000       0.000    
    68400.   12.49855094   12.3704   0.000       0.000     -0.1121E-03   0.000     0.3087E-02-0.2974E-02  0.000      0.000      0.000      0.000       0.000       0.000       0.000       0.000       0.000       0.000    
    72000.   12.46780387   12.3764   0.000       0.000     -0.7998E-04   0.000     0.2525E-02-0.2445E-02  0.000      0.000      0.000      0.000       0.000       0.000       0.000       0.000       0.000       0.000    
    75600.   12.43733386   12.3796   0.000       0.000     -0.5052E-04   0.000     0.2143E-02-0.2093E-02  0.000      0.000      0.000      0.000       0.000       0.000       0.000       0.000       0.000       0.000    
    79200.   12.51412531   12.3892   0.000       0.000     -0.1093E-03   0.000     0.3394E-02-0.3284E-02  0.000      0.000      0.000      0.000       0.000       0.000       0.000       0.000       0.000       0.000    
    82800.   12.52824533   12.3989   0.000       0.000     -0.1132E-03   0.000     0.3280E-02-0.3167E-02  0.000      0.000      0.000      0.000       0.000       0.000       0.000       0.000       0.000       0.000    
    86400.   12.54233453   12.4090   0.000       0.000     -0.1167E-03   0.000     0.3266E-02-0.3149E-02  0.000      0.000      0.000      0.000       0.000       0.000       0.000       0.000       0.000       0.000    
    90000.   12.62375500   12.4251   0.000       0.000     -0.1738E-03   0.000     0.4269E-02-0.4095E-02  0.000      0.000      0.000      0.000       0.000       0.000       0.000       0.000       0.000       0.000    
    93600.   12.81311011   12.4554   0.000       0.000     -0.3130E-03   0.000     0.6544E-02-0.6231E-02  0.000      0.000      0.000      0.000       0.000       0.000       0.000       0.000       0.000       0.000    
    97200.   12.74665762   12.4770   0.000       0.000     -0.2359E-03   0.000     0.4480E-02-0.4244E-02  0.000      0.000      0.000      0.000       0.000       0.000       0.000       0.000       0.000       0.000    
   100800.   12.59893967   12.4850   0.000       0.000     -0.9966E-04   0.000     0.2125E-02-0.2025E-02  0.000      0.000      0.000      0.000       0.000       0.000       0.000       0.000       0.000       0.000    
   104400.   12.52931649   12.4875   0.000       0.000     -0.3663E-04   0.000     0.1632E-02-0.1595E-02  0.000      0.000      0.000      0.000       0.000       0.000       0.000       0.000       0.000       0.000    
   108000.   12.50736865   12.4884   0.000       0.000     -0.1660E-04   0.000     0.1776E-02-0.1760E-02  0.000      0.000      0.000      0.000       0.000       0.000       0.000       0.000       0.000       0.000    
   111600.   12.47369660   12.4867   0.000       0.000      0.1138E-04   0.000     0.1533E-02-0.1544E-02  0.000      0.000      0.000      0.000       0.000       0.000       0.000       0.000       0.000       0.000    
   115200.   12.44621209   12.4831   0.000       0.000      0.3225E-04   0.000     0.1366E-02-0.1399E-02  0.000      0.000      0.000      0.000       0.000       0.000       0.000       0.000       0.000       0.000    
   118800.   12.42632715   12.4782   0.000       0.000      0.4541E-04   0.000     0.1292E-02-0.1337E-02  0.000      0.000      0.000      0.000       0.000       0.000       0.000       0.000       0.000       0.000    
   122400.   12.43497693   12.4746   0.000       0.000      0.3465E-04   0.000     0.1599E-02-0.1634E-02  0.000      0.000      0.000      0.000       0.000       0.000       0.000       0.000       0.000       0.000    
   126000.   12.41493445   12.4695   0.000       0.000      0.4773E-04   0.000     0.1353E-02-0.1401E-02  0.000      0.000      0.000      0.000       0.000       0.000       0.000       0.000       0.000       0.000    
   129600.   12.46579993   12.4691   0.000       0.000      0.2871E-05   0.000     0.2216E-02-0.2219E-02  0.000      0.000      0.000      0.000       0.000       0.000       0.000       0.000       0.000       0.000    
   133200.   12.44041835   12.4663   0.000       0.000      0.2269E-04   0.000     0.1679E-02-0.1702E-02  0.000      0.000      0.000      0.000       0.000       0.000       0.000       0.000       0.000       0.000    
   136800.   12.43114978   12.4631   0.000       0.000      0.2797E-04   0.000     0.1603E-02-0.1631E-02  0.000      0.000      0.000      0.000       0.000       0.000       0.000       0.000       0.000       0.000    
   140400.   12.40885524   12.4583   0.000       0.000      0.4325E-04   0.000     0.1357E-02-0.1400E-02  0.000      0.000      0.000      0.000       0.000       0.000       0.000       0.000       0.000       0.000    
   144000.   12.40439385   12.4535   0.000       0.000      0.4301E-04   0.000     0.1434E-02-0.1477E-02  0.000      0.000      0.000      0.000       0.000       0.000       0.000       0.000       0.000       0.000    
   147600.   12.40241902   12.4490   0.000       0.000      0.4076E-04   0.000     0.1496E-02-0.1537E-02  0.000      0.000      0.000      0.000       0.000       0.000       0.000       0.000       0.000       0.000    
   151200.   12.40134761   12.4447   0.000       0.000      0.3793E-04   0.000     0.1540E-02-0.1577E-02  0.000      0.000      0.000      0.000       0.000       0.000       0.000       0.000       0.000       0.000    
   154800.   12.40065040   12.4406   0.000       0.000      0.3498E-04   0.000     0.1574E-02-0.1609E-02  0.000      0.000      0.000      0.000       0.000       0.000       0.000       0.000       0.000       0.000    
   158400.   12.41373481   12.4379   0.000       0.000      0.2117E-04   0.000     0.1803E-02-0.1824E-02  0.000      0.000      0.000      0.000       0.000       0.000       0.000       0.000       0.000       0.000    
   162000.   12.47042244   12.4400   0.000       0.000     -0.2658E-04   0.000     0.2596E-02-0.2570E-02  0.000      0.000      0.000      0.000       0.000       0.000       0.000       0.000       0.000       0.000    
   165600.   12.46784206   12.4415   0.000       0.000     -0.2305E-04   0.000     0.2300E-02-0.2277E-02  0.000      0.000      0.000      0.000       0.000       0.000       0.000       0.000       0.000       0.000    
   169200.   12.42273202   12.4390   0.000       0.000      0.1428E-04   0.000     0.1556E-02-0.1570E-02  0.000      0.000      0.000      0.000       0.000       0.000       0.000       0.000       0.000       0.000    
   172800.   12.40888882   12.4358   0.000       0.000      0.2356E-04   0.000     0.1526E-02-0.1550E-02  0.000      0.000      0.000      0.000       0.000       0.000       0.000       0.000       0.000       0.000    
