TOTIM (T)      HCON          HMAT      QDIR      QWELL        QMAT       QCADS      QTUB1      QTUB2      QTUB3      QTUB4      QTUB5      QTUB6       NSTOR        QFIX        QLH     FHLQ (LQ)        CAUCHY   CAUCHY (LQ)
     3600.   12.36574529   12.1292  0.5384E-03   0.000     -0.2070E-03   0.000     0.1129E-03-0.4443E-03  0.000      0.000      0.000      0.000       0.000       0.000       0.000       0.000       0.000       0.000    
     7200.   12.35219479   12.1599   0.000       0.000     -0.1682E-03  0.3811E-04 0.2365E-03-0.1064E-03  0.000      0.000      0.000      0.000       0.000       0.000       0.000       0.000       0.000       0.000    
    10800.   12.34966403   12.1882   0.000       0.000     -0.1413E-03  0.7118E-05 0.2386E-03-0.1044E-03  0.000      0.000      0.000      0.000       0.000       0.000       0.000       0.000       0.000       0.000    
    14400.   12.34850138   12.2142   0.000       0.000     -0.1175E-03  0.3270E-05 0.2338E-03-0.1196E-03  0.000      0.000      0.000      0.000       0.000       0.000       0.000       0.000       0.000       0.000    
    18000.   12.34777346   12.2382   0.000       0.000     -0.9590E-04  0.2047E-05 0.2287E-03-0.1349E-03  0.000      0.000      0.000      0.000       0.000       0.000       0.000       0.000       0.000       0.000    
    21600.   12.34723445   12.2603   0.000       0.000     -0.7606E-04  0.1516E-05 0.2239E-03-0.1493E-03  0.000      0.000      0.000      0.000       0.000       0.000       0.000       0.000       0.000       0.000    
    25200.   12.34678156   12.2807   0.000       0.000     -0.5779E-04  0.1274E-05 0.2193E-03-0.1628E-03  0.000      0.000      0.000      0.000       0.000       0.000       0.000       0.000       0.000       0.000    
    28800.   12.34639458   12.2996   0.000       0.000     -0.4096E-04  0.1088E-05 0.2151E-03-0.1752E-03  0.000      0.000      0.000      0.000       0.000       0.000       0.000       0.000       0.000       0.000    
    32400.   12.34601627   12.3170   0.000       0.000     -0.2540E-04  0.1064E-05 0.2112E-03-0.1869E-03  0.000      0.000      0.000      0.000       0.000       0.000       0.000       0.000       0.000       0.000    
    36000.   12.34564201   12.3330   0.000       0.000     -0.1102E-04  0.1053E-05 0.2077E-03-0.1977E-03  0.000      0.000      0.000      0.000       0.000       0.000       0.000       0.000       0.000       0.000    
    39600.   12.34527024   12.3479   0.000       0.000      0.2273E-05  0.1046E-05 0.2045E-03-0.2078E-03  0.000      0.000      0.000      0.000       0.000       0.000       0.000       0.000       0.000       0.000    
    43200.   12.35848740   12.3309  0.5384E-03   0.000     -0.2418E-04 -0.3717E-04 0.7788E-04-0.5549E-03  0.000      0.000      0.000      0.000       0.000       0.000       0.000       0.000       0.000       0.000    
    46800.   12.36067094   12.3153  0.5384E-03   0.000     -0.3972E-04 -0.6141E-05 0.7309E-04-0.5656E-03  0.000      0.000      0.000      0.000       0.000       0.000       0.000       0.000       0.000       0.000    
    50400.   12.34788060   12.3317   0.000       0.000     -0.1420E-04  0.3597E-04 0.1990E-03-0.2208E-03  0.000      0.000      0.000      0.000       0.000       0.000       0.000       0.000       0.000       0.000    
    54000.   12.35930369   12.3160  0.5384E-03   0.000     -0.3791E-04 -0.3213E-04 0.8030E-04-0.5486E-03  0.000      0.000      0.000      0.000       0.000       0.000       0.000       0.000       0.000       0.000    
    57600.   12.39495585   12.2249  0.1884E-02   0.000     -0.1488E-03 -0.1003E-03-0.2327E-03-0.1402E-02  0.000      0.000      0.000      0.000       0.000       0.000       0.000       0.000       0.000       0.000    
    61200.   12.50430084   11.9108  0.5922E-02   0.000     -0.5194E-03 -0.3075E-03-0.1163E-02-0.3933E-02  0.000      0.000      0.000      0.000       0.000       0.000       0.000       0.000       0.000       0.000    
    64800.   12.49953856   11.6831  0.4845E-02   0.000     -0.7144E-03  0.1339E-04-0.9166E-03-0.3228E-02  0.000      0.000      0.000      0.000       0.000       0.000       0.000       0.000       0.000       0.000    
    68400.   12.49855303   11.4881  0.4576E-02   0.000     -0.8841E-03  0.2772E-05-0.7994E-03-0.2896E-02  0.000      0.000      0.000      0.000       0.000       0.000       0.000       0.000       0.000       0.000    
    72000.   12.46780544   11.3849  0.3230E-02   0.000     -0.9476E-03  0.8648E-04-0.4458E-03-0.1923E-02  0.000      0.000      0.000      0.000       0.000       0.000       0.000       0.000       0.000       0.000    
    75600.   12.43733504   11.3506  0.2154E-02   0.000     -0.9509E-03  0.8570E-04-0.1554E-03-0.1133E-02  0.000      0.000      0.000      0.000       0.000       0.000       0.000       0.000       0.000       0.000    
    79200.   12.51412756   11.1339  0.5384E-02   0.000     -0.1208E-02 -0.2160E-03-0.8699E-03-0.3090E-02  0.000      0.000      0.000      0.000       0.000       0.000       0.000       0.000       0.000       0.000    
    82800.   12.52824754   10.9339  0.5384E-02   0.000     -0.1395E-02 -0.3971E-04-0.8727E-03-0.3076E-02  0.000      0.000      0.000      0.000       0.000       0.000       0.000       0.000       0.000       0.000    
    86400.   12.54233674   10.7335  0.5653E-02   0.000     -0.1583E-02 -0.3963E-04-0.8987E-03-0.3132E-02  0.000      0.000      0.000      0.000       0.000       0.000       0.000       0.000       0.000       0.000    
    90000.   12.62375813   10.3785  0.8614E-02   0.000     -0.1965E-02 -0.2290E-03-0.1543E-02-0.4878E-02  0.000      0.000      0.000      0.000       0.000       0.000       0.000       0.000       0.000       0.000    
    93600.   12.81315515    9.6638  0.1534E-01   0.000     -0.2756E-02 -0.5327E-03-0.7352E-02-0.4703E-02  0.000      0.000      0.000      0.000       0.000       0.000       0.000       0.000       0.000       0.000    
    97200.   12.74667947    9.2486  0.1104E-01   0.000     -0.3061E-02  0.1870E-03-0.4494E-02-0.3669E-02  0.000      0.000      0.000      0.000       0.000       0.000       0.000       0.000       0.000       0.000    
   100800.   12.59894329    9.2025  0.5115E-02   0.000     -0.2972E-02  0.4155E-03-0.8769E-03-0.1681E-02  0.000      0.000      0.000      0.000       0.000       0.000       0.000       0.000       0.000       0.000    
   104400.   12.52931742    9.2665  0.3230E-02   0.000     -0.2855E-02  0.1958E-03 0.2187E-05-0.5733E-03  0.000      0.000      0.000      0.000       0.000       0.000       0.000       0.000       0.000       0.000    
   108000.   12.50736954    9.3405  0.2961E-02   0.000     -0.2771E-02  0.6173E-04 0.9278E-04-0.3446E-03  0.000      0.000      0.000      0.000       0.000       0.000       0.000       0.000       0.000       0.000    
   111600.   12.47369706    9.4707  0.1884E-02   0.000     -0.2628E-02  0.9470E-04 0.3352E-03 0.3134E-03  0.000      0.000      0.000      0.000       0.000       0.000       0.000       0.000       0.000       0.000    
   115200.   12.44621233    9.6376  0.1077E-02   0.000     -0.2458E-02  0.7730E-04 0.5114E-03 0.7920E-03  0.000      0.000      0.000      0.000       0.000       0.000       0.000       0.000       0.000       0.000    
   118800.   12.42632727    9.8231  0.5384E-03   0.000     -0.2278E-02  0.5593E-04 0.6138E-03 0.1070E-02  0.000      0.000      0.000      0.000       0.000       0.000       0.000       0.000       0.000       0.000    
   122400.   12.43497729    9.9641  0.1077E-02   0.000     -0.2162E-02 -0.2433E-04 0.4602E-03 0.6494E-03  0.000      0.000      0.000      0.000       0.000       0.000       0.000       0.000       0.000       0.000    
   126000.   12.41493459   10.1411  0.2692E-03   0.000     -0.1990E-02  0.5637E-04 0.6071E-03 0.1057E-02  0.000      0.000      0.000      0.000       0.000       0.000       0.000       0.000       0.000       0.000    
   129600.   12.46580082   10.1818  0.2423E-02   0.000     -0.1999E-02 -0.1431E-03 0.8585E-04-0.3670E-03  0.000      0.000      0.000      0.000       0.000       0.000       0.000       0.000       0.000       0.000    
   133200.   12.44041882   10.2970  0.1077E-02   0.000     -0.1876E-02  0.7139E-04 0.3519E-03 0.3755E-03  0.000      0.000      0.000      0.000       0.000       0.000       0.000       0.000       0.000       0.000    
   136800.   12.43115018   10.4190  0.8076E-03   0.000     -0.1761E-02  0.2607E-04 0.4051E-03 0.5219E-03  0.000      0.000      0.000      0.000       0.000       0.000       0.000       0.000       0.000       0.000    
   140400.   12.40885540   10.5783   0.000       0.000     -0.1602E-02  0.6270E-04 0.5693E-03 0.9697E-03  0.000      0.000      0.000      0.000       0.000       0.000       0.000       0.000       0.000       0.000    
   144000.   12.40439405   10.7256   0.000       0.000     -0.1469E-02  0.1255E-04 0.5486E-03 0.9078E-03  0.000      0.000      0.000      0.000       0.000       0.000       0.000       0.000       0.000       0.000    
   147600.   12.40241927   10.8620   0.000       0.000     -0.1348E-02  0.5554E-05 0.5188E-03 0.8235E-03  0.000      0.000      0.000      0.000       0.000       0.000       0.000       0.000       0.000       0.000    
   151200.   12.40134790   10.9882   0.000       0.000     -0.1237E-02  0.3013E-05 0.4902E-03 0.7433E-03  0.000      0.000      0.000      0.000       0.000       0.000       0.000       0.000       0.000       0.000    
   154800.   12.40065074   11.1050   0.000       0.000     -0.1134E-02  0.1961E-05 0.4635E-03 0.6682E-03  0.000      0.000      0.000      0.000       0.000       0.000       0.000       0.000       0.000       0.000    
   158400.   12.41373536   11.1824  0.5384E-03   0.000     -0.1077E-02 -0.3680E-04 0.3153E-03 0.2606E-03  0.000      0.000      0.000      0.000       0.000       0.000       0.000       0.000       0.000       0.000    
   162000.   12.47042373   11.1310  0.2692E-02   0.000     -0.1172E-02 -0.1594E-03-0.2038E-03-0.1157E-02  0.000      0.000      0.000      0.000       0.000       0.000       0.000       0.000       0.000       0.000    
   165600.   12.46784316   11.1149  0.2154E-02   0.000     -0.1184E-02  0.7258E-05-0.1045E-03-0.8724E-03  0.000      0.000      0.000      0.000       0.000       0.000       0.000       0.000       0.000       0.000    
   169200.   12.42273247   11.2078  0.2692E-03   0.000     -0.1063E-02  0.1269E-03 0.3354E-03 0.3316E-03  0.000      0.000      0.000      0.000       0.000       0.000       0.000       0.000       0.000       0.000    
   172800.   12.40888920   11.3088   0.000       0.000     -0.9626E-03  0.3893E-04 0.4076E-03 0.5160E-03  0.000      0.000      0.000      0.000       0.000       0.000       0.000       0.000       0.000       0.000    
