TOTIM (T)      HCON          HMAT      QDIR      QWELL        QMAT       QCADS      QTUB1      QTUB2      QTUB3      QTUB4      QTUB5      QTUB6       NSTOR        QFIX        QLH     FHLQ (LQ)        CAUCHY   CAUCHY (LQ)
     3600.   12.36574422   12.4292   0.000       0.000      0.5554E-04   0.000     0.2480E-02-0.2536E-02  0.000      0.000      0.000      0.000       0.000       0.000       0.000       0.000       0.000       0.000    
     7200.   12.35219391   12.4281   0.000       0.000      0.6641E-04   0.000     0.2207E-02-0.2274E-02  0.000      0.000      0.000      0.000       0.000       0.000       0.000       0.000       0.000       0.000    
    10800.   12.34966314   12.4269   0.000       0.000      0.6759E-04   0.000     0.2229E-02-0.2296E-02  0.000      0.000      0.000      0.000       0.000       0.000       0.000       0.000       0.000       0.000    
    14400.   12.34850048   12.4257   0.000       0.000      0.6758E-04   0.000     0.2251E-02-0.2319E-02  0.000      0.000      0.000      0.000       0.000       0.000       0.000       0.000       0.000       0.000    
    18000.   12.34777255   12.4246   0.000       0.000      0.6722E-04   0.000     0.2267E-02-0.2334E-02  0.000      0.000      0.000      0.000       0.000       0.000       0.000       0.000       0.000       0.000    
    21600.   12.34723353   12.4235   0.000       0.000      0.6672E-04   0.000     0.2279E-02-0.2345E-02  0.000      0.000      0.000      0.000       0.000       0.000       0.000       0.000       0.000       0.000    
    25200.   12.34678063   12.4224   0.000       0.000      0.6619E-04   0.000     0.2289E-02-0.2355E-02  0.000      0.000      0.000      0.000       0.000       0.000       0.000       0.000       0.000       0.000    
    28800.   12.34639365   12.4214   0.000       0.000      0.6564E-04   0.000     0.2297E-02-0.2362E-02  0.000      0.000      0.000      0.000       0.000       0.000       0.000       0.000       0.000       0.000    
    32400.   12.34601533   12.4204   0.000       0.000      0.6512E-04   0.000     0.2305E-02-0.2370E-02  0.000      0.000      0.000      0.000       0.000       0.000       0.000       0.000       0.000       0.000    
    36000.   12.34564107   12.4195   0.000       0.000      0.6462E-04   0.000     0.2312E-02-0.2376E-02  0.000      0.000      0.000      0.000       0.000       0.000       0.000       0.000       0.000       0.000    
    39600.   12.34526929   12.4186   0.000       0.000      0.6416E-04   0.000     0.2318E-02-0.2383E-02  0.000      0.000      0.000      0.000       0.000       0.000       0.000       0.000       0.000       0.000    
    43200.   12.35848626   12.4188   0.000       0.000      0.5281E-04   0.000     0.2597E-02-0.2650E-02  0.000      0.000      0.000      0.000       0.000       0.000       0.000       0.000       0.000       0.000    
    46800.   12.36066980   12.4192   0.000       0.000      0.5121E-04   0.000     0.2581E-02-0.2632E-02  0.000      0.000      0.000      0.000       0.000       0.000       0.000       0.000       0.000       0.000    
    50400.   12.34787966   12.4184   0.000       0.000      0.6174E-04   0.000     0.2292E-02-0.2354E-02  0.000      0.000      0.000      0.000       0.000       0.000       0.000       0.000       0.000       0.000    
    54000.   12.35930255   12.4187   0.000       0.000      0.5201E-04   0.000     0.2575E-02-0.2627E-02  0.000      0.000      0.000      0.000       0.000       0.000       0.000       0.000       0.000       0.000    
    57600.   12.39495424   12.4219   0.000       0.000      0.2361E-04   0.000     0.3246E-02-0.3270E-02  0.000      0.000      0.000      0.000       0.000       0.000       0.000       0.000       0.000       0.000    
    61200.   12.50429784   12.4338   0.000       0.000     -0.6166E-04   0.000     0.5212E-02-0.5150E-02  0.000      0.000      0.000      0.000       0.000       0.000       0.000       0.000       0.000       0.000    
    64800.   12.49953606   12.4439   0.000       0.000     -0.4867E-04   0.000     0.4441E-02-0.4392E-02  0.000      0.000      0.000      0.000       0.000       0.000       0.000       0.000       0.000       0.000    
    68400.   12.49855073   12.4531   0.000       0.000     -0.3975E-04   0.000     0.4136E-02-0.4097E-02  0.000      0.000      0.000      0.000       0.000       0.000       0.000       0.000       0.000       0.000    
    72000.   12.46780369   12.4591   0.000       0.000     -0.7592E-05   0.000     0.3363E-02-0.3355E-02  0.000      0.000      0.000      0.000       0.000       0.000       0.000       0.000       0.000       0.000    
    75600.   12.43733370   12.4623   0.000       0.000      0.2188E-04   0.000     0.2799E-02-0.2821E-02  0.000      0.000      0.000      0.000       0.000       0.000       0.000       0.000       0.000       0.000    
    79200.   12.51412508   12.4719   0.000       0.000     -0.3695E-04   0.000     0.4457E-02-0.4420E-02  0.000      0.000      0.000      0.000       0.000       0.000       0.000       0.000       0.000       0.000    
    82800.   12.52824511   12.4816   0.000       0.000     -0.4079E-04   0.000     0.4347E-02-0.4306E-02  0.000      0.000      0.000      0.000       0.000       0.000       0.000       0.000       0.000       0.000    
    86400.   12.54233431   12.4917   0.000       0.000     -0.4427E-04   0.000     0.4351E-02-0.4306E-02  0.000      0.000      0.000      0.000       0.000       0.000       0.000       0.000       0.000       0.000    
    90000.   12.62375473   12.5078   0.000       0.000     -0.1014E-03   0.000     0.5731E-02-0.5630E-02  0.000      0.000      0.000      0.000       0.000       0.000       0.000       0.000       0.000       0.000    
    93600.   12.81311278   12.5381   0.000       0.000     -0.2406E-03   0.000     0.8908E-02-0.8667E-02  0.000      0.000      0.000      0.000       0.000       0.000       0.000       0.000       0.000       0.000    
    97200.   12.74665882   12.5598   0.000       0.000     -0.1635E-03   0.000     0.6265E-02-0.6101E-02  0.000      0.000      0.000      0.000       0.000       0.000       0.000       0.000       0.000       0.000    
   100800.   12.59893984   12.5678   0.000       0.000     -0.2725E-04   0.000     0.3021E-02-0.2994E-02  0.000      0.000      0.000      0.000       0.000       0.000       0.000       0.000       0.000       0.000    
   104400.   12.52931637   12.5702   0.000       0.000      0.3580E-04   0.000     0.2168E-02-0.2204E-02  0.000      0.000      0.000      0.000       0.000       0.000       0.000       0.000       0.000       0.000    
   108000.   12.50736851   12.5712   0.000       0.000      0.5583E-04   0.000     0.2218E-02-0.2274E-02  0.000      0.000      0.000      0.000       0.000       0.000       0.000       0.000       0.000       0.000    
   111600.   12.47369646   12.5695   0.000       0.000      0.8382E-04   0.000     0.1806E-02-0.1889E-02  0.000      0.000      0.000      0.000       0.000       0.000       0.000       0.000       0.000       0.000    
   115200.   12.44621195   12.5659   0.000       0.000      0.1047E-03   0.000     0.1516E-02-0.1621E-02  0.000      0.000      0.000      0.000       0.000       0.000       0.000       0.000       0.000       0.000    
   118800.   12.42632701   12.5610   0.000       0.000      0.1179E-03   0.000     0.1366E-02-0.1484E-02  0.000      0.000      0.000      0.000       0.000       0.000       0.000       0.000       0.000       0.000    
   122400.   12.43497677   12.5574   0.000       0.000      0.1071E-03   0.000     0.1753E-02-0.1860E-02  0.000      0.000      0.000      0.000       0.000       0.000       0.000       0.000       0.000       0.000    
   126000.   12.41493430   12.5523   0.000       0.000      0.1202E-03   0.000     0.1416E-02-0.1536E-02  0.000      0.000      0.000      0.000       0.000       0.000       0.000       0.000       0.000       0.000    
   129600.   12.46579973   12.5519   0.000       0.000      0.7536E-04   0.000     0.2582E-02-0.2657E-02  0.000      0.000      0.000      0.000       0.000       0.000       0.000       0.000       0.000       0.000    
   133200.   12.44041818   12.5492   0.000       0.000      0.9519E-04   0.000     0.1894E-02-0.1989E-02  0.000      0.000      0.000      0.000       0.000       0.000       0.000       0.000       0.000       0.000    
   136800.   12.43114962   12.5460   0.000       0.000      0.1005E-03   0.000     0.1787E-02-0.1887E-02  0.000      0.000      0.000      0.000       0.000       0.000       0.000       0.000       0.000       0.000    
   140400.   12.40885509   12.5412   0.000       0.000      0.1158E-03   0.000     0.1441E-02-0.1556E-02  0.000      0.000      0.000      0.000       0.000       0.000       0.000       0.000       0.000       0.000    
   144000.   12.40439369   12.5364   0.000       0.000      0.1155E-03   0.000     0.1526E-02-0.1641E-02  0.000      0.000      0.000      0.000       0.000       0.000       0.000       0.000       0.000       0.000    
   147600.   12.40241886   12.5319   0.000       0.000      0.1133E-03   0.000     0.1603E-02-0.1716E-02  0.000      0.000      0.000      0.000       0.000       0.000       0.000       0.000       0.000       0.000    
   151200.   12.40134744   12.5276   0.000       0.000      0.1105E-03   0.000     0.1664E-02-0.1775E-02  0.000      0.000      0.000      0.000       0.000       0.000       0.000       0.000       0.000       0.000    
   154800.   12.40065023   12.5235   0.000       0.000      0.1075E-03   0.000     0.1716E-02-0.1824E-02  0.000      0.000      0.000      0.000       0.000       0.000       0.000       0.000       0.000       0.000    
   158400.   12.41373464   12.5209   0.000       0.000      0.9373E-04   0.000     0.2035E-02-0.2128E-02  0.000      0.000      0.000      0.000       0.000       0.000       0.000       0.000       0.000       0.000    
   162000.   12.47042222   12.5230   0.000       0.000      0.4599E-04   0.000     0.3140E-02-0.3186E-02  0.000      0.000      0.000      0.000       0.000       0.000       0.000       0.000       0.000       0.000    
   165600.   12.46784187   12.5244   0.000       0.000      0.4953E-04   0.000     0.2798E-02-0.2847E-02  0.000      0.000      0.000      0.000       0.000       0.000       0.000       0.000       0.000       0.000    
   169200.   12.42273187   12.5220   0.000       0.000      0.8686E-04   0.000     0.1801E-02-0.1888E-02  0.000      0.000      0.000      0.000       0.000       0.000       0.000       0.000       0.000       0.000    
   172800.   12.40888867   12.5188   0.000       0.000      0.9616E-04   0.000     0.1724E-02-0.1820E-02  0.000      0.000      0.000      0.000       0.000       0.000       0.000       0.000       0.000       0.000    
