TOTIM (T)      HCON          HMAT      QDIR      QWELL        QMAT       QCADS      QTUB1      QTUB2      QTUB3      QTUB4      QTUB5      QTUB6       NSTOR        QFIX        QLH     FHLQ (LQ)        CAUCHY   CAUCHY (LQ)
     3600.   12.36574385   12.4009   0.000       0.000      0.3078E-04   0.000     0.2560E-02-0.2590E-02  0.000      0.000      0.000      0.000       0.000       0.000       0.000       0.000       0.000       0.000    
     7200.   12.35219356   12.3998   0.000       0.000      0.4166E-04   0.000     0.2269E-02-0.2310E-02  0.000      0.000      0.000      0.000       0.000       0.000       0.000       0.000       0.000       0.000    
    10800.   12.34966279   12.3986   0.000       0.000      0.4284E-04   0.000     0.2304E-02-0.2346E-02  0.000      0.000      0.000      0.000       0.000       0.000       0.000       0.000       0.000       0.000    
    14400.   12.34850012   12.3974   0.000       0.000      0.4283E-04   0.000     0.2326E-02-0.2369E-02  0.000      0.000      0.000      0.000       0.000       0.000       0.000       0.000       0.000       0.000    
    18000.   12.34777219   12.3963   0.000       0.000      0.4247E-04   0.000     0.2342E-02-0.2384E-02  0.000      0.000      0.000      0.000       0.000       0.000       0.000       0.000       0.000       0.000    
    21600.   12.34723317   12.3952   0.000       0.000      0.4197E-04   0.000     0.2354E-02-0.2395E-02  0.000      0.000      0.000      0.000       0.000       0.000       0.000       0.000       0.000       0.000    
    25200.   12.34678027   12.3941   0.000       0.000      0.4144E-04   0.000     0.2363E-02-0.2404E-02  0.000      0.000      0.000      0.000       0.000       0.000       0.000       0.000       0.000       0.000    
    28800.   12.34639329   12.3931   0.000       0.000      0.4089E-04   0.000     0.2371E-02-0.2412E-02  0.000      0.000      0.000      0.000       0.000       0.000       0.000       0.000       0.000       0.000    
    32400.   12.34601497   12.3921   0.000       0.000      0.4036E-04   0.000     0.2378E-02-0.2418E-02  0.000      0.000      0.000      0.000       0.000       0.000       0.000       0.000       0.000       0.000    
    36000.   12.34564070   12.3912   0.000       0.000      0.3987E-04   0.000     0.2384E-02-0.2424E-02  0.000      0.000      0.000      0.000       0.000       0.000       0.000       0.000       0.000       0.000    
    39600.   12.34526893   12.3903   0.000       0.000      0.3940E-04   0.000     0.2390E-02-0.2430E-02  0.000      0.000      0.000      0.000       0.000       0.000       0.000       0.000       0.000       0.000    
    43200.   12.35848587   12.3906   0.000       0.000      0.2806E-04   0.000     0.2686E-02-0.2714E-02  0.000      0.000      0.000      0.000       0.000       0.000       0.000       0.000       0.000       0.000    
    46800.   12.36066942   12.3909   0.000       0.000      0.2645E-04   0.000     0.2656E-02-0.2682E-02  0.000      0.000      0.000      0.000       0.000       0.000       0.000       0.000       0.000       0.000    
    50400.   12.34787930   12.3901   0.000       0.000      0.3698E-04   0.000     0.2347E-02-0.2384E-02  0.000      0.000      0.000      0.000       0.000       0.000       0.000       0.000       0.000       0.000    
    54000.   12.35930217   12.3904   0.000       0.000      0.2725E-04   0.000     0.2661E-02-0.2688E-02  0.000      0.000      0.000      0.000       0.000       0.000       0.000       0.000       0.000       0.000    
    57600.   12.39495381   12.3936   0.000       0.000     -0.1149E-05   0.000     0.3366E-02-0.3364E-02  0.000      0.000      0.000      0.000       0.000       0.000       0.000       0.000       0.000       0.000    
    61200.   12.50428601   12.4055   0.000       0.000     -0.8641E-04   0.000     0.5435E-02-0.5348E-02  0.000      0.000      0.000      0.000       0.000       0.000       0.000       0.000       0.000       0.000    
    64800.   12.49952780   12.4156   0.000       0.000     -0.7343E-04   0.000     0.4524E-02-0.4450E-02  0.000      0.000      0.000      0.000       0.000       0.000       0.000       0.000       0.000       0.000    
    68400.   12.49854358   12.4248   0.000       0.000     -0.6450E-04   0.000     0.4230E-02-0.4165E-02  0.000      0.000      0.000      0.000       0.000       0.000       0.000       0.000       0.000       0.000    
    72000.   12.46779860   12.4308   0.000       0.000     -0.3235E-04   0.000     0.3420E-02-0.3388E-02  0.000      0.000      0.000      0.000       0.000       0.000       0.000       0.000       0.000       0.000    
    75600.   12.43732970   12.4340   0.000       0.000     -0.2880E-05   0.000     0.2858E-02-0.2855E-02  0.000      0.000      0.000      0.000       0.000       0.000       0.000       0.000       0.000       0.000    
    79200.   12.51411623   12.4436   0.000       0.000     -0.6170E-04   0.000     0.4660E-02-0.4598E-02  0.000      0.000      0.000      0.000       0.000       0.000       0.000       0.000       0.000       0.000    
    82800.   12.52823697   12.4533   0.000       0.000     -0.6554E-04   0.000     0.4476E-02-0.4410E-02  0.000      0.000      0.000      0.000       0.000       0.000       0.000       0.000       0.000       0.000    
    86400.   12.54232631   12.4634   0.000       0.000     -0.6902E-04   0.000     0.4487E-02-0.4418E-02  0.000      0.000      0.000      0.000       0.000       0.000       0.000       0.000       0.000       0.000    
    90000.   12.62374194   12.4795   0.000       0.000     -0.1262E-03   0.000     0.5966E-02-0.5840E-02  0.000      0.000      0.000      0.000       0.000       0.000       0.000       0.000       0.000       0.000    
    93600.   12.81309307   12.5099   0.000       0.000     -0.2653E-03   0.000     0.9303E-02-0.9038E-02  0.000      0.000      0.000      0.000       0.000       0.000       0.000       0.000       0.000       0.000    
    97200.   12.74664941   12.5315   0.000       0.000     -0.1882E-03   0.000     0.6344E-02-0.6156E-02  0.000      0.000      0.000      0.000       0.000       0.000       0.000       0.000       0.000       0.000    
   100800.   12.59893830   12.5395   0.000       0.000     -0.5197E-04   0.000     0.2999E-02-0.2947E-02  0.000      0.000      0.000      0.000       0.000       0.000       0.000       0.000       0.000       0.000    
   104400.   12.52931533   12.5420   0.000       0.000      0.1109E-04   0.000     0.2246E-02-0.2257E-02  0.000      0.000      0.000      0.000       0.000       0.000       0.000       0.000       0.000       0.000    
   108000.   12.50736717   12.5429   0.000       0.000      0.3113E-04   0.000     0.2357E-02-0.2388E-02  0.000      0.000      0.000      0.000       0.000       0.000       0.000       0.000       0.000       0.000    
   111600.   12.47369522   12.5413   0.000       0.000      0.5914E-04   0.000     0.1930E-02-0.1989E-02  0.000      0.000      0.000      0.000       0.000       0.000       0.000       0.000       0.000       0.000    
   115200.   12.44621078   12.5377   0.000       0.000      0.8003E-04   0.000     0.1650E-02-0.1730E-02  0.000      0.000      0.000      0.000       0.000       0.000       0.000       0.000       0.000       0.000    
   118800.   12.42632585   12.5329   0.000       0.000      0.9321E-04   0.000     0.1511E-02-0.1604E-02  0.000      0.000      0.000      0.000       0.000       0.000       0.000       0.000       0.000       0.000    
   122400.   12.43497530   12.5292   0.000       0.000      0.8247E-04   0.000     0.1937E-02-0.2020E-02  0.000      0.000      0.000      0.000       0.000       0.000       0.000       0.000       0.000       0.000    
   126000.   12.41493305   12.5242   0.000       0.000      0.9559E-04   0.000     0.1565E-02-0.1660E-02  0.000      0.000      0.000      0.000       0.000       0.000       0.000       0.000       0.000       0.000    
   129600.   12.46579763   12.5238   0.000       0.000      0.5074E-04   0.000     0.2827E-02-0.2878E-02  0.000      0.000      0.000      0.000       0.000       0.000       0.000       0.000       0.000       0.000    
   133200.   12.44041667   12.5211   0.000       0.000      0.7059E-04   0.000     0.2042E-02-0.2113E-02  0.000      0.000      0.000      0.000       0.000       0.000       0.000       0.000       0.000       0.000    
   136800.   12.43114819   12.5179   0.000       0.000      0.7588E-04   0.000     0.1957E-02-0.2033E-02  0.000      0.000      0.000      0.000       0.000       0.000       0.000       0.000       0.000       0.000    
   140400.   12.40885387   12.5131   0.000       0.000      0.9119E-04   0.000     0.1593E-02-0.1684E-02  0.000      0.000      0.000      0.000       0.000       0.000       0.000       0.000       0.000       0.000    
   144000.   12.40439238   12.5084   0.000       0.000      0.9097E-04   0.000     0.1699E-02-0.1790E-02  0.000      0.000      0.000      0.000       0.000       0.000       0.000       0.000       0.000       0.000    
   147600.   12.40241748   12.5038   0.000       0.000      0.8874E-04   0.000     0.1778E-02-0.1867E-02  0.000      0.000      0.000      0.000       0.000       0.000       0.000       0.000       0.000       0.000    
   151200.   12.40134603   12.4996   0.000       0.000      0.8593E-04   0.000     0.1839E-02-0.1924E-02  0.000      0.000      0.000      0.000       0.000       0.000       0.000       0.000       0.000       0.000    
   154800.   12.40064879   12.4955   0.000       0.000      0.8300E-04   0.000     0.1889E-02-0.1972E-02  0.000      0.000      0.000      0.000       0.000       0.000       0.000       0.000       0.000       0.000    
   158400.   12.41373299   12.4928   0.000       0.000      0.6920E-04   0.000     0.2224E-02-0.2293E-02  0.000      0.000      0.000      0.000       0.000       0.000       0.000       0.000       0.000       0.000    
   162000.   12.47041977   12.4950   0.000       0.000      0.2147E-04   0.000     0.3386E-02-0.3408E-02  0.000      0.000      0.000      0.000       0.000       0.000       0.000       0.000       0.000       0.000    
   165600.   12.46783982   12.4964   0.000       0.000      0.2502E-04   0.000     0.2968E-02-0.2993E-02  0.000      0.000      0.000      0.000       0.000       0.000       0.000       0.000       0.000       0.000    
   169200.   12.42273057   12.4940   0.000       0.000      0.6236E-04   0.000     0.1914E-02-0.1976E-02  0.000      0.000      0.000      0.000       0.000       0.000       0.000       0.000       0.000       0.000    
   172800.   12.40888736   12.4908   0.000       0.000      0.7165E-04   0.000     0.1873E-02-0.1945E-02  0.000      0.000      0.000      0.000       0.000       0.000       0.000       0.000       0.000       0.000    
