TOTIM (T)      HCON          HMAT      QDIR      QWELL        QMAT       QCADS      QTUB1      QTUB2      QTUB3      QTUB4      QTUB5      QTUB6       NSTOR        QFIX        QLH     FHLQ (LQ)        CAUCHY   CAUCHY (LQ)
     3600.   12.36574365   12.3795   0.000       0.000      0.1205E-04   0.000     0.2636E-02-0.2648E-02  0.000      0.000      0.000      0.000       0.000       0.000       0.000       0.000       0.000       0.000    
     7200.   12.35219339   12.3784   0.000       0.000      0.2293E-04   0.000     0.2377E-02-0.2400E-02  0.000      0.000      0.000      0.000       0.000       0.000       0.000       0.000       0.000       0.000    
    10800.   12.34966261   12.3772   0.000       0.000      0.2410E-04   0.000     0.2416E-02-0.2440E-02  0.000      0.000      0.000      0.000       0.000       0.000       0.000       0.000       0.000       0.000    
    14400.   12.34849995   12.3760   0.000       0.000      0.2409E-04   0.000     0.2439E-02-0.2463E-02  0.000      0.000      0.000      0.000       0.000       0.000       0.000       0.000       0.000       0.000    
    18000.   12.34777202   12.3749   0.000       0.000      0.2373E-04   0.000     0.2453E-02-0.2477E-02  0.000      0.000      0.000      0.000       0.000       0.000       0.000       0.000       0.000       0.000    
    21600.   12.34723299   12.3738   0.000       0.000      0.2324E-04   0.000     0.2463E-02-0.2487E-02  0.000      0.000      0.000      0.000       0.000       0.000       0.000       0.000       0.000       0.000    
    25200.   12.34678009   12.3727   0.000       0.000      0.2270E-04   0.000     0.2471E-02-0.2494E-02  0.000      0.000      0.000      0.000       0.000       0.000       0.000       0.000       0.000       0.000    
    28800.   12.34639311   12.3717   0.000       0.000      0.2215E-04   0.000     0.2477E-02-0.2499E-02  0.000      0.000      0.000      0.000       0.000       0.000       0.000       0.000       0.000       0.000    
    32400.   12.34601479   12.3707   0.000       0.000      0.2163E-04   0.000     0.2483E-02-0.2504E-02  0.000      0.000      0.000      0.000       0.000       0.000       0.000       0.000       0.000       0.000    
    36000.   12.34564052   12.3698   0.000       0.000      0.2113E-04   0.000     0.2488E-02-0.2509E-02  0.000      0.000      0.000      0.000       0.000       0.000       0.000       0.000       0.000       0.000    
    39600.   12.34526875   12.3689   0.000       0.000      0.2067E-04   0.000     0.2492E-02-0.2513E-02  0.000      0.000      0.000      0.000       0.000       0.000       0.000       0.000       0.000       0.000    
    43200.   12.35848567   12.3691   0.000       0.000      0.9324E-05   0.000     0.2754E-02-0.2763E-02  0.000      0.000      0.000      0.000       0.000       0.000       0.000       0.000       0.000       0.000    
    46800.   12.36066922   12.3695   0.000       0.000      0.7721E-05   0.000     0.2719E-02-0.2727E-02  0.000      0.000      0.000      0.000       0.000       0.000       0.000       0.000       0.000       0.000    
    50400.   12.34787913   12.3687   0.000       0.000      0.1825E-04   0.000     0.2442E-02-0.2460E-02  0.000      0.000      0.000      0.000       0.000       0.000       0.000       0.000       0.000       0.000    
    54000.   12.35930197   12.3690   0.000       0.000      0.8516E-05   0.000     0.2727E-02-0.2735E-02  0.000      0.000      0.000      0.000       0.000       0.000       0.000       0.000       0.000       0.000    
    57600.   12.39495356   12.3722   0.000       0.000     -0.1988E-04   0.000     0.3346E-02-0.3326E-02  0.000      0.000      0.000      0.000       0.000       0.000       0.000       0.000       0.000       0.000    
    61200.   12.50428563   12.3841   0.000       0.000     -0.1051E-03   0.000     0.5159E-02-0.5054E-02  0.000      0.000      0.000      0.000       0.000       0.000       0.000       0.000       0.000       0.000    
    64800.   12.49952747   12.3942   0.000       0.000     -0.9216E-04   0.000     0.4287E-02-0.4195E-02  0.000      0.000      0.000      0.000       0.000       0.000       0.000       0.000       0.000       0.000    
    68400.   12.49854327   12.4034   0.000       0.000     -0.8324E-04   0.000     0.4020E-02-0.3937E-02  0.000      0.000      0.000      0.000       0.000       0.000       0.000       0.000       0.000       0.000    
    72000.   12.46779835   12.4094   0.000       0.000     -0.5108E-04   0.000     0.3307E-02-0.3256E-02  0.000      0.000      0.000      0.000       0.000       0.000       0.000       0.000       0.000       0.000    
    75600.   12.43732949   12.4126   0.000       0.000     -0.2161E-04   0.000     0.2833E-02-0.2811E-02  0.000      0.000      0.000      0.000       0.000       0.000       0.000       0.000       0.000       0.000    
    79200.   12.51411589   12.4222   0.000       0.000     -0.8043E-04   0.000     0.4459E-02-0.4378E-02  0.000      0.000      0.000      0.000       0.000       0.000       0.000       0.000       0.000       0.000    
    82800.   12.52823665   12.4319   0.000       0.000     -0.8427E-04   0.000     0.4263E-02-0.4178E-02  0.000      0.000      0.000      0.000       0.000       0.000       0.000       0.000       0.000       0.000    
    86400.   12.54232599   12.4420   0.000       0.000     -0.8776E-04   0.000     0.4264E-02-0.4176E-02  0.000      0.000      0.000      0.000       0.000       0.000       0.000       0.000       0.000       0.000    
    90000.   12.62374152   12.4581   0.000       0.000     -0.1449E-03   0.000     0.5571E-02-0.5427E-02  0.000      0.000      0.000      0.000       0.000       0.000       0.000       0.000       0.000       0.000    
    93600.   12.81308758   12.4884   0.000       0.000     -0.2841E-03   0.000     0.8491E-02-0.8207E-02  0.000      0.000      0.000      0.000       0.000       0.000       0.000       0.000       0.000       0.000    
    97200.   12.74664684   12.5101   0.000       0.000     -0.2070E-03   0.000     0.5763E-02-0.5556E-02  0.000      0.000      0.000      0.000       0.000       0.000       0.000       0.000       0.000       0.000    
   100800.   12.59893768   12.5181   0.000       0.000     -0.7071E-04   0.000     0.2827E-02-0.2756E-02  0.000      0.000      0.000      0.000       0.000       0.000       0.000       0.000       0.000       0.000    
   104400.   12.52931494   12.5206   0.000       0.000     -0.7663E-05   0.000     0.2263E-02-0.2256E-02  0.000      0.000      0.000      0.000       0.000       0.000       0.000       0.000       0.000       0.000    
   108000.   12.50736673   12.5215   0.000       0.000      0.1238E-04   0.000     0.2434E-02-0.2447E-02  0.000      0.000      0.000      0.000       0.000       0.000       0.000       0.000       0.000       0.000    
   111600.   12.47369489   12.5198   0.000       0.000      0.4038E-04   0.000     0.2091E-02-0.2131E-02  0.000      0.000      0.000      0.000       0.000       0.000       0.000       0.000       0.000       0.000    
   115200.   12.44621053   12.5162   0.000       0.000      0.6127E-04   0.000     0.1874E-02-0.1935E-02  0.000      0.000      0.000      0.000       0.000       0.000       0.000       0.000       0.000       0.000    
   118800.   12.42632562   12.5114   0.000       0.000      0.7445E-04   0.000     0.1774E-02-0.1849E-02  0.000      0.000      0.000      0.000       0.000       0.000       0.000       0.000       0.000       0.000    
   122400.   12.43497496   12.5078   0.000       0.000      0.6371E-04   0.000     0.2168E-02-0.2232E-02  0.000      0.000      0.000      0.000       0.000       0.000       0.000       0.000       0.000       0.000    
   126000.   12.41493281   12.5027   0.000       0.000      0.7682E-04   0.000     0.1835E-02-0.1912E-02  0.000      0.000      0.000      0.000       0.000       0.000       0.000       0.000       0.000       0.000    
   129600.   12.46579699   12.5023   0.000       0.000      0.3197E-04   0.000     0.2962E-02-0.2994E-02  0.000      0.000      0.000      0.000       0.000       0.000       0.000       0.000       0.000       0.000    
   133200.   12.44041631   12.4996   0.000       0.000      0.5181E-04   0.000     0.2237E-02-0.2289E-02  0.000      0.000      0.000      0.000       0.000       0.000       0.000       0.000       0.000       0.000    
   136800.   12.43114785   12.4964   0.000       0.000      0.5711E-04   0.000     0.2168E-02-0.2225E-02  0.000      0.000      0.000      0.000       0.000       0.000       0.000       0.000       0.000       0.000    
   140400.   12.40885362   12.4916   0.000       0.000      0.7241E-04   0.000     0.1850E-02-0.1922E-02  0.000      0.000      0.000      0.000       0.000       0.000       0.000       0.000       0.000       0.000    
   144000.   12.40439210   12.4869   0.000       0.000      0.7219E-04   0.000     0.1956E-02-0.2028E-02  0.000      0.000      0.000      0.000       0.000       0.000       0.000       0.000       0.000       0.000    
   147600.   12.40241718   12.4824   0.000       0.000      0.6996E-04   0.000     0.2028E-02-0.2098E-02  0.000      0.000      0.000      0.000       0.000       0.000       0.000       0.000       0.000       0.000    
   151200.   12.40134571   12.4781   0.000       0.000      0.6714E-04   0.000     0.2080E-02-0.2147E-02  0.000      0.000      0.000      0.000       0.000       0.000       0.000       0.000       0.000       0.000    
   154800.   12.40064847   12.4740   0.000       0.000      0.6421E-04   0.000     0.2122E-02-0.2186E-02  0.000      0.000      0.000      0.000       0.000       0.000       0.000       0.000       0.000       0.000    
   158400.   12.41373256   12.4713   0.000       0.000      0.5041E-04   0.000     0.2415E-02-0.2465E-02  0.000      0.000      0.000      0.000       0.000       0.000       0.000       0.000       0.000       0.000    
   162000.   12.47041890   12.4735   0.000       0.000      0.2679E-05   0.000     0.3434E-02-0.3437E-02  0.000      0.000      0.000      0.000       0.000       0.000       0.000       0.000       0.000       0.000    
   165600.   12.46783914   12.4749   0.000       0.000      0.6219E-05   0.000     0.3027E-02-0.3033E-02  0.000      0.000      0.000      0.000       0.000       0.000       0.000       0.000       0.000       0.000    
   169200.   12.42273025   12.4725   0.000       0.000      0.4356E-04   0.000     0.2084E-02-0.2128E-02  0.000      0.000      0.000      0.000       0.000       0.000       0.000       0.000       0.000       0.000    
   172800.   12.40888705   12.4693   0.000       0.000      0.5285E-04   0.000     0.2071E-02-0.2124E-02  0.000      0.000      0.000      0.000       0.000       0.000       0.000       0.000       0.000       0.000    
