TOTIM (T)      HCON          HMAT      QDIR      QWELL        QMAT       QCADS      QTUB1      QTUB2      QTUB3      QTUB4      QTUB5      QTUB6       NSTOR        QFIX        QLH     FHLQ (LQ)        CAUCHY   CAUCHY (LQ)
     3600.   12.36574434   12.4104   0.000       0.000      0.3905E-04   0.000     0.2419E-02-0.2458E-02  0.000      0.000      0.000      0.000       0.000       0.000       0.000       0.000       0.000       0.000    
     7200.   12.35219402   12.4093   0.000       0.000      0.4993E-04   0.000     0.2125E-02-0.2175E-02  0.000      0.000      0.000      0.000       0.000       0.000       0.000       0.000       0.000       0.000    
    10800.   12.34966325   12.4081   0.000       0.000      0.5111E-04   0.000     0.2144E-02-0.2195E-02  0.000      0.000      0.000      0.000       0.000       0.000       0.000       0.000       0.000       0.000    
    14400.   12.34850059   12.4069   0.000       0.000      0.5110E-04   0.000     0.2166E-02-0.2217E-02  0.000      0.000      0.000      0.000       0.000       0.000       0.000       0.000       0.000       0.000    
    18000.   12.34777267   12.4058   0.000       0.000      0.5074E-04   0.000     0.2182E-02-0.2233E-02  0.000      0.000      0.000      0.000       0.000       0.000       0.000       0.000       0.000       0.000    
    21600.   12.34723364   12.4047   0.000       0.000      0.5024E-04   0.000     0.2195E-02-0.2246E-02  0.000      0.000      0.000      0.000       0.000       0.000       0.000       0.000       0.000       0.000    
    25200.   12.34678074   12.4036   0.000       0.000      0.4971E-04   0.000     0.2207E-02-0.2256E-02  0.000      0.000      0.000      0.000       0.000       0.000       0.000       0.000       0.000       0.000    
    28800.   12.34639376   12.4026   0.000       0.000      0.4916E-04   0.000     0.2216E-02-0.2265E-02  0.000      0.000      0.000      0.000       0.000       0.000       0.000       0.000       0.000       0.000    
    32400.   12.34601544   12.4016   0.000       0.000      0.4863E-04   0.000     0.2225E-02-0.2273E-02  0.000      0.000      0.000      0.000       0.000       0.000       0.000       0.000       0.000       0.000    
    36000.   12.34564118   12.4007   0.000       0.000      0.4814E-04   0.000     0.2233E-02-0.2281E-02  0.000      0.000      0.000      0.000       0.000       0.000       0.000       0.000       0.000       0.000    
    39600.   12.34526941   12.3998   0.000       0.000      0.4767E-04   0.000     0.2241E-02-0.2288E-02  0.000      0.000      0.000      0.000       0.000       0.000       0.000       0.000       0.000       0.000    
    43200.   12.35848638   12.4000   0.000       0.000      0.3633E-04   0.000     0.2542E-02-0.2578E-02  0.000      0.000      0.000      0.000       0.000       0.000       0.000       0.000       0.000       0.000    
    46800.   12.36066993   12.4004   0.000       0.000      0.3472E-04   0.000     0.2529E-02-0.2564E-02  0.000      0.000      0.000      0.000       0.000       0.000       0.000       0.000       0.000       0.000    
    50400.   12.34787978   12.3996   0.000       0.000      0.4525E-04   0.000     0.2219E-02-0.2264E-02  0.000      0.000      0.000      0.000       0.000       0.000       0.000       0.000       0.000       0.000    
    54000.   12.35930268   12.3999   0.000       0.000      0.3552E-04   0.000     0.2522E-02-0.2557E-02  0.000      0.000      0.000      0.000       0.000       0.000       0.000       0.000       0.000       0.000    
    57600.   12.39495440   12.4031   0.000       0.000      0.7120E-05   0.000     0.3250E-02-0.3257E-02  0.000      0.000      0.000      0.000       0.000       0.000       0.000       0.000       0.000       0.000    
    61200.   12.50429810   12.4150   0.000       0.000     -0.7815E-04   0.000     0.5385E-02-0.5307E-02  0.000      0.000      0.000      0.000       0.000       0.000       0.000       0.000       0.000       0.000    
    64800.   12.49953628   12.4251   0.000       0.000     -0.6516E-04   0.000     0.4589E-02-0.4524E-02  0.000      0.000      0.000      0.000       0.000       0.000       0.000       0.000       0.000       0.000    
    68400.   12.49855094   12.4343   0.000       0.000     -0.5624E-04   0.000     0.4266E-02-0.4210E-02  0.000      0.000      0.000      0.000       0.000       0.000       0.000       0.000       0.000       0.000    
    72000.   12.46780386   12.4403   0.000       0.000     -0.2408E-04   0.000     0.3428E-02-0.3404E-02  0.000      0.000      0.000      0.000       0.000       0.000       0.000       0.000       0.000       0.000    
    75600.   12.43733384   12.4435   0.000       0.000      0.5387E-05   0.000     0.2806E-02-0.2811E-02  0.000      0.000      0.000      0.000       0.000       0.000       0.000       0.000       0.000       0.000    
    79200.   12.51412530   12.4531   0.000       0.000     -0.5344E-04   0.000     0.4582E-02-0.4528E-02  0.000      0.000      0.000      0.000       0.000       0.000       0.000       0.000       0.000       0.000    
    82800.   12.52824533   12.4628   0.000       0.000     -0.5727E-04   0.000     0.4479E-02-0.4422E-02  0.000      0.000      0.000      0.000       0.000       0.000       0.000       0.000       0.000       0.000    
    86400.   12.54233452   12.4729   0.000       0.000     -0.6075E-04   0.000     0.4489E-02-0.4429E-02  0.000      0.000      0.000      0.000       0.000       0.000       0.000       0.000       0.000       0.000    
    90000.   12.62375501   12.4890   0.000       0.000     -0.1179E-03   0.000     0.5985E-02-0.5867E-02  0.000      0.000      0.000      0.000       0.000       0.000       0.000       0.000       0.000       0.000    
    93600.   12.81311668   12.5193   0.000       0.000     -0.2571E-03   0.000     0.9439E-02-0.9182E-02  0.000      0.000      0.000      0.000       0.000       0.000       0.000       0.000       0.000       0.000    
    97200.   12.74666077   12.5410   0.000       0.000     -0.1800E-03   0.000     0.6642E-02-0.6462E-02  0.000      0.000      0.000      0.000       0.000       0.000       0.000       0.000       0.000       0.000    
   100800.   12.59894015   12.5490   0.000       0.000     -0.4369E-04   0.000     0.3126E-02-0.3082E-02  0.000      0.000      0.000      0.000       0.000       0.000       0.000       0.000       0.000       0.000    
   104400.   12.52931647   12.5515   0.000       0.000      0.1937E-04   0.000     0.2147E-02-0.2166E-02  0.000      0.000      0.000      0.000       0.000       0.000       0.000       0.000       0.000       0.000    
   108000.   12.50736862   12.5524   0.000       0.000      0.3942E-04   0.000     0.2157E-02-0.2196E-02  0.000      0.000      0.000      0.000       0.000       0.000       0.000       0.000       0.000       0.000    
   111600.   12.47369654   12.5507   0.000       0.000      0.6742E-04   0.000     0.1688E-02-0.1756E-02  0.000      0.000      0.000      0.000       0.000       0.000       0.000       0.000       0.000       0.000    
   115200.   12.44621202   12.5471   0.000       0.000      0.8832E-04   0.000     0.1357E-02-0.1445E-02  0.000      0.000      0.000      0.000       0.000       0.000       0.000       0.000       0.000       0.000    
   118800.   12.42632707   12.5423   0.000       0.000      0.1015E-03   0.000     0.1180E-02-0.1282E-02  0.000      0.000      0.000      0.000       0.000       0.000       0.000       0.000       0.000       0.000    
   122400.   12.43497685   12.5387   0.000       0.000      0.9076E-04   0.000     0.1589E-02-0.1679E-02  0.000      0.000      0.000      0.000       0.000       0.000       0.000       0.000       0.000       0.000    
   126000.   12.41493437   12.5337   0.000       0.000      0.1039E-03   0.000     0.1225E-02-0.1329E-02  0.000      0.000      0.000      0.000       0.000       0.000       0.000       0.000       0.000       0.000    
   129600.   12.46579985   12.5333   0.000       0.000      0.5904E-04   0.000     0.2481E-02-0.2540E-02  0.000      0.000      0.000      0.000       0.000       0.000       0.000       0.000       0.000       0.000    
   133200.   12.44041828   12.5306   0.000       0.000      0.7888E-04   0.000     0.1753E-02-0.1832E-02  0.000      0.000      0.000      0.000       0.000       0.000       0.000       0.000       0.000       0.000    
   136800.   12.43114971   12.5274   0.000       0.000      0.8418E-04   0.000     0.1636E-02-0.1720E-02  0.000      0.000      0.000      0.000       0.000       0.000       0.000       0.000       0.000       0.000    
   140400.   12.40885516   12.5226   0.000       0.000      0.9950E-04   0.000     0.1259E-02-0.1358E-02  0.000      0.000      0.000      0.000       0.000       0.000       0.000       0.000       0.000       0.000    
   144000.   12.40439376   12.5178   0.000       0.000      0.9927E-04   0.000     0.1345E-02-0.1444E-02  0.000      0.000      0.000      0.000       0.000       0.000       0.000       0.000       0.000       0.000    
   147600.   12.40241893   12.5133   0.000       0.000      0.9705E-04   0.000     0.1426E-02-0.1523E-02  0.000      0.000      0.000      0.000       0.000       0.000       0.000       0.000       0.000       0.000    
   151200.   12.40134752   12.5091   0.000       0.000      0.9424E-04   0.000     0.1493E-02-0.1587E-02  0.000      0.000      0.000      0.000       0.000       0.000       0.000       0.000       0.000       0.000    
   154800.   12.40065032   12.5050   0.000       0.000      0.9131E-04   0.000     0.1551E-02-0.1642E-02  0.000      0.000      0.000      0.000       0.000       0.000       0.000       0.000       0.000       0.000    
   158400.   12.41373474   12.5023   0.000       0.000      0.7752E-04   0.000     0.1897E-02-0.1975E-02  0.000      0.000      0.000      0.000       0.000       0.000       0.000       0.000       0.000       0.000    
   162000.   12.47042238   12.5045   0.000       0.000      0.2979E-04   0.000     0.3097E-02-0.3127E-02  0.000      0.000      0.000      0.000       0.000       0.000       0.000       0.000       0.000       0.000    
   165600.   12.46784200   12.5059   0.000       0.000      0.3333E-04   0.000     0.2748E-02-0.2782E-02  0.000      0.000      0.000      0.000       0.000       0.000       0.000       0.000       0.000       0.000    
   169200.   12.42273195   12.5035   0.000       0.000      0.7068E-04   0.000     0.1677E-02-0.1748E-02  0.000      0.000      0.000      0.000       0.000       0.000       0.000       0.000       0.000       0.000    
   172800.   12.40888875   12.5003   0.000       0.000      0.7998E-04   0.000     0.1581E-02-0.1661E-02  0.000      0.000      0.000      0.000       0.000       0.000       0.000       0.000       0.000       0.000    
