TOTIM (T)      HCON          HMAT      QDIR      QWELL        QMAT       QCADS      QTUB1      QTUB2      QTUB3      QTUB4      QTUB5      QTUB6       NSTOR        QFIX        QLH     FHLQ (LQ)        CAUCHY   CAUCHY (LQ)
     3600.   12.36574428   12.3905   0.000       0.000      0.2164E-04   0.000     0.2458E-02-0.2480E-02  0.000      0.000      0.000      0.000       0.000       0.000       0.000       0.000       0.000       0.000    
     7200.   12.35219397   12.3894   0.000       0.000      0.3251E-04   0.000     0.2175E-02-0.2207E-02  0.000      0.000      0.000      0.000       0.000       0.000       0.000       0.000       0.000       0.000    
    10800.   12.34966320   12.3882   0.000       0.000      0.3369E-04   0.000     0.2195E-02-0.2229E-02  0.000      0.000      0.000      0.000       0.000       0.000       0.000       0.000       0.000       0.000    
    14400.   12.34850054   12.3870   0.000       0.000      0.3368E-04   0.000     0.2217E-02-0.2251E-02  0.000      0.000      0.000      0.000       0.000       0.000       0.000       0.000       0.000       0.000    
    18000.   12.34777261   12.3858   0.000       0.000      0.3332E-04   0.000     0.2233E-02-0.2267E-02  0.000      0.000      0.000      0.000       0.000       0.000       0.000       0.000       0.000       0.000    
    21600.   12.34723359   12.3847   0.000       0.000      0.3282E-04   0.000     0.2246E-02-0.2279E-02  0.000      0.000      0.000      0.000       0.000       0.000       0.000       0.000       0.000       0.000    
    25200.   12.34678069   12.3837   0.000       0.000      0.3229E-04   0.000     0.2256E-02-0.2289E-02  0.000      0.000      0.000      0.000       0.000       0.000       0.000       0.000       0.000       0.000    
    28800.   12.34639371   12.3827   0.000       0.000      0.3174E-04   0.000     0.2265E-02-0.2297E-02  0.000      0.000      0.000      0.000       0.000       0.000       0.000       0.000       0.000       0.000    
    32400.   12.34601539   12.3817   0.000       0.000      0.3121E-04   0.000     0.2273E-02-0.2305E-02  0.000      0.000      0.000      0.000       0.000       0.000       0.000       0.000       0.000       0.000    
    36000.   12.34564112   12.3807   0.000       0.000      0.3072E-04   0.000     0.2281E-02-0.2312E-02  0.000      0.000      0.000      0.000       0.000       0.000       0.000       0.000       0.000       0.000    
    39600.   12.34526935   12.3798   0.000       0.000      0.3025E-04   0.000     0.2288E-02-0.2318E-02  0.000      0.000      0.000      0.000       0.000       0.000       0.000       0.000       0.000       0.000    
    43200.   12.35848632   12.3801   0.000       0.000      0.1891E-04   0.000     0.2578E-02-0.2597E-02  0.000      0.000      0.000      0.000       0.000       0.000       0.000       0.000       0.000       0.000    
    46800.   12.36066987   12.3804   0.000       0.000      0.1730E-04   0.000     0.2564E-02-0.2581E-02  0.000      0.000      0.000      0.000       0.000       0.000       0.000       0.000       0.000       0.000    
    50400.   12.34787972   12.3797   0.000       0.000      0.2783E-04   0.000     0.2264E-02-0.2292E-02  0.000      0.000      0.000      0.000       0.000       0.000       0.000       0.000       0.000       0.000    
    54000.   12.35930262   12.3800   0.000       0.000      0.1810E-04   0.000     0.2557E-02-0.2575E-02  0.000      0.000      0.000      0.000       0.000       0.000       0.000       0.000       0.000       0.000    
    57600.   12.39495432   12.3832   0.000       0.000     -0.1030E-04   0.000     0.3257E-02-0.3246E-02  0.000      0.000      0.000      0.000       0.000       0.000       0.000       0.000       0.000       0.000    
    61200.   12.50429797   12.3951   0.000       0.000     -0.9557E-04   0.000     0.5307E-02-0.5212E-02  0.000      0.000      0.000      0.000       0.000       0.000       0.000       0.000       0.000       0.000    
    64800.   12.49953617   12.4052   0.000       0.000     -0.8258E-04   0.000     0.4524E-02-0.4441E-02  0.000      0.000      0.000      0.000       0.000       0.000       0.000       0.000       0.000       0.000    
    68400.   12.49855084   12.4144   0.000       0.000     -0.7366E-04   0.000     0.4210E-02-0.4136E-02  0.000      0.000      0.000      0.000       0.000       0.000       0.000       0.000       0.000       0.000    
    72000.   12.46780378   12.4204   0.000       0.000     -0.4150E-04   0.000     0.3404E-02-0.3363E-02  0.000      0.000      0.000      0.000       0.000       0.000       0.000       0.000       0.000       0.000    
    75600.   12.43733377   12.4236   0.000       0.000     -0.1203E-04   0.000     0.2811E-02-0.2799E-02  0.000      0.000      0.000      0.000       0.000       0.000       0.000       0.000       0.000       0.000    
    79200.   12.51412519   12.4331   0.000       0.000     -0.7086E-04   0.000     0.4528E-02-0.4457E-02  0.000      0.000      0.000      0.000       0.000       0.000       0.000       0.000       0.000       0.000    
    82800.   12.52824522   12.4429   0.000       0.000     -0.7469E-04   0.000     0.4422E-02-0.4347E-02  0.000      0.000      0.000      0.000       0.000       0.000       0.000       0.000       0.000       0.000    
    86400.   12.54233441   12.4530   0.000       0.000     -0.7817E-04   0.000     0.4429E-02-0.4351E-02  0.000      0.000      0.000      0.000       0.000       0.000       0.000       0.000       0.000       0.000    
    90000.   12.62375487   12.4691   0.000       0.000     -0.1353E-03   0.000     0.5867E-02-0.5731E-02  0.000      0.000      0.000      0.000       0.000       0.000       0.000       0.000       0.000       0.000    
    93600.   12.81311467   12.4994   0.000       0.000     -0.2745E-03   0.000     0.9182E-02-0.8908E-02  0.000      0.000      0.000      0.000       0.000       0.000       0.000       0.000       0.000       0.000    
    97200.   12.74665977   12.5211   0.000       0.000     -0.1974E-03   0.000     0.6462E-02-0.6265E-02  0.000      0.000      0.000      0.000       0.000       0.000       0.000       0.000       0.000       0.000    
   100800.   12.59894007   12.5291   0.000       0.000     -0.6111E-04   0.000     0.3082E-02-0.3021E-02  0.000      0.000      0.000      0.000       0.000       0.000       0.000       0.000       0.000       0.000    
   104400.   12.52931642   12.5315   0.000       0.000      0.1945E-05   0.000     0.2166E-02-0.2168E-02  0.000      0.000      0.000      0.000       0.000       0.000       0.000       0.000       0.000       0.000    
   108000.   12.50736856   12.5325   0.000       0.000      0.2199E-04   0.000     0.2196E-02-0.2218E-02  0.000      0.000      0.000      0.000       0.000       0.000       0.000       0.000       0.000       0.000    
   111600.   12.47369650   12.5308   0.000       0.000      0.5000E-04   0.000     0.1756E-02-0.1806E-02  0.000      0.000      0.000      0.000       0.000       0.000       0.000       0.000       0.000       0.000    
   115200.   12.44621199   12.5272   0.000       0.000      0.7090E-04   0.000     0.1445E-02-0.1516E-02  0.000      0.000      0.000      0.000       0.000       0.000       0.000       0.000       0.000       0.000    
   118800.   12.42632704   12.5224   0.000       0.000      0.8408E-04   0.000     0.1282E-02-0.1366E-02  0.000      0.000      0.000      0.000       0.000       0.000       0.000       0.000       0.000       0.000    
   122400.   12.43497681   12.5188   0.000       0.000      0.7335E-04   0.000     0.1679E-02-0.1753E-02  0.000      0.000      0.000      0.000       0.000       0.000       0.000       0.000       0.000       0.000    
   126000.   12.41493434   12.5137   0.000       0.000      0.8646E-04   0.000     0.1329E-02-0.1416E-02  0.000      0.000      0.000      0.000       0.000       0.000       0.000       0.000       0.000       0.000    
   129600.   12.46579979   12.5134   0.000       0.000      0.4163E-04   0.000     0.2540E-02-0.2582E-02  0.000      0.000      0.000      0.000       0.000       0.000       0.000       0.000       0.000       0.000    
   133200.   12.44041823   12.5107   0.000       0.000      0.6147E-04   0.000     0.1832E-02-0.1894E-02  0.000      0.000      0.000      0.000       0.000       0.000       0.000       0.000       0.000       0.000    
   136800.   12.43114966   12.5075   0.000       0.000      0.6678E-04   0.000     0.1720E-02-0.1787E-02  0.000      0.000      0.000      0.000       0.000       0.000       0.000       0.000       0.000       0.000    
   140400.   12.40885512   12.5027   0.000       0.000      0.8209E-04   0.000     0.1358E-02-0.1441E-02  0.000      0.000      0.000      0.000       0.000       0.000       0.000       0.000       0.000       0.000    
   144000.   12.40439373   12.4980   0.000       0.000      0.8188E-04   0.000     0.1444E-02-0.1526E-02  0.000      0.000      0.000      0.000       0.000       0.000       0.000       0.000       0.000       0.000    
   147600.   12.40241889   12.4935   0.000       0.000      0.7966E-04   0.000     0.1523E-02-0.1603E-02  0.000      0.000      0.000      0.000       0.000       0.000       0.000       0.000       0.000       0.000    
   151200.   12.40134748   12.4892   0.000       0.000      0.7685E-04   0.000     0.1587E-02-0.1664E-02  0.000      0.000      0.000      0.000       0.000       0.000       0.000       0.000       0.000       0.000    
   154800.   12.40065028   12.4851   0.000       0.000      0.7393E-04   0.000     0.1642E-02-0.1716E-02  0.000      0.000      0.000      0.000       0.000       0.000       0.000       0.000       0.000       0.000    
   158400.   12.41373469   12.4825   0.000       0.000      0.6014E-04   0.000     0.1975E-02-0.2035E-02  0.000      0.000      0.000      0.000       0.000       0.000       0.000       0.000       0.000       0.000    
   162000.   12.47042230   12.4846   0.000       0.000      0.1242E-04   0.000     0.3127E-02-0.3140E-02  0.000      0.000      0.000      0.000       0.000       0.000       0.000       0.000       0.000       0.000    
   165600.   12.46784194   12.4861   0.000       0.000      0.1597E-04   0.000     0.2782E-02-0.2798E-02  0.000      0.000      0.000      0.000       0.000       0.000       0.000       0.000       0.000       0.000    
   169200.   12.42273191   12.4837   0.000       0.000      0.5332E-04   0.000     0.1748E-02-0.1801E-02  0.000      0.000      0.000      0.000       0.000       0.000       0.000       0.000       0.000       0.000    
   172800.   12.40888871   12.4805   0.000       0.000      0.6263E-04   0.000     0.1661E-02-0.1724E-02  0.000      0.000      0.000      0.000       0.000       0.000       0.000       0.000       0.000       0.000    
