TOTIM (T)      HCON          HMAT      QDIR      QWELL        QMAT       QCADS      QTUB1      QTUB2      QTUB3      QTUB4      QTUB5      QTUB6       NSTOR        QFIX        QLH     FHLQ (LQ)        CAUCHY   CAUCHY (LQ)
     3600.   12.36574507   12.4380   0.000       0.000      0.6325E-04   0.000     0.9844E-03-0.1048E-02  0.000      0.000      0.000      0.000       0.000       0.000       0.000       0.000       0.000       0.000    
     7200.   12.35219461   12.4371   0.000       0.000      0.7431E-04   0.000     0.5156E-03-0.5899E-03  0.000      0.000      0.000      0.000       0.000       0.000       0.000       0.000       0.000       0.000    
    10800.   12.34966384   12.4363   0.000       0.000      0.7582E-04   0.000     0.5157E-03-0.5916E-03  0.000      0.000      0.000      0.000       0.000       0.000       0.000       0.000       0.000       0.000    
    14400.   12.34850119   12.4357   0.000       0.000      0.7627E-04   0.000     0.5375E-03-0.6138E-03  0.000      0.000      0.000      0.000       0.000       0.000       0.000       0.000       0.000       0.000    
    18000.   12.34777327   12.4352   0.000       0.000      0.7648E-04   0.000     0.5590E-03-0.6355E-03  0.000      0.000      0.000      0.000       0.000       0.000       0.000       0.000       0.000       0.000    
    21600.   12.34723425   12.4348   0.000       0.000      0.7664E-04   0.000     0.5792E-03-0.6559E-03  0.000      0.000      0.000      0.000       0.000       0.000       0.000       0.000       0.000       0.000    
    25200.   12.34678136   12.4346   0.000       0.000      0.7684E-04   0.000     0.5980E-03-0.6749E-03  0.000      0.000      0.000      0.000       0.000       0.000       0.000       0.000       0.000       0.000    
    28800.   12.34639439   12.4345   0.000       0.000      0.7708E-04   0.000     0.6154E-03-0.6925E-03  0.000      0.000      0.000      0.000       0.000       0.000       0.000       0.000       0.000       0.000    
    32400.   12.34601607   12.4345   0.000       0.000      0.7739E-04   0.000     0.6317E-03-0.7091E-03  0.000      0.000      0.000      0.000       0.000       0.000       0.000       0.000       0.000       0.000    
    36000.   12.34564181   12.4345   0.000       0.000      0.7777E-04   0.000     0.6469E-03-0.7247E-03  0.000      0.000      0.000      0.000       0.000       0.000       0.000       0.000       0.000       0.000    
    39600.   12.34527004   12.4346   0.000       0.000      0.7819E-04   0.000     0.6610E-03-0.7392E-03  0.000      0.000      0.000      0.000       0.000       0.000       0.000       0.000       0.000       0.000    
    43200.   12.35848717   12.4357   0.000       0.000      0.6758E-04   0.000     0.1143E-02-0.1210E-02  0.000      0.000      0.000      0.000       0.000       0.000       0.000       0.000       0.000       0.000    
    46800.   12.36067072   12.4367   0.000       0.000      0.6656E-04   0.000     0.1155E-02-0.1221E-02  0.000      0.000      0.000      0.000       0.000       0.000       0.000       0.000       0.000       0.000    
    50400.   12.34788041   12.4367   0.000       0.000      0.7772E-04   0.000     0.6761E-03-0.7538E-03  0.000      0.000      0.000      0.000       0.000       0.000       0.000       0.000       0.000       0.000    
    54000.   12.35930346   12.4376   0.000       0.000      0.6849E-04   0.000     0.1134E-02-0.1202E-02  0.000      0.000      0.000      0.000       0.000       0.000       0.000       0.000       0.000       0.000    
    57600.   12.39495556   12.4407   0.000       0.000      0.4001E-04   0.000     0.2316E-02-0.2356E-02  0.000      0.000      0.000      0.000       0.000       0.000       0.000       0.000       0.000       0.000    
    61200.   12.50430036   12.4504   0.000       0.000     -0.4716E-04   0.000     0.5818E-02-0.5771E-02  0.000      0.000      0.000      0.000       0.000       0.000       0.000       0.000       0.000       0.000    
    64800.   12.49953818   12.4570   0.000       0.000     -0.3723E-04   0.000     0.4817E-02-0.4779E-02  0.000      0.000      0.000      0.000       0.000       0.000       0.000       0.000       0.000       0.000    
    68400.   12.49855269   12.4617   0.000       0.000     -0.3222E-04   0.000     0.4355E-02-0.4323E-02  0.000      0.000      0.000      0.000       0.000       0.000       0.000       0.000       0.000       0.000    
    72000.   12.46780518   12.4629   0.000       0.000     -0.4264E-05   0.000     0.3007E-02-0.3003E-02  0.000      0.000      0.000      0.000       0.000       0.000       0.000       0.000       0.000       0.000    
    75600.   12.43733482   12.4615   0.000       0.000      0.2113E-04   0.000     0.1917E-02-0.1939E-02  0.000      0.000      0.000      0.000       0.000       0.000       0.000       0.000       0.000       0.000    
    79200.   12.51412716   12.4654   0.000       0.000     -0.4263E-04   0.000     0.4639E-02-0.4597E-02  0.000      0.000      0.000      0.000       0.000       0.000       0.000       0.000       0.000       0.000    
    82800.   12.52824716   12.4687   0.000       0.000     -0.5210E-04   0.000     0.4604E-02-0.4552E-02  0.000      0.000      0.000      0.000       0.000       0.000       0.000       0.000       0.000       0.000    
    86400.   12.54233637   12.4717   0.000       0.000     -0.6182E-04   0.000     0.4677E-02-0.4615E-02  0.000      0.000      0.000      0.000       0.000       0.000       0.000       0.000       0.000       0.000    
    90000.   12.62375762   12.4792   0.000       0.000     -0.1265E-03   0.000     0.7094E-02-0.6968E-02  0.000      0.000      0.000      0.000       0.000       0.000       0.000       0.000       0.000       0.000    
    93600.   12.81316369   12.4977   0.000       0.000     -0.2760E-03   0.000     0.1279E-01-0.1251E-01  0.000      0.000      0.000      0.000       0.000       0.000       0.000       0.000       0.000       0.000    
    97200.   12.74668372   12.5065   0.000       0.000     -0.2102E-03   0.000     0.8768E-02-0.8558E-02  0.000      0.000      0.000      0.000       0.000       0.000       0.000       0.000       0.000       0.000    
   100800.   12.59894295   12.5024   0.000       0.000     -0.8451E-04   0.000     0.3082E-02-0.2998E-02  0.000      0.000      0.000      0.000       0.000       0.000       0.000       0.000       0.000       0.000    
   104400.   12.52931727   12.4938   0.000       0.000     -0.3107E-04   0.000     0.1105E-02-0.1074E-02  0.000      0.000      0.000      0.000       0.000       0.000       0.000       0.000       0.000       0.000    
   108000.   12.50736933   12.4849   0.000       0.000     -0.1964E-04   0.000     0.8042E-03-0.7846E-03  0.000      0.000      0.000      0.000       0.000       0.000       0.000       0.000       0.000       0.000    
   111600.   12.47369690   12.4747   0.000       0.000      0.9076E-06   0.000    -0.1041E-03 0.1032E-03  0.000      0.000      0.000      0.000       0.000       0.000       0.000       0.000       0.000       0.000    
   115200.   12.44621219   12.4640   0.000       0.000      0.1560E-04   0.000    -0.7625E-03 0.7469E-03  0.000      0.000      0.000      0.000       0.000       0.000       0.000       0.000       0.000       0.000    
   118800.   12.42632713   12.4536   0.000       0.000      0.2384E-04   0.000    -0.1144E-02 0.1120E-02  0.000      0.000      0.000      0.000       0.000       0.000       0.000       0.000       0.000       0.000    
   122400.   12.43497710   12.4454   0.000       0.000      0.9137E-05   0.000    -0.5584E-03 0.5492E-03  0.000      0.000      0.000      0.000       0.000       0.000       0.000       0.000       0.000       0.000    
   126000.   12.41493444   12.4371   0.000       0.000      0.1939E-04   0.000    -0.1127E-02 0.1108E-02  0.000      0.000      0.000      0.000       0.000       0.000       0.000       0.000       0.000       0.000    
   129600.   12.46580055   12.4339   0.000       0.000     -0.2793E-04   0.000     0.8495E-03-0.8216E-03  0.000      0.000      0.000      0.000       0.000       0.000       0.000       0.000       0.000       0.000    
   133200.   12.44041863   12.4292   0.000       0.000     -0.9854E-05   0.000    -0.1930E-03 0.2028E-03  0.000      0.000      0.000      0.000       0.000       0.000       0.000       0.000       0.000       0.000    
   136800.   12.43114999   12.4247   0.000       0.000     -0.5622E-05   0.000    -0.3930E-03 0.3986E-03  0.000      0.000      0.000      0.000       0.000       0.000       0.000       0.000       0.000       0.000    
   140400.   12.40885525   12.4197   0.000       0.000      0.9465E-05   0.000    -0.1013E-02 0.1004E-02  0.000      0.000      0.000      0.000       0.000       0.000       0.000       0.000       0.000       0.000    
   144000.   12.40439389   12.4155   0.000       0.000      0.9752E-05   0.000    -0.9237E-03 0.9139E-03  0.000      0.000      0.000      0.000       0.000       0.000       0.000       0.000       0.000       0.000    
   147600.   12.40241910   12.4123   0.000       0.000      0.8677E-05   0.000    -0.8065E-03 0.7978E-03  0.000      0.000      0.000      0.000       0.000       0.000       0.000       0.000       0.000       0.000    
   151200.   12.40134772   12.4100   0.000       0.000      0.7568E-05   0.000    -0.6955E-03 0.6879E-03  0.000      0.000      0.000      0.000       0.000       0.000       0.000       0.000       0.000       0.000    
   154800.   12.40065055   12.4084   0.000       0.000      0.6808E-05   0.000    -0.5917E-03 0.5849E-03  0.000      0.000      0.000      0.000       0.000       0.000       0.000       0.000       0.000       0.000    
   158400.   12.41373515   12.4085   0.000       0.000     -0.4590E-05   0.000    -0.2664E-04 0.3123E-04  0.000      0.000      0.000      0.000       0.000       0.000       0.000       0.000       0.000       0.000    
   162000.   12.47042341   12.4128   0.000       0.000     -0.5039E-04   0.000     0.1936E-02-0.1886E-02  0.000      0.000      0.000      0.000       0.000       0.000       0.000       0.000       0.000       0.000    
   165600.   12.46784288   12.4162   0.000       0.000     -0.4516E-04   0.000     0.1529E-02-0.1484E-02  0.000      0.000      0.000      0.000       0.000       0.000       0.000       0.000       0.000       0.000    
   169200.   12.42273230   12.4161   0.000       0.000     -0.5784E-05   0.000    -0.1408E-03 0.1466E-03  0.000      0.000      0.000      0.000       0.000       0.000       0.000       0.000       0.000       0.000    
   172800.   12.40888903   12.4157   0.000       0.000      0.5925E-05   0.000    -0.3868E-03 0.3809E-03  0.000      0.000      0.000      0.000       0.000       0.000       0.000       0.000       0.000       0.000    
