TOTIM (T)      HCON          HMAT      QDIR      QWELL        QMAT       QCADS      QTUB1      QTUB2      QTUB3      QTUB4      QTUB5      QTUB6       NSTOR        QFIX        QLH     FHLQ (LQ)        CAUCHY   CAUCHY (LQ)
     3600.   12.36574442   12.5161   0.000       0.000      0.1315E-03   0.000     0.1857E-02-0.1988E-02  0.000      0.000      0.000      0.000       0.000       0.000       0.000       0.000       0.000       0.000    
     7200.   12.35219405   12.5150   0.000       0.000      0.1424E-03   0.000     0.1457E-02-0.1599E-02  0.000      0.000      0.000      0.000       0.000       0.000       0.000       0.000       0.000       0.000    
    10800.   12.34966328   12.5138   0.000       0.000      0.1436E-03   0.000     0.1480E-02-0.1624E-02  0.000      0.000      0.000      0.000       0.000       0.000       0.000       0.000       0.000       0.000    
    14400.   12.34850062   12.5126   0.000       0.000      0.1436E-03   0.000     0.1503E-02-0.1647E-02  0.000      0.000      0.000      0.000       0.000       0.000       0.000       0.000       0.000       0.000    
    18000.   12.34777270   12.5115   0.000       0.000      0.1432E-03   0.000     0.1522E-02-0.1665E-02  0.000      0.000      0.000      0.000       0.000       0.000       0.000       0.000       0.000       0.000    
    21600.   12.34723368   12.5103   0.000       0.000      0.1427E-03   0.000     0.1539E-02-0.1682E-02  0.000      0.000      0.000      0.000       0.000       0.000       0.000       0.000       0.000       0.000    
    25200.   12.34678078   12.5093   0.000       0.000      0.1422E-03   0.000     0.1554E-02-0.1696E-02  0.000      0.000      0.000      0.000       0.000       0.000       0.000       0.000       0.000       0.000    
    28800.   12.34639380   12.5083   0.000       0.000      0.1416E-03   0.000     0.1567E-02-0.1708E-02  0.000      0.000      0.000      0.000       0.000       0.000       0.000       0.000       0.000       0.000    
    32400.   12.34601548   12.5073   0.000       0.000      0.1411E-03   0.000     0.1579E-02-0.1720E-02  0.000      0.000      0.000      0.000       0.000       0.000       0.000       0.000       0.000       0.000    
    36000.   12.34564122   12.5064   0.000       0.000      0.1406E-03   0.000     0.1590E-02-0.1731E-02  0.000      0.000      0.000      0.000       0.000       0.000       0.000       0.000       0.000       0.000    
    39600.   12.34526945   12.5054   0.000       0.000      0.1402E-03   0.000     0.1601E-02-0.1741E-02  0.000      0.000      0.000      0.000       0.000       0.000       0.000       0.000       0.000       0.000    
    43200.   12.35848648   12.5057   0.000       0.000      0.1288E-03   0.000     0.2010E-02-0.2139E-02  0.000      0.000      0.000      0.000       0.000       0.000       0.000       0.000       0.000       0.000    
    46800.   12.36067002   12.5061   0.000       0.000      0.1272E-03   0.000     0.1996E-02-0.2123E-02  0.000      0.000      0.000      0.000       0.000       0.000       0.000       0.000       0.000       0.000    
    50400.   12.34787981   12.5053   0.000       0.000      0.1377E-03   0.000     0.1582E-02-0.1720E-02  0.000      0.000      0.000      0.000       0.000       0.000       0.000       0.000       0.000       0.000    
    54000.   12.35930277   12.5056   0.000       0.000      0.1280E-03   0.000     0.1994E-02-0.2122E-02  0.000      0.000      0.000      0.000       0.000       0.000       0.000       0.000       0.000       0.000    
    57600.   12.39495461   12.5088   0.000       0.000      0.9961E-04   0.000     0.2982E-02-0.3082E-02  0.000      0.000      0.000      0.000       0.000       0.000       0.000       0.000       0.000       0.000    
    61200.   12.50428743   12.5207   0.000       0.000      0.1434E-04   0.000     0.5904E-02-0.5918E-02  0.000      0.000      0.000      0.000       0.000       0.000       0.000       0.000       0.000       0.000    
    64800.   12.49952897   12.5308   0.000       0.000      0.2733E-04   0.000     0.4863E-02-0.4890E-02  0.000      0.000      0.000      0.000       0.000       0.000       0.000       0.000       0.000       0.000    
    68400.   12.49854467   12.5400   0.000       0.000      0.3626E-04   0.000     0.4480E-02-0.4516E-02  0.000      0.000      0.000      0.000       0.000       0.000       0.000       0.000       0.000       0.000    
    72000.   12.46779945   12.5460   0.000       0.000      0.6841E-04   0.000     0.3348E-02-0.3417E-02  0.000      0.000      0.000      0.000       0.000       0.000       0.000       0.000       0.000       0.000    
    75600.   12.43733038   12.5492   0.000       0.000      0.9788E-04   0.000     0.2491E-02-0.2589E-02  0.000      0.000      0.000      0.000       0.000       0.000       0.000       0.000       0.000       0.000    
    79200.   12.51411742   12.5588   0.000       0.000      0.3906E-04   0.000     0.4882E-02-0.4921E-02  0.000      0.000      0.000      0.000       0.000       0.000       0.000       0.000       0.000       0.000    
    82800.   12.52823812   12.5685   0.000       0.000      0.3522E-04   0.000     0.4736E-02-0.4771E-02  0.000      0.000      0.000      0.000       0.000       0.000       0.000       0.000       0.000       0.000    
    86400.   12.54232747   12.5786   0.000       0.000      0.3174E-04   0.000     0.4782E-02-0.4814E-02  0.000      0.000      0.000      0.000       0.000       0.000       0.000       0.000       0.000       0.000    
    90000.   12.62374353   12.5947   0.000       0.000     -0.2542E-04   0.000     0.6833E-02-0.6807E-02  0.000      0.000      0.000      0.000       0.000       0.000       0.000       0.000       0.000       0.000    
    93600.   12.81311876   12.6250   0.000       0.000     -0.1646E-03   0.000     0.1156E-01-0.1140E-01  0.000      0.000      0.000      0.000       0.000       0.000       0.000       0.000       0.000       0.000    
    97200.   12.74666148   12.6467   0.000       0.000     -0.8748E-04   0.000     0.7831E-02-0.7744E-02  0.000      0.000      0.000      0.000       0.000       0.000       0.000       0.000       0.000       0.000    
   100800.   12.59893940   12.6547   0.000       0.000      0.4880E-04   0.000     0.3124E-02-0.3173E-02  0.000      0.000      0.000      0.000       0.000       0.000       0.000       0.000       0.000       0.000    
   104400.   12.52931591   12.6571   0.000       0.000      0.1118E-03   0.000     0.1740E-02-0.1852E-02  0.000      0.000      0.000      0.000       0.000       0.000       0.000       0.000       0.000       0.000    
   108000.   12.50736777   12.6581   0.000       0.000      0.1319E-03   0.000     0.1651E-02-0.1783E-02  0.000      0.000      0.000      0.000       0.000       0.000       0.000       0.000       0.000       0.000    
   111600.   12.47369564   12.6564   0.000       0.000      0.1599E-03   0.000     0.9437E-03-0.1104E-02  0.000      0.000      0.000      0.000       0.000       0.000       0.000       0.000       0.000       0.000    
   115200.   12.44621110   12.6528   0.000       0.000      0.1808E-03   0.000     0.4548E-03-0.6355E-03  0.000      0.000      0.000      0.000       0.000       0.000       0.000       0.000       0.000       0.000    
   118800.   12.42632611   12.6480   0.000       0.000      0.1940E-03   0.000     0.1842E-03-0.3781E-03  0.000      0.000      0.000      0.000       0.000       0.000       0.000       0.000       0.000       0.000    
   122400.   12.43497570   12.6444   0.000       0.000      0.1832E-03   0.000     0.7179E-03-0.9011E-03  0.000      0.000      0.000      0.000       0.000       0.000       0.000       0.000       0.000       0.000    
   126000.   12.41493332   12.6393   0.000       0.000      0.1963E-03   0.000     0.2141E-03-0.4104E-03  0.000      0.000      0.000      0.000       0.000       0.000       0.000       0.000       0.000       0.000    
   129600.   12.46579837   12.6389   0.000       0.000      0.1515E-03   0.000     0.1925E-02-0.2076E-02  0.000      0.000      0.000      0.000       0.000       0.000       0.000       0.000       0.000       0.000    
   133200.   12.44041712   12.6362   0.000       0.000      0.1713E-03   0.000     0.9417E-03-0.1113E-02  0.000      0.000      0.000      0.000       0.000       0.000       0.000       0.000       0.000       0.000    
   136800.   12.43114860   12.6330   0.000       0.000      0.1766E-03   0.000     0.8039E-03-0.9805E-03  0.000      0.000      0.000      0.000       0.000       0.000       0.000       0.000       0.000       0.000    
   140400.   12.40885415   12.6282   0.000       0.000      0.1919E-03   0.000     0.2866E-03-0.4785E-03  0.000      0.000      0.000      0.000       0.000       0.000       0.000       0.000       0.000       0.000    
   144000.   12.40439270   12.6235   0.000       0.000      0.1917E-03   0.000     0.3954E-03-0.5871E-03  0.000      0.000      0.000      0.000       0.000       0.000       0.000       0.000       0.000       0.000    
   147600.   12.40241782   12.6189   0.000       0.000      0.1895E-03   0.000     0.4964E-03-0.6859E-03  0.000      0.000      0.000      0.000       0.000       0.000       0.000       0.000       0.000       0.000    
   151200.   12.40134639   12.6147   0.000       0.000      0.1866E-03   0.000     0.5851E-03-0.7717E-03  0.000      0.000      0.000      0.000       0.000       0.000       0.000       0.000       0.000       0.000    
   154800.   12.40064918   12.6106   0.000       0.000      0.1837E-03   0.000     0.6652E-03-0.8489E-03  0.000      0.000      0.000      0.000       0.000       0.000       0.000       0.000       0.000       0.000    
   158400.   12.41373350   12.6079   0.000       0.000      0.1699E-03   0.000     0.1138E-02-0.1308E-02  0.000      0.000      0.000      0.000       0.000       0.000       0.000       0.000       0.000       0.000    
   162000.   12.47042075   12.6101   0.000       0.000      0.1222E-03   0.000     0.2778E-02-0.2900E-02  0.000      0.000      0.000      0.000       0.000       0.000       0.000       0.000       0.000       0.000    
   165600.   12.46784064   12.6115   0.000       0.000      0.1257E-03   0.000     0.2324E-02-0.2450E-02  0.000      0.000      0.000      0.000       0.000       0.000       0.000       0.000       0.000       0.000    
   169200.   12.42273098   12.6091   0.000       0.000      0.1631E-03   0.000     0.8964E-03-0.1059E-02  0.000      0.000      0.000      0.000       0.000       0.000       0.000       0.000       0.000       0.000    
   172800.   12.40888776   12.6059   0.000       0.000      0.1724E-03   0.000     0.7627E-03-0.9351E-03  0.000      0.000      0.000      0.000       0.000       0.000       0.000       0.000       0.000       0.000    
