TOTIM (T)      HCON          HMAT      QDIR      QWELL        QMAT       QCADS      QTUB1      QTUB2      QTUB3      QTUB4      QTUB5      QTUB6       NSTOR        QFIX        QLH     FHLQ (LQ)        CAUCHY   CAUCHY (LQ)
     3600.   12.36574421   12.4500   0.000       0.000      0.7374E-04   0.000     0.2243E-02-0.2316E-02  0.000      0.000      0.000      0.000       0.000       0.000       0.000       0.000       0.000       0.000    
     7200.   12.35219388   12.4489   0.000       0.000      0.8462E-04   0.000     0.1886E-02-0.1971E-02  0.000      0.000      0.000      0.000       0.000       0.000       0.000       0.000       0.000       0.000    
    10800.   12.34966310   12.4477   0.000       0.000      0.8579E-04   0.000     0.1914E-02-0.2000E-02  0.000      0.000      0.000      0.000       0.000       0.000       0.000       0.000       0.000       0.000    
    14400.   12.34850045   12.4465   0.000       0.000      0.8578E-04   0.000     0.1937E-02-0.2023E-02  0.000      0.000      0.000      0.000       0.000       0.000       0.000       0.000       0.000       0.000    
    18000.   12.34777252   12.4454   0.000       0.000      0.8542E-04   0.000     0.1955E-02-0.2040E-02  0.000      0.000      0.000      0.000       0.000       0.000       0.000       0.000       0.000       0.000    
    21600.   12.34723350   12.4443   0.000       0.000      0.8493E-04   0.000     0.1970E-02-0.2055E-02  0.000      0.000      0.000      0.000       0.000       0.000       0.000       0.000       0.000       0.000    
    25200.   12.34678060   12.4432   0.000       0.000      0.8439E-04   0.000     0.1982E-02-0.2067E-02  0.000      0.000      0.000      0.000       0.000       0.000       0.000       0.000       0.000       0.000    
    28800.   12.34639362   12.4422   0.000       0.000      0.8384E-04   0.000     0.1993E-02-0.2077E-02  0.000      0.000      0.000      0.000       0.000       0.000       0.000       0.000       0.000       0.000    
    32400.   12.34601530   12.4412   0.000       0.000      0.8332E-04   0.000     0.2003E-02-0.2087E-02  0.000      0.000      0.000      0.000       0.000       0.000       0.000       0.000       0.000       0.000    
    36000.   12.34564103   12.4403   0.000       0.000      0.8282E-04   0.000     0.2013E-02-0.2096E-02  0.000      0.000      0.000      0.000       0.000       0.000       0.000       0.000       0.000       0.000    
    39600.   12.34526926   12.4394   0.000       0.000      0.8236E-04   0.000     0.2022E-02-0.2104E-02  0.000      0.000      0.000      0.000       0.000       0.000       0.000       0.000       0.000       0.000    
    43200.   12.35848625   12.4396   0.000       0.000      0.7101E-04   0.000     0.2386E-02-0.2457E-02  0.000      0.000      0.000      0.000       0.000       0.000       0.000       0.000       0.000       0.000    
    46800.   12.36066980   12.4400   0.000       0.000      0.6941E-04   0.000     0.2365E-02-0.2434E-02  0.000      0.000      0.000      0.000       0.000       0.000       0.000       0.000       0.000       0.000    
    50400.   12.34787963   12.4392   0.000       0.000      0.7994E-04   0.000     0.1993E-02-0.2073E-02  0.000      0.000      0.000      0.000       0.000       0.000       0.000       0.000       0.000       0.000    
    54000.   12.35930255   12.4395   0.000       0.000      0.7021E-04   0.000     0.2366E-02-0.2436E-02  0.000      0.000      0.000      0.000       0.000       0.000       0.000       0.000       0.000       0.000    
    57600.   12.39495430   12.4427   0.000       0.000      0.4181E-04   0.000     0.3240E-02-0.3282E-02  0.000      0.000      0.000      0.000       0.000       0.000       0.000       0.000       0.000       0.000    
    61200.   12.50428685   12.4546   0.000       0.000     -0.4345E-04   0.000     0.5821E-02-0.5778E-02  0.000      0.000      0.000      0.000       0.000       0.000       0.000       0.000       0.000       0.000    
    64800.   12.49952849   12.4647   0.000       0.000     -0.3046E-04   0.000     0.4832E-02-0.4801E-02  0.000      0.000      0.000      0.000       0.000       0.000       0.000       0.000       0.000       0.000    
    68400.   12.49854422   12.4739   0.000       0.000     -0.2154E-04   0.000     0.4485E-02-0.4463E-02  0.000      0.000      0.000      0.000       0.000       0.000       0.000       0.000       0.000       0.000    
    72000.   12.46779911   12.4799   0.000       0.000      0.1061E-04   0.000     0.3482E-02-0.3493E-02  0.000      0.000      0.000      0.000       0.000       0.000       0.000       0.000       0.000       0.000    
    75600.   12.43733012   12.4831   0.000       0.000      0.4008E-04   0.000     0.2743E-02-0.2783E-02  0.000      0.000      0.000      0.000       0.000       0.000       0.000       0.000       0.000       0.000    
    79200.   12.51411693   12.4927   0.000       0.000     -0.1874E-04   0.000     0.4898E-02-0.4879E-02  0.000      0.000      0.000      0.000       0.000       0.000       0.000       0.000       0.000       0.000    
    82800.   12.52823765   12.5024   0.000       0.000     -0.2258E-04   0.000     0.4737E-02-0.4714E-02  0.000      0.000      0.000      0.000       0.000       0.000       0.000       0.000       0.000       0.000    
    86400.   12.54232700   12.5125   0.000       0.000     -0.2606E-04   0.000     0.4769E-02-0.4743E-02  0.000      0.000      0.000      0.000       0.000       0.000       0.000       0.000       0.000       0.000    
    90000.   12.62374287   12.5286   0.000       0.000     -0.8322E-04   0.000     0.6591E-02-0.6508E-02  0.000      0.000      0.000      0.000       0.000       0.000       0.000       0.000       0.000       0.000    
    93600.   12.81310713   12.5590   0.000       0.000     -0.2224E-03   0.000     0.1076E-01-0.1054E-01  0.000      0.000      0.000      0.000       0.000       0.000       0.000       0.000       0.000       0.000    
    97200.   12.74665604   12.5806   0.000       0.000     -0.1453E-03   0.000     0.7341E-02-0.7196E-02  0.000      0.000      0.000      0.000       0.000       0.000       0.000       0.000       0.000       0.000    
   100800.   12.59893891   12.5886   0.000       0.000     -0.9020E-05   0.000     0.3179E-02-0.3170E-02  0.000      0.000      0.000      0.000       0.000       0.000       0.000       0.000       0.000       0.000    
   104400.   12.52931572   12.5911   0.000       0.000      0.5403E-04   0.000     0.2048E-02-0.2102E-02  0.000      0.000      0.000      0.000       0.000       0.000       0.000       0.000       0.000       0.000    
   108000.   12.50736758   12.5920   0.000       0.000      0.7407E-04   0.000     0.2038E-02-0.2112E-02  0.000      0.000      0.000      0.000       0.000       0.000       0.000       0.000       0.000       0.000    
   111600.   12.47369552   12.5903   0.000       0.000      0.1021E-03   0.000     0.1443E-02-0.1545E-02  0.000      0.000      0.000      0.000       0.000       0.000       0.000       0.000       0.000       0.000    
   115200.   12.44621101   12.5867   0.000       0.000      0.1229E-03   0.000     0.1038E-02-0.1161E-02  0.000      0.000      0.000      0.000       0.000       0.000       0.000       0.000       0.000       0.000    
   118800.   12.42632605   12.5819   0.000       0.000      0.1361E-03   0.000     0.8199E-03-0.9561E-03  0.000      0.000      0.000      0.000       0.000       0.000       0.000       0.000       0.000       0.000    
   122400.   12.43497559   12.5782   0.000       0.000      0.1254E-03   0.000     0.1311E-02-0.1436E-02  0.000      0.000      0.000      0.000       0.000       0.000       0.000       0.000       0.000       0.000    
   126000.   12.41493326   12.5732   0.000       0.000      0.1385E-03   0.000     0.8593E-03-0.9978E-03  0.000      0.000      0.000      0.000       0.000       0.000       0.000       0.000       0.000       0.000    
   129600.   12.46579815   12.5728   0.000       0.000      0.9362E-04   0.000     0.2391E-02-0.2484E-02  0.000      0.000      0.000      0.000       0.000       0.000       0.000       0.000       0.000       0.000    
   133200.   12.44041699   12.5701   0.000       0.000      0.1134E-03   0.000     0.1487E-02-0.1600E-02  0.000      0.000      0.000      0.000       0.000       0.000       0.000       0.000       0.000       0.000    
   136800.   12.43114849   12.5668   0.000       0.000      0.1187E-03   0.000     0.1370E-02-0.1489E-02  0.000      0.000      0.000      0.000       0.000       0.000       0.000       0.000       0.000       0.000    
   140400.   12.40885408   12.5620   0.000       0.000      0.1340E-03   0.000     0.9141E-03-0.1048E-02  0.000      0.000      0.000      0.000       0.000       0.000       0.000       0.000       0.000       0.000    
   144000.   12.40439262   12.5573   0.000       0.000      0.1338E-03   0.000     0.1022E-02-0.1156E-02  0.000      0.000      0.000      0.000       0.000       0.000       0.000       0.000       0.000       0.000    
   147600.   12.40241773   12.5528   0.000       0.000      0.1316E-03   0.000     0.1114E-02-0.1246E-02  0.000      0.000      0.000      0.000       0.000       0.000       0.000       0.000       0.000       0.000    
   151200.   12.40134629   12.5485   0.000       0.000      0.1287E-03   0.000     0.1192E-02-0.1320E-02  0.000      0.000      0.000      0.000       0.000       0.000       0.000       0.000       0.000       0.000    
   154800.   12.40064907   12.5444   0.000       0.000      0.1258E-03   0.000     0.1260E-02-0.1386E-02  0.000      0.000      0.000      0.000       0.000       0.000       0.000       0.000       0.000       0.000    
   158400.   12.41373335   12.5417   0.000       0.000      0.1120E-03   0.000     0.1677E-02-0.1789E-02  0.000      0.000      0.000      0.000       0.000       0.000       0.000       0.000       0.000       0.000    
   162000.   12.47042046   12.5439   0.000       0.000      0.6427E-04   0.000     0.3126E-02-0.3191E-02  0.000      0.000      0.000      0.000       0.000       0.000       0.000       0.000       0.000       0.000    
   165600.   12.46784039   12.5453   0.000       0.000      0.6781E-04   0.000     0.2687E-02-0.2755E-02  0.000      0.000      0.000      0.000       0.000       0.000       0.000       0.000       0.000       0.000    
   169200.   12.42273086   12.5429   0.000       0.000      0.1051E-03   0.000     0.1409E-02-0.1514E-02  0.000      0.000      0.000      0.000       0.000       0.000       0.000       0.000       0.000       0.000    
   172800.   12.40888765   12.5397   0.000       0.000      0.1144E-03   0.000     0.1312E-02-0.1426E-02  0.000      0.000      0.000      0.000       0.000       0.000       0.000       0.000       0.000       0.000    
