TOTIM (T)      HCON          HMAT      QDIR      QWELL        QMAT       QCADS      QTUB1      QTUB2      QTUB3      QTUB4      QTUB5      QTUB6       NSTOR        QFIX        QLH     FHLQ (LQ)        CAUCHY   CAUCHY (LQ)
     3600.   12.36574478   12.4124   0.000       0.000      0.4078E-04   0.000     0.1836E-02-0.1876E-02  0.000      0.000      0.000      0.000       0.000       0.000       0.000       0.000       0.000       0.000    
     7200.   12.35219441   12.4112   0.000       0.000      0.5166E-04   0.000     0.1549E-02-0.1600E-02  0.000      0.000      0.000      0.000       0.000       0.000       0.000       0.000       0.000       0.000    
    10800.   12.34966365   12.4101   0.000       0.000      0.5284E-04   0.000     0.1564E-02-0.1617E-02  0.000      0.000      0.000      0.000       0.000       0.000       0.000       0.000       0.000       0.000    
    14400.   12.34850099   12.4089   0.000       0.000      0.5283E-04   0.000     0.1585E-02-0.1637E-02  0.000      0.000      0.000      0.000       0.000       0.000       0.000       0.000       0.000       0.000    
    18000.   12.34777307   12.4077   0.000       0.000      0.5247E-04   0.000     0.1600E-02-0.1653E-02  0.000      0.000      0.000      0.000       0.000       0.000       0.000       0.000       0.000       0.000    
    21600.   12.34723405   12.4066   0.000       0.000      0.5197E-04   0.000     0.1613E-02-0.1665E-02  0.000      0.000      0.000      0.000       0.000       0.000       0.000       0.000       0.000       0.000    
    25200.   12.34678115   12.4056   0.000       0.000      0.5144E-04   0.000     0.1624E-02-0.1675E-02  0.000      0.000      0.000      0.000       0.000       0.000       0.000       0.000       0.000       0.000    
    28800.   12.34639417   12.4046   0.000       0.000      0.5089E-04   0.000     0.1633E-02-0.1684E-02  0.000      0.000      0.000      0.000       0.000       0.000       0.000       0.000       0.000       0.000    
    32400.   12.34601585   12.4036   0.000       0.000      0.5036E-04   0.000     0.1642E-02-0.1692E-02  0.000      0.000      0.000      0.000       0.000       0.000       0.000       0.000       0.000       0.000    
    36000.   12.34564159   12.4026   0.000       0.000      0.4987E-04   0.000     0.1650E-02-0.1700E-02  0.000      0.000      0.000      0.000       0.000       0.000       0.000       0.000       0.000       0.000    
    39600.   12.34526982   12.4017   0.000       0.000      0.4940E-04   0.000     0.1658E-02-0.1707E-02  0.000      0.000      0.000      0.000       0.000       0.000       0.000       0.000       0.000       0.000    
    43200.   12.35848684   12.4020   0.000       0.000      0.3806E-04   0.000     0.1951E-02-0.1989E-02  0.000      0.000      0.000      0.000       0.000       0.000       0.000       0.000       0.000       0.000    
    46800.   12.36067038   12.4023   0.000       0.000      0.3646E-04   0.000     0.1942E-02-0.1979E-02  0.000      0.000      0.000      0.000       0.000       0.000       0.000       0.000       0.000       0.000    
    50400.   12.34788018   12.4016   0.000       0.000      0.4699E-04   0.000     0.1641E-02-0.1688E-02  0.000      0.000      0.000      0.000       0.000       0.000       0.000       0.000       0.000       0.000    
    54000.   12.35930313   12.4019   0.000       0.000      0.3726E-04   0.000     0.1933E-02-0.1971E-02  0.000      0.000      0.000      0.000       0.000       0.000       0.000       0.000       0.000       0.000    
    57600.   12.39495496   12.4051   0.000       0.000      0.8860E-05   0.000     0.2646E-02-0.2655E-02  0.000      0.000      0.000      0.000       0.000       0.000       0.000       0.000       0.000       0.000    
    61200.   12.50429898   12.4170   0.000       0.000     -0.7641E-04   0.000     0.4738E-02-0.4662E-02  0.000      0.000      0.000      0.000       0.000       0.000       0.000       0.000       0.000       0.000    
    64800.   12.49953700   12.4271   0.000       0.000     -0.6342E-04   0.000     0.3989E-02-0.3926E-02  0.000      0.000      0.000      0.000       0.000       0.000       0.000       0.000       0.000       0.000    
    68400.   12.49855161   12.4363   0.000       0.000     -0.5450E-04   0.000     0.3675E-02-0.3621E-02  0.000      0.000      0.000      0.000       0.000       0.000       0.000       0.000       0.000       0.000    
    72000.   12.46780440   12.4423   0.000       0.000     -0.2234E-04   0.000     0.2856E-02-0.2834E-02  0.000      0.000      0.000      0.000       0.000       0.000       0.000       0.000       0.000       0.000    
    75600.   12.43733430   12.4455   0.000       0.000      0.7125E-05   0.000     0.2239E-02-0.2246E-02  0.000      0.000      0.000      0.000       0.000       0.000       0.000       0.000       0.000       0.000    
    79200.   12.51412604   12.4550   0.000       0.000     -0.5170E-04   0.000     0.3960E-02-0.3908E-02  0.000      0.000      0.000      0.000       0.000       0.000       0.000       0.000       0.000       0.000    
    82800.   12.52824604   12.4648   0.000       0.000     -0.5554E-04   0.000     0.3877E-02-0.3821E-02  0.000      0.000      0.000      0.000       0.000       0.000       0.000       0.000       0.000       0.000    
    86400.   12.54233523   12.4749   0.000       0.000     -0.5903E-04   0.000     0.3891E-02-0.3832E-02  0.000      0.000      0.000      0.000       0.000       0.000       0.000       0.000       0.000       0.000    
    90000.   12.62375594   12.4910   0.000       0.000     -0.1162E-03   0.000     0.5351E-02-0.5235E-02  0.000      0.000      0.000      0.000       0.000       0.000       0.000       0.000       0.000       0.000    
    93600.   12.81311924   12.5213   0.000       0.000     -0.2554E-03   0.000     0.8739E-02-0.8484E-02  0.000      0.000      0.000      0.000       0.000       0.000       0.000       0.000       0.000       0.000    
    97200.   12.74666212   12.5429   0.000       0.000     -0.1783E-03   0.000     0.6059E-02-0.5880E-02  0.000      0.000      0.000      0.000       0.000       0.000       0.000       0.000       0.000       0.000    
   100800.   12.59894051   12.5509   0.000       0.000     -0.4200E-04   0.000     0.2613E-02-0.2571E-02  0.000      0.000      0.000      0.000       0.000       0.000       0.000       0.000       0.000       0.000    
   104400.   12.52931688   12.5534   0.000       0.000      0.2105E-04   0.000     0.1616E-02-0.1637E-02  0.000      0.000      0.000      0.000       0.000       0.000       0.000       0.000       0.000       0.000    
   108000.   12.50736906   12.5543   0.000       0.000      0.4108E-04   0.000     0.1600E-02-0.1641E-02  0.000      0.000      0.000      0.000       0.000       0.000       0.000       0.000       0.000       0.000    
   111600.   12.47369687   12.5526   0.000       0.000      0.6907E-04   0.000     0.1133E-02-0.1202E-02  0.000      0.000      0.000      0.000       0.000       0.000       0.000       0.000       0.000       0.000    
   115200.   12.44621232   12.5490   0.000       0.000      0.8995E-04   0.000     0.7992E-03-0.8891E-03  0.000      0.000      0.000      0.000       0.000       0.000       0.000       0.000       0.000       0.000    
   118800.   12.42632735   12.5442   0.000       0.000      0.1031E-03   0.000     0.6195E-03-0.7226E-03  0.000      0.000      0.000      0.000       0.000       0.000       0.000       0.000       0.000       0.000    
   122400.   12.43497720   12.5405   0.000       0.000      0.9236E-04   0.000     0.1013E-02-0.1105E-02  0.000      0.000      0.000      0.000       0.000       0.000       0.000       0.000       0.000       0.000    
   126000.   12.41493467   12.5355   0.000       0.000      0.1055E-03   0.000     0.6616E-03-0.7671E-03  0.000      0.000      0.000      0.000       0.000       0.000       0.000       0.000       0.000       0.000    
   129600.   12.46580034   12.5351   0.000       0.000      0.6060E-04   0.000     0.1883E-02-0.1944E-02  0.000      0.000      0.000      0.000       0.000       0.000       0.000       0.000       0.000       0.000    
   133200.   12.44041865   12.5323   0.000       0.000      0.8042E-04   0.000     0.1188E-02-0.1268E-02  0.000      0.000      0.000      0.000       0.000       0.000       0.000       0.000       0.000       0.000    
   136800.   12.43115006   12.5291   0.000       0.000      0.8571E-04   0.000     0.1070E-02-0.1156E-02  0.000      0.000      0.000      0.000       0.000       0.000       0.000       0.000       0.000       0.000    
   140400.   12.40885546   12.5243   0.000       0.000      0.1010E-03   0.000     0.7013E-03-0.8023E-03  0.000      0.000      0.000      0.000       0.000       0.000       0.000       0.000       0.000       0.000    
   144000.   12.40439408   12.5196   0.000       0.000      0.1008E-03   0.000     0.7803E-03-0.8811E-03  0.000      0.000      0.000      0.000       0.000       0.000       0.000       0.000       0.000       0.000    
   147600.   12.40241926   12.5150   0.000       0.000      0.9852E-04   0.000     0.8600E-03-0.9585E-03  0.000      0.000      0.000      0.000       0.000       0.000       0.000       0.000       0.000       0.000    
   151200.   12.40134786   12.5107   0.000       0.000      0.9570E-04   0.000     0.9262E-03-0.1022E-02  0.000      0.000      0.000      0.000       0.000       0.000       0.000       0.000       0.000       0.000    
   154800.   12.40065066   12.5067   0.000       0.000      0.9276E-04   0.000     0.9844E-03-0.1077E-02  0.000      0.000      0.000      0.000       0.000       0.000       0.000       0.000       0.000       0.000    
   158400.   12.41373513   12.5040   0.000       0.000      0.7895E-04   0.000     0.1323E-02-0.1402E-02  0.000      0.000      0.000      0.000       0.000       0.000       0.000       0.000       0.000       0.000    
   162000.   12.47042295   12.5061   0.000       0.000      0.3121E-04   0.000     0.2499E-02-0.2530E-02  0.000      0.000      0.000      0.000       0.000       0.000       0.000       0.000       0.000       0.000    
   165600.   12.46784251   12.5076   0.000       0.000      0.3475E-04   0.000     0.2175E-02-0.2209E-02  0.000      0.000      0.000      0.000       0.000       0.000       0.000       0.000       0.000       0.000    
   169200.   12.42273229   12.5051   0.000       0.000      0.7208E-04   0.000     0.1131E-02-0.1204E-02  0.000      0.000      0.000      0.000       0.000       0.000       0.000       0.000       0.000       0.000    
   172800.   12.40888909   12.5019   0.000       0.000      0.8137E-04   0.000     0.1028E-02-0.1109E-02  0.000      0.000      0.000      0.000       0.000       0.000       0.000       0.000       0.000       0.000    
