TOTIM (T)      HCON          HMAT      QDIR      QWELL        QMAT       QCADS      QTUB1      QTUB2      QTUB3      QTUB4      QTUB5      QTUB6       NSTOR        QFIX        QLH     FHLQ (LQ)        CAUCHY   CAUCHY (LQ)
     3600.   12.36574375   12.3473   0.000       0.000     -0.1618E-04   0.000     0.4588E-02-0.4572E-02  0.000      0.000      0.000      0.000       0.000       0.000       0.000       0.000       0.000       0.000    
     7200.   12.35219349   12.3461   0.000       0.000     -0.5300E-05   0.000     0.4235E-02-0.4229E-02  0.000      0.000      0.000      0.000       0.000       0.000       0.000       0.000       0.000       0.000    
    10800.   12.34966271   12.3450   0.000       0.000     -0.4123E-05   0.000     0.4294E-02-0.4290E-02  0.000      0.000      0.000      0.000       0.000       0.000       0.000       0.000       0.000       0.000    
    14400.   12.34850005   12.3438   0.000       0.000     -0.4132E-05   0.000     0.4336E-02-0.4332E-02  0.000      0.000      0.000      0.000       0.000       0.000       0.000       0.000       0.000       0.000    
    18000.   12.34777212   12.3426   0.000       0.000     -0.4495E-05   0.000     0.4361E-02-0.4356E-02  0.000      0.000      0.000      0.000       0.000       0.000       0.000       0.000       0.000       0.000    
    21600.   12.34723309   12.3415   0.000       0.000     -0.4989E-05   0.000     0.4376E-02-0.4371E-02  0.000      0.000      0.000      0.000       0.000       0.000       0.000       0.000       0.000       0.000    
    25200.   12.34678019   12.3405   0.000       0.000     -0.5522E-05   0.000     0.4387E-02-0.4381E-02  0.000      0.000      0.000      0.000       0.000       0.000       0.000       0.000       0.000       0.000    
    28800.   12.34639321   12.3395   0.000       0.000     -0.6073E-05   0.000     0.4394E-02-0.4388E-02  0.000      0.000      0.000      0.000       0.000       0.000       0.000       0.000       0.000       0.000    
    32400.   12.34601489   12.3385   0.000       0.000     -0.6596E-05   0.000     0.4400E-02-0.4394E-02  0.000      0.000      0.000      0.000       0.000       0.000       0.000       0.000       0.000       0.000    
    36000.   12.34564062   12.3375   0.000       0.000     -0.7090E-05   0.000     0.4406E-02-0.4399E-02  0.000      0.000      0.000      0.000       0.000       0.000       0.000       0.000       0.000       0.000    
    39600.   12.34526885   12.3366   0.000       0.000     -0.7555E-05   0.000     0.4412E-02-0.4404E-02  0.000      0.000      0.000      0.000       0.000       0.000       0.000       0.000       0.000       0.000    
    43200.   12.35848577   12.3369   0.000       0.000     -0.1890E-04   0.000     0.4768E-02-0.4749E-02  0.000      0.000      0.000      0.000       0.000       0.000       0.000       0.000       0.000       0.000    
    46800.   12.36066932   12.3372   0.000       0.000     -0.2050E-04   0.000     0.4713E-02-0.4692E-02  0.000      0.000      0.000      0.000       0.000       0.000       0.000       0.000       0.000       0.000    
    50400.   12.34787923   12.3365   0.000       0.000     -0.9969E-05   0.000     0.4323E-02-0.4313E-02  0.000      0.000      0.000      0.000       0.000       0.000       0.000       0.000       0.000       0.000    
    54000.   12.35930207   12.3368   0.000       0.000     -0.1970E-04   0.000     0.4713E-02-0.4694E-02  0.000      0.000      0.000      0.000       0.000       0.000       0.000       0.000       0.000       0.000    
    57600.   12.39495366   12.3400   0.000       0.000     -0.4810E-04   0.000     0.5557E-02-0.5509E-02  0.000      0.000      0.000      0.000       0.000       0.000       0.000       0.000       0.000       0.000    
    61200.   12.50429288   12.3519   0.000       0.000     -0.1334E-03   0.000     0.7995E-02-0.7861E-02  0.000      0.000      0.000      0.000       0.000       0.000       0.000       0.000       0.000       0.000    
    64800.   12.49953249   12.3620   0.000       0.000     -0.1204E-03   0.000     0.6722E-02-0.6602E-02  0.000      0.000      0.000      0.000       0.000       0.000       0.000       0.000       0.000       0.000    
    68400.   12.49854761   12.3712   0.000       0.000     -0.1115E-03   0.000     0.6273E-02-0.6162E-02  0.000      0.000      0.000      0.000       0.000       0.000       0.000       0.000       0.000       0.000    
    72000.   12.46780145   12.3772   0.000       0.000     -0.7930E-04   0.000     0.5291E-02-0.5212E-02  0.000      0.000      0.000      0.000       0.000       0.000       0.000       0.000       0.000       0.000    
    75600.   12.43733195   12.3804   0.000       0.000     -0.4983E-04   0.000     0.4671E-02-0.4621E-02  0.000      0.000      0.000      0.000       0.000       0.000       0.000       0.000       0.000       0.000    
    79200.   12.51412132   12.3899   0.000       0.000     -0.1087E-03   0.000     0.6932E-02-0.6824E-02  0.000      0.000      0.000      0.000       0.000       0.000       0.000       0.000       0.000       0.000    
    82800.   12.52824161   12.3997   0.000       0.000     -0.1125E-03   0.000     0.6666E-02-0.6554E-02  0.000      0.000      0.000      0.000       0.000       0.000       0.000       0.000       0.000       0.000    
    86400.   12.54233085   12.4098   0.000       0.000     -0.1160E-03   0.000     0.6617E-02-0.6501E-02  0.000      0.000      0.000      0.000       0.000       0.000       0.000       0.000       0.000       0.000    
    90000.   12.62374925   12.4259   0.000       0.000     -0.1732E-03   0.000     0.8373E-02-0.8200E-02  0.000      0.000      0.000      0.000       0.000       0.000       0.000       0.000       0.000       0.000    
    93600.   12.81309807   12.4562   0.000       0.000     -0.3123E-03   0.000     0.1229E-01-0.1198E-01  0.000      0.000      0.000      0.000       0.000       0.000       0.000       0.000       0.000       0.000    
    97200.   12.74665173   12.4778   0.000       0.000     -0.2352E-03   0.000     0.8435E-02-0.8200E-02  0.000      0.000      0.000      0.000       0.000       0.000       0.000       0.000       0.000       0.000    
   100800.   12.59893835   12.4858   0.000       0.000     -0.9898E-04   0.000     0.4335E-02-0.4236E-02  0.000      0.000      0.000      0.000       0.000       0.000       0.000       0.000       0.000       0.000    
   104400.   12.52931549   12.4882   0.000       0.000     -0.3594E-04   0.000     0.3684E-02-0.3648E-02  0.000      0.000      0.000      0.000       0.000       0.000       0.000       0.000       0.000       0.000    
   108000.   12.50736747   12.4892   0.000       0.000     -0.1592E-04   0.000     0.4099E-02-0.4083E-02  0.000      0.000      0.000      0.000       0.000       0.000       0.000       0.000       0.000       0.000    
   111600.   12.47369558   12.4875   0.000       0.000      0.1206E-04   0.000     0.3751E-02-0.3763E-02  0.000      0.000      0.000      0.000       0.000       0.000       0.000       0.000       0.000       0.000    
   115200.   12.44621118   12.4839   0.000       0.000      0.3294E-04   0.000     0.3525E-02-0.3558E-02  0.000      0.000      0.000      0.000       0.000       0.000       0.000       0.000       0.000       0.000    
   118800.   12.42632627   12.4790   0.000       0.000      0.4610E-04   0.000     0.3445E-02-0.3491E-02  0.000      0.000      0.000      0.000       0.000       0.000       0.000       0.000       0.000       0.000    
   122400.   12.43497579   12.4754   0.000       0.000      0.3533E-04   0.000     0.4021E-02-0.4057E-02  0.000      0.000      0.000      0.000       0.000       0.000       0.000       0.000       0.000       0.000    
   126000.   12.41493352   12.4703   0.000       0.000      0.4842E-04   0.000     0.3582E-02-0.3630E-02  0.000      0.000      0.000      0.000       0.000       0.000       0.000       0.000       0.000       0.000    
   129600.   12.46579820   12.4699   0.000       0.000      0.3558E-05   0.000     0.5118E-02-0.5122E-02  0.000      0.000      0.000      0.000       0.000       0.000       0.000       0.000       0.000       0.000    
   133200.   12.44041717   12.4671   0.000       0.000      0.2338E-04   0.000     0.4111E-02-0.4134E-02  0.000      0.000      0.000      0.000       0.000       0.000       0.000       0.000       0.000       0.000    
   136800.   12.43114866   12.4639   0.000       0.000      0.2865E-04   0.000     0.3987E-02-0.4015E-02  0.000      0.000      0.000      0.000       0.000       0.000       0.000       0.000       0.000       0.000    
   140400.   12.40885431   12.4591   0.000       0.000      0.4394E-04   0.000     0.3563E-02-0.3607E-02  0.000      0.000      0.000      0.000       0.000       0.000       0.000       0.000       0.000       0.000    
   144000.   12.40439284   12.4543   0.000       0.000      0.4369E-04   0.000     0.3722E-02-0.3766E-02  0.000      0.000      0.000      0.000       0.000       0.000       0.000       0.000       0.000       0.000    
   147600.   12.40241796   12.4498   0.000       0.000      0.4145E-04   0.000     0.3837E-02-0.3878E-02  0.000      0.000      0.000      0.000       0.000       0.000       0.000       0.000       0.000       0.000    
   151200.   12.40134652   12.4455   0.000       0.000      0.3862E-04   0.000     0.3911E-02-0.3949E-02  0.000      0.000      0.000      0.000       0.000       0.000       0.000       0.000       0.000       0.000    
   154800.   12.40064928   12.4414   0.000       0.000      0.3567E-04   0.000     0.3965E-02-0.4001E-02  0.000      0.000      0.000      0.000       0.000       0.000       0.000       0.000       0.000       0.000    
   158400.   12.41373350   12.4387   0.000       0.000      0.2185E-04   0.000     0.4360E-02-0.4382E-02  0.000      0.000      0.000      0.000       0.000       0.000       0.000       0.000       0.000       0.000    
   162000.   12.47042033   12.4408   0.000       0.000     -0.2589E-04   0.000     0.5733E-02-0.5708E-02  0.000      0.000      0.000      0.000       0.000       0.000       0.000       0.000       0.000       0.000    
   165600.   12.46784032   12.4423   0.000       0.000     -0.2236E-04   0.000     0.5134E-02-0.5112E-02  0.000      0.000      0.000      0.000       0.000       0.000       0.000       0.000       0.000       0.000    
   169200.   12.42273097   12.4398   0.000       0.000      0.1496E-04   0.000     0.3804E-02-0.3819E-02  0.000      0.000      0.000      0.000       0.000       0.000       0.000       0.000       0.000       0.000    
   172800.   12.40888778   12.4366   0.000       0.000      0.2425E-04   0.000     0.3800E-02-0.3824E-02  0.000      0.000      0.000      0.000       0.000       0.000       0.000       0.000       0.000       0.000    
