TOTIM (T)      HCON          HMAT      QDIR      QWELL        QMAT       QCADS      QTUB1      QTUB2      QTUB3      QTUB4      QTUB5      QTUB6       NSTOR        QFIX        QLH     FHLQ (LQ)        CAUCHY   CAUCHY (LQ)
     3600.   12.32165658   12.2011  0.5566E-03   0.000     -0.1055E-03   0.000    -0.4511E-03  0.000      0.000      0.000      0.000      0.000       0.000       0.000       0.000       0.000       0.000       0.000    
     7200.   12.30838453   12.2329   0.000       0.000     -0.6605E-04  0.1866E-04 0.4739E-04  0.000      0.000      0.000      0.000      0.000       0.000       0.000       0.000       0.000       0.000       0.000    
    10800.   12.30594537   12.2622   0.000       0.000     -0.3831E-04  0.3430E-05 0.3488E-04  0.000      0.000      0.000      0.000      0.000       0.000       0.000       0.000       0.000       0.000       0.000    
    14400.   12.30482257   12.2891   0.000       0.000     -0.1373E-04  0.1579E-05 0.1215E-04  0.000      0.000      0.000      0.000      0.000       0.000       0.000       0.000       0.000       0.000       0.000    
    18000.   12.30411399   12.3140   0.000       0.000      0.8652E-05  0.9964E-06-0.9649E-05  0.000      0.000      0.000      0.000      0.000       0.000       0.000       0.000       0.000       0.000       0.000    
    21600.   12.30358392   12.3370   0.000       0.000      0.2920E-04  0.7454E-06-0.2994E-04  0.000      0.000      0.000      0.000      0.000       0.000       0.000       0.000       0.000       0.000       0.000    
    25200.   12.30313449   12.3581   0.000       0.000      0.4813E-04  0.6320E-06-0.4876E-04  0.000      0.000      0.000      0.000      0.000       0.000       0.000       0.000       0.000       0.000       0.000    
    28800.   12.30272227   12.3777   0.000       0.000      0.6560E-04  0.5797E-06-0.6618E-04  0.000      0.000      0.000      0.000      0.000       0.000       0.000       0.000       0.000       0.000       0.000    
    32400.   12.30235185   12.3957   0.000       0.000      0.8172E-04  0.5209E-06-0.8224E-04  0.000      0.000      0.000      0.000      0.000       0.000       0.000       0.000       0.000       0.000       0.000    
    36000.   12.30198048   12.4124   0.000       0.000      0.9663E-04  0.5222E-06-0.9715E-04  0.000      0.000      0.000      0.000      0.000       0.000       0.000       0.000       0.000       0.000       0.000    
    39600.   12.30160826   12.4278   0.000       0.000      0.1104E-03  0.5234E-06-0.1109E-03  0.000      0.000      0.000      0.000      0.000       0.000       0.000       0.000       0.000       0.000       0.000    
    43200.   12.31455634   12.4102  0.5566E-03   0.000      0.8371E-04 -0.1821E-04-0.6221E-03  0.000      0.000      0.000      0.000      0.000       0.000       0.000       0.000       0.000       0.000       0.000    
    46800.   12.31665173   12.3941  0.5566E-03   0.000      0.6779E-04 -0.2947E-05-0.6215E-03  0.000      0.000      0.000      0.000      0.000       0.000       0.000       0.000       0.000       0.000       0.000    
    50400.   12.30408804   12.4111   0.000       0.000      0.9365E-04  0.1767E-04-0.1113E-03  0.000      0.000      0.000      0.000      0.000       0.000       0.000       0.000       0.000       0.000       0.000    
    54000.   12.31530836   12.3949  0.5566E-03   0.000      0.6966E-04 -0.1578E-04-0.6105E-03  0.000      0.000      0.000      0.000      0.000       0.000       0.000       0.000       0.000       0.000       0.000    
    57600.   12.35022842   12.3006  0.1948E-02   0.000     -0.4344E-04 -0.4911E-04-0.1856E-02  0.000      0.000      0.000      0.000      0.000       0.000       0.000       0.000       0.000       0.000       0.000    
    61200.   12.45730213   11.9753  0.6123E-02   0.000     -0.4218E-03 -0.1506E-03-0.5550E-02  0.000      0.000      0.000      0.000      0.000       0.000       0.000       0.000       0.000       0.000       0.000    
    64800.   12.45233830   11.7393  0.5010E-02   0.000     -0.6239E-03  0.6980E-05-0.4393E-02  0.000      0.000      0.000      0.000      0.000       0.000       0.000       0.000       0.000       0.000       0.000    
    68400.   12.45133951   11.5373  0.4731E-02   0.000     -0.7998E-03  0.1405E-05-0.3933E-02  0.000      0.000      0.000      0.000      0.000       0.000       0.000       0.000       0.000       0.000       0.000    
    72000.   12.42124323   11.4301  0.3340E-02   0.000     -0.8673E-03  0.4232E-04-0.2515E-02  0.000      0.000      0.000      0.000      0.000       0.000       0.000       0.000       0.000       0.000       0.000    
    75600.   12.39152797   11.3944  0.2226E-02   0.000     -0.8725E-03  0.4179E-04-0.1396E-02  0.000      0.000      0.000      0.000      0.000       0.000       0.000       0.000       0.000       0.000       0.000    
    79200.   12.46698314   11.1698  0.5566E-02   0.000     -0.1135E-02 -0.1061E-03-0.4325E-02  0.000      0.000      0.000      0.000      0.000       0.000       0.000       0.000       0.000       0.000       0.000    
    82800.   12.48073711   10.9623  0.5566E-02   0.000     -0.1329E-02 -0.1934E-04-0.4218E-02  0.000      0.000      0.000      0.000      0.000       0.000       0.000       0.000       0.000       0.000       0.000    
    86400.   12.49455635   10.7544  0.5844E-02   0.000     -0.1523E-02 -0.1943E-04-0.4302E-02  0.000      0.000      0.000      0.000      0.000       0.000       0.000       0.000       0.000       0.000       0.000    
    90000.   12.57440830   10.3862  0.8906E-02   0.000     -0.1915E-02 -0.1123E-03-0.6879E-02  0.000      0.000      0.000      0.000      0.000       0.000       0.000       0.000       0.000       0.000       0.000    
    93600.   12.75997178    9.6452  0.1586E-01   0.000     -0.2725E-02 -0.2609E-03-0.1288E-01  0.000      0.000      0.000      0.000      0.000       0.000       0.000       0.000       0.000       0.000       0.000    
    97200.   12.69441126    9.2140  0.1141E-01   0.000     -0.3045E-02  0.9219E-04-0.8457E-02  0.000      0.000      0.000      0.000      0.000       0.000       0.000       0.000       0.000       0.000       0.000    
   100800.   12.54981431    9.1650  0.5288E-02   0.000     -0.2962E-02  0.2033E-03-0.2529E-02  0.000      0.000      0.000      0.000      0.000       0.000       0.000       0.000       0.000       0.000       0.000    
   104400.   12.48217961    9.2302  0.3340E-02   0.000     -0.2845E-02  0.9511E-04-0.5893E-03  0.000      0.000      0.000      0.000      0.000       0.000       0.000       0.000       0.000       0.000       0.000    
   108000.   12.46117262    9.3060  0.3061E-02   0.000     -0.2761E-02  0.2954E-04-0.3301E-03  0.000      0.000      0.000      0.000      0.000       0.000       0.000       0.000       0.000       0.000       0.000    
   111600.   12.42849577    9.4401  0.1948E-02   0.000     -0.2615E-02  0.4595E-04 0.6208E-03  0.000      0.000      0.000      0.000      0.000       0.000       0.000       0.000       0.000       0.000       0.000    
   115200.   12.40183977    9.6123  0.1113E-02   0.000     -0.2441E-02  0.3749E-04 0.1290E-02  0.000      0.000      0.000      0.000      0.000       0.000       0.000       0.000       0.000       0.000       0.000    
   118800.   12.38258121    9.8039  0.5566E-03   0.000     -0.2256E-02  0.2708E-04 0.1673E-02  0.000      0.000      0.000      0.000      0.000       0.000       0.000       0.000       0.000       0.000       0.000    
   122400.   12.39123808    9.9496  0.1113E-02   0.000     -0.2136E-02 -0.1217E-04 0.1035E-02  0.000      0.000      0.000      0.000      0.000       0.000       0.000       0.000       0.000       0.000       0.000    
   126000.   12.37166846   10.1327  0.2783E-03   0.000     -0.1959E-02  0.2752E-04 0.1653E-02  0.000      0.000      0.000      0.000      0.000       0.000       0.000       0.000       0.000       0.000       0.000    
   129600.   12.42164348   10.1745  0.2505E-02   0.000     -0.1966E-02 -0.7028E-04-0.4683E-03  0.000      0.000      0.000      0.000      0.000       0.000       0.000       0.000       0.000       0.000       0.000    
   133200.   12.39669232   10.2936  0.1113E-02   0.000     -0.1840E-02  0.3509E-04 0.6919E-03  0.000      0.000      0.000      0.000      0.000       0.000       0.000       0.000       0.000       0.000       0.000    
   136800.   12.38768575   10.4198  0.8349E-03   0.000     -0.1722E-02  0.1267E-04 0.8743E-03  0.000      0.000      0.000      0.000      0.000       0.000       0.000       0.000       0.000       0.000       0.000    
   140400.   12.36590697   10.5846   0.000       0.000     -0.1559E-02  0.3063E-04 0.1528E-02  0.000      0.000      0.000      0.000      0.000       0.000       0.000       0.000       0.000       0.000       0.000    
   144000.   12.36163676   10.7371   0.000       0.000     -0.1421E-02  0.6005E-05 0.1415E-02  0.000      0.000      0.000      0.000      0.000       0.000       0.000       0.000       0.000       0.000       0.000    
   147600.   12.35975890   10.8783   0.000       0.000     -0.1296E-02  0.2641E-05 0.1294E-02  0.000      0.000      0.000      0.000      0.000       0.000       0.000       0.000       0.000       0.000       0.000    
   151200.   12.35873990   11.0090   0.000       0.000     -0.1181E-02  0.1433E-05 0.1180E-02  0.000      0.000      0.000      0.000      0.000       0.000       0.000       0.000       0.000       0.000       0.000    
   154800.   12.35807350   11.1300   0.000       0.000     -0.1075E-02  0.9371E-06 0.1074E-02  0.000      0.000      0.000      0.000      0.000       0.000       0.000       0.000       0.000       0.000       0.000    
   158400.   12.37090957   11.2101  0.5566E-03   0.000     -0.1016E-02 -0.1805E-04 0.4772E-03  0.000      0.000      0.000      0.000      0.000       0.000       0.000       0.000       0.000       0.000       0.000    
   162000.   12.42644695   11.1568  0.2783E-02   0.000     -0.1111E-02 -0.7810E-04-0.1594E-02  0.000      0.000      0.000      0.000      0.000       0.000       0.000       0.000       0.000       0.000       0.000    
   165600.   12.42376478   11.1400  0.2226E-02   0.000     -0.1123E-02  0.3772E-05-0.1107E-02  0.000      0.000      0.000      0.000      0.000       0.000       0.000       0.000       0.000       0.000       0.000    
   169200.   12.37951870   11.2361  0.2783E-03   0.000     -0.1000E-02  0.6222E-04 0.6599E-03  0.000      0.000      0.000      0.000      0.000       0.000       0.000       0.000       0.000       0.000       0.000    
   172800.   12.36607314   11.3407   0.000       0.000     -0.8972E-03  0.1891E-04 0.8783E-03  0.000      0.000      0.000      0.000      0.000       0.000       0.000       0.000       0.000       0.000       0.000    
