TOTIM (T)      HCON          HMAT      QDIR      QWELL        QMAT       QCADS      QTUB1      QTUB2      QTUB3      QTUB4      QTUB5      QTUB6       NSTOR        QFIX        QLH     FHLQ (LQ)        CAUCHY   CAUCHY (LQ)
     3600.   12.32165603   12.3557   0.000       0.000      0.2975E-04   0.000    -0.2393E-02 0.2363E-02  0.000      0.000      0.000      0.000       0.000       0.000       0.000       0.000       0.000       0.000    
     7200.   12.30838411   12.3546   0.000       0.000      0.4040E-04   0.000    -0.2044E-02 0.2003E-02  0.000      0.000      0.000      0.000       0.000       0.000       0.000       0.000       0.000       0.000    
    10800.   12.30594495   12.3534   0.000       0.000      0.4151E-04   0.000    -0.2072E-02 0.2031E-02  0.000      0.000      0.000      0.000       0.000       0.000       0.000       0.000       0.000       0.000    
    14400.   12.30482214   12.3522   0.000       0.000      0.4149E-04   0.000    -0.2095E-02 0.2054E-02  0.000      0.000      0.000      0.000       0.000       0.000       0.000       0.000       0.000       0.000    
    18000.   12.30411355   12.3511   0.000       0.000      0.4112E-04   0.000    -0.2112E-02 0.2071E-02  0.000      0.000      0.000      0.000       0.000       0.000       0.000       0.000       0.000       0.000    
    21600.   12.30358348   12.3500   0.000       0.000      0.4064E-04   0.000    -0.2127E-02 0.2086E-02  0.000      0.000      0.000      0.000       0.000       0.000       0.000       0.000       0.000       0.000    
    25200.   12.30313405   12.3490   0.000       0.000      0.4012E-04   0.000    -0.2139E-02 0.2099E-02  0.000      0.000      0.000      0.000       0.000       0.000       0.000       0.000       0.000       0.000    
    28800.   12.30272182   12.3480   0.000       0.000      0.3960E-04   0.000    -0.2150E-02 0.2110E-02  0.000      0.000      0.000      0.000       0.000       0.000       0.000       0.000       0.000       0.000    
    32400.   12.30235139   12.3470   0.000       0.000      0.3908E-04   0.000    -0.2160E-02 0.2121E-02  0.000      0.000      0.000      0.000       0.000       0.000       0.000       0.000       0.000       0.000    
    36000.   12.30198002   12.3461   0.000       0.000      0.3860E-04   0.000    -0.2169E-02 0.2130E-02  0.000      0.000      0.000      0.000       0.000       0.000       0.000       0.000       0.000       0.000    
    39600.   12.30160779   12.3452   0.000       0.000      0.3814E-04   0.000    -0.2177E-02 0.2139E-02  0.000      0.000      0.000      0.000       0.000       0.000       0.000       0.000       0.000       0.000    
    43200.   12.31455574   12.3455   0.000       0.000      0.2703E-04   0.000    -0.2534E-02 0.2507E-02  0.000      0.000      0.000      0.000       0.000       0.000       0.000       0.000       0.000       0.000    
    46800.   12.31665113   12.3458   0.000       0.000      0.2550E-04   0.000    -0.2512E-02 0.2487E-02  0.000      0.000      0.000      0.000       0.000       0.000       0.000       0.000       0.000       0.000    
    50400.   12.30408758   12.3450   0.000       0.000      0.3584E-04   0.000    -0.2148E-02 0.2112E-02  0.000      0.000      0.000      0.000       0.000       0.000       0.000       0.000       0.000       0.000    
    54000.   12.31530777   12.3453   0.000       0.000      0.2628E-04   0.000    -0.2514E-02 0.2487E-02  0.000      0.000      0.000      0.000       0.000       0.000       0.000       0.000       0.000       0.000    
    57600.   12.35022748   12.3485   0.000       0.000     -0.1517E-05   0.000    -0.3370E-02 0.3371E-02  0.000      0.000      0.000      0.000       0.000       0.000       0.000       0.000       0.000       0.000    
    61200.   12.45730019   12.3602   0.000       0.000     -0.8494E-04   0.000    -0.5895E-02 0.5980E-02  0.000      0.000      0.000      0.000       0.000       0.000       0.000       0.000       0.000       0.000    
    64800.   12.45233671   12.3702   0.000       0.000     -0.7191E-04   0.000    -0.4917E-02 0.4988E-02  0.000      0.000      0.000      0.000       0.000       0.000       0.000       0.000       0.000       0.000    
    68400.   12.45133804   12.3792   0.000       0.000     -0.6311E-04   0.000    -0.4576E-02 0.4639E-02  0.000      0.000      0.000      0.000       0.000       0.000       0.000       0.000       0.000       0.000    
    72000.   12.42124215   12.3851   0.000       0.000     -0.3161E-04   0.000    -0.3595E-02 0.3626E-02  0.000      0.000      0.000      0.000       0.000       0.000       0.000       0.000       0.000       0.000    
    75600.   12.39152719   12.3883   0.000       0.000     -0.2851E-05   0.000    -0.2874E-02 0.2877E-02  0.000      0.000      0.000      0.000       0.000       0.000       0.000       0.000       0.000       0.000    
    79200.   12.46698154   12.3977   0.000       0.000     -0.6061E-04   0.000    -0.4989E-02 0.5050E-02  0.000      0.000      0.000      0.000       0.000       0.000       0.000       0.000       0.000       0.000    
    82800.   12.48073556   12.4073   0.000       0.000     -0.6424E-04   0.000    -0.4826E-02 0.4890E-02  0.000      0.000      0.000      0.000       0.000       0.000       0.000       0.000       0.000       0.000    
    86400.   12.49455478   12.4173   0.000       0.000     -0.6761E-04   0.000    -0.4856E-02 0.4924E-02  0.000      0.000      0.000      0.000       0.000       0.000       0.000       0.000       0.000       0.000    
    90000.   12.57440604   12.4332   0.000       0.000     -0.1236E-03   0.000    -0.6640E-02 0.6764E-02  0.000      0.000      0.000      0.000       0.000       0.000       0.000       0.000       0.000       0.000    
    93600.   12.75992665   12.4631   0.000       0.000     -0.2597E-03   0.000    -0.1072E-01 0.1098E-01  0.000      0.000      0.000      0.000       0.000       0.000       0.000       0.000       0.000       0.000    
    97200.   12.69439037   12.4844   0.000       0.000     -0.1837E-03   0.000    -0.7354E-02 0.7537E-02  0.000      0.000      0.000      0.000       0.000       0.000       0.000       0.000       0.000       0.000    
   100800.   12.54981139   12.4923   0.000       0.000     -0.5031E-04   0.000    -0.3281E-02 0.3332E-02  0.000      0.000      0.000      0.000       0.000       0.000       0.000       0.000       0.000       0.000    
   104400.   12.48217895   12.4947   0.000       0.000      0.1098E-04   0.000    -0.2188E-02 0.2177E-02  0.000      0.000      0.000      0.000       0.000       0.000       0.000       0.000       0.000       0.000    
   108000.   12.46117202   12.4957   0.000       0.000      0.3023E-04   0.000    -0.2188E-02 0.2158E-02  0.000      0.000      0.000      0.000       0.000       0.000       0.000       0.000       0.000       0.000    
   111600.   12.42849551   12.4941   0.000       0.000      0.5743E-04   0.000    -0.1608E-02 0.1551E-02  0.000      0.000      0.000      0.000       0.000       0.000       0.000       0.000       0.000       0.000    
   115200.   12.40183970   12.4906   0.000       0.000      0.7770E-04   0.000    -0.1214E-02 0.1137E-02  0.000      0.000      0.000      0.000       0.000       0.000       0.000       0.000       0.000       0.000    
   118800.   12.38258124   12.4860   0.000       0.000      0.9045E-04   0.000    -0.1003E-02 0.9130E-03  0.000      0.000      0.000      0.000       0.000       0.000       0.000       0.000       0.000       0.000    
   122400.   12.39123793   12.4825   0.000       0.000      0.7982E-04   0.000    -0.1486E-02 0.1406E-02  0.000      0.000      0.000      0.000       0.000       0.000       0.000       0.000       0.000       0.000    
   126000.   12.37166849   12.4775   0.000       0.000      0.9264E-04   0.000    -0.1042E-02 0.9498E-03  0.000      0.000      0.000      0.000       0.000       0.000       0.000       0.000       0.000       0.000    
   129600.   12.42164292   12.4773   0.000       0.000      0.4866E-04   0.000    -0.2544E-02 0.2495E-02  0.000      0.000      0.000      0.000       0.000       0.000       0.000       0.000       0.000       0.000    
   133200.   12.39669209   12.4746   0.000       0.000      0.6821E-04   0.000    -0.1653E-02 0.1585E-02  0.000      0.000      0.000      0.000       0.000       0.000       0.000       0.000       0.000       0.000    
   136800.   12.38768556   12.4715   0.000       0.000      0.7338E-04   0.000    -0.1540E-02 0.1467E-02  0.000      0.000      0.000      0.000       0.000       0.000       0.000       0.000       0.000       0.000    
   140400.   12.36590696   12.4669   0.000       0.000      0.8835E-04   0.000    -0.1094E-02 0.1006E-02  0.000      0.000      0.000      0.000       0.000       0.000       0.000       0.000       0.000       0.000    
   144000.   12.36163672   12.4623   0.000       0.000      0.8807E-04   0.000    -0.1201E-02 0.1113E-02  0.000      0.000      0.000      0.000       0.000       0.000       0.000       0.000       0.000       0.000    
   147600.   12.35975882   12.4579   0.000       0.000      0.8587E-04   0.000    -0.1292E-02 0.1206E-02  0.000      0.000      0.000      0.000       0.000       0.000       0.000       0.000       0.000       0.000    
   151200.   12.35873980   12.4537   0.000       0.000      0.8312E-04   0.000    -0.1367E-02 0.1284E-02  0.000      0.000      0.000      0.000       0.000       0.000       0.000       0.000       0.000       0.000    
   154800.   12.35807337   12.4498   0.000       0.000      0.8027E-04   0.000    -0.1434E-02 0.1353E-02  0.000      0.000      0.000      0.000       0.000       0.000       0.000       0.000       0.000       0.000    
   158400.   12.37090928   12.4472   0.000       0.000      0.6677E-04   0.000    -0.1842E-02 0.1775E-02  0.000      0.000      0.000      0.000       0.000       0.000       0.000       0.000       0.000       0.000    
   162000.   12.42644609   12.4494   0.000       0.000      0.2007E-04   0.000    -0.3260E-02 0.3240E-02  0.000      0.000      0.000      0.000       0.000       0.000       0.000       0.000       0.000       0.000    
   165600.   12.42376408   12.4509   0.000       0.000      0.2372E-04   0.000    -0.2825E-02 0.2801E-02  0.000      0.000      0.000      0.000       0.000       0.000       0.000       0.000       0.000       0.000    
   169200.   12.37951848   12.4485   0.000       0.000      0.6036E-04   0.000    -0.1572E-02 0.1511E-02  0.000      0.000      0.000      0.000       0.000       0.000       0.000       0.000       0.000       0.000    
   172800.   12.36607297   12.4454   0.000       0.000      0.6938E-04   0.000    -0.1481E-02 0.1411E-02  0.000      0.000      0.000      0.000       0.000       0.000       0.000       0.000       0.000       0.000    
