TOTIM (T)      HCON          HMAT      QDIR      QWELL        QMAT       QCADS      QTUB1      QTUB2      QTUB3      QTUB4      QTUB5      QTUB6       NSTOR        QFIX        QLH     FHLQ (LQ)        CAUCHY   CAUCHY (LQ)
     3600.   12.32165679   12.5346   0.000       0.000      0.1863E-03   0.000     0.5005E-03-0.6868E-03  0.000      0.000      0.000      0.000       0.000       0.000       0.000       0.000       0.000       0.000    
     7200.   12.30838474   12.5337   0.000       0.000      0.1972E-03   0.000     0.5111E-03-0.7083E-03  0.000      0.000      0.000      0.000       0.000       0.000       0.000       0.000       0.000       0.000    
    10800.   12.30594558   12.5329   0.000       0.000      0.1986E-03   0.000     0.5123E-03-0.7109E-03  0.000      0.000      0.000      0.000       0.000       0.000       0.000       0.000       0.000       0.000    
    14400.   12.30482279   12.5323   0.000       0.000      0.1991E-03   0.000     0.5123E-03-0.7113E-03  0.000      0.000      0.000      0.000       0.000       0.000       0.000       0.000       0.000       0.000    
    18000.   12.30411420   12.5318   0.000       0.000      0.1993E-03   0.000     0.5119E-03-0.7112E-03  0.000      0.000      0.000      0.000       0.000       0.000       0.000       0.000       0.000       0.000    
    21600.   12.30358414   12.5315   0.000       0.000      0.1994E-03   0.000     0.5115E-03-0.7109E-03  0.000      0.000      0.000      0.000       0.000       0.000       0.000       0.000       0.000       0.000    
    25200.   12.30313471   12.5313   0.000       0.000      0.1996E-03   0.000     0.5110E-03-0.7107E-03  0.000      0.000      0.000      0.000       0.000       0.000       0.000       0.000       0.000       0.000    
    28800.   12.30272249   12.5312   0.000       0.000      0.1999E-03   0.000     0.5106E-03-0.7105E-03  0.000      0.000      0.000      0.000       0.000       0.000       0.000       0.000       0.000       0.000    
    32400.   12.30235206   12.5312   0.000       0.000      0.2002E-03   0.000     0.5101E-03-0.7104E-03  0.000      0.000      0.000      0.000       0.000       0.000       0.000       0.000       0.000       0.000    
    36000.   12.30198069   12.5313   0.000       0.000      0.2006E-03   0.000     0.5097E-03-0.7104E-03  0.000      0.000      0.000      0.000       0.000       0.000       0.000       0.000       0.000       0.000    
    39600.   12.30160847   12.5314   0.000       0.000      0.2011E-03   0.000     0.5094E-03-0.7104E-03  0.000      0.000      0.000      0.000       0.000       0.000       0.000       0.000       0.000       0.000    
    43200.   12.31455655   12.5325   0.000       0.000      0.1907E-03   0.000     0.4983E-03-0.6890E-03  0.000      0.000      0.000      0.000       0.000       0.000       0.000       0.000       0.000       0.000    
    46800.   12.31665194   12.5335   0.000       0.000      0.1897E-03   0.000     0.4969E-03-0.6867E-03  0.000      0.000      0.000      0.000       0.000       0.000       0.000       0.000       0.000       0.000    
    50400.   12.30408826   12.5335   0.000       0.000      0.2007E-03   0.000     0.5073E-03-0.7081E-03  0.000      0.000      0.000      0.000       0.000       0.000       0.000       0.000       0.000       0.000    
    54000.   12.31530857   12.5343   0.000       0.000      0.1917E-03   0.000     0.4979E-03-0.6895E-03  0.000      0.000      0.000      0.000       0.000       0.000       0.000       0.000       0.000       0.000    
    57600.   12.35022860   12.5374   0.000       0.000      0.1638E-03   0.000     0.4702E-03-0.6340E-03  0.000      0.000      0.000      0.000       0.000       0.000       0.000       0.000       0.000       0.000    
    61200.   12.45731034   12.5470   0.000       0.000      0.7845E-04   0.000     0.3868E-03-0.4652E-03  0.000      0.000      0.000      0.000       0.000       0.000       0.000       0.000       0.000       0.000    
    64800.   12.45234402   12.5534   0.000       0.000      0.8842E-04   0.000     0.3997E-03-0.4882E-03  0.000      0.000      0.000      0.000       0.000       0.000       0.000       0.000       0.000       0.000    
    68400.   12.45134444   12.5580   0.000       0.000      0.9330E-04   0.000     0.4084E-03-0.5017E-03  0.000      0.000      0.000      0.000       0.000       0.000       0.000       0.000       0.000       0.000    
    72000.   12.42124675   12.5591   0.000       0.000      0.1206E-03   0.000     0.4397E-03-0.5603E-03  0.000      0.000      0.000      0.000       0.000       0.000       0.000       0.000       0.000       0.000    
    75600.   12.39153076   12.5576   0.000       0.000      0.1453E-03   0.000     0.4682E-03-0.6135E-03  0.000      0.000      0.000      0.000       0.000       0.000       0.000       0.000       0.000       0.000    
    79200.   12.46698926   12.5613   0.000       0.000      0.8256E-04   0.000     0.4101E-03-0.4927E-03  0.000      0.000      0.000      0.000       0.000       0.000       0.000       0.000       0.000       0.000    
    82800.   12.48074274   12.5645   0.000       0.000      0.7330E-04   0.000     0.4061E-03-0.4794E-03  0.000      0.000      0.000      0.000       0.000       0.000       0.000       0.000       0.000       0.000    
    86400.   12.49456186   12.5673   0.000       0.000      0.6368E-04   0.000     0.4022E-03-0.4659E-03  0.000      0.000      0.000      0.000       0.000       0.000       0.000       0.000       0.000       0.000    
    90000.   12.57441712   12.5746   0.000       0.000      0.1446E-06   0.000     0.3456E-03-0.3458E-03  0.000      0.000      0.000      0.000       0.000       0.000       0.000       0.000       0.000       0.000    
    93600.   12.75997676   12.5927   0.000       0.000     -0.1463E-03   0.000     0.2087E-03-0.6233E-04  0.000      0.000      0.000      0.000       0.000       0.000       0.000       0.000       0.000       0.000    
    97200.   12.69441522   12.6012   0.000       0.000     -0.8157E-04   0.000     0.2837E-03-0.2022E-03  0.000      0.000      0.000      0.000       0.000       0.000       0.000       0.000       0.000       0.000    
   100800.   12.54981560   12.5969   0.000       0.000      0.4119E-04   0.000     0.4161E-03-0.4573E-03  0.000      0.000      0.000      0.000       0.000       0.000       0.000       0.000       0.000       0.000    
   104400.   12.48218009   12.5883   0.000       0.000      0.9285E-04   0.000     0.4762E-03-0.5691E-03  0.000      0.000      0.000      0.000       0.000       0.000       0.000       0.000       0.000       0.000    
   108000.   12.46117325   12.5794   0.000       0.000      0.1035E-03   0.000     0.4943E-03-0.5978E-03  0.000      0.000      0.000      0.000       0.000       0.000       0.000       0.000       0.000       0.000    
   111600.   12.42849650   12.5693   0.000       0.000      0.1232E-03   0.000     0.5203E-03-0.6435E-03  0.000      0.000      0.000      0.000       0.000       0.000       0.000       0.000       0.000       0.000    
   115200.   12.40184052   12.5587   0.000       0.000      0.1372E-03   0.000     0.5394E-03-0.6766E-03  0.000      0.000      0.000      0.000       0.000       0.000       0.000       0.000       0.000       0.000    
   118800.   12.38258197   12.5483   0.000       0.000      0.1450E-03   0.000     0.5510E-03-0.6960E-03  0.000      0.000      0.000      0.000       0.000       0.000       0.000       0.000       0.000       0.000    
   122400.   12.39123900   12.5403   0.000       0.000      0.1304E-03   0.000     0.5393E-03-0.6697E-03  0.000      0.000      0.000      0.000       0.000       0.000       0.000       0.000       0.000       0.000    
   126000.   12.37166928   12.5321   0.000       0.000      0.1404E-03   0.000     0.5510E-03-0.6914E-03  0.000      0.000      0.000      0.000       0.000       0.000       0.000       0.000       0.000       0.000    
   129600.   12.42164476   12.5289   0.000       0.000      0.9389E-04   0.000     0.5060E-03-0.5999E-03  0.000      0.000      0.000      0.000       0.000       0.000       0.000       0.000       0.000       0.000    
   133200.   12.39669330   12.5243   0.000       0.000      0.1117E-03   0.000     0.5245E-03-0.6362E-03  0.000      0.000      0.000      0.000       0.000       0.000       0.000       0.000       0.000       0.000    
   136800.   12.38768666   12.5200   0.000       0.000      0.1157E-03   0.000     0.5287E-03-0.6445E-03  0.000      0.000      0.000      0.000       0.000       0.000       0.000       0.000       0.000       0.000    
   140400.   12.36590776   12.5150   0.000       0.000      0.1305E-03   0.000     0.5428E-03-0.6733E-03  0.000      0.000      0.000      0.000       0.000       0.000       0.000       0.000       0.000       0.000    
   144000.   12.36163760   12.5110   0.000       0.000      0.1307E-03   0.000     0.5417E-03-0.6724E-03  0.000      0.000      0.000      0.000       0.000       0.000       0.000       0.000       0.000       0.000    
   147600.   12.35975978   12.5079   0.000       0.000      0.1296E-03   0.000     0.5388E-03-0.6684E-03  0.000      0.000      0.000      0.000       0.000       0.000       0.000       0.000       0.000       0.000    
   151200.   12.35874081   12.5057   0.000       0.000      0.1286E-03   0.000     0.5354E-03-0.6640E-03  0.000      0.000      0.000      0.000       0.000       0.000       0.000       0.000       0.000       0.000    
   154800.   12.35807442   12.5042   0.000       0.000      0.1279E-03   0.000     0.5319E-03-0.6598E-03  0.000      0.000      0.000      0.000       0.000       0.000       0.000       0.000       0.000       0.000    
   158400.   12.37091062   12.5044   0.000       0.000      0.1168E-03   0.000     0.5179E-03-0.6347E-03  0.000      0.000      0.000      0.000       0.000       0.000       0.000       0.000       0.000       0.000    
   162000.   12.42644846   12.5088   0.000       0.000      0.7202E-04   0.000     0.4707E-03-0.5427E-03  0.000      0.000      0.000      0.000       0.000       0.000       0.000       0.000       0.000       0.000    
   165600.   12.42376611   12.5122   0.000       0.000      0.7735E-04   0.000     0.4739E-03-0.5512E-03  0.000      0.000      0.000      0.000       0.000       0.000       0.000       0.000       0.000       0.000    
   169200.   12.37951958   12.5121   0.000       0.000      0.1160E-03   0.000     0.5101E-03-0.6261E-03  0.000      0.000      0.000      0.000       0.000       0.000       0.000       0.000       0.000       0.000    
   172800.   12.36607399   12.5117   0.000       0.000      0.1275E-03   0.000     0.5188E-03-0.6463E-03  0.000      0.000      0.000      0.000       0.000       0.000       0.000       0.000       0.000       0.000    
