TOTIM (T)      HCON          HMAT      QDIR      QWELL        QMAT       QCADS      QTUB1      QTUB2      QTUB3      QTUB4      QTUB5      QTUB6       NSTOR        QFIX        QLH     FHLQ (LQ)        CAUCHY   CAUCHY (LQ)
     3600.   12.32165671   12.4676   0.000       0.000      0.1277E-03   0.000     0.1271E-02-0.1398E-02  0.000      0.000      0.000      0.000       0.000       0.000       0.000       0.000       0.000       0.000    
     7200.   12.30838469   12.4665   0.000       0.000      0.1383E-03   0.000     0.8114E-03-0.9497E-03  0.000      0.000      0.000      0.000       0.000       0.000       0.000       0.000       0.000       0.000    
    10800.   12.30594553   12.4653   0.000       0.000      0.1395E-03   0.000     0.8133E-03-0.9527E-03  0.000      0.000      0.000      0.000       0.000       0.000       0.000       0.000       0.000       0.000    
    14400.   12.30482273   12.4642   0.000       0.000      0.1394E-03   0.000     0.8356E-03-0.9750E-03  0.000      0.000      0.000      0.000       0.000       0.000       0.000       0.000       0.000       0.000    
    18000.   12.30411414   12.4631   0.000       0.000      0.1391E-03   0.000     0.8574E-03-0.9965E-03  0.000      0.000      0.000      0.000       0.000       0.000       0.000       0.000       0.000       0.000    
    21600.   12.30358408   12.4620   0.000       0.000      0.1386E-03   0.000     0.8778E-03-0.1016E-02  0.000      0.000      0.000      0.000       0.000       0.000       0.000       0.000       0.000       0.000    
    25200.   12.30313465   12.4610   0.000       0.000      0.1381E-03   0.000     0.8969E-03-0.1035E-02  0.000      0.000      0.000      0.000       0.000       0.000       0.000       0.000       0.000       0.000    
    28800.   12.30272243   12.4600   0.000       0.000      0.1376E-03   0.000     0.9147E-03-0.1052E-02  0.000      0.000      0.000      0.000       0.000       0.000       0.000       0.000       0.000       0.000    
    32400.   12.30235200   12.4591   0.000       0.000      0.1371E-03   0.000     0.9313E-03-0.1068E-02  0.000      0.000      0.000      0.000       0.000       0.000       0.000       0.000       0.000       0.000    
    36000.   12.30198063   12.4582   0.000       0.000      0.1367E-03   0.000     0.9469E-03-0.1084E-02  0.000      0.000      0.000      0.000       0.000       0.000       0.000       0.000       0.000       0.000    
    39600.   12.30160841   12.4573   0.000       0.000      0.1362E-03   0.000     0.9615E-03-0.1098E-02  0.000      0.000      0.000      0.000       0.000       0.000       0.000       0.000       0.000       0.000    
    43200.   12.31455646   12.4576   0.000       0.000      0.1252E-03   0.000     0.1434E-02-0.1559E-02  0.000      0.000      0.000      0.000       0.000       0.000       0.000       0.000       0.000       0.000    
    46800.   12.31665186   12.4580   0.000       0.000      0.1237E-03   0.000     0.1445E-02-0.1569E-02  0.000      0.000      0.000      0.000       0.000       0.000       0.000       0.000       0.000       0.000    
    50400.   12.30408820   12.4573   0.000       0.000      0.1340E-03   0.000     0.9759E-03-0.1110E-02  0.000      0.000      0.000      0.000       0.000       0.000       0.000       0.000       0.000       0.000    
    54000.   12.31530848   12.4576   0.000       0.000      0.1245E-03   0.000     0.1426E-02-0.1551E-02  0.000      0.000      0.000      0.000       0.000       0.000       0.000       0.000       0.000       0.000    
    57600.   12.35022846   12.4608   0.000       0.000      0.9675E-04   0.000     0.2584E-02-0.2681E-02  0.000      0.000      0.000      0.000       0.000       0.000       0.000       0.000       0.000       0.000    
    61200.   12.45731004   12.4726   0.000       0.000      0.1334E-04   0.000     0.6010E-02-0.6024E-02  0.000      0.000      0.000      0.000       0.000       0.000       0.000       0.000       0.000       0.000    
    64800.   12.45234376   12.4825   0.000       0.000      0.2637E-04   0.000     0.5013E-02-0.5040E-02  0.000      0.000      0.000      0.000       0.000       0.000       0.000       0.000       0.000       0.000    
    68400.   12.45134420   12.4915   0.000       0.000      0.3515E-04   0.000     0.4556E-02-0.4591E-02  0.000      0.000      0.000      0.000       0.000       0.000       0.000       0.000       0.000       0.000    
    72000.   12.42124658   12.4974   0.000       0.000      0.6660E-04   0.000     0.3231E-02-0.3298E-02  0.000      0.000      0.000      0.000       0.000       0.000       0.000       0.000       0.000       0.000    
    75600.   12.39153064   12.5004   0.000       0.000      0.9529E-04   0.000     0.2164E-02-0.2259E-02  0.000      0.000      0.000      0.000       0.000       0.000       0.000       0.000       0.000       0.000    
    79200.   12.46698901   12.5098   0.000       0.000      0.3743E-04   0.000     0.4832E-02-0.4870E-02  0.000      0.000      0.000      0.000       0.000       0.000       0.000       0.000       0.000       0.000    
    82800.   12.48074249   12.5192   0.000       0.000      0.3367E-04   0.000     0.4785E-02-0.4819E-02  0.000      0.000      0.000      0.000       0.000       0.000       0.000       0.000       0.000       0.000    
    86400.   12.49456161   12.5290   0.000       0.000      0.3015E-04   0.000     0.4848E-02-0.4879E-02  0.000      0.000      0.000      0.000       0.000       0.000       0.000       0.000       0.000       0.000    
    90000.   12.57441675   12.5447   0.000       0.000     -0.2602E-04   0.000     0.7210E-02-0.7184E-02  0.000      0.000      0.000      0.000       0.000       0.000       0.000       0.000       0.000       0.000    
    93600.   12.75996893   12.5743   0.000       0.000     -0.1624E-03   0.000     0.1277E-01-0.1261E-01  0.000      0.000      0.000      0.000       0.000       0.000       0.000       0.000       0.000       0.000    
    97200.   12.69441147   12.5953   0.000       0.000     -0.8669E-04   0.000     0.8800E-02-0.8713E-02  0.000      0.000      0.000      0.000       0.000       0.000       0.000       0.000       0.000       0.000    
   100800.   12.54981507   12.6028   0.000       0.000      0.4638E-04   0.000     0.3222E-02-0.3268E-02  0.000      0.000      0.000      0.000       0.000       0.000       0.000       0.000       0.000       0.000    
   104400.   12.48218001   12.6048   0.000       0.000      0.1073E-03   0.000     0.1295E-02-0.1402E-02  0.000      0.000      0.000      0.000       0.000       0.000       0.000       0.000       0.000       0.000    
   108000.   12.46117319   12.6053   0.000       0.000      0.1261E-03   0.000     0.1004E-02-0.1130E-02  0.000      0.000      0.000      0.000       0.000       0.000       0.000       0.000       0.000       0.000    
   111600.   12.42849648   12.6033   0.000       0.000      0.1529E-03   0.000     0.1131E-03-0.2660E-03  0.000      0.000      0.000      0.000       0.000       0.000       0.000       0.000       0.000       0.000    
   115200.   12.40184053   12.5993   0.000       0.000      0.1728E-03   0.000    -0.5327E-03 0.3600E-03  0.000      0.000      0.000      0.000       0.000       0.000       0.000       0.000       0.000       0.000    
   118800.   12.38258200   12.5941   0.000       0.000      0.1851E-03   0.000    -0.9069E-03 0.7219E-03  0.000      0.000      0.000      0.000       0.000       0.000       0.000       0.000       0.000       0.000    
   122400.   12.39123900   12.5901   0.000       0.000      0.1740E-03   0.000    -0.3343E-03 0.1603E-03  0.000      0.000      0.000      0.000       0.000       0.000       0.000       0.000       0.000       0.000    
   126000.   12.37166931   12.5847   0.000       0.000      0.1864E-03   0.000    -0.8957E-03 0.7092E-03  0.000      0.000      0.000      0.000       0.000       0.000       0.000       0.000       0.000       0.000    
   129600.   12.42164469   12.5840   0.000       0.000      0.1421E-03   0.000     0.1041E-02-0.1183E-02  0.000      0.000      0.000      0.000       0.000       0.000       0.000       0.000       0.000       0.000    
   133200.   12.39669329   12.5810   0.000       0.000      0.1612E-03   0.000     0.1190E-04-0.1731E-03  0.000      0.000      0.000      0.000       0.000       0.000       0.000       0.000       0.000       0.000    
   136800.   12.38768665   12.5774   0.000       0.000      0.1660E-03   0.000    -0.1840E-03 0.1794E-04  0.000      0.000      0.000      0.000       0.000       0.000       0.000       0.000       0.000       0.000    
   140400.   12.36590779   12.5724   0.000       0.000      0.1807E-03   0.000    -0.7913E-03 0.6107E-03  0.000      0.000      0.000      0.000       0.000       0.000       0.000       0.000       0.000       0.000    
   144000.   12.36163762   12.5675   0.000       0.000      0.1801E-03   0.000    -0.7007E-03 0.5206E-03  0.000      0.000      0.000      0.000       0.000       0.000       0.000       0.000       0.000       0.000    
   147600.   12.35975979   12.5628   0.000       0.000      0.1776E-03   0.000    -0.5842E-03 0.4065E-03  0.000      0.000      0.000      0.000       0.000       0.000       0.000       0.000       0.000       0.000    
   151200.   12.35874082   12.5583   0.000       0.000      0.1746E-03   0.000    -0.4739E-03 0.2993E-03  0.000      0.000      0.000      0.000       0.000       0.000       0.000       0.000       0.000       0.000    
   154800.   12.35807443   12.5541   0.000       0.000      0.1716E-03   0.000    -0.3706E-03 0.1990E-03  0.000      0.000      0.000      0.000       0.000       0.000       0.000       0.000       0.000       0.000    
   158400.   12.37091059   12.5513   0.000       0.000      0.1579E-03   0.000     0.1851E-03-0.3430E-03  0.000      0.000      0.000      0.000       0.000       0.000       0.000       0.000       0.000       0.000    
   162000.   12.42644835   12.5533   0.000       0.000      0.1110E-03   0.000     0.2109E-02-0.2220E-02  0.000      0.000      0.000      0.000       0.000       0.000       0.000       0.000       0.000       0.000    
   165600.   12.42376601   12.5546   0.000       0.000      0.1145E-03   0.000     0.1705E-02-0.1819E-02  0.000      0.000      0.000      0.000       0.000       0.000       0.000       0.000       0.000       0.000    
   169200.   12.37951956   12.5521   0.000       0.000      0.1510E-03   0.000     0.6835E-04-0.2194E-03  0.000      0.000      0.000      0.000       0.000       0.000       0.000       0.000       0.000       0.000    
   172800.   12.36607399   12.5489   0.000       0.000      0.1600E-03   0.000    -0.1657E-03 0.5728E-05  0.000      0.000      0.000      0.000       0.000       0.000       0.000       0.000       0.000       0.000    
