TOTIM (T)      HCON          HMAT      QDIR      QWELL        QMAT       QCADS      QTUB1      QTUB2      QTUB3      QTUB4      QTUB5      QTUB6       NSTOR        QFIX        QLH     FHLQ (LQ)        CAUCHY   CAUCHY (LQ)
     3600.   12.32165667   12.4322   0.000       0.000      0.9671E-04   0.000     0.1398E-02-0.1495E-02  0.000      0.000      0.000      0.000       0.000       0.000       0.000       0.000       0.000       0.000    
     7200.   12.30838466   12.4311   0.000       0.000      0.1074E-03   0.000     0.9497E-03-0.1057E-02  0.000      0.000      0.000      0.000       0.000       0.000       0.000       0.000       0.000       0.000    
    10800.   12.30594551   12.4299   0.000       0.000      0.1085E-03   0.000     0.9527E-03-0.1061E-02  0.000      0.000      0.000      0.000       0.000       0.000       0.000       0.000       0.000       0.000    
    14400.   12.30482271   12.4288   0.000       0.000      0.1084E-03   0.000     0.9750E-03-0.1083E-02  0.000      0.000      0.000      0.000       0.000       0.000       0.000       0.000       0.000       0.000    
    18000.   12.30411412   12.4276   0.000       0.000      0.1081E-03   0.000     0.9965E-03-0.1105E-02  0.000      0.000      0.000      0.000       0.000       0.000       0.000       0.000       0.000       0.000    
    21600.   12.30358405   12.4266   0.000       0.000      0.1076E-03   0.000     0.1016E-02-0.1124E-02  0.000      0.000      0.000      0.000       0.000       0.000       0.000       0.000       0.000       0.000    
    25200.   12.30313462   12.4255   0.000       0.000      0.1071E-03   0.000     0.1035E-02-0.1142E-02  0.000      0.000      0.000      0.000       0.000       0.000       0.000       0.000       0.000       0.000    
    28800.   12.30272240   12.4245   0.000       0.000      0.1066E-03   0.000     0.1052E-02-0.1159E-02  0.000      0.000      0.000      0.000       0.000       0.000       0.000       0.000       0.000       0.000    
    32400.   12.30235197   12.4235   0.000       0.000      0.1060E-03   0.000     0.1068E-02-0.1174E-02  0.000      0.000      0.000      0.000       0.000       0.000       0.000       0.000       0.000       0.000    
    36000.   12.30198060   12.4226   0.000       0.000      0.1056E-03   0.000     0.1084E-02-0.1189E-02  0.000      0.000      0.000      0.000       0.000       0.000       0.000       0.000       0.000       0.000    
    39600.   12.30160838   12.4217   0.000       0.000      0.1051E-03   0.000     0.1098E-02-0.1203E-02  0.000      0.000      0.000      0.000       0.000       0.000       0.000       0.000       0.000       0.000    
    43200.   12.31455642   12.4220   0.000       0.000      0.9400E-04   0.000     0.1559E-02-0.1653E-02  0.000      0.000      0.000      0.000       0.000       0.000       0.000       0.000       0.000       0.000    
    46800.   12.31665182   12.4223   0.000       0.000      0.9247E-04   0.000     0.1569E-02-0.1661E-02  0.000      0.000      0.000      0.000       0.000       0.000       0.000       0.000       0.000       0.000    
    50400.   12.30408817   12.4216   0.000       0.000      0.1028E-03   0.000     0.1110E-02-0.1213E-02  0.000      0.000      0.000      0.000       0.000       0.000       0.000       0.000       0.000       0.000    
    54000.   12.31530844   12.4219   0.000       0.000      0.9325E-04   0.000     0.1551E-02-0.1644E-02  0.000      0.000      0.000      0.000       0.000       0.000       0.000       0.000       0.000       0.000    
    57600.   12.35022840   12.4250   0.000       0.000      0.6545E-04   0.000     0.2681E-02-0.2746E-02  0.000      0.000      0.000      0.000       0.000       0.000       0.000       0.000       0.000       0.000    
    61200.   12.45730989   12.4368   0.000       0.000     -0.1797E-04   0.000     0.6024E-02-0.6006E-02  0.000      0.000      0.000      0.000       0.000       0.000       0.000       0.000       0.000       0.000    
    64800.   12.45234363   12.4467   0.000       0.000     -0.4941E-05   0.000     0.5040E-02-0.5035E-02  0.000      0.000      0.000      0.000       0.000       0.000       0.000       0.000       0.000       0.000    
    68400.   12.45134409   12.4558   0.000       0.000      0.3869E-05   0.000     0.4591E-02-0.4595E-02  0.000      0.000      0.000      0.000       0.000       0.000       0.000       0.000       0.000       0.000    
    72000.   12.42124650   12.4617   0.000       0.000      0.3537E-04   0.000     0.3298E-02-0.3333E-02  0.000      0.000      0.000      0.000       0.000       0.000       0.000       0.000       0.000       0.000    
    75600.   12.39153058   12.4648   0.000       0.000      0.6413E-04   0.000     0.2259E-02-0.2323E-02  0.000      0.000      0.000      0.000       0.000       0.000       0.000       0.000       0.000       0.000    
    79200.   12.46698889   12.4743   0.000       0.000      0.6363E-05   0.000     0.4870E-02-0.4876E-02  0.000      0.000      0.000      0.000       0.000       0.000       0.000       0.000       0.000       0.000    
    82800.   12.48074237   12.4839   0.000       0.000      0.2730E-05   0.000     0.4819E-02-0.4822E-02  0.000      0.000      0.000      0.000       0.000       0.000       0.000       0.000       0.000       0.000    
    86400.   12.49456149   12.4938   0.000       0.000     -0.6391E-06   0.000     0.4879E-02-0.4878E-02  0.000      0.000      0.000      0.000       0.000       0.000       0.000       0.000       0.000       0.000    
    90000.   12.57441657   12.5097   0.000       0.000     -0.5662E-04   0.000     0.7184E-02-0.7127E-02  0.000      0.000      0.000      0.000       0.000       0.000       0.000       0.000       0.000       0.000    
    93600.   12.75996517   12.5396   0.000       0.000     -0.1928E-03   0.000     0.1261E-01-0.1242E-01  0.000      0.000      0.000      0.000       0.000       0.000       0.000       0.000       0.000       0.000    
    97200.   12.69440965   12.5610   0.000       0.000     -0.1168E-03   0.000     0.8713E-02-0.8596E-02  0.000      0.000      0.000      0.000       0.000       0.000       0.000       0.000       0.000       0.000    
   100800.   12.54981480   12.5688   0.000       0.000      0.1665E-04   0.000     0.3268E-02-0.3285E-02  0.000      0.000      0.000      0.000       0.000       0.000       0.000       0.000       0.000       0.000    
   104400.   12.48217998   12.5712   0.000       0.000      0.7792E-04   0.000     0.1402E-02-0.1480E-02  0.000      0.000      0.000      0.000       0.000       0.000       0.000       0.000       0.000       0.000    
   108000.   12.46117316   12.5722   0.000       0.000      0.9715E-04   0.000     0.1130E-02-0.1228E-02  0.000      0.000      0.000      0.000       0.000       0.000       0.000       0.000       0.000       0.000    
   111600.   12.42849647   12.5706   0.000       0.000      0.1243E-03   0.000     0.2660E-03-0.3903E-03  0.000      0.000      0.000      0.000       0.000       0.000       0.000       0.000       0.000       0.000    
   115200.   12.40184054   12.5671   0.000       0.000      0.1446E-03   0.000    -0.3600E-03 0.2154E-03  0.000      0.000      0.000      0.000       0.000       0.000       0.000       0.000       0.000       0.000    
   118800.   12.38258202   12.5624   0.000       0.000      0.1573E-03   0.000    -0.7219E-03 0.5645E-03  0.000      0.000      0.000      0.000       0.000       0.000       0.000       0.000       0.000       0.000    
   122400.   12.39123901   12.5588   0.000       0.000      0.1466E-03   0.000    -0.1603E-03 0.1360E-04  0.000      0.000      0.000      0.000       0.000       0.000       0.000       0.000       0.000       0.000    
   126000.   12.37166933   12.5539   0.000       0.000      0.1594E-03   0.000    -0.7092E-03 0.5498E-03  0.000      0.000      0.000      0.000       0.000       0.000       0.000       0.000       0.000       0.000    
   129600.   12.42164466   12.5536   0.000       0.000      0.1154E-03   0.000     0.1183E-02-0.1299E-02  0.000      0.000      0.000      0.000       0.000       0.000       0.000       0.000       0.000       0.000    
   133200.   12.39669329   12.5509   0.000       0.000      0.1350E-03   0.000     0.1731E-03-0.3081E-03  0.000      0.000      0.000      0.000       0.000       0.000       0.000       0.000       0.000       0.000    
   136800.   12.38768665   12.5478   0.000       0.000      0.1401E-03   0.000    -0.1794E-04-0.1222E-03  0.000      0.000      0.000      0.000       0.000       0.000       0.000       0.000       0.000       0.000    
   140400.   12.36590780   12.5431   0.000       0.000      0.1550E-03   0.000    -0.6107E-03 0.4556E-03  0.000      0.000      0.000      0.000       0.000       0.000       0.000       0.000       0.000       0.000    
   144000.   12.36163763   12.5385   0.000       0.000      0.1547E-03   0.000    -0.5206E-03 0.3659E-03  0.000      0.000      0.000      0.000       0.000       0.000       0.000       0.000       0.000       0.000    
   147600.   12.35975980   12.5340   0.000       0.000      0.1525E-03   0.000    -0.4065E-03 0.2540E-03  0.000      0.000      0.000      0.000       0.000       0.000       0.000       0.000       0.000       0.000    
   151200.   12.35874083   12.5298   0.000       0.000      0.1497E-03   0.000    -0.2993E-03 0.1496E-03  0.000      0.000      0.000      0.000       0.000       0.000       0.000       0.000       0.000       0.000    
   154800.   12.35807443   12.5259   0.000       0.000      0.1468E-03   0.000    -0.1990E-03 0.5219E-04  0.000      0.000      0.000      0.000       0.000       0.000       0.000       0.000       0.000       0.000    
   158400.   12.37091058   12.5233   0.000       0.000      0.1333E-03   0.000     0.3430E-03-0.4763E-03  0.000      0.000      0.000      0.000       0.000       0.000       0.000       0.000       0.000       0.000    
   162000.   12.42644829   12.5254   0.000       0.000      0.8658E-04   0.000     0.2220E-02-0.2306E-02  0.000      0.000      0.000      0.000       0.000       0.000       0.000       0.000       0.000       0.000    
   165600.   12.42376596   12.5269   0.000       0.000      0.9020E-04   0.000     0.1819E-02-0.1910E-02  0.000      0.000      0.000      0.000       0.000       0.000       0.000       0.000       0.000       0.000    
   169200.   12.37951956   12.5245   0.000       0.000      0.1268E-03   0.000     0.2194E-03-0.3462E-03  0.000      0.000      0.000      0.000       0.000       0.000       0.000       0.000       0.000       0.000    
   172800.   12.36607399   12.5213   0.000       0.000      0.1358E-03   0.000    -0.5728E-05-0.1301E-03  0.000      0.000      0.000      0.000       0.000       0.000       0.000       0.000       0.000       0.000    
