TOTIM (T)      HCON          HMAT      QDIR      QWELL        QMAT       QCADS      QTUB1      QTUB2      QTUB3      QTUB4      QTUB5      QTUB6       NSTOR        QFIX        QLH     FHLQ (LQ)        CAUCHY   CAUCHY (LQ)
     3600.   12.32165584   12.3133   0.000       0.000     -0.7352E-05   0.000    -0.2519E-02 0.2526E-02  0.000      0.000      0.000      0.000       0.000       0.000       0.000       0.000       0.000       0.000    
     7200.   12.30838395   12.3122   0.000       0.000      0.3296E-05   0.000    -0.2202E-02 0.2198E-02  0.000      0.000      0.000      0.000       0.000       0.000       0.000       0.000       0.000       0.000    
    10800.   12.30594479   12.3110   0.000       0.000      0.4410E-05   0.000    -0.2234E-02 0.2229E-02  0.000      0.000      0.000      0.000       0.000       0.000       0.000       0.000       0.000       0.000    
    14400.   12.30482198   12.3098   0.000       0.000      0.4383E-05   0.000    -0.2256E-02 0.2252E-02  0.000      0.000      0.000      0.000       0.000       0.000       0.000       0.000       0.000       0.000    
    18000.   12.30411339   12.3087   0.000       0.000      0.4021E-05   0.000    -0.2273E-02 0.2268E-02  0.000      0.000      0.000      0.000       0.000       0.000       0.000       0.000       0.000       0.000    
    21600.   12.30358332   12.3076   0.000       0.000      0.3536E-05   0.000    -0.2285E-02 0.2282E-02  0.000      0.000      0.000      0.000       0.000       0.000       0.000       0.000       0.000       0.000    
    25200.   12.30313388   12.3066   0.000       0.000      0.3016E-05   0.000    -0.2296E-02 0.2293E-02  0.000      0.000      0.000      0.000       0.000       0.000       0.000       0.000       0.000       0.000    
    28800.   12.30272166   12.3056   0.000       0.000      0.2498E-05   0.000    -0.2305E-02 0.2303E-02  0.000      0.000      0.000      0.000       0.000       0.000       0.000       0.000       0.000       0.000    
    32400.   12.30235122   12.3046   0.000       0.000      0.1981E-05   0.000    -0.2314E-02 0.2312E-02  0.000      0.000      0.000      0.000       0.000       0.000       0.000       0.000       0.000       0.000    
    36000.   12.30197985   12.3037   0.000       0.000      0.1497E-05   0.000    -0.2321E-02 0.2320E-02  0.000      0.000      0.000      0.000       0.000       0.000       0.000       0.000       0.000       0.000    
    39600.   12.30160763   12.3028   0.000       0.000      0.1044E-05   0.000    -0.2328E-02 0.2327E-02  0.000      0.000      0.000      0.000       0.000       0.000       0.000       0.000       0.000       0.000    
    43200.   12.31455554   12.3031   0.000       0.000     -0.1006E-04   0.000    -0.2652E-02 0.2662E-02  0.000      0.000      0.000      0.000       0.000       0.000       0.000       0.000       0.000       0.000    
    46800.   12.31665094   12.3034   0.000       0.000     -0.1159E-04   0.000    -0.2626E-02 0.2637E-02  0.000      0.000      0.000      0.000       0.000       0.000       0.000       0.000       0.000       0.000    
    50400.   12.30408742   12.3027   0.000       0.000     -0.1257E-05   0.000    -0.2292E-02 0.2293E-02  0.000      0.000      0.000      0.000       0.000       0.000       0.000       0.000       0.000       0.000    
    54000.   12.31530757   12.3029   0.000       0.000     -0.1082E-04   0.000    -0.2629E-02 0.2640E-02  0.000      0.000      0.000      0.000       0.000       0.000       0.000       0.000       0.000       0.000    
    57600.   12.35022723   12.3061   0.000       0.000     -0.3861E-04   0.000    -0.3402E-02 0.3441E-02  0.000      0.000      0.000      0.000       0.000       0.000       0.000       0.000       0.000       0.000    
    61200.   12.45729976   12.3178   0.000       0.000     -0.1220E-03   0.000    -0.5677E-02 0.5799E-02  0.000      0.000      0.000      0.000       0.000       0.000       0.000       0.000       0.000       0.000    
    64800.   12.45233635   12.3278   0.000       0.000     -0.1090E-03   0.000    -0.4738E-02 0.4847E-02  0.000      0.000      0.000      0.000       0.000       0.000       0.000       0.000       0.000       0.000    
    68400.   12.45133770   12.3368   0.000       0.000     -0.1002E-03   0.000    -0.4424E-02 0.4524E-02  0.000      0.000      0.000      0.000       0.000       0.000       0.000       0.000       0.000       0.000    
    72000.   12.42124188   12.3427   0.000       0.000     -0.6870E-04   0.000    -0.3537E-02 0.3605E-02  0.000      0.000      0.000      0.000       0.000       0.000       0.000       0.000       0.000       0.000    
    75600.   12.39152698   12.3459   0.000       0.000     -0.3995E-04   0.000    -0.2902E-02 0.2942E-02  0.000      0.000      0.000      0.000       0.000       0.000       0.000       0.000       0.000       0.000    
    79200.   12.46698118   12.3553   0.000       0.000     -0.9771E-04   0.000    -0.4844E-02 0.4942E-02  0.000      0.000      0.000      0.000       0.000       0.000       0.000       0.000       0.000       0.000    
    82800.   12.48073520   12.3649   0.000       0.000     -0.1013E-03   0.000    -0.4670E-02 0.4771E-02  0.000      0.000      0.000      0.000       0.000       0.000       0.000       0.000       0.000       0.000    
    86400.   12.49455442   12.3749   0.000       0.000     -0.1047E-03   0.000    -0.4690E-02 0.4795E-02  0.000      0.000      0.000      0.000       0.000       0.000       0.000       0.000       0.000       0.000    
    90000.   12.57440555   12.3907   0.000       0.000     -0.1607E-03   0.000    -0.6307E-02 0.6467E-02  0.000      0.000      0.000      0.000       0.000       0.000       0.000       0.000       0.000       0.000    
    93600.   12.75991879   12.4207   0.000       0.000     -0.2969E-03   0.000    -0.9979E-02 0.1028E-01  0.000      0.000      0.000      0.000       0.000       0.000       0.000       0.000       0.000       0.000    
    97200.   12.69438662   12.4420   0.000       0.000     -0.2209E-03   0.000    -0.6839E-02 0.7060E-02  0.000      0.000      0.000      0.000       0.000       0.000       0.000       0.000       0.000       0.000    
   100800.   12.54981058   12.4498   0.000       0.000     -0.8747E-04   0.000    -0.3167E-02 0.3255E-02  0.000      0.000      0.000      0.000       0.000       0.000       0.000       0.000       0.000       0.000    
   104400.   12.48217856   12.4522   0.000       0.000     -0.2620E-04   0.000    -0.2258E-02 0.2284E-02  0.000      0.000      0.000      0.000       0.000       0.000       0.000       0.000       0.000       0.000    
   108000.   12.46117163   12.4532   0.000       0.000     -0.6968E-05   0.000    -0.2315E-02 0.2322E-02  0.000      0.000      0.000      0.000       0.000       0.000       0.000       0.000       0.000       0.000    
   111600.   12.42849528   12.4516   0.000       0.000      0.2021E-04   0.000    -0.1817E-02 0.1797E-02  0.000      0.000      0.000      0.000       0.000       0.000       0.000       0.000       0.000       0.000    
   115200.   12.40183956   12.4481   0.000       0.000      0.4045E-04   0.000    -0.1484E-02 0.1444E-02  0.000      0.000      0.000      0.000       0.000       0.000       0.000       0.000       0.000       0.000    
   118800.   12.38258114   12.4434   0.000       0.000      0.5319E-04   0.000    -0.1311E-02 0.1258E-02  0.000      0.000      0.000      0.000       0.000       0.000       0.000       0.000       0.000       0.000    
   122400.   12.39123777   12.4398   0.000       0.000      0.4253E-04   0.000    -0.1762E-02 0.1719E-02  0.000      0.000      0.000      0.000       0.000       0.000       0.000       0.000       0.000       0.000    
   126000.   12.37166839   12.4349   0.000       0.000      0.5533E-04   0.000    -0.1357E-02 0.1301E-02  0.000      0.000      0.000      0.000       0.000       0.000       0.000       0.000       0.000       0.000    
   129600.   12.42164261   12.4346   0.000       0.000      0.1133E-04   0.000    -0.2726E-02 0.2715E-02  0.000      0.000      0.000      0.000       0.000       0.000       0.000       0.000       0.000       0.000    
   133200.   12.39669191   12.4320   0.000       0.000      0.3086E-04   0.000    -0.1894E-02 0.1864E-02  0.000      0.000      0.000      0.000       0.000       0.000       0.000       0.000       0.000       0.000    
   136800.   12.38768540   12.4288   0.000       0.000      0.3601E-04   0.000    -0.1797E-02 0.1761E-02  0.000      0.000      0.000      0.000       0.000       0.000       0.000       0.000       0.000       0.000    
   140400.   12.36590686   12.4241   0.000       0.000      0.5096E-04   0.000    -0.1395E-02 0.1344E-02  0.000      0.000      0.000      0.000       0.000       0.000       0.000       0.000       0.000       0.000    
   144000.   12.36163660   12.4195   0.000       0.000      0.5066E-04   0.000    -0.1502E-02 0.1451E-02  0.000      0.000      0.000      0.000       0.000       0.000       0.000       0.000       0.000       0.000    
   147600.   12.35975869   12.4151   0.000       0.000      0.4845E-04   0.000    -0.1585E-02 0.1537E-02  0.000      0.000      0.000      0.000       0.000       0.000       0.000       0.000       0.000       0.000    
   151200.   12.35873966   12.4109   0.000       0.000      0.4568E-04   0.000    -0.1653E-02 0.1607E-02  0.000      0.000      0.000      0.000       0.000       0.000       0.000       0.000       0.000       0.000    
   154800.   12.35807322   12.4070   0.000       0.000      0.4280E-04   0.000    -0.1711E-02 0.1668E-02  0.000      0.000      0.000      0.000       0.000       0.000       0.000       0.000       0.000       0.000    
   158400.   12.37090907   12.4044   0.000       0.000      0.2929E-04   0.000    -0.2079E-02 0.2049E-02  0.000      0.000      0.000      0.000       0.000       0.000       0.000       0.000       0.000       0.000    
   162000.   12.42644564   12.4065   0.000       0.000     -0.1742E-04   0.000    -0.3357E-02 0.3374E-02  0.000      0.000      0.000      0.000       0.000       0.000       0.000       0.000       0.000       0.000    
   165600.   12.42376371   12.4080   0.000       0.000     -0.1379E-04   0.000    -0.2932E-02 0.2946E-02  0.000      0.000      0.000      0.000       0.000       0.000       0.000       0.000       0.000       0.000    
   169200.   12.37951832   12.4056   0.000       0.000      0.2284E-04   0.000    -0.1789E-02 0.1766E-02  0.000      0.000      0.000      0.000       0.000       0.000       0.000       0.000       0.000       0.000    
   172800.   12.36607282   12.4025   0.000       0.000      0.3185E-04   0.000    -0.1725E-02 0.1693E-02  0.000      0.000      0.000      0.000       0.000       0.000       0.000       0.000       0.000       0.000    
