TOTIM (T)      HCON          HMAT      QDIR      QWELL        QMAT       QCADS      QTUB1      QTUB2      QTUB3      QTUB4      QTUB5      QTUB6       NSTOR        QFIX        QLH     FHLQ (LQ)        CAUCHY   CAUCHY (LQ)
     3600.   12.32165651   12.4945   0.000       0.000      0.1512E-03   0.000     0.1827E-02-0.1979E-02  0.000      0.000      0.000      0.000       0.000       0.000       0.000       0.000       0.000       0.000    
     7200.   12.30838454   12.4934   0.000       0.000      0.1619E-03   0.000     0.1421E-02-0.1583E-02  0.000      0.000      0.000      0.000       0.000       0.000       0.000       0.000       0.000       0.000    
    10800.   12.30594538   12.4922   0.000       0.000      0.1630E-03   0.000     0.1429E-02-0.1592E-02  0.000      0.000      0.000      0.000       0.000       0.000       0.000       0.000       0.000       0.000    
    14400.   12.30482258   12.4911   0.000       0.000      0.1630E-03   0.000     0.1451E-02-0.1614E-02  0.000      0.000      0.000      0.000       0.000       0.000       0.000       0.000       0.000       0.000    
    18000.   12.30411399   12.4900   0.000       0.000      0.1626E-03   0.000     0.1471E-02-0.1633E-02  0.000      0.000      0.000      0.000       0.000       0.000       0.000       0.000       0.000       0.000    
    21600.   12.30358392   12.4889   0.000       0.000      0.1621E-03   0.000     0.1489E-02-0.1651E-02  0.000      0.000      0.000      0.000       0.000       0.000       0.000       0.000       0.000       0.000    
    25200.   12.30313449   12.4878   0.000       0.000      0.1616E-03   0.000     0.1505E-02-0.1667E-02  0.000      0.000      0.000      0.000       0.000       0.000       0.000       0.000       0.000       0.000    
    28800.   12.30272227   12.4868   0.000       0.000      0.1611E-03   0.000     0.1521E-02-0.1682E-02  0.000      0.000      0.000      0.000       0.000       0.000       0.000       0.000       0.000       0.000    
    32400.   12.30235184   12.4859   0.000       0.000      0.1606E-03   0.000     0.1535E-02-0.1695E-02  0.000      0.000      0.000      0.000       0.000       0.000       0.000       0.000       0.000       0.000    
    36000.   12.30198046   12.4849   0.000       0.000      0.1601E-03   0.000     0.1548E-02-0.1708E-02  0.000      0.000      0.000      0.000       0.000       0.000       0.000       0.000       0.000       0.000    
    39600.   12.30160824   12.4840   0.000       0.000      0.1596E-03   0.000     0.1560E-02-0.1720E-02  0.000      0.000      0.000      0.000       0.000       0.000       0.000       0.000       0.000       0.000    
    43200.   12.31455624   12.4843   0.000       0.000      0.1485E-03   0.000     0.1977E-02-0.2126E-02  0.000      0.000      0.000      0.000       0.000       0.000       0.000       0.000       0.000       0.000    
    46800.   12.31665164   12.4846   0.000       0.000      0.1470E-03   0.000     0.1981E-02-0.2128E-02  0.000      0.000      0.000      0.000       0.000       0.000       0.000       0.000       0.000       0.000    
    50400.   12.30408803   12.4839   0.000       0.000      0.1573E-03   0.000     0.1563E-02-0.1721E-02  0.000      0.000      0.000      0.000       0.000       0.000       0.000       0.000       0.000       0.000    
    54000.   12.31530826   12.4842   0.000       0.000      0.1478E-03   0.000     0.1966E-02-0.2114E-02  0.000      0.000      0.000      0.000       0.000       0.000       0.000       0.000       0.000       0.000    
    57600.   12.35022811   12.4873   0.000       0.000      0.1200E-03   0.000     0.2984E-02-0.3104E-02  0.000      0.000      0.000      0.000       0.000       0.000       0.000       0.000       0.000       0.000    
    61200.   12.45730929   12.4991   0.000       0.000      0.3654E-04   0.000     0.5994E-02-0.6030E-02  0.000      0.000      0.000      0.000       0.000       0.000       0.000       0.000       0.000       0.000    
    64800.   12.45234313   12.5090   0.000       0.000      0.4958E-04   0.000     0.5062E-02-0.5111E-02  0.000      0.000      0.000      0.000       0.000       0.000       0.000       0.000       0.000       0.000    
    68400.   12.45134363   12.5181   0.000       0.000      0.5838E-04   0.000     0.4649E-02-0.4707E-02  0.000      0.000      0.000      0.000       0.000       0.000       0.000       0.000       0.000       0.000    
    72000.   12.42124616   12.5240   0.000       0.000      0.8988E-04   0.000     0.3481E-02-0.3571E-02  0.000      0.000      0.000      0.000       0.000       0.000       0.000       0.000       0.000       0.000    
    75600.   12.39153034   12.5271   0.000       0.000      0.1186E-03   0.000     0.2558E-02-0.2676E-02  0.000      0.000      0.000      0.000       0.000       0.000       0.000       0.000       0.000       0.000    
    79200.   12.46698840   12.5366   0.000       0.000      0.6088E-04   0.000     0.4937E-02-0.4998E-02  0.000      0.000      0.000      0.000       0.000       0.000       0.000       0.000       0.000       0.000    
    82800.   12.48074189   12.5462   0.000       0.000      0.5724E-04   0.000     0.4872E-02-0.4929E-02  0.000      0.000      0.000      0.000       0.000       0.000       0.000       0.000       0.000       0.000    
    86400.   12.49456100   12.5561   0.000       0.000      0.5388E-04   0.000     0.4918E-02-0.4972E-02  0.000      0.000      0.000      0.000       0.000       0.000       0.000       0.000       0.000       0.000    
    90000.   12.57441587   12.5720   0.000       0.000     -0.2099E-05   0.000     0.6999E-02-0.6997E-02  0.000      0.000      0.000      0.000       0.000       0.000       0.000       0.000       0.000       0.000    
    93600.   12.75995115   12.6019   0.000       0.000     -0.1383E-03   0.000     0.1188E-01-0.1174E-01  0.000      0.000      0.000      0.000       0.000       0.000       0.000       0.000       0.000       0.000    
    97200.   12.69440281   12.6233   0.000       0.000     -0.6223E-04   0.000     0.8288E-02-0.8226E-02  0.000      0.000      0.000      0.000       0.000       0.000       0.000       0.000       0.000       0.000    
   100800.   12.54981428   12.6312   0.000       0.000      0.7118E-04   0.000     0.3377E-02-0.3448E-02  0.000      0.000      0.000      0.000       0.000       0.000       0.000       0.000       0.000       0.000    
   104400.   12.48217982   12.6336   0.000       0.000      0.1325E-03   0.000     0.1756E-02-0.1888E-02  0.000      0.000      0.000      0.000       0.000       0.000       0.000       0.000       0.000       0.000    
   108000.   12.46117302   12.6346   0.000       0.000      0.1517E-03   0.000     0.1561E-02-0.1713E-02  0.000      0.000      0.000      0.000       0.000       0.000       0.000       0.000       0.000       0.000    
   111600.   12.42849641   12.6330   0.000       0.000      0.1789E-03   0.000     0.8056E-03-0.9845E-03  0.000      0.000      0.000      0.000       0.000       0.000       0.000       0.000       0.000       0.000    
   115200.   12.40184053   12.6295   0.000       0.000      0.1992E-03   0.000     0.2606E-03-0.4598E-03  0.000      0.000      0.000      0.000       0.000       0.000       0.000       0.000       0.000       0.000    
   118800.   12.38258204   12.6248   0.000       0.000      0.2119E-03   0.000    -0.5022E-04-0.1617E-03  0.000      0.000      0.000      0.000       0.000       0.000       0.000       0.000       0.000       0.000    
   122400.   12.39123898   12.6213   0.000       0.000      0.2013E-03   0.000     0.4688E-03-0.6701E-03  0.000      0.000      0.000      0.000       0.000       0.000       0.000       0.000       0.000       0.000    
   126000.   12.37166936   12.6164   0.000       0.000      0.2141E-03   0.000    -0.2890E-04-0.1852E-03  0.000      0.000      0.000      0.000       0.000       0.000       0.000       0.000       0.000       0.000    
   129600.   12.42164451   12.6161   0.000       0.000      0.1701E-03   0.000     0.1688E-02-0.1858E-02  0.000      0.000      0.000      0.000       0.000       0.000       0.000       0.000       0.000       0.000    
   133200.   12.39669323   12.6135   0.000       0.000      0.1897E-03   0.000     0.7557E-03-0.9453E-03  0.000      0.000      0.000      0.000       0.000       0.000       0.000       0.000       0.000       0.000    
   136800.   12.38768661   12.6104   0.000       0.000      0.1948E-03   0.000     0.5852E-03-0.7801E-03  0.000      0.000      0.000      0.000       0.000       0.000       0.000       0.000       0.000       0.000    
   140400.   12.36590782   12.6057   0.000       0.000      0.2098E-03   0.000     0.5237E-04-0.2622E-03  0.000      0.000      0.000      0.000       0.000       0.000       0.000       0.000       0.000       0.000    
   144000.   12.36163764   12.6011   0.000       0.000      0.2095E-03   0.000     0.1413E-03-0.3508E-03  0.000      0.000      0.000      0.000       0.000       0.000       0.000       0.000       0.000       0.000    
   147600.   12.35975980   12.5967   0.000       0.000      0.2073E-03   0.000     0.2465E-03-0.4538E-03  0.000      0.000      0.000      0.000       0.000       0.000       0.000       0.000       0.000       0.000    
   151200.   12.35874082   12.5925   0.000       0.000      0.2046E-03   0.000     0.3427E-03-0.5473E-03  0.000      0.000      0.000      0.000       0.000       0.000       0.000       0.000       0.000       0.000    
   154800.   12.35807441   12.5886   0.000       0.000      0.2017E-03   0.000     0.4315E-03-0.6332E-03  0.000      0.000      0.000      0.000       0.000       0.000       0.000       0.000       0.000       0.000    
   158400.   12.37091051   12.5860   0.000       0.000      0.1882E-03   0.000     0.9195E-03-0.1108E-02  0.000      0.000      0.000      0.000       0.000       0.000       0.000       0.000       0.000       0.000    
   162000.   12.42644805   12.5882   0.000       0.000      0.1415E-03   0.000     0.2610E-02-0.2751E-02  0.000      0.000      0.000      0.000       0.000       0.000       0.000       0.000       0.000       0.000    
   165600.   12.42376576   12.5897   0.000       0.000      0.1452E-03   0.000     0.2224E-02-0.2369E-02  0.000      0.000      0.000      0.000       0.000       0.000       0.000       0.000       0.000       0.000    
   169200.   12.37951950   12.5873   0.000       0.000      0.1818E-03   0.000     0.7702E-03-0.9520E-03  0.000      0.000      0.000      0.000       0.000       0.000       0.000       0.000       0.000       0.000    
   172800.   12.36607395   12.5842   0.000       0.000      0.1908E-03   0.000     0.5811E-03-0.7719E-03  0.000      0.000      0.000      0.000       0.000       0.000       0.000       0.000       0.000       0.000    
