TOTIM (T)      HCON          HMAT      QDIR      QWELL        QMAT       QCADS      QTUB1      QTUB2      QTUB3      QTUB4      QTUB5      QTUB6       NSTOR        QFIX        QLH     FHLQ (LQ)        CAUCHY   CAUCHY (LQ)
     3600.   12.32165674   12.4751   0.000       0.000      0.1343E-03   0.000     0.1136E-02-0.1271E-02  0.000      0.000      0.000      0.000       0.000       0.000       0.000       0.000       0.000       0.000    
     7200.   12.30838471   12.4742   0.000       0.000      0.1451E-03   0.000     0.6663E-03-0.8114E-03  0.000      0.000      0.000      0.000       0.000       0.000       0.000       0.000       0.000       0.000    
    10800.   12.30594555   12.4734   0.000       0.000      0.1466E-03   0.000     0.6667E-03-0.8133E-03  0.000      0.000      0.000      0.000       0.000       0.000       0.000       0.000       0.000       0.000    
    14400.   12.30482275   12.4728   0.000       0.000      0.1470E-03   0.000     0.6886E-03-0.8356E-03  0.000      0.000      0.000      0.000       0.000       0.000       0.000       0.000       0.000       0.000    
    18000.   12.30411416   12.4724   0.000       0.000      0.1472E-03   0.000     0.7102E-03-0.8574E-03  0.000      0.000      0.000      0.000       0.000       0.000       0.000       0.000       0.000       0.000    
    21600.   12.30358410   12.4720   0.000       0.000      0.1474E-03   0.000     0.7304E-03-0.8778E-03  0.000      0.000      0.000      0.000       0.000       0.000       0.000       0.000       0.000       0.000    
    25200.   12.30313467   12.4718   0.000       0.000      0.1476E-03   0.000     0.7493E-03-0.8969E-03  0.000      0.000      0.000      0.000       0.000       0.000       0.000       0.000       0.000       0.000    
    28800.   12.30272245   12.4717   0.000       0.000      0.1479E-03   0.000     0.7668E-03-0.9147E-03  0.000      0.000      0.000      0.000       0.000       0.000       0.000       0.000       0.000       0.000    
    32400.   12.30235202   12.4717   0.000       0.000      0.1482E-03   0.000     0.7831E-03-0.9313E-03  0.000      0.000      0.000      0.000       0.000       0.000       0.000       0.000       0.000       0.000    
    36000.   12.30198065   12.4718   0.000       0.000      0.1486E-03   0.000     0.7983E-03-0.9469E-03  0.000      0.000      0.000      0.000       0.000       0.000       0.000       0.000       0.000       0.000    
    39600.   12.30160843   12.4719   0.000       0.000      0.1490E-03   0.000     0.8125E-03-0.9615E-03  0.000      0.000      0.000      0.000       0.000       0.000       0.000       0.000       0.000       0.000    
    43200.   12.31455650   12.4730   0.000       0.000      0.1386E-03   0.000     0.1296E-02-0.1434E-02  0.000      0.000      0.000      0.000       0.000       0.000       0.000       0.000       0.000       0.000    
    46800.   12.31665189   12.4740   0.000       0.000      0.1377E-03   0.000     0.1308E-02-0.1445E-02  0.000      0.000      0.000      0.000       0.000       0.000       0.000       0.000       0.000       0.000    
    50400.   12.30408822   12.4740   0.000       0.000      0.1487E-03   0.000     0.8272E-03-0.9759E-03  0.000      0.000      0.000      0.000       0.000       0.000       0.000       0.000       0.000       0.000    
    54000.   12.31530852   12.4749   0.000       0.000      0.1396E-03   0.000     0.1287E-02-0.1426E-02  0.000      0.000      0.000      0.000       0.000       0.000       0.000       0.000       0.000       0.000    
    57600.   12.35022853   12.4779   0.000       0.000      0.1117E-03   0.000     0.2472E-02-0.2584E-02  0.000      0.000      0.000      0.000       0.000       0.000       0.000       0.000       0.000       0.000    
    61200.   12.45731019   12.4875   0.000       0.000      0.2641E-04   0.000     0.5984E-02-0.6010E-02  0.000      0.000      0.000      0.000       0.000       0.000       0.000       0.000       0.000       0.000    
    64800.   12.45234388   12.4939   0.000       0.000      0.3638E-04   0.000     0.4977E-02-0.5013E-02  0.000      0.000      0.000      0.000       0.000       0.000       0.000       0.000       0.000       0.000    
    68400.   12.45134431   12.4985   0.000       0.000      0.4125E-04   0.000     0.4515E-02-0.4556E-02  0.000      0.000      0.000      0.000       0.000       0.000       0.000       0.000       0.000       0.000    
    72000.   12.42124666   12.4996   0.000       0.000      0.6854E-04   0.000     0.3163E-02-0.3231E-02  0.000      0.000      0.000      0.000       0.000       0.000       0.000       0.000       0.000       0.000    
    75600.   12.39153069   12.4981   0.000       0.000      0.9321E-04   0.000     0.2071E-02-0.2164E-02  0.000      0.000      0.000      0.000       0.000       0.000       0.000       0.000       0.000       0.000    
    79200.   12.46698913   12.5018   0.000       0.000      0.3050E-04   0.000     0.4802E-02-0.4832E-02  0.000      0.000      0.000      0.000       0.000       0.000       0.000       0.000       0.000       0.000    
    82800.   12.48074261   12.5050   0.000       0.000      0.2122E-04   0.000     0.4764E-02-0.4785E-02  0.000      0.000      0.000      0.000       0.000       0.000       0.000       0.000       0.000       0.000    
    86400.   12.49456173   12.5078   0.000       0.000      0.1159E-04   0.000     0.4837E-02-0.4848E-02  0.000      0.000      0.000      0.000       0.000       0.000       0.000       0.000       0.000       0.000    
    90000.   12.57441693   12.5150   0.000       0.000     -0.5195E-04   0.000     0.7262E-02-0.7210E-02  0.000      0.000      0.000      0.000       0.000       0.000       0.000       0.000       0.000       0.000    
    93600.   12.75997279   12.5332   0.000       0.000     -0.1984E-03   0.000     0.1297E-01-0.1277E-01  0.000      0.000      0.000      0.000       0.000       0.000       0.000       0.000       0.000       0.000    
    97200.   12.69441331   12.5416   0.000       0.000     -0.1337E-03   0.000     0.8933E-02-0.8800E-02  0.000      0.000      0.000      0.000       0.000       0.000       0.000       0.000       0.000       0.000    
   100800.   12.54981533   12.5373   0.000       0.000     -0.1098E-04   0.000     0.3233E-02-0.3222E-02  0.000      0.000      0.000      0.000       0.000       0.000       0.000       0.000       0.000       0.000    
   104400.   12.48218004   12.5286   0.000       0.000      0.4065E-04   0.000     0.1254E-02-0.1295E-02  0.000      0.000      0.000      0.000       0.000       0.000       0.000       0.000       0.000       0.000    
   108000.   12.46117321   12.5197   0.000       0.000      0.5124E-04   0.000     0.9531E-03-0.1004E-02  0.000      0.000      0.000      0.000       0.000       0.000       0.000       0.000       0.000       0.000    
   111600.   12.42849648   12.5096   0.000       0.000      0.7095E-04   0.000     0.4213E-04-0.1131E-03  0.000      0.000      0.000      0.000       0.000       0.000       0.000       0.000       0.000       0.000    
   115200.   12.40184051   12.4990   0.000       0.000      0.8498E-04   0.000    -0.6177E-03 0.5327E-03  0.000      0.000      0.000      0.000       0.000       0.000       0.000       0.000       0.000       0.000    
   118800.   12.38258198   12.4886   0.000       0.000      0.9276E-04   0.000    -0.9997E-03 0.9069E-03  0.000      0.000      0.000      0.000       0.000       0.000       0.000       0.000       0.000       0.000    
   122400.   12.39123899   12.4805   0.000       0.000      0.7814E-04   0.000    -0.4124E-03 0.3343E-03  0.000      0.000      0.000      0.000       0.000       0.000       0.000       0.000       0.000       0.000    
   126000.   12.37166929   12.4723   0.000       0.000      0.8807E-04   0.000    -0.9837E-03 0.8957E-03  0.000      0.000      0.000      0.000       0.000       0.000       0.000       0.000       0.000       0.000    
   129600.   12.42164472   12.4692   0.000       0.000      0.4159E-04   0.000     0.9996E-03-0.1041E-02  0.000      0.000      0.000      0.000       0.000       0.000       0.000       0.000       0.000       0.000    
   133200.   12.39669329   12.4645   0.000       0.000      0.5935E-04   0.000    -0.4745E-04-0.1190E-04  0.000      0.000      0.000      0.000       0.000       0.000       0.000       0.000       0.000       0.000    
   136800.   12.38768665   12.4602   0.000       0.000      0.6342E-04   0.000    -0.2474E-03 0.1840E-03  0.000      0.000      0.000      0.000       0.000       0.000       0.000       0.000       0.000       0.000    
   140400.   12.36590777   12.4552   0.000       0.000      0.7815E-04   0.000    -0.8695E-03 0.7913E-03  0.000      0.000      0.000      0.000       0.000       0.000       0.000       0.000       0.000       0.000    
   144000.   12.36163760   12.4512   0.000       0.000      0.7836E-04   0.000    -0.7790E-03 0.7007E-03  0.000      0.000      0.000      0.000       0.000       0.000       0.000       0.000       0.000       0.000    
   147600.   12.35975978   12.4481   0.000       0.000      0.7729E-04   0.000    -0.6614E-03 0.5842E-03  0.000      0.000      0.000      0.000       0.000       0.000       0.000       0.000       0.000       0.000    
   151200.   12.35874081   12.4458   0.000       0.000      0.7622E-04   0.000    -0.5501E-03 0.4739E-03  0.000      0.000      0.000      0.000       0.000       0.000       0.000       0.000       0.000       0.000    
   154800.   12.35807442   12.4444   0.000       0.000      0.7551E-04   0.000    -0.4461E-03 0.3706E-03  0.000      0.000      0.000      0.000       0.000       0.000       0.000       0.000       0.000       0.000    
   158400.   12.37091060   12.4445   0.000       0.000      0.6439E-04   0.000     0.1207E-03-0.1851E-03  0.000      0.000      0.000      0.000       0.000       0.000       0.000       0.000       0.000       0.000    
   162000.   12.42644840   12.4489   0.000       0.000      0.1961E-04   0.000     0.2089E-02-0.2109E-02  0.000      0.000      0.000      0.000       0.000       0.000       0.000       0.000       0.000       0.000    
   165600.   12.42376605   12.4522   0.000       0.000      0.2492E-04   0.000     0.1680E-02-0.1705E-02  0.000      0.000      0.000      0.000       0.000       0.000       0.000       0.000       0.000       0.000    
   169200.   12.37951956   12.4522   0.000       0.000      0.6357E-04   0.000     0.4779E-05-0.6835E-04  0.000      0.000      0.000      0.000       0.000       0.000       0.000       0.000       0.000       0.000    
   172800.   12.36607398   12.4518   0.000       0.000      0.7498E-04   0.000    -0.2407E-03 0.1657E-03  0.000      0.000      0.000      0.000       0.000       0.000       0.000       0.000       0.000       0.000    
