TOTIM (T)      HCON          HMAT      QDIR      QWELL        QMAT       QCADS      QTUB1      QTUB2      QTUB3      QTUB4      QTUB5      QTUB6       NSTOR        QFIX        QLH     FHLQ (LQ)        CAUCHY   CAUCHY (LQ)
     3600.   12.32165617   12.3440   0.000       0.000      0.1954E-04   0.000     0.1824E-02-0.1843E-02  0.000      0.000      0.000      0.000       0.000       0.000       0.000       0.000       0.000       0.000    
     7200.   12.30838426   12.3429   0.000       0.000      0.3019E-04   0.000     0.1564E-02-0.1594E-02  0.000      0.000      0.000      0.000       0.000       0.000       0.000       0.000       0.000       0.000    
    10800.   12.30594510   12.3417   0.000       0.000      0.3130E-04   0.000     0.1582E-02-0.1613E-02  0.000      0.000      0.000      0.000       0.000       0.000       0.000       0.000       0.000       0.000    
    14400.   12.30482229   12.3406   0.000       0.000      0.3128E-04   0.000     0.1602E-02-0.1634E-02  0.000      0.000      0.000      0.000       0.000       0.000       0.000       0.000       0.000       0.000    
    18000.   12.30411370   12.3394   0.000       0.000      0.3092E-04   0.000     0.1617E-02-0.1648E-02  0.000      0.000      0.000      0.000       0.000       0.000       0.000       0.000       0.000       0.000    
    21600.   12.30358363   12.3384   0.000       0.000      0.3043E-04   0.000     0.1628E-02-0.1659E-02  0.000      0.000      0.000      0.000       0.000       0.000       0.000       0.000       0.000       0.000    
    25200.   12.30313420   12.3373   0.000       0.000      0.2991E-04   0.000     0.1638E-02-0.1668E-02  0.000      0.000      0.000      0.000       0.000       0.000       0.000       0.000       0.000       0.000    
    28800.   12.30272197   12.3363   0.000       0.000      0.2939E-04   0.000     0.1646E-02-0.1676E-02  0.000      0.000      0.000      0.000       0.000       0.000       0.000       0.000       0.000       0.000    
    32400.   12.30235154   12.3354   0.000       0.000      0.2888E-04   0.000     0.1654E-02-0.1683E-02  0.000      0.000      0.000      0.000       0.000       0.000       0.000       0.000       0.000       0.000    
    36000.   12.30198017   12.3344   0.000       0.000      0.2839E-04   0.000     0.1661E-02-0.1689E-02  0.000      0.000      0.000      0.000       0.000       0.000       0.000       0.000       0.000       0.000    
    39600.   12.30160794   12.3335   0.000       0.000      0.2794E-04   0.000     0.1667E-02-0.1695E-02  0.000      0.000      0.000      0.000       0.000       0.000       0.000       0.000       0.000       0.000    
    43200.   12.31455588   12.3338   0.000       0.000      0.1683E-04   0.000     0.1932E-02-0.1949E-02  0.000      0.000      0.000      0.000       0.000       0.000       0.000       0.000       0.000       0.000    
    46800.   12.31665127   12.3341   0.000       0.000      0.1530E-04   0.000     0.1919E-02-0.1935E-02  0.000      0.000      0.000      0.000       0.000       0.000       0.000       0.000       0.000       0.000    
    50400.   12.30408773   12.3334   0.000       0.000      0.2564E-04   0.000     0.1645E-02-0.1671E-02  0.000      0.000      0.000      0.000       0.000       0.000       0.000       0.000       0.000       0.000    
    54000.   12.31530790   12.3337   0.000       0.000      0.1608E-04   0.000     0.1913E-02-0.1929E-02  0.000      0.000      0.000      0.000       0.000       0.000       0.000       0.000       0.000       0.000    
    57600.   12.35022760   12.3368   0.000       0.000     -0.1171E-04   0.000     0.2553E-02-0.2542E-02  0.000      0.000      0.000      0.000       0.000       0.000       0.000       0.000       0.000       0.000    
    61200.   12.45730835   12.3486   0.000       0.000     -0.9514E-04   0.000     0.4431E-02-0.4336E-02  0.000      0.000      0.000      0.000       0.000       0.000       0.000       0.000       0.000       0.000    
    64800.   12.45234231   12.3585   0.000       0.000     -0.8211E-04   0.000     0.3716E-02-0.3634E-02  0.000      0.000      0.000      0.000       0.000       0.000       0.000       0.000       0.000       0.000    
    68400.   12.45134287   12.3676   0.000       0.000     -0.7331E-04   0.000     0.3426E-02-0.3352E-02  0.000      0.000      0.000      0.000       0.000       0.000       0.000       0.000       0.000       0.000    
    72000.   12.42124556   12.3735   0.000       0.000     -0.4181E-04   0.000     0.2688E-02-0.2646E-02  0.000      0.000      0.000      0.000       0.000       0.000       0.000       0.000       0.000       0.000    
    75600.   12.39152988   12.3766   0.000       0.000     -0.1306E-04   0.000     0.2144E-02-0.2131E-02  0.000      0.000      0.000      0.000       0.000       0.000       0.000       0.000       0.000       0.000    
    79200.   12.46698761   12.3860   0.000       0.000     -0.7082E-04   0.000     0.3716E-02-0.3645E-02  0.000      0.000      0.000      0.000       0.000       0.000       0.000       0.000       0.000       0.000    
    82800.   12.48074110   12.3956   0.000       0.000     -0.7446E-04   0.000     0.3622E-02-0.3548E-02  0.000      0.000      0.000      0.000       0.000       0.000       0.000       0.000       0.000       0.000    
    86400.   12.49456020   12.4056   0.000       0.000     -0.7783E-04   0.000     0.3627E-02-0.3549E-02  0.000      0.000      0.000      0.000       0.000       0.000       0.000       0.000       0.000       0.000    
    90000.   12.57441478   12.4215   0.000       0.000     -0.1338E-03   0.000     0.4943E-02-0.4809E-02  0.000      0.000      0.000      0.000       0.000       0.000       0.000       0.000       0.000       0.000    
    93600.   12.75992583   12.4514   0.000       0.000     -0.2700E-03   0.000     0.7980E-02-0.7710E-02  0.000      0.000      0.000      0.000       0.000       0.000       0.000       0.000       0.000       0.000    
    97200.   12.69439005   12.4727   0.000       0.000     -0.1940E-03   0.000     0.5495E-02-0.5301E-02  0.000      0.000      0.000      0.000       0.000       0.000       0.000       0.000       0.000       0.000    
   100800.   12.54981147   12.4806   0.000       0.000     -0.6057E-04   0.000     0.2395E-02-0.2334E-02  0.000      0.000      0.000      0.000       0.000       0.000       0.000       0.000       0.000       0.000    
   104400.   12.48217925   12.4830   0.000       0.000      0.6987E-06   0.000     0.1554E-02-0.1555E-02  0.000      0.000      0.000      0.000       0.000       0.000       0.000       0.000       0.000       0.000    
   108000.   12.46117250   12.4839   0.000       0.000      0.1993E-04   0.000     0.1585E-02-0.1605E-02  0.000      0.000      0.000      0.000       0.000       0.000       0.000       0.000       0.000       0.000    
   111600.   12.42849612   12.4823   0.000       0.000      0.4710E-04   0.000     0.1185E-02-0.1232E-02  0.000      0.000      0.000      0.000       0.000       0.000       0.000       0.000       0.000       0.000    
   115200.   12.40184037   12.4788   0.000       0.000      0.6735E-04   0.000     0.9017E-03-0.9690E-03  0.000      0.000      0.000      0.000       0.000       0.000       0.000       0.000       0.000       0.000    
   118800.   12.38258195   12.4741   0.000       0.000      0.8009E-04   0.000     0.7534E-03-0.8335E-03  0.000      0.000      0.000      0.000       0.000       0.000       0.000       0.000       0.000       0.000    
   122400.   12.39123877   12.4706   0.000       0.000      0.6943E-04   0.000     0.1118E-02-0.1188E-02  0.000      0.000      0.000      0.000       0.000       0.000       0.000       0.000       0.000       0.000    
   126000.   12.37166925   12.4657   0.000       0.000      0.8224E-04   0.000     0.7993E-03-0.8816E-03  0.000      0.000      0.000      0.000       0.000       0.000       0.000       0.000       0.000       0.000    
   129600.   12.42164397   12.4653   0.000       0.000      0.3824E-04   0.000     0.1908E-02-0.1946E-02  0.000      0.000      0.000      0.000       0.000       0.000       0.000       0.000       0.000       0.000    
   133200.   12.39669295   12.4627   0.000       0.000      0.5778E-04   0.000     0.1262E-02-0.1320E-02  0.000      0.000      0.000      0.000       0.000       0.000       0.000       0.000       0.000       0.000    
   136800.   12.38768637   12.4596   0.000       0.000      0.6293E-04   0.000     0.1158E-02-0.1221E-02  0.000      0.000      0.000      0.000       0.000       0.000       0.000       0.000       0.000       0.000    
   140400.   12.36590770   12.4549   0.000       0.000      0.7788E-04   0.000     0.8278E-03-0.9056E-03  0.000      0.000      0.000      0.000       0.000       0.000       0.000       0.000       0.000       0.000    
   144000.   12.36163750   12.4503   0.000       0.000      0.7759E-04   0.000     0.9060E-03-0.9836E-03  0.000      0.000      0.000      0.000       0.000       0.000       0.000       0.000       0.000       0.000    
   147600.   12.35975963   12.4459   0.000       0.000      0.7537E-04   0.000     0.9798E-03-0.1055E-02  0.000      0.000      0.000      0.000       0.000       0.000       0.000       0.000       0.000       0.000    
   151200.   12.35874063   12.4417   0.000       0.000      0.7261E-04   0.000     0.1039E-02-0.1112E-02  0.000      0.000      0.000      0.000       0.000       0.000       0.000       0.000       0.000       0.000    
   154800.   12.35807421   12.4378   0.000       0.000      0.6974E-04   0.000     0.1090E-02-0.1160E-02  0.000      0.000      0.000      0.000       0.000       0.000       0.000       0.000       0.000       0.000    
   158400.   12.37091019   12.4352   0.000       0.000      0.5623E-04   0.000     0.1394E-02-0.1451E-02  0.000      0.000      0.000      0.000       0.000       0.000       0.000       0.000       0.000       0.000    
   162000.   12.42644722   12.4373   0.000       0.000      0.9525E-05   0.000     0.2450E-02-0.2459E-02  0.000      0.000      0.000      0.000       0.000       0.000       0.000       0.000       0.000       0.000    
   165600.   12.42376507   12.4388   0.000       0.000      0.1317E-04   0.000     0.2135E-02-0.2149E-02  0.000      0.000      0.000      0.000       0.000       0.000       0.000       0.000       0.000       0.000    
   169200.   12.37951922   12.4364   0.000       0.000      0.4980E-04   0.000     0.1188E-02-0.1237E-02  0.000      0.000      0.000      0.000       0.000       0.000       0.000       0.000       0.000       0.000    
   172800.   12.36607371   12.4333   0.000       0.000      0.5881E-04   0.000     0.1107E-02-0.1166E-02  0.000      0.000      0.000      0.000       0.000       0.000       0.000       0.000       0.000       0.000    
