TOTIM (T)      HCON          HMAT      QDIR      QWELL        QMAT       QCADS      QTUB1      QTUB2      QTUB3      QTUB4      QTUB5      QTUB6       NSTOR        QFIX        QLH     FHLQ (LQ)        CAUCHY   CAUCHY (LQ)
     3600.   12.32165536   12.2844   0.000       0.000     -0.3260E-04   0.000     0.4586E-02-0.2238E-02-0.2315E-02  0.000      0.000      0.000       0.000       0.000       0.000       0.000       0.000       0.000    
     7200.   12.30838352   12.2833   0.000       0.000     -0.2195E-04   0.000     0.4239E-02-0.2070E-02-0.2147E-02  0.000      0.000      0.000       0.000       0.000       0.000       0.000       0.000       0.000    
    10800.   12.30594436   12.2821   0.000       0.000     -0.2085E-04   0.000     0.4298E-02-0.2100E-02-0.2177E-02  0.000      0.000      0.000       0.000       0.000       0.000       0.000       0.000       0.000    
    14400.   12.30482154   12.2810   0.000       0.000     -0.2088E-04   0.000     0.4340E-02-0.2121E-02-0.2198E-02  0.000      0.000      0.000       0.000       0.000       0.000       0.000       0.000       0.000    
    18000.   12.30411295   12.2798   0.000       0.000     -0.2126E-04   0.000     0.4363E-02-0.2132E-02-0.2210E-02  0.000      0.000      0.000       0.000       0.000       0.000       0.000       0.000       0.000    
    21600.   12.30358287   12.2787   0.000       0.000     -0.2176E-04   0.000     0.4378E-02-0.2139E-02-0.2217E-02  0.000      0.000      0.000       0.000       0.000       0.000       0.000       0.000       0.000    
    25200.   12.30313343   12.2777   0.000       0.000     -0.2229E-04   0.000     0.4388E-02-0.2144E-02-0.2222E-02  0.000      0.000      0.000       0.000       0.000       0.000       0.000       0.000       0.000    
    28800.   12.30272121   12.2766   0.000       0.000     -0.2283E-04   0.000     0.4396E-02-0.2148E-02-0.2226E-02  0.000      0.000      0.000       0.000       0.000       0.000       0.000       0.000       0.000    
    32400.   12.30235077   12.2756   0.000       0.000     -0.2337E-04   0.000     0.4402E-02-0.2151E-02-0.2228E-02  0.000      0.000      0.000       0.000       0.000       0.000       0.000       0.000       0.000    
    36000.   12.30197940   12.2747   0.000       0.000     -0.2387E-04   0.000     0.4407E-02-0.2153E-02-0.2230E-02  0.000      0.000      0.000       0.000       0.000       0.000       0.000       0.000       0.000    
    39600.   12.30160717   12.2738   0.000       0.000     -0.2435E-04   0.000     0.4412E-02-0.2155E-02-0.2233E-02  0.000      0.000      0.000       0.000       0.000       0.000       0.000       0.000       0.000    
    43200.   12.31455503   12.2740   0.000       0.000     -0.3547E-04   0.000     0.4761E-02-0.2324E-02-0.2402E-02  0.000      0.000      0.000       0.000       0.000       0.000       0.000       0.000       0.000    
    46800.   12.31665044   12.2743   0.000       0.000     -0.3702E-04   0.000     0.4706E-02-0.2296E-02-0.2373E-02  0.000      0.000      0.000       0.000       0.000       0.000       0.000       0.000       0.000    
    50400.   12.30408698   12.2736   0.000       0.000     -0.2669E-04   0.000     0.4324E-02-0.2110E-02-0.2187E-02  0.000      0.000      0.000       0.000       0.000       0.000       0.000       0.000       0.000    
    54000.   12.31530707   12.2739   0.000       0.000     -0.3626E-04   0.000     0.4707E-02-0.2297E-02-0.2374E-02  0.000      0.000      0.000       0.000       0.000       0.000       0.000       0.000       0.000    
    57600.   12.35022658   12.2770   0.000       0.000     -0.6406E-04   0.000     0.5533E-02-0.2696E-02-0.2773E-02  0.000      0.000      0.000       0.000       0.000       0.000       0.000       0.000       0.000    
    61200.   12.45730275   12.2888   0.000       0.000     -0.1474E-03   0.000     0.7917E-02-0.3846E-02-0.3923E-02  0.000      0.000      0.000       0.000       0.000       0.000       0.000       0.000       0.000    
    64800.   12.45233820   12.2988   0.000       0.000     -0.1343E-03   0.000     0.6662E-02-0.3225E-02-0.3302E-02  0.000      0.000      0.000       0.000       0.000       0.000       0.000       0.000       0.000    
    68400.   12.45133923   12.3080   0.000       0.000     -0.1254E-03   0.000     0.6223E-02-0.3010E-02-0.3088E-02  0.000      0.000      0.000       0.000       0.000       0.000       0.000       0.000       0.000    
    72000.   12.42124289   12.3140   0.000       0.000     -0.9385E-04   0.000     0.5264E-02-0.2546E-02-0.2624E-02  0.000      0.000      0.000       0.000       0.000       0.000       0.000       0.000       0.000    
    75600.   12.39152776   12.3173   0.000       0.000     -0.6498E-04   0.000     0.4660E-02-0.2259E-02-0.2336E-02  0.000      0.000      0.000       0.000       0.000       0.000       0.000       0.000       0.000    
    79200.   12.46698328   12.3268   0.000       0.000     -0.1226E-03   0.000     0.6879E-02-0.3340E-02-0.3417E-02  0.000      0.000      0.000       0.000       0.000       0.000       0.000       0.000       0.000    
    82800.   12.48073706   12.3366   0.000       0.000     -0.1261E-03   0.000     0.6613E-02-0.3205E-02-0.3282E-02  0.000      0.000      0.000       0.000       0.000       0.000       0.000       0.000       0.000    
    86400.   12.49455620   12.3468   0.000       0.000     -0.1293E-03   0.000     0.6565E-02-0.3179E-02-0.3256E-02  0.000      0.000      0.000       0.000       0.000       0.000       0.000       0.000       0.000    
    90000.   12.57440863   12.3629   0.000       0.000     -0.1851E-03   0.000     0.8284E-02-0.4011E-02-0.4088E-02  0.000      0.000      0.000       0.000       0.000       0.000       0.000       0.000       0.000    
    93600.   12.75990863   12.3931   0.000       0.000     -0.3210E-03   0.000     0.1212E-01-0.5861E-02-0.5938E-02  0.000      0.000      0.000       0.000       0.000       0.000       0.000       0.000       0.000    
    97200.   12.69438164   12.4148   0.000       0.000     -0.2447E-03   0.000     0.8327E-02-0.4002E-02-0.4080E-02  0.000      0.000      0.000       0.000       0.000       0.000       0.000       0.000       0.000    
   100800.   12.54980942   12.4230   0.000       0.000     -0.1110E-03   0.000     0.4320E-02-0.2066E-02-0.2144E-02  0.000      0.000      0.000       0.000       0.000       0.000       0.000       0.000       0.000    
   104400.   12.48217781   12.4257   0.000       0.000     -0.4940E-04   0.000     0.3700E-02-0.1786E-02-0.1864E-02  0.000      0.000      0.000       0.000       0.000       0.000       0.000       0.000       0.000    
   108000.   12.46117081   12.4270   0.000       0.000     -0.2992E-04   0.000     0.4116E-02-0.2004E-02-0.2082E-02  0.000      0.000      0.000       0.000       0.000       0.000       0.000       0.000       0.000    
   111600.   12.42849470   12.4256   0.000       0.000     -0.2524E-05   0.000     0.3778E-02-0.1849E-02-0.1927E-02  0.000      0.000      0.000       0.000       0.000       0.000       0.000       0.000       0.000    
   115200.   12.40183912   12.4223   0.000       0.000      0.1790E-04   0.000     0.3560E-02-0.1750E-02-0.1828E-02  0.000      0.000      0.000       0.000       0.000       0.000       0.000       0.000       0.000    
   118800.   12.38258077   12.4177   0.000       0.000      0.3077E-04   0.000     0.3484E-02-0.1719E-02-0.1796E-02  0.000      0.000      0.000       0.000       0.000       0.000       0.000       0.000       0.000    
   122400.   12.39123720   12.4143   0.000       0.000      0.2022E-04   0.000     0.4050E-02-0.1996E-02-0.2074E-02  0.000      0.000      0.000       0.000       0.000       0.000       0.000       0.000       0.000    
   126000.   12.37166799   12.4095   0.000       0.000      0.3309E-04   0.000     0.3619E-02-0.1787E-02-0.1865E-02  0.000      0.000      0.000       0.000       0.000       0.000       0.000       0.000       0.000    
   129600.   12.42164151   12.4092   0.000       0.000     -0.1087E-04   0.000     0.5124E-02-0.2518E-02-0.2596E-02  0.000      0.000      0.000       0.000       0.000       0.000       0.000       0.000       0.000    
   133200.   12.39669130   12.4066   0.000       0.000      0.8697E-05   0.000     0.4134E-02-0.2032E-02-0.2110E-02  0.000      0.000      0.000       0.000       0.000       0.000       0.000       0.000       0.000    
   136800.   12.38768482   12.4035   0.000       0.000      0.1385E-04   0.000     0.4014E-02-0.1975E-02-0.2053E-02  0.000      0.000      0.000       0.000       0.000       0.000       0.000       0.000       0.000    
   140400.   12.36590645   12.3988   0.000       0.000      0.2878E-04   0.000     0.3600E-02-0.1776E-02-0.1854E-02  0.000      0.000      0.000       0.000       0.000       0.000       0.000       0.000       0.000    
   144000.   12.36163614   12.3941   0.000       0.000      0.2844E-04   0.000     0.3759E-02-0.1855E-02-0.1933E-02  0.000      0.000      0.000       0.000       0.000       0.000       0.000       0.000       0.000    
   147600.   12.35975820   12.3897   0.000       0.000      0.2616E-04   0.000     0.3871E-02-0.1910E-02-0.1988E-02  0.000      0.000      0.000       0.000       0.000       0.000       0.000       0.000       0.000    
   151200.   12.35873914   12.3854   0.000       0.000      0.2332E-04   0.000     0.3943E-02-0.1944E-02-0.2022E-02  0.000      0.000      0.000       0.000       0.000       0.000       0.000       0.000       0.000    
   154800.   12.35807267   12.3813   0.000       0.000      0.2035E-04   0.000     0.3997E-02-0.1969E-02-0.2048E-02  0.000      0.000      0.000       0.000       0.000       0.000       0.000       0.000       0.000    
   158400.   12.37090836   12.3786   0.000       0.000      0.6739E-05   0.000     0.4383E-02-0.2156E-02-0.2234E-02  0.000      0.000      0.000       0.000       0.000       0.000       0.000       0.000       0.000    
   162000.   12.42644416   12.3807   0.000       0.000     -0.4006E-04   0.000     0.5727E-02-0.2804E-02-0.2883E-02  0.000      0.000      0.000       0.000       0.000       0.000       0.000       0.000       0.000    
   165600.   12.42376255   12.3820   0.000       0.000     -0.3651E-04   0.000     0.5135E-02-0.2510E-02-0.2588E-02  0.000      0.000      0.000       0.000       0.000       0.000       0.000       0.000       0.000    
   169200.   12.37951777   12.3795   0.000       0.000      0.2460E-07   0.000     0.3832E-02-0.1877E-02-0.1955E-02  0.000      0.000      0.000       0.000       0.000       0.000       0.000       0.000       0.000    
   172800.   12.36607228   12.3763   0.000       0.000      0.8935E-05   0.000     0.3833E-02-0.1882E-02-0.1960E-02  0.000      0.000      0.000       0.000       0.000       0.000       0.000       0.000       0.000    
