TOTIM (T)      HCON          HMAT      QDIR      QWELL        QMAT       QCADS      QTUB1      QTUB2      QTUB3      QTUB4      QTUB5      QTUB6       NSTOR        QFIX        QLH     FHLQ (LQ)        CAUCHY   CAUCHY (LQ)
     3600.   12.32165589   12.2989   0.000       0.000     -0.1988E-04   0.000     0.1865E-02-0.1846E-02  0.000      0.000      0.000      0.000       0.000       0.000       0.000       0.000       0.000       0.000    
     7200.   12.30838401   12.2978   0.000       0.000     -0.9233E-05   0.000     0.1669E-02-0.1660E-02  0.000      0.000      0.000      0.000       0.000       0.000       0.000       0.000       0.000       0.000    
    10800.   12.30594485   12.2967   0.000       0.000     -0.8119E-05   0.000     0.1694E-02-0.1686E-02  0.000      0.000      0.000      0.000       0.000       0.000       0.000       0.000       0.000       0.000    
    14400.   12.30482204   12.2955   0.000       0.000     -0.8146E-05   0.000     0.1715E-02-0.1707E-02  0.000      0.000      0.000      0.000       0.000       0.000       0.000       0.000       0.000       0.000    
    18000.   12.30411345   12.2944   0.000       0.000     -0.8509E-05   0.000     0.1727E-02-0.1719E-02  0.000      0.000      0.000      0.000       0.000       0.000       0.000       0.000       0.000       0.000    
    21600.   12.30358338   12.2933   0.000       0.000     -0.8994E-05   0.000     0.1736E-02-0.1727E-02  0.000      0.000      0.000      0.000       0.000       0.000       0.000       0.000       0.000       0.000    
    25200.   12.30313394   12.2923   0.000       0.000     -0.9515E-05   0.000     0.1742E-02-0.1733E-02  0.000      0.000      0.000      0.000       0.000       0.000       0.000       0.000       0.000       0.000    
    28800.   12.30272172   12.2913   0.000       0.000     -0.1003E-04   0.000     0.1748E-02-0.1738E-02  0.000      0.000      0.000      0.000       0.000       0.000       0.000       0.000       0.000       0.000    
    32400.   12.30235128   12.2903   0.000       0.000     -0.1055E-04   0.000     0.1752E-02-0.1741E-02  0.000      0.000      0.000      0.000       0.000       0.000       0.000       0.000       0.000       0.000    
    36000.   12.30197991   12.2894   0.000       0.000     -0.1104E-04   0.000     0.1756E-02-0.1745E-02  0.000      0.000      0.000      0.000       0.000       0.000       0.000       0.000       0.000       0.000    
    39600.   12.30160768   12.2885   0.000       0.000     -0.1149E-04   0.000     0.1759E-02-0.1748E-02  0.000      0.000      0.000      0.000       0.000       0.000       0.000       0.000       0.000       0.000    
    43200.   12.31455559   12.2887   0.000       0.000     -0.2260E-04   0.000     0.1958E-02-0.1935E-02  0.000      0.000      0.000      0.000       0.000       0.000       0.000       0.000       0.000       0.000    
    46800.   12.31665099   12.2891   0.000       0.000     -0.2413E-04   0.000     0.1936E-02-0.1912E-02  0.000      0.000      0.000      0.000       0.000       0.000       0.000       0.000       0.000       0.000    
    50400.   12.30408748   12.2883   0.000       0.000     -0.1380E-04   0.000     0.1724E-02-0.1710E-02  0.000      0.000      0.000      0.000       0.000       0.000       0.000       0.000       0.000       0.000    
    54000.   12.31530762   12.2886   0.000       0.000     -0.2336E-04   0.000     0.1934E-02-0.1910E-02  0.000      0.000      0.000      0.000       0.000       0.000       0.000       0.000       0.000       0.000    
    57600.   12.35022724   12.2918   0.000       0.000     -0.5115E-04   0.000     0.2408E-02-0.2357E-02  0.000      0.000      0.000      0.000       0.000       0.000       0.000       0.000       0.000       0.000    
    61200.   12.45730775   12.3035   0.000       0.000     -0.1346E-03   0.000     0.3785E-02-0.3650E-02  0.000      0.000      0.000      0.000       0.000       0.000       0.000       0.000       0.000       0.000    
    64800.   12.45234181   12.3134   0.000       0.000     -0.1216E-03   0.000     0.3148E-02-0.3026E-02  0.000      0.000      0.000      0.000       0.000       0.000       0.000       0.000       0.000       0.000    
    68400.   12.45134240   12.3225   0.000       0.000     -0.1127E-03   0.000     0.2910E-02-0.2798E-02  0.000      0.000      0.000      0.000       0.000       0.000       0.000       0.000       0.000       0.000    
    72000.   12.42124519   12.3284   0.000       0.000     -0.8125E-04   0.000     0.2362E-02-0.2280E-02  0.000      0.000      0.000      0.000       0.000       0.000       0.000       0.000       0.000       0.000    
    75600.   12.39152957   12.3315   0.000       0.000     -0.5249E-04   0.000     0.1991E-02-0.1938E-02  0.000      0.000      0.000      0.000       0.000       0.000       0.000       0.000       0.000       0.000    
    79200.   12.46698710   12.3410   0.000       0.000     -0.1103E-03   0.000     0.3216E-02-0.3105E-02  0.000      0.000      0.000      0.000       0.000       0.000       0.000       0.000       0.000       0.000    
    82800.   12.48074061   12.3506   0.000       0.000     -0.1139E-03   0.000     0.3100E-02-0.2986E-02  0.000      0.000      0.000      0.000       0.000       0.000       0.000       0.000       0.000       0.000    
    86400.   12.49455971   12.3606   0.000       0.000     -0.1173E-03   0.000     0.3085E-02-0.2968E-02  0.000      0.000      0.000      0.000       0.000       0.000       0.000       0.000       0.000       0.000    
    90000.   12.57441412   12.3764   0.000       0.000     -0.1732E-03   0.000     0.4065E-02-0.3892E-02  0.000      0.000      0.000      0.000       0.000       0.000       0.000       0.000       0.000       0.000    
    93600.   12.75992136   12.4064   0.000       0.000     -0.3094E-03   0.000     0.6285E-02-0.5976E-02  0.000      0.000      0.000      0.000       0.000       0.000       0.000       0.000       0.000       0.000    
    97200.   12.69438781   12.4277   0.000       0.000     -0.2333E-03   0.000     0.4256E-02-0.4023E-02  0.000      0.000      0.000      0.000       0.000       0.000       0.000       0.000       0.000       0.000    
   100800.   12.54981108   12.4356   0.000       0.000     -0.9994E-04   0.000     0.1956E-02-0.1856E-02  0.000      0.000      0.000      0.000       0.000       0.000       0.000       0.000       0.000       0.000    
   104400.   12.48217902   12.4380   0.000       0.000     -0.3865E-04   0.000     0.1483E-02-0.1444E-02  0.000      0.000      0.000      0.000       0.000       0.000       0.000       0.000       0.000       0.000    
   108000.   12.46117226   12.4390   0.000       0.000     -0.1940E-04   0.000     0.1629E-02-0.1610E-02  0.000      0.000      0.000      0.000       0.000       0.000       0.000       0.000       0.000       0.000    
   111600.   12.42849592   12.4374   0.000       0.000      0.7800E-05   0.000     0.1392E-02-0.1400E-02  0.000      0.000      0.000      0.000       0.000       0.000       0.000       0.000       0.000       0.000    
   115200.   12.40184020   12.4339   0.000       0.000      0.2807E-04   0.000     0.1230E-02-0.1259E-02  0.000      0.000      0.000      0.000       0.000       0.000       0.000       0.000       0.000       0.000    
   118800.   12.38258180   12.4292   0.000       0.000      0.4083E-04   0.000     0.1159E-02-0.1199E-02  0.000      0.000      0.000      0.000       0.000       0.000       0.000       0.000       0.000       0.000    
   122400.   12.39123857   12.4258   0.000       0.000      0.3020E-04   0.000     0.1460E-02-0.1490E-02  0.000      0.000      0.000      0.000       0.000       0.000       0.000       0.000       0.000       0.000    
   126000.   12.37166910   12.4208   0.000       0.000      0.4303E-04   0.000     0.1217E-02-0.1261E-02  0.000      0.000      0.000      0.000       0.000       0.000       0.000       0.000       0.000       0.000    
   129600.   12.42164367   12.4206   0.000       0.000     -0.9459E-06   0.000     0.2062E-02-0.2061E-02  0.000      0.000      0.000      0.000       0.000       0.000       0.000       0.000       0.000       0.000    
   133200.   12.39669274   12.4180   0.000       0.000      0.1862E-04   0.000     0.1534E-02-0.1552E-02  0.000      0.000      0.000      0.000       0.000       0.000       0.000       0.000       0.000       0.000    
   136800.   12.38768617   12.4149   0.000       0.000      0.2379E-04   0.000     0.1460E-02-0.1484E-02  0.000      0.000      0.000      0.000       0.000       0.000       0.000       0.000       0.000       0.000    
   140400.   12.36590754   12.4102   0.000       0.000      0.3876E-04   0.000     0.1220E-02-0.1259E-02  0.000      0.000      0.000      0.000       0.000       0.000       0.000       0.000       0.000       0.000    
   144000.   12.36163733   12.4056   0.000       0.000      0.3849E-04   0.000     0.1296E-02-0.1335E-02  0.000      0.000      0.000      0.000       0.000       0.000       0.000       0.000       0.000       0.000    
   147600.   12.35975945   12.4012   0.000       0.000      0.3629E-04   0.000     0.1357E-02-0.1393E-02  0.000      0.000      0.000      0.000       0.000       0.000       0.000       0.000       0.000       0.000    
   151200.   12.35874044   12.3971   0.000       0.000      0.3355E-04   0.000     0.1400E-02-0.1433E-02  0.000      0.000      0.000      0.000       0.000       0.000       0.000       0.000       0.000       0.000    
   154800.   12.35807401   12.3931   0.000       0.000      0.3069E-04   0.000     0.1433E-02-0.1464E-02  0.000      0.000      0.000      0.000       0.000       0.000       0.000       0.000       0.000       0.000    
   158400.   12.37090996   12.3906   0.000       0.000      0.1719E-04   0.000     0.1657E-02-0.1674E-02  0.000      0.000      0.000      0.000       0.000       0.000       0.000       0.000       0.000       0.000    
   162000.   12.42644685   12.3927   0.000       0.000     -0.2950E-04   0.000     0.2432E-02-0.2403E-02  0.000      0.000      0.000      0.000       0.000       0.000       0.000       0.000       0.000       0.000    
   165600.   12.42376475   12.3942   0.000       0.000     -0.2585E-04   0.000     0.2139E-02-0.2114E-02  0.000      0.000      0.000      0.000       0.000       0.000       0.000       0.000       0.000       0.000    
   169200.   12.37951902   12.3918   0.000       0.000      0.1079E-04   0.000     0.1411E-02-0.1422E-02  0.000      0.000      0.000      0.000       0.000       0.000       0.000       0.000       0.000       0.000    
   172800.   12.36607352   12.3887   0.000       0.000      0.1981E-04   0.000     0.1385E-02-0.1405E-02  0.000      0.000      0.000      0.000       0.000       0.000       0.000       0.000       0.000       0.000    
