TOTIM (T)      HCON          HMAT      QDIR      QWELL        QMAT       QCADS      QTUB1      QTUB2      QTUB3      QTUB4      QTUB5      QTUB6       NSTOR        QFIX        QLH     FHLQ (LQ)        CAUCHY   CAUCHY (LQ)
     3600.   12.32165579   12.3241   0.000       0.000      0.2149E-05   0.000     0.1136E-02 0.1616E-02-0.8972E-03-0.1857E-02  0.000      0.000       0.000       0.000       0.000       0.000       0.000       0.000    
     7200.   12.30838392   12.3230   0.000       0.000      0.1279E-04   0.000     0.1035E-02 0.1468E-02-0.8186E-03-0.1697E-02  0.000      0.000       0.000       0.000       0.000       0.000       0.000       0.000    
    10800.   12.30594476   12.3218   0.000       0.000      0.1389E-04   0.000     0.1051E-02 0.1485E-02-0.8302E-03-0.1719E-02  0.000      0.000       0.000       0.000       0.000       0.000       0.000       0.000    
    14400.   12.30482195   12.3206   0.000       0.000      0.1384E-04   0.000     0.1062E-02 0.1499E-02-0.8390E-03-0.1736E-02  0.000      0.000       0.000       0.000       0.000       0.000       0.000       0.000    
    18000.   12.30411335   12.3195   0.000       0.000      0.1345E-04   0.000     0.1069E-02 0.1508E-02-0.8442E-03-0.1746E-02  0.000      0.000       0.000       0.000       0.000       0.000       0.000       0.000    
    21600.   12.30358328   12.3184   0.000       0.000      0.1294E-04   0.000     0.1073E-02 0.1515E-02-0.8475E-03-0.1753E-02  0.000      0.000       0.000       0.000       0.000       0.000       0.000       0.000    
    25200.   12.30313385   12.3173   0.000       0.000      0.1238E-04   0.000     0.1076E-02 0.1520E-02-0.8500E-03-0.1758E-02  0.000      0.000       0.000       0.000       0.000       0.000       0.000       0.000    
    28800.   12.30272162   12.3162   0.000       0.000      0.1183E-04   0.000     0.1079E-02 0.1524E-02-0.8520E-03-0.1762E-02  0.000      0.000       0.000       0.000       0.000       0.000       0.000       0.000    
    32400.   12.30235119   12.3152   0.000       0.000      0.1127E-04   0.000     0.1081E-02 0.1527E-02-0.8535E-03-0.1766E-02  0.000      0.000       0.000       0.000       0.000       0.000       0.000       0.000    
    36000.   12.30197981   12.3143   0.000       0.000      0.1074E-04   0.000     0.1082E-02 0.1531E-02-0.8549E-03-0.1769E-02  0.000      0.000       0.000       0.000       0.000       0.000       0.000       0.000    
    39600.   12.30160759   12.3133   0.000       0.000      0.1024E-04   0.000     0.1084E-02 0.1534E-02-0.8562E-03-0.1772E-02  0.000      0.000       0.000       0.000       0.000       0.000       0.000       0.000    
    43200.   12.31455548   12.3135   0.000       0.000     -0.9033E-06   0.000     0.1185E-02 0.1684E-02-0.9355E-03-0.1933E-02  0.000      0.000       0.000       0.000       0.000       0.000       0.000       0.000    
    46800.   12.31665088   12.3138   0.000       0.000     -0.2464E-05   0.000     0.1171E-02 0.1669E-02-0.9248E-03-0.1913E-02  0.000      0.000       0.000       0.000       0.000       0.000       0.000       0.000    
    50400.   12.30408738   12.3130   0.000       0.000      0.7840E-05   0.000     0.1061E-02 0.1510E-02-0.8390E-03-0.1740E-02  0.000      0.000       0.000       0.000       0.000       0.000       0.000       0.000    
    54000.   12.31530751   12.3133   0.000       0.000     -0.1745E-05   0.000     0.1171E-02 0.1668E-02-0.9246E-03-0.1912E-02  0.000      0.000       0.000       0.000       0.000       0.000       0.000       0.000    
    57600.   12.35022711   12.3165   0.000       0.000     -0.2954E-04   0.000     0.1412E-02 0.2028E-02-0.1113E-02-0.2297E-02  0.000      0.000       0.000       0.000       0.000       0.000       0.000       0.000    
    61200.   12.45730755   12.3283   0.000       0.000     -0.1129E-03   0.000     0.2109E-02 0.3076E-02-0.1660E-02-0.3413E-02  0.000      0.000       0.000       0.000       0.000       0.000       0.000       0.000    
    64800.   12.45234165   12.3384   0.000       0.000     -0.9972E-04   0.000     0.1760E-02 0.2613E-02-0.1390E-02-0.2883E-02  0.000      0.000       0.000       0.000       0.000       0.000       0.000       0.000    
    68400.   12.45134225   12.3477   0.000       0.000     -0.9072E-04   0.000     0.1634E-02 0.2439E-02-0.1293E-02-0.2689E-02  0.000      0.000       0.000       0.000       0.000       0.000       0.000       0.000    
    72000.   12.42124506   12.3538   0.000       0.000     -0.5901E-04   0.000     0.1355E-02 0.2023E-02-0.1074E-02-0.2244E-02  0.000      0.000       0.000       0.000       0.000       0.000       0.000       0.000    
    75600.   12.39152947   12.3572   0.000       0.000     -0.3004E-04   0.000     0.1174E-02 0.1735E-02-0.9313E-03-0.1948E-02  0.000      0.000       0.000       0.000       0.000       0.000       0.000       0.000    
    79200.   12.46698693   12.3669   0.000       0.000     -0.8754E-04   0.000     0.1811E-02 0.2654E-02-0.1428E-02-0.2949E-02  0.000      0.000       0.000       0.000       0.000       0.000       0.000       0.000    
    82800.   12.48074044   12.3769   0.000       0.000     -0.9088E-04   0.000     0.1741E-02 0.2573E-02-0.1375E-02-0.2849E-02  0.000      0.000       0.000       0.000       0.000       0.000       0.000       0.000    
    86400.   12.49455955   12.3872   0.000       0.000     -0.9391E-04   0.000     0.1729E-02 0.2567E-02-0.1367E-02-0.2835E-02  0.000      0.000       0.000       0.000       0.000       0.000       0.000       0.000    
    90000.   12.57441391   12.4036   0.000       0.000     -0.1495E-03   0.000     0.2230E-02 0.3311E-02-0.1758E-02-0.3632E-02  0.000      0.000       0.000       0.000       0.000       0.000       0.000       0.000    
    93600.   12.75992103   12.4341   0.000       0.000     -0.2851E-03   0.000     0.3369E-02 0.5052E-02-0.2474E-02-0.5662E-02  0.000      0.000       0.000       0.000       0.000       0.000       0.000       0.000    
    97200.   12.69438760   12.4562   0.000       0.000     -0.2084E-03   0.000     0.2288E-02 0.3535E-02-0.1673E-02-0.3941E-02  0.000      0.000       0.000       0.000       0.000       0.000       0.000       0.000    
   100800.   12.54981097   12.4648   0.000       0.000     -0.7434E-04   0.000     0.1155E-02 0.1901E-02-0.3974E-03-0.2583E-02  0.000      0.000       0.000       0.000       0.000       0.000       0.000       0.000    
   104400.   12.48217894   12.4679   0.000       0.000     -0.1246E-04   0.000     0.9340E-03 0.1466E-02-0.3902E-03-0.1998E-02  0.000      0.000       0.000       0.000       0.000       0.000       0.000       0.000    
   108000.   12.46117217   12.4695   0.000       0.000      0.7315E-05   0.000     0.1043E-02 0.1571E-02-0.4030E-03-0.2218E-02  0.000      0.000       0.000       0.000       0.000       0.000       0.000       0.000    
   111600.   12.42849584   12.4685   0.000       0.000      0.3497E-04   0.000     0.9283E-03 0.1353E-02-0.3960E-03-0.1921E-02  0.000      0.000       0.000       0.000       0.000       0.000       0.000       0.000    
   115200.   12.40184013   12.4654   0.000       0.000      0.5561E-04   0.000     0.8523E-03 0.1206E-02-0.3888E-03-0.1725E-02  0.000      0.000       0.000       0.000       0.000       0.000       0.000       0.000    
   118800.   12.38258173   12.4610   0.000       0.000      0.6865E-04   0.000     0.8225E-03 0.1137E-02-0.3859E-03-0.1642E-02  0.000      0.000       0.000       0.000       0.000       0.000       0.000       0.000    
   122400.   12.39123848   12.4578   0.000       0.000      0.5823E-04   0.000     0.9933E-03 0.1391E-02-0.4060E-03-0.2036E-02  0.000      0.000       0.000       0.000       0.000       0.000       0.000       0.000    
   126000.   12.37166902   12.4530   0.000       0.000      0.7121E-04   0.000     0.8603E-03 0.1182E-02-0.3919E-03-0.1722E-02  0.000      0.000       0.000       0.000       0.000       0.000       0.000       0.000    
   129600.   12.42164356   12.4529   0.000       0.000      0.2733E-04   0.000     0.1327E-02 0.1914E-02-0.4186E-03-0.2849E-02  0.000      0.000       0.000       0.000       0.000       0.000       0.000       0.000    
   133200.   12.39669265   12.4504   0.000       0.000      0.4695E-04   0.000     0.1025E-02 0.1459E-02-0.4075E-03-0.2124E-02  0.000      0.000       0.000       0.000       0.000       0.000       0.000       0.000    
   136800.   12.38768609   12.4473   0.000       0.000      0.5214E-04   0.000     0.9868E-03 0.1396E-02-0.4045E-03-0.2031E-02  0.000      0.000       0.000       0.000       0.000       0.000       0.000       0.000    
   140400.   12.36590747   12.4426   0.000       0.000      0.6708E-04   0.000     0.8574E-03 0.1188E-02-0.3909E-03-0.1722E-02  0.000      0.000       0.000       0.000       0.000       0.000       0.000       0.000    
   144000.   12.36163725   12.4379   0.000       0.000      0.6672E-04   0.000     0.9034E-03 0.1251E-02-0.3970E-03-0.1824E-02  0.000      0.000       0.000       0.000       0.000       0.000       0.000       0.000    
   147600.   12.35975937   12.4334   0.000       0.000      0.6441E-04   0.000     0.9376E-03 0.1302E-02-0.4009E-03-0.1903E-02  0.000      0.000       0.000       0.000       0.000       0.000       0.000       0.000    
   151200.   12.35874036   12.4290   0.000       0.000      0.6150E-04   0.000     0.9604E-03 0.1339E-02-0.4031E-03-0.1957E-02  0.000      0.000       0.000       0.000       0.000       0.000       0.000       0.000    
   154800.   12.35807393   12.4249   0.000       0.000      0.5846E-04   0.000     0.9778E-03 0.1368E-02-0.4045E-03-0.2000E-02  0.000      0.000       0.000       0.000       0.000       0.000       0.000       0.000    
   158400.   12.37090986   12.4221   0.000       0.000      0.4477E-04   0.000     0.1099E-02 0.1562E-02-0.4128E-03-0.2293E-02  0.000      0.000       0.000       0.000       0.000       0.000       0.000       0.000    
   162000.   12.42644672   12.4240   0.000       0.000     -0.2114E-05   0.000     0.1523E-02 0.2245E-02-0.4119E-03-0.3354E-02  0.000      0.000       0.000       0.000       0.000       0.000       0.000       0.000    
   165600.   12.42376463   12.4253   0.000       0.000      0.1366E-05   0.000     0.1347E-02 0.1996E-02-0.4147E-03-0.2929E-02  0.000      0.000       0.000       0.000       0.000       0.000       0.000       0.000    
   169200.   12.37951894   12.4227   0.000       0.000      0.3782E-04   0.000     0.9428E-03 0.1365E-02-0.3982E-03-0.1948E-02  0.000      0.000       0.000       0.000       0.000       0.000       0.000       0.000    
   172800.   12.36607344   12.4194   0.000       0.000      0.4664E-04   0.000     0.9371E-03 0.1338E-02-0.3986E-03-0.1923E-02  0.000      0.000       0.000       0.000       0.000       0.000       0.000       0.000    
