TOTIM (T)      HCON          HMAT      QDIR      QWELL        QMAT       QCADS      QTUB1      QTUB2      QTUB3      QTUB4      QTUB5      QTUB6       NSTOR        QFIX        QLH     FHLQ (LQ)        CAUCHY   CAUCHY (LQ)
     3600.   12.32165488   12.2424   0.000       0.000     -0.6933E-04   0.000    -0.2482E-02 0.2551E-02  0.000      0.000      0.000      0.000       0.000       0.000       0.000       0.000       0.000       0.000    
     7200.   12.30838308   12.2413   0.000       0.000     -0.5869E-04   0.000    -0.2324E-02 0.2383E-02  0.000      0.000      0.000      0.000       0.000       0.000       0.000       0.000       0.000       0.000    
    10800.   12.30594390   12.2401   0.000       0.000     -0.5757E-04   0.000    -0.2373E-02 0.2431E-02  0.000      0.000      0.000      0.000       0.000       0.000       0.000       0.000       0.000       0.000    
    14400.   12.30482109   12.2390   0.000       0.000     -0.5760E-04   0.000    -0.2395E-02 0.2453E-02  0.000      0.000      0.000      0.000       0.000       0.000       0.000       0.000       0.000       0.000    
    18000.   12.30411249   12.2379   0.000       0.000     -0.5797E-04   0.000    -0.2406E-02 0.2464E-02  0.000      0.000      0.000      0.000       0.000       0.000       0.000       0.000       0.000       0.000    
    21600.   12.30358241   12.2368   0.000       0.000     -0.5845E-04   0.000    -0.2412E-02 0.2470E-02  0.000      0.000      0.000      0.000       0.000       0.000       0.000       0.000       0.000       0.000    
    25200.   12.30313297   12.2357   0.000       0.000     -0.5898E-04   0.000    -0.2415E-02 0.2473E-02  0.000      0.000      0.000      0.000       0.000       0.000       0.000       0.000       0.000       0.000    
    28800.   12.30272075   12.2347   0.000       0.000     -0.5950E-04   0.000    -0.2416E-02 0.2476E-02  0.000      0.000      0.000      0.000       0.000       0.000       0.000       0.000       0.000       0.000    
    32400.   12.30235031   12.2338   0.000       0.000     -0.6002E-04   0.000    -0.2417E-02 0.2477E-02  0.000      0.000      0.000      0.000       0.000       0.000       0.000       0.000       0.000       0.000    
    36000.   12.30197894   12.2328   0.000       0.000     -0.6050E-04   0.000    -0.2417E-02 0.2478E-02  0.000      0.000      0.000      0.000       0.000       0.000       0.000       0.000       0.000       0.000    
    39600.   12.30160671   12.2319   0.000       0.000     -0.6096E-04   0.000    -0.2417E-02 0.2478E-02  0.000      0.000      0.000      0.000       0.000       0.000       0.000       0.000       0.000       0.000    
    43200.   12.31455454   12.2322   0.000       0.000     -0.7207E-04   0.000    -0.2574E-02 0.2646E-02  0.000      0.000      0.000      0.000       0.000       0.000       0.000       0.000       0.000       0.000    
    46800.   12.31664995   12.2325   0.000       0.000     -0.7361E-04   0.000    -0.2525E-02 0.2599E-02  0.000      0.000      0.000      0.000       0.000       0.000       0.000       0.000       0.000       0.000    
    50400.   12.30408652   12.2318   0.000       0.000     -0.6327E-04   0.000    -0.2346E-02 0.2410E-02  0.000      0.000      0.000      0.000       0.000       0.000       0.000       0.000       0.000       0.000    
    54000.   12.31530658   12.2321   0.000       0.000     -0.7283E-04   0.000    -0.2540E-02 0.2613E-02  0.000      0.000      0.000      0.000       0.000       0.000       0.000       0.000       0.000       0.000    
    57600.   12.35022602   12.2352   0.000       0.000     -0.1006E-03   0.000    -0.2896E-02 0.2997E-02  0.000      0.000      0.000      0.000       0.000       0.000       0.000       0.000       0.000       0.000    
    61200.   12.45729792   12.2470   0.000       0.000     -0.1840E-03   0.000    -0.3920E-02 0.4104E-02  0.000      0.000      0.000      0.000       0.000       0.000       0.000       0.000       0.000       0.000    
    64800.   12.45233482   12.2569   0.000       0.000     -0.1710E-03   0.000    -0.3176E-02 0.3347E-02  0.000      0.000      0.000      0.000       0.000       0.000       0.000       0.000       0.000       0.000    
    68400.   12.45133627   12.2660   0.000       0.000     -0.1622E-03   0.000    -0.2994E-02 0.3156E-02  0.000      0.000      0.000      0.000       0.000       0.000       0.000       0.000       0.000       0.000    
    72000.   12.42124070   12.2719   0.000       0.000     -0.1307E-03   0.000    -0.2579E-02 0.2710E-02  0.000      0.000      0.000      0.000       0.000       0.000       0.000       0.000       0.000       0.000    
    75600.   12.39152595   12.2751   0.000       0.000     -0.1019E-03   0.000    -0.2376E-02 0.2478E-02  0.000      0.000      0.000      0.000       0.000       0.000       0.000       0.000       0.000       0.000    
    79200.   12.46697958   12.2845   0.000       0.000     -0.1596E-03   0.000    -0.3452E-02 0.3612E-02  0.000      0.000      0.000      0.000       0.000       0.000       0.000       0.000       0.000       0.000    
    82800.   12.48073369   12.2942   0.000       0.000     -0.1632E-03   0.000    -0.3223E-02 0.3386E-02  0.000      0.000      0.000      0.000       0.000       0.000       0.000       0.000       0.000       0.000    
    86400.   12.49455291   12.3042   0.000       0.000     -0.1666E-03   0.000    -0.3192E-02 0.3359E-02  0.000      0.000      0.000      0.000       0.000       0.000       0.000       0.000       0.000       0.000    
    90000.   12.57440358   12.3201   0.000       0.000     -0.2225E-03   0.000    -0.3969E-02 0.4192E-02  0.000      0.000      0.000      0.000       0.000       0.000       0.000       0.000       0.000       0.000    
    93600.   12.75989846   12.3500   0.000       0.000     -0.3586E-03   0.000    -0.5600E-02 0.5958E-02  0.000      0.000      0.000      0.000       0.000       0.000       0.000       0.000       0.000       0.000    
    97200.   12.69437697   12.3714   0.000       0.000     -0.2826E-03   0.000    -0.3600E-02 0.3883E-02  0.000      0.000      0.000      0.000       0.000       0.000       0.000       0.000       0.000       0.000    
   100800.   12.54980875   12.3794   0.000       0.000     -0.1491E-03   0.000    -0.1929E-02 0.2078E-02  0.000      0.000      0.000      0.000       0.000       0.000       0.000       0.000       0.000       0.000    
   104400.   12.48217723   12.3818   0.000       0.000     -0.8782E-04   0.000    -0.1939E-02 0.2026E-02  0.000      0.000      0.000      0.000       0.000       0.000       0.000       0.000       0.000       0.000    
   108000.   12.46117011   12.3828   0.000       0.000     -0.6854E-04   0.000    -0.2285E-02 0.2353E-02  0.000      0.000      0.000      0.000       0.000       0.000       0.000       0.000       0.000       0.000    
   111600.   12.42849406   12.3813   0.000       0.000     -0.4132E-04   0.000    -0.2194E-02 0.2236E-02  0.000      0.000      0.000      0.000       0.000       0.000       0.000       0.000       0.000       0.000    
   115200.   12.40183851   12.3778   0.000       0.000     -0.2104E-04   0.000    -0.2165E-02 0.2186E-02  0.000      0.000      0.000      0.000       0.000       0.000       0.000       0.000       0.000       0.000    
   118800.   12.38258016   12.3731   0.000       0.000     -0.8278E-05   0.000    -0.2184E-02 0.2192E-02  0.000      0.000      0.000      0.000       0.000       0.000       0.000       0.000       0.000       0.000    
   122400.   12.39123645   12.3696   0.000       0.000     -0.1891E-04   0.000    -0.2474E-02 0.2493E-02  0.000      0.000      0.000      0.000       0.000       0.000       0.000       0.000       0.000       0.000    
   126000.   12.37166735   12.3647   0.000       0.000     -0.6100E-05   0.000    -0.2262E-02 0.2268E-02  0.000      0.000      0.000      0.000       0.000       0.000       0.000       0.000       0.000       0.000    
   129600.   12.42164049   12.3644   0.000       0.000     -0.5010E-04   0.000    -0.2971E-02 0.3021E-02  0.000      0.000      0.000      0.000       0.000       0.000       0.000       0.000       0.000       0.000    
   133200.   12.39669055   12.3618   0.000       0.000     -0.3057E-04   0.000    -0.2432E-02 0.2463E-02  0.000      0.000      0.000      0.000       0.000       0.000       0.000       0.000       0.000       0.000    
   136800.   12.38768409   12.3586   0.000       0.000     -0.2543E-04   0.000    -0.2412E-02 0.2437E-02  0.000      0.000      0.000      0.000       0.000       0.000       0.000       0.000       0.000       0.000    
   140400.   12.36590582   12.3539   0.000       0.000     -0.1049E-04   0.000    -0.2235E-02 0.2245E-02  0.000      0.000      0.000      0.000       0.000       0.000       0.000       0.000       0.000       0.000    
   144000.   12.36163547   12.3493   0.000       0.000     -0.1081E-04   0.000    -0.2337E-02 0.2348E-02  0.000      0.000      0.000      0.000       0.000       0.000       0.000       0.000       0.000       0.000    
   147600.   12.35975750   12.3448   0.000       0.000     -0.1306E-04   0.000    -0.2387E-02 0.2400E-02  0.000      0.000      0.000      0.000       0.000       0.000       0.000       0.000       0.000       0.000    
   151200.   12.35873842   12.3406   0.000       0.000     -0.1586E-04   0.000    -0.2413E-02 0.2429E-02  0.000      0.000      0.000      0.000       0.000       0.000       0.000       0.000       0.000       0.000    
   154800.   12.35807195   12.3366   0.000       0.000     -0.1877E-04   0.000    -0.2428E-02 0.2447E-02  0.000      0.000      0.000      0.000       0.000       0.000       0.000       0.000       0.000       0.000    
   158400.   12.37090753   12.3340   0.000       0.000     -0.3233E-04   0.000    -0.2593E-02 0.2626E-02  0.000      0.000      0.000      0.000       0.000       0.000       0.000       0.000       0.000       0.000    
   162000.   12.42644297   12.3361   0.000       0.000     -0.7908E-04   0.000    -0.3171E-02 0.3250E-02  0.000      0.000      0.000      0.000       0.000       0.000       0.000       0.000       0.000       0.000    
   165600.   12.42376156   12.3375   0.000       0.000     -0.7549E-04   0.000    -0.2800E-02 0.2876E-02  0.000      0.000      0.000      0.000       0.000       0.000       0.000       0.000       0.000       0.000    
   169200.   12.37951711   12.3350   0.000       0.000     -0.3892E-04   0.000    -0.2207E-02 0.2246E-02  0.000      0.000      0.000      0.000       0.000       0.000       0.000       0.000       0.000       0.000    
   172800.   12.36607160   12.3318   0.000       0.000     -0.2996E-04   0.000    -0.2278E-02 0.2308E-02  0.000      0.000      0.000      0.000       0.000       0.000       0.000       0.000       0.000       0.000    
