TOTIM (T)      HCON          HMAT      QDIR      QWELL        QMAT       QCADS      QTUB1      QTUB2      QTUB3      QTUB4      QTUB5      QTUB6       NSTOR        QFIX        QLH     FHLQ (LQ)        CAUCHY   CAUCHY (LQ)
     3600.   12.32165559   12.2817   0.000       0.000     -0.3493E-04   0.000    -0.2581E-02 0.2616E-02  0.000      0.000      0.000      0.000       0.000       0.000       0.000       0.000       0.000       0.000    
     7200.   12.30838373   12.2806   0.000       0.000     -0.2428E-04   0.000    -0.2306E-02 0.2331E-02  0.000      0.000      0.000      0.000       0.000       0.000       0.000       0.000       0.000       0.000    
    10800.   12.30594456   12.2795   0.000       0.000     -0.2317E-04   0.000    -0.2343E-02 0.2366E-02  0.000      0.000      0.000      0.000       0.000       0.000       0.000       0.000       0.000       0.000    
    14400.   12.30482175   12.2783   0.000       0.000     -0.2320E-04   0.000    -0.2365E-02 0.2388E-02  0.000      0.000      0.000      0.000       0.000       0.000       0.000       0.000       0.000       0.000    
    18000.   12.30411316   12.2772   0.000       0.000     -0.2356E-04   0.000    -0.2380E-02 0.2404E-02  0.000      0.000      0.000      0.000       0.000       0.000       0.000       0.000       0.000       0.000    
    21600.   12.30358308   12.2761   0.000       0.000     -0.2405E-04   0.000    -0.2391E-02 0.2415E-02  0.000      0.000      0.000      0.000       0.000       0.000       0.000       0.000       0.000       0.000    
    25200.   12.30313365   12.2751   0.000       0.000     -0.2457E-04   0.000    -0.2399E-02 0.2424E-02  0.000      0.000      0.000      0.000       0.000       0.000       0.000       0.000       0.000       0.000    
    28800.   12.30272142   12.2741   0.000       0.000     -0.2508E-04   0.000    -0.2407E-02 0.2432E-02  0.000      0.000      0.000      0.000       0.000       0.000       0.000       0.000       0.000       0.000    
    32400.   12.30235099   12.2731   0.000       0.000     -0.2560E-04   0.000    -0.2413E-02 0.2439E-02  0.000      0.000      0.000      0.000       0.000       0.000       0.000       0.000       0.000       0.000    
    36000.   12.30197961   12.2722   0.000       0.000     -0.2609E-04   0.000    -0.2419E-02 0.2445E-02  0.000      0.000      0.000      0.000       0.000       0.000       0.000       0.000       0.000       0.000    
    39600.   12.30160739   12.2713   0.000       0.000     -0.2654E-04   0.000    -0.2424E-02 0.2451E-02  0.000      0.000      0.000      0.000       0.000       0.000       0.000       0.000       0.000       0.000    
    43200.   12.31455528   12.2715   0.000       0.000     -0.3765E-04   0.000    -0.2703E-02 0.2740E-02  0.000      0.000      0.000      0.000       0.000       0.000       0.000       0.000       0.000       0.000    
    46800.   12.31665068   12.2719   0.000       0.000     -0.3918E-04   0.000    -0.2671E-02 0.2710E-02  0.000      0.000      0.000      0.000       0.000       0.000       0.000       0.000       0.000       0.000    
    50400.   12.30408719   12.2711   0.000       0.000     -0.2884E-04   0.000    -0.2378E-02 0.2407E-02  0.000      0.000      0.000      0.000       0.000       0.000       0.000       0.000       0.000       0.000    
    54000.   12.31530731   12.2714   0.000       0.000     -0.3840E-04   0.000    -0.2677E-02 0.2716E-02  0.000      0.000      0.000      0.000       0.000       0.000       0.000       0.000       0.000       0.000    
    57600.   12.35022689   12.2746   0.000       0.000     -0.6620E-04   0.000    -0.3339E-02 0.3405E-02  0.000      0.000      0.000      0.000       0.000       0.000       0.000       0.000       0.000       0.000    
    61200.   12.45729921   12.2863   0.000       0.000     -0.1496E-03   0.000    -0.5280E-02 0.5430E-02  0.000      0.000      0.000      0.000       0.000       0.000       0.000       0.000       0.000       0.000    
    64800.   12.45233589   12.2962   0.000       0.000     -0.1366E-03   0.000    -0.4393E-02 0.4530E-02  0.000      0.000      0.000      0.000       0.000       0.000       0.000       0.000       0.000       0.000    
    68400.   12.45133727   12.3053   0.000       0.000     -0.1278E-03   0.000    -0.4114E-02 0.4242E-02  0.000      0.000      0.000      0.000       0.000       0.000       0.000       0.000       0.000       0.000    
    72000.   12.42124154   12.3112   0.000       0.000     -0.9629E-04   0.000    -0.3353E-02 0.3450E-02  0.000      0.000      0.000      0.000       0.000       0.000       0.000       0.000       0.000       0.000    
    75600.   12.39152669   12.3143   0.000       0.000     -0.6753E-04   0.000    -0.2834E-02 0.2901E-02  0.000      0.000      0.000      0.000       0.000       0.000       0.000       0.000       0.000       0.000    
    79200.   12.46698071   12.3238   0.000       0.000     -0.1253E-03   0.000    -0.4545E-02 0.4670E-02  0.000      0.000      0.000      0.000       0.000       0.000       0.000       0.000       0.000       0.000    
    82800.   12.48073475   12.3334   0.000       0.000     -0.1289E-03   0.000    -0.4356E-02 0.4485E-02  0.000      0.000      0.000      0.000       0.000       0.000       0.000       0.000       0.000       0.000    
    86400.   12.49455397   12.3434   0.000       0.000     -0.1323E-03   0.000    -0.4362E-02 0.4495E-02  0.000      0.000      0.000      0.000       0.000       0.000       0.000       0.000       0.000       0.000    
    90000.   12.57440494   12.3592   0.000       0.000     -0.1883E-03   0.000    -0.5755E-02 0.5943E-02  0.000      0.000      0.000      0.000       0.000       0.000       0.000       0.000       0.000       0.000    
    93600.   12.75991001   12.3892   0.000       0.000     -0.3244E-03   0.000    -0.8883E-02 0.9207E-02  0.000      0.000      0.000      0.000       0.000       0.000       0.000       0.000       0.000       0.000    
    97200.   12.69438246   12.4105   0.000       0.000     -0.2484E-03   0.000    -0.6047E-02 0.6296E-02  0.000      0.000      0.000      0.000       0.000       0.000       0.000       0.000       0.000       0.000    
   100800.   12.54981028   12.4184   0.000       0.000     -0.1150E-03   0.000    -0.2909E-02 0.3024E-02  0.000      0.000      0.000      0.000       0.000       0.000       0.000       0.000       0.000       0.000    
   104400.   12.48217834   12.4208   0.000       0.000     -0.5374E-04   0.000    -0.2244E-02 0.2298E-02  0.000      0.000      0.000      0.000       0.000       0.000       0.000       0.000       0.000       0.000    
   108000.   12.46117139   12.4217   0.000       0.000     -0.3450E-04   0.000    -0.2379E-02 0.2413E-02  0.000      0.000      0.000      0.000       0.000       0.000       0.000       0.000       0.000       0.000    
   111600.   12.42849509   12.4201   0.000       0.000     -0.7312E-05   0.000    -0.1990E-02 0.1997E-02  0.000      0.000      0.000      0.000       0.000       0.000       0.000       0.000       0.000       0.000    
   115200.   12.40183940   12.4166   0.000       0.000      0.1294E-04   0.000    -0.1738E-02 0.1725E-02  0.000      0.000      0.000      0.000       0.000       0.000       0.000       0.000       0.000       0.000    
   118800.   12.38258100   12.4119   0.000       0.000      0.2569E-04   0.000    -0.1616E-02 0.1590E-02  0.000      0.000      0.000      0.000       0.000       0.000       0.000       0.000       0.000       0.000    
   122400.   12.39123759   12.4084   0.000       0.000      0.1504E-04   0.000    -0.2024E-02 0.2009E-02  0.000      0.000      0.000      0.000       0.000       0.000       0.000       0.000       0.000       0.000    
   126000.   12.37166824   12.4035   0.000       0.000      0.2786E-04   0.000    -0.1670E-02 0.1642E-02  0.000      0.000      0.000      0.000       0.000       0.000       0.000       0.000       0.000       0.000    
   129600.   12.42164233   12.4032   0.000       0.000     -0.1614E-04   0.000    -0.2863E-02 0.2880E-02  0.000      0.000      0.000      0.000       0.000       0.000       0.000       0.000       0.000       0.000    
   133200.   12.39669172   12.4006   0.000       0.000      0.3404E-05   0.000    -0.2110E-02 0.2107E-02  0.000      0.000      0.000      0.000       0.000       0.000       0.000       0.000       0.000       0.000    
   136800.   12.38768521   12.3975   0.000       0.000      0.8557E-05   0.000    -0.2033E-02 0.2024E-02  0.000      0.000      0.000      0.000       0.000       0.000       0.000       0.000       0.000       0.000    
   140400.   12.36590670   12.3928   0.000       0.000      0.2352E-04   0.000    -0.1691E-02 0.1668E-02  0.000      0.000      0.000      0.000       0.000       0.000       0.000       0.000       0.000       0.000    
   144000.   12.36163644   12.3882   0.000       0.000      0.2323E-04   0.000    -0.1797E-02 0.1773E-02  0.000      0.000      0.000      0.000       0.000       0.000       0.000       0.000       0.000       0.000    
   147600.   12.35975852   12.3838   0.000       0.000      0.2101E-04   0.000    -0.1872E-02 0.1851E-02  0.000      0.000      0.000      0.000       0.000       0.000       0.000       0.000       0.000       0.000    
   151200.   12.35873948   12.3796   0.000       0.000      0.1825E-04   0.000    -0.1928E-02 0.1910E-02  0.000      0.000      0.000      0.000       0.000       0.000       0.000       0.000       0.000       0.000    
   154800.   12.35807304   12.3757   0.000       0.000      0.1538E-04   0.000    -0.1974E-02 0.1959E-02  0.000      0.000      0.000      0.000       0.000       0.000       0.000       0.000       0.000       0.000    
   158400.   12.37090886   12.3730   0.000       0.000      0.1867E-05   0.000    -0.2288E-02 0.2286E-02  0.000      0.000      0.000      0.000       0.000       0.000       0.000       0.000       0.000       0.000    
   162000.   12.42644531   12.3752   0.000       0.000     -0.4484E-04   0.000    -0.3379E-02 0.3424E-02  0.000      0.000      0.000      0.000       0.000       0.000       0.000       0.000       0.000       0.000    
   165600.   12.42376342   12.3767   0.000       0.000     -0.4121E-04   0.000    -0.2969E-02 0.3011E-02  0.000      0.000      0.000      0.000       0.000       0.000       0.000       0.000       0.000       0.000    
   169200.   12.37951813   12.3743   0.000       0.000     -0.4581E-05   0.000    -0.1973E-02 0.1977E-02  0.000      0.000      0.000      0.000       0.000       0.000       0.000       0.000       0.000       0.000    
   172800.   12.36607264   12.3711   0.000       0.000      0.4427E-05   0.000    -0.1945E-02 0.1941E-02  0.000      0.000      0.000      0.000       0.000       0.000       0.000       0.000       0.000       0.000    
