TOTIM (T)      HCON          HMAT      QDIR      QWELL        QMAT       QCADS      QTUB1      QTUB2      QTUB3      QTUB4      QTUB5      QTUB6       NSTOR        QFIX        QLH     FHLQ (LQ)        CAUCHY   CAUCHY (LQ)
     3600.   12.32165577   12.3535   0.000       0.000      0.2788E-04   0.000     0.8972E-03 0.1853E-02-0.2779E-02  0.000      0.000      0.000       0.000       0.000       0.000       0.000       0.000       0.000    
     7200.   12.30838390   12.3524   0.000       0.000      0.3852E-04   0.000     0.8186E-03 0.1692E-02-0.2549E-02  0.000      0.000      0.000       0.000       0.000       0.000       0.000       0.000       0.000    
    10800.   12.30594474   12.3512   0.000       0.000      0.3963E-04   0.000     0.8302E-03 0.1712E-02-0.2582E-02  0.000      0.000      0.000       0.000       0.000       0.000       0.000       0.000       0.000    
    14400.   12.30482193   12.3501   0.000       0.000      0.3959E-04   0.000     0.8390E-03 0.1728E-02-0.2607E-02  0.000      0.000      0.000       0.000       0.000       0.000       0.000       0.000       0.000    
    18000.   12.30411333   12.3489   0.000       0.000      0.3922E-04   0.000     0.8442E-03 0.1738E-02-0.2622E-02  0.000      0.000      0.000       0.000       0.000       0.000       0.000       0.000       0.000    
    21600.   12.30358326   12.3478   0.000       0.000      0.3872E-04   0.000     0.8475E-03 0.1745E-02-0.2631E-02  0.000      0.000      0.000       0.000       0.000       0.000       0.000       0.000       0.000    
    25200.   12.30313382   12.3468   0.000       0.000      0.3818E-04   0.000     0.8500E-03 0.1750E-02-0.2639E-02  0.000      0.000      0.000       0.000       0.000       0.000       0.000       0.000       0.000    
    28800.   12.30272160   12.3457   0.000       0.000      0.3764E-04   0.000     0.8520E-03 0.1755E-02-0.2645E-02  0.000      0.000      0.000       0.000       0.000       0.000       0.000       0.000       0.000    
    32400.   12.30235117   12.3448   0.000       0.000      0.3710E-04   0.000     0.8535E-03 0.1758E-02-0.2649E-02  0.000      0.000      0.000       0.000       0.000       0.000       0.000       0.000       0.000    
    36000.   12.30197979   12.3438   0.000       0.000      0.3659E-04   0.000     0.8549E-03 0.1762E-02-0.2653E-02  0.000      0.000      0.000       0.000       0.000       0.000       0.000       0.000       0.000    
    39600.   12.30160757   12.3429   0.000       0.000      0.3612E-04   0.000     0.8562E-03 0.1765E-02-0.2657E-02  0.000      0.000      0.000       0.000       0.000       0.000       0.000       0.000       0.000    
    43200.   12.31455546   12.3431   0.000       0.000      0.2499E-04   0.000     0.9355E-03 0.1929E-02-0.2889E-02  0.000      0.000      0.000       0.000       0.000       0.000       0.000       0.000       0.000    
    46800.   12.31665086   12.3434   0.000       0.000      0.2344E-04   0.000     0.9248E-03 0.1911E-02-0.2859E-02  0.000      0.000      0.000       0.000       0.000       0.000       0.000       0.000       0.000    
    50400.   12.30408736   12.3427   0.000       0.000      0.3376E-04   0.000     0.8390E-03 0.1737E-02-0.2609E-02  0.000      0.000      0.000       0.000       0.000       0.000       0.000       0.000       0.000    
    54000.   12.31530749   12.3429   0.000       0.000      0.2419E-04   0.000     0.9246E-03 0.1910E-02-0.2859E-02  0.000      0.000      0.000       0.000       0.000       0.000       0.000       0.000       0.000    
    57600.   12.35022708   12.3461   0.000       0.000     -0.3609E-05   0.000     0.1113E-02 0.2301E-02-0.3411E-02  0.000      0.000      0.000       0.000       0.000       0.000       0.000       0.000       0.000    
    61200.   12.45730751   12.3579   0.000       0.000     -0.8700E-04   0.000     0.1660E-02 0.3440E-02-0.5013E-02  0.000      0.000      0.000       0.000       0.000       0.000       0.000       0.000       0.000    
    64800.   12.45234161   12.3679   0.000       0.000     -0.7390E-04   0.000     0.1390E-02 0.2920E-02-0.4236E-02  0.000      0.000      0.000       0.000       0.000       0.000       0.000       0.000       0.000    
    68400.   12.45134222   12.3771   0.000       0.000     -0.6500E-04   0.000     0.1293E-02 0.2727E-02-0.3955E-02  0.000      0.000      0.000       0.000       0.000       0.000       0.000       0.000       0.000    
    72000.   12.42124504   12.3831   0.000       0.000     -0.3339E-04   0.000     0.1074E-02 0.2274E-02-0.3315E-02  0.000      0.000      0.000       0.000       0.000       0.000       0.000       0.000       0.000    
    75600.   12.39152944   12.3864   0.000       0.000     -0.4521E-05   0.000     0.9313E-03 0.1966E-02-0.2893E-02  0.000      0.000      0.000       0.000       0.000       0.000       0.000       0.000       0.000    
    79200.   12.46698689   12.3960   0.000       0.000     -0.6215E-04   0.000     0.1428E-02 0.2975E-02-0.4341E-02  0.000      0.000      0.000       0.000       0.000       0.000       0.000       0.000       0.000    
    82800.   12.48074041   12.4057   0.000       0.000     -0.6563E-04   0.000     0.1375E-02 0.2880E-02-0.4190E-02  0.000      0.000      0.000       0.000       0.000       0.000       0.000       0.000       0.000    
    86400.   12.49455951   12.4159   0.000       0.000     -0.6883E-04   0.000     0.1367E-02 0.2870E-02-0.4168E-02  0.000      0.000      0.000       0.000       0.000       0.000       0.000       0.000       0.000    
    90000.   12.57441386   12.4320   0.000       0.000     -0.1246E-03   0.000     0.1758E-02 0.3681E-02-0.5315E-02  0.000      0.000      0.000       0.000       0.000       0.000       0.000       0.000       0.000    
    93600.   12.75992097   12.4623   0.000       0.000     -0.2604E-03   0.000     0.2474E-02 0.5451E-02-0.7664E-02  0.000      0.000      0.000       0.000       0.000       0.000       0.000       0.000       0.000    
    97200.   12.69438755   12.4840   0.000       0.000     -0.1841E-03   0.000     0.1673E-02 0.3799E-02-0.5288E-02  0.000      0.000      0.000       0.000       0.000       0.000       0.000       0.000       0.000    
   100800.   12.54981096   12.4923   0.000       0.000     -0.5035E-04   0.000     0.3974E-03 0.1758E-02-0.2105E-02  0.000      0.000      0.000       0.000       0.000       0.000       0.000       0.000       0.000    
   104400.   12.48217893   12.4950   0.000       0.000      0.1125E-04   0.000     0.3902E-03 0.1424E-02-0.1825E-02  0.000      0.000      0.000       0.000       0.000       0.000       0.000       0.000       0.000    
   108000.   12.46117216   12.4963   0.000       0.000      0.3078E-04   0.000     0.4030E-03 0.1510E-02-0.1943E-02  0.000      0.000      0.000       0.000       0.000       0.000       0.000       0.000       0.000    
   111600.   12.42849583   12.4950   0.000       0.000      0.5822E-04   0.000     0.3960E-03 0.1340E-02-0.1794E-02  0.000      0.000      0.000       0.000       0.000       0.000       0.000       0.000       0.000    
   115200.   12.40184012   12.4918   0.000       0.000      0.7868E-04   0.000     0.3888E-03 0.1223E-02-0.1690E-02  0.000      0.000      0.000       0.000       0.000       0.000       0.000       0.000       0.000    
   118800.   12.38258172   12.4873   0.000       0.000      0.9160E-04   0.000     0.3859E-03 0.1168E-02-0.1646E-02  0.000      0.000      0.000       0.000       0.000       0.000       0.000       0.000       0.000    
   122400.   12.39123847   12.4839   0.000       0.000      0.8109E-04   0.000     0.4060E-03 0.1373E-02-0.1860E-02  0.000      0.000      0.000       0.000       0.000       0.000       0.000       0.000       0.000    
   126000.   12.37166901   12.4791   0.000       0.000      0.9400E-04   0.000     0.3919E-03 0.1206E-02-0.1692E-02  0.000      0.000      0.000       0.000       0.000       0.000       0.000       0.000       0.000    
   129600.   12.42164355   12.4789   0.000       0.000      0.5008E-04   0.000     0.4186E-03 0.1778E-02-0.2246E-02  0.000      0.000      0.000       0.000       0.000       0.000       0.000       0.000       0.000    
   133200.   12.39669264   12.4763   0.000       0.000      0.6968E-04   0.000     0.4075E-03 0.1426E-02-0.1903E-02  0.000      0.000      0.000       0.000       0.000       0.000       0.000       0.000       0.000    
   136800.   12.38768608   12.4732   0.000       0.000      0.7486E-04   0.000     0.4045E-03 0.1376E-02-0.1856E-02  0.000      0.000      0.000       0.000       0.000       0.000       0.000       0.000       0.000    
   140400.   12.36590746   12.4686   0.000       0.000      0.8983E-04   0.000     0.3909E-03 0.1210E-02-0.1691E-02  0.000      0.000      0.000       0.000       0.000       0.000       0.000       0.000       0.000    
   144000.   12.36163724   12.4639   0.000       0.000      0.8952E-04   0.000     0.3970E-03 0.1261E-02-0.1748E-02  0.000      0.000      0.000       0.000       0.000       0.000       0.000       0.000       0.000    
   147600.   12.35975936   12.4595   0.000       0.000      0.8726E-04   0.000     0.4009E-03 0.1302E-02-0.1790E-02  0.000      0.000      0.000       0.000       0.000       0.000       0.000       0.000       0.000    
   151200.   12.35874035   12.4552   0.000       0.000      0.8444E-04   0.000     0.4031E-03 0.1332E-02-0.1819E-02  0.000      0.000      0.000       0.000       0.000       0.000       0.000       0.000       0.000    
   154800.   12.35807392   12.4512   0.000       0.000      0.8149E-04   0.000     0.4045E-03 0.1355E-02-0.1841E-02  0.000      0.000      0.000       0.000       0.000       0.000       0.000       0.000       0.000    
   158400.   12.37090985   12.4485   0.000       0.000      0.6789E-04   0.000     0.4128E-03 0.1508E-02-0.1988E-02  0.000      0.000      0.000       0.000       0.000       0.000       0.000       0.000       0.000    
   162000.   12.42644671   12.4506   0.000       0.000      0.2110E-04   0.000     0.4119E-03 0.2025E-02-0.2458E-02  0.000      0.000      0.000       0.000       0.000       0.000       0.000       0.000       0.000    
   165600.   12.42376462   12.4520   0.000       0.000      0.2467E-04   0.000     0.4147E-03 0.1838E-02-0.2277E-02  0.000      0.000      0.000       0.000       0.000       0.000       0.000       0.000       0.000    
   169200.   12.37951893   12.4495   0.000       0.000      0.6121E-04   0.000     0.3982E-03 0.1350E-02-0.1809E-02  0.000      0.000      0.000       0.000       0.000       0.000       0.000       0.000       0.000    
   172800.   12.36607343   12.4462   0.000       0.000      0.7013E-04   0.000     0.3986E-03 0.1329E-02-0.1798E-02  0.000      0.000      0.000       0.000       0.000       0.000       0.000       0.000       0.000    
