TOTIM (T)      HCON          HMAT      QDIR      QWELL        QMAT       QCADS      QTUB1      QTUB2      QTUB3      QTUB4      QTUB5      QTUB6       NSTOR        QFIX        QLH     FHLQ (LQ)        CAUCHY   CAUCHY (LQ)
     3600.   12.32165514   12.2799   0.000       0.000     -0.3655E-04   0.000     0.4365E-02-0.4329E-02  0.000      0.000      0.000      0.000       0.000       0.000       0.000       0.000       0.000       0.000    
     7200.   12.30838332   12.2788   0.000       0.000     -0.2590E-04   0.000     0.4061E-02-0.4035E-02  0.000      0.000      0.000      0.000       0.000       0.000       0.000       0.000       0.000       0.000    
    10800.   12.30594415   12.2776   0.000       0.000     -0.2478E-04   0.000     0.4125E-02-0.4100E-02  0.000      0.000      0.000      0.000       0.000       0.000       0.000       0.000       0.000       0.000    
    14400.   12.30482133   12.2765   0.000       0.000     -0.2481E-04   0.000     0.4166E-02-0.4141E-02  0.000      0.000      0.000      0.000       0.000       0.000       0.000       0.000       0.000       0.000    
    18000.   12.30411274   12.2753   0.000       0.000     -0.2517E-04   0.000     0.4188E-02-0.4163E-02  0.000      0.000      0.000      0.000       0.000       0.000       0.000       0.000       0.000       0.000    
    21600.   12.30358266   12.2743   0.000       0.000     -0.2566E-04   0.000     0.4201E-02-0.4175E-02  0.000      0.000      0.000      0.000       0.000       0.000       0.000       0.000       0.000       0.000    
    25200.   12.30313322   12.2732   0.000       0.000     -0.2618E-04   0.000     0.4209E-02-0.4183E-02  0.000      0.000      0.000      0.000       0.000       0.000       0.000       0.000       0.000       0.000    
    28800.   12.30272100   12.2722   0.000       0.000     -0.2669E-04   0.000     0.4215E-02-0.4189E-02  0.000      0.000      0.000      0.000       0.000       0.000       0.000       0.000       0.000       0.000    
    32400.   12.30235056   12.2713   0.000       0.000     -0.2721E-04   0.000     0.4219E-02-0.4192E-02  0.000      0.000      0.000      0.000       0.000       0.000       0.000       0.000       0.000       0.000    
    36000.   12.30197919   12.2703   0.000       0.000     -0.2770E-04   0.000     0.4222E-02-0.4194E-02  0.000      0.000      0.000      0.000       0.000       0.000       0.000       0.000       0.000       0.000    
    39600.   12.30160696   12.2694   0.000       0.000     -0.2815E-04   0.000     0.4225E-02-0.4197E-02  0.000      0.000      0.000      0.000       0.000       0.000       0.000       0.000       0.000       0.000    
    43200.   12.31455481   12.2697   0.000       0.000     -0.3926E-04   0.000     0.4530E-02-0.4491E-02  0.000      0.000      0.000      0.000       0.000       0.000       0.000       0.000       0.000       0.000    
    46800.   12.31665021   12.2700   0.000       0.000     -0.4079E-04   0.000     0.4468E-02-0.4427E-02  0.000      0.000      0.000      0.000       0.000       0.000       0.000       0.000       0.000       0.000    
    50400.   12.30408677   12.2693   0.000       0.000     -0.3045E-04   0.000     0.4128E-02-0.4097E-02  0.000      0.000      0.000      0.000       0.000       0.000       0.000       0.000       0.000       0.000    
    54000.   12.31530684   12.2696   0.000       0.000     -0.4001E-04   0.000     0.4472E-02-0.4432E-02  0.000      0.000      0.000      0.000       0.000       0.000       0.000       0.000       0.000       0.000    
    57600.   12.35022632   12.2727   0.000       0.000     -0.6780E-04   0.000     0.5187E-02-0.5119E-02  0.000      0.000      0.000      0.000       0.000       0.000       0.000       0.000       0.000       0.000    
    61200.   12.45730131   12.2845   0.000       0.000     -0.1512E-03   0.000     0.7238E-02-0.7086E-02  0.000      0.000      0.000      0.000       0.000       0.000       0.000       0.000       0.000       0.000    
    64800.   12.45233716   12.2944   0.000       0.000     -0.1382E-03   0.000     0.6034E-02-0.5896E-02  0.000      0.000      0.000      0.000       0.000       0.000       0.000       0.000       0.000       0.000    
    68400.   12.45133831   12.3035   0.000       0.000     -0.1294E-03   0.000     0.5631E-02-0.5502E-02  0.000      0.000      0.000      0.000       0.000       0.000       0.000       0.000       0.000       0.000    
    72000.   12.42124220   12.3094   0.000       0.000     -0.9790E-04   0.000     0.4798E-02-0.4700E-02  0.000      0.000      0.000      0.000       0.000       0.000       0.000       0.000       0.000       0.000    
    75600.   12.39152719   12.3125   0.000       0.000     -0.6914E-04   0.000     0.4310E-02-0.4241E-02  0.000      0.000      0.000      0.000       0.000       0.000       0.000       0.000       0.000       0.000    
    79200.   12.46698216   12.3219   0.000       0.000     -0.1269E-03   0.000     0.6298E-02-0.6171E-02  0.000      0.000      0.000      0.000       0.000       0.000       0.000       0.000       0.000       0.000    
    82800.   12.48073602   12.3315   0.000       0.000     -0.1305E-03   0.000     0.6018E-02-0.5887E-02  0.000      0.000      0.000      0.000       0.000       0.000       0.000       0.000       0.000       0.000    
    86400.   12.49455519   12.3415   0.000       0.000     -0.1339E-03   0.000     0.5956E-02-0.5822E-02  0.000      0.000      0.000      0.000       0.000       0.000       0.000       0.000       0.000       0.000    
    90000.   12.57440710   12.3574   0.000       0.000     -0.1899E-03   0.000     0.7452E-02-0.7262E-02  0.000      0.000      0.000      0.000       0.000       0.000       0.000       0.000       0.000       0.000    
    93600.   12.75990561   12.3873   0.000       0.000     -0.3260E-03   0.000     0.1074E-01-0.1042E-01  0.000      0.000      0.000      0.000       0.000       0.000       0.000       0.000       0.000       0.000    
    97200.   12.69438019   12.4086   0.000       0.000     -0.2500E-03   0.000     0.7255E-02-0.7005E-02  0.000      0.000      0.000      0.000       0.000       0.000       0.000       0.000       0.000       0.000    
   100800.   12.54980897   12.4165   0.000       0.000     -0.1166E-03   0.000     0.3783E-02-0.3666E-02  0.000      0.000      0.000      0.000       0.000       0.000       0.000       0.000       0.000       0.000    
   104400.   12.48217743   12.4189   0.000       0.000     -0.5537E-04   0.000     0.3408E-02-0.3353E-02  0.000      0.000      0.000      0.000       0.000       0.000       0.000       0.000       0.000       0.000    
   108000.   12.46117033   12.4199   0.000       0.000     -0.3613E-04   0.000     0.3901E-02-0.3865E-02  0.000      0.000      0.000      0.000       0.000       0.000       0.000       0.000       0.000       0.000    
   111600.   12.42849427   12.4183   0.000       0.000     -0.8946E-05   0.000     0.3673E-02-0.3664E-02  0.000      0.000      0.000      0.000       0.000       0.000       0.000       0.000       0.000       0.000    
   115200.   12.40183872   12.4148   0.000       0.000      0.1131E-04   0.000     0.3536E-02-0.3547E-02  0.000      0.000      0.000      0.000       0.000       0.000       0.000       0.000       0.000       0.000    
   118800.   12.38258038   12.4101   0.000       0.000      0.2405E-04   0.000     0.3511E-02-0.3535E-02  0.000      0.000      0.000      0.000       0.000       0.000       0.000       0.000       0.000       0.000    
   122400.   12.39123670   12.4066   0.000       0.000      0.1340E-04   0.000     0.4035E-02-0.4048E-02  0.000      0.000      0.000      0.000       0.000       0.000       0.000       0.000       0.000       0.000    
   126000.   12.37166757   12.4016   0.000       0.000      0.2621E-04   0.000     0.3655E-02-0.3681E-02  0.000      0.000      0.000      0.000       0.000       0.000       0.000       0.000       0.000       0.000    
   129600.   12.42164078   12.4013   0.000       0.000     -0.1779E-04   0.000     0.4984E-02-0.4967E-02  0.000      0.000      0.000      0.000       0.000       0.000       0.000       0.000       0.000       0.000    
   133200.   12.39669079   12.3987   0.000       0.000      0.1750E-05   0.000     0.4072E-02-0.4074E-02  0.000      0.000      0.000      0.000       0.000       0.000       0.000       0.000       0.000       0.000    
   136800.   12.38768433   12.3956   0.000       0.000      0.6898E-05   0.000     0.3973E-02-0.3980E-02  0.000      0.000      0.000      0.000       0.000       0.000       0.000       0.000       0.000       0.000    
   140400.   12.36590603   12.3909   0.000       0.000      0.2185E-04   0.000     0.3619E-02-0.3641E-02  0.000      0.000      0.000      0.000       0.000       0.000       0.000       0.000       0.000       0.000    
   144000.   12.36163570   12.3863   0.000       0.000      0.2156E-04   0.000     0.3776E-02-0.3797E-02  0.000      0.000      0.000      0.000       0.000       0.000       0.000       0.000       0.000       0.000    
   147600.   12.35975773   12.3819   0.000       0.000      0.1934E-04   0.000     0.3879E-02-0.3899E-02  0.000      0.000      0.000      0.000       0.000       0.000       0.000       0.000       0.000       0.000    
   151200.   12.35873866   12.3777   0.000       0.000      0.1657E-04   0.000     0.3940E-02-0.3957E-02  0.000      0.000      0.000      0.000       0.000       0.000       0.000       0.000       0.000       0.000    
   154800.   12.35807218   12.3737   0.000       0.000      0.1369E-04   0.000     0.3982E-02-0.3995E-02  0.000      0.000      0.000      0.000       0.000       0.000       0.000       0.000       0.000       0.000    
   158400.   12.37090779   12.3711   0.000       0.000      0.1672E-06   0.000     0.4314E-02-0.4314E-02  0.000      0.000      0.000      0.000       0.000       0.000       0.000       0.000       0.000       0.000    
   162000.   12.42644330   12.3732   0.000       0.000     -0.4655E-04   0.000     0.5470E-02-0.5424E-02  0.000      0.000      0.000      0.000       0.000       0.000       0.000       0.000       0.000       0.000    
   165600.   12.42376184   12.3747   0.000       0.000     -0.4292E-04   0.000     0.4893E-02-0.4850E-02  0.000      0.000      0.000      0.000       0.000       0.000       0.000       0.000       0.000       0.000    
   169200.   12.37951733   12.3723   0.000       0.000     -0.6309E-05   0.000     0.3736E-02-0.3730E-02  0.000      0.000      0.000      0.000       0.000       0.000       0.000       0.000       0.000       0.000    
   172800.   12.36607183   12.3691   0.000       0.000      0.2689E-05   0.000     0.3772E-02-0.3775E-02  0.000      0.000      0.000      0.000       0.000       0.000       0.000       0.000       0.000       0.000    
