TOTIM (T)      HCON          HMAT      QDIR      QWELL        QMAT       QCADS      QTUB1      QTUB2      QTUB3      QTUB4      QTUB5      QTUB6       NSTOR        QFIX        QLH     FHLQ (LQ)        CAUCHY   CAUCHY (LQ)
     3600.   12.32165635   12.4013   0.000       0.000      0.6973E-04   0.000     0.2171E-02-0.2241E-02  0.000      0.000      0.000      0.000       0.000       0.000       0.000       0.000       0.000       0.000    
     7200.   12.30838441   12.4002   0.000       0.000      0.8038E-04   0.000     0.1797E-02-0.1877E-02  0.000      0.000      0.000      0.000       0.000       0.000       0.000       0.000       0.000       0.000    
    10800.   12.30594526   12.3991   0.000       0.000      0.8149E-04   0.000     0.1808E-02-0.1889E-02  0.000      0.000      0.000      0.000       0.000       0.000       0.000       0.000       0.000       0.000    
    14400.   12.30482245   12.3979   0.000       0.000      0.8147E-04   0.000     0.1830E-02-0.1911E-02  0.000      0.000      0.000      0.000       0.000       0.000       0.000       0.000       0.000       0.000    
    18000.   12.30411386   12.3968   0.000       0.000      0.8110E-04   0.000     0.1849E-02-0.1930E-02  0.000      0.000      0.000      0.000       0.000       0.000       0.000       0.000       0.000       0.000    
    21600.   12.30358379   12.3957   0.000       0.000      0.8062E-04   0.000     0.1865E-02-0.1946E-02  0.000      0.000      0.000      0.000       0.000       0.000       0.000       0.000       0.000       0.000    
    25200.   12.30313436   12.3947   0.000       0.000      0.8010E-04   0.000     0.1880E-02-0.1960E-02  0.000      0.000      0.000      0.000       0.000       0.000       0.000       0.000       0.000       0.000    
    28800.   12.30272214   12.3937   0.000       0.000      0.7958E-04   0.000     0.1894E-02-0.1973E-02  0.000      0.000      0.000      0.000       0.000       0.000       0.000       0.000       0.000       0.000    
    32400.   12.30235170   12.3927   0.000       0.000      0.7906E-04   0.000     0.1906E-02-0.1985E-02  0.000      0.000      0.000      0.000       0.000       0.000       0.000       0.000       0.000       0.000    
    36000.   12.30198033   12.3918   0.000       0.000      0.7858E-04   0.000     0.1918E-02-0.1997E-02  0.000      0.000      0.000      0.000       0.000       0.000       0.000       0.000       0.000       0.000    
    39600.   12.30160811   12.3909   0.000       0.000      0.7813E-04   0.000     0.1929E-02-0.2007E-02  0.000      0.000      0.000      0.000       0.000       0.000       0.000       0.000       0.000       0.000    
    43200.   12.31455608   12.3911   0.000       0.000      0.6702E-04   0.000     0.2313E-02-0.2380E-02  0.000      0.000      0.000      0.000       0.000       0.000       0.000       0.000       0.000       0.000    
    46800.   12.31665147   12.3915   0.000       0.000      0.6549E-04   0.000     0.2312E-02-0.2377E-02  0.000      0.000      0.000      0.000       0.000       0.000       0.000       0.000       0.000       0.000    
    50400.   12.30408790   12.3907   0.000       0.000      0.7582E-04   0.000     0.1925E-02-0.2001E-02  0.000      0.000      0.000      0.000       0.000       0.000       0.000       0.000       0.000       0.000    
    54000.   12.31530810   12.3910   0.000       0.000      0.6626E-04   0.000     0.2299E-02-0.2365E-02  0.000      0.000      0.000      0.000       0.000       0.000       0.000       0.000       0.000       0.000    
    57600.   12.35022788   12.3942   0.000       0.000      0.3847E-04   0.000     0.3234E-02-0.3273E-02  0.000      0.000      0.000      0.000       0.000       0.000       0.000       0.000       0.000       0.000    
    61200.   12.45730885   12.4059   0.000       0.000     -0.4496E-04   0.000     0.5993E-02-0.5948E-02  0.000      0.000      0.000      0.000       0.000       0.000       0.000       0.000       0.000       0.000    
    64800.   12.45234275   12.4159   0.000       0.000     -0.3193E-04   0.000     0.5101E-02-0.5069E-02  0.000      0.000      0.000      0.000       0.000       0.000       0.000       0.000       0.000       0.000    
    68400.   12.45134328   12.4249   0.000       0.000     -0.2312E-04   0.000     0.4714E-02-0.4691E-02  0.000      0.000      0.000      0.000       0.000       0.000       0.000       0.000       0.000       0.000    
    72000.   12.42124589   12.4308   0.000       0.000      0.8376E-05   0.000     0.3641E-02-0.3649E-02  0.000      0.000      0.000      0.000       0.000       0.000       0.000       0.000       0.000       0.000    
    75600.   12.39153014   12.4340   0.000       0.000      0.3713E-04   0.000     0.2803E-02-0.2841E-02  0.000      0.000      0.000      0.000       0.000       0.000       0.000       0.000       0.000       0.000    
    79200.   12.46698803   12.4434   0.000       0.000     -0.2063E-04   0.000     0.5010E-02-0.4989E-02  0.000      0.000      0.000      0.000       0.000       0.000       0.000       0.000       0.000       0.000    
    82800.   12.48074152   12.4530   0.000       0.000     -0.2427E-04   0.000     0.4934E-02-0.4909E-02  0.000      0.000      0.000      0.000       0.000       0.000       0.000       0.000       0.000       0.000    
    86400.   12.49456063   12.4630   0.000       0.000     -0.2764E-04   0.000     0.4970E-02-0.4942E-02  0.000      0.000      0.000      0.000       0.000       0.000       0.000       0.000       0.000       0.000    
    90000.   12.57441536   12.4789   0.000       0.000     -0.8362E-04   0.000     0.6883E-02-0.6799E-02  0.000      0.000      0.000      0.000       0.000       0.000       0.000       0.000       0.000       0.000    
    93600.   12.75994166   12.5088   0.000       0.000     -0.2198E-03   0.000     0.1135E-01-0.1113E-01  0.000      0.000      0.000      0.000       0.000       0.000       0.000       0.000       0.000       0.000    
    97200.   12.69439808   12.5301   0.000       0.000     -0.1438E-03   0.000     0.7991E-02-0.7847E-02  0.000      0.000      0.000      0.000       0.000       0.000       0.000       0.000       0.000       0.000    
   100800.   12.54981339   12.5380   0.000       0.000     -0.1036E-04   0.000     0.3480E-02-0.3470E-02  0.000      0.000      0.000      0.000       0.000       0.000       0.000       0.000       0.000       0.000    
   104400.   12.48217962   12.5404   0.000       0.000      0.5093E-04   0.000     0.2043E-02-0.2094E-02  0.000      0.000      0.000      0.000       0.000       0.000       0.000       0.000       0.000       0.000    
   108000.   12.46117285   12.5414   0.000       0.000      0.7016E-04   0.000     0.1906E-02-0.1976E-02  0.000      0.000      0.000      0.000       0.000       0.000       0.000       0.000       0.000       0.000    
   111600.   12.42849633   12.5397   0.000       0.000      0.9735E-04   0.000     0.1232E-02-0.1329E-02  0.000      0.000      0.000      0.000       0.000       0.000       0.000       0.000       0.000       0.000    
   115200.   12.40184049   12.5362   0.000       0.000      0.1176E-03   0.000     0.7480E-03-0.8656E-03  0.000      0.000      0.000      0.000       0.000       0.000       0.000       0.000       0.000       0.000    
   118800.   12.38258202   12.5315   0.000       0.000      0.1303E-03   0.000     0.4753E-03-0.6057E-03  0.000      0.000      0.000      0.000       0.000       0.000       0.000       0.000       0.000       0.000    
   122400.   12.39123892   12.5280   0.000       0.000      0.1197E-03   0.000     0.9624E-03-0.1082E-02  0.000      0.000      0.000      0.000       0.000       0.000       0.000       0.000       0.000       0.000    
   126000.   12.37166933   12.5231   0.000       0.000      0.1325E-03   0.000     0.5031E-03-0.6356E-03  0.000      0.000      0.000      0.000       0.000       0.000       0.000       0.000       0.000       0.000    
   129600.   12.42164437   12.5228   0.000       0.000      0.8851E-04   0.000     0.2088E-02-0.2176E-02  0.000      0.000      0.000      0.000       0.000       0.000       0.000       0.000       0.000       0.000    
   133200.   12.39669315   12.5202   0.000       0.000      0.1081E-03   0.000     0.1214E-02-0.1322E-02  0.000      0.000      0.000      0.000       0.000       0.000       0.000       0.000       0.000       0.000    
   136800.   12.38768655   12.5171   0.000       0.000      0.1132E-03   0.000     0.1059E-02-0.1173E-02  0.000      0.000      0.000      0.000       0.000       0.000       0.000       0.000       0.000       0.000    
   140400.   12.36590779   12.5124   0.000       0.000      0.1282E-03   0.000     0.5714E-03-0.6996E-03  0.000      0.000      0.000      0.000       0.000       0.000       0.000       0.000       0.000       0.000    
   144000.   12.36163760   12.5078   0.000       0.000      0.1279E-03   0.000     0.6594E-03-0.7873E-03  0.000      0.000      0.000      0.000       0.000       0.000       0.000       0.000       0.000       0.000    
   147600.   12.35975975   12.5034   0.000       0.000      0.1257E-03   0.000     0.7580E-03-0.8837E-03  0.000      0.000      0.000      0.000       0.000       0.000       0.000       0.000       0.000       0.000    
   151200.   12.35874076   12.4992   0.000       0.000      0.1229E-03   0.000     0.8460E-03-0.9689E-03  0.000      0.000      0.000      0.000       0.000       0.000       0.000       0.000       0.000       0.000    
   154800.   12.35807435   12.4953   0.000       0.000      0.1200E-03   0.000     0.9262E-03-0.1046E-02  0.000      0.000      0.000      0.000       0.000       0.000       0.000       0.000       0.000       0.000    
   158400.   12.37091042   12.4927   0.000       0.000      0.1065E-03   0.000     0.1374E-02-0.1480E-02  0.000      0.000      0.000      0.000       0.000       0.000       0.000       0.000       0.000       0.000    
   162000.   12.42644783   12.4948   0.000       0.000      0.5983E-04   0.000     0.2924E-02-0.2983E-02  0.000      0.000      0.000      0.000       0.000       0.000       0.000       0.000       0.000       0.000    
   165600.   12.42376557   12.4963   0.000       0.000      0.6347E-04   0.000     0.2549E-02-0.2612E-02  0.000      0.000      0.000      0.000       0.000       0.000       0.000       0.000       0.000       0.000    
   169200.   12.37951942   12.4939   0.000       0.000      0.1001E-03   0.000     0.1205E-02-0.1305E-02  0.000      0.000      0.000      0.000       0.000       0.000       0.000       0.000       0.000       0.000    
   172800.   12.36607388   12.4908   0.000       0.000      0.1091E-03   0.000     0.1043E-02-0.1152E-02  0.000      0.000      0.000      0.000       0.000       0.000       0.000       0.000       0.000       0.000    
