TOTIM (T)      HCON          HMAT      QDIR      QWELL        QMAT       QCADS      QTUB1      QTUB2      QTUB3      QTUB4      QTUB5      QTUB6       NSTOR        QFIX        QLH     FHLQ (LQ)        CAUCHY   CAUCHY (LQ)
     3600.   12.32165662   12.4024   0.000       0.000      0.7062E-04   0.000     0.1382E-02-0.1452E-02  0.000      0.000      0.000      0.000       0.000       0.000       0.000       0.000       0.000       0.000    
     7200.   12.30838463   12.4013   0.000       0.000      0.8127E-04   0.000     0.1005E-02-0.1086E-02  0.000      0.000      0.000      0.000       0.000       0.000       0.000       0.000       0.000       0.000    
    10800.   12.30594547   12.4001   0.000       0.000      0.8238E-04   0.000     0.1011E-02-0.1093E-02  0.000      0.000      0.000      0.000       0.000       0.000       0.000       0.000       0.000       0.000    
    14400.   12.30482267   12.3989   0.000       0.000      0.8236E-04   0.000     0.1031E-02-0.1114E-02  0.000      0.000      0.000      0.000       0.000       0.000       0.000       0.000       0.000       0.000    
    18000.   12.30411409   12.3978   0.000       0.000      0.8199E-04   0.000     0.1050E-02-0.1132E-02  0.000      0.000      0.000      0.000       0.000       0.000       0.000       0.000       0.000       0.000    
    21600.   12.30358402   12.3967   0.000       0.000      0.8151E-04   0.000     0.1067E-02-0.1148E-02  0.000      0.000      0.000      0.000       0.000       0.000       0.000       0.000       0.000       0.000    
    25200.   12.30313459   12.3957   0.000       0.000      0.8099E-04   0.000     0.1082E-02-0.1163E-02  0.000      0.000      0.000      0.000       0.000       0.000       0.000       0.000       0.000       0.000    
    28800.   12.30272237   12.3947   0.000       0.000      0.8047E-04   0.000     0.1096E-02-0.1177E-02  0.000      0.000      0.000      0.000       0.000       0.000       0.000       0.000       0.000       0.000    
    32400.   12.30235194   12.3937   0.000       0.000      0.7995E-04   0.000     0.1109E-02-0.1189E-02  0.000      0.000      0.000      0.000       0.000       0.000       0.000       0.000       0.000       0.000    
    36000.   12.30198056   12.3928   0.000       0.000      0.7947E-04   0.000     0.1122E-02-0.1201E-02  0.000      0.000      0.000      0.000       0.000       0.000       0.000       0.000       0.000       0.000    
    39600.   12.30160834   12.3919   0.000       0.000      0.7902E-04   0.000     0.1133E-02-0.1212E-02  0.000      0.000      0.000      0.000       0.000       0.000       0.000       0.000       0.000       0.000    
    43200.   12.31455637   12.3922   0.000       0.000      0.6791E-04   0.000     0.1520E-02-0.1588E-02  0.000      0.000      0.000      0.000       0.000       0.000       0.000       0.000       0.000       0.000    
    46800.   12.31665176   12.3925   0.000       0.000      0.6638E-04   0.000     0.1524E-02-0.1591E-02  0.000      0.000      0.000      0.000       0.000       0.000       0.000       0.000       0.000       0.000    
    50400.   12.30408813   12.3918   0.000       0.000      0.7671E-04   0.000     0.1136E-02-0.1213E-02  0.000      0.000      0.000      0.000       0.000       0.000       0.000       0.000       0.000       0.000    
    54000.   12.31530839   12.3921   0.000       0.000      0.6715E-04   0.000     0.1509E-02-0.1576E-02  0.000      0.000      0.000      0.000       0.000       0.000       0.000       0.000       0.000       0.000    
    57600.   12.35022830   12.3952   0.000       0.000      0.3936E-04   0.000     0.2456E-02-0.2495E-02  0.000      0.000      0.000      0.000       0.000       0.000       0.000       0.000       0.000       0.000    
    61200.   12.45730967   12.4069   0.000       0.000     -0.4407E-04   0.000     0.5251E-02-0.5207E-02  0.000      0.000      0.000      0.000       0.000       0.000       0.000       0.000       0.000       0.000    
    64800.   12.45234342   12.4169   0.000       0.000     -0.3104E-04   0.000     0.4392E-02-0.4361E-02  0.000      0.000      0.000      0.000       0.000       0.000       0.000       0.000       0.000       0.000    
    68400.   12.45134388   12.4259   0.000       0.000     -0.2223E-04   0.000     0.4005E-02-0.3983E-02  0.000      0.000      0.000      0.000       0.000       0.000       0.000       0.000       0.000       0.000    
    72000.   12.42124634   12.4318   0.000       0.000      0.9266E-05   0.000     0.2921E-02-0.2930E-02  0.000      0.000      0.000      0.000       0.000       0.000       0.000       0.000       0.000       0.000    
    75600.   12.39153047   12.4350   0.000       0.000      0.3802E-04   0.000     0.2061E-02-0.2099E-02  0.000      0.000      0.000      0.000       0.000       0.000       0.000       0.000       0.000       0.000    
    79200.   12.46698870   12.4444   0.000       0.000     -0.1974E-04   0.000     0.4268E-02-0.4248E-02  0.000      0.000      0.000      0.000       0.000       0.000       0.000       0.000       0.000       0.000    
    82800.   12.48074218   12.4540   0.000       0.000     -0.2338E-04   0.000     0.4214E-02-0.4191E-02  0.000      0.000      0.000      0.000       0.000       0.000       0.000       0.000       0.000       0.000    
    86400.   12.49456128   12.4640   0.000       0.000     -0.2675E-04   0.000     0.4257E-02-0.4230E-02  0.000      0.000      0.000      0.000       0.000       0.000       0.000       0.000       0.000       0.000    
    90000.   12.57441629   12.4799   0.000       0.000     -0.8273E-04   0.000     0.6188E-02-0.6106E-02  0.000      0.000      0.000      0.000       0.000       0.000       0.000       0.000       0.000       0.000    
    93600.   12.75994856   12.5098   0.000       0.000     -0.2189E-03   0.000     0.1072E-01-0.1050E-01  0.000      0.000      0.000      0.000       0.000       0.000       0.000       0.000       0.000       0.000    
    97200.   12.69440105   12.5311   0.000       0.000     -0.1429E-03   0.000     0.7402E-02-0.7259E-02  0.000      0.000      0.000      0.000       0.000       0.000       0.000       0.000       0.000       0.000    
   100800.   12.54981335   12.5390   0.000       0.000     -0.9468E-05   0.000     0.2834E-02-0.2824E-02  0.000      0.000      0.000      0.000       0.000       0.000       0.000       0.000       0.000       0.000    
   104400.   12.48217965   12.5414   0.000       0.000      0.5181E-04   0.000     0.1319E-02-0.1371E-02  0.000      0.000      0.000      0.000       0.000       0.000       0.000       0.000       0.000       0.000    
   108000.   12.46117289   12.5424   0.000       0.000      0.7105E-04   0.000     0.1138E-02-0.1209E-02  0.000      0.000      0.000      0.000       0.000       0.000       0.000       0.000       0.000       0.000    
   111600.   12.42849636   12.5408   0.000       0.000      0.9823E-04   0.000     0.4391E-03-0.5373E-03  0.000      0.000      0.000      0.000       0.000       0.000       0.000       0.000       0.000       0.000    
   115200.   12.40184051   12.5373   0.000       0.000      0.1185E-03   0.000    -0.6689E-04-0.5159E-04  0.000      0.000      0.000      0.000       0.000       0.000       0.000       0.000       0.000       0.000    
   118800.   12.38258203   12.5326   0.000       0.000      0.1312E-03   0.000    -0.3554E-03 0.2242E-03  0.000      0.000      0.000      0.000       0.000       0.000       0.000       0.000       0.000       0.000    
   122400.   12.39123896   12.5290   0.000       0.000      0.1206E-03   0.000     0.1266E-03-0.2472E-03  0.000      0.000      0.000      0.000       0.000       0.000       0.000       0.000       0.000       0.000    
   126000.   12.37166935   12.5241   0.000       0.000      0.1334E-03   0.000    -0.3334E-03 0.2000E-03  0.000      0.000      0.000      0.000       0.000       0.000       0.000       0.000       0.000       0.000    
   129600.   12.42164442   12.5238   0.000       0.000      0.8940E-04   0.000     0.1259E-02-0.1348E-02  0.000      0.000      0.000      0.000       0.000       0.000       0.000       0.000       0.000       0.000    
   133200.   12.39669320   12.5212   0.000       0.000      0.1089E-03   0.000     0.3982E-03-0.5072E-03  0.000      0.000      0.000      0.000       0.000       0.000       0.000       0.000       0.000       0.000    
   136800.   12.38768659   12.5181   0.000       0.000      0.1141E-03   0.000     0.2373E-03-0.3514E-03  0.000      0.000      0.000      0.000       0.000       0.000       0.000       0.000       0.000       0.000    
   140400.   12.36590781   12.5134   0.000       0.000      0.1291E-03   0.000    -0.2575E-03 0.1284E-03  0.000      0.000      0.000      0.000       0.000       0.000       0.000       0.000       0.000       0.000    
   144000.   12.36163763   12.5088   0.000       0.000      0.1288E-03   0.000    -0.1761E-03 0.4733E-04  0.000      0.000      0.000      0.000       0.000       0.000       0.000       0.000       0.000       0.000    
   147600.   12.35975978   12.5044   0.000       0.000      0.1266E-03   0.000    -0.7801E-04-0.4855E-04  0.000      0.000      0.000      0.000       0.000       0.000       0.000       0.000       0.000       0.000    
   151200.   12.35874080   12.5002   0.000       0.000      0.1238E-03   0.000     0.1147E-04-0.1353E-03  0.000      0.000      0.000      0.000       0.000       0.000       0.000       0.000       0.000       0.000    
   154800.   12.35807439   12.4963   0.000       0.000      0.1209E-03   0.000     0.9395E-04-0.2149E-03  0.000      0.000      0.000      0.000       0.000       0.000       0.000       0.000       0.000       0.000    
   158400.   12.37091048   12.4937   0.000       0.000      0.1074E-03   0.000     0.5468E-03-0.6542E-03  0.000      0.000      0.000      0.000       0.000       0.000       0.000       0.000       0.000       0.000    
   162000.   12.42644786   12.4958   0.000       0.000      0.6073E-04   0.000     0.2116E-02-0.2177E-02  0.000      0.000      0.000      0.000       0.000       0.000       0.000       0.000       0.000       0.000    
   165600.   12.42376562   12.4973   0.000       0.000      0.6437E-04   0.000     0.1762E-02-0.1826E-02  0.000      0.000      0.000      0.000       0.000       0.000       0.000       0.000       0.000       0.000    
   169200.   12.37951946   12.4950   0.000       0.000      0.1010E-03   0.000     0.4107E-03-0.5117E-03  0.000      0.000      0.000      0.000       0.000       0.000       0.000       0.000       0.000       0.000    
   172800.   12.36607392   12.4918   0.000       0.000      0.1100E-03   0.000     0.2313E-03-0.3413E-03  0.000      0.000      0.000      0.000       0.000       0.000       0.000       0.000       0.000       0.000    
