TOTIM (T)      HCON          HMAT      QDIR      QWELL        QMAT       QCADS      QTUB1      QTUB2      QTUB3      QTUB4      QTUB5      QTUB6       NSTOR        QFIX        QLH     FHLQ (LQ)        CAUCHY   CAUCHY (LQ)
     3600.   12.32165572   12.2968   0.000       0.000     -0.2172E-04   0.000    -0.2557E-02 0.2579E-02  0.000      0.000      0.000      0.000       0.000       0.000       0.000       0.000       0.000       0.000    
     7200.   12.30838384   12.2957   0.000       0.000     -0.1108E-04   0.000    -0.2261E-02 0.2272E-02  0.000      0.000      0.000      0.000       0.000       0.000       0.000       0.000       0.000       0.000    
    10800.   12.30594468   12.2946   0.000       0.000     -0.9961E-05   0.000    -0.2295E-02 0.2305E-02  0.000      0.000      0.000      0.000       0.000       0.000       0.000       0.000       0.000       0.000    
    14400.   12.30482187   12.2934   0.000       0.000     -0.9988E-05   0.000    -0.2318E-02 0.2328E-02  0.000      0.000      0.000      0.000       0.000       0.000       0.000       0.000       0.000       0.000    
    18000.   12.30411327   12.2923   0.000       0.000     -0.1035E-04   0.000    -0.2333E-02 0.2344E-02  0.000      0.000      0.000      0.000       0.000       0.000       0.000       0.000       0.000       0.000    
    21600.   12.30358320   12.2912   0.000       0.000     -0.1084E-04   0.000    -0.2345E-02 0.2356E-02  0.000      0.000      0.000      0.000       0.000       0.000       0.000       0.000       0.000       0.000    
    25200.   12.30313377   12.2902   0.000       0.000     -0.1136E-04   0.000    -0.2355E-02 0.2366E-02  0.000      0.000      0.000      0.000       0.000       0.000       0.000       0.000       0.000       0.000    
    28800.   12.30272154   12.2892   0.000       0.000     -0.1187E-04   0.000    -0.2363E-02 0.2375E-02  0.000      0.000      0.000      0.000       0.000       0.000       0.000       0.000       0.000       0.000    
    32400.   12.30235111   12.2882   0.000       0.000     -0.1239E-04   0.000    -0.2370E-02 0.2383E-02  0.000      0.000      0.000      0.000       0.000       0.000       0.000       0.000       0.000       0.000    
    36000.   12.30197973   12.2873   0.000       0.000     -0.1288E-04   0.000    -0.2377E-02 0.2390E-02  0.000      0.000      0.000      0.000       0.000       0.000       0.000       0.000       0.000       0.000    
    39600.   12.30160751   12.2864   0.000       0.000     -0.1333E-04   0.000    -0.2383E-02 0.2397E-02  0.000      0.000      0.000      0.000       0.000       0.000       0.000       0.000       0.000       0.000    
    43200.   12.31455541   12.2866   0.000       0.000     -0.2444E-04   0.000    -0.2684E-02 0.2709E-02  0.000      0.000      0.000      0.000       0.000       0.000       0.000       0.000       0.000       0.000    
    46800.   12.31665081   12.2870   0.000       0.000     -0.2597E-04   0.000    -0.2655E-02 0.2681E-02  0.000      0.000      0.000      0.000       0.000       0.000       0.000       0.000       0.000       0.000    
    50400.   12.30408730   12.2862   0.000       0.000     -0.1563E-04   0.000    -0.2342E-02 0.2358E-02  0.000      0.000      0.000      0.000       0.000       0.000       0.000       0.000       0.000       0.000    
    54000.   12.31530744   12.2865   0.000       0.000     -0.2519E-04   0.000    -0.2660E-02 0.2686E-02  0.000      0.000      0.000      0.000       0.000       0.000       0.000       0.000       0.000       0.000    
    57600.   12.35022706   12.2897   0.000       0.000     -0.5299E-04   0.000    -0.3378E-02 0.3431E-02  0.000      0.000      0.000      0.000       0.000       0.000       0.000       0.000       0.000       0.000    
    61200.   12.45729948   12.3014   0.000       0.000     -0.1364E-03   0.000    -0.5486E-02 0.5622E-02  0.000      0.000      0.000      0.000       0.000       0.000       0.000       0.000       0.000       0.000    
    64800.   12.45233611   12.3113   0.000       0.000     -0.1234E-03   0.000    -0.4572E-02 0.4696E-02  0.000      0.000      0.000      0.000       0.000       0.000       0.000       0.000       0.000       0.000    
    68400.   12.45133749   12.3204   0.000       0.000     -0.1146E-03   0.000    -0.4276E-02 0.4391E-02  0.000      0.000      0.000      0.000       0.000       0.000       0.000       0.000       0.000       0.000    
    72000.   12.42124171   12.3263   0.000       0.000     -0.8308E-04   0.000    -0.3452E-02 0.3535E-02  0.000      0.000      0.000      0.000       0.000       0.000       0.000       0.000       0.000       0.000    
    75600.   12.39152683   12.3294   0.000       0.000     -0.5432E-04   0.000    -0.2875E-02 0.2930E-02  0.000      0.000      0.000      0.000       0.000       0.000       0.000       0.000       0.000       0.000    
    79200.   12.46698094   12.3389   0.000       0.000     -0.1121E-03   0.000    -0.4702E-02 0.4814E-02  0.000      0.000      0.000      0.000       0.000       0.000       0.000       0.000       0.000       0.000    
    82800.   12.48073497   12.3485   0.000       0.000     -0.1157E-03   0.000    -0.4520E-02 0.4636E-02  0.000      0.000      0.000      0.000       0.000       0.000       0.000       0.000       0.000       0.000    
    86400.   12.49455419   12.3585   0.000       0.000     -0.1191E-03   0.000    -0.4533E-02 0.4652E-02  0.000      0.000      0.000      0.000       0.000       0.000       0.000       0.000       0.000       0.000    
    90000.   12.57440524   12.3743   0.000       0.000     -0.1751E-03   0.000    -0.6038E-02 0.6213E-02  0.000      0.000      0.000      0.000       0.000       0.000       0.000       0.000       0.000       0.000    
    93600.   12.75991416   12.4042   0.000       0.000     -0.3112E-03   0.000    -0.9438E-02 0.9749E-02  0.000      0.000      0.000      0.000       0.000       0.000       0.000       0.000       0.000       0.000    
    97200.   12.69438442   12.4256   0.000       0.000     -0.2352E-03   0.000    -0.6450E-02 0.6685E-02  0.000      0.000      0.000      0.000       0.000       0.000       0.000       0.000       0.000       0.000    
   100800.   12.54981043   12.4335   0.000       0.000     -0.1018E-03   0.000    -0.3045E-02 0.3147E-02  0.000      0.000      0.000      0.000       0.000       0.000       0.000       0.000       0.000       0.000    
   104400.   12.48217845   12.4359   0.000       0.000     -0.4052E-04   0.000    -0.2258E-02 0.2299E-02  0.000      0.000      0.000      0.000       0.000       0.000       0.000       0.000       0.000       0.000    
   108000.   12.46117151   12.4368   0.000       0.000     -0.2128E-04   0.000    -0.2354E-02 0.2375E-02  0.000      0.000      0.000      0.000       0.000       0.000       0.000       0.000       0.000       0.000    
   111600.   12.42849518   12.4352   0.000       0.000      0.5908E-05   0.000    -0.1911E-02 0.1905E-02  0.000      0.000      0.000      0.000       0.000       0.000       0.000       0.000       0.000       0.000    
   115200.   12.40183949   12.4317   0.000       0.000      0.2617E-04   0.000    -0.1618E-02 0.1592E-02  0.000      0.000      0.000      0.000       0.000       0.000       0.000       0.000       0.000       0.000    
   118800.   12.38258108   12.4271   0.000       0.000      0.3891E-04   0.000    -0.1471E-02 0.1432E-02  0.000      0.000      0.000      0.000       0.000       0.000       0.000       0.000       0.000       0.000    
   122400.   12.39123768   12.4235   0.000       0.000      0.2827E-04   0.000    -0.1900E-02 0.1872E-02  0.000      0.000      0.000      0.000       0.000       0.000       0.000       0.000       0.000       0.000    
   126000.   12.37166831   12.4186   0.000       0.000      0.4109E-04   0.000    -0.1521E-02 0.1480E-02  0.000      0.000      0.000      0.000       0.000       0.000       0.000       0.000       0.000       0.000    
   129600.   12.42164247   12.4183   0.000       0.000     -0.2903E-05   0.000    -0.2802E-02 0.2805E-02  0.000      0.000      0.000      0.000       0.000       0.000       0.000       0.000       0.000       0.000    
   133200.   12.39669182   12.4157   0.000       0.000      0.1664E-04   0.000    -0.2009E-02 0.1993E-02  0.000      0.000      0.000      0.000       0.000       0.000       0.000       0.000       0.000       0.000    
   136800.   12.38768531   12.4126   0.000       0.000      0.2180E-04   0.000    -0.1922E-02 0.1900E-02  0.000      0.000      0.000      0.000       0.000       0.000       0.000       0.000       0.000       0.000    
   140400.   12.36590678   12.4079   0.000       0.000      0.3677E-04   0.000    -0.1550E-02 0.1514E-02  0.000      0.000      0.000      0.000       0.000       0.000       0.000       0.000       0.000       0.000    
   144000.   12.36163652   12.4033   0.000       0.000      0.3648E-04   0.000    -0.1656E-02 0.1620E-02  0.000      0.000      0.000      0.000       0.000       0.000       0.000       0.000       0.000       0.000    
   147600.   12.35975861   12.3989   0.000       0.000      0.3427E-04   0.000    -0.1736E-02 0.1701E-02  0.000      0.000      0.000      0.000       0.000       0.000       0.000       0.000       0.000       0.000    
   151200.   12.35873958   12.3948   0.000       0.000      0.3151E-04   0.000    -0.1797E-02 0.1766E-02  0.000      0.000      0.000      0.000       0.000       0.000       0.000       0.000       0.000       0.000    
   154800.   12.35807313   12.3908   0.000       0.000      0.2865E-04   0.000    -0.1850E-02 0.1821E-02  0.000      0.000      0.000      0.000       0.000       0.000       0.000       0.000       0.000       0.000    
   158400.   12.37090897   12.3882   0.000       0.000      0.1514E-04   0.000    -0.2191E-02 0.2175E-02  0.000      0.000      0.000      0.000       0.000       0.000       0.000       0.000       0.000       0.000    
   162000.   12.42644548   12.3904   0.000       0.000     -0.3157E-04   0.000    -0.3375E-02 0.3407E-02  0.000      0.000      0.000      0.000       0.000       0.000       0.000       0.000       0.000       0.000    
   165600.   12.42376357   12.3918   0.000       0.000     -0.2793E-04   0.000    -0.2958E-02 0.2986E-02  0.000      0.000      0.000      0.000       0.000       0.000       0.000       0.000       0.000       0.000    
   169200.   12.37951823   12.3895   0.000       0.000      0.8706E-05   0.000    -0.1888E-02 0.1879E-02  0.000      0.000      0.000      0.000       0.000       0.000       0.000       0.000       0.000       0.000    
   172800.   12.36607273   12.3863   0.000       0.000      0.1772E-04   0.000    -0.1842E-02 0.1825E-02  0.000      0.000      0.000      0.000       0.000       0.000       0.000       0.000       0.000       0.000    
