TOTIM (T)      HCON          HMAT      QDIR      QWELL        QMAT       QCADS      QTUB1      QTUB2      QTUB3      QTUB4      QTUB5      QTUB6       NSTOR        QFIX        QLH     FHLQ (LQ)        CAUCHY   CAUCHY (LQ)
     3600.   12.32165625   12.4283   0.000       0.000      0.9333E-04   0.000     0.2070E-02-0.2163E-02  0.000      0.000      0.000      0.000       0.000       0.000       0.000       0.000       0.000       0.000    
     7200.   12.30838430   12.4272   0.000       0.000      0.1040E-03   0.000     0.1667E-02-0.1771E-02  0.000      0.000      0.000      0.000       0.000       0.000       0.000       0.000       0.000       0.000    
    10800.   12.30594514   12.4260   0.000       0.000      0.1051E-03   0.000     0.1690E-02-0.1795E-02  0.000      0.000      0.000      0.000       0.000       0.000       0.000       0.000       0.000       0.000    
    14400.   12.30482234   12.4249   0.000       0.000      0.1051E-03   0.000     0.1713E-02-0.1818E-02  0.000      0.000      0.000      0.000       0.000       0.000       0.000       0.000       0.000       0.000    
    18000.   12.30411374   12.4238   0.000       0.000      0.1047E-03   0.000     0.1732E-02-0.1837E-02  0.000      0.000      0.000      0.000       0.000       0.000       0.000       0.000       0.000       0.000    
    21600.   12.30358368   12.4227   0.000       0.000      0.1042E-03   0.000     0.1749E-02-0.1853E-02  0.000      0.000      0.000      0.000       0.000       0.000       0.000       0.000       0.000       0.000    
    25200.   12.30313424   12.4216   0.000       0.000      0.1037E-03   0.000     0.1764E-02-0.1868E-02  0.000      0.000      0.000      0.000       0.000       0.000       0.000       0.000       0.000       0.000    
    28800.   12.30272202   12.4206   0.000       0.000      0.1032E-03   0.000     0.1777E-02-0.1881E-02  0.000      0.000      0.000      0.000       0.000       0.000       0.000       0.000       0.000       0.000    
    32400.   12.30235159   12.4197   0.000       0.000      0.1027E-03   0.000     0.1790E-02-0.1892E-02  0.000      0.000      0.000      0.000       0.000       0.000       0.000       0.000       0.000       0.000    
    36000.   12.30198022   12.4188   0.000       0.000      0.1022E-03   0.000     0.1801E-02-0.1904E-02  0.000      0.000      0.000      0.000       0.000       0.000       0.000       0.000       0.000       0.000    
    39600.   12.30160799   12.4179   0.000       0.000      0.1017E-03   0.000     0.1812E-02-0.1914E-02  0.000      0.000      0.000      0.000       0.000       0.000       0.000       0.000       0.000       0.000    
    43200.   12.31455598   12.4181   0.000       0.000      0.9062E-04   0.000     0.2224E-02-0.2315E-02  0.000      0.000      0.000      0.000       0.000       0.000       0.000       0.000       0.000       0.000    
    46800.   12.31665137   12.4185   0.000       0.000      0.8909E-04   0.000     0.2210E-02-0.2299E-02  0.000      0.000      0.000      0.000       0.000       0.000       0.000       0.000       0.000       0.000    
    50400.   12.30408778   12.4177   0.000       0.000      0.9942E-04   0.000     0.1794E-02-0.1894E-02  0.000      0.000      0.000      0.000       0.000       0.000       0.000       0.000       0.000       0.000    
    54000.   12.31530800   12.4180   0.000       0.000      0.8986E-04   0.000     0.2208E-02-0.2298E-02  0.000      0.000      0.000      0.000       0.000       0.000       0.000       0.000       0.000       0.000    
    57600.   12.35022781   12.4212   0.000       0.000      0.6207E-04   0.000     0.3203E-02-0.3265E-02  0.000      0.000      0.000      0.000       0.000       0.000       0.000       0.000       0.000       0.000    
    61200.   12.45730079   12.4329   0.000       0.000     -0.2135E-04   0.000     0.6145E-02-0.6124E-02  0.000      0.000      0.000      0.000       0.000       0.000       0.000       0.000       0.000       0.000    
    64800.   12.45233721   12.4428   0.000       0.000     -0.8320E-05   0.000     0.5102E-02-0.5093E-02  0.000      0.000      0.000      0.000       0.000       0.000       0.000       0.000       0.000       0.000    
    68400.   12.45133850   12.4519   0.000       0.000      0.4865E-06   0.000     0.4717E-02-0.4718E-02  0.000      0.000      0.000      0.000       0.000       0.000       0.000       0.000       0.000       0.000    
    72000.   12.42124251   12.4578   0.000       0.000      0.3198E-04   0.000     0.3578E-02-0.3610E-02  0.000      0.000      0.000      0.000       0.000       0.000       0.000       0.000       0.000       0.000    
    75600.   12.39152747   12.4609   0.000       0.000      0.6074E-04   0.000     0.2714E-02-0.2775E-02  0.000      0.000      0.000      0.000       0.000       0.000       0.000       0.000       0.000       0.000    
    79200.   12.46698205   12.4704   0.000       0.000      0.2972E-05   0.000     0.5118E-02-0.5121E-02  0.000      0.000      0.000      0.000       0.000       0.000       0.000       0.000       0.000       0.000    
    82800.   12.48073605   12.4800   0.000       0.000     -0.6654E-06   0.000     0.4973E-02-0.4972E-02  0.000      0.000      0.000      0.000       0.000       0.000       0.000       0.000       0.000       0.000    
    86400.   12.49455527   12.4899   0.000       0.000     -0.4039E-05   0.000     0.5020E-02-0.5016E-02  0.000      0.000      0.000      0.000       0.000       0.000       0.000       0.000       0.000       0.000    
    90000.   12.57440672   12.5058   0.000       0.000     -0.6002E-04   0.000     0.7084E-02-0.7024E-02  0.000      0.000      0.000      0.000       0.000       0.000       0.000       0.000       0.000       0.000    
    93600.   12.75993880   12.5357   0.000       0.000     -0.1962E-03   0.000     0.1185E-01-0.1165E-01  0.000      0.000      0.000      0.000       0.000       0.000       0.000       0.000       0.000       0.000    
    97200.   12.69439614   12.5571   0.000       0.000     -0.1202E-03   0.000     0.8098E-02-0.7978E-02  0.000      0.000      0.000      0.000       0.000       0.000       0.000       0.000       0.000       0.000    
   100800.   12.54981251   12.5649   0.000       0.000      0.1322E-04   0.000     0.3359E-02-0.3372E-02  0.000      0.000      0.000      0.000       0.000       0.000       0.000       0.000       0.000       0.000    
   104400.   12.48217923   12.5673   0.000       0.000      0.7449E-04   0.000     0.1959E-02-0.2033E-02  0.000      0.000      0.000      0.000       0.000       0.000       0.000       0.000       0.000       0.000    
   108000.   12.46117229   12.5683   0.000       0.000      0.9371E-04   0.000     0.1862E-02-0.1956E-02  0.000      0.000      0.000      0.000       0.000       0.000       0.000       0.000       0.000       0.000    
   111600.   12.42849568   12.5666   0.000       0.000      0.1209E-03   0.000     0.1147E-02-0.1268E-02  0.000      0.000      0.000      0.000       0.000       0.000       0.000       0.000       0.000       0.000    
   115200.   12.40183980   12.5631   0.000       0.000      0.1411E-03   0.000     0.6519E-03-0.7930E-03  0.000      0.000      0.000      0.000       0.000       0.000       0.000       0.000       0.000       0.000    
   118800.   12.38258131   12.5584   0.000       0.000      0.1539E-03   0.000     0.3772E-03-0.5310E-03  0.000      0.000      0.000      0.000       0.000       0.000       0.000       0.000       0.000       0.000    
   122400.   12.39123805   12.5549   0.000       0.000      0.1432E-03   0.000     0.9127E-03-0.1056E-02  0.000      0.000      0.000      0.000       0.000       0.000       0.000       0.000       0.000       0.000    
   126000.   12.37166856   12.5499   0.000       0.000      0.1560E-03   0.000     0.4053E-03-0.5613E-03  0.000      0.000      0.000      0.000       0.000       0.000       0.000       0.000       0.000       0.000    
   129600.   12.42164316   12.5496   0.000       0.000      0.1120E-03   0.000     0.2126E-02-0.2238E-02  0.000      0.000      0.000      0.000       0.000       0.000       0.000       0.000       0.000       0.000    
   133200.   12.39669223   12.5470   0.000       0.000      0.1315E-03   0.000     0.1138E-02-0.1270E-02  0.000      0.000      0.000      0.000       0.000       0.000       0.000       0.000       0.000       0.000    
   136800.   12.38768569   12.5439   0.000       0.000      0.1367E-03   0.000     0.9995E-03-0.1136E-02  0.000      0.000      0.000      0.000       0.000       0.000       0.000       0.000       0.000       0.000    
   140400.   12.36590704   12.5392   0.000       0.000      0.1516E-03   0.000     0.4784E-03-0.6300E-03  0.000      0.000      0.000      0.000       0.000       0.000       0.000       0.000       0.000       0.000    
   144000.   12.36163681   12.5345   0.000       0.000      0.1513E-03   0.000     0.5871E-03-0.7384E-03  0.000      0.000      0.000      0.000       0.000       0.000       0.000       0.000       0.000       0.000    
   147600.   12.35975892   12.5301   0.000       0.000      0.1491E-03   0.000     0.6885E-03-0.8376E-03  0.000      0.000      0.000      0.000       0.000       0.000       0.000       0.000       0.000       0.000    
   151200.   12.35873991   12.5259   0.000       0.000      0.1463E-03   0.000     0.7779E-03-0.9242E-03  0.000      0.000      0.000      0.000       0.000       0.000       0.000       0.000       0.000       0.000    
   154800.   12.35807348   12.5220   0.000       0.000      0.1434E-03   0.000     0.8587E-03-0.1002E-02  0.000      0.000      0.000      0.000       0.000       0.000       0.000       0.000       0.000       0.000    
   158400.   12.37090944   12.5194   0.000       0.000      0.1299E-03   0.000     0.1335E-02-0.1465E-02  0.000      0.000      0.000      0.000       0.000       0.000       0.000       0.000       0.000       0.000    
   162000.   12.42644640   12.5215   0.000       0.000      0.8320E-04   0.000     0.2986E-02-0.3069E-02  0.000      0.000      0.000      0.000       0.000       0.000       0.000       0.000       0.000       0.000    
   165600.   12.42376434   12.5230   0.000       0.000      0.8684E-04   0.000     0.2532E-02-0.2619E-02  0.000      0.000      0.000      0.000       0.000       0.000       0.000       0.000       0.000       0.000    
   169200.   12.37951862   12.5206   0.000       0.000      0.1235E-03   0.000     0.1096E-02-0.1220E-02  0.000      0.000      0.000      0.000       0.000       0.000       0.000       0.000       0.000       0.000    
   172800.   12.36607309   12.5175   0.000       0.000      0.1325E-03   0.000     0.9604E-03-0.1093E-02  0.000      0.000      0.000      0.000       0.000       0.000       0.000       0.000       0.000       0.000    
