TOTIM (T)      HCON          HMAT      QDIR      QWELL        QMAT       QCADS      QTUB1      QTUB2      QTUB3      QTUB4      QTUB5      QTUB6       NSTOR        QFIX        QLH     FHLQ (LQ)        CAUCHY   CAUCHY (LQ)
     3600.   12.32165678   12.4330   0.000       0.000      0.9743E-04   0.000     0.9751E-03-0.1073E-02  0.000      0.000      0.000      0.000       0.000       0.000       0.000       0.000       0.000       0.000    
     7200.   12.30838473   12.4319   0.000       0.000      0.1081E-03   0.000     0.5448E-03-0.6529E-03  0.000      0.000      0.000      0.000       0.000       0.000       0.000       0.000       0.000       0.000    
    10800.   12.30594558   12.4307   0.000       0.000      0.1092E-03   0.000     0.5452E-03-0.6544E-03  0.000      0.000      0.000      0.000       0.000       0.000       0.000       0.000       0.000       0.000    
    14400.   12.30482278   12.4296   0.000       0.000      0.1092E-03   0.000     0.5661E-03-0.6753E-03  0.000      0.000      0.000      0.000       0.000       0.000       0.000       0.000       0.000       0.000    
    18000.   12.30411419   12.4285   0.000       0.000      0.1088E-03   0.000     0.5866E-03-0.6954E-03  0.000      0.000      0.000      0.000       0.000       0.000       0.000       0.000       0.000       0.000    
    21600.   12.30358413   12.4274   0.000       0.000      0.1083E-03   0.000     0.6058E-03-0.7141E-03  0.000      0.000      0.000      0.000       0.000       0.000       0.000       0.000       0.000       0.000    
    25200.   12.30313470   12.4263   0.000       0.000      0.1078E-03   0.000     0.6237E-03-0.7315E-03  0.000      0.000      0.000      0.000       0.000       0.000       0.000       0.000       0.000       0.000    
    28800.   12.30272248   12.4253   0.000       0.000      0.1073E-03   0.000     0.6405E-03-0.7477E-03  0.000      0.000      0.000      0.000       0.000       0.000       0.000       0.000       0.000       0.000    
    32400.   12.30235205   12.4244   0.000       0.000      0.1068E-03   0.000     0.6560E-03-0.7628E-03  0.000      0.000      0.000      0.000       0.000       0.000       0.000       0.000       0.000       0.000    
    36000.   12.30198068   12.4234   0.000       0.000      0.1063E-03   0.000     0.6707E-03-0.7769E-03  0.000      0.000      0.000      0.000       0.000       0.000       0.000       0.000       0.000       0.000    
    39600.   12.30160846   12.4226   0.000       0.000      0.1058E-03   0.000     0.6844E-03-0.7902E-03  0.000      0.000      0.000      0.000       0.000       0.000       0.000       0.000       0.000       0.000    
    43200.   12.31455654   12.4228   0.000       0.000      0.9472E-04   0.000     0.1127E-02-0.1222E-02  0.000      0.000      0.000      0.000       0.000       0.000       0.000       0.000       0.000       0.000    
    46800.   12.31665193   12.4232   0.000       0.000      0.9320E-04   0.000     0.1139E-02-0.1232E-02  0.000      0.000      0.000      0.000       0.000       0.000       0.000       0.000       0.000       0.000    
    50400.   12.30408825   12.4224   0.000       0.000      0.1035E-03   0.000     0.6994E-03-0.8029E-03  0.000      0.000      0.000      0.000       0.000       0.000       0.000       0.000       0.000       0.000    
    54000.   12.31530856   12.4227   0.000       0.000      0.9398E-04   0.000     0.1120E-02-0.1214E-02  0.000      0.000      0.000      0.000       0.000       0.000       0.000       0.000       0.000       0.000    
    57600.   12.35022860   12.4259   0.000       0.000      0.6619E-04   0.000     0.2205E-02-0.2271E-02  0.000      0.000      0.000      0.000       0.000       0.000       0.000       0.000       0.000       0.000    
    61200.   12.45731033   12.4376   0.000       0.000     -0.1723E-04   0.000     0.5418E-02-0.5400E-02  0.000      0.000      0.000      0.000       0.000       0.000       0.000       0.000       0.000       0.000    
    64800.   12.45234397   12.4476   0.000       0.000     -0.4194E-05   0.000     0.4494E-02-0.4490E-02  0.000      0.000      0.000      0.000       0.000       0.000       0.000       0.000       0.000       0.000    
    68400.   12.45134439   12.4566   0.000       0.000      0.4618E-05   0.000     0.4063E-02-0.4067E-02  0.000      0.000      0.000      0.000       0.000       0.000       0.000       0.000       0.000       0.000    
    72000.   12.42124670   12.4625   0.000       0.000      0.3612E-04   0.000     0.2821E-02-0.2857E-02  0.000      0.000      0.000      0.000       0.000       0.000       0.000       0.000       0.000       0.000    
    75600.   12.39153071   12.4657   0.000       0.000      0.6488E-04   0.000     0.1817E-02-0.1882E-02  0.000      0.000      0.000      0.000       0.000       0.000       0.000       0.000       0.000       0.000    
    79200.   12.46698923   12.4751   0.000       0.000      0.7114E-05   0.000     0.4313E-02-0.4320E-02  0.000      0.000      0.000      0.000       0.000       0.000       0.000       0.000       0.000       0.000    
    82800.   12.48074270   12.4847   0.000       0.000      0.3479E-05   0.000     0.4278E-02-0.4281E-02  0.000      0.000      0.000      0.000       0.000       0.000       0.000       0.000       0.000       0.000    
    86400.   12.49456182   12.4947   0.000       0.000      0.1054E-06   0.000     0.4337E-02-0.4337E-02  0.000      0.000      0.000      0.000       0.000       0.000       0.000       0.000       0.000       0.000    
    90000.   12.57441708   12.5106   0.000       0.000     -0.5588E-04   0.000     0.6548E-02-0.6493E-02  0.000      0.000      0.000      0.000       0.000       0.000       0.000       0.000       0.000       0.000    
    93600.   12.75996333   12.5405   0.000       0.000     -0.1921E-03   0.000     0.1176E-01-0.1157E-01  0.000      0.000      0.000      0.000       0.000       0.000       0.000       0.000       0.000       0.000    
    97200.   12.69440812   12.5618   0.000       0.000     -0.1160E-03   0.000     0.8063E-02-0.7947E-02  0.000      0.000      0.000      0.000       0.000       0.000       0.000       0.000       0.000       0.000    
   100800.   12.54981437   12.5696   0.000       0.000      0.1734E-04   0.000     0.2828E-02-0.2845E-02  0.000      0.000      0.000      0.000       0.000       0.000       0.000       0.000       0.000       0.000    
   104400.   12.48217980   12.5720   0.000       0.000      0.7860E-04   0.000     0.1006E-02-0.1085E-02  0.000      0.000      0.000      0.000       0.000       0.000       0.000       0.000       0.000       0.000    
   108000.   12.46117302   12.5729   0.000       0.000      0.9780E-04   0.000     0.7295E-03-0.8273E-03  0.000      0.000      0.000      0.000       0.000       0.000       0.000       0.000       0.000       0.000    
   111600.   12.42849639   12.5713   0.000       0.000      0.1250E-03   0.000    -0.1057E-03-0.1930E-04  0.000      0.000      0.000      0.000       0.000       0.000       0.000       0.000       0.000       0.000    
   115200.   12.40184047   12.5677   0.000       0.000      0.1452E-03   0.000    -0.7129E-03 0.5677E-03  0.000      0.000      0.000      0.000       0.000       0.000       0.000       0.000       0.000       0.000    
   118800.   12.38258195   12.5630   0.000       0.000      0.1579E-03   0.000    -0.1065E-02 0.9072E-03  0.000      0.000      0.000      0.000       0.000       0.000       0.000       0.000       0.000       0.000    
   122400.   12.39123895   12.5594   0.000       0.000      0.1472E-03   0.000    -0.5298E-03 0.3827E-03  0.000      0.000      0.000      0.000       0.000       0.000       0.000       0.000       0.000       0.000    
   126000.   12.37166927   12.5544   0.000       0.000      0.1599E-03   0.000    -0.1054E-02 0.8939E-03  0.000      0.000      0.000      0.000       0.000       0.000       0.000       0.000       0.000       0.000    
   129600.   12.42164456   12.5540   0.000       0.000      0.1158E-03   0.000     0.7583E-03-0.8742E-03  0.000      0.000      0.000      0.000       0.000       0.000       0.000       0.000       0.000       0.000    
   133200.   12.39669322   12.5513   0.000       0.000      0.1353E-03   0.000    -0.1998E-03 0.6449E-04  0.000      0.000      0.000      0.000       0.000       0.000       0.000       0.000       0.000       0.000    
   136800.   12.38768659   12.5481   0.000       0.000      0.1404E-03   0.000    -0.3865E-03 0.2461E-03  0.000      0.000      0.000      0.000       0.000       0.000       0.000       0.000       0.000       0.000    
   140400.   12.36590774   12.5434   0.000       0.000      0.1553E-03   0.000    -0.9560E-03 0.8007E-03  0.000      0.000      0.000      0.000       0.000       0.000       0.000       0.000       0.000       0.000    
   144000.   12.36163757   12.5387   0.000       0.000      0.1549E-03   0.000    -0.8731E-03 0.7182E-03  0.000      0.000      0.000      0.000       0.000       0.000       0.000       0.000       0.000       0.000    
   147600.   12.35975974   12.5342   0.000       0.000      0.1526E-03   0.000    -0.7639E-03 0.6113E-03  0.000      0.000      0.000      0.000       0.000       0.000       0.000       0.000       0.000       0.000    
   151200.   12.35874077   12.5299   0.000       0.000      0.1498E-03   0.000    -0.6606E-03 0.5108E-03  0.000      0.000      0.000      0.000       0.000       0.000       0.000       0.000       0.000       0.000    
   154800.   12.35807437   12.5259   0.000       0.000      0.1468E-03   0.000    -0.5637E-03 0.4168E-03  0.000      0.000      0.000      0.000       0.000       0.000       0.000       0.000       0.000       0.000    
   158400.   12.37091052   12.5232   0.000       0.000      0.1332E-03   0.000    -0.4322E-04-0.9002E-04  0.000      0.000      0.000      0.000       0.000       0.000       0.000       0.000       0.000       0.000    
   162000.   12.42644810   12.5253   0.000       0.000      0.8646E-04   0.000     0.1760E-02-0.1846E-02  0.000      0.000      0.000      0.000       0.000       0.000       0.000       0.000       0.000       0.000    
   165600.   12.42376582   12.5266   0.000       0.000      0.9002E-04   0.000     0.1387E-02-0.1477E-02  0.000      0.000      0.000      0.000       0.000       0.000       0.000       0.000       0.000       0.000    
   169200.   12.37951948   12.5242   0.000       0.000      0.1266E-03   0.000    -0.1470E-03 0.2043E-04  0.000      0.000      0.000      0.000       0.000       0.000       0.000       0.000       0.000       0.000    
   172800.   12.36607392   12.5209   0.000       0.000      0.1355E-03   0.000    -0.3713E-03 0.2358E-03  0.000      0.000      0.000      0.000       0.000       0.000       0.000       0.000       0.000       0.000    
