TOTIM (T)      HCON          HMAT      QDIR      QWELL        QMAT       QCADS      QTUB1      QTUB2      QTUB3      QTUB4      QTUB5      QTUB6       NSTOR        QFIX        QLH     FHLQ (LQ)        CAUCHY   CAUCHY (LQ)
     3600.   12.32165574   12.2780   0.000       0.000     -0.3823E-04   0.000     0.1857E-02-0.1819E-02  0.000      0.000      0.000      0.000       0.000       0.000       0.000       0.000       0.000       0.000    
     7200.   12.30838388   12.2769   0.000       0.000     -0.2758E-04   0.000     0.1697E-02-0.1670E-02  0.000      0.000      0.000      0.000       0.000       0.000       0.000       0.000       0.000       0.000    
    10800.   12.30594472   12.2757   0.000       0.000     -0.2647E-04   0.000     0.1719E-02-0.1693E-02  0.000      0.000      0.000      0.000       0.000       0.000       0.000       0.000       0.000       0.000    
    14400.   12.30482191   12.2745   0.000       0.000     -0.2650E-04   0.000     0.1736E-02-0.1710E-02  0.000      0.000      0.000      0.000       0.000       0.000       0.000       0.000       0.000       0.000    
    18000.   12.30411331   12.2734   0.000       0.000     -0.2686E-04   0.000     0.1746E-02-0.1719E-02  0.000      0.000      0.000      0.000       0.000       0.000       0.000       0.000       0.000       0.000    
    21600.   12.30358324   12.2723   0.000       0.000     -0.2735E-04   0.000     0.1753E-02-0.1726E-02  0.000      0.000      0.000      0.000       0.000       0.000       0.000       0.000       0.000       0.000    
    25200.   12.30313380   12.2713   0.000       0.000     -0.2787E-04   0.000     0.1758E-02-0.1730E-02  0.000      0.000      0.000      0.000       0.000       0.000       0.000       0.000       0.000       0.000    
    28800.   12.30272158   12.2703   0.000       0.000     -0.2839E-04   0.000     0.1762E-02-0.1734E-02  0.000      0.000      0.000      0.000       0.000       0.000       0.000       0.000       0.000       0.000    
    32400.   12.30235114   12.2693   0.000       0.000     -0.2891E-04   0.000     0.1766E-02-0.1737E-02  0.000      0.000      0.000      0.000       0.000       0.000       0.000       0.000       0.000       0.000    
    36000.   12.30197977   12.2684   0.000       0.000     -0.2939E-04   0.000     0.1769E-02-0.1739E-02  0.000      0.000      0.000      0.000       0.000       0.000       0.000       0.000       0.000       0.000    
    39600.   12.30160754   12.2675   0.000       0.000     -0.2985E-04   0.000     0.1772E-02-0.1742E-02  0.000      0.000      0.000      0.000       0.000       0.000       0.000       0.000       0.000       0.000    
    43200.   12.31455543   12.2677   0.000       0.000     -0.4096E-04   0.000     0.1933E-02-0.1892E-02  0.000      0.000      0.000      0.000       0.000       0.000       0.000       0.000       0.000       0.000    
    46800.   12.31665083   12.2681   0.000       0.000     -0.4249E-04   0.000     0.1913E-02-0.1871E-02  0.000      0.000      0.000      0.000       0.000       0.000       0.000       0.000       0.000       0.000    
    50400.   12.30408734   12.2673   0.000       0.000     -0.3216E-04   0.000     0.1740E-02-0.1708E-02  0.000      0.000      0.000      0.000       0.000       0.000       0.000       0.000       0.000       0.000    
    54000.   12.31530746   12.2676   0.000       0.000     -0.4172E-04   0.000     0.1912E-02-0.1871E-02  0.000      0.000      0.000      0.000       0.000       0.000       0.000       0.000       0.000       0.000    
    57600.   12.35022705   12.2708   0.000       0.000     -0.6951E-04   0.000     0.2297E-02-0.2227E-02  0.000      0.000      0.000      0.000       0.000       0.000       0.000       0.000       0.000       0.000    
    61200.   12.45730746   12.2825   0.000       0.000     -0.1529E-03   0.000     0.3413E-02-0.3260E-02  0.000      0.000      0.000      0.000       0.000       0.000       0.000       0.000       0.000       0.000    
    64800.   12.45234157   12.2924   0.000       0.000     -0.1399E-03   0.000     0.2883E-02-0.2743E-02  0.000      0.000      0.000      0.000       0.000       0.000       0.000       0.000       0.000       0.000    
    68400.   12.45134218   12.3015   0.000       0.000     -0.1311E-03   0.000     0.2689E-02-0.2558E-02  0.000      0.000      0.000      0.000       0.000       0.000       0.000       0.000       0.000       0.000    
    72000.   12.42124501   12.3074   0.000       0.000     -0.9961E-04   0.000     0.2244E-02-0.2145E-02  0.000      0.000      0.000      0.000       0.000       0.000       0.000       0.000       0.000       0.000    
    75600.   12.39152942   12.3106   0.000       0.000     -0.7085E-04   0.000     0.1948E-02-0.1877E-02  0.000      0.000      0.000      0.000       0.000       0.000       0.000       0.000       0.000       0.000    
    79200.   12.46698685   12.3200   0.000       0.000     -0.1286E-03   0.000     0.2949E-02-0.2821E-02  0.000      0.000      0.000      0.000       0.000       0.000       0.000       0.000       0.000       0.000    
    82800.   12.48074037   12.3296   0.000       0.000     -0.1322E-03   0.000     0.2849E-02-0.2716E-02  0.000      0.000      0.000      0.000       0.000       0.000       0.000       0.000       0.000       0.000    
    86400.   12.49455948   12.3396   0.000       0.000     -0.1356E-03   0.000     0.2835E-02-0.2700E-02  0.000      0.000      0.000      0.000       0.000       0.000       0.000       0.000       0.000       0.000    
    90000.   12.57441382   12.3555   0.000       0.000     -0.1916E-03   0.000     0.3632E-02-0.3441E-02  0.000      0.000      0.000      0.000       0.000       0.000       0.000       0.000       0.000       0.000    
    93600.   12.75992026   12.3854   0.000       0.000     -0.3277E-03   0.000     0.5662E-02-0.5334E-02  0.000      0.000      0.000      0.000       0.000       0.000       0.000       0.000       0.000       0.000    
    97200.   12.69438721   12.4068   0.000       0.000     -0.2517E-03   0.000     0.3941E-02-0.3690E-02  0.000      0.000      0.000      0.000       0.000       0.000       0.000       0.000       0.000       0.000    
   100800.   12.54981091   12.4147   0.000       0.000     -0.1182E-03   0.000     0.2583E-02-0.2465E-02  0.000      0.000      0.000      0.000       0.000       0.000       0.000       0.000       0.000       0.000    
   104400.   12.48217889   12.4171   0.000       0.000     -0.5692E-04   0.000     0.1998E-02-0.1941E-02  0.000      0.000      0.000      0.000       0.000       0.000       0.000       0.000       0.000       0.000    
   108000.   12.46117212   12.4181   0.000       0.000     -0.3765E-04   0.000     0.2218E-02-0.2181E-02  0.000      0.000      0.000      0.000       0.000       0.000       0.000       0.000       0.000       0.000    
   111600.   12.42849579   12.4166   0.000       0.000     -0.1043E-04   0.000     0.1921E-02-0.1910E-02  0.000      0.000      0.000      0.000       0.000       0.000       0.000       0.000       0.000       0.000    
   115200.   12.40184009   12.4131   0.000       0.000      0.9863E-05   0.000     0.1725E-02-0.1735E-02  0.000      0.000      0.000      0.000       0.000       0.000       0.000       0.000       0.000       0.000    
   118800.   12.38258169   12.4085   0.000       0.000      0.2264E-04   0.000     0.1642E-02-0.1665E-02  0.000      0.000      0.000      0.000       0.000       0.000       0.000       0.000       0.000       0.000    
   122400.   12.39123843   12.4050   0.000       0.000      0.1203E-04   0.000     0.2036E-02-0.2048E-02  0.000      0.000      0.000      0.000       0.000       0.000       0.000       0.000       0.000       0.000    
   126000.   12.37166898   12.4001   0.000       0.000      0.2488E-04   0.000     0.1722E-02-0.1747E-02  0.000      0.000      0.000      0.000       0.000       0.000       0.000       0.000       0.000       0.000    
   129600.   12.42164349   12.3998   0.000       0.000     -0.1908E-04   0.000     0.2849E-02-0.2830E-02  0.000      0.000      0.000      0.000       0.000       0.000       0.000       0.000       0.000       0.000    
   133200.   12.39669260   12.3973   0.000       0.000      0.4977E-06   0.000     0.2124E-02-0.2124E-02  0.000      0.000      0.000      0.000       0.000       0.000       0.000       0.000       0.000       0.000    
   136800.   12.38768604   12.3942   0.000       0.000      0.5682E-05   0.000     0.2031E-02-0.2036E-02  0.000      0.000      0.000      0.000       0.000       0.000       0.000       0.000       0.000       0.000    
   140400.   12.36590743   12.3895   0.000       0.000      0.2067E-04   0.000     0.1722E-02-0.1742E-02  0.000      0.000      0.000      0.000       0.000       0.000       0.000       0.000       0.000       0.000    
   144000.   12.36163721   12.3850   0.000       0.000      0.2041E-04   0.000     0.1824E-02-0.1844E-02  0.000      0.000      0.000      0.000       0.000       0.000       0.000       0.000       0.000       0.000    
   147600.   12.35975933   12.3806   0.000       0.000      0.1822E-04   0.000     0.1903E-02-0.1921E-02  0.000      0.000      0.000      0.000       0.000       0.000       0.000       0.000       0.000       0.000    
   151200.   12.35874031   12.3764   0.000       0.000      0.1548E-04   0.000     0.1957E-02-0.1973E-02  0.000      0.000      0.000      0.000       0.000       0.000       0.000       0.000       0.000       0.000    
   154800.   12.35807388   12.3725   0.000       0.000      0.1263E-04   0.000     0.2000E-02-0.2013E-02  0.000      0.000      0.000      0.000       0.000       0.000       0.000       0.000       0.000       0.000    
   158400.   12.37090980   12.3699   0.000       0.000     -0.8685E-06   0.000     0.2293E-02-0.2292E-02  0.000      0.000      0.000      0.000       0.000       0.000       0.000       0.000       0.000       0.000    
   162000.   12.42644664   12.3721   0.000       0.000     -0.4756E-04   0.000     0.3354E-02-0.3307E-02  0.000      0.000      0.000      0.000       0.000       0.000       0.000       0.000       0.000       0.000    
   165600.   12.42376456   12.3736   0.000       0.000     -0.4392E-04   0.000     0.2929E-02-0.2885E-02  0.000      0.000      0.000      0.000       0.000       0.000       0.000       0.000       0.000       0.000    
   169200.   12.37951889   12.3712   0.000       0.000     -0.7279E-05   0.000     0.1948E-02-0.1941E-02  0.000      0.000      0.000      0.000       0.000       0.000       0.000       0.000       0.000       0.000    
   172800.   12.36607339   12.3681   0.000       0.000      0.1738E-05   0.000     0.1923E-02-0.1925E-02  0.000      0.000      0.000      0.000       0.000       0.000       0.000       0.000       0.000       0.000    
