TOTIM (T)      HCON          HMAT      QDIR      QWELL        QMAT       QCADS      QTUB1      QTUB2      QTUB3      QTUB4      QTUB5      QTUB6       NSTOR        QFIX        QLH     FHLQ (LQ)        CAUCHY   CAUCHY (LQ)
     3600.   12.32165635   12.3514   0.000       0.000      0.2602E-04   0.000     0.1740E-02-0.1766E-02  0.000      0.000      0.000      0.000       0.000       0.000       0.000       0.000       0.000       0.000    
     7200.   12.30838441   12.3503   0.000       0.000      0.3667E-04   0.000     0.1438E-02-0.1474E-02  0.000      0.000      0.000      0.000       0.000       0.000       0.000       0.000       0.000       0.000    
    10800.   12.30594525   12.3491   0.000       0.000      0.3778E-04   0.000     0.1451E-02-0.1489E-02  0.000      0.000      0.000      0.000       0.000       0.000       0.000       0.000       0.000       0.000    
    14400.   12.30482245   12.3480   0.000       0.000      0.3775E-04   0.000     0.1472E-02-0.1510E-02  0.000      0.000      0.000      0.000       0.000       0.000       0.000       0.000       0.000       0.000    
    18000.   12.30411386   12.3468   0.000       0.000      0.3739E-04   0.000     0.1488E-02-0.1525E-02  0.000      0.000      0.000      0.000       0.000       0.000       0.000       0.000       0.000       0.000    
    21600.   12.30358379   12.3458   0.000       0.000      0.3691E-04   0.000     0.1501E-02-0.1538E-02  0.000      0.000      0.000      0.000       0.000       0.000       0.000       0.000       0.000       0.000    
    25200.   12.30313435   12.3447   0.000       0.000      0.3639E-04   0.000     0.1513E-02-0.1549E-02  0.000      0.000      0.000      0.000       0.000       0.000       0.000       0.000       0.000       0.000    
    28800.   12.30272213   12.3437   0.000       0.000      0.3587E-04   0.000     0.1524E-02-0.1559E-02  0.000      0.000      0.000      0.000       0.000       0.000       0.000       0.000       0.000       0.000    
    32400.   12.30235170   12.3428   0.000       0.000      0.3535E-04   0.000     0.1533E-02-0.1568E-02  0.000      0.000      0.000      0.000       0.000       0.000       0.000       0.000       0.000       0.000    
    36000.   12.30198033   12.3418   0.000       0.000      0.3487E-04   0.000     0.1542E-02-0.1577E-02  0.000      0.000      0.000      0.000       0.000       0.000       0.000       0.000       0.000       0.000    
    39600.   12.30160810   12.3409   0.000       0.000      0.3441E-04   0.000     0.1550E-02-0.1584E-02  0.000      0.000      0.000      0.000       0.000       0.000       0.000       0.000       0.000       0.000    
    43200.   12.31455607   12.3412   0.000       0.000      0.2330E-04   0.000     0.1860E-02-0.1883E-02  0.000      0.000      0.000      0.000       0.000       0.000       0.000       0.000       0.000       0.000    
    46800.   12.31665146   12.3415   0.000       0.000      0.2177E-04   0.000     0.1853E-02-0.1875E-02  0.000      0.000      0.000      0.000       0.000       0.000       0.000       0.000       0.000       0.000    
    50400.   12.30408789   12.3408   0.000       0.000      0.3211E-04   0.000     0.1537E-02-0.1570E-02  0.000      0.000      0.000      0.000       0.000       0.000       0.000       0.000       0.000       0.000    
    54000.   12.31530809   12.3411   0.000       0.000      0.2255E-04   0.000     0.1843E-02-0.1866E-02  0.000      0.000      0.000      0.000       0.000       0.000       0.000       0.000       0.000       0.000    
    57600.   12.35022786   12.3442   0.000       0.000     -0.5248E-05   0.000     0.2595E-02-0.2590E-02  0.000      0.000      0.000      0.000       0.000       0.000       0.000       0.000       0.000       0.000    
    61200.   12.45730880   12.3560   0.000       0.000     -0.8868E-04   0.000     0.4806E-02-0.4717E-02  0.000      0.000      0.000      0.000       0.000       0.000       0.000       0.000       0.000       0.000    
    64800.   12.45234270   12.3659   0.000       0.000     -0.7565E-04   0.000     0.4039E-02-0.3964E-02  0.000      0.000      0.000      0.000       0.000       0.000       0.000       0.000       0.000       0.000    
    68400.   12.45134322   12.3750   0.000       0.000     -0.6684E-04   0.000     0.3714E-02-0.3647E-02  0.000      0.000      0.000      0.000       0.000       0.000       0.000       0.000       0.000       0.000    
    72000.   12.42124584   12.3809   0.000       0.000     -0.3534E-04   0.000     0.2850E-02-0.2814E-02  0.000      0.000      0.000      0.000       0.000       0.000       0.000       0.000       0.000       0.000    
    75600.   12.39153010   12.3840   0.000       0.000     -0.6587E-05   0.000     0.2191E-02-0.2185E-02  0.000      0.000      0.000      0.000       0.000       0.000       0.000       0.000       0.000       0.000    
    79200.   12.46698799   12.3934   0.000       0.000     -0.6435E-04   0.000     0.3994E-02-0.3929E-02  0.000      0.000      0.000      0.000       0.000       0.000       0.000       0.000       0.000       0.000    
    82800.   12.48074147   12.4030   0.000       0.000     -0.6798E-04   0.000     0.3915E-02-0.3847E-02  0.000      0.000      0.000      0.000       0.000       0.000       0.000       0.000       0.000       0.000    
    86400.   12.49456057   12.4130   0.000       0.000     -0.7135E-04   0.000     0.3933E-02-0.3862E-02  0.000      0.000      0.000      0.000       0.000       0.000       0.000       0.000       0.000       0.000    
    90000.   12.57441529   12.4289   0.000       0.000     -0.1273E-03   0.000     0.5473E-02-0.5346E-02  0.000      0.000      0.000      0.000       0.000       0.000       0.000       0.000       0.000       0.000    
    93600.   12.75993257   12.4588   0.000       0.000     -0.2635E-03   0.000     0.9055E-02-0.8791E-02  0.000      0.000      0.000      0.000       0.000       0.000       0.000       0.000       0.000       0.000    
    97200.   12.69439331   12.4802   0.000       0.000     -0.1875E-03   0.000     0.6266E-02-0.6078E-02  0.000      0.000      0.000      0.000       0.000       0.000       0.000       0.000       0.000       0.000    
   100800.   12.54981202   12.4880   0.000       0.000     -0.5405E-04   0.000     0.2632E-02-0.2578E-02  0.000      0.000      0.000      0.000       0.000       0.000       0.000       0.000       0.000       0.000    
   104400.   12.48217940   12.4904   0.000       0.000      0.7233E-05   0.000     0.1546E-02-0.1553E-02  0.000      0.000      0.000      0.000       0.000       0.000       0.000       0.000       0.000       0.000    
   108000.   12.46117266   12.4914   0.000       0.000      0.2648E-04   0.000     0.1500E-02-0.1526E-02  0.000      0.000      0.000      0.000       0.000       0.000       0.000       0.000       0.000       0.000    
   111600.   12.42849623   12.4898   0.000       0.000      0.5367E-04   0.000     0.9909E-03-0.1045E-02  0.000      0.000      0.000      0.000       0.000       0.000       0.000       0.000       0.000       0.000    
   115200.   12.40184045   12.4863   0.000       0.000      0.7394E-04   0.000     0.6267E-03-0.7007E-03  0.000      0.000      0.000      0.000       0.000       0.000       0.000       0.000       0.000       0.000    
   118800.   12.38258201   12.4817   0.000       0.000      0.8669E-04   0.000     0.4275E-03-0.5142E-03  0.000      0.000      0.000      0.000       0.000       0.000       0.000       0.000       0.000       0.000    
   122400.   12.39123887   12.4782   0.000       0.000      0.7605E-04   0.000     0.8350E-03-0.9110E-03  0.000      0.000      0.000      0.000       0.000       0.000       0.000       0.000       0.000       0.000    
   126000.   12.37166932   12.4732   0.000       0.000      0.8887E-04   0.000     0.4647E-03-0.5536E-03  0.000      0.000      0.000      0.000       0.000       0.000       0.000       0.000       0.000       0.000    
   129600.   12.42164416   12.4729   0.000       0.000      0.4489E-04   0.000     0.1749E-02-0.1794E-02  0.000      0.000      0.000      0.000       0.000       0.000       0.000       0.000       0.000       0.000    
   133200.   12.39669307   12.4703   0.000       0.000      0.6444E-04   0.000     0.1025E-02-0.1090E-02  0.000      0.000      0.000      0.000       0.000       0.000       0.000       0.000       0.000       0.000    
   136800.   12.38768648   12.4672   0.000       0.000      0.6961E-04   0.000     0.9005E-03-0.9701E-03  0.000      0.000      0.000      0.000       0.000       0.000       0.000       0.000       0.000       0.000    
   140400.   12.36590777   12.4626   0.000       0.000      0.8458E-04   0.000     0.5105E-03-0.5951E-03  0.000      0.000      0.000      0.000       0.000       0.000       0.000       0.000       0.000       0.000    
   144000.   12.36163758   12.4580   0.000       0.000      0.8430E-04   0.000     0.5899E-03-0.6742E-03  0.000      0.000      0.000      0.000       0.000       0.000       0.000       0.000       0.000       0.000    
   147600.   12.35975972   12.4536   0.000       0.000      0.8210E-04   0.000     0.6726E-03-0.7547E-03  0.000      0.000      0.000      0.000       0.000       0.000       0.000       0.000       0.000       0.000    
   151200.   12.35874072   12.4494   0.000       0.000      0.7935E-04   0.000     0.7428E-03-0.8221E-03  0.000      0.000      0.000      0.000       0.000       0.000       0.000       0.000       0.000       0.000    
   154800.   12.35807430   12.4455   0.000       0.000      0.7649E-04   0.000     0.8052E-03-0.8817E-03  0.000      0.000      0.000      0.000       0.000       0.000       0.000       0.000       0.000       0.000    
   158400.   12.37091032   12.4429   0.000       0.000      0.6299E-04   0.000     0.1164E-02-0.1227E-02  0.000      0.000      0.000      0.000       0.000       0.000       0.000       0.000       0.000       0.000    
   162000.   12.42644746   12.4451   0.000       0.000      0.1629E-04   0.000     0.2406E-02-0.2422E-02  0.000      0.000      0.000      0.000       0.000       0.000       0.000       0.000       0.000       0.000    
   165600.   12.42376528   12.4466   0.000       0.000      0.1994E-04   0.000     0.2077E-02-0.2097E-02  0.000      0.000      0.000      0.000       0.000       0.000       0.000       0.000       0.000       0.000    
   169200.   12.37951933   12.4442   0.000       0.000      0.5658E-04   0.000     0.9825E-03-0.1039E-02  0.000      0.000      0.000      0.000       0.000       0.000       0.000       0.000       0.000       0.000    
   172800.   12.36607381   12.4410   0.000       0.000      0.6560E-04   0.000     0.8663E-03-0.9319E-03  0.000      0.000      0.000      0.000       0.000       0.000       0.000       0.000       0.000       0.000    
