TOTIM (T)      HCON          HMAT      QDIR      QWELL        QMAT       QCADS      QTUB1      QTUB2      QTUB3      QTUB4      QTUB5      QTUB6       NSTOR        QFIX        QLH     FHLQ (LQ)        CAUCHY   CAUCHY (LQ)
     3600.   12.32165669   12.4091   0.000       0.000      0.7648E-04   0.000     0.1244E-02-0.1320E-02  0.000      0.000      0.000      0.000       0.000       0.000       0.000       0.000       0.000       0.000    
     7200.   12.30838467   12.4080   0.000       0.000      0.8713E-04   0.000     0.8454E-03-0.9326E-03  0.000      0.000      0.000      0.000       0.000       0.000       0.000       0.000       0.000       0.000    
    10800.   12.30594552   12.4068   0.000       0.000      0.8824E-04   0.000     0.8492E-03-0.9374E-03  0.000      0.000      0.000      0.000       0.000       0.000       0.000       0.000       0.000       0.000    
    14400.   12.30482272   12.4056   0.000       0.000      0.8822E-04   0.000     0.8700E-03-0.9582E-03  0.000      0.000      0.000      0.000       0.000       0.000       0.000       0.000       0.000       0.000    
    18000.   12.30411414   12.4045   0.000       0.000      0.8785E-04   0.000     0.8894E-03-0.9772E-03  0.000      0.000      0.000      0.000       0.000       0.000       0.000       0.000       0.000       0.000    
    21600.   12.30358407   12.4034   0.000       0.000      0.8737E-04   0.000     0.9071E-03-0.9945E-03  0.000      0.000      0.000      0.000       0.000       0.000       0.000       0.000       0.000       0.000    
    25200.   12.30313464   12.4024   0.000       0.000      0.8685E-04   0.000     0.9234E-03-0.1010E-02  0.000      0.000      0.000      0.000       0.000       0.000       0.000       0.000       0.000       0.000    
    28800.   12.30272242   12.4014   0.000       0.000      0.8633E-04   0.000     0.9387E-03-0.1025E-02  0.000      0.000      0.000      0.000       0.000       0.000       0.000       0.000       0.000       0.000    
    32400.   12.30235199   12.4004   0.000       0.000      0.8581E-04   0.000     0.9526E-03-0.1038E-02  0.000      0.000      0.000      0.000       0.000       0.000       0.000       0.000       0.000       0.000    
    36000.   12.30198062   12.3995   0.000       0.000      0.8533E-04   0.000     0.9659E-03-0.1051E-02  0.000      0.000      0.000      0.000       0.000       0.000       0.000       0.000       0.000       0.000    
    39600.   12.30160840   12.3986   0.000       0.000      0.8487E-04   0.000     0.9782E-03-0.1063E-02  0.000      0.000      0.000      0.000       0.000       0.000       0.000       0.000       0.000       0.000    
    43200.   12.31455644   12.3989   0.000       0.000      0.7377E-04   0.000     0.1388E-02-0.1462E-02  0.000      0.000      0.000      0.000       0.000       0.000       0.000       0.000       0.000       0.000    
    46800.   12.31665184   12.3992   0.000       0.000      0.7224E-04   0.000     0.1395E-02-0.1467E-02  0.000      0.000      0.000      0.000       0.000       0.000       0.000       0.000       0.000       0.000    
    50400.   12.30408818   12.3985   0.000       0.000      0.8257E-04   0.000     0.9863E-03-0.1069E-02  0.000      0.000      0.000      0.000       0.000       0.000       0.000       0.000       0.000       0.000    
    54000.   12.31530846   12.3988   0.000       0.000      0.7301E-04   0.000     0.1378E-02-0.1451E-02  0.000      0.000      0.000      0.000       0.000       0.000       0.000       0.000       0.000       0.000    
    57600.   12.35022842   12.4019   0.000       0.000      0.4522E-04   0.000     0.2380E-02-0.2425E-02  0.000      0.000      0.000      0.000       0.000       0.000       0.000       0.000       0.000       0.000    
    61200.   12.45730993   12.4136   0.000       0.000     -0.3821E-04   0.000     0.5342E-02-0.5304E-02  0.000      0.000      0.000      0.000       0.000       0.000       0.000       0.000       0.000       0.000    
    64800.   12.45234364   12.4236   0.000       0.000     -0.2518E-04   0.000     0.4458E-02-0.4433E-02  0.000      0.000      0.000      0.000       0.000       0.000       0.000       0.000       0.000       0.000    
    68400.   12.45134408   12.4326   0.000       0.000     -0.1637E-04   0.000     0.4053E-02-0.4037E-02  0.000      0.000      0.000      0.000       0.000       0.000       0.000       0.000       0.000       0.000    
    72000.   12.42124648   12.4385   0.000       0.000      0.1512E-04   0.000     0.2906E-02-0.2921E-02  0.000      0.000      0.000      0.000       0.000       0.000       0.000       0.000       0.000       0.000    
    75600.   12.39153057   12.4417   0.000       0.000      0.4388E-04   0.000     0.1988E-02-0.2032E-02  0.000      0.000      0.000      0.000       0.000       0.000       0.000       0.000       0.000       0.000    
    79200.   12.46698891   12.4511   0.000       0.000     -0.1388E-04   0.000     0.4311E-02-0.4297E-02  0.000      0.000      0.000      0.000       0.000       0.000       0.000       0.000       0.000       0.000    
    82800.   12.48074238   12.4607   0.000       0.000     -0.1752E-04   0.000     0.4264E-02-0.4247E-02  0.000      0.000      0.000      0.000       0.000       0.000       0.000       0.000       0.000       0.000    
    86400.   12.49456149   12.4707   0.000       0.000     -0.2089E-04   0.000     0.4313E-02-0.4292E-02  0.000      0.000      0.000      0.000       0.000       0.000       0.000       0.000       0.000       0.000    
    90000.   12.57441660   12.4866   0.000       0.000     -0.7687E-04   0.000     0.6357E-02-0.6280E-02  0.000      0.000      0.000      0.000       0.000       0.000       0.000       0.000       0.000       0.000    
    93600.   12.75995413   12.5165   0.000       0.000     -0.2130E-03   0.000     0.1116E-01-0.1095E-01  0.000      0.000      0.000      0.000       0.000       0.000       0.000       0.000       0.000       0.000    
    97200.   12.69440373   12.5378   0.000       0.000     -0.1370E-03   0.000     0.7691E-02-0.7554E-02  0.000      0.000      0.000      0.000       0.000       0.000       0.000       0.000       0.000       0.000    
   100800.   12.54981375   12.5457   0.000       0.000     -0.3601E-05   0.000     0.2856E-02-0.2852E-02  0.000      0.000      0.000      0.000       0.000       0.000       0.000       0.000       0.000       0.000    
   104400.   12.48217972   12.5481   0.000       0.000      0.5768E-04   0.000     0.1219E-02-0.1276E-02  0.000      0.000      0.000      0.000       0.000       0.000       0.000       0.000       0.000       0.000    
   108000.   12.46117295   12.5491   0.000       0.000      0.7692E-04   0.000     0.9994E-03-0.1076E-02  0.000      0.000      0.000      0.000       0.000       0.000       0.000       0.000       0.000       0.000    
   111600.   12.42849638   12.5475   0.000       0.000      0.1041E-03   0.000     0.2458E-03-0.3499E-03  0.000      0.000      0.000      0.000       0.000       0.000       0.000       0.000       0.000       0.000    
   115200.   12.40184050   12.5440   0.000       0.000      0.1244E-03   0.000    -0.3007E-03 0.1764E-03  0.000      0.000      0.000      0.000       0.000       0.000       0.000       0.000       0.000       0.000    
   118800.   12.38258201   12.5393   0.000       0.000      0.1371E-03   0.000    -0.6147E-03 0.4776E-03  0.000      0.000      0.000      0.000       0.000       0.000       0.000       0.000       0.000       0.000    
   122400.   12.39123897   12.5358   0.000       0.000      0.1265E-03   0.000    -0.1115E-03-0.1499E-04  0.000      0.000      0.000      0.000       0.000       0.000       0.000       0.000       0.000       0.000    
   126000.   12.37166933   12.5308   0.000       0.000      0.1393E-03   0.000    -0.5971E-03 0.4578E-03  0.000      0.000      0.000      0.000       0.000       0.000       0.000       0.000       0.000       0.000    
   129600.   12.42164449   12.5305   0.000       0.000      0.9528E-04   0.000     0.1083E-02-0.1178E-02  0.000      0.000      0.000      0.000       0.000       0.000       0.000       0.000       0.000       0.000    
   133200.   12.39669322   12.5279   0.000       0.000      0.1148E-03   0.000     0.1834E-03-0.2982E-03  0.000      0.000      0.000      0.000       0.000       0.000       0.000       0.000       0.000       0.000    
   136800.   12.38768660   12.5248   0.000       0.000      0.1200E-03   0.000     0.1212E-04-0.1321E-03  0.000      0.000      0.000      0.000       0.000       0.000       0.000       0.000       0.000       0.000    
   140400.   12.36590779   12.5201   0.000       0.000      0.1349E-03   0.000    -0.5125E-03 0.3776E-03  0.000      0.000      0.000      0.000       0.000       0.000       0.000       0.000       0.000       0.000    
   144000.   12.36163762   12.5155   0.000       0.000      0.1347E-03   0.000    -0.4306E-03 0.2960E-03  0.000      0.000      0.000      0.000       0.000       0.000       0.000       0.000       0.000       0.000    
   147600.   12.35975978   12.5111   0.000       0.000      0.1324E-03   0.000    -0.3281E-03 0.1957E-03  0.000      0.000      0.000      0.000       0.000       0.000       0.000       0.000       0.000       0.000    
   151200.   12.35874080   12.5070   0.000       0.000      0.1297E-03   0.000    -0.2331E-03 0.1035E-03  0.000      0.000      0.000      0.000       0.000       0.000       0.000       0.000       0.000       0.000    
   154800.   12.35807439   12.5030   0.000       0.000      0.1268E-03   0.000    -0.1450E-03 0.1813E-04  0.000      0.000      0.000      0.000       0.000       0.000       0.000       0.000       0.000       0.000    
   158400.   12.37091050   12.5004   0.000       0.000      0.1133E-03   0.000     0.3349E-03-0.4482E-03  0.000      0.000      0.000      0.000       0.000       0.000       0.000       0.000       0.000       0.000    
   162000.   12.42644796   12.5026   0.000       0.000      0.6662E-04   0.000     0.1998E-02-0.2064E-02  0.000      0.000      0.000      0.000       0.000       0.000       0.000       0.000       0.000       0.000    
   165600.   12.42376570   12.5041   0.000       0.000      0.7026E-04   0.000     0.1636E-02-0.1706E-02  0.000      0.000      0.000      0.000       0.000       0.000       0.000       0.000       0.000       0.000    
   169200.   12.37951948   12.5017   0.000       0.000      0.1069E-03   0.000     0.2116E-03-0.3185E-03  0.000      0.000      0.000      0.000       0.000       0.000       0.000       0.000       0.000       0.000    
   172800.   12.36607393   12.4986   0.000       0.000      0.1159E-03   0.000     0.1420E-04-0.1301E-03  0.000      0.000      0.000      0.000       0.000       0.000       0.000       0.000       0.000       0.000    
