TOTIM (T)      HCON          HMAT      QDIR      QWELL        QMAT       QCADS      QTUB1      QTUB2      QTUB3      QTUB4      QTUB5      QTUB6       NSTOR        QFIX        QLH     FHLQ (LQ)        CAUCHY   CAUCHY (LQ)
     3600.   12.32165635   12.4597   0.000       0.000      0.1208E-03   0.000     0.1841E-02-0.1962E-02  0.000      0.000      0.000      0.000       0.000       0.000       0.000       0.000       0.000       0.000    
     7200.   12.30838438   12.4586   0.000       0.000      0.1315E-03   0.000     0.1417E-02-0.1549E-02  0.000      0.000      0.000      0.000       0.000       0.000       0.000       0.000       0.000       0.000    
    10800.   12.30594522   12.4575   0.000       0.000      0.1326E-03   0.000     0.1438E-02-0.1570E-02  0.000      0.000      0.000      0.000       0.000       0.000       0.000       0.000       0.000       0.000    
    14400.   12.30482242   12.4563   0.000       0.000      0.1326E-03   0.000     0.1461E-02-0.1593E-02  0.000      0.000      0.000      0.000       0.000       0.000       0.000       0.000       0.000       0.000    
    18000.   12.30411383   12.4552   0.000       0.000      0.1322E-03   0.000     0.1481E-02-0.1613E-02  0.000      0.000      0.000      0.000       0.000       0.000       0.000       0.000       0.000       0.000    
    21600.   12.30358376   12.4541   0.000       0.000      0.1317E-03   0.000     0.1498E-02-0.1630E-02  0.000      0.000      0.000      0.000       0.000       0.000       0.000       0.000       0.000       0.000    
    25200.   12.30313433   12.4531   0.000       0.000      0.1312E-03   0.000     0.1514E-02-0.1645E-02  0.000      0.000      0.000      0.000       0.000       0.000       0.000       0.000       0.000       0.000    
    28800.   12.30272211   12.4521   0.000       0.000      0.1307E-03   0.000     0.1529E-02-0.1659E-02  0.000      0.000      0.000      0.000       0.000       0.000       0.000       0.000       0.000       0.000    
    32400.   12.30235167   12.4511   0.000       0.000      0.1302E-03   0.000     0.1542E-02-0.1672E-02  0.000      0.000      0.000      0.000       0.000       0.000       0.000       0.000       0.000       0.000    
    36000.   12.30198030   12.4502   0.000       0.000      0.1297E-03   0.000     0.1555E-02-0.1684E-02  0.000      0.000      0.000      0.000       0.000       0.000       0.000       0.000       0.000       0.000    
    39600.   12.30160808   12.4493   0.000       0.000      0.1292E-03   0.000     0.1566E-02-0.1695E-02  0.000      0.000      0.000      0.000       0.000       0.000       0.000       0.000       0.000       0.000    
    43200.   12.31455608   12.4495   0.000       0.000      0.1181E-03   0.000     0.2001E-02-0.2119E-02  0.000      0.000      0.000      0.000       0.000       0.000       0.000       0.000       0.000       0.000    
    46800.   12.31665148   12.4499   0.000       0.000      0.1166E-03   0.000     0.1990E-02-0.2106E-02  0.000      0.000      0.000      0.000       0.000       0.000       0.000       0.000       0.000       0.000    
    50400.   12.30408787   12.4491   0.000       0.000      0.1269E-03   0.000     0.1553E-02-0.1680E-02  0.000      0.000      0.000      0.000       0.000       0.000       0.000       0.000       0.000       0.000    
    54000.   12.31530811   12.4494   0.000       0.000      0.1174E-03   0.000     0.1986E-02-0.2103E-02  0.000      0.000      0.000      0.000       0.000       0.000       0.000       0.000       0.000       0.000    
    57600.   12.35022796   12.4526   0.000       0.000      0.8957E-04   0.000     0.3036E-02-0.3126E-02  0.000      0.000      0.000      0.000       0.000       0.000       0.000       0.000       0.000       0.000    
    61200.   12.45730110   12.4643   0.000       0.000      0.6152E-05   0.000     0.6146E-02-0.6152E-02  0.000      0.000      0.000      0.000       0.000       0.000       0.000       0.000       0.000       0.000    
    64800.   12.45233746   12.4743   0.000       0.000      0.1918E-04   0.000     0.5076E-02-0.5095E-02  0.000      0.000      0.000      0.000       0.000       0.000       0.000       0.000       0.000       0.000    
    68400.   12.45133874   12.4833   0.000       0.000      0.2799E-04   0.000     0.4674E-02-0.4702E-02  0.000      0.000      0.000      0.000       0.000       0.000       0.000       0.000       0.000       0.000    
    72000.   12.42124268   12.4892   0.000       0.000      0.5949E-04   0.000     0.3472E-02-0.3532E-02  0.000      0.000      0.000      0.000       0.000       0.000       0.000       0.000       0.000       0.000    
    75600.   12.39152760   12.4924   0.000       0.000      0.8824E-04   0.000     0.2550E-02-0.2638E-02  0.000      0.000      0.000      0.000       0.000       0.000       0.000       0.000       0.000       0.000    
    79200.   12.46698230   12.5018   0.000       0.000      0.3048E-04   0.000     0.5070E-02-0.5100E-02  0.000      0.000      0.000      0.000       0.000       0.000       0.000       0.000       0.000       0.000    
    82800.   12.48073629   12.5114   0.000       0.000      0.2684E-04   0.000     0.4931E-02-0.4958E-02  0.000      0.000      0.000      0.000       0.000       0.000       0.000       0.000       0.000       0.000    
    86400.   12.49455552   12.5214   0.000       0.000      0.2347E-04   0.000     0.4985E-02-0.5009E-02  0.000      0.000      0.000      0.000       0.000       0.000       0.000       0.000       0.000       0.000    
    90000.   12.57440707   12.5373   0.000       0.000     -0.3251E-04   0.000     0.7162E-02-0.7129E-02  0.000      0.000      0.000      0.000       0.000       0.000       0.000       0.000       0.000       0.000    
    93600.   12.75994554   12.5672   0.000       0.000     -0.1687E-03   0.000     0.1220E-01-0.1203E-01  0.000      0.000      0.000      0.000       0.000       0.000       0.000       0.000       0.000       0.000    
    97200.   12.69439931   12.5885   0.000       0.000     -0.9266E-04   0.000     0.8296E-02-0.8203E-02  0.000      0.000      0.000      0.000       0.000       0.000       0.000       0.000       0.000       0.000    
   100800.   12.54981287   12.5964   0.000       0.000      0.4074E-04   0.000     0.3290E-02-0.3330E-02  0.000      0.000      0.000      0.000       0.000       0.000       0.000       0.000       0.000       0.000    
   104400.   12.48217933   12.5988   0.000       0.000      0.1020E-03   0.000     0.1767E-02-0.1869E-02  0.000      0.000      0.000      0.000       0.000       0.000       0.000       0.000       0.000       0.000    
   108000.   12.46117238   12.5997   0.000       0.000      0.1212E-03   0.000     0.1633E-02-0.1754E-02  0.000      0.000      0.000      0.000       0.000       0.000       0.000       0.000       0.000       0.000    
   111600.   12.42849573   12.5981   0.000       0.000      0.1484E-03   0.000     0.8629E-03-0.1011E-02  0.000      0.000      0.000      0.000       0.000       0.000       0.000       0.000       0.000       0.000    
   115200.   12.40183982   12.5946   0.000       0.000      0.1687E-03   0.000     0.3272E-03-0.4959E-03  0.000      0.000      0.000      0.000       0.000       0.000       0.000       0.000       0.000       0.000    
   118800.   12.38258133   12.5899   0.000       0.000      0.1814E-03   0.000     0.2707E-04-0.2085E-03  0.000      0.000      0.000      0.000       0.000       0.000       0.000       0.000       0.000       0.000    
   122400.   12.39123809   12.5864   0.000       0.000      0.1707E-03   0.000     0.5839E-03-0.7546E-03  0.000      0.000      0.000      0.000       0.000       0.000       0.000       0.000       0.000       0.000    
   126000.   12.37166858   12.5814   0.000       0.000      0.1835E-03   0.000     0.5088E-04-0.2344E-03  0.000      0.000      0.000      0.000       0.000       0.000       0.000       0.000       0.000       0.000    
   129600.   12.42164326   12.5811   0.000       0.000      0.1395E-03   0.000     0.1860E-02-0.2000E-02  0.000      0.000      0.000      0.000       0.000       0.000       0.000       0.000       0.000       0.000    
   133200.   12.39669228   12.5785   0.000       0.000      0.1591E-03   0.000     0.8330E-03-0.9921E-03  0.000      0.000      0.000      0.000       0.000       0.000       0.000       0.000       0.000       0.000    
   136800.   12.38768574   12.5753   0.000       0.000      0.1642E-03   0.000     0.6838E-03-0.8480E-03  0.000      0.000      0.000      0.000       0.000       0.000       0.000       0.000       0.000       0.000    
   140400.   12.36590706   12.5706   0.000       0.000      0.1791E-03   0.000     0.1328E-03-0.3119E-03  0.000      0.000      0.000      0.000       0.000       0.000       0.000       0.000       0.000       0.000    
   144000.   12.36163684   12.5660   0.000       0.000      0.1788E-03   0.000     0.2421E-03-0.4209E-03  0.000      0.000      0.000      0.000       0.000       0.000       0.000       0.000       0.000       0.000    
   147600.   12.35975895   12.5616   0.000       0.000      0.1766E-03   0.000     0.3479E-03-0.5246E-03  0.000      0.000      0.000      0.000       0.000       0.000       0.000       0.000       0.000       0.000    
   151200.   12.35873994   12.5574   0.000       0.000      0.1739E-03   0.000     0.4428E-03-0.6167E-03  0.000      0.000      0.000      0.000       0.000       0.000       0.000       0.000       0.000       0.000    
   154800.   12.35807352   12.5535   0.000       0.000      0.1710E-03   0.000     0.5294E-03-0.7004E-03  0.000      0.000      0.000      0.000       0.000       0.000       0.000       0.000       0.000       0.000    
   158400.   12.37090950   12.5509   0.000       0.000      0.1575E-03   0.000     0.1032E-02-0.1190E-02  0.000      0.000      0.000      0.000       0.000       0.000       0.000       0.000       0.000       0.000    
   162000.   12.42644655   12.5530   0.000       0.000      0.1107E-03   0.000     0.2777E-02-0.2888E-02  0.000      0.000      0.000      0.000       0.000       0.000       0.000       0.000       0.000       0.000    
   165600.   12.42376447   12.5545   0.000       0.000      0.1144E-03   0.000     0.2316E-02-0.2431E-02  0.000      0.000      0.000      0.000       0.000       0.000       0.000       0.000       0.000       0.000    
   169200.   12.37951867   12.5521   0.000       0.000      0.1510E-03   0.000     0.8069E-03-0.9579E-03  0.000      0.000      0.000      0.000       0.000       0.000       0.000       0.000       0.000       0.000    
   172800.   12.36607314   12.5490   0.000       0.000      0.1600E-03   0.000     0.6531E-03-0.8131E-03  0.000      0.000      0.000      0.000       0.000       0.000       0.000       0.000       0.000       0.000    
