TOTIM (T)      HCON          HMAT      QDIR      QWELL        QMAT       QCADS      QTUB1      QTUB2      QTUB3      QTUB4      QTUB5      QTUB6       NSTOR        QFIX        QLH     FHLQ (LQ)        CAUCHY   CAUCHY (LQ)
     3600.   12.32165684   12.1048  0.5384E-03   0.000     -0.1898E-03   0.000     0.3920E-03-0.7406E-03  0.000      0.000      0.000      0.000       0.000       0.000       0.000       0.000       0.000       0.000    
     7200.   12.30838476   12.1355   0.000       0.000     -0.1513E-03  0.3733E-04 0.4028E-03-0.2889E-03  0.000      0.000      0.000      0.000       0.000       0.000       0.000       0.000       0.000       0.000    
    10800.   12.30594561   12.1638   0.000       0.000     -0.1244E-03  0.6860E-05 0.4043E-03-0.2867E-03  0.000      0.000      0.000      0.000       0.000       0.000       0.000       0.000       0.000       0.000    
    14400.   12.30482281   12.1898   0.000       0.000     -0.1006E-03  0.3158E-05 0.4047E-03-0.3072E-03  0.000      0.000      0.000      0.000       0.000       0.000       0.000       0.000       0.000       0.000    
    18000.   12.30411423   12.2138   0.000       0.000     -0.7899E-04  0.1993E-05 0.4049E-03-0.3279E-03  0.000      0.000      0.000      0.000       0.000       0.000       0.000       0.000       0.000       0.000    
    21600.   12.30358416   12.2360   0.000       0.000     -0.5913E-04  0.1491E-05 0.4050E-03-0.3474E-03  0.000      0.000      0.000      0.000       0.000       0.000       0.000       0.000       0.000       0.000    
    25200.   12.30313474   12.2565   0.000       0.000     -0.4085E-04  0.1264E-05 0.4052E-03-0.3656E-03  0.000      0.000      0.000      0.000       0.000       0.000       0.000       0.000       0.000       0.000    
    28800.   12.30272252   12.2753   0.000       0.000     -0.2397E-04  0.1159E-05 0.4055E-03-0.3826E-03  0.000      0.000      0.000      0.000       0.000       0.000       0.000       0.000       0.000       0.000    
    32400.   12.30235209   12.2927   0.000       0.000     -0.8405E-05  0.1042E-05 0.4057E-03-0.3984E-03  0.000      0.000      0.000      0.000       0.000       0.000       0.000       0.000       0.000       0.000    
    36000.   12.30198072   12.3088   0.000       0.000      0.5992E-05  0.1044E-05 0.4061E-03-0.4131E-03  0.000      0.000      0.000      0.000       0.000       0.000       0.000       0.000       0.000       0.000    
    39600.   12.30160850   12.3237   0.000       0.000      0.1931E-04  0.1047E-05 0.4065E-03-0.4269E-03  0.000      0.000      0.000      0.000       0.000       0.000       0.000       0.000       0.000       0.000    
    43200.   12.31455661   12.3067  0.5384E-03   0.000     -0.6906E-05 -0.3642E-04 0.3961E-03-0.8912E-03  0.000      0.000      0.000      0.000       0.000       0.000       0.000       0.000       0.000       0.000    
    46800.   12.31665201   12.2911  0.5384E-03   0.000     -0.2237E-04 -0.5893E-05 0.3951E-03-0.9052E-03  0.000      0.000      0.000      0.000       0.000       0.000       0.000       0.000       0.000       0.000    
    50400.   12.30408829   12.3075   0.000       0.000      0.2966E-05  0.3534E-04 0.4061E-03-0.4444E-03  0.000      0.000      0.000      0.000       0.000       0.000       0.000       0.000       0.000       0.000    
    54000.   12.31530863   12.2918  0.5384E-03   0.000     -0.2057E-04 -0.3156E-04 0.3970E-03-0.8833E-03  0.000      0.000      0.000      0.000       0.000       0.000       0.000       0.000       0.000       0.000    
    57600.   12.35022875   12.2006  0.1884E-02   0.000     -0.1309E-03 -0.9821E-04 0.3691E-03-0.2024E-02  0.000      0.000      0.000      0.000       0.000       0.000       0.000       0.000       0.000       0.000    
    61200.   12.45731073   11.8864  0.5922E-02   0.000     -0.4996E-03 -0.3012E-03 0.2839E-03-0.5405E-02  0.000      0.000      0.000      0.000       0.000       0.000       0.000       0.000       0.000       0.000    
    64800.   12.45234431   11.6585  0.4845E-02   0.000     -0.6946E-03  0.1397E-04 0.2940E-03-0.4459E-02  0.000      0.000      0.000      0.000       0.000       0.000       0.000       0.000       0.000       0.000    
    68400.   12.45134468   11.4634  0.4576E-02   0.000     -0.8645E-03  0.2811E-05 0.2990E-03-0.4014E-02  0.000      0.000      0.000      0.000       0.000       0.000       0.000       0.000       0.000       0.000    
    72000.   12.42124690   11.3599  0.3230E-02   0.000     -0.9287E-03  0.8465E-04 0.3264E-03-0.2713E-02  0.000      0.000      0.000      0.000       0.000       0.000       0.000       0.000       0.000       0.000    
    75600.   12.39153084   11.3255  0.2154E-02   0.000     -0.9327E-03  0.8358E-04 0.3513E-03-0.1656E-02  0.000      0.000      0.000      0.000       0.000       0.000       0.000       0.000       0.000       0.000    
    79200.   12.46698955   11.1087  0.5384E-02   0.000     -0.1189E-02 -0.2122E-03 0.2887E-03-0.4272E-02  0.000      0.000      0.000      0.000       0.000       0.000       0.000       0.000       0.000       0.000    
    82800.   12.48074302   10.9085  0.5384E-02   0.000     -0.1376E-02 -0.3868E-04 0.2797E-03-0.4249E-02  0.000      0.000      0.000      0.000       0.000       0.000       0.000       0.000       0.000       0.000    
    86400.   12.49456214   10.7079  0.5653E-02   0.000     -0.1563E-02 -0.3887E-04 0.2703E-03-0.4321E-02  0.000      0.000      0.000      0.000       0.000       0.000       0.000       0.000       0.000       0.000    
    90000.   12.57441756   10.3525  0.8614E-02   0.000     -0.1944E-02 -0.2246E-03 0.2070E-03-0.6652E-02  0.000      0.000      0.000      0.000       0.000       0.000       0.000       0.000       0.000       0.000    
    93600.   12.75997346    9.6373  0.1534E-01   0.000     -0.2732E-02 -0.5219E-03 0.6086E-04-0.1215E-01  0.000      0.000      0.000      0.000       0.000       0.000       0.000       0.000       0.000       0.000    
    97200.   12.69441291    9.2216  0.1104E-01   0.000     -0.3039E-02  0.1844E-03 0.1260E-03-0.8308E-02  0.000      0.000      0.000      0.000       0.000       0.000       0.000       0.000       0.000       0.000    
   100800.   12.54981497    9.1751  0.5115E-02   0.000     -0.2953E-02  0.4067E-03 0.2490E-03-0.2817E-02  0.000      0.000      0.000      0.000       0.000       0.000       0.000       0.000       0.000       0.000    
   104400.   12.48217987    9.2390  0.3230E-02   0.000     -0.2838E-02  0.1902E-03 0.3010E-03-0.8836E-03  0.000      0.000      0.000      0.000       0.000       0.000       0.000       0.000       0.000       0.000    
   108000.   12.46117306    9.3129  0.2961E-02   0.000     -0.2755E-02  0.5908E-04 0.3118E-03-0.5772E-03  0.000      0.000      0.000      0.000       0.000       0.000       0.000       0.000       0.000       0.000    
   111600.   12.42849637    9.4431  0.1884E-02   0.000     -0.2612E-02  0.9190E-04 0.3318E-03 0.3043E-03  0.000      0.000      0.000      0.000       0.000       0.000       0.000       0.000       0.000       0.000    
   115200.   12.40184041    9.6100  0.1077E-02   0.000     -0.2443E-02  0.7497E-04 0.3460E-03 0.9452E-03  0.000      0.000      0.000      0.000       0.000       0.000       0.000       0.000       0.000       0.000    
   118800.   12.38258186    9.7955  0.5384E-03   0.000     -0.2264E-02  0.5416E-04 0.3540E-03 0.1317E-02  0.000      0.000      0.000      0.000       0.000       0.000       0.000       0.000       0.000       0.000    
   122400.   12.39123890    9.9366  0.1077E-02   0.000     -0.2148E-02 -0.2435E-04 0.3395E-03 0.7559E-03  0.000      0.000      0.000      0.000       0.000       0.000       0.000       0.000       0.000       0.000    
   126000.   12.37166918   10.1137  0.2692E-03   0.000     -0.1976E-02  0.5504E-04 0.3496E-03 0.1302E-02  0.000      0.000      0.000      0.000       0.000       0.000       0.000       0.000       0.000       0.000    
   129600.   12.42164461   10.1544  0.2423E-02   0.000     -0.1984E-02 -0.1406E-03 0.3032E-03-0.6015E-03  0.000      0.000      0.000      0.000       0.000       0.000       0.000       0.000       0.000       0.000    
   133200.   12.39669320   10.2697  0.1077E-02   0.000     -0.1861E-02  0.7018E-04 0.3211E-03 0.3931E-03  0.000      0.000      0.000      0.000       0.000       0.000       0.000       0.000       0.000       0.000    
   136800.   12.38768655   10.3919  0.8076E-03   0.000     -0.1746E-02  0.2533E-04 0.3252E-03 0.5882E-03  0.000      0.000      0.000      0.000       0.000       0.000       0.000       0.000       0.000       0.000    
   140400.   12.36590766   10.5513   0.000       0.000     -0.1588E-02  0.6125E-04 0.3399E-03 0.1187E-02  0.000      0.000      0.000      0.000       0.000       0.000       0.000       0.000       0.000       0.000    
   144000.   12.36163750   10.6988   0.000       0.000     -0.1455E-02  0.1201E-04 0.3402E-03 0.1103E-02  0.000      0.000      0.000      0.000       0.000       0.000       0.000       0.000       0.000       0.000    
   147600.   12.35975968   10.8353   0.000       0.000     -0.1334E-02  0.5281E-05 0.3391E-03 0.9895E-03  0.000      0.000      0.000      0.000       0.000       0.000       0.000       0.000       0.000       0.000    
   151200.   12.35874071   10.9617   0.000       0.000     -0.1222E-02  0.2866E-05 0.3380E-03 0.8815E-03  0.000      0.000      0.000      0.000       0.000       0.000       0.000       0.000       0.000       0.000    
   154800.   12.35807432   11.0788   0.000       0.000     -0.1119E-02  0.1874E-05 0.3372E-03 0.7803E-03  0.000      0.000      0.000      0.000       0.000       0.000       0.000       0.000       0.000       0.000    
   158400.   12.37091051   11.1563  0.5384E-03   0.000     -0.1063E-02 -0.3610E-04 0.3260E-03 0.2345E-03  0.000      0.000      0.000      0.000       0.000       0.000       0.000       0.000       0.000       0.000    
   162000.   12.42644823   11.1050  0.2692E-02   0.000     -0.1156E-02 -0.1562E-03 0.2812E-03-0.1661E-02  0.000      0.000      0.000      0.000       0.000       0.000       0.000       0.000       0.000       0.000    
   165600.   12.42376592   11.0889  0.2154E-02   0.000     -0.1168E-02  0.7544E-05 0.2864E-03-0.1279E-02  0.000      0.000      0.000      0.000       0.000       0.000       0.000       0.000       0.000       0.000    
   169200.   12.37951946   11.1819  0.2692E-03   0.000     -0.1048E-02  0.1244E-03 0.3250E-03 0.3293E-03  0.000      0.000      0.000      0.000       0.000       0.000       0.000       0.000       0.000       0.000    
   172800.   12.36607388   11.2831   0.000       0.000     -0.9476E-03  0.3782E-04 0.3363E-03 0.5735E-03  0.000      0.000      0.000      0.000       0.000       0.000       0.000       0.000       0.000       0.000    
