TOTIM (T)      HCON          HMAT      QDIR      QWELL        QMAT       QCADS      QTUB1      QTUB2      QTUB3      QTUB4      QTUB5      QTUB6       NSTOR        QFIX        QLH     FHLQ (LQ)        CAUCHY   CAUCHY (LQ)
     3600.   12.32165570   12.3356   0.000       0.000      0.1217E-04   0.000     0.1819E-02 0.2779E-02-0.4609E-02  0.000      0.000      0.000       0.000       0.000       0.000       0.000       0.000       0.000    
     7200.   12.30838384   12.3345   0.000       0.000      0.2282E-04   0.000     0.1670E-02 0.2549E-02-0.4242E-02  0.000      0.000      0.000       0.000       0.000       0.000       0.000       0.000       0.000    
    10800.   12.30594467   12.3333   0.000       0.000      0.2392E-04   0.000     0.1693E-02 0.2582E-02-0.4298E-02  0.000      0.000      0.000       0.000       0.000       0.000       0.000       0.000       0.000    
    14400.   12.30482186   12.3321   0.000       0.000      0.2389E-04   0.000     0.1710E-02 0.2607E-02-0.4340E-02  0.000      0.000      0.000       0.000       0.000       0.000       0.000       0.000       0.000    
    18000.   12.30411327   12.3310   0.000       0.000      0.2351E-04   0.000     0.1719E-02 0.2622E-02-0.4365E-02  0.000      0.000      0.000       0.000       0.000       0.000       0.000       0.000       0.000    
    21600.   12.30358320   12.3299   0.000       0.000      0.2301E-04   0.000     0.1726E-02 0.2631E-02-0.4380E-02  0.000      0.000      0.000       0.000       0.000       0.000       0.000       0.000       0.000    
    25200.   12.30313376   12.3288   0.000       0.000      0.2247E-04   0.000     0.1730E-02 0.2639E-02-0.4392E-02  0.000      0.000      0.000       0.000       0.000       0.000       0.000       0.000       0.000    
    28800.   12.30272154   12.3278   0.000       0.000      0.2194E-04   0.000     0.1734E-02 0.2645E-02-0.4401E-02  0.000      0.000      0.000       0.000       0.000       0.000       0.000       0.000       0.000    
    32400.   12.30235110   12.3268   0.000       0.000      0.2140E-04   0.000     0.1737E-02 0.2649E-02-0.4407E-02  0.000      0.000      0.000       0.000       0.000       0.000       0.000       0.000       0.000    
    36000.   12.30197972   12.3259   0.000       0.000      0.2089E-04   0.000     0.1739E-02 0.2653E-02-0.4414E-02  0.000      0.000      0.000       0.000       0.000       0.000       0.000       0.000       0.000    
    39600.   12.30160750   12.3249   0.000       0.000      0.2042E-04   0.000     0.1742E-02 0.2657E-02-0.4420E-02  0.000      0.000      0.000       0.000       0.000       0.000       0.000       0.000       0.000    
    43200.   12.31455539   12.3252   0.000       0.000      0.9291E-05   0.000     0.1892E-02 0.2889E-02-0.4791E-02  0.000      0.000      0.000       0.000       0.000       0.000       0.000       0.000       0.000    
    46800.   12.31665079   12.3255   0.000       0.000      0.7745E-05   0.000     0.1871E-02 0.2859E-02-0.4738E-02  0.000      0.000      0.000       0.000       0.000       0.000       0.000       0.000       0.000    
    50400.   12.30408730   12.3247   0.000       0.000      0.1807E-04   0.000     0.1708E-02 0.2609E-02-0.4336E-02  0.000      0.000      0.000       0.000       0.000       0.000       0.000       0.000       0.000    
    54000.   12.31530742   12.3250   0.000       0.000      0.8493E-05   0.000     0.1871E-02 0.2859E-02-0.4738E-02  0.000      0.000      0.000       0.000       0.000       0.000       0.000       0.000       0.000    
    57600.   12.35022699   12.3282   0.000       0.000     -0.1930E-04   0.000     0.2227E-02 0.3411E-02-0.5619E-02  0.000      0.000      0.000       0.000       0.000       0.000       0.000       0.000       0.000    
    61200.   12.45730738   12.3399   0.000       0.000     -0.1027E-03   0.000     0.3260E-02 0.5013E-02-0.8170E-02  0.000      0.000      0.000       0.000       0.000       0.000       0.000       0.000       0.000    
    64800.   12.45234151   12.3500   0.000       0.000     -0.8959E-04   0.000     0.2743E-02 0.4236E-02-0.6889E-02  0.000      0.000      0.000       0.000       0.000       0.000       0.000       0.000       0.000    
    68400.   12.45134212   12.3591   0.000       0.000     -0.8069E-04   0.000     0.2558E-02 0.3955E-02-0.6433E-02  0.000      0.000      0.000       0.000       0.000       0.000       0.000       0.000       0.000    
    72000.   12.42124496   12.3651   0.000       0.000     -0.4909E-04   0.000     0.2145E-02 0.3315E-02-0.5410E-02  0.000      0.000      0.000       0.000       0.000       0.000       0.000       0.000       0.000    
    75600.   12.39152937   12.3684   0.000       0.000     -0.2022E-04   0.000     0.1877E-02 0.2893E-02-0.4749E-02  0.000      0.000      0.000       0.000       0.000       0.000       0.000       0.000       0.000    
    79200.   12.46698678   12.3780   0.000       0.000     -0.7786E-04   0.000     0.2821E-02 0.4341E-02-0.7084E-02  0.000      0.000      0.000       0.000       0.000       0.000       0.000       0.000       0.000    
    82800.   12.48074031   12.3878   0.000       0.000     -0.8135E-04   0.000     0.2716E-02 0.4190E-02-0.6825E-02  0.000      0.000      0.000       0.000       0.000       0.000       0.000       0.000       0.000    
    86400.   12.49455941   12.3979   0.000       0.000     -0.8455E-04   0.000     0.2700E-02 0.4168E-02-0.6783E-02  0.000      0.000      0.000       0.000       0.000       0.000       0.000       0.000       0.000    
    90000.   12.57441373   12.4140   0.000       0.000     -0.1403E-03   0.000     0.3441E-02 0.5315E-02-0.8615E-02  0.000      0.000      0.000       0.000       0.000       0.000       0.000       0.000       0.000    
    93600.   12.75991956   12.4443   0.000       0.000     -0.2762E-03   0.000     0.5334E-02 0.7664E-02-0.1272E-01  0.000      0.000      0.000       0.000       0.000       0.000       0.000       0.000       0.000    
    97200.   12.69438687   12.4660   0.000       0.000     -0.1999E-03   0.000     0.3690E-02 0.5288E-02-0.8778E-02  0.000      0.000      0.000       0.000       0.000       0.000       0.000       0.000       0.000    
   100800.   12.54981085   12.4742   0.000       0.000     -0.6614E-04   0.000     0.2465E-02 0.2105E-02-0.4504E-02  0.000      0.000      0.000       0.000       0.000       0.000       0.000       0.000       0.000    
   104400.   12.48217884   12.4770   0.000       0.000     -0.4563E-05   0.000     0.1941E-02 0.1825E-02-0.3761E-02  0.000      0.000      0.000       0.000       0.000       0.000       0.000       0.000       0.000    
   108000.   12.46117206   12.4782   0.000       0.000      0.1494E-04   0.000     0.2181E-02 0.1943E-02-0.4139E-02  0.000      0.000      0.000       0.000       0.000       0.000       0.000       0.000       0.000    
   111600.   12.42849575   12.4769   0.000       0.000      0.4236E-04   0.000     0.1910E-02 0.1794E-02-0.3747E-02  0.000      0.000      0.000       0.000       0.000       0.000       0.000       0.000       0.000    
   115200.   12.40184004   12.4736   0.000       0.000      0.6280E-04   0.000     0.1735E-02 0.1690E-02-0.3488E-02  0.000      0.000      0.000       0.000       0.000       0.000       0.000       0.000       0.000    
   118800.   12.38258165   12.4691   0.000       0.000      0.7569E-04   0.000     0.1665E-02 0.1646E-02-0.3387E-02  0.000      0.000      0.000       0.000       0.000       0.000       0.000       0.000       0.000    
   122400.   12.39123838   12.4657   0.000       0.000      0.6516E-04   0.000     0.2048E-02 0.1860E-02-0.3974E-02  0.000      0.000      0.000       0.000       0.000       0.000       0.000       0.000       0.000    
   126000.   12.37166894   12.4609   0.000       0.000      0.7805E-04   0.000     0.1747E-02 0.1692E-02-0.3517E-02  0.000      0.000      0.000       0.000       0.000       0.000       0.000       0.000       0.000    
   129600.   12.42164342   12.4606   0.000       0.000      0.3412E-04   0.000     0.2830E-02 0.2246E-02-0.5110E-02  0.000      0.000      0.000       0.000       0.000       0.000       0.000       0.000       0.000    
   133200.   12.39669254   12.4581   0.000       0.000      0.5370E-04   0.000     0.2124E-02 0.1903E-02-0.4081E-02  0.000      0.000      0.000       0.000       0.000       0.000       0.000       0.000       0.000    
   136800.   12.38768599   12.4550   0.000       0.000      0.5888E-04   0.000     0.2036E-02 0.1856E-02-0.3951E-02  0.000      0.000      0.000       0.000       0.000       0.000       0.000       0.000       0.000    
   140400.   12.36590739   12.4503   0.000       0.000      0.7383E-04   0.000     0.1742E-02 0.1691E-02-0.3507E-02  0.000      0.000      0.000       0.000       0.000       0.000       0.000       0.000       0.000    
   144000.   12.36163716   12.4456   0.000       0.000      0.7351E-04   0.000     0.1844E-02 0.1748E-02-0.3666E-02  0.000      0.000      0.000       0.000       0.000       0.000       0.000       0.000       0.000    
   147600.   12.35975928   12.4412   0.000       0.000      0.7125E-04   0.000     0.1921E-02 0.1790E-02-0.3783E-02  0.000      0.000      0.000       0.000       0.000       0.000       0.000       0.000       0.000    
   151200.   12.35874026   12.4369   0.000       0.000      0.6842E-04   0.000     0.1973E-02 0.1819E-02-0.3860E-02  0.000      0.000      0.000       0.000       0.000       0.000       0.000       0.000       0.000    
   154800.   12.35807383   12.4329   0.000       0.000      0.6547E-04   0.000     0.2013E-02 0.1841E-02-0.3919E-02  0.000      0.000      0.000       0.000       0.000       0.000       0.000       0.000       0.000    
   158400.   12.37090975   12.4302   0.000       0.000      0.5187E-04   0.000     0.2292E-02 0.1988E-02-0.4333E-02  0.000      0.000      0.000       0.000       0.000       0.000       0.000       0.000       0.000    
   162000.   12.42644655   12.4323   0.000       0.000      0.5087E-05   0.000     0.3307E-02 0.2458E-02-0.5770E-02  0.000      0.000      0.000       0.000       0.000       0.000       0.000       0.000       0.000    
   165600.   12.42376448   12.4337   0.000       0.000      0.8653E-05   0.000     0.2885E-02 0.2277E-02-0.5171E-02  0.000      0.000      0.000       0.000       0.000       0.000       0.000       0.000       0.000    
   169200.   12.37951884   12.4312   0.000       0.000      0.4520E-04   0.000     0.1941E-02 0.1809E-02-0.3795E-02  0.000      0.000      0.000       0.000       0.000       0.000       0.000       0.000       0.000    
   172800.   12.36607334   12.4279   0.000       0.000      0.5413E-04   0.000     0.1925E-02 0.1798E-02-0.3777E-02  0.000      0.000      0.000       0.000       0.000       0.000       0.000       0.000       0.000    
