TOTIM (T)      HCON          HMAT      QDIR      QWELL        QMAT       QCADS      QTUB1      QTUB2      QTUB3      QTUB4      QTUB5      QTUB6       NSTOR        QFIX        QLH     FHLQ (LQ)        CAUCHY   CAUCHY (LQ)
     3600.   12.32165520   12.3132   0.000       0.000     -0.7399E-05   0.000     0.2652E-02-0.2644E-02  0.000      0.000      0.000      0.000       0.000       0.000       0.000       0.000       0.000       0.000    
     7200.   12.30838338   12.3121   0.000       0.000      0.3249E-05   0.000     0.2430E-02-0.2433E-02  0.000      0.000      0.000      0.000       0.000       0.000       0.000       0.000       0.000       0.000    
    10800.   12.30594421   12.3109   0.000       0.000      0.4363E-05   0.000     0.2472E-02-0.2476E-02  0.000      0.000      0.000      0.000       0.000       0.000       0.000       0.000       0.000       0.000    
    14400.   12.30482139   12.3098   0.000       0.000      0.4336E-05   0.000     0.2494E-02-0.2499E-02  0.000      0.000      0.000      0.000       0.000       0.000       0.000       0.000       0.000       0.000    
    18000.   12.30411279   12.3087   0.000       0.000      0.3974E-05   0.000     0.2507E-02-0.2511E-02  0.000      0.000      0.000      0.000       0.000       0.000       0.000       0.000       0.000       0.000    
    21600.   12.30358272   12.3076   0.000       0.000      0.3489E-05   0.000     0.2516E-02-0.2519E-02  0.000      0.000      0.000      0.000       0.000       0.000       0.000       0.000       0.000       0.000    
    25200.   12.30313328   12.3065   0.000       0.000      0.2969E-05   0.000     0.2522E-02-0.2525E-02  0.000      0.000      0.000      0.000       0.000       0.000       0.000       0.000       0.000       0.000    
    28800.   12.30272106   12.3055   0.000       0.000      0.2451E-05   0.000     0.2527E-02-0.2529E-02  0.000      0.000      0.000      0.000       0.000       0.000       0.000       0.000       0.000       0.000    
    32400.   12.30235062   12.3046   0.000       0.000      0.1934E-05   0.000     0.2530E-02-0.2532E-02  0.000      0.000      0.000      0.000       0.000       0.000       0.000       0.000       0.000       0.000    
    36000.   12.30197925   12.3036   0.000       0.000      0.1449E-05   0.000     0.2533E-02-0.2535E-02  0.000      0.000      0.000      0.000       0.000       0.000       0.000       0.000       0.000       0.000    
    39600.   12.30160702   12.3027   0.000       0.000      0.9956E-06   0.000     0.2536E-02-0.2537E-02  0.000      0.000      0.000      0.000       0.000       0.000       0.000       0.000       0.000       0.000    
    43200.   12.31455487   12.3030   0.000       0.000     -0.1011E-04   0.000     0.2760E-02-0.2750E-02  0.000      0.000      0.000      0.000       0.000       0.000       0.000       0.000       0.000       0.000    
    46800.   12.31665028   12.3033   0.000       0.000     -0.1164E-04   0.000     0.2720E-02-0.2708E-02  0.000      0.000      0.000      0.000       0.000       0.000       0.000       0.000       0.000       0.000    
    50400.   12.30408683   12.3026   0.000       0.000     -0.1308E-05   0.000     0.2479E-02-0.2478E-02  0.000      0.000      0.000      0.000       0.000       0.000       0.000       0.000       0.000       0.000    
    54000.   12.31530691   12.3029   0.000       0.000     -0.1087E-04   0.000     0.2731E-02-0.2720E-02  0.000      0.000      0.000      0.000       0.000       0.000       0.000       0.000       0.000       0.000    
    57600.   12.35022640   12.3060   0.000       0.000     -0.3866E-04   0.000     0.3253E-02-0.3214E-02  0.000      0.000      0.000      0.000       0.000       0.000       0.000       0.000       0.000       0.000    
    61200.   12.45729846   12.3178   0.000       0.000     -0.1221E-03   0.000     0.4777E-02-0.4655E-02  0.000      0.000      0.000      0.000       0.000       0.000       0.000       0.000       0.000       0.000    
    64800.   12.45233527   12.3277   0.000       0.000     -0.1091E-03   0.000     0.3955E-02-0.3846E-02  0.000      0.000      0.000      0.000       0.000       0.000       0.000       0.000       0.000       0.000    
    68400.   12.45133669   12.3368   0.000       0.000     -0.1003E-03   0.000     0.3720E-02-0.3620E-02  0.000      0.000      0.000      0.000       0.000       0.000       0.000       0.000       0.000       0.000    
    72000.   12.42124106   12.3427   0.000       0.000     -0.6876E-04   0.000     0.3117E-02-0.3048E-02  0.000      0.000      0.000      0.000       0.000       0.000       0.000       0.000       0.000       0.000    
    75600.   12.39152627   12.3458   0.000       0.000     -0.4000E-04   0.000     0.2741E-02-0.2701E-02  0.000      0.000      0.000      0.000       0.000       0.000       0.000       0.000       0.000       0.000    
    79200.   12.46698006   12.3552   0.000       0.000     -0.9777E-04   0.000     0.4163E-02-0.4066E-02  0.000      0.000      0.000      0.000       0.000       0.000       0.000       0.000       0.000       0.000    
    82800.   12.48073413   12.3648   0.000       0.000     -0.1014E-03   0.000     0.3956E-02-0.3855E-02  0.000      0.000      0.000      0.000       0.000       0.000       0.000       0.000       0.000       0.000    
    86400.   12.49455335   12.3748   0.000       0.000     -0.1048E-03   0.000     0.3946E-02-0.3841E-02  0.000      0.000      0.000      0.000       0.000       0.000       0.000       0.000       0.000       0.000    
    90000.   12.57440414   12.3907   0.000       0.000     -0.1607E-03   0.000     0.5059E-02-0.4898E-02  0.000      0.000      0.000      0.000       0.000       0.000       0.000       0.000       0.000       0.000    
    93600.   12.75990035   12.4206   0.000       0.000     -0.2969E-03   0.000     0.7506E-02-0.7209E-02  0.000      0.000      0.000      0.000       0.000       0.000       0.000       0.000       0.000       0.000    
    97200.   12.69437796   12.4419   0.000       0.000     -0.2209E-03   0.000     0.5050E-02-0.4829E-02  0.000      0.000      0.000      0.000       0.000       0.000       0.000       0.000       0.000       0.000    
   100800.   12.54980913   12.4498   0.000       0.000     -0.8750E-04   0.000     0.2579E-02-0.2491E-02  0.000      0.000      0.000      0.000       0.000       0.000       0.000       0.000       0.000       0.000    
   104400.   12.48217757   12.4522   0.000       0.000     -0.2622E-04   0.000     0.2221E-02-0.2195E-02  0.000      0.000      0.000      0.000       0.000       0.000       0.000       0.000       0.000       0.000    
   108000.   12.46117049   12.4532   0.000       0.000     -0.6981E-05   0.000     0.2451E-02-0.2445E-02  0.000      0.000      0.000      0.000       0.000       0.000       0.000       0.000       0.000       0.000    
   111600.   12.42849440   12.4516   0.000       0.000      0.2021E-04   0.000     0.2198E-02-0.2218E-02  0.000      0.000      0.000      0.000       0.000       0.000       0.000       0.000       0.000       0.000    
   115200.   12.40183884   12.4481   0.000       0.000      0.4047E-04   0.000     0.2047E-02-0.2088E-02  0.000      0.000      0.000      0.000       0.000       0.000       0.000       0.000       0.000       0.000    
   118800.   12.38258048   12.4434   0.000       0.000      0.5321E-04   0.000     0.1989E-02-0.2043E-02  0.000      0.000      0.000      0.000       0.000       0.000       0.000       0.000       0.000       0.000    
   122400.   12.39123684   12.4399   0.000       0.000      0.4257E-04   0.000     0.2344E-02-0.2387E-02  0.000      0.000      0.000      0.000       0.000       0.000       0.000       0.000       0.000       0.000    
   126000.   12.37166769   12.4350   0.000       0.000      0.5538E-04   0.000     0.2055E-02-0.2110E-02  0.000      0.000      0.000      0.000       0.000       0.000       0.000       0.000       0.000       0.000    
   129600.   12.42164102   12.4347   0.000       0.000      0.1139E-04   0.000     0.3028E-02-0.3039E-02  0.000      0.000      0.000      0.000       0.000       0.000       0.000       0.000       0.000       0.000    
   133200.   12.39669094   12.4320   0.000       0.000      0.3094E-04   0.000     0.2372E-02-0.2403E-02  0.000      0.000      0.000      0.000       0.000       0.000       0.000       0.000       0.000       0.000    
   136800.   12.38768448   12.4289   0.000       0.000      0.3609E-04   0.000     0.2321E-02-0.2357E-02  0.000      0.000      0.000      0.000       0.000       0.000       0.000       0.000       0.000       0.000    
   140400.   12.36590615   12.4243   0.000       0.000      0.5106E-04   0.000     0.2054E-02-0.2105E-02  0.000      0.000      0.000      0.000       0.000       0.000       0.000       0.000       0.000       0.000    
   144000.   12.36163582   12.4197   0.000       0.000      0.5077E-04   0.000     0.2158E-02-0.2209E-02  0.000      0.000      0.000      0.000       0.000       0.000       0.000       0.000       0.000       0.000    
   147600.   12.35975786   12.4153   0.000       0.000      0.4856E-04   0.000     0.2222E-02-0.2270E-02  0.000      0.000      0.000      0.000       0.000       0.000       0.000       0.000       0.000       0.000    
   151200.   12.35873880   12.4111   0.000       0.000      0.4580E-04   0.000     0.2264E-02-0.2310E-02  0.000      0.000      0.000      0.000       0.000       0.000       0.000       0.000       0.000       0.000    
   154800.   12.35807232   12.4071   0.000       0.000      0.4294E-04   0.000     0.2297E-02-0.2339E-02  0.000      0.000      0.000      0.000       0.000       0.000       0.000       0.000       0.000       0.000    
   158400.   12.37090796   12.4045   0.000       0.000      0.2943E-04   0.000     0.2543E-02-0.2572E-02  0.000      0.000      0.000      0.000       0.000       0.000       0.000       0.000       0.000       0.000    
   162000.   12.42644359   12.4067   0.000       0.000     -0.1728E-04   0.000     0.3401E-02-0.3383E-02  0.000      0.000      0.000      0.000       0.000       0.000       0.000       0.000       0.000       0.000    
   165600.   12.42376207   12.4082   0.000       0.000     -0.1364E-04   0.000     0.3009E-02-0.2995E-02  0.000      0.000      0.000      0.000       0.000       0.000       0.000       0.000       0.000       0.000    
   169200.   12.37951745   12.4058   0.000       0.000      0.2299E-04   0.000     0.2195E-02-0.2218E-02  0.000      0.000      0.000      0.000       0.000       0.000       0.000       0.000       0.000       0.000    
   172800.   12.36607196   12.4026   0.000       0.000      0.3201E-04   0.000     0.2213E-02-0.2245E-02  0.000      0.000      0.000      0.000       0.000       0.000       0.000       0.000       0.000       0.000    
