TOTIM (T)      HCON          HMAT      QDIR      QWELL        QMAT       QCADS      QTUB1      QTUB2      QTUB3      QTUB4      QTUB5      QTUB6       NSTOR        QFIX        QLH     FHLQ (LQ)        CAUCHY   CAUCHY (LQ)
     3600.   12.32165553   12.3836   0.000       0.000      0.5419E-04   0.000     0.2581E-02-0.2635E-02  0.000      0.000      0.000      0.000       0.000       0.000       0.000       0.000       0.000       0.000    
     7200.   12.30838367   12.3825   0.000       0.000      0.6484E-04   0.000     0.2306E-02-0.2371E-02  0.000      0.000      0.000      0.000       0.000       0.000       0.000       0.000       0.000       0.000    
    10800.   12.30594451   12.3813   0.000       0.000      0.6596E-04   0.000     0.2343E-02-0.2409E-02  0.000      0.000      0.000      0.000       0.000       0.000       0.000       0.000       0.000       0.000    
    14400.   12.30482169   12.3802   0.000       0.000      0.6593E-04   0.000     0.2365E-02-0.2431E-02  0.000      0.000      0.000      0.000       0.000       0.000       0.000       0.000       0.000       0.000    
    18000.   12.30411310   12.3790   0.000       0.000      0.6557E-04   0.000     0.2380E-02-0.2446E-02  0.000      0.000      0.000      0.000       0.000       0.000       0.000       0.000       0.000       0.000    
    21600.   12.30358303   12.3780   0.000       0.000      0.6508E-04   0.000     0.2391E-02-0.2456E-02  0.000      0.000      0.000      0.000       0.000       0.000       0.000       0.000       0.000       0.000    
    25200.   12.30313359   12.3769   0.000       0.000      0.6456E-04   0.000     0.2399E-02-0.2464E-02  0.000      0.000      0.000      0.000       0.000       0.000       0.000       0.000       0.000       0.000    
    28800.   12.30272136   12.3759   0.000       0.000      0.6404E-04   0.000     0.2407E-02-0.2471E-02  0.000      0.000      0.000      0.000       0.000       0.000       0.000       0.000       0.000       0.000    
    32400.   12.30235093   12.3750   0.000       0.000      0.6353E-04   0.000     0.2413E-02-0.2477E-02  0.000      0.000      0.000      0.000       0.000       0.000       0.000       0.000       0.000       0.000    
    36000.   12.30197955   12.3740   0.000       0.000      0.6304E-04   0.000     0.2419E-02-0.2482E-02  0.000      0.000      0.000      0.000       0.000       0.000       0.000       0.000       0.000       0.000    
    39600.   12.30160733   12.3731   0.000       0.000      0.6259E-04   0.000     0.2424E-02-0.2487E-02  0.000      0.000      0.000      0.000       0.000       0.000       0.000       0.000       0.000       0.000    
    43200.   12.31455521   12.3734   0.000       0.000      0.5148E-04   0.000     0.2703E-02-0.2754E-02  0.000      0.000      0.000      0.000       0.000       0.000       0.000       0.000       0.000       0.000    
    46800.   12.31665061   12.3737   0.000       0.000      0.4995E-04   0.000     0.2671E-02-0.2721E-02  0.000      0.000      0.000      0.000       0.000       0.000       0.000       0.000       0.000       0.000    
    50400.   12.30408713   12.3730   0.000       0.000      0.6028E-04   0.000     0.2378E-02-0.2439E-02  0.000      0.000      0.000      0.000       0.000       0.000       0.000       0.000       0.000       0.000    
    54000.   12.31530724   12.3733   0.000       0.000      0.5072E-04   0.000     0.2677E-02-0.2728E-02  0.000      0.000      0.000      0.000       0.000       0.000       0.000       0.000       0.000       0.000    
    57600.   12.35022681   12.3764   0.000       0.000      0.2293E-04   0.000     0.3339E-02-0.3362E-02  0.000      0.000      0.000      0.000       0.000       0.000       0.000       0.000       0.000       0.000    
    61200.   12.45729908   12.3882   0.000       0.000     -0.6050E-04   0.000     0.5280E-02-0.5220E-02  0.000      0.000      0.000      0.000       0.000       0.000       0.000       0.000       0.000       0.000    
    64800.   12.45233578   12.3981   0.000       0.000     -0.4747E-04   0.000     0.4393E-02-0.4346E-02  0.000      0.000      0.000      0.000       0.000       0.000       0.000       0.000       0.000       0.000    
    68400.   12.45133717   12.4071   0.000       0.000     -0.3866E-04   0.000     0.4114E-02-0.4076E-02  0.000      0.000      0.000      0.000       0.000       0.000       0.000       0.000       0.000       0.000    
    72000.   12.42124145   12.4130   0.000       0.000     -0.7171E-05   0.000     0.3353E-02-0.3346E-02  0.000      0.000      0.000      0.000       0.000       0.000       0.000       0.000       0.000       0.000    
    75600.   12.39152662   12.4162   0.000       0.000      0.2158E-04   0.000     0.2834E-02-0.2855E-02  0.000      0.000      0.000      0.000       0.000       0.000       0.000       0.000       0.000       0.000    
    79200.   12.46698059   12.4256   0.000       0.000     -0.3618E-04   0.000     0.4545E-02-0.4509E-02  0.000      0.000      0.000      0.000       0.000       0.000       0.000       0.000       0.000       0.000    
    82800.   12.48073464   12.4352   0.000       0.000     -0.3981E-04   0.000     0.4356E-02-0.4316E-02  0.000      0.000      0.000      0.000       0.000       0.000       0.000       0.000       0.000       0.000    
    86400.   12.49455386   12.4452   0.000       0.000     -0.4318E-04   0.000     0.4362E-02-0.4319E-02  0.000      0.000      0.000      0.000       0.000       0.000       0.000       0.000       0.000       0.000    
    90000.   12.57440480   12.4611   0.000       0.000     -0.9916E-04   0.000     0.5755E-02-0.5656E-02  0.000      0.000      0.000      0.000       0.000       0.000       0.000       0.000       0.000       0.000    
    93600.   12.75990813   12.4910   0.000       0.000     -0.2353E-03   0.000     0.8883E-02-0.8648E-02  0.000      0.000      0.000      0.000       0.000       0.000       0.000       0.000       0.000       0.000    
    97200.   12.69438157   12.5123   0.000       0.000     -0.1593E-03   0.000     0.6047E-02-0.5888E-02  0.000      0.000      0.000      0.000       0.000       0.000       0.000       0.000       0.000       0.000    
   100800.   12.54981006   12.5202   0.000       0.000     -0.2590E-04   0.000     0.2909E-02-0.2883E-02  0.000      0.000      0.000      0.000       0.000       0.000       0.000       0.000       0.000       0.000    
   104400.   12.48217821   12.5226   0.000       0.000      0.3539E-04   0.000     0.2244E-02-0.2280E-02  0.000      0.000      0.000      0.000       0.000       0.000       0.000       0.000       0.000       0.000    
   108000.   12.46117125   12.5236   0.000       0.000      0.5463E-04   0.000     0.2379E-02-0.2434E-02  0.000      0.000      0.000      0.000       0.000       0.000       0.000       0.000       0.000       0.000    
   111600.   12.42849498   12.5220   0.000       0.000      0.8182E-04   0.000     0.1990E-02-0.2072E-02  0.000      0.000      0.000      0.000       0.000       0.000       0.000       0.000       0.000       0.000    
   115200.   12.40183932   12.5185   0.000       0.000      0.1021E-03   0.000     0.1738E-02-0.1840E-02  0.000      0.000      0.000      0.000       0.000       0.000       0.000       0.000       0.000       0.000    
   118800.   12.38258093   12.5138   0.000       0.000      0.1148E-03   0.000     0.1616E-02-0.1731E-02  0.000      0.000      0.000      0.000       0.000       0.000       0.000       0.000       0.000       0.000    
   122400.   12.39123748   12.5103   0.000       0.000      0.1042E-03   0.000     0.2024E-02-0.2128E-02  0.000      0.000      0.000      0.000       0.000       0.000       0.000       0.000       0.000       0.000    
   126000.   12.37166816   12.5054   0.000       0.000      0.1170E-03   0.000     0.1670E-02-0.1787E-02  0.000      0.000      0.000      0.000       0.000       0.000       0.000       0.000       0.000       0.000    
   129600.   12.42164212   12.5051   0.000       0.000      0.7305E-04   0.000     0.2863E-02-0.2936E-02  0.000      0.000      0.000      0.000       0.000       0.000       0.000       0.000       0.000       0.000    
   133200.   12.39669160   12.5025   0.000       0.000      0.9261E-04   0.000     0.2110E-02-0.2203E-02  0.000      0.000      0.000      0.000       0.000       0.000       0.000       0.000       0.000       0.000    
   136800.   12.38768510   12.4994   0.000       0.000      0.9777E-04   0.000     0.2033E-02-0.2131E-02  0.000      0.000      0.000      0.000       0.000       0.000       0.000       0.000       0.000       0.000    
   140400.   12.36590663   12.4948   0.000       0.000      0.1127E-03   0.000     0.1691E-02-0.1804E-02  0.000      0.000      0.000      0.000       0.000       0.000       0.000       0.000       0.000       0.000    
   144000.   12.36163635   12.4902   0.000       0.000      0.1125E-03   0.000     0.1797E-02-0.1909E-02  0.000      0.000      0.000      0.000       0.000       0.000       0.000       0.000       0.000       0.000    
   147600.   12.35975843   12.4858   0.000       0.000      0.1103E-03   0.000     0.1872E-02-0.1982E-02  0.000      0.000      0.000      0.000       0.000       0.000       0.000       0.000       0.000       0.000    
   151200.   12.35873939   12.4816   0.000       0.000      0.1075E-03   0.000     0.1928E-02-0.2035E-02  0.000      0.000      0.000      0.000       0.000       0.000       0.000       0.000       0.000       0.000    
   154800.   12.35807293   12.4777   0.000       0.000      0.1047E-03   0.000     0.1974E-02-0.2079E-02  0.000      0.000      0.000      0.000       0.000       0.000       0.000       0.000       0.000       0.000    
   158400.   12.37090872   12.4751   0.000       0.000      0.9117E-04   0.000     0.2288E-02-0.2379E-02  0.000      0.000      0.000      0.000       0.000       0.000       0.000       0.000       0.000       0.000    
   162000.   12.42644502   12.4773   0.000       0.000      0.4447E-04   0.000     0.3379E-02-0.3424E-02  0.000      0.000      0.000      0.000       0.000       0.000       0.000       0.000       0.000       0.000    
   165600.   12.42376320   12.4788   0.000       0.000      0.4813E-04   0.000     0.2969E-02-0.3018E-02  0.000      0.000      0.000      0.000       0.000       0.000       0.000       0.000       0.000       0.000    
   169200.   12.37951803   12.4764   0.000       0.000      0.8477E-04   0.000     0.1973E-02-0.2058E-02  0.000      0.000      0.000      0.000       0.000       0.000       0.000       0.000       0.000       0.000    
   172800.   12.36607254   12.4733   0.000       0.000      0.9379E-04   0.000     0.1945E-02-0.2039E-02  0.000      0.000      0.000      0.000       0.000       0.000       0.000       0.000       0.000       0.000    
