TOTIM (T)      HCON          HMAT      QDIR      QWELL        QMAT       QCADS      QTUB1      QTUB2      QTUB3      QTUB4      QTUB5      QTUB6       NSTOR        QFIX        QLH     FHLQ (LQ)        CAUCHY   CAUCHY (LQ)
     3600.   12.32165651   12.3727   0.000       0.000      0.4465E-04   0.000     0.1562E-02-0.1607E-02  0.000      0.000      0.000      0.000       0.000       0.000       0.000       0.000       0.000       0.000    
     7200.   12.30838454   12.3716   0.000       0.000      0.5529E-04   0.000     0.1217E-02-0.1273E-02  0.000      0.000      0.000      0.000       0.000       0.000       0.000       0.000       0.000       0.000    
    10800.   12.30594539   12.3704   0.000       0.000      0.5641E-04   0.000     0.1227E-02-0.1283E-02  0.000      0.000      0.000      0.000       0.000       0.000       0.000       0.000       0.000       0.000    
    14400.   12.30482259   12.3693   0.000       0.000      0.5638E-04   0.000     0.1247E-02-0.1304E-02  0.000      0.000      0.000      0.000       0.000       0.000       0.000       0.000       0.000       0.000    
    18000.   12.30411400   12.3681   0.000       0.000      0.5602E-04   0.000     0.1265E-02-0.1321E-02  0.000      0.000      0.000      0.000       0.000       0.000       0.000       0.000       0.000       0.000    
    21600.   12.30358393   12.3671   0.000       0.000      0.5553E-04   0.000     0.1280E-02-0.1336E-02  0.000      0.000      0.000      0.000       0.000       0.000       0.000       0.000       0.000       0.000    
    25200.   12.30313450   12.3660   0.000       0.000      0.5501E-04   0.000     0.1294E-02-0.1349E-02  0.000      0.000      0.000      0.000       0.000       0.000       0.000       0.000       0.000       0.000    
    28800.   12.30272228   12.3650   0.000       0.000      0.5450E-04   0.000     0.1306E-02-0.1361E-02  0.000      0.000      0.000      0.000       0.000       0.000       0.000       0.000       0.000       0.000    
    32400.   12.30235184   12.3640   0.000       0.000      0.5398E-04   0.000     0.1318E-02-0.1372E-02  0.000      0.000      0.000      0.000       0.000       0.000       0.000       0.000       0.000       0.000    
    36000.   12.30198047   12.3631   0.000       0.000      0.5349E-04   0.000     0.1329E-02-0.1382E-02  0.000      0.000      0.000      0.000       0.000       0.000       0.000       0.000       0.000       0.000    
    39600.   12.30160825   12.3622   0.000       0.000      0.5304E-04   0.000     0.1339E-02-0.1392E-02  0.000      0.000      0.000      0.000       0.000       0.000       0.000       0.000       0.000       0.000    
    43200.   12.31455625   12.3625   0.000       0.000      0.4193E-04   0.000     0.1693E-02-0.1735E-02  0.000      0.000      0.000      0.000       0.000       0.000       0.000       0.000       0.000       0.000    
    46800.   12.31665164   12.3628   0.000       0.000      0.4040E-04   0.000     0.1692E-02-0.1733E-02  0.000      0.000      0.000      0.000       0.000       0.000       0.000       0.000       0.000       0.000    
    50400.   12.30408803   12.3621   0.000       0.000      0.5073E-04   0.000     0.1335E-02-0.1386E-02  0.000      0.000      0.000      0.000       0.000       0.000       0.000       0.000       0.000       0.000    
    54000.   12.31530827   12.3624   0.000       0.000      0.4117E-04   0.000     0.1679E-02-0.1720E-02  0.000      0.000      0.000      0.000       0.000       0.000       0.000       0.000       0.000       0.000    
    57600.   12.35022811   12.3655   0.000       0.000      0.1338E-04   0.000     0.2542E-02-0.2556E-02  0.000      0.000      0.000      0.000       0.000       0.000       0.000       0.000       0.000       0.000    
    61200.   12.45730929   12.3772   0.000       0.000     -0.7005E-04   0.000     0.5087E-02-0.5017E-02  0.000      0.000      0.000      0.000       0.000       0.000       0.000       0.000       0.000       0.000    
    64800.   12.45234310   12.3872   0.000       0.000     -0.5702E-04   0.000     0.4268E-02-0.4211E-02  0.000      0.000      0.000      0.000       0.000       0.000       0.000       0.000       0.000       0.000    
    68400.   12.45134359   12.3962   0.000       0.000     -0.4821E-04   0.000     0.3907E-02-0.3859E-02  0.000      0.000      0.000      0.000       0.000       0.000       0.000       0.000       0.000       0.000    
    72000.   12.42124612   12.4021   0.000       0.000     -0.1672E-04   0.000     0.2917E-02-0.2901E-02  0.000      0.000      0.000      0.000       0.000       0.000       0.000       0.000       0.000       0.000    
    75600.   12.39153031   12.4053   0.000       0.000      0.1204E-04   0.000     0.2144E-02-0.2156E-02  0.000      0.000      0.000      0.000       0.000       0.000       0.000       0.000       0.000       0.000    
    79200.   12.46698839   12.4147   0.000       0.000     -0.4572E-04   0.000     0.4178E-02-0.4132E-02  0.000      0.000      0.000      0.000       0.000       0.000       0.000       0.000       0.000       0.000    
    82800.   12.48074187   12.4243   0.000       0.000     -0.4936E-04   0.000     0.4113E-02-0.4064E-02  0.000      0.000      0.000      0.000       0.000       0.000       0.000       0.000       0.000       0.000    
    86400.   12.49456097   12.4343   0.000       0.000     -0.5272E-04   0.000     0.4145E-02-0.4092E-02  0.000      0.000      0.000      0.000       0.000       0.000       0.000       0.000       0.000       0.000    
    90000.   12.57441584   12.4502   0.000       0.000     -0.1087E-03   0.000     0.5909E-02-0.5800E-02  0.000      0.000      0.000      0.000       0.000       0.000       0.000       0.000       0.000       0.000    
    93600.   12.75994104   12.4801   0.000       0.000     -0.2448E-03   0.000     0.1004E-01-0.9790E-02  0.000      0.000      0.000      0.000       0.000       0.000       0.000       0.000       0.000       0.000    
    97200.   12.69439741   12.5015   0.000       0.000     -0.1688E-03   0.000     0.6942E-02-0.6773E-02  0.000      0.000      0.000      0.000       0.000       0.000       0.000       0.000       0.000       0.000    
   100800.   12.54981275   12.5093   0.000       0.000     -0.3542E-04   0.000     0.2774E-02-0.2739E-02  0.000      0.000      0.000      0.000       0.000       0.000       0.000       0.000       0.000       0.000    
   104400.   12.48217955   12.5118   0.000       0.000      0.2588E-04   0.000     0.1443E-02-0.1469E-02  0.000      0.000      0.000      0.000       0.000       0.000       0.000       0.000       0.000       0.000    
   108000.   12.46117280   12.5127   0.000       0.000      0.4512E-04   0.000     0.1320E-02-0.1365E-02  0.000      0.000      0.000      0.000       0.000       0.000       0.000       0.000       0.000       0.000    
   111600.   12.42849632   12.5111   0.000       0.000      0.7232E-04   0.000     0.7026E-03-0.7749E-03  0.000      0.000      0.000      0.000       0.000       0.000       0.000       0.000       0.000       0.000    
   115200.   12.40184049   12.5077   0.000       0.000      0.9259E-04   0.000     0.2574E-03-0.3500E-03  0.000      0.000      0.000      0.000       0.000       0.000       0.000       0.000       0.000       0.000    
   118800.   12.38258204   12.5030   0.000       0.000      0.1053E-03   0.000     0.7119E-05-0.1125E-03  0.000      0.000      0.000      0.000       0.000       0.000       0.000       0.000       0.000       0.000    
   122400.   12.39123894   12.4995   0.000       0.000      0.9471E-04   0.000     0.4572E-03-0.5519E-03  0.000      0.000      0.000      0.000       0.000       0.000       0.000       0.000       0.000       0.000    
   126000.   12.37166935   12.4946   0.000       0.000      0.1075E-03   0.000     0.3566E-04-0.1432E-03  0.000      0.000      0.000      0.000       0.000       0.000       0.000       0.000       0.000       0.000    
   129600.   12.42164432   12.4943   0.000       0.000      0.6355E-04   0.000     0.1496E-02-0.1559E-02  0.000      0.000      0.000      0.000       0.000       0.000       0.000       0.000       0.000       0.000    
   133200.   12.39669316   12.4917   0.000       0.000      0.8311E-04   0.000     0.6940E-03-0.7771E-03  0.000      0.000      0.000      0.000       0.000       0.000       0.000       0.000       0.000       0.000    
   136800.   12.38768656   12.4886   0.000       0.000      0.8828E-04   0.000     0.5485E-03-0.6367E-03  0.000      0.000      0.000      0.000       0.000       0.000       0.000       0.000       0.000       0.000    
   140400.   12.36590781   12.4839   0.000       0.000      0.1033E-03   0.000     0.9862E-04-0.2019E-03  0.000      0.000      0.000      0.000       0.000       0.000       0.000       0.000       0.000       0.000    
   144000.   12.36163762   12.4793   0.000       0.000      0.1030E-03   0.000     0.1791E-03-0.2821E-03  0.000      0.000      0.000      0.000       0.000       0.000       0.000       0.000       0.000       0.000    
   147600.   12.35975977   12.4749   0.000       0.000      0.1008E-03   0.000     0.2706E-03-0.3714E-03  0.000      0.000      0.000      0.000       0.000       0.000       0.000       0.000       0.000       0.000    
   151200.   12.35874078   12.4708   0.000       0.000      0.9803E-04   0.000     0.3518E-03-0.4499E-03  0.000      0.000      0.000      0.000       0.000       0.000       0.000       0.000       0.000       0.000    
   154800.   12.35807437   12.4668   0.000       0.000      0.9518E-04   0.000     0.4257E-03-0.5209E-03  0.000      0.000      0.000      0.000       0.000       0.000       0.000       0.000       0.000       0.000    
   158400.   12.37091042   12.4643   0.000       0.000      0.8168E-04   0.000     0.8381E-03-0.9197E-03  0.000      0.000      0.000      0.000       0.000       0.000       0.000       0.000       0.000       0.000    
   162000.   12.42644769   12.4664   0.000       0.000      0.3499E-04   0.000     0.2267E-02-0.2302E-02  0.000      0.000      0.000      0.000       0.000       0.000       0.000       0.000       0.000       0.000    
   165600.   12.42376548   12.4679   0.000       0.000      0.3864E-04   0.000     0.1924E-02-0.1962E-02  0.000      0.000      0.000      0.000       0.000       0.000       0.000       0.000       0.000       0.000    
   169200.   12.37951941   12.4656   0.000       0.000      0.7528E-04   0.000     0.6827E-03-0.7579E-03  0.000      0.000      0.000      0.000       0.000       0.000       0.000       0.000       0.000       0.000    
   172800.   12.36607389   12.4624   0.000       0.000      0.8430E-04   0.000     0.5304E-03-0.6147E-03  0.000      0.000      0.000      0.000       0.000       0.000       0.000       0.000       0.000       0.000    
