TOTIM (T)      HCON          HMAT      QDIR      QWELL        QMAT       QCADS      QTUB1      QTUB2      QTUB3      QTUB4      QTUB5      QTUB6       NSTOR        QFIX        QLH     FHLQ (LQ)        CAUCHY   CAUCHY (LQ)
     3600.   12.32165664   12.5051   0.000       0.000      0.1605E-03   0.000     0.1495E-02-0.1656E-02  0.000      0.000      0.000      0.000       0.000       0.000       0.000       0.000       0.000       0.000    
     7200.   12.30838464   12.5040   0.000       0.000      0.1711E-03   0.000     0.1057E-02-0.1228E-02  0.000      0.000      0.000      0.000       0.000       0.000       0.000       0.000       0.000       0.000    
    10800.   12.30594548   12.5028   0.000       0.000      0.1722E-03   0.000     0.1061E-02-0.1233E-02  0.000      0.000      0.000      0.000       0.000       0.000       0.000       0.000       0.000       0.000    
    14400.   12.30482268   12.5016   0.000       0.000      0.1722E-03   0.000     0.1083E-02-0.1256E-02  0.000      0.000      0.000      0.000       0.000       0.000       0.000       0.000       0.000       0.000    
    18000.   12.30411409   12.5005   0.000       0.000      0.1719E-03   0.000     0.1105E-02-0.1276E-02  0.000      0.000      0.000      0.000       0.000       0.000       0.000       0.000       0.000       0.000    
    21600.   12.30358403   12.4994   0.000       0.000      0.1714E-03   0.000     0.1124E-02-0.1295E-02  0.000      0.000      0.000      0.000       0.000       0.000       0.000       0.000       0.000       0.000    
    25200.   12.30313459   12.4984   0.000       0.000      0.1708E-03   0.000     0.1142E-02-0.1313E-02  0.000      0.000      0.000      0.000       0.000       0.000       0.000       0.000       0.000       0.000    
    28800.   12.30272238   12.4974   0.000       0.000      0.1703E-03   0.000     0.1159E-02-0.1329E-02  0.000      0.000      0.000      0.000       0.000       0.000       0.000       0.000       0.000       0.000    
    32400.   12.30235194   12.4964   0.000       0.000      0.1698E-03   0.000     0.1174E-02-0.1344E-02  0.000      0.000      0.000      0.000       0.000       0.000       0.000       0.000       0.000       0.000    
    36000.   12.30198057   12.4955   0.000       0.000      0.1693E-03   0.000     0.1189E-02-0.1358E-02  0.000      0.000      0.000      0.000       0.000       0.000       0.000       0.000       0.000       0.000    
    39600.   12.30160835   12.4946   0.000       0.000      0.1689E-03   0.000     0.1203E-02-0.1372E-02  0.000      0.000      0.000      0.000       0.000       0.000       0.000       0.000       0.000       0.000    
    43200.   12.31455638   12.4949   0.000       0.000      0.1578E-03   0.000     0.1653E-02-0.1811E-02  0.000      0.000      0.000      0.000       0.000       0.000       0.000       0.000       0.000       0.000    
    46800.   12.31665178   12.4952   0.000       0.000      0.1562E-03   0.000     0.1661E-02-0.1818E-02  0.000      0.000      0.000      0.000       0.000       0.000       0.000       0.000       0.000       0.000    
    50400.   12.30408814   12.4945   0.000       0.000      0.1666E-03   0.000     0.1213E-02-0.1379E-02  0.000      0.000      0.000      0.000       0.000       0.000       0.000       0.000       0.000       0.000    
    54000.   12.31530840   12.4947   0.000       0.000      0.1570E-03   0.000     0.1644E-02-0.1801E-02  0.000      0.000      0.000      0.000       0.000       0.000       0.000       0.000       0.000       0.000    
    57600.   12.35022833   12.4979   0.000       0.000      0.1292E-03   0.000     0.2746E-02-0.2875E-02  0.000      0.000      0.000      0.000       0.000       0.000       0.000       0.000       0.000       0.000    
    61200.   12.45730974   12.5096   0.000       0.000      0.4578E-04   0.000     0.6006E-02-0.6052E-02  0.000      0.000      0.000      0.000       0.000       0.000       0.000       0.000       0.000       0.000    
    64800.   12.45234351   12.5196   0.000       0.000      0.5882E-04   0.000     0.5035E-02-0.5094E-02  0.000      0.000      0.000      0.000       0.000       0.000       0.000       0.000       0.000       0.000    
    68400.   12.45134397   12.5286   0.000       0.000      0.6763E-04   0.000     0.4595E-02-0.4663E-02  0.000      0.000      0.000      0.000       0.000       0.000       0.000       0.000       0.000       0.000    
    72000.   12.42124641   12.5345   0.000       0.000      0.9912E-04   0.000     0.3333E-02-0.3432E-02  0.000      0.000      0.000      0.000       0.000       0.000       0.000       0.000       0.000       0.000    
    75600.   12.39153053   12.5377   0.000       0.000      0.1279E-03   0.000     0.2323E-02-0.2451E-02  0.000      0.000      0.000      0.000       0.000       0.000       0.000       0.000       0.000       0.000    
    79200.   12.46698877   12.5471   0.000       0.000      0.7012E-04   0.000     0.4876E-02-0.4946E-02  0.000      0.000      0.000      0.000       0.000       0.000       0.000       0.000       0.000       0.000    
    82800.   12.48074225   12.5567   0.000       0.000      0.6649E-04   0.000     0.4822E-02-0.4888E-02  0.000      0.000      0.000      0.000       0.000       0.000       0.000       0.000       0.000       0.000    
    86400.   12.49456137   12.5667   0.000       0.000      0.6312E-04   0.000     0.4878E-02-0.4941E-02  0.000      0.000      0.000      0.000       0.000       0.000       0.000       0.000       0.000       0.000    
    90000.   12.57441640   12.5826   0.000       0.000      0.7149E-05   0.000     0.7127E-02-0.7134E-02  0.000      0.000      0.000      0.000       0.000       0.000       0.000       0.000       0.000       0.000    
    93600.   12.75996152   12.6125   0.000       0.000     -0.1290E-03   0.000     0.1242E-01-0.1229E-01  0.000      0.000      0.000      0.000       0.000       0.000       0.000       0.000       0.000       0.000    
    97200.   12.69440789   12.6339   0.000       0.000     -0.5298E-04   0.000     0.8596E-02-0.8543E-02  0.000      0.000      0.000      0.000       0.000       0.000       0.000       0.000       0.000       0.000    
   100800.   12.54981453   12.6417   0.000       0.000      0.8044E-04   0.000     0.3285E-02-0.3365E-02  0.000      0.000      0.000      0.000       0.000       0.000       0.000       0.000       0.000       0.000    
   104400.   12.48217994   12.6442   0.000       0.000      0.1417E-03   0.000     0.1480E-02-0.1621E-02  0.000      0.000      0.000      0.000       0.000       0.000       0.000       0.000       0.000       0.000    
   108000.   12.46117313   12.6451   0.000       0.000      0.1610E-03   0.000     0.1228E-02-0.1389E-02  0.000      0.000      0.000      0.000       0.000       0.000       0.000       0.000       0.000       0.000    
   111600.   12.42849646   12.6435   0.000       0.000      0.1882E-03   0.000     0.3903E-03-0.5785E-03  0.000      0.000      0.000      0.000       0.000       0.000       0.000       0.000       0.000       0.000    
   115200.   12.40184054   12.6400   0.000       0.000      0.2084E-03   0.000    -0.2154E-03 0.6986E-05  0.000      0.000      0.000      0.000       0.000       0.000       0.000       0.000       0.000       0.000    
   118800.   12.38258203   12.6354   0.000       0.000      0.2212E-03   0.000    -0.5645E-03 0.3434E-03  0.000      0.000      0.000      0.000       0.000       0.000       0.000       0.000       0.000       0.000    
   122400.   12.39123901   12.6319   0.000       0.000      0.2105E-03   0.000    -0.1360E-04-0.1969E-03  0.000      0.000      0.000      0.000       0.000       0.000       0.000       0.000       0.000       0.000    
   126000.   12.37166934   12.6269   0.000       0.000      0.2234E-03   0.000    -0.5498E-03 0.3264E-03  0.000      0.000      0.000      0.000       0.000       0.000       0.000       0.000       0.000       0.000    
   129600.   12.42164463   12.6266   0.000       0.000      0.1794E-03   0.000     0.1299E-02-0.1478E-02  0.000      0.000      0.000      0.000       0.000       0.000       0.000       0.000       0.000       0.000    
   133200.   12.39669328   12.6240   0.000       0.000      0.1989E-03   0.000     0.3081E-03-0.5070E-03  0.000      0.000      0.000      0.000       0.000       0.000       0.000       0.000       0.000       0.000    
   136800.   12.38768665   12.6209   0.000       0.000      0.2041E-03   0.000     0.1222E-03-0.3262E-03  0.000      0.000      0.000      0.000       0.000       0.000       0.000       0.000       0.000       0.000    
   140400.   12.36590782   12.6163   0.000       0.000      0.2191E-03   0.000    -0.4556E-03 0.2366E-03  0.000      0.000      0.000      0.000       0.000       0.000       0.000       0.000       0.000       0.000    
   144000.   12.36163764   12.6117   0.000       0.000      0.2188E-03   0.000    -0.3659E-03 0.1471E-03  0.000      0.000      0.000      0.000       0.000       0.000       0.000       0.000       0.000       0.000    
   147600.   12.35975981   12.6073   0.000       0.000      0.2166E-03   0.000    -0.2540E-03 0.3748E-04  0.000      0.000      0.000      0.000       0.000       0.000       0.000       0.000       0.000       0.000    
   151200.   12.35874083   12.6031   0.000       0.000      0.2138E-03   0.000    -0.1496E-03-0.6423E-04  0.000      0.000      0.000      0.000       0.000       0.000       0.000       0.000       0.000       0.000    
   154800.   12.35807443   12.5991   0.000       0.000      0.2109E-03   0.000    -0.5219E-04-0.1588E-03  0.000      0.000      0.000      0.000       0.000       0.000       0.000       0.000       0.000       0.000    
   158400.   12.37091057   12.5965   0.000       0.000      0.1974E-03   0.000     0.4763E-03-0.6737E-03  0.000      0.000      0.000      0.000       0.000       0.000       0.000       0.000       0.000       0.000    
   162000.   12.42644823   12.5987   0.000       0.000      0.1507E-03   0.000     0.2306E-02-0.2457E-02  0.000      0.000      0.000      0.000       0.000       0.000       0.000       0.000       0.000       0.000    
   165600.   12.42376592   12.6002   0.000       0.000      0.1544E-03   0.000     0.1910E-02-0.2064E-02  0.000      0.000      0.000      0.000       0.000       0.000       0.000       0.000       0.000       0.000    
   169200.   12.37951955   12.5978   0.000       0.000      0.1910E-03   0.000     0.3462E-03-0.5372E-03  0.000      0.000      0.000      0.000       0.000       0.000       0.000       0.000       0.000       0.000    
   172800.   12.36607398   12.5947   0.000       0.000      0.2000E-03   0.000     0.1301E-03-0.3301E-03  0.000      0.000      0.000      0.000       0.000       0.000       0.000       0.000       0.000       0.000    
