TOTIM (T)      HCON          HMAT      QDIR      QWELL        QMAT       QCADS      QTUB1      QTUB2      QTUB3      QTUB4      QTUB5      QTUB6       NSTOR        QFIX        QLH     FHLQ (LQ)        CAUCHY   CAUCHY (LQ)
     3600.   12.32165614   12.3783   0.000       0.000      0.4959E-04   0.000    -0.2286E-02 0.2237E-02  0.000      0.000      0.000      0.000       0.000       0.000       0.000       0.000       0.000       0.000    
     7200.   12.30838421   12.3772   0.000       0.000      0.6024E-04   0.000    -0.1916E-02 0.1856E-02  0.000      0.000      0.000      0.000       0.000       0.000       0.000       0.000       0.000       0.000    
    10800.   12.30594505   12.3761   0.000       0.000      0.6135E-04   0.000    -0.1942E-02 0.1881E-02  0.000      0.000      0.000      0.000       0.000       0.000       0.000       0.000       0.000       0.000    
    14400.   12.30482224   12.3749   0.000       0.000      0.6133E-04   0.000    -0.1965E-02 0.1904E-02  0.000      0.000      0.000      0.000       0.000       0.000       0.000       0.000       0.000       0.000    
    18000.   12.30411365   12.3738   0.000       0.000      0.6096E-04   0.000    -0.1983E-02 0.1922E-02  0.000      0.000      0.000      0.000       0.000       0.000       0.000       0.000       0.000       0.000    
    21600.   12.30358358   12.3727   0.000       0.000      0.6048E-04   0.000    -0.1998E-02 0.1938E-02  0.000      0.000      0.000      0.000       0.000       0.000       0.000       0.000       0.000       0.000    
    25200.   12.30313415   12.3717   0.000       0.000      0.5996E-04   0.000    -0.2012E-02 0.1952E-02  0.000      0.000      0.000      0.000       0.000       0.000       0.000       0.000       0.000       0.000    
    28800.   12.30272193   12.3707   0.000       0.000      0.5944E-04   0.000    -0.2024E-02 0.1964E-02  0.000      0.000      0.000      0.000       0.000       0.000       0.000       0.000       0.000       0.000    
    32400.   12.30235149   12.3697   0.000       0.000      0.5892E-04   0.000    -0.2034E-02 0.1975E-02  0.000      0.000      0.000      0.000       0.000       0.000       0.000       0.000       0.000       0.000    
    36000.   12.30198012   12.3688   0.000       0.000      0.5844E-04   0.000    -0.2044E-02 0.1986E-02  0.000      0.000      0.000      0.000       0.000       0.000       0.000       0.000       0.000       0.000    
    39600.   12.30160790   12.3679   0.000       0.000      0.5798E-04   0.000    -0.2054E-02 0.1996E-02  0.000      0.000      0.000      0.000       0.000       0.000       0.000       0.000       0.000       0.000    
    43200.   12.31455586   12.3681   0.000       0.000      0.4688E-04   0.000    -0.2433E-02 0.2386E-02  0.000      0.000      0.000      0.000       0.000       0.000       0.000       0.000       0.000       0.000    
    46800.   12.31665125   12.3685   0.000       0.000      0.4535E-04   0.000    -0.2414E-02 0.2369E-02  0.000      0.000      0.000      0.000       0.000       0.000       0.000       0.000       0.000       0.000    
    50400.   12.30408769   12.3677   0.000       0.000      0.5568E-04   0.000    -0.2029E-02 0.1973E-02  0.000      0.000      0.000      0.000       0.000       0.000       0.000       0.000       0.000       0.000    
    54000.   12.31530789   12.3680   0.000       0.000      0.4612E-04   0.000    -0.2414E-02 0.2368E-02  0.000      0.000      0.000      0.000       0.000       0.000       0.000       0.000       0.000       0.000    
    57600.   12.35022765   12.3712   0.000       0.000      0.1833E-04   0.000    -0.3326E-02 0.3307E-02  0.000      0.000      0.000      0.000       0.000       0.000       0.000       0.000       0.000       0.000    
    61200.   12.45730049   12.3829   0.000       0.000     -0.6509E-04   0.000    -0.6018E-02 0.6083E-02  0.000      0.000      0.000      0.000       0.000       0.000       0.000       0.000       0.000       0.000    
    64800.   12.45233696   12.3928   0.000       0.000     -0.5206E-04   0.000    -0.5013E-02 0.5065E-02  0.000      0.000      0.000      0.000       0.000       0.000       0.000       0.000       0.000       0.000    
    68400.   12.45133827   12.4019   0.000       0.000     -0.4326E-04   0.000    -0.4655E-02 0.4699E-02  0.000      0.000      0.000      0.000       0.000       0.000       0.000       0.000       0.000       0.000    
    72000.   12.42124233   12.4078   0.000       0.000     -0.1176E-04   0.000    -0.3611E-02 0.3623E-02  0.000      0.000      0.000      0.000       0.000       0.000       0.000       0.000       0.000       0.000    
    75600.   12.39152733   12.4109   0.000       0.000      0.1699E-04   0.000    -0.2833E-02 0.2816E-02  0.000      0.000      0.000      0.000       0.000       0.000       0.000       0.000       0.000       0.000    
    79200.   12.46698180   12.4204   0.000       0.000     -0.4077E-04   0.000    -0.5064E-02 0.5104E-02  0.000      0.000      0.000      0.000       0.000       0.000       0.000       0.000       0.000       0.000    
    82800.   12.48073580   12.4300   0.000       0.000     -0.4440E-04   0.000    -0.4907E-02 0.4952E-02  0.000      0.000      0.000      0.000       0.000       0.000       0.000       0.000       0.000       0.000    
    86400.   12.49455503   12.4400   0.000       0.000     -0.4778E-04   0.000    -0.4944E-02 0.4992E-02  0.000      0.000      0.000      0.000       0.000       0.000       0.000       0.000       0.000       0.000    
    90000.   12.57440637   12.4558   0.000       0.000     -0.1038E-03   0.000    -0.6841E-02 0.6944E-02  0.000      0.000      0.000      0.000       0.000       0.000       0.000       0.000       0.000       0.000    
    93600.   12.75993248   12.4857   0.000       0.000     -0.2399E-03   0.000    -0.1119E-01 0.1143E-01  0.000      0.000      0.000      0.000       0.000       0.000       0.000       0.000       0.000       0.000    
    97200.   12.69439314   12.5071   0.000       0.000     -0.1639E-03   0.000    -0.7674E-02 0.7838E-02  0.000      0.000      0.000      0.000       0.000       0.000       0.000       0.000       0.000       0.000    
   100800.   12.54981194   12.5150   0.000       0.000     -0.3050E-04   0.000    -0.3335E-02 0.3365E-02  0.000      0.000      0.000      0.000       0.000       0.000       0.000       0.000       0.000       0.000    
   104400.   12.48217913   12.5174   0.000       0.000      0.3078E-04   0.000    -0.2119E-02 0.2088E-02  0.000      0.000      0.000      0.000       0.000       0.000       0.000       0.000       0.000       0.000    
   108000.   12.46117219   12.5183   0.000       0.000      0.5001E-04   0.000    -0.2080E-02 0.2030E-02  0.000      0.000      0.000      0.000       0.000       0.000       0.000       0.000       0.000       0.000    
   111600.   12.42849561   12.5167   0.000       0.000      0.7719E-04   0.000    -0.1446E-02 0.1369E-02  0.000      0.000      0.000      0.000       0.000       0.000       0.000       0.000       0.000       0.000    
   115200.   12.40183975   12.5132   0.000       0.000      0.9744E-04   0.000    -0.1012E-02 0.9145E-03  0.000      0.000      0.000      0.000       0.000       0.000       0.000       0.000       0.000       0.000    
   118800.   12.38258128   12.5085   0.000       0.000      0.1102E-03   0.000    -0.7755E-03 0.6653E-03  0.000      0.000      0.000      0.000       0.000       0.000       0.000       0.000       0.000       0.000    
   122400.   12.39123799   12.5050   0.000       0.000      0.9953E-04   0.000    -0.1279E-02 0.1179E-02  0.000      0.000      0.000      0.000       0.000       0.000       0.000       0.000       0.000       0.000    
   126000.   12.37166853   12.5001   0.000       0.000      0.1123E-03   0.000    -0.8100E-03 0.6977E-03  0.000      0.000      0.000      0.000       0.000       0.000       0.000       0.000       0.000       0.000    
   129600.   12.42164304   12.4997   0.000       0.000      0.6834E-04   0.000    -0.2399E-02 0.2331E-02  0.000      0.000      0.000      0.000       0.000       0.000       0.000       0.000       0.000       0.000    
   133200.   12.39669217   12.4971   0.000       0.000      0.8788E-04   0.000    -0.1470E-02 0.1382E-02  0.000      0.000      0.000      0.000       0.000       0.000       0.000       0.000       0.000       0.000    
   136800.   12.38768563   12.4940   0.000       0.000      0.9303E-04   0.000    -0.1346E-02 0.1253E-02  0.000      0.000      0.000      0.000       0.000       0.000       0.000       0.000       0.000       0.000    
   140400.   12.36590701   12.4893   0.000       0.000      0.1080E-03   0.000    -0.8701E-03 0.7621E-03  0.000      0.000      0.000      0.000       0.000       0.000       0.000       0.000       0.000       0.000    
   144000.   12.36163677   12.4847   0.000       0.000      0.1077E-03   0.000    -0.9779E-03 0.8702E-03  0.000      0.000      0.000      0.000       0.000       0.000       0.000       0.000       0.000       0.000    
   147600.   12.35975888   12.4803   0.000       0.000      0.1055E-03   0.000    -0.1073E-02 0.9672E-03  0.000      0.000      0.000      0.000       0.000       0.000       0.000       0.000       0.000       0.000    
   151200.   12.35873986   12.4761   0.000       0.000      0.1027E-03   0.000    -0.1154E-02 0.1051E-02  0.000      0.000      0.000      0.000       0.000       0.000       0.000       0.000       0.000       0.000    
   154800.   12.35807343   12.4722   0.000       0.000      0.9985E-04   0.000    -0.1226E-02 0.1126E-02  0.000      0.000      0.000      0.000       0.000       0.000       0.000       0.000       0.000       0.000    
   158400.   12.37090936   12.4696   0.000       0.000      0.8634E-04   0.000    -0.1661E-02 0.1575E-02  0.000      0.000      0.000      0.000       0.000       0.000       0.000       0.000       0.000       0.000    
   162000.   12.42644625   12.4717   0.000       0.000      0.3963E-04   0.000    -0.3173E-02 0.3133E-02  0.000      0.000      0.000      0.000       0.000       0.000       0.000       0.000       0.000       0.000    
   165600.   12.42376421   12.4732   0.000       0.000      0.4327E-04   0.000    -0.2730E-02 0.2687E-02  0.000      0.000      0.000      0.000       0.000       0.000       0.000       0.000       0.000       0.000    
   169200.   12.37951855   12.4708   0.000       0.000      0.7990E-04   0.000    -0.1404E-02 0.1324E-02  0.000      0.000      0.000      0.000       0.000       0.000       0.000       0.000       0.000       0.000    
   172800.   12.36607304   12.4677   0.000       0.000      0.8891E-04   0.000    -0.1295E-02 0.1206E-02  0.000      0.000      0.000      0.000       0.000       0.000       0.000       0.000       0.000       0.000    
