TOTIM (T)      HCON          HMAT      QDIR      QWELL        QMAT       QCADS      QTUB1      QTUB2      QTUB3      QTUB4      QTUB5      QTUB6       NSTOR        QFIX        QLH     FHLQ (LQ)        CAUCHY   CAUCHY (LQ)
     3600.   12.32165677   12.1851  0.5691E-03   0.000     -0.1195E-03   0.000     0.6868E-03-0.1136E-02  0.000      0.000      0.000      0.000       0.000       0.000       0.000       0.000       0.000       0.000    
     7200.   12.30838472   12.2177   0.000       0.000     -0.7938E-04  0.3733E-04 0.7083E-03-0.6663E-03  0.000      0.000      0.000      0.000       0.000       0.000       0.000       0.000       0.000       0.000    
    10800.   12.30594557   12.2476   0.000       0.000     -0.5105E-04  0.6860E-05 0.7109E-03-0.6667E-03  0.000      0.000      0.000      0.000       0.000       0.000       0.000       0.000       0.000       0.000    
    14400.   12.30482277   12.2752   0.000       0.000     -0.2592E-04  0.3158E-05 0.7113E-03-0.6886E-03  0.000      0.000      0.000      0.000       0.000       0.000       0.000       0.000       0.000       0.000    
    18000.   12.30411418   12.3006   0.000       0.000     -0.3035E-05  0.1993E-05 0.7112E-03-0.7102E-03  0.000      0.000      0.000      0.000       0.000       0.000       0.000       0.000       0.000       0.000    
    21600.   12.30358412   12.3241   0.000       0.000      0.1797E-04  0.1491E-05 0.7109E-03-0.7304E-03  0.000      0.000      0.000      0.000       0.000       0.000       0.000       0.000       0.000       0.000    
    25200.   12.30313469   12.3458   0.000       0.000      0.3732E-04  0.1264E-05 0.7107E-03-0.7493E-03  0.000      0.000      0.000      0.000       0.000       0.000       0.000       0.000       0.000       0.000    
    28800.   12.30272247   12.3658   0.000       0.000      0.5518E-04  0.1159E-05 0.7105E-03-0.7668E-03  0.000      0.000      0.000      0.000       0.000       0.000       0.000       0.000       0.000       0.000    
    32400.   12.30235204   12.3842   0.000       0.000      0.7166E-04  0.1042E-05 0.7104E-03-0.7831E-03  0.000      0.000      0.000      0.000       0.000       0.000       0.000       0.000       0.000       0.000    
    36000.   12.30198067   12.4013   0.000       0.000      0.8689E-04  0.1044E-05 0.7104E-03-0.7983E-03  0.000      0.000      0.000      0.000       0.000       0.000       0.000       0.000       0.000       0.000    
    39600.   12.30160845   12.4170   0.000       0.000      0.1010E-03  0.1047E-05 0.7104E-03-0.8125E-03  0.000      0.000      0.000      0.000       0.000       0.000       0.000       0.000       0.000       0.000    
    43200.   12.31455653   12.3990  0.5691E-03   0.000      0.7390E-04 -0.3642E-04 0.6890E-03-0.1296E-02  0.000      0.000      0.000      0.000       0.000       0.000       0.000       0.000       0.000       0.000    
    46800.   12.31665193   12.3825  0.5691E-03   0.000      0.5763E-04 -0.5893E-05 0.6867E-03-0.1308E-02  0.000      0.000      0.000      0.000       0.000       0.000       0.000       0.000       0.000       0.000    
    50400.   12.30408824   12.3999   0.000       0.000      0.8382E-04  0.3534E-04 0.7081E-03-0.8272E-03  0.000      0.000      0.000      0.000       0.000       0.000       0.000       0.000       0.000       0.000    
    54000.   12.31530855   12.3833  0.5691E-03   0.000      0.5948E-04 -0.3156E-04 0.6895E-03-0.1287E-02  0.000      0.000      0.000      0.000       0.000       0.000       0.000       0.000       0.000       0.000    
    57600.   12.35022859   12.2867  0.1992E-02   0.000     -0.5555E-04 -0.9821E-04 0.6340E-03-0.2472E-02  0.000      0.000      0.000      0.000       0.000       0.000       0.000       0.000       0.000       0.000    
    61200.   12.45731033   11.9539  0.6260E-02   0.000     -0.4405E-03 -0.3012E-03 0.4652E-03-0.5984E-02  0.000      0.000      0.000      0.000       0.000       0.000       0.000       0.000       0.000       0.000    
    64800.   12.45234401   11.7124  0.5122E-02   0.000     -0.6474E-03  0.1397E-04 0.4882E-03-0.4977E-02  0.000      0.000      0.000      0.000       0.000       0.000       0.000       0.000       0.000       0.000    
    68400.   12.45134443   11.5057  0.4838E-02   0.000     -0.8275E-03  0.2811E-05 0.5017E-03-0.4515E-02  0.000      0.000      0.000      0.000       0.000       0.000       0.000       0.000       0.000       0.000    
    72000.   12.42124674   11.3960  0.3415E-02   0.000     -0.8971E-03  0.8465E-04 0.5603E-03-0.3163E-02  0.000      0.000      0.000      0.000       0.000       0.000       0.000       0.000       0.000       0.000    
    75600.   12.39153074   11.3595  0.2277E-02   0.000     -0.9031E-03  0.8358E-04 0.6135E-03-0.2071E-02  0.000      0.000      0.000      0.000       0.000       0.000       0.000       0.000       0.000       0.000    
    79200.   12.46698925   11.1297  0.5691E-02   0.000     -0.1170E-02 -0.2122E-03 0.4927E-03-0.4802E-02  0.000      0.000      0.000      0.000       0.000       0.000       0.000       0.000       0.000       0.000    
    82800.   12.48074273   10.9174  0.5691E-02   0.000     -0.1368E-02 -0.3868E-04 0.4794E-03-0.4764E-02  0.000      0.000      0.000      0.000       0.000       0.000       0.000       0.000       0.000       0.000    
    86400.   12.49456185   10.7047  0.5976E-02   0.000     -0.1566E-02 -0.3887E-04 0.4659E-03-0.4837E-02  0.000      0.000      0.000      0.000       0.000       0.000       0.000       0.000       0.000       0.000    
    90000.   12.57441711   10.3279  0.9106E-02   0.000     -0.1966E-02 -0.2246E-03 0.3458E-03-0.7262E-02  0.000      0.000      0.000      0.000       0.000       0.000       0.000       0.000       0.000       0.000    
    93600.   12.75997676    9.5697  0.1622E-01   0.000     -0.2792E-02 -0.5219E-03 0.6233E-04-0.1297E-01  0.000      0.000      0.000      0.000       0.000       0.000       0.000       0.000       0.000       0.000    
    97200.   12.69441522    9.1282  0.1167E-01   0.000     -0.3120E-02  0.1844E-03 0.2022E-03-0.8933E-02  0.000      0.000      0.000      0.000       0.000       0.000       0.000       0.000       0.000       0.000    
   100800.   12.54981559    9.0780  0.5407E-02   0.000     -0.3038E-02  0.4067E-03 0.4573E-03-0.3233E-02  0.000      0.000      0.000      0.000       0.000       0.000       0.000       0.000       0.000       0.000    
   104400.   12.48218008    9.1447  0.3415E-02   0.000     -0.2920E-02  0.1902E-03 0.5691E-03-0.1254E-02  0.000      0.000      0.000      0.000       0.000       0.000       0.000       0.000       0.000       0.000    
   108000.   12.46117324    9.2223  0.3130E-02   0.000     -0.2834E-02  0.5908E-04 0.5978E-03-0.9531E-03  0.000      0.000      0.000      0.000       0.000       0.000       0.000       0.000       0.000       0.000    
   111600.   12.42849648    9.3596  0.1992E-02   0.000     -0.2685E-02  0.9190E-04 0.6435E-03-0.4213E-04  0.000      0.000      0.000      0.000       0.000       0.000       0.000       0.000       0.000       0.000    
   115200.   12.40184050    9.5360  0.1138E-02   0.000     -0.2508E-02  0.7497E-04 0.6766E-03 0.6177E-03  0.000      0.000      0.000      0.000       0.000       0.000       0.000       0.000       0.000       0.000    
   118800.   12.38258195    9.7323  0.5691E-03   0.000     -0.2319E-02  0.5416E-04 0.6960E-03 0.9997E-03  0.000      0.000      0.000      0.000       0.000       0.000       0.000       0.000       0.000       0.000    
   122400.   12.39123898    9.8815  0.1138E-02   0.000     -0.2196E-02 -0.2435E-04 0.6697E-03 0.4124E-03  0.000      0.000      0.000      0.000       0.000       0.000       0.000       0.000       0.000       0.000    
   126000.   12.37166927   10.0691  0.2846E-03   0.000     -0.2015E-02  0.5504E-04 0.6914E-03 0.9837E-03  0.000      0.000      0.000      0.000       0.000       0.000       0.000       0.000       0.000       0.000    
   129600.   12.42164474   10.1122  0.2561E-02   0.000     -0.2021E-02 -0.1406E-03 0.5999E-03-0.9996E-03  0.000      0.000      0.000      0.000       0.000       0.000       0.000       0.000       0.000       0.000    
   133200.   12.39669329   10.2343  0.1138E-02   0.000     -0.1892E-02  0.7018E-04 0.6362E-03 0.4745E-04  0.000      0.000      0.000      0.000       0.000       0.000       0.000       0.000       0.000       0.000    
   136800.   12.38768664   10.3638  0.8537E-03   0.000     -0.1771E-02  0.2533E-04 0.6445E-03 0.2474E-03  0.000      0.000      0.000      0.000       0.000       0.000       0.000       0.000       0.000       0.000    
   140400.   12.36590775   10.5327   0.000       0.000     -0.1604E-02  0.6125E-04 0.6733E-03 0.8695E-03  0.000      0.000      0.000      0.000       0.000       0.000       0.000       0.000       0.000       0.000    
   144000.   12.36163758   10.6891   0.000       0.000     -0.1463E-02  0.1201E-04 0.6724E-03 0.7790E-03  0.000      0.000      0.000      0.000       0.000       0.000       0.000       0.000       0.000       0.000    
   147600.   12.35975976   10.8339   0.000       0.000     -0.1335E-02  0.5281E-05 0.6684E-03 0.6614E-03  0.000      0.000      0.000      0.000       0.000       0.000       0.000       0.000       0.000       0.000    
   151200.   12.35874079   10.9679   0.000       0.000     -0.1217E-02  0.2866E-05 0.6640E-03 0.5501E-03  0.000      0.000      0.000      0.000       0.000       0.000       0.000       0.000       0.000       0.000    
   154800.   12.35807441   11.0921   0.000       0.000     -0.1108E-02  0.1874E-05 0.6598E-03 0.4461E-03  0.000      0.000      0.000      0.000       0.000       0.000       0.000       0.000       0.000       0.000    
   158400.   12.37091060   11.1744  0.5691E-03   0.000     -0.1047E-02 -0.3610E-04 0.6347E-03-0.1207E-03  0.000      0.000      0.000      0.000       0.000       0.000       0.000       0.000       0.000       0.000    
   162000.   12.42644845   11.1202  0.2846E-02   0.000     -0.1143E-02 -0.1562E-03 0.5427E-03-0.2089E-02  0.000      0.000      0.000      0.000       0.000       0.000       0.000       0.000       0.000       0.000    
   165600.   12.42376609   11.1033  0.2277E-02   0.000     -0.1155E-02  0.7544E-05 0.5512E-03-0.1680E-02  0.000      0.000      0.000      0.000       0.000       0.000       0.000       0.000       0.000       0.000    
   169200.   12.37951956   11.2019  0.2846E-03   0.000     -0.1030E-02  0.1244E-03 0.6261E-03-0.4779E-05  0.000      0.000      0.000      0.000       0.000       0.000       0.000       0.000       0.000       0.000    
   172800.   12.36607398   11.3092   0.000       0.000     -0.9247E-03  0.3782E-04 0.6463E-03 0.2407E-03  0.000      0.000      0.000      0.000       0.000       0.000       0.000       0.000       0.000       0.000    
