TOTIM (T)      HCON          HMAT      QDIR      QWELL        QMAT       QCADS      QTUB1      QTUB2      QTUB3      QTUB4      QTUB5      QTUB6       NSTOR        QFIX        QLH     FHLQ (LQ)        CAUCHY   CAUCHY (LQ)
     3600.   12.32165658   12.8739   0.000       0.000      0.4832E-03   0.000    -0.4832E-03  0.000      0.000      0.000      0.000      0.000       0.000       0.000       0.000       0.000       0.000       0.000    
     7200.   12.30838454   12.8728   0.000       0.000      0.4938E-03   0.000    -0.4938E-03  0.000      0.000      0.000      0.000      0.000       0.000       0.000       0.000       0.000       0.000       0.000    
    10800.   12.30594539   12.8716   0.000       0.000      0.4950E-03   0.000    -0.4950E-03  0.000      0.000      0.000      0.000      0.000       0.000       0.000       0.000       0.000       0.000       0.000    
    14400.   12.30482259   12.8705   0.000       0.000      0.4949E-03   0.000    -0.4949E-03  0.000      0.000      0.000      0.000      0.000       0.000       0.000       0.000       0.000       0.000       0.000    
    18000.   12.30411400   12.8694   0.000       0.000      0.4946E-03   0.000    -0.4946E-03  0.000      0.000      0.000      0.000      0.000       0.000       0.000       0.000       0.000       0.000       0.000    
    21600.   12.30358393   12.8684   0.000       0.000      0.4942E-03   0.000    -0.4942E-03  0.000      0.000      0.000      0.000      0.000       0.000       0.000       0.000       0.000       0.000       0.000    
    25200.   12.30313450   12.8674   0.000       0.000      0.4937E-03   0.000    -0.4937E-03  0.000      0.000      0.000      0.000      0.000       0.000       0.000       0.000       0.000       0.000       0.000    
    28800.   12.30272229   12.8664   0.000       0.000      0.4932E-03   0.000    -0.4932E-03  0.000      0.000      0.000      0.000      0.000       0.000       0.000       0.000       0.000       0.000       0.000    
    32400.   12.30235186   12.8655   0.000       0.000      0.4928E-03   0.000    -0.4928E-03  0.000      0.000      0.000      0.000      0.000       0.000       0.000       0.000       0.000       0.000       0.000    
    36000.   12.30198049   12.8647   0.000       0.000      0.4924E-03   0.000    -0.4924E-03  0.000      0.000      0.000      0.000      0.000       0.000       0.000       0.000       0.000       0.000       0.000    
    39600.   12.30160827   12.8639   0.000       0.000      0.4920E-03   0.000    -0.4920E-03  0.000      0.000      0.000      0.000      0.000       0.000       0.000       0.000       0.000       0.000       0.000    
    43200.   12.31455634   12.8643   0.000       0.000      0.4810E-03   0.000    -0.4810E-03  0.000      0.000      0.000      0.000      0.000       0.000       0.000       0.000       0.000       0.000       0.000    
    46800.   12.31665173   12.8647   0.000       0.000      0.4796E-03   0.000    -0.4796E-03  0.000      0.000      0.000      0.000      0.000       0.000       0.000       0.000       0.000       0.000       0.000    
    50400.   12.30408805   12.8641   0.000       0.000      0.4900E-03   0.000    -0.4900E-03  0.000      0.000      0.000      0.000      0.000       0.000       0.000       0.000       0.000       0.000       0.000    
    54000.   12.31530836   12.8645   0.000       0.000      0.4805E-03   0.000    -0.4805E-03  0.000      0.000      0.000      0.000      0.000       0.000       0.000       0.000       0.000       0.000       0.000    
    57600.   12.35022838   12.8677   0.000       0.000      0.4528E-03   0.000    -0.4528E-03  0.000      0.000      0.000      0.000      0.000       0.000       0.000       0.000       0.000       0.000       0.000    
    61200.   12.45730200   12.8795   0.000       0.000      0.3694E-03   0.000    -0.3694E-03  0.000      0.000      0.000      0.000      0.000       0.000       0.000       0.000       0.000       0.000       0.000    
    64800.   12.45233820   12.8894   0.000       0.000      0.3824E-03   0.000    -0.3824E-03  0.000      0.000      0.000      0.000      0.000       0.000       0.000       0.000       0.000       0.000       0.000    
    68400.   12.45133942   12.8983   0.000       0.000      0.3911E-03   0.000    -0.3911E-03  0.000      0.000      0.000      0.000      0.000       0.000       0.000       0.000       0.000       0.000       0.000    
    72000.   12.42124318   12.9039   0.000       0.000      0.4224E-03   0.000    -0.4224E-03  0.000      0.000      0.000      0.000      0.000       0.000       0.000       0.000       0.000       0.000       0.000    
    75600.   12.39152795   12.9068   0.000       0.000      0.4509E-03   0.000    -0.4509E-03  0.000      0.000      0.000      0.000      0.000       0.000       0.000       0.000       0.000       0.000       0.000    
    79200.   12.46698304   12.9159   0.000       0.000      0.3928E-03   0.000    -0.3928E-03  0.000      0.000      0.000      0.000      0.000       0.000       0.000       0.000       0.000       0.000       0.000    
    82800.   12.48073701   12.9250   0.000       0.000      0.3888E-03   0.000    -0.3888E-03  0.000      0.000      0.000      0.000      0.000       0.000       0.000       0.000       0.000       0.000       0.000    
    86400.   12.49455625   12.9345   0.000       0.000      0.3849E-03   0.000    -0.3849E-03  0.000      0.000      0.000      0.000      0.000       0.000       0.000       0.000       0.000       0.000       0.000    
    90000.   12.57440814   12.9497   0.000       0.000      0.3283E-03   0.000    -0.3283E-03  0.000      0.000      0.000      0.000      0.000       0.000       0.000       0.000       0.000       0.000       0.000    
    93600.   12.75996787   12.9787   0.000       0.000      0.1914E-03   0.000    -0.1914E-03  0.000      0.000      0.000      0.000      0.000       0.000       0.000       0.000       0.000       0.000       0.000    
    97200.   12.69440955   12.9989   0.000       0.000      0.2665E-03   0.000    -0.2665E-03  0.000      0.000      0.000      0.000      0.000       0.000       0.000       0.000       0.000       0.000       0.000    
   100800.   12.54981415   13.0056   0.000       0.000      0.3988E-03   0.000    -0.3988E-03  0.000      0.000      0.000      0.000      0.000       0.000       0.000       0.000       0.000       0.000       0.000    
   104400.   12.48217961   13.0068   0.000       0.000      0.4590E-03   0.000    -0.4590E-03  0.000      0.000      0.000      0.000      0.000       0.000       0.000       0.000       0.000       0.000       0.000    
   108000.   12.46117262   13.0065   0.000       0.000      0.4771E-03   0.000    -0.4771E-03  0.000      0.000      0.000      0.000      0.000       0.000       0.000       0.000       0.000       0.000       0.000    
   111600.   12.42849580   13.0035   0.000       0.000      0.5032E-03   0.000    -0.5032E-03  0.000      0.000      0.000      0.000      0.000       0.000       0.000       0.000       0.000       0.000       0.000    
   115200.   12.40183981   12.9987   0.000       0.000      0.5223E-03   0.000    -0.5223E-03  0.000      0.000      0.000      0.000      0.000       0.000       0.000       0.000       0.000       0.000       0.000    
   118800.   12.38258127   12.9928   0.000       0.000      0.5339E-03   0.000    -0.5339E-03  0.000      0.000      0.000      0.000      0.000       0.000       0.000       0.000       0.000       0.000       0.000    
   122400.   12.39123811   12.9880   0.000       0.000      0.5222E-03   0.000    -0.5222E-03  0.000      0.000      0.000      0.000      0.000       0.000       0.000       0.000       0.000       0.000       0.000    
   126000.   12.37166852   12.9819   0.000       0.000      0.5339E-03   0.000    -0.5339E-03  0.000      0.000      0.000      0.000      0.000       0.000       0.000       0.000       0.000       0.000       0.000    
   129600.   12.42164348   12.9804   0.000       0.000      0.4889E-03   0.000    -0.4889E-03  0.000      0.000      0.000      0.000      0.000       0.000       0.000       0.000       0.000       0.000       0.000    
   133200.   12.39669235   12.9767   0.000       0.000      0.5075E-03   0.000    -0.5075E-03  0.000      0.000      0.000      0.000      0.000       0.000       0.000       0.000       0.000       0.000       0.000    
   136800.   12.38768578   12.9726   0.000       0.000      0.5118E-03   0.000    -0.5118E-03  0.000      0.000      0.000      0.000      0.000       0.000       0.000       0.000       0.000       0.000       0.000    
   140400.   12.36590702   12.9669   0.000       0.000      0.5259E-03   0.000    -0.5259E-03  0.000      0.000      0.000      0.000      0.000       0.000       0.000       0.000       0.000       0.000       0.000    
   144000.   12.36163681   12.9614   0.000       0.000      0.5248E-03   0.000    -0.5248E-03  0.000      0.000      0.000      0.000      0.000       0.000       0.000       0.000       0.000       0.000       0.000    
   147600.   12.35975894   12.9562   0.000       0.000      0.5219E-03   0.000    -0.5219E-03  0.000      0.000      0.000      0.000      0.000       0.000       0.000       0.000       0.000       0.000       0.000    
   151200.   12.35873995   12.9513   0.000       0.000      0.5185E-03   0.000    -0.5185E-03  0.000      0.000      0.000      0.000      0.000       0.000       0.000       0.000       0.000       0.000       0.000    
   154800.   12.35807354   12.9467   0.000       0.000      0.5151E-03   0.000    -0.5151E-03  0.000      0.000      0.000      0.000      0.000       0.000       0.000       0.000       0.000       0.000       0.000    
   158400.   12.37090960   12.9435   0.000       0.000      0.5010E-03   0.000    -0.5010E-03  0.000      0.000      0.000      0.000      0.000       0.000       0.000       0.000       0.000       0.000       0.000    
   162000.   12.42644692   12.9452   0.000       0.000      0.4539E-03   0.000    -0.4539E-03  0.000      0.000      0.000      0.000      0.000       0.000       0.000       0.000       0.000       0.000       0.000    
   165600.   12.42376477   12.9461   0.000       0.000      0.4571E-03   0.000    -0.4571E-03  0.000      0.000      0.000      0.000      0.000       0.000       0.000       0.000       0.000       0.000       0.000    
   169200.   12.37951873   12.9433   0.000       0.000      0.4933E-03   0.000    -0.4933E-03  0.000      0.000      0.000      0.000      0.000       0.000       0.000       0.000       0.000       0.000       0.000    
   172800.   12.36607318   12.9398   0.000       0.000      0.5020E-03   0.000    -0.5020E-03  0.000      0.000      0.000      0.000      0.000       0.000       0.000       0.000       0.000       0.000       0.000    
