TOTIM (T)      HCON          HMAT      QDIR      QWELL        QMAT       QCADS      QTUB1      QTUB2      QTUB3      QTUB4      QTUB5      QTUB6       NSTOR        QFIX        QLH     FHLQ (LQ)        CAUCHY   CAUCHY (LQ)
     3600.   12.32165608   12.3310   0.000       0.000      0.8195E-05   0.000     0.1871E-02-0.1880E-02  0.000      0.000      0.000      0.000       0.000       0.000       0.000       0.000       0.000       0.000    
     7200.   12.30838418   12.3299   0.000       0.000      0.1884E-04   0.000     0.1633E-02-0.1652E-02  0.000      0.000      0.000      0.000       0.000       0.000       0.000       0.000       0.000       0.000    
    10800.   12.30594502   12.3288   0.000       0.000      0.1996E-04   0.000     0.1653E-02-0.1673E-02  0.000      0.000      0.000      0.000       0.000       0.000       0.000       0.000       0.000       0.000    
    14400.   12.30482221   12.3276   0.000       0.000      0.1993E-04   0.000     0.1674E-02-0.1694E-02  0.000      0.000      0.000      0.000       0.000       0.000       0.000       0.000       0.000       0.000    
    18000.   12.30411362   12.3265   0.000       0.000      0.1957E-04   0.000     0.1688E-02-0.1707E-02  0.000      0.000      0.000      0.000       0.000       0.000       0.000       0.000       0.000       0.000    
    21600.   12.30358355   12.3254   0.000       0.000      0.1908E-04   0.000     0.1698E-02-0.1717E-02  0.000      0.000      0.000      0.000       0.000       0.000       0.000       0.000       0.000       0.000    
    25200.   12.30313411   12.3243   0.000       0.000      0.1856E-04   0.000     0.1707E-02-0.1725E-02  0.000      0.000      0.000      0.000       0.000       0.000       0.000       0.000       0.000       0.000    
    28800.   12.30272189   12.3233   0.000       0.000      0.1805E-04   0.000     0.1714E-02-0.1732E-02  0.000      0.000      0.000      0.000       0.000       0.000       0.000       0.000       0.000       0.000    
    32400.   12.30235145   12.3224   0.000       0.000      0.1753E-04   0.000     0.1720E-02-0.1738E-02  0.000      0.000      0.000      0.000       0.000       0.000       0.000       0.000       0.000       0.000    
    36000.   12.30198008   12.3215   0.000       0.000      0.1704E-04   0.000     0.1726E-02-0.1743E-02  0.000      0.000      0.000      0.000       0.000       0.000       0.000       0.000       0.000       0.000    
    39600.   12.30160786   12.3206   0.000       0.000      0.1659E-04   0.000     0.1732E-02-0.1748E-02  0.000      0.000      0.000      0.000       0.000       0.000       0.000       0.000       0.000       0.000    
    43200.   12.31455578   12.3208   0.000       0.000      0.5480E-05   0.000     0.1975E-02-0.1980E-02  0.000      0.000      0.000      0.000       0.000       0.000       0.000       0.000       0.000       0.000    
    46800.   12.31665118   12.3212   0.000       0.000      0.3950E-05   0.000     0.1959E-02-0.1963E-02  0.000      0.000      0.000      0.000       0.000       0.000       0.000       0.000       0.000       0.000    
    50400.   12.30408765   12.3204   0.000       0.000      0.1429E-04   0.000     0.1705E-02-0.1720E-02  0.000      0.000      0.000      0.000       0.000       0.000       0.000       0.000       0.000       0.000    
    54000.   12.31530781   12.3207   0.000       0.000      0.4725E-05   0.000     0.1954E-02-0.1958E-02  0.000      0.000      0.000      0.000       0.000       0.000       0.000       0.000       0.000       0.000    
    57600.   12.35022748   12.3239   0.000       0.000     -0.2307E-04   0.000     0.2539E-02-0.2516E-02  0.000      0.000      0.000      0.000       0.000       0.000       0.000       0.000       0.000       0.000    
    61200.   12.45730814   12.3356   0.000       0.000     -0.1065E-03   0.000     0.4249E-02-0.4143E-02  0.000      0.000      0.000      0.000       0.000       0.000       0.000       0.000       0.000       0.000    
    64800.   12.45234214   12.3455   0.000       0.000     -0.9347E-04   0.000     0.3561E-02-0.3467E-02  0.000      0.000      0.000      0.000       0.000       0.000       0.000       0.000       0.000       0.000    
    68400.   12.45134270   12.3546   0.000       0.000     -0.8466E-04   0.000     0.3288E-02-0.3203E-02  0.000      0.000      0.000      0.000       0.000       0.000       0.000       0.000       0.000       0.000    
    72000.   12.42124543   12.3605   0.000       0.000     -0.5317E-04   0.000     0.2613E-02-0.2560E-02  0.000      0.000      0.000      0.000       0.000       0.000       0.000       0.000       0.000       0.000    
    75600.   12.39152978   12.3636   0.000       0.000     -0.2441E-04   0.000     0.2127E-02-0.2103E-02  0.000      0.000      0.000      0.000       0.000       0.000       0.000       0.000       0.000       0.000    
    79200.   12.46698743   12.3731   0.000       0.000     -0.8218E-04   0.000     0.3583E-02-0.3501E-02  0.000      0.000      0.000      0.000       0.000       0.000       0.000       0.000       0.000       0.000    
    82800.   12.48074093   12.3827   0.000       0.000     -0.8581E-04   0.000     0.3482E-02-0.3396E-02  0.000      0.000      0.000      0.000       0.000       0.000       0.000       0.000       0.000       0.000    
    86400.   12.49456003   12.3926   0.000       0.000     -0.8918E-04   0.000     0.3480E-02-0.3391E-02  0.000      0.000      0.000      0.000       0.000       0.000       0.000       0.000       0.000       0.000    
    90000.   12.57441454   12.4085   0.000       0.000     -0.1452E-03   0.000     0.4684E-02-0.4539E-02  0.000      0.000      0.000      0.000       0.000       0.000       0.000       0.000       0.000       0.000    
    93600.   12.75992308   12.4384   0.000       0.000     -0.2813E-03   0.000     0.7449E-02-0.7168E-02  0.000      0.000      0.000      0.000       0.000       0.000       0.000       0.000       0.000       0.000    
    97200.   12.69438873   12.4598   0.000       0.000     -0.2053E-03   0.000     0.5116E-02-0.4911E-02  0.000      0.000      0.000      0.000       0.000       0.000       0.000       0.000       0.000       0.000    
   100800.   12.54981136   12.4676   0.000       0.000     -0.7190E-04   0.000     0.2282E-02-0.2211E-02  0.000      0.000      0.000      0.000       0.000       0.000       0.000       0.000       0.000       0.000    
   104400.   12.48217917   12.4701   0.000       0.000     -0.1061E-04   0.000     0.1564E-02-0.1554E-02  0.000      0.000      0.000      0.000       0.000       0.000       0.000       0.000       0.000       0.000    
   108000.   12.46117242   12.4710   0.000       0.000      0.8628E-05   0.000     0.1634E-02-0.1642E-02  0.000      0.000      0.000      0.000       0.000       0.000       0.000       0.000       0.000       0.000    
   111600.   12.42849605   12.4694   0.000       0.000      0.3582E-04   0.000     0.1288E-02-0.1324E-02  0.000      0.000      0.000      0.000       0.000       0.000       0.000       0.000       0.000       0.000    
   115200.   12.40184032   12.4659   0.000       0.000      0.5608E-04   0.000     0.1045E-02-0.1101E-02  0.000      0.000      0.000      0.000       0.000       0.000       0.000       0.000       0.000       0.000    
   118800.   12.38258190   12.4612   0.000       0.000      0.6883E-04   0.000     0.9223E-03-0.9911E-03  0.000      0.000      0.000      0.000       0.000       0.000       0.000       0.000       0.000       0.000    
   122400.   12.39123871   12.4577   0.000       0.000      0.5819E-04   0.000     0.1266E-02-0.1324E-02  0.000      0.000      0.000      0.000       0.000       0.000       0.000       0.000       0.000       0.000    
   126000.   12.37166921   12.4528   0.000       0.000      0.7101E-04   0.000     0.9725E-03-0.1043E-02  0.000      0.000      0.000      0.000       0.000       0.000       0.000       0.000       0.000       0.000    
   129600.   12.42164387   12.4525   0.000       0.000      0.2703E-04   0.000     0.1993E-02-0.2020E-02  0.000      0.000      0.000      0.000       0.000       0.000       0.000       0.000       0.000       0.000    
   133200.   12.39669288   12.4499   0.000       0.000      0.4658E-04   0.000     0.1386E-02-0.1433E-02  0.000      0.000      0.000      0.000       0.000       0.000       0.000       0.000       0.000       0.000    
   136800.   12.38768631   12.4468   0.000       0.000      0.5174E-04   0.000     0.1292E-02-0.1344E-02  0.000      0.000      0.000      0.000       0.000       0.000       0.000       0.000       0.000       0.000    
   140400.   12.36590766   12.4421   0.000       0.000      0.6671E-04   0.000     0.9921E-03-0.1059E-02  0.000      0.000      0.000      0.000       0.000       0.000       0.000       0.000       0.000       0.000    
   144000.   12.36163745   12.4376   0.000       0.000      0.6643E-04   0.000     0.1070E-02-0.1136E-02  0.000      0.000      0.000      0.000       0.000       0.000       0.000       0.000       0.000       0.000    
   147600.   12.35975958   12.4332   0.000       0.000      0.6423E-04   0.000     0.1139E-02-0.1203E-02  0.000      0.000      0.000      0.000       0.000       0.000       0.000       0.000       0.000       0.000    
   151200.   12.35874057   12.4290   0.000       0.000      0.6148E-04   0.000     0.1193E-02-0.1254E-02  0.000      0.000      0.000      0.000       0.000       0.000       0.000       0.000       0.000       0.000    
   154800.   12.35807415   12.4251   0.000       0.000      0.5862E-04   0.000     0.1238E-02-0.1297E-02  0.000      0.000      0.000      0.000       0.000       0.000       0.000       0.000       0.000       0.000    
   158400.   12.37091011   12.4225   0.000       0.000      0.4512E-04   0.000     0.1515E-02-0.1560E-02  0.000      0.000      0.000      0.000       0.000       0.000       0.000       0.000       0.000       0.000    
   162000.   12.42644710   12.4246   0.000       0.000     -0.1576E-05   0.000     0.2478E-02-0.2476E-02  0.000      0.000      0.000      0.000       0.000       0.000       0.000       0.000       0.000       0.000    
   165600.   12.42376496   12.4261   0.000       0.000      0.2074E-05   0.000     0.2170E-02-0.2172E-02  0.000      0.000      0.000      0.000       0.000       0.000       0.000       0.000       0.000       0.000    
   169200.   12.37951915   12.4238   0.000       0.000      0.3871E-04   0.000     0.1296E-02-0.1334E-02  0.000      0.000      0.000      0.000       0.000       0.000       0.000       0.000       0.000       0.000    
   172800.   12.36607365   12.4206   0.000       0.000      0.4774E-04   0.000     0.1234E-02-0.1281E-02  0.000      0.000      0.000      0.000       0.000       0.000       0.000       0.000       0.000       0.000    
