TOTIM (T)      HCON          HMAT      QDIR      QWELL        QMAT       QCADS      QTUB1      QTUB2      QTUB3      QTUB4      QTUB5      QTUB6       NSTOR        QFIX        QLH     FHLQ (LQ)        CAUCHY   CAUCHY (LQ)
     3600.   12.32165630   12.3741   0.000       0.000      0.4588E-04   0.000     0.2241E-02-0.2287E-02  0.000      0.000      0.000      0.000       0.000       0.000       0.000       0.000       0.000       0.000    
     7200.   12.30838437   12.3730   0.000       0.000      0.5652E-04   0.000     0.1877E-02-0.1934E-02  0.000      0.000      0.000      0.000       0.000       0.000       0.000       0.000       0.000       0.000    
    10800.   12.30594521   12.3718   0.000       0.000      0.5764E-04   0.000     0.1889E-02-0.1947E-02  0.000      0.000      0.000      0.000       0.000       0.000       0.000       0.000       0.000       0.000    
    14400.   12.30482240   12.3707   0.000       0.000      0.5761E-04   0.000     0.1911E-02-0.1969E-02  0.000      0.000      0.000      0.000       0.000       0.000       0.000       0.000       0.000       0.000    
    18000.   12.30411381   12.3695   0.000       0.000      0.5725E-04   0.000     0.1930E-02-0.1987E-02  0.000      0.000      0.000      0.000       0.000       0.000       0.000       0.000       0.000       0.000    
    21600.   12.30358374   12.3685   0.000       0.000      0.5676E-04   0.000     0.1946E-02-0.2003E-02  0.000      0.000      0.000      0.000       0.000       0.000       0.000       0.000       0.000       0.000    
    25200.   12.30313431   12.3674   0.000       0.000      0.5624E-04   0.000     0.1960E-02-0.2016E-02  0.000      0.000      0.000      0.000       0.000       0.000       0.000       0.000       0.000       0.000    
    28800.   12.30272209   12.3664   0.000       0.000      0.5573E-04   0.000     0.1973E-02-0.2029E-02  0.000      0.000      0.000      0.000       0.000       0.000       0.000       0.000       0.000       0.000    
    32400.   12.30235165   12.3654   0.000       0.000      0.5521E-04   0.000     0.1985E-02-0.2041E-02  0.000      0.000      0.000      0.000       0.000       0.000       0.000       0.000       0.000       0.000    
    36000.   12.30198028   12.3645   0.000       0.000      0.5472E-04   0.000     0.1997E-02-0.2051E-02  0.000      0.000      0.000      0.000       0.000       0.000       0.000       0.000       0.000       0.000    
    39600.   12.30160806   12.3636   0.000       0.000      0.5427E-04   0.000     0.2007E-02-0.2061E-02  0.000      0.000      0.000      0.000       0.000       0.000       0.000       0.000       0.000       0.000    
    43200.   12.31455602   12.3639   0.000       0.000      0.4316E-04   0.000     0.2380E-02-0.2423E-02  0.000      0.000      0.000      0.000       0.000       0.000       0.000       0.000       0.000       0.000    
    46800.   12.31665141   12.3642   0.000       0.000      0.4163E-04   0.000     0.2377E-02-0.2419E-02  0.000      0.000      0.000      0.000       0.000       0.000       0.000       0.000       0.000       0.000    
    50400.   12.30408785   12.3635   0.000       0.000      0.5197E-04   0.000     0.2001E-02-0.2053E-02  0.000      0.000      0.000      0.000       0.000       0.000       0.000       0.000       0.000       0.000    
    54000.   12.31530804   12.3638   0.000       0.000      0.4241E-04   0.000     0.2365E-02-0.2408E-02  0.000      0.000      0.000      0.000       0.000       0.000       0.000       0.000       0.000       0.000    
    57600.   12.35022780   12.3669   0.000       0.000      0.1462E-04   0.000     0.3273E-02-0.3287E-02  0.000      0.000      0.000      0.000       0.000       0.000       0.000       0.000       0.000       0.000    
    61200.   12.45730870   12.3787   0.000       0.000     -0.6881E-04   0.000     0.5948E-02-0.5880E-02  0.000      0.000      0.000      0.000       0.000       0.000       0.000       0.000       0.000       0.000    
    64800.   12.45234263   12.3886   0.000       0.000     -0.5578E-04   0.000     0.5069E-02-0.5013E-02  0.000      0.000      0.000      0.000       0.000       0.000       0.000       0.000       0.000       0.000    
    68400.   12.45134316   12.3977   0.000       0.000     -0.4697E-04   0.000     0.4691E-02-0.4644E-02  0.000      0.000      0.000      0.000       0.000       0.000       0.000       0.000       0.000       0.000    
    72000.   12.42124580   12.4036   0.000       0.000     -0.1548E-04   0.000     0.3649E-02-0.3634E-02  0.000      0.000      0.000      0.000       0.000       0.000       0.000       0.000       0.000       0.000    
    75600.   12.39153007   12.4067   0.000       0.000      0.1328E-04   0.000     0.2841E-02-0.2854E-02  0.000      0.000      0.000      0.000       0.000       0.000       0.000       0.000       0.000       0.000    
    79200.   12.46698790   12.4161   0.000       0.000     -0.4449E-04   0.000     0.4989E-02-0.4944E-02  0.000      0.000      0.000      0.000       0.000       0.000       0.000       0.000       0.000       0.000    
    82800.   12.48074140   12.4257   0.000       0.000     -0.4812E-04   0.000     0.4909E-02-0.4861E-02  0.000      0.000      0.000      0.000       0.000       0.000       0.000       0.000       0.000       0.000    
    86400.   12.49456051   12.4357   0.000       0.000     -0.5149E-04   0.000     0.4942E-02-0.4890E-02  0.000      0.000      0.000      0.000       0.000       0.000       0.000       0.000       0.000       0.000    
    90000.   12.57441519   12.4516   0.000       0.000     -0.1075E-03   0.000     0.6799E-02-0.6692E-02  0.000      0.000      0.000      0.000       0.000       0.000       0.000       0.000       0.000       0.000    
    93600.   12.75993872   12.4815   0.000       0.000     -0.2436E-03   0.000     0.1113E-01-0.1089E-01  0.000      0.000      0.000      0.000       0.000       0.000       0.000       0.000       0.000       0.000    
    97200.   12.69439661   12.5028   0.000       0.000     -0.1676E-03   0.000     0.7847E-02-0.7680E-02  0.000      0.000      0.000      0.000       0.000       0.000       0.000       0.000       0.000       0.000    
   100800.   12.54981309   12.5107   0.000       0.000     -0.3421E-04   0.000     0.3470E-02-0.3436E-02  0.000      0.000      0.000      0.000       0.000       0.000       0.000       0.000       0.000       0.000    
   104400.   12.48217957   12.5131   0.000       0.000      0.2707E-04   0.000     0.2094E-02-0.2121E-02  0.000      0.000      0.000      0.000       0.000       0.000       0.000       0.000       0.000       0.000    
   108000.   12.46117280   12.5141   0.000       0.000      0.4630E-04   0.000     0.1976E-02-0.2023E-02  0.000      0.000      0.000      0.000       0.000       0.000       0.000       0.000       0.000       0.000    
   111600.   12.42849629   12.5125   0.000       0.000      0.7349E-04   0.000     0.1329E-02-0.1403E-02  0.000      0.000      0.000      0.000       0.000       0.000       0.000       0.000       0.000       0.000    
   115200.   12.40184047   12.5090   0.000       0.000      0.9374E-04   0.000     0.8656E-03-0.9593E-03  0.000      0.000      0.000      0.000       0.000       0.000       0.000       0.000       0.000       0.000    
   118800.   12.38258201   12.5043   0.000       0.000      0.1065E-03   0.000     0.6057E-03-0.7121E-03  0.000      0.000      0.000      0.000       0.000       0.000       0.000       0.000       0.000       0.000    
   122400.   12.39123889   12.5008   0.000       0.000      0.9583E-04   0.000     0.1082E-02-0.1178E-02  0.000      0.000      0.000      0.000       0.000       0.000       0.000       0.000       0.000       0.000    
   126000.   12.37166931   12.4958   0.000       0.000      0.1086E-03   0.000     0.6356E-03-0.7443E-03  0.000      0.000      0.000      0.000       0.000       0.000       0.000       0.000       0.000       0.000    
   129600.   12.42164431   12.4955   0.000       0.000      0.6463E-04   0.000     0.2176E-02-0.2241E-02  0.000      0.000      0.000      0.000       0.000       0.000       0.000       0.000       0.000       0.000    
   133200.   12.39669312   12.4929   0.000       0.000      0.8418E-04   0.000     0.1322E-02-0.1407E-02  0.000      0.000      0.000      0.000       0.000       0.000       0.000       0.000       0.000       0.000    
   136800.   12.38768652   12.4898   0.000       0.000      0.8933E-04   0.000     0.1173E-02-0.1262E-02  0.000      0.000      0.000      0.000       0.000       0.000       0.000       0.000       0.000       0.000    
   140400.   12.36590777   12.4851   0.000       0.000      0.1043E-03   0.000     0.6996E-03-0.8038E-03  0.000      0.000      0.000      0.000       0.000       0.000       0.000       0.000       0.000       0.000    
   144000.   12.36163758   12.4805   0.000       0.000      0.1040E-03   0.000     0.7873E-03-0.8913E-03  0.000      0.000      0.000      0.000       0.000       0.000       0.000       0.000       0.000       0.000    
   147600.   12.35975973   12.4761   0.000       0.000      0.1018E-03   0.000     0.8837E-03-0.9855E-03  0.000      0.000      0.000      0.000       0.000       0.000       0.000       0.000       0.000       0.000    
   151200.   12.35874074   12.4719   0.000       0.000      0.9901E-04   0.000     0.9689E-03-0.1068E-02  0.000      0.000      0.000      0.000       0.000       0.000       0.000       0.000       0.000       0.000    
   154800.   12.35807433   12.4680   0.000       0.000      0.9614E-04   0.000     0.1046E-02-0.1142E-02  0.000      0.000      0.000      0.000       0.000       0.000       0.000       0.000       0.000       0.000    
   158400.   12.37091038   12.4653   0.000       0.000      0.8263E-04   0.000     0.1480E-02-0.1563E-02  0.000      0.000      0.000      0.000       0.000       0.000       0.000       0.000       0.000       0.000    
   162000.   12.42644776   12.4675   0.000       0.000      0.3592E-04   0.000     0.2983E-02-0.3019E-02  0.000      0.000      0.000      0.000       0.000       0.000       0.000       0.000       0.000       0.000    
   165600.   12.42376551   12.4690   0.000       0.000      0.3957E-04   0.000     0.2612E-02-0.2652E-02  0.000      0.000      0.000      0.000       0.000       0.000       0.000       0.000       0.000       0.000    
   169200.   12.37951939   12.4666   0.000       0.000      0.7620E-04   0.000     0.1305E-02-0.1381E-02  0.000      0.000      0.000      0.000       0.000       0.000       0.000       0.000       0.000       0.000    
   172800.   12.36607385   12.4635   0.000       0.000      0.8521E-04   0.000     0.1152E-02-0.1237E-02  0.000      0.000      0.000      0.000       0.000       0.000       0.000       0.000       0.000       0.000    
