TOTIM (T)      HCON          HMAT      QDIR      QWELL        QMAT       QCADS      QTUB1      QTUB2      QTUB3      QTUB4      QTUB5      QTUB6       NSTOR        QFIX        QLH     FHLQ (LQ)        CAUCHY   CAUCHY (LQ)
     3600.   12.32165597   12.4266   0.000       0.000      0.9179E-04   0.000     0.2393E-02-0.2485E-02  0.000      0.000      0.000      0.000       0.000       0.000       0.000       0.000       0.000       0.000    
     7200.   12.30838406   12.4255   0.000       0.000      0.1024E-03   0.000     0.2044E-02-0.2146E-02  0.000      0.000      0.000      0.000       0.000       0.000       0.000       0.000       0.000       0.000    
    10800.   12.30594490   12.4243   0.000       0.000      0.1035E-03   0.000     0.2072E-02-0.2176E-02  0.000      0.000      0.000      0.000       0.000       0.000       0.000       0.000       0.000       0.000    
    14400.   12.30482209   12.4231   0.000       0.000      0.1035E-03   0.000     0.2095E-02-0.2199E-02  0.000      0.000      0.000      0.000       0.000       0.000       0.000       0.000       0.000       0.000    
    18000.   12.30411350   12.4220   0.000       0.000      0.1032E-03   0.000     0.2112E-02-0.2216E-02  0.000      0.000      0.000      0.000       0.000       0.000       0.000       0.000       0.000       0.000    
    21600.   12.30358343   12.4209   0.000       0.000      0.1027E-03   0.000     0.2127E-02-0.2229E-02  0.000      0.000      0.000      0.000       0.000       0.000       0.000       0.000       0.000       0.000    
    25200.   12.30313399   12.4199   0.000       0.000      0.1022E-03   0.000     0.2139E-02-0.2241E-02  0.000      0.000      0.000      0.000       0.000       0.000       0.000       0.000       0.000       0.000    
    28800.   12.30272177   12.4189   0.000       0.000      0.1016E-03   0.000     0.2150E-02-0.2252E-02  0.000      0.000      0.000      0.000       0.000       0.000       0.000       0.000       0.000       0.000    
    32400.   12.30235134   12.4179   0.000       0.000      0.1011E-03   0.000     0.2160E-02-0.2261E-02  0.000      0.000      0.000      0.000       0.000       0.000       0.000       0.000       0.000       0.000    
    36000.   12.30197996   12.4170   0.000       0.000      0.1006E-03   0.000     0.2169E-02-0.2269E-02  0.000      0.000      0.000      0.000       0.000       0.000       0.000       0.000       0.000       0.000    
    39600.   12.30160774   12.4161   0.000       0.000      0.1002E-03   0.000     0.2177E-02-0.2277E-02  0.000      0.000      0.000      0.000       0.000       0.000       0.000       0.000       0.000       0.000    
    43200.   12.31455567   12.4164   0.000       0.000      0.8907E-04   0.000     0.2534E-02-0.2623E-02  0.000      0.000      0.000      0.000       0.000       0.000       0.000       0.000       0.000       0.000    
    46800.   12.31665107   12.4167   0.000       0.000      0.8754E-04   0.000     0.2512E-02-0.2600E-02  0.000      0.000      0.000      0.000       0.000       0.000       0.000       0.000       0.000       0.000    
    50400.   12.30408753   12.4159   0.000       0.000      0.9788E-04   0.000     0.2148E-02-0.2246E-02  0.000      0.000      0.000      0.000       0.000       0.000       0.000       0.000       0.000       0.000    
    54000.   12.31530770   12.4162   0.000       0.000      0.8832E-04   0.000     0.2514E-02-0.2602E-02  0.000      0.000      0.000      0.000       0.000       0.000       0.000       0.000       0.000       0.000    
    57600.   12.35022740   12.4194   0.000       0.000      0.6053E-04   0.000     0.3370E-02-0.3430E-02  0.000      0.000      0.000      0.000       0.000       0.000       0.000       0.000       0.000       0.000    
    61200.   12.45730005   12.4311   0.000       0.000     -0.2290E-04   0.000     0.5895E-02-0.5872E-02  0.000      0.000      0.000      0.000       0.000       0.000       0.000       0.000       0.000       0.000    
    64800.   12.45233659   12.4411   0.000       0.000     -0.9869E-05   0.000     0.4917E-02-0.4907E-02  0.000      0.000      0.000      0.000       0.000       0.000       0.000       0.000       0.000       0.000    
    68400.   12.45133793   12.4501   0.000       0.000     -0.1063E-05   0.000     0.4576E-02-0.4575E-02  0.000      0.000      0.000      0.000       0.000       0.000       0.000       0.000       0.000       0.000    
    72000.   12.42124206   12.4560   0.000       0.000      0.3043E-04   0.000     0.3595E-02-0.3625E-02  0.000      0.000      0.000      0.000       0.000       0.000       0.000       0.000       0.000       0.000    
    75600.   12.39152712   12.4592   0.000       0.000      0.5919E-04   0.000     0.2874E-02-0.2933E-02  0.000      0.000      0.000      0.000       0.000       0.000       0.000       0.000       0.000       0.000    
    79200.   12.46698142   12.4686   0.000       0.000      0.1424E-05   0.000     0.4989E-02-0.4991E-02  0.000      0.000      0.000      0.000       0.000       0.000       0.000       0.000       0.000       0.000    
    82800.   12.48073544   12.4782   0.000       0.000     -0.2212E-05   0.000     0.4826E-02-0.4823E-02  0.000      0.000      0.000      0.000       0.000       0.000       0.000       0.000       0.000       0.000    
    86400.   12.49455466   12.4882   0.000       0.000     -0.5583E-05   0.000     0.4856E-02-0.4850E-02  0.000      0.000      0.000      0.000       0.000       0.000       0.000       0.000       0.000       0.000    
    90000.   12.57440587   12.5041   0.000       0.000     -0.6156E-04   0.000     0.6640E-02-0.6579E-02  0.000      0.000      0.000      0.000       0.000       0.000       0.000       0.000       0.000       0.000    
    93600.   12.75992392   12.5340   0.000       0.000     -0.1977E-03   0.000     0.1072E-01-0.1052E-01  0.000      0.000      0.000      0.000       0.000       0.000       0.000       0.000       0.000       0.000    
    97200.   12.69438907   12.5553   0.000       0.000     -0.1217E-03   0.000     0.7354E-02-0.7232E-02  0.000      0.000      0.000      0.000       0.000       0.000       0.000       0.000       0.000       0.000    
   100800.   12.54981112   12.5632   0.000       0.000      0.1169E-04   0.000     0.3281E-02-0.3293E-02  0.000      0.000      0.000      0.000       0.000       0.000       0.000       0.000       0.000       0.000    
   104400.   12.48217883   12.5656   0.000       0.000      0.7297E-04   0.000     0.2188E-02-0.2261E-02  0.000      0.000      0.000      0.000       0.000       0.000       0.000       0.000       0.000       0.000    
   108000.   12.46117190   12.5666   0.000       0.000      0.9221E-04   0.000     0.2188E-02-0.2280E-02  0.000      0.000      0.000      0.000       0.000       0.000       0.000       0.000       0.000       0.000    
   111600.   12.42849544   12.5649   0.000       0.000      0.1194E-03   0.000     0.1608E-02-0.1728E-02  0.000      0.000      0.000      0.000       0.000       0.000       0.000       0.000       0.000       0.000    
   115200.   12.40183967   12.5614   0.000       0.000      0.1397E-03   0.000     0.1214E-02-0.1354E-02  0.000      0.000      0.000      0.000       0.000       0.000       0.000       0.000       0.000       0.000    
   118800.   12.38258122   12.5567   0.000       0.000      0.1524E-03   0.000     0.1003E-02-0.1156E-02  0.000      0.000      0.000      0.000       0.000       0.000       0.000       0.000       0.000       0.000    
   122400.   12.39123789   12.5532   0.000       0.000      0.1418E-03   0.000     0.1486E-02-0.1627E-02  0.000      0.000      0.000      0.000       0.000       0.000       0.000       0.000       0.000       0.000    
   126000.   12.37166846   12.5483   0.000       0.000      0.1546E-03   0.000     0.1042E-02-0.1197E-02  0.000      0.000      0.000      0.000       0.000       0.000       0.000       0.000       0.000       0.000    
   129600.   12.42164286   12.5480   0.000       0.000      0.1106E-03   0.000     0.2544E-02-0.2654E-02  0.000      0.000      0.000      0.000       0.000       0.000       0.000       0.000       0.000       0.000    
   133200.   12.39669205   12.5454   0.000       0.000      0.1301E-03   0.000     0.1653E-02-0.1783E-02  0.000      0.000      0.000      0.000       0.000       0.000       0.000       0.000       0.000       0.000    
   136800.   12.38768553   12.5423   0.000       0.000      0.1353E-03   0.000     0.1540E-02-0.1675E-02  0.000      0.000      0.000      0.000       0.000       0.000       0.000       0.000       0.000       0.000    
   140400.   12.36590694   12.5376   0.000       0.000      0.1502E-03   0.000     0.1094E-02-0.1244E-02  0.000      0.000      0.000      0.000       0.000       0.000       0.000       0.000       0.000       0.000    
   144000.   12.36163669   12.5330   0.000       0.000      0.1500E-03   0.000     0.1201E-02-0.1351E-02  0.000      0.000      0.000      0.000       0.000       0.000       0.000       0.000       0.000       0.000    
   147600.   12.35975879   12.5286   0.000       0.000      0.1477E-03   0.000     0.1292E-02-0.1439E-02  0.000      0.000      0.000      0.000       0.000       0.000       0.000       0.000       0.000       0.000    
   151200.   12.35873977   12.5244   0.000       0.000      0.1450E-03   0.000     0.1367E-02-0.1512E-02  0.000      0.000      0.000      0.000       0.000       0.000       0.000       0.000       0.000       0.000    
   154800.   12.35807333   12.5205   0.000       0.000      0.1421E-03   0.000     0.1434E-02-0.1576E-02  0.000      0.000      0.000      0.000       0.000       0.000       0.000       0.000       0.000       0.000    
   158400.   12.37090923   12.5179   0.000       0.000      0.1286E-03   0.000     0.1842E-02-0.1971E-02  0.000      0.000      0.000      0.000       0.000       0.000       0.000       0.000       0.000       0.000    
   162000.   12.42644601   12.5201   0.000       0.000      0.8192E-04   0.000     0.3260E-02-0.3342E-02  0.000      0.000      0.000      0.000       0.000       0.000       0.000       0.000       0.000       0.000    
   165600.   12.42376401   12.5216   0.000       0.000      0.8557E-04   0.000     0.2825E-02-0.2910E-02  0.000      0.000      0.000      0.000       0.000       0.000       0.000       0.000       0.000       0.000    
   169200.   12.37951844   12.5192   0.000       0.000      0.1222E-03   0.000     0.1572E-02-0.1694E-02  0.000      0.000      0.000      0.000       0.000       0.000       0.000       0.000       0.000       0.000    
   172800.   12.36607293   12.5160   0.000       0.000      0.1312E-03   0.000     0.1481E-02-0.1612E-02  0.000      0.000      0.000      0.000       0.000       0.000       0.000       0.000       0.000       0.000    
