TOTIM (T)      HCON          HMAT      QDIR      QWELL        QMAT       QCADS      QTUB1      QTUB2      QTUB3      QTUB4      QTUB5      QTUB6       NSTOR        QFIX        QLH     FHLQ (LQ)        CAUCHY   CAUCHY (LQ)
     3600.   12.32165646   12.4405   0.000       0.000      0.1040E-03   0.000     0.1979E-02-0.2083E-02  0.000      0.000      0.000      0.000       0.000       0.000       0.000       0.000       0.000       0.000    
     7200.   12.30838450   12.4394   0.000       0.000      0.1146E-03   0.000     0.1583E-02-0.1698E-02  0.000      0.000      0.000      0.000       0.000       0.000       0.000       0.000       0.000       0.000    
    10800.   12.30594534   12.4382   0.000       0.000      0.1157E-03   0.000     0.1592E-02-0.1707E-02  0.000      0.000      0.000      0.000       0.000       0.000       0.000       0.000       0.000       0.000    
    14400.   12.30482254   12.4371   0.000       0.000      0.1157E-03   0.000     0.1614E-02-0.1730E-02  0.000      0.000      0.000      0.000       0.000       0.000       0.000       0.000       0.000       0.000    
    18000.   12.30411395   12.4360   0.000       0.000      0.1154E-03   0.000     0.1633E-02-0.1749E-02  0.000      0.000      0.000      0.000       0.000       0.000       0.000       0.000       0.000       0.000    
    21600.   12.30358388   12.4349   0.000       0.000      0.1149E-03   0.000     0.1651E-02-0.1766E-02  0.000      0.000      0.000      0.000       0.000       0.000       0.000       0.000       0.000       0.000    
    25200.   12.30313445   12.4338   0.000       0.000      0.1144E-03   0.000     0.1667E-02-0.1781E-02  0.000      0.000      0.000      0.000       0.000       0.000       0.000       0.000       0.000       0.000    
    28800.   12.30272223   12.4328   0.000       0.000      0.1138E-03   0.000     0.1682E-02-0.1796E-02  0.000      0.000      0.000      0.000       0.000       0.000       0.000       0.000       0.000       0.000    
    32400.   12.30235179   12.4319   0.000       0.000      0.1133E-03   0.000     0.1695E-02-0.1808E-02  0.000      0.000      0.000      0.000       0.000       0.000       0.000       0.000       0.000       0.000    
    36000.   12.30198042   12.4309   0.000       0.000      0.1128E-03   0.000     0.1708E-02-0.1821E-02  0.000      0.000      0.000      0.000       0.000       0.000       0.000       0.000       0.000       0.000    
    39600.   12.30160820   12.4300   0.000       0.000      0.1124E-03   0.000     0.1720E-02-0.1832E-02  0.000      0.000      0.000      0.000       0.000       0.000       0.000       0.000       0.000       0.000    
    43200.   12.31455619   12.4303   0.000       0.000      0.1013E-03   0.000     0.2126E-02-0.2227E-02  0.000      0.000      0.000      0.000       0.000       0.000       0.000       0.000       0.000       0.000    
    46800.   12.31665159   12.4306   0.000       0.000      0.9974E-04   0.000     0.2128E-02-0.2228E-02  0.000      0.000      0.000      0.000       0.000       0.000       0.000       0.000       0.000       0.000    
    50400.   12.30408799   12.4299   0.000       0.000      0.1101E-03   0.000     0.1721E-02-0.1831E-02  0.000      0.000      0.000      0.000       0.000       0.000       0.000       0.000       0.000       0.000    
    54000.   12.31530821   12.4302   0.000       0.000      0.1005E-03   0.000     0.2114E-02-0.2214E-02  0.000      0.000      0.000      0.000       0.000       0.000       0.000       0.000       0.000       0.000    
    57600.   12.35022804   12.4333   0.000       0.000      0.7272E-04   0.000     0.3104E-02-0.3177E-02  0.000      0.000      0.000      0.000       0.000       0.000       0.000       0.000       0.000       0.000    
    61200.   12.45730914   12.4451   0.000       0.000     -0.1071E-04   0.000     0.6030E-02-0.6020E-02  0.000      0.000      0.000      0.000       0.000       0.000       0.000       0.000       0.000       0.000    
    64800.   12.45234301   12.4550   0.000       0.000      0.2326E-05   0.000     0.5111E-02-0.5114E-02  0.000      0.000      0.000      0.000       0.000       0.000       0.000       0.000       0.000       0.000    
    68400.   12.45134351   12.4641   0.000       0.000      0.1113E-04   0.000     0.4707E-02-0.4718E-02  0.000      0.000      0.000      0.000       0.000       0.000       0.000       0.000       0.000       0.000    
    72000.   12.42124607   12.4700   0.000       0.000      0.4263E-04   0.000     0.3571E-02-0.3614E-02  0.000      0.000      0.000      0.000       0.000       0.000       0.000       0.000       0.000       0.000    
    75600.   12.39153027   12.4731   0.000       0.000      0.7139E-04   0.000     0.2676E-02-0.2748E-02  0.000      0.000      0.000      0.000       0.000       0.000       0.000       0.000       0.000       0.000    
    79200.   12.46698828   12.4826   0.000       0.000      0.1363E-04   0.000     0.4998E-02-0.5012E-02  0.000      0.000      0.000      0.000       0.000       0.000       0.000       0.000       0.000       0.000    
    82800.   12.48074177   12.4922   0.000       0.000      0.9994E-05   0.000     0.4929E-02-0.4939E-02  0.000      0.000      0.000      0.000       0.000       0.000       0.000       0.000       0.000       0.000    
    86400.   12.49456088   12.5021   0.000       0.000      0.6626E-05   0.000     0.4972E-02-0.4979E-02  0.000      0.000      0.000      0.000       0.000       0.000       0.000       0.000       0.000       0.000    
    90000.   12.57441570   12.5180   0.000       0.000     -0.4935E-04   0.000     0.6997E-02-0.6948E-02  0.000      0.000      0.000      0.000       0.000       0.000       0.000       0.000       0.000       0.000    
    93600.   12.75994788   12.5479   0.000       0.000     -0.1855E-03   0.000     0.1174E-01-0.1156E-01  0.000      0.000      0.000      0.000       0.000       0.000       0.000       0.000       0.000       0.000    
    97200.   12.69440119   12.5693   0.000       0.000     -0.1095E-03   0.000     0.8226E-02-0.8116E-02  0.000      0.000      0.000      0.000       0.000       0.000       0.000       0.000       0.000       0.000    
   100800.   12.54981399   12.5772   0.000       0.000      0.2393E-04   0.000     0.3448E-02-0.3472E-02  0.000      0.000      0.000      0.000       0.000       0.000       0.000       0.000       0.000       0.000    
   104400.   12.48217972   12.5796   0.000       0.000      0.8521E-04   0.000     0.1888E-02-0.1973E-02  0.000      0.000      0.000      0.000       0.000       0.000       0.000       0.000       0.000       0.000    
   108000.   12.46117294   12.5805   0.000       0.000      0.1045E-03   0.000     0.1713E-02-0.1817E-02  0.000      0.000      0.000      0.000       0.000       0.000       0.000       0.000       0.000       0.000    
   111600.   12.42849638   12.5789   0.000       0.000      0.1316E-03   0.000     0.9845E-03-0.1116E-02  0.000      0.000      0.000      0.000       0.000       0.000       0.000       0.000       0.000       0.000    
   115200.   12.40184052   12.5754   0.000       0.000      0.1519E-03   0.000     0.4598E-03-0.6117E-03  0.000      0.000      0.000      0.000       0.000       0.000       0.000       0.000       0.000       0.000    
   118800.   12.38258204   12.5708   0.000       0.000      0.1647E-03   0.000     0.1617E-03-0.3264E-03  0.000      0.000      0.000      0.000       0.000       0.000       0.000       0.000       0.000       0.000    
   122400.   12.39123896   12.5672   0.000       0.000      0.1540E-03   0.000     0.6701E-03-0.8241E-03  0.000      0.000      0.000      0.000       0.000       0.000       0.000       0.000       0.000       0.000    
   126000.   12.37166935   12.5623   0.000       0.000      0.1668E-03   0.000     0.1852E-03-0.3520E-03  0.000      0.000      0.000      0.000       0.000       0.000       0.000       0.000       0.000       0.000    
   129600.   12.42164447   12.5620   0.000       0.000      0.1228E-03   0.000     0.1858E-02-0.1981E-02  0.000      0.000      0.000      0.000       0.000       0.000       0.000       0.000       0.000       0.000    
   133200.   12.39669321   12.5594   0.000       0.000      0.1424E-03   0.000     0.9453E-03-0.1088E-02  0.000      0.000      0.000      0.000       0.000       0.000       0.000       0.000       0.000       0.000    
   136800.   12.38768660   12.5563   0.000       0.000      0.1475E-03   0.000     0.7801E-03-0.9276E-03  0.000      0.000      0.000      0.000       0.000       0.000       0.000       0.000       0.000       0.000    
   140400.   12.36590782   12.5516   0.000       0.000      0.1625E-03   0.000     0.2622E-03-0.4247E-03  0.000      0.000      0.000      0.000       0.000       0.000       0.000       0.000       0.000       0.000    
   144000.   12.36163763   12.5470   0.000       0.000      0.1622E-03   0.000     0.3508E-03-0.5130E-03  0.000      0.000      0.000      0.000       0.000       0.000       0.000       0.000       0.000       0.000    
   147600.   12.35975979   12.5426   0.000       0.000      0.1600E-03   0.000     0.4538E-03-0.6138E-03  0.000      0.000      0.000      0.000       0.000       0.000       0.000       0.000       0.000       0.000    
   151200.   12.35874080   12.5385   0.000       0.000      0.1573E-03   0.000     0.5473E-03-0.7045E-03  0.000      0.000      0.000      0.000       0.000       0.000       0.000       0.000       0.000       0.000    
   154800.   12.35807439   12.5345   0.000       0.000      0.1544E-03   0.000     0.6332E-03-0.7876E-03  0.000      0.000      0.000      0.000       0.000       0.000       0.000       0.000       0.000       0.000    
   158400.   12.37091049   12.5319   0.000       0.000      0.1409E-03   0.000     0.1108E-02-0.1249E-02  0.000      0.000      0.000      0.000       0.000       0.000       0.000       0.000       0.000       0.000    
   162000.   12.42644798   12.5341   0.000       0.000      0.9418E-04   0.000     0.2751E-02-0.2845E-02  0.000      0.000      0.000      0.000       0.000       0.000       0.000       0.000       0.000       0.000    
   165600.   12.42376570   12.5356   0.000       0.000      0.9783E-04   0.000     0.2369E-02-0.2467E-02  0.000      0.000      0.000      0.000       0.000       0.000       0.000       0.000       0.000       0.000    
   169200.   12.37951948   12.5332   0.000       0.000      0.1345E-03   0.000     0.9520E-03-0.1086E-02  0.000      0.000      0.000      0.000       0.000       0.000       0.000       0.000       0.000       0.000    
   172800.   12.36607393   12.5301   0.000       0.000      0.1435E-03   0.000     0.7719E-03-0.9154E-03  0.000      0.000      0.000      0.000       0.000       0.000       0.000       0.000       0.000       0.000    
