TOTIM (T)      HCON          HMAT      QDIR      QWELL        QMAT       QCADS      QTUB1      QTUB2      QTUB3      QTUB4      QTUB5      QTUB6       NSTOR        QFIX        QLH     FHLQ (LQ)        CAUCHY   CAUCHY (LQ)
     3600.   12.32165501   12.3054   0.000       0.000     -0.1420E-04   0.000     0.2607E-02-0.2593E-02  0.000      0.000      0.000      0.000       0.000       0.000       0.000       0.000       0.000       0.000    
     7200.   12.30838320   12.3043   0.000       0.000     -0.3547E-05   0.000     0.2418E-02-0.2414E-02  0.000      0.000      0.000      0.000       0.000       0.000       0.000       0.000       0.000       0.000    
    10800.   12.30594403   12.3032   0.000       0.000     -0.2433E-05   0.000     0.2463E-02-0.2460E-02  0.000      0.000      0.000      0.000       0.000       0.000       0.000       0.000       0.000       0.000    
    14400.   12.30482121   12.3020   0.000       0.000     -0.2459E-05   0.000     0.2485E-02-0.2483E-02  0.000      0.000      0.000      0.000       0.000       0.000       0.000       0.000       0.000       0.000    
    18000.   12.30411261   12.3009   0.000       0.000     -0.2822E-05   0.000     0.2497E-02-0.2494E-02  0.000      0.000      0.000      0.000       0.000       0.000       0.000       0.000       0.000       0.000    
    21600.   12.30358253   12.2998   0.000       0.000     -0.3306E-05   0.000     0.2504E-02-0.2501E-02  0.000      0.000      0.000      0.000       0.000       0.000       0.000       0.000       0.000       0.000    
    25200.   12.30313310   12.2988   0.000       0.000     -0.3826E-05   0.000     0.2509E-02-0.2505E-02  0.000      0.000      0.000      0.000       0.000       0.000       0.000       0.000       0.000       0.000    
    28800.   12.30272087   12.2978   0.000       0.000     -0.4344E-05   0.000     0.2512E-02-0.2507E-02  0.000      0.000      0.000      0.000       0.000       0.000       0.000       0.000       0.000       0.000    
    32400.   12.30235044   12.2968   0.000       0.000     -0.4860E-05   0.000     0.2514E-02-0.2509E-02  0.000      0.000      0.000      0.000       0.000       0.000       0.000       0.000       0.000       0.000    
    36000.   12.30197906   12.2959   0.000       0.000     -0.5344E-05   0.000     0.2516E-02-0.2510E-02  0.000      0.000      0.000      0.000       0.000       0.000       0.000       0.000       0.000       0.000    
    39600.   12.30160683   12.2950   0.000       0.000     -0.5796E-05   0.000     0.2517E-02-0.2511E-02  0.000      0.000      0.000      0.000       0.000       0.000       0.000       0.000       0.000       0.000    
    43200.   12.31455467   12.2952   0.000       0.000     -0.1690E-04   0.000     0.2707E-02-0.2690E-02  0.000      0.000      0.000      0.000       0.000       0.000       0.000       0.000       0.000       0.000    
    46800.   12.31665008   12.2956   0.000       0.000     -0.1843E-04   0.000     0.2663E-02-0.2644E-02  0.000      0.000      0.000      0.000       0.000       0.000       0.000       0.000       0.000       0.000    
    50400.   12.30408664   12.2948   0.000       0.000     -0.8097E-05   0.000     0.2453E-02-0.2445E-02  0.000      0.000      0.000      0.000       0.000       0.000       0.000       0.000       0.000       0.000    
    54000.   12.31530671   12.2951   0.000       0.000     -0.1766E-04   0.000     0.2676E-02-0.2658E-02  0.000      0.000      0.000      0.000       0.000       0.000       0.000       0.000       0.000       0.000    
    57600.   12.35022617   12.2983   0.000       0.000     -0.4545E-04   0.000     0.3115E-02-0.3070E-02  0.000      0.000      0.000      0.000       0.000       0.000       0.000       0.000       0.000       0.000    
    61200.   12.45729813   12.3100   0.000       0.000     -0.1289E-03   0.000     0.4389E-02-0.4260E-02  0.000      0.000      0.000      0.000       0.000       0.000       0.000       0.000       0.000       0.000    
    64800.   12.45233499   12.3199   0.000       0.000     -0.1158E-03   0.000     0.3606E-02-0.3490E-02  0.000      0.000      0.000      0.000       0.000       0.000       0.000       0.000       0.000       0.000    
    68400.   12.45133643   12.3290   0.000       0.000     -0.1070E-03   0.000     0.3398E-02-0.3290E-02  0.000      0.000      0.000      0.000       0.000       0.000       0.000       0.000       0.000       0.000    
    72000.   12.42124084   12.3349   0.000       0.000     -0.7555E-04   0.000     0.2889E-02-0.2813E-02  0.000      0.000      0.000      0.000       0.000       0.000       0.000       0.000       0.000       0.000    
    75600.   12.39152608   12.3380   0.000       0.000     -0.4679E-04   0.000     0.2599E-02-0.2552E-02  0.000      0.000      0.000      0.000       0.000       0.000       0.000       0.000       0.000       0.000    
    79200.   12.46697977   12.3475   0.000       0.000     -0.1046E-03   0.000     0.3848E-02-0.3743E-02  0.000      0.000      0.000      0.000       0.000       0.000       0.000       0.000       0.000       0.000    
    82800.   12.48073386   12.3571   0.000       0.000     -0.1082E-03   0.000     0.3630E-02-0.3522E-02  0.000      0.000      0.000      0.000       0.000       0.000       0.000       0.000       0.000       0.000    
    86400.   12.49455308   12.3670   0.000       0.000     -0.1116E-03   0.000     0.3610E-02-0.3498E-02  0.000      0.000      0.000      0.000       0.000       0.000       0.000       0.000       0.000       0.000    
    90000.   12.57440379   12.3829   0.000       0.000     -0.1676E-03   0.000     0.4554E-02-0.4387E-02  0.000      0.000      0.000      0.000       0.000       0.000       0.000       0.000       0.000       0.000    
    93600.   12.75989877   12.4128   0.000       0.000     -0.3037E-03   0.000     0.6593E-02-0.6289E-02  0.000      0.000      0.000      0.000       0.000       0.000       0.000       0.000       0.000       0.000    
    97200.   12.69437717   12.4341   0.000       0.000     -0.2277E-03   0.000     0.4365E-02-0.4138E-02  0.000      0.000      0.000      0.000       0.000       0.000       0.000       0.000       0.000       0.000    
   100800.   12.54980886   12.4420   0.000       0.000     -0.9433E-04   0.000     0.2294E-02-0.2200E-02  0.000      0.000      0.000      0.000       0.000       0.000       0.000       0.000       0.000       0.000    
   104400.   12.48217734   12.4444   0.000       0.000     -0.3306E-04   0.000     0.2120E-02-0.2087E-02  0.000      0.000      0.000      0.000       0.000       0.000       0.000       0.000       0.000       0.000    
   108000.   12.46117022   12.4454   0.000       0.000     -0.1384E-04   0.000     0.2408E-02-0.2394E-02  0.000      0.000      0.000      0.000       0.000       0.000       0.000       0.000       0.000       0.000    
   111600.   12.42849417   12.4437   0.000       0.000      0.1333E-04   0.000     0.2236E-02-0.2250E-02  0.000      0.000      0.000      0.000       0.000       0.000       0.000       0.000       0.000       0.000    
   115200.   12.40183862   12.4402   0.000       0.000      0.3358E-04   0.000     0.2146E-02-0.2180E-02  0.000      0.000      0.000      0.000       0.000       0.000       0.000       0.000       0.000       0.000    
   118800.   12.38258027   12.4355   0.000       0.000      0.4631E-04   0.000     0.2127E-02-0.2173E-02  0.000      0.000      0.000      0.000       0.000       0.000       0.000       0.000       0.000       0.000    
   122400.   12.39123658   12.4320   0.000       0.000      0.3565E-04   0.000     0.2449E-02-0.2485E-02  0.000      0.000      0.000      0.000       0.000       0.000       0.000       0.000       0.000       0.000    
   126000.   12.37166746   12.4270   0.000       0.000      0.4845E-04   0.000     0.2198E-02-0.2247E-02  0.000      0.000      0.000      0.000       0.000       0.000       0.000       0.000       0.000       0.000    
   129600.   12.42164064   12.4267   0.000       0.000      0.4443E-05   0.000     0.3039E-02-0.3044E-02  0.000      0.000      0.000      0.000       0.000       0.000       0.000       0.000       0.000       0.000    
   133200.   12.39669067   12.4241   0.000       0.000      0.2398E-04   0.000     0.2442E-02-0.2466E-02  0.000      0.000      0.000      0.000       0.000       0.000       0.000       0.000       0.000       0.000    
   136800.   12.38768422   12.4210   0.000       0.000      0.2912E-04   0.000     0.2406E-02-0.2436E-02  0.000      0.000      0.000      0.000       0.000       0.000       0.000       0.000       0.000       0.000    
   140400.   12.36590593   12.4163   0.000       0.000      0.4407E-04   0.000     0.2185E-02-0.2229E-02  0.000      0.000      0.000      0.000       0.000       0.000       0.000       0.000       0.000       0.000    
   144000.   12.36163559   12.4117   0.000       0.000      0.4377E-04   0.000     0.2288E-02-0.2331E-02  0.000      0.000      0.000      0.000       0.000       0.000       0.000       0.000       0.000       0.000    
   147600.   12.35975762   12.4072   0.000       0.000      0.4155E-04   0.000     0.2345E-02-0.2386E-02  0.000      0.000      0.000      0.000       0.000       0.000       0.000       0.000       0.000       0.000    
   151200.   12.35873854   12.4031   0.000       0.000      0.3879E-04   0.000     0.2379E-02-0.2418E-02  0.000      0.000      0.000      0.000       0.000       0.000       0.000       0.000       0.000       0.000    
   154800.   12.35807207   12.3991   0.000       0.000      0.3591E-04   0.000     0.2402E-02-0.2438E-02  0.000      0.000      0.000      0.000       0.000       0.000       0.000       0.000       0.000       0.000    
   158400.   12.37090766   12.3965   0.000       0.000      0.2240E-04   0.000     0.2608E-02-0.2631E-02  0.000      0.000      0.000      0.000       0.000       0.000       0.000       0.000       0.000       0.000    
   162000.   12.42644314   12.3987   0.000       0.000     -0.2431E-04   0.000     0.3326E-02-0.3301E-02  0.000      0.000      0.000      0.000       0.000       0.000       0.000       0.000       0.000       0.000    
   165600.   12.42376170   12.4001   0.000       0.000     -0.2068E-04   0.000     0.2945E-02-0.2924E-02  0.000      0.000      0.000      0.000       0.000       0.000       0.000       0.000       0.000       0.000    
   169200.   12.37951722   12.3977   0.000       0.000      0.1595E-04   0.000     0.2241E-02-0.2257E-02  0.000      0.000      0.000      0.000       0.000       0.000       0.000       0.000       0.000       0.000    
   172800.   12.36607172   12.3946   0.000       0.000      0.2496E-04   0.000     0.2286E-02-0.2311E-02  0.000      0.000      0.000      0.000       0.000       0.000       0.000       0.000       0.000       0.000    
