TOTIM (T)      HCON          HMAT      QDIR      QWELL        QMAT       QCADS      QTUB1      QTUB2      QTUB3      QTUB4      QTUB5      QTUB6       NSTOR        QFIX        QLH     FHLQ (LQ)        CAUCHY   CAUCHY (LQ)
     3600.   12.32165565   12.3889   0.000       0.000      0.5885E-04   0.000     0.2557E-02-0.2616E-02  0.000      0.000      0.000      0.000       0.000       0.000       0.000       0.000       0.000       0.000    
     7200.   12.30838379   12.3878   0.000       0.000      0.6949E-04   0.000     0.2261E-02-0.2331E-02  0.000      0.000      0.000      0.000       0.000       0.000       0.000       0.000       0.000       0.000    
    10800.   12.30594462   12.3866   0.000       0.000      0.7061E-04   0.000     0.2295E-02-0.2366E-02  0.000      0.000      0.000      0.000       0.000       0.000       0.000       0.000       0.000       0.000    
    14400.   12.30482181   12.3855   0.000       0.000      0.7058E-04   0.000     0.2318E-02-0.2388E-02  0.000      0.000      0.000      0.000       0.000       0.000       0.000       0.000       0.000       0.000    
    18000.   12.30411322   12.3844   0.000       0.000      0.7022E-04   0.000     0.2333E-02-0.2404E-02  0.000      0.000      0.000      0.000       0.000       0.000       0.000       0.000       0.000       0.000    
    21600.   12.30358314   12.3833   0.000       0.000      0.6973E-04   0.000     0.2345E-02-0.2415E-02  0.000      0.000      0.000      0.000       0.000       0.000       0.000       0.000       0.000       0.000    
    25200.   12.30313371   12.3822   0.000       0.000      0.6921E-04   0.000     0.2355E-02-0.2424E-02  0.000      0.000      0.000      0.000       0.000       0.000       0.000       0.000       0.000       0.000    
    28800.   12.30272148   12.3812   0.000       0.000      0.6869E-04   0.000     0.2363E-02-0.2432E-02  0.000      0.000      0.000      0.000       0.000       0.000       0.000       0.000       0.000       0.000    
    32400.   12.30235105   12.3803   0.000       0.000      0.6818E-04   0.000     0.2370E-02-0.2439E-02  0.000      0.000      0.000      0.000       0.000       0.000       0.000       0.000       0.000       0.000    
    36000.   12.30197967   12.3793   0.000       0.000      0.6769E-04   0.000     0.2377E-02-0.2445E-02  0.000      0.000      0.000      0.000       0.000       0.000       0.000       0.000       0.000       0.000    
    39600.   12.30160745   12.3785   0.000       0.000      0.6724E-04   0.000     0.2383E-02-0.2451E-02  0.000      0.000      0.000      0.000       0.000       0.000       0.000       0.000       0.000       0.000    
    43200.   12.31455535   12.3787   0.000       0.000      0.5613E-04   0.000     0.2684E-02-0.2740E-02  0.000      0.000      0.000      0.000       0.000       0.000       0.000       0.000       0.000       0.000    
    46800.   12.31665074   12.3790   0.000       0.000      0.5460E-04   0.000     0.2655E-02-0.2710E-02  0.000      0.000      0.000      0.000       0.000       0.000       0.000       0.000       0.000       0.000    
    50400.   12.30408725   12.3783   0.000       0.000      0.6493E-04   0.000     0.2342E-02-0.2407E-02  0.000      0.000      0.000      0.000       0.000       0.000       0.000       0.000       0.000       0.000    
    54000.   12.31530738   12.3786   0.000       0.000      0.5537E-04   0.000     0.2660E-02-0.2716E-02  0.000      0.000      0.000      0.000       0.000       0.000       0.000       0.000       0.000       0.000    
    57600.   12.35022697   12.3817   0.000       0.000      0.2758E-04   0.000     0.3378E-02-0.3405E-02  0.000      0.000      0.000      0.000       0.000       0.000       0.000       0.000       0.000       0.000    
    61200.   12.45729934   12.3935   0.000       0.000     -0.5584E-04   0.000     0.5486E-02-0.5430E-02  0.000      0.000      0.000      0.000       0.000       0.000       0.000       0.000       0.000       0.000    
    64800.   12.45233600   12.4034   0.000       0.000     -0.4282E-04   0.000     0.4572E-02-0.4530E-02  0.000      0.000      0.000      0.000       0.000       0.000       0.000       0.000       0.000       0.000    
    68400.   12.45133738   12.4125   0.000       0.000     -0.3401E-04   0.000     0.4276E-02-0.4242E-02  0.000      0.000      0.000      0.000       0.000       0.000       0.000       0.000       0.000       0.000    
    72000.   12.42124162   12.4184   0.000       0.000     -0.2519E-05   0.000     0.3452E-02-0.3450E-02  0.000      0.000      0.000      0.000       0.000       0.000       0.000       0.000       0.000       0.000    
    75600.   12.39152676   12.4215   0.000       0.000      0.2624E-04   0.000     0.2875E-02-0.2901E-02  0.000      0.000      0.000      0.000       0.000       0.000       0.000       0.000       0.000       0.000    
    79200.   12.46698082   12.4310   0.000       0.000     -0.3153E-04   0.000     0.4702E-02-0.4670E-02  0.000      0.000      0.000      0.000       0.000       0.000       0.000       0.000       0.000       0.000    
    82800.   12.48073486   12.4406   0.000       0.000     -0.3516E-04   0.000     0.4520E-02-0.4485E-02  0.000      0.000      0.000      0.000       0.000       0.000       0.000       0.000       0.000       0.000    
    86400.   12.49455408   12.4505   0.000       0.000     -0.3853E-04   0.000     0.4533E-02-0.4495E-02  0.000      0.000      0.000      0.000       0.000       0.000       0.000       0.000       0.000       0.000    
    90000.   12.57440509   12.4664   0.000       0.000     -0.9451E-04   0.000     0.6038E-02-0.5943E-02  0.000      0.000      0.000      0.000       0.000       0.000       0.000       0.000       0.000       0.000    
    93600.   12.75991203   12.4963   0.000       0.000     -0.2306E-03   0.000     0.9438E-02-0.9207E-02  0.000      0.000      0.000      0.000       0.000       0.000       0.000       0.000       0.000       0.000    
    97200.   12.69438341   12.5177   0.000       0.000     -0.1546E-03   0.000     0.6450E-02-0.6296E-02  0.000      0.000      0.000      0.000       0.000       0.000       0.000       0.000       0.000       0.000    
   100800.   12.54981035   12.5255   0.000       0.000     -0.2124E-04   0.000     0.3045E-02-0.3024E-02  0.000      0.000      0.000      0.000       0.000       0.000       0.000       0.000       0.000       0.000    
   104400.   12.48217840   12.5279   0.000       0.000      0.4005E-04   0.000     0.2258E-02-0.2298E-02  0.000      0.000      0.000      0.000       0.000       0.000       0.000       0.000       0.000       0.000    
   108000.   12.46117145   12.5289   0.000       0.000      0.5929E-04   0.000     0.2354E-02-0.2413E-02  0.000      0.000      0.000      0.000       0.000       0.000       0.000       0.000       0.000       0.000    
   111600.   12.42849514   12.5273   0.000       0.000      0.8648E-04   0.000     0.1911E-02-0.1997E-02  0.000      0.000      0.000      0.000       0.000       0.000       0.000       0.000       0.000       0.000    
   115200.   12.40183945   12.5238   0.000       0.000      0.1067E-03   0.000     0.1618E-02-0.1725E-02  0.000      0.000      0.000      0.000       0.000       0.000       0.000       0.000       0.000       0.000    
   118800.   12.38258104   12.5192   0.000       0.000      0.1195E-03   0.000     0.1471E-02-0.1590E-02  0.000      0.000      0.000      0.000       0.000       0.000       0.000       0.000       0.000       0.000    
   122400.   12.39123763   12.5157   0.000       0.000      0.1089E-03   0.000     0.1900E-02-0.2009E-02  0.000      0.000      0.000      0.000       0.000       0.000       0.000       0.000       0.000       0.000    
   126000.   12.37166828   12.5107   0.000       0.000      0.1217E-03   0.000     0.1521E-02-0.1642E-02  0.000      0.000      0.000      0.000       0.000       0.000       0.000       0.000       0.000       0.000    
   129600.   12.42164240   12.5105   0.000       0.000      0.7771E-04   0.000     0.2802E-02-0.2880E-02  0.000      0.000      0.000      0.000       0.000       0.000       0.000       0.000       0.000       0.000    
   133200.   12.39669177   12.5079   0.000       0.000      0.9727E-04   0.000     0.2009E-02-0.2107E-02  0.000      0.000      0.000      0.000       0.000       0.000       0.000       0.000       0.000       0.000    
   136800.   12.38768526   12.5048   0.000       0.000      0.1024E-03   0.000     0.1922E-02-0.2024E-02  0.000      0.000      0.000      0.000       0.000       0.000       0.000       0.000       0.000       0.000    
   140400.   12.36590675   12.5001   0.000       0.000      0.1174E-03   0.000     0.1550E-02-0.1668E-02  0.000      0.000      0.000      0.000       0.000       0.000       0.000       0.000       0.000       0.000    
   144000.   12.36163648   12.4955   0.000       0.000      0.1171E-03   0.000     0.1656E-02-0.1773E-02  0.000      0.000      0.000      0.000       0.000       0.000       0.000       0.000       0.000       0.000    
   147600.   12.35975857   12.4911   0.000       0.000      0.1149E-03   0.000     0.1736E-02-0.1851E-02  0.000      0.000      0.000      0.000       0.000       0.000       0.000       0.000       0.000       0.000    
   151200.   12.35873953   12.4870   0.000       0.000      0.1122E-03   0.000     0.1797E-02-0.1910E-02  0.000      0.000      0.000      0.000       0.000       0.000       0.000       0.000       0.000       0.000    
   154800.   12.35807308   12.4830   0.000       0.000      0.1093E-03   0.000     0.1850E-02-0.1959E-02  0.000      0.000      0.000      0.000       0.000       0.000       0.000       0.000       0.000       0.000    
   158400.   12.37090891   12.4804   0.000       0.000      0.9584E-04   0.000     0.2191E-02-0.2286E-02  0.000      0.000      0.000      0.000       0.000       0.000       0.000       0.000       0.000       0.000    
   162000.   12.42644539   12.4826   0.000       0.000      0.4915E-04   0.000     0.3375E-02-0.3424E-02  0.000      0.000      0.000      0.000       0.000       0.000       0.000       0.000       0.000       0.000    
   165600.   12.42376350   12.4841   0.000       0.000      0.5280E-04   0.000     0.2958E-02-0.3011E-02  0.000      0.000      0.000      0.000       0.000       0.000       0.000       0.000       0.000       0.000    
   169200.   12.37951818   12.4817   0.000       0.000      0.8944E-04   0.000     0.1888E-02-0.1977E-02  0.000      0.000      0.000      0.000       0.000       0.000       0.000       0.000       0.000       0.000    
   172800.   12.36607268   12.4786   0.000       0.000      0.9846E-04   0.000     0.1842E-02-0.1941E-02  0.000      0.000      0.000      0.000       0.000       0.000       0.000       0.000       0.000       0.000    
