TOTIM (T)      HCON          HMAT      QDIR      QWELL        QMAT       QCADS      QTUB1      QTUB2      QTUB3      QTUB4      QTUB5      QTUB6       NSTOR        QFIX        QLH     FHLQ (LQ)        CAUCHY   CAUCHY (LQ)
     3600.   12.32165630   12.4453   0.000       0.000      0.1082E-03   0.000     0.1962E-02-0.2070E-02  0.000      0.000      0.000      0.000       0.000       0.000       0.000       0.000       0.000       0.000    
     7200.   12.30838434   12.4442   0.000       0.000      0.1188E-03   0.000     0.1549E-02-0.1667E-02  0.000      0.000      0.000      0.000       0.000       0.000       0.000       0.000       0.000       0.000    
    10800.   12.30594518   12.4430   0.000       0.000      0.1200E-03   0.000     0.1570E-02-0.1690E-02  0.000      0.000      0.000      0.000       0.000       0.000       0.000       0.000       0.000       0.000    
    14400.   12.30482238   12.4419   0.000       0.000      0.1199E-03   0.000     0.1593E-02-0.1713E-02  0.000      0.000      0.000      0.000       0.000       0.000       0.000       0.000       0.000       0.000    
    18000.   12.30411379   12.4408   0.000       0.000      0.1196E-03   0.000     0.1613E-02-0.1732E-02  0.000      0.000      0.000      0.000       0.000       0.000       0.000       0.000       0.000       0.000    
    21600.   12.30358372   12.4397   0.000       0.000      0.1191E-03   0.000     0.1630E-02-0.1749E-02  0.000      0.000      0.000      0.000       0.000       0.000       0.000       0.000       0.000       0.000    
    25200.   12.30313429   12.4386   0.000       0.000      0.1186E-03   0.000     0.1645E-02-0.1764E-02  0.000      0.000      0.000      0.000       0.000       0.000       0.000       0.000       0.000       0.000    
    28800.   12.30272207   12.4376   0.000       0.000      0.1180E-03   0.000     0.1659E-02-0.1777E-02  0.000      0.000      0.000      0.000       0.000       0.000       0.000       0.000       0.000       0.000    
    32400.   12.30235163   12.4367   0.000       0.000      0.1175E-03   0.000     0.1672E-02-0.1790E-02  0.000      0.000      0.000      0.000       0.000       0.000       0.000       0.000       0.000       0.000    
    36000.   12.30198026   12.4357   0.000       0.000      0.1170E-03   0.000     0.1684E-02-0.1801E-02  0.000      0.000      0.000      0.000       0.000       0.000       0.000       0.000       0.000       0.000    
    39600.   12.30160804   12.4348   0.000       0.000      0.1166E-03   0.000     0.1695E-02-0.1812E-02  0.000      0.000      0.000      0.000       0.000       0.000       0.000       0.000       0.000       0.000    
    43200.   12.31455603   12.4351   0.000       0.000      0.1055E-03   0.000     0.2119E-02-0.2224E-02  0.000      0.000      0.000      0.000       0.000       0.000       0.000       0.000       0.000       0.000    
    46800.   12.31665142   12.4354   0.000       0.000      0.1039E-03   0.000     0.2106E-02-0.2210E-02  0.000      0.000      0.000      0.000       0.000       0.000       0.000       0.000       0.000       0.000    
    50400.   12.30408783   12.4347   0.000       0.000      0.1143E-03   0.000     0.1680E-02-0.1794E-02  0.000      0.000      0.000      0.000       0.000       0.000       0.000       0.000       0.000       0.000    
    54000.   12.31530806   12.4350   0.000       0.000      0.1047E-03   0.000     0.2103E-02-0.2208E-02  0.000      0.000      0.000      0.000       0.000       0.000       0.000       0.000       0.000       0.000    
    57600.   12.35022789   12.4382   0.000       0.000      0.7693E-04   0.000     0.3126E-02-0.3203E-02  0.000      0.000      0.000      0.000       0.000       0.000       0.000       0.000       0.000       0.000    
    61200.   12.45730095   12.4499   0.000       0.000     -0.6489E-05   0.000     0.6152E-02-0.6145E-02  0.000      0.000      0.000      0.000       0.000       0.000       0.000       0.000       0.000       0.000    
    64800.   12.45233733   12.4598   0.000       0.000      0.6541E-05   0.000     0.5095E-02-0.5102E-02  0.000      0.000      0.000      0.000       0.000       0.000       0.000       0.000       0.000       0.000    
    68400.   12.45133862   12.4689   0.000       0.000      0.1535E-04   0.000     0.4702E-02-0.4717E-02  0.000      0.000      0.000      0.000       0.000       0.000       0.000       0.000       0.000       0.000    
    72000.   12.42124260   12.4748   0.000       0.000      0.4684E-04   0.000     0.3532E-02-0.3578E-02  0.000      0.000      0.000      0.000       0.000       0.000       0.000       0.000       0.000       0.000    
    75600.   12.39152754   12.4779   0.000       0.000      0.7560E-04   0.000     0.2638E-02-0.2714E-02  0.000      0.000      0.000      0.000       0.000       0.000       0.000       0.000       0.000       0.000    
    79200.   12.46698217   12.4874   0.000       0.000      0.1784E-04   0.000     0.5100E-02-0.5118E-02  0.000      0.000      0.000      0.000       0.000       0.000       0.000       0.000       0.000       0.000    
    82800.   12.48073617   12.4970   0.000       0.000      0.1420E-04   0.000     0.4958E-02-0.4973E-02  0.000      0.000      0.000      0.000       0.000       0.000       0.000       0.000       0.000       0.000    
    86400.   12.49455540   12.5069   0.000       0.000      0.1083E-04   0.000     0.5009E-02-0.5020E-02  0.000      0.000      0.000      0.000       0.000       0.000       0.000       0.000       0.000       0.000    
    90000.   12.57440689   12.5228   0.000       0.000     -0.4515E-04   0.000     0.7129E-02-0.7084E-02  0.000      0.000      0.000      0.000       0.000       0.000       0.000       0.000       0.000       0.000    
    93600.   12.75994212   12.5527   0.000       0.000     -0.1813E-03   0.000     0.1203E-01-0.1185E-01  0.000      0.000      0.000      0.000       0.000       0.000       0.000       0.000       0.000       0.000    
    97200.   12.69439771   12.5740   0.000       0.000     -0.1053E-03   0.000     0.8203E-02-0.8098E-02  0.000      0.000      0.000      0.000       0.000       0.000       0.000       0.000       0.000       0.000    
   100800.   12.54981279   12.5819   0.000       0.000      0.2809E-04   0.000     0.3330E-02-0.3359E-02  0.000      0.000      0.000      0.000       0.000       0.000       0.000       0.000       0.000       0.000    
   104400.   12.48217928   12.5843   0.000       0.000      0.8936E-04   0.000     0.1869E-02-0.1959E-02  0.000      0.000      0.000      0.000       0.000       0.000       0.000       0.000       0.000       0.000    
   108000.   12.46117234   12.5853   0.000       0.000      0.1086E-03   0.000     0.1754E-02-0.1862E-02  0.000      0.000      0.000      0.000       0.000       0.000       0.000       0.000       0.000       0.000    
   111600.   12.42849570   12.5836   0.000       0.000      0.1358E-03   0.000     0.1011E-02-0.1147E-02  0.000      0.000      0.000      0.000       0.000       0.000       0.000       0.000       0.000       0.000    
   115200.   12.40183981   12.5801   0.000       0.000      0.1560E-03   0.000     0.4959E-03-0.6519E-03  0.000      0.000      0.000      0.000       0.000       0.000       0.000       0.000       0.000       0.000    
   118800.   12.38258132   12.5754   0.000       0.000      0.1687E-03   0.000     0.2085E-03-0.3772E-03  0.000      0.000      0.000      0.000       0.000       0.000       0.000       0.000       0.000       0.000    
   122400.   12.39123807   12.5719   0.000       0.000      0.1581E-03   0.000     0.7546E-03-0.9127E-03  0.000      0.000      0.000      0.000       0.000       0.000       0.000       0.000       0.000       0.000    
   126000.   12.37166857   12.5669   0.000       0.000      0.1709E-03   0.000     0.2344E-03-0.4053E-03  0.000      0.000      0.000      0.000       0.000       0.000       0.000       0.000       0.000       0.000    
   129600.   12.42164321   12.5666   0.000       0.000      0.1269E-03   0.000     0.2000E-02-0.2126E-02  0.000      0.000      0.000      0.000       0.000       0.000       0.000       0.000       0.000       0.000    
   133200.   12.39669226   12.5640   0.000       0.000      0.1464E-03   0.000     0.9921E-03-0.1138E-02  0.000      0.000      0.000      0.000       0.000       0.000       0.000       0.000       0.000       0.000    
   136800.   12.38768572   12.5609   0.000       0.000      0.1515E-03   0.000     0.8480E-03-0.9995E-03  0.000      0.000      0.000      0.000       0.000       0.000       0.000       0.000       0.000       0.000    
   140400.   12.36590706   12.5562   0.000       0.000      0.1665E-03   0.000     0.3119E-03-0.4784E-03  0.000      0.000      0.000      0.000       0.000       0.000       0.000       0.000       0.000       0.000    
   144000.   12.36163683   12.5516   0.000       0.000      0.1662E-03   0.000     0.4209E-03-0.5871E-03  0.000      0.000      0.000      0.000       0.000       0.000       0.000       0.000       0.000       0.000    
   147600.   12.35975894   12.5471   0.000       0.000      0.1640E-03   0.000     0.5246E-03-0.6885E-03  0.000      0.000      0.000      0.000       0.000       0.000       0.000       0.000       0.000       0.000    
   151200.   12.35873993   12.5429   0.000       0.000      0.1612E-03   0.000     0.6167E-03-0.7779E-03  0.000      0.000      0.000      0.000       0.000       0.000       0.000       0.000       0.000       0.000    
   154800.   12.35807350   12.5390   0.000       0.000      0.1583E-03   0.000     0.7004E-03-0.8587E-03  0.000      0.000      0.000      0.000       0.000       0.000       0.000       0.000       0.000       0.000    
   158400.   12.37090947   12.5364   0.000       0.000      0.1448E-03   0.000     0.1190E-02-0.1335E-02  0.000      0.000      0.000      0.000       0.000       0.000       0.000       0.000       0.000       0.000    
   162000.   12.42644648   12.5385   0.000       0.000      0.9807E-04   0.000     0.2888E-02-0.2986E-02  0.000      0.000      0.000      0.000       0.000       0.000       0.000       0.000       0.000       0.000    
   165600.   12.42376441   12.5400   0.000       0.000      0.1017E-03   0.000     0.2431E-02-0.2532E-02  0.000      0.000      0.000      0.000       0.000       0.000       0.000       0.000       0.000       0.000    
   169200.   12.37951864   12.5376   0.000       0.000      0.1383E-03   0.000     0.9579E-03-0.1096E-02  0.000      0.000      0.000      0.000       0.000       0.000       0.000       0.000       0.000       0.000    
   172800.   12.36607312   12.5345   0.000       0.000      0.1473E-03   0.000     0.8131E-03-0.9604E-03  0.000      0.000      0.000      0.000       0.000       0.000       0.000       0.000       0.000       0.000    
