TOTIM (T)      HCON          HMAT      QDIR      QWELL        QMAT       QCADS      QTUB1      QTUB2      QTUB3      QTUB4      QTUB5      QTUB6       NSTOR        QFIX        QLH     FHLQ (LQ)        CAUCHY   CAUCHY (LQ)
     3600.   12.32165585   12.3267   0.000       0.000      0.4409E-05   0.000     0.1846E-02-0.6848E-03-0.1165E-02  0.000      0.000      0.000       0.000       0.000       0.000       0.000       0.000       0.000    
     7200.   12.30838397   12.3256   0.000       0.000      0.1505E-04   0.000     0.1660E-02-0.6213E-03-0.1054E-02  0.000      0.000      0.000       0.000       0.000       0.000       0.000       0.000       0.000    
    10800.   12.30594481   12.3244   0.000       0.000      0.1616E-04   0.000     0.1686E-02-0.6341E-03-0.1068E-02  0.000      0.000      0.000       0.000       0.000       0.000       0.000       0.000       0.000    
    14400.   12.30482200   12.3232   0.000       0.000      0.1612E-04   0.000     0.1707E-02-0.6428E-03-0.1080E-02  0.000      0.000      0.000       0.000       0.000       0.000       0.000       0.000       0.000    
    18000.   12.30411341   12.3221   0.000       0.000      0.1575E-04   0.000     0.1719E-02-0.6475E-03-0.1087E-02  0.000      0.000      0.000       0.000       0.000       0.000       0.000       0.000       0.000    
    21600.   12.30358334   12.3210   0.000       0.000      0.1525E-04   0.000     0.1727E-02-0.6502E-03-0.1092E-02  0.000      0.000      0.000       0.000       0.000       0.000       0.000       0.000       0.000    
    25200.   12.30313390   12.3199   0.000       0.000      0.1471E-04   0.000     0.1733E-02-0.6520E-03-0.1095E-02  0.000      0.000      0.000       0.000       0.000       0.000       0.000       0.000       0.000    
    28800.   12.30272168   12.3189   0.000       0.000      0.1417E-04   0.000     0.1738E-02-0.6533E-03-0.1098E-02  0.000      0.000      0.000       0.000       0.000       0.000       0.000       0.000       0.000    
    32400.   12.30235124   12.3179   0.000       0.000      0.1363E-04   0.000     0.1741E-02-0.6540E-03-0.1101E-02  0.000      0.000      0.000       0.000       0.000       0.000       0.000       0.000       0.000    
    36000.   12.30197987   12.3170   0.000       0.000      0.1312E-04   0.000     0.1745E-02-0.6548E-03-0.1103E-02  0.000      0.000      0.000       0.000       0.000       0.000       0.000       0.000       0.000    
    39600.   12.30160764   12.3161   0.000       0.000      0.1265E-04   0.000     0.1748E-02-0.6555E-03-0.1105E-02  0.000      0.000      0.000       0.000       0.000       0.000       0.000       0.000       0.000    
    43200.   12.31455554   12.3163   0.000       0.000      0.1518E-05   0.000     0.1935E-02-0.7192E-03-0.1218E-02  0.000      0.000      0.000       0.000       0.000       0.000       0.000       0.000       0.000    
    46800.   12.31665094   12.3166   0.000       0.000     -0.2894E-07   0.000     0.1912E-02-0.7068E-03-0.1205E-02  0.000      0.000      0.000       0.000       0.000       0.000       0.000       0.000       0.000    
    50400.   12.30408743   12.3158   0.000       0.000      0.1029E-04   0.000     0.1710E-02-0.6356E-03-0.1085E-02  0.000      0.000      0.000       0.000       0.000       0.000       0.000       0.000       0.000    
    54000.   12.31530757   12.3161   0.000       0.000      0.7150E-06   0.000     0.1910E-02-0.7072E-03-0.1204E-02  0.000      0.000      0.000       0.000       0.000       0.000       0.000       0.000       0.000    
    57600.   12.35022718   12.3193   0.000       0.000     -0.2708E-04   0.000     0.2357E-02-0.8569E-03-0.1473E-02  0.000      0.000      0.000       0.000       0.000       0.000       0.000       0.000       0.000    
    61200.   12.45730766   12.3311   0.000       0.000     -0.1105E-03   0.000     0.3650E-02-0.1286E-02-0.2253E-02  0.000      0.000      0.000       0.000       0.000       0.000       0.000       0.000       0.000    
    64800.   12.45234174   12.3411   0.000       0.000     -0.9737E-04   0.000     0.3026E-02-0.1038E-02-0.1891E-02  0.000      0.000      0.000       0.000       0.000       0.000       0.000       0.000       0.000    
    68400.   12.45134233   12.3502   0.000       0.000     -0.8847E-04   0.000     0.2798E-02-0.9525E-03-0.1757E-02  0.000      0.000      0.000       0.000       0.000       0.000       0.000       0.000       0.000    
    72000.   12.42124513   12.3563   0.000       0.000     -0.5687E-04   0.000     0.2280E-02-0.7778E-03-0.1446E-02  0.000      0.000      0.000       0.000       0.000       0.000       0.000       0.000       0.000    
    75600.   12.39152953   12.3595   0.000       0.000     -0.2800E-04   0.000     0.1938E-02-0.6743E-03-0.1236E-02  0.000      0.000      0.000       0.000       0.000       0.000       0.000       0.000       0.000    
    79200.   12.46698702   12.3691   0.000       0.000     -0.8563E-04   0.000     0.3105E-02-0.1088E-02-0.1931E-02  0.000      0.000      0.000       0.000       0.000       0.000       0.000       0.000       0.000    
    82800.   12.48074053   12.3789   0.000       0.000     -0.8911E-04   0.000     0.2986E-02-0.1032E-02-0.1865E-02  0.000      0.000      0.000       0.000       0.000       0.000       0.000       0.000       0.000    
    86400.   12.49455964   12.3891   0.000       0.000     -0.9231E-04   0.000     0.2968E-02-0.1019E-02-0.1856E-02  0.000      0.000      0.000       0.000       0.000       0.000       0.000       0.000       0.000    
    90000.   12.57441402   12.4052   0.000       0.000     -0.1481E-03   0.000     0.3892E-02-0.1331E-02-0.2412E-02  0.000      0.000      0.000       0.000       0.000       0.000       0.000       0.000       0.000    
    93600.   12.75992121   12.4354   0.000       0.000     -0.2839E-03   0.000     0.5976E-02-0.2004E-02-0.3688E-02  0.000      0.000      0.000       0.000       0.000       0.000       0.000       0.000       0.000    
    97200.   12.69438771   12.4572   0.000       0.000     -0.2076E-03   0.000     0.4023E-02-0.1284E-02-0.2531E-02  0.000      0.000      0.000       0.000       0.000       0.000       0.000       0.000       0.000    
   100800.   12.54981103   12.4654   0.000       0.000     -0.7383E-04   0.000     0.1856E-02-0.5181E-03-0.1264E-02  0.000      0.000      0.000       0.000       0.000       0.000       0.000       0.000       0.000    
   104400.   12.48217898   12.4682   0.000       0.000     -0.1223E-04   0.000     0.1444E-02-0.4499E-03-0.9822E-03  0.000      0.000      0.000       0.000       0.000       0.000       0.000       0.000       0.000    
   108000.   12.46117222   12.4695   0.000       0.000      0.7297E-05   0.000     0.1610E-02-0.5449E-03-0.1072E-02  0.000      0.000      0.000       0.000       0.000       0.000       0.000       0.000       0.000    
   111600.   12.42849589   12.4682   0.000       0.000      0.3474E-04   0.000     0.1400E-02-0.5047E-03-0.9299E-03  0.000      0.000      0.000       0.000       0.000       0.000       0.000       0.000       0.000    
   115200.   12.40184017   12.4649   0.000       0.000      0.5522E-04   0.000     0.1259E-02-0.4801E-03-0.8336E-03  0.000      0.000      0.000       0.000       0.000       0.000       0.000       0.000       0.000    
   118800.   12.38258177   12.4605   0.000       0.000      0.6814E-04   0.000     0.1199E-02-0.4765E-03-0.7911E-03  0.000      0.000      0.000       0.000       0.000       0.000       0.000       0.000       0.000    
   122400.   12.39123853   12.4571   0.000       0.000      0.5764E-04   0.000     0.1490E-02-0.5750E-03-0.9725E-03  0.000      0.000      0.000       0.000       0.000       0.000       0.000       0.000       0.000    
   126000.   12.37166907   12.4523   0.000       0.000      0.7056E-04   0.000     0.1261E-02-0.5045E-03-0.8266E-03  0.000      0.000      0.000       0.000       0.000       0.000       0.000       0.000       0.000    
   129600.   12.42164362   12.4521   0.000       0.000      0.2666E-04   0.000     0.2061E-02-0.7503E-03-0.1337E-02  0.000      0.000      0.000       0.000       0.000       0.000       0.000       0.000       0.000    
   133200.   12.39669270   12.4496   0.000       0.000      0.4627E-04   0.000     0.1552E-02-0.5824E-03-0.1016E-02  0.000      0.000      0.000       0.000       0.000       0.000       0.000       0.000       0.000    
   136800.   12.38768614   12.4465   0.000       0.000      0.5147E-04   0.000     0.1484E-02-0.5631E-03-0.9724E-03  0.000      0.000      0.000       0.000       0.000       0.000       0.000       0.000       0.000    
   140400.   12.36590751   12.4419   0.000       0.000      0.6646E-04   0.000     0.1259E-02-0.4971E-03-0.8279E-03  0.000      0.000      0.000       0.000       0.000       0.000       0.000       0.000       0.000    
   144000.   12.36163730   12.4373   0.000       0.000      0.6616E-04   0.000     0.1335E-02-0.5268E-03-0.8742E-03  0.000      0.000      0.000       0.000       0.000       0.000       0.000       0.000       0.000    
   147600.   12.35975942   12.4328   0.000       0.000      0.6393E-04   0.000     0.1393E-02-0.5465E-03-0.9106E-03  0.000      0.000      0.000       0.000       0.000       0.000       0.000       0.000       0.000    
   151200.   12.35874041   12.4286   0.000       0.000      0.6112E-04   0.000     0.1433E-02-0.5580E-03-0.9362E-03  0.000      0.000      0.000       0.000       0.000       0.000       0.000       0.000       0.000    
   154800.   12.35807398   12.4246   0.000       0.000      0.5820E-04   0.000     0.1464E-02-0.5658E-03-0.9564E-03  0.000      0.000      0.000       0.000       0.000       0.000       0.000       0.000       0.000    
   158400.   12.37090991   12.4219   0.000       0.000      0.4462E-04   0.000     0.1674E-02-0.6274E-03-0.1091E-02  0.000      0.000      0.000       0.000       0.000       0.000       0.000       0.000       0.000    
   162000.   12.42644679   12.4240   0.000       0.000     -0.2154E-05   0.000     0.2403E-02-0.8388E-03-0.1562E-02  0.000      0.000      0.000       0.000       0.000       0.000       0.000       0.000       0.000    
   165600.   12.42376470   12.4254   0.000       0.000      0.1429E-05   0.000     0.2114E-02-0.7331E-03-0.1382E-02  0.000      0.000      0.000       0.000       0.000       0.000       0.000       0.000       0.000    
   169200.   12.37951898   12.4229   0.000       0.000      0.3799E-04   0.000     0.1422E-02-0.5188E-03-0.9413E-03  0.000      0.000      0.000       0.000       0.000       0.000       0.000       0.000       0.000    
   172800.   12.36607349   12.4197   0.000       0.000      0.4693E-04   0.000     0.1405E-02-0.5254E-03-0.9266E-03  0.000      0.000      0.000       0.000       0.000       0.000       0.000       0.000       0.000    
