TOTIM (T)      HCON          HMAT      QDIR      QWELL        QMAT       QCADS      QTUB1      QTUB2      QTUB3      QTUB4      QTUB5      QTUB6       NSTOR        QFIX        QLH     FHLQ (LQ)        CAUCHY   CAUCHY (LQ)
     3600.   12.32165620   12.4058   0.000       0.000      0.7365E-04   0.000     0.2163E-02-0.2237E-02  0.000      0.000      0.000      0.000       0.000       0.000       0.000       0.000       0.000       0.000    
     7200.   12.30838425   12.4047   0.000       0.000      0.8430E-04   0.000     0.1771E-02-0.1856E-02  0.000      0.000      0.000      0.000       0.000       0.000       0.000       0.000       0.000       0.000    
    10800.   12.30594510   12.4036   0.000       0.000      0.8542E-04   0.000     0.1795E-02-0.1881E-02  0.000      0.000      0.000      0.000       0.000       0.000       0.000       0.000       0.000       0.000    
    14400.   12.30482229   12.4024   0.000       0.000      0.8539E-04   0.000     0.1818E-02-0.1904E-02  0.000      0.000      0.000      0.000       0.000       0.000       0.000       0.000       0.000       0.000    
    18000.   12.30411370   12.4013   0.000       0.000      0.8503E-04   0.000     0.1837E-02-0.1922E-02  0.000      0.000      0.000      0.000       0.000       0.000       0.000       0.000       0.000       0.000    
    21600.   12.30358363   12.4002   0.000       0.000      0.8454E-04   0.000     0.1853E-02-0.1938E-02  0.000      0.000      0.000      0.000       0.000       0.000       0.000       0.000       0.000       0.000    
    25200.   12.30313420   12.3992   0.000       0.000      0.8402E-04   0.000     0.1868E-02-0.1952E-02  0.000      0.000      0.000      0.000       0.000       0.000       0.000       0.000       0.000       0.000    
    28800.   12.30272198   12.3982   0.000       0.000      0.8350E-04   0.000     0.1881E-02-0.1964E-02  0.000      0.000      0.000      0.000       0.000       0.000       0.000       0.000       0.000       0.000    
    32400.   12.30235154   12.3972   0.000       0.000      0.8299E-04   0.000     0.1892E-02-0.1975E-02  0.000      0.000      0.000      0.000       0.000       0.000       0.000       0.000       0.000       0.000    
    36000.   12.30198017   12.3963   0.000       0.000      0.8250E-04   0.000     0.1904E-02-0.1986E-02  0.000      0.000      0.000      0.000       0.000       0.000       0.000       0.000       0.000       0.000    
    39600.   12.30160795   12.3954   0.000       0.000      0.8205E-04   0.000     0.1914E-02-0.1996E-02  0.000      0.000      0.000      0.000       0.000       0.000       0.000       0.000       0.000       0.000    
    43200.   12.31455592   12.3956   0.000       0.000      0.7094E-04   0.000     0.2315E-02-0.2386E-02  0.000      0.000      0.000      0.000       0.000       0.000       0.000       0.000       0.000       0.000    
    46800.   12.31665131   12.3960   0.000       0.000      0.6941E-04   0.000     0.2299E-02-0.2369E-02  0.000      0.000      0.000      0.000       0.000       0.000       0.000       0.000       0.000       0.000    
    50400.   12.30408774   12.3952   0.000       0.000      0.7975E-04   0.000     0.1894E-02-0.1973E-02  0.000      0.000      0.000      0.000       0.000       0.000       0.000       0.000       0.000       0.000    
    54000.   12.31530795   12.3955   0.000       0.000      0.7019E-04   0.000     0.2298E-02-0.2368E-02  0.000      0.000      0.000      0.000       0.000       0.000       0.000       0.000       0.000       0.000    
    57600.   12.35022773   12.3987   0.000       0.000      0.4239E-04   0.000     0.3265E-02-0.3307E-02  0.000      0.000      0.000      0.000       0.000       0.000       0.000       0.000       0.000       0.000    
    61200.   12.45730064   12.4104   0.000       0.000     -0.4103E-04   0.000     0.6124E-02-0.6083E-02  0.000      0.000      0.000      0.000       0.000       0.000       0.000       0.000       0.000       0.000    
    64800.   12.45233708   12.4203   0.000       0.000     -0.2800E-04   0.000     0.5093E-02-0.5065E-02  0.000      0.000      0.000      0.000       0.000       0.000       0.000       0.000       0.000       0.000    
    68400.   12.45133839   12.4294   0.000       0.000     -0.1919E-04   0.000     0.4718E-02-0.4699E-02  0.000      0.000      0.000      0.000       0.000       0.000       0.000       0.000       0.000       0.000    
    72000.   12.42124242   12.4353   0.000       0.000      0.1230E-04   0.000     0.3610E-02-0.3623E-02  0.000      0.000      0.000      0.000       0.000       0.000       0.000       0.000       0.000       0.000    
    75600.   12.39152740   12.4384   0.000       0.000      0.4106E-04   0.000     0.2775E-02-0.2816E-02  0.000      0.000      0.000      0.000       0.000       0.000       0.000       0.000       0.000       0.000    
    79200.   12.46698192   12.4479   0.000       0.000     -0.1671E-04   0.000     0.5121E-02-0.5104E-02  0.000      0.000      0.000      0.000       0.000       0.000       0.000       0.000       0.000       0.000    
    82800.   12.48073593   12.4575   0.000       0.000     -0.2034E-04   0.000     0.4972E-02-0.4952E-02  0.000      0.000      0.000      0.000       0.000       0.000       0.000       0.000       0.000       0.000    
    86400.   12.49455515   12.4675   0.000       0.000     -0.2371E-04   0.000     0.5016E-02-0.4992E-02  0.000      0.000      0.000      0.000       0.000       0.000       0.000       0.000       0.000       0.000    
    90000.   12.57440654   12.4833   0.000       0.000     -0.7969E-04   0.000     0.7024E-02-0.6944E-02  0.000      0.000      0.000      0.000       0.000       0.000       0.000       0.000       0.000       0.000    
    93600.   12.75993558   12.5133   0.000       0.000     -0.2158E-03   0.000     0.1165E-01-0.1143E-01  0.000      0.000      0.000      0.000       0.000       0.000       0.000       0.000       0.000       0.000    
    97200.   12.69439461   12.5346   0.000       0.000     -0.1398E-03   0.000     0.7978E-02-0.7838E-02  0.000      0.000      0.000      0.000       0.000       0.000       0.000       0.000       0.000       0.000    
   100800.   12.54981223   12.5425   0.000       0.000     -0.6432E-05   0.000     0.3372E-02-0.3365E-02  0.000      0.000      0.000      0.000       0.000       0.000       0.000       0.000       0.000       0.000    
   104400.   12.48217918   12.5449   0.000       0.000      0.5485E-04   0.000     0.2033E-02-0.2088E-02  0.000      0.000      0.000      0.000       0.000       0.000       0.000       0.000       0.000       0.000    
   108000.   12.46117224   12.5458   0.000       0.000      0.7408E-04   0.000     0.1956E-02-0.2030E-02  0.000      0.000      0.000      0.000       0.000       0.000       0.000       0.000       0.000       0.000    
   111600.   12.42849564   12.5442   0.000       0.000      0.1013E-03   0.000     0.1268E-02-0.1369E-02  0.000      0.000      0.000      0.000       0.000       0.000       0.000       0.000       0.000       0.000    
   115200.   12.40183978   12.5407   0.000       0.000      0.1215E-03   0.000     0.7930E-03-0.9145E-03  0.000      0.000      0.000      0.000       0.000       0.000       0.000       0.000       0.000       0.000    
   118800.   12.38258130   12.5360   0.000       0.000      0.1343E-03   0.000     0.5310E-03-0.6653E-03  0.000      0.000      0.000      0.000       0.000       0.000       0.000       0.000       0.000       0.000    
   122400.   12.39123802   12.5325   0.000       0.000      0.1236E-03   0.000     0.1056E-02-0.1179E-02  0.000      0.000      0.000      0.000       0.000       0.000       0.000       0.000       0.000       0.000    
   126000.   12.37166855   12.5276   0.000       0.000      0.1364E-03   0.000     0.5613E-03-0.6977E-03  0.000      0.000      0.000      0.000       0.000       0.000       0.000       0.000       0.000       0.000    
   129600.   12.42164310   12.5273   0.000       0.000      0.9244E-04   0.000     0.2238E-02-0.2331E-02  0.000      0.000      0.000      0.000       0.000       0.000       0.000       0.000       0.000       0.000    
   133200.   12.39669220   12.5247   0.000       0.000      0.1120E-03   0.000     0.1270E-02-0.1382E-02  0.000      0.000      0.000      0.000       0.000       0.000       0.000       0.000       0.000       0.000    
   136800.   12.38768566   12.5216   0.000       0.000      0.1171E-03   0.000     0.1136E-02-0.1253E-02  0.000      0.000      0.000      0.000       0.000       0.000       0.000       0.000       0.000       0.000    
   140400.   12.36590703   12.5169   0.000       0.000      0.1321E-03   0.000     0.6300E-03-0.7621E-03  0.000      0.000      0.000      0.000       0.000       0.000       0.000       0.000       0.000       0.000    
   144000.   12.36163680   12.5123   0.000       0.000      0.1318E-03   0.000     0.7384E-03-0.8702E-03  0.000      0.000      0.000      0.000       0.000       0.000       0.000       0.000       0.000       0.000    
   147600.   12.35975890   12.5079   0.000       0.000      0.1296E-03   0.000     0.8376E-03-0.9672E-03  0.000      0.000      0.000      0.000       0.000       0.000       0.000       0.000       0.000       0.000    
   151200.   12.35873989   12.5037   0.000       0.000      0.1268E-03   0.000     0.9242E-03-0.1051E-02  0.000      0.000      0.000      0.000       0.000       0.000       0.000       0.000       0.000       0.000    
   154800.   12.35807346   12.4998   0.000       0.000      0.1240E-03   0.000     0.1002E-02-0.1126E-02  0.000      0.000      0.000      0.000       0.000       0.000       0.000       0.000       0.000       0.000    
   158400.   12.37090940   12.4972   0.000       0.000      0.1105E-03   0.000     0.1465E-02-0.1575E-02  0.000      0.000      0.000      0.000       0.000       0.000       0.000       0.000       0.000       0.000    
   162000.   12.42644633   12.4993   0.000       0.000      0.6376E-04   0.000     0.3069E-02-0.3133E-02  0.000      0.000      0.000      0.000       0.000       0.000       0.000       0.000       0.000       0.000    
   165600.   12.42376428   12.5008   0.000       0.000      0.6740E-04   0.000     0.2619E-02-0.2687E-02  0.000      0.000      0.000      0.000       0.000       0.000       0.000       0.000       0.000       0.000    
   169200.   12.37951859   12.4984   0.000       0.000      0.1040E-03   0.000     0.1220E-02-0.1324E-02  0.000      0.000      0.000      0.000       0.000       0.000       0.000       0.000       0.000       0.000    
   172800.   12.36607307   12.4953   0.000       0.000      0.1131E-03   0.000     0.1093E-02-0.1206E-02  0.000      0.000      0.000      0.000       0.000       0.000       0.000       0.000       0.000       0.000    
