TOTIM (T)      HCON          HMAT      QDIR      QWELL        QMAT       QCADS      QTUB1      QTUB2      QTUB3      QTUB4      QTUB5      QTUB6       NSTOR        QFIX        QLH     FHLQ (LQ)        CAUCHY   CAUCHY (LQ)
     3600.   12.32165655   12.4025   0.000       0.000      0.7077E-04   0.000     0.1757E-02-0.1827E-02  0.000      0.000      0.000      0.000       0.000       0.000       0.000       0.000       0.000       0.000    
     7200.   12.30838457   12.4014   0.000       0.000      0.8142E-04   0.000     0.1340E-02-0.1421E-02  0.000      0.000      0.000      0.000       0.000       0.000       0.000       0.000       0.000       0.000    
    10800.   12.30594542   12.4003   0.000       0.000      0.8253E-04   0.000     0.1346E-02-0.1429E-02  0.000      0.000      0.000      0.000       0.000       0.000       0.000       0.000       0.000       0.000    
    14400.   12.30482261   12.3991   0.000       0.000      0.8250E-04   0.000     0.1368E-02-0.1451E-02  0.000      0.000      0.000      0.000       0.000       0.000       0.000       0.000       0.000       0.000    
    18000.   12.30411403   12.3980   0.000       0.000      0.8214E-04   0.000     0.1389E-02-0.1471E-02  0.000      0.000      0.000      0.000       0.000       0.000       0.000       0.000       0.000       0.000    
    21600.   12.30358396   12.3969   0.000       0.000      0.8166E-04   0.000     0.1407E-02-0.1489E-02  0.000      0.000      0.000      0.000       0.000       0.000       0.000       0.000       0.000       0.000    
    25200.   12.30313453   12.3959   0.000       0.000      0.8114E-04   0.000     0.1424E-02-0.1505E-02  0.000      0.000      0.000      0.000       0.000       0.000       0.000       0.000       0.000       0.000    
    28800.   12.30272231   12.3949   0.000       0.000      0.8062E-04   0.000     0.1440E-02-0.1521E-02  0.000      0.000      0.000      0.000       0.000       0.000       0.000       0.000       0.000       0.000    
    32400.   12.30235187   12.3939   0.000       0.000      0.8010E-04   0.000     0.1455E-02-0.1535E-02  0.000      0.000      0.000      0.000       0.000       0.000       0.000       0.000       0.000       0.000    
    36000.   12.30198050   12.3930   0.000       0.000      0.7962E-04   0.000     0.1468E-02-0.1548E-02  0.000      0.000      0.000      0.000       0.000       0.000       0.000       0.000       0.000       0.000    
    39600.   12.30160828   12.3921   0.000       0.000      0.7916E-04   0.000     0.1481E-02-0.1560E-02  0.000      0.000      0.000      0.000       0.000       0.000       0.000       0.000       0.000       0.000    
    43200.   12.31455629   12.3923   0.000       0.000      0.6805E-04   0.000     0.1909E-02-0.1977E-02  0.000      0.000      0.000      0.000       0.000       0.000       0.000       0.000       0.000       0.000    
    46800.   12.31665169   12.3927   0.000       0.000      0.6652E-04   0.000     0.1914E-02-0.1981E-02  0.000      0.000      0.000      0.000       0.000       0.000       0.000       0.000       0.000       0.000    
    50400.   12.30408807   12.3919   0.000       0.000      0.7686E-04   0.000     0.1486E-02-0.1563E-02  0.000      0.000      0.000      0.000       0.000       0.000       0.000       0.000       0.000       0.000    
    54000.   12.31530831   12.3922   0.000       0.000      0.6730E-04   0.000     0.1898E-02-0.1966E-02  0.000      0.000      0.000      0.000       0.000       0.000       0.000       0.000       0.000       0.000    
    57600.   12.35022819   12.3954   0.000       0.000      0.3951E-04   0.000     0.2945E-02-0.2984E-02  0.000      0.000      0.000      0.000       0.000       0.000       0.000       0.000       0.000       0.000    
    61200.   12.45730944   12.4071   0.000       0.000     -0.4392E-04   0.000     0.6038E-02-0.5994E-02  0.000      0.000      0.000      0.000       0.000       0.000       0.000       0.000       0.000       0.000    
    64800.   12.45234326   12.4170   0.000       0.000     -0.3089E-04   0.000     0.5093E-02-0.5062E-02  0.000      0.000      0.000      0.000       0.000       0.000       0.000       0.000       0.000       0.000    
    68400.   12.45134374   12.4261   0.000       0.000     -0.2208E-04   0.000     0.4671E-02-0.4649E-02  0.000      0.000      0.000      0.000       0.000       0.000       0.000       0.000       0.000       0.000    
    72000.   12.42124624   12.4320   0.000       0.000      0.9414E-05   0.000     0.3472E-02-0.3481E-02  0.000      0.000      0.000      0.000       0.000       0.000       0.000       0.000       0.000       0.000    
    75600.   12.39153040   12.4352   0.000       0.000      0.3817E-04   0.000     0.2519E-02-0.2558E-02  0.000      0.000      0.000      0.000       0.000       0.000       0.000       0.000       0.000       0.000    
    79200.   12.46698852   12.4446   0.000       0.000     -0.1959E-04   0.000     0.4957E-02-0.4937E-02  0.000      0.000      0.000      0.000       0.000       0.000       0.000       0.000       0.000       0.000    
    82800.   12.48074201   12.4542   0.000       0.000     -0.2323E-04   0.000     0.4895E-02-0.4872E-02  0.000      0.000      0.000      0.000       0.000       0.000       0.000       0.000       0.000       0.000    
    86400.   12.49456112   12.4642   0.000       0.000     -0.2659E-04   0.000     0.4945E-02-0.4918E-02  0.000      0.000      0.000      0.000       0.000       0.000       0.000       0.000       0.000       0.000    
    90000.   12.57441605   12.4800   0.000       0.000     -0.8257E-04   0.000     0.7082E-02-0.6999E-02  0.000      0.000      0.000      0.000       0.000       0.000       0.000       0.000       0.000       0.000    
    93600.   12.75995449   12.5100   0.000       0.000     -0.2187E-03   0.000     0.1210E-01-0.1188E-01  0.000      0.000      0.000      0.000       0.000       0.000       0.000       0.000       0.000       0.000    
    97200.   12.69440445   12.5313   0.000       0.000     -0.1427E-03   0.000     0.8431E-02-0.8288E-02  0.000      0.000      0.000      0.000       0.000       0.000       0.000       0.000       0.000       0.000    
   100800.   12.54981437   12.5392   0.000       0.000     -0.9298E-05   0.000     0.3386E-02-0.3377E-02  0.000      0.000      0.000      0.000       0.000       0.000       0.000       0.000       0.000       0.000    
   104400.   12.48217986   12.5416   0.000       0.000      0.5199E-04   0.000     0.1704E-02-0.1756E-02  0.000      0.000      0.000      0.000       0.000       0.000       0.000       0.000       0.000       0.000    
   108000.   12.46117306   12.5426   0.000       0.000      0.7123E-04   0.000     0.1490E-02-0.1561E-02  0.000      0.000      0.000      0.000       0.000       0.000       0.000       0.000       0.000       0.000    
   111600.   12.42849643   12.5410   0.000       0.000      0.9842E-04   0.000     0.7072E-03-0.8056E-03  0.000      0.000      0.000      0.000       0.000       0.000       0.000       0.000       0.000       0.000    
   115200.   12.40184054   12.5375   0.000       0.000      0.1187E-03   0.000     0.1420E-03-0.2606E-03  0.000      0.000      0.000      0.000       0.000       0.000       0.000       0.000       0.000       0.000    
   118800.   12.38258204   12.5328   0.000       0.000      0.1314E-03   0.000    -0.1816E-03 0.5022E-04  0.000      0.000      0.000      0.000       0.000       0.000       0.000       0.000       0.000       0.000    
   122400.   12.39123899   12.5293   0.000       0.000      0.1208E-03   0.000     0.3480E-03-0.4688E-03  0.000      0.000      0.000      0.000       0.000       0.000       0.000       0.000       0.000       0.000    
   126000.   12.37166936   12.5243   0.000       0.000      0.1336E-03   0.000    -0.1625E-03 0.2890E-04  0.000      0.000      0.000      0.000       0.000       0.000       0.000       0.000       0.000       0.000    
   129600.   12.42164455   12.5240   0.000       0.000      0.8959E-04   0.000     0.1598E-02-0.1688E-02  0.000      0.000      0.000      0.000       0.000       0.000       0.000       0.000       0.000       0.000    
   133200.   12.39669325   12.5214   0.000       0.000      0.1091E-03   0.000     0.6465E-03-0.7557E-03  0.000      0.000      0.000      0.000       0.000       0.000       0.000       0.000       0.000       0.000    
   136800.   12.38768663   12.5183   0.000       0.000      0.1143E-03   0.000     0.4709E-03-0.5852E-03  0.000      0.000      0.000      0.000       0.000       0.000       0.000       0.000       0.000       0.000    
   140400.   12.36590782   12.5136   0.000       0.000      0.1293E-03   0.000    -0.7688E-04-0.5237E-04  0.000      0.000      0.000      0.000       0.000       0.000       0.000       0.000       0.000       0.000    
   144000.   12.36163764   12.5090   0.000       0.000      0.1290E-03   0.000     0.1232E-04-0.1413E-03  0.000      0.000      0.000      0.000       0.000       0.000       0.000       0.000       0.000       0.000    
   147600.   12.35975980   12.5046   0.000       0.000      0.1268E-03   0.000     0.1197E-03-0.2465E-03  0.000      0.000      0.000      0.000       0.000       0.000       0.000       0.000       0.000       0.000    
   151200.   12.35874082   12.5005   0.000       0.000      0.1240E-03   0.000     0.2187E-03-0.3427E-03  0.000      0.000      0.000      0.000       0.000       0.000       0.000       0.000       0.000       0.000    
   154800.   12.35807442   12.4965   0.000       0.000      0.1211E-03   0.000     0.3104E-03-0.4315E-03  0.000      0.000      0.000      0.000       0.000       0.000       0.000       0.000       0.000       0.000    
   158400.   12.37091054   12.4939   0.000       0.000      0.1076E-03   0.000     0.8118E-03-0.9195E-03  0.000      0.000      0.000      0.000       0.000       0.000       0.000       0.000       0.000       0.000    
   162000.   12.42644811   12.4961   0.000       0.000      0.6093E-04   0.000     0.2549E-02-0.2610E-02  0.000      0.000      0.000      0.000       0.000       0.000       0.000       0.000       0.000       0.000    
   165600.   12.42376581   12.4976   0.000       0.000      0.6458E-04   0.000     0.2159E-02-0.2224E-02  0.000      0.000      0.000      0.000       0.000       0.000       0.000       0.000       0.000       0.000    
   169200.   12.37951952   12.4952   0.000       0.000      0.1012E-03   0.000     0.6690E-03-0.7702E-03  0.000      0.000      0.000      0.000       0.000       0.000       0.000       0.000       0.000       0.000    
   172800.   12.36607396   12.4921   0.000       0.000      0.1102E-03   0.000     0.4709E-03-0.5811E-03  0.000      0.000      0.000      0.000       0.000       0.000       0.000       0.000       0.000       0.000    
