TOTIM (T)      HCON          HMAT      QDIR      QWELL        QMAT       QCADS      QTUB1      QTUB2      QTUB3      QTUB4      QTUB5      QTUB6       NSTOR        QFIX        QLH     FHLQ (LQ)        CAUCHY   CAUCHY (LQ)
     3600.   12.32165591   12.3692   0.000       0.000      0.4162E-04   0.000     0.2485E-02-0.2526E-02  0.000      0.000      0.000      0.000       0.000       0.000       0.000       0.000       0.000       0.000    
     7200.   12.30838401   12.3681   0.000       0.000      0.5227E-04   0.000     0.2146E-02-0.2198E-02  0.000      0.000      0.000      0.000       0.000       0.000       0.000       0.000       0.000       0.000    
    10800.   12.30594485   12.3670   0.000       0.000      0.5338E-04   0.000     0.2176E-02-0.2229E-02  0.000      0.000      0.000      0.000       0.000       0.000       0.000       0.000       0.000       0.000    
    14400.   12.30482204   12.3658   0.000       0.000      0.5335E-04   0.000     0.2199E-02-0.2252E-02  0.000      0.000      0.000      0.000       0.000       0.000       0.000       0.000       0.000       0.000    
    18000.   12.30411344   12.3647   0.000       0.000      0.5299E-04   0.000     0.2216E-02-0.2268E-02  0.000      0.000      0.000      0.000       0.000       0.000       0.000       0.000       0.000       0.000    
    21600.   12.30358337   12.3636   0.000       0.000      0.5251E-04   0.000     0.2229E-02-0.2282E-02  0.000      0.000      0.000      0.000       0.000       0.000       0.000       0.000       0.000       0.000    
    25200.   12.30313394   12.3625   0.000       0.000      0.5199E-04   0.000     0.2241E-02-0.2293E-02  0.000      0.000      0.000      0.000       0.000       0.000       0.000       0.000       0.000       0.000    
    28800.   12.30272172   12.3615   0.000       0.000      0.5147E-04   0.000     0.2252E-02-0.2303E-02  0.000      0.000      0.000      0.000       0.000       0.000       0.000       0.000       0.000       0.000    
    32400.   12.30235128   12.3606   0.000       0.000      0.5095E-04   0.000     0.2261E-02-0.2312E-02  0.000      0.000      0.000      0.000       0.000       0.000       0.000       0.000       0.000       0.000    
    36000.   12.30197991   12.3597   0.000       0.000      0.5047E-04   0.000     0.2269E-02-0.2320E-02  0.000      0.000      0.000      0.000       0.000       0.000       0.000       0.000       0.000       0.000    
    39600.   12.30160768   12.3588   0.000       0.000      0.5001E-04   0.000     0.2277E-02-0.2327E-02  0.000      0.000      0.000      0.000       0.000       0.000       0.000       0.000       0.000       0.000    
    43200.   12.31455561   12.3590   0.000       0.000      0.3890E-04   0.000     0.2623E-02-0.2662E-02  0.000      0.000      0.000      0.000       0.000       0.000       0.000       0.000       0.000       0.000    
    46800.   12.31665101   12.3594   0.000       0.000      0.3737E-04   0.000     0.2600E-02-0.2637E-02  0.000      0.000      0.000      0.000       0.000       0.000       0.000       0.000       0.000       0.000    
    50400.   12.30408748   12.3586   0.000       0.000      0.4771E-04   0.000     0.2246E-02-0.2293E-02  0.000      0.000      0.000      0.000       0.000       0.000       0.000       0.000       0.000       0.000    
    54000.   12.31530764   12.3589   0.000       0.000      0.3815E-04   0.000     0.2602E-02-0.2640E-02  0.000      0.000      0.000      0.000       0.000       0.000       0.000       0.000       0.000       0.000    
    57600.   12.35022731   12.3621   0.000       0.000      0.1035E-04   0.000     0.3430E-02-0.3441E-02  0.000      0.000      0.000      0.000       0.000       0.000       0.000       0.000       0.000       0.000    
    61200.   12.45729990   12.3738   0.000       0.000     -0.7307E-04   0.000     0.5872E-02-0.5799E-02  0.000      0.000      0.000      0.000       0.000       0.000       0.000       0.000       0.000       0.000    
    64800.   12.45233647   12.3837   0.000       0.000     -0.6004E-04   0.000     0.4907E-02-0.4847E-02  0.000      0.000      0.000      0.000       0.000       0.000       0.000       0.000       0.000       0.000    
    68400.   12.45133782   12.3928   0.000       0.000     -0.5124E-04   0.000     0.4575E-02-0.4524E-02  0.000      0.000      0.000      0.000       0.000       0.000       0.000       0.000       0.000       0.000    
    72000.   12.42124197   12.3987   0.000       0.000     -0.1974E-04   0.000     0.3625E-02-0.3605E-02  0.000      0.000      0.000      0.000       0.000       0.000       0.000       0.000       0.000       0.000    
    75600.   12.39152705   12.4018   0.000       0.000      0.9014E-05   0.000     0.2933E-02-0.2942E-02  0.000      0.000      0.000      0.000       0.000       0.000       0.000       0.000       0.000       0.000    
    79200.   12.46698130   12.4113   0.000       0.000     -0.4875E-04   0.000     0.4991E-02-0.4942E-02  0.000      0.000      0.000      0.000       0.000       0.000       0.000       0.000       0.000       0.000    
    82800.   12.48073532   12.4209   0.000       0.000     -0.5238E-04   0.000     0.4823E-02-0.4771E-02  0.000      0.000      0.000      0.000       0.000       0.000       0.000       0.000       0.000       0.000    
    86400.   12.49455454   12.4308   0.000       0.000     -0.5575E-04   0.000     0.4850E-02-0.4795E-02  0.000      0.000      0.000      0.000       0.000       0.000       0.000       0.000       0.000       0.000    
    90000.   12.57440571   12.4467   0.000       0.000     -0.1117E-03   0.000     0.6579E-02-0.6467E-02  0.000      0.000      0.000      0.000       0.000       0.000       0.000       0.000       0.000       0.000    
    93600.   12.75992129   12.4766   0.000       0.000     -0.2479E-03   0.000     0.1052E-01-0.1028E-01  0.000      0.000      0.000      0.000       0.000       0.000       0.000       0.000       0.000       0.000    
    97200.   12.69438782   12.4980   0.000       0.000     -0.1719E-03   0.000     0.7232E-02-0.7060E-02  0.000      0.000      0.000      0.000       0.000       0.000       0.000       0.000       0.000       0.000    
   100800.   12.54981085   12.5059   0.000       0.000     -0.3845E-04   0.000     0.3293E-02-0.3255E-02  0.000      0.000      0.000      0.000       0.000       0.000       0.000       0.000       0.000       0.000    
   104400.   12.48217870   12.5083   0.000       0.000      0.2284E-04   0.000     0.2261E-02-0.2284E-02  0.000      0.000      0.000      0.000       0.000       0.000       0.000       0.000       0.000       0.000    
   108000.   12.46117176   12.5093   0.000       0.000      0.4208E-04   0.000     0.2280E-02-0.2322E-02  0.000      0.000      0.000      0.000       0.000       0.000       0.000       0.000       0.000       0.000    
   111600.   12.42849536   12.5077   0.000       0.000      0.6928E-04   0.000     0.1728E-02-0.1797E-02  0.000      0.000      0.000      0.000       0.000       0.000       0.000       0.000       0.000       0.000    
   115200.   12.40183962   12.5042   0.000       0.000      0.8955E-04   0.000     0.1354E-02-0.1444E-02  0.000      0.000      0.000      0.000       0.000       0.000       0.000       0.000       0.000       0.000    
   118800.   12.38258119   12.4995   0.000       0.000      0.1023E-03   0.000     0.1156E-02-0.1258E-02  0.000      0.000      0.000      0.000       0.000       0.000       0.000       0.000       0.000       0.000    
   122400.   12.39123785   12.4960   0.000       0.000      0.9167E-04   0.000     0.1627E-02-0.1719E-02  0.000      0.000      0.000      0.000       0.000       0.000       0.000       0.000       0.000       0.000    
   126000.   12.37166843   12.4911   0.000       0.000      0.1045E-03   0.000     0.1197E-02-0.1301E-02  0.000      0.000      0.000      0.000       0.000       0.000       0.000       0.000       0.000       0.000    
   129600.   12.42164279   12.4908   0.000       0.000      0.6051E-04   0.000     0.2654E-02-0.2715E-02  0.000      0.000      0.000      0.000       0.000       0.000       0.000       0.000       0.000       0.000    
   133200.   12.39669201   12.4882   0.000       0.000      0.8007E-04   0.000     0.1783E-02-0.1864E-02  0.000      0.000      0.000      0.000       0.000       0.000       0.000       0.000       0.000       0.000    
   136800.   12.38768548   12.4851   0.000       0.000      0.8524E-04   0.000     0.1675E-02-0.1761E-02  0.000      0.000      0.000      0.000       0.000       0.000       0.000       0.000       0.000       0.000    
   140400.   12.36590691   12.4804   0.000       0.000      0.1002E-03   0.000     0.1244E-02-0.1344E-02  0.000      0.000      0.000      0.000       0.000       0.000       0.000       0.000       0.000       0.000    
   144000.   12.36163666   12.4758   0.000       0.000      0.9994E-04   0.000     0.1351E-02-0.1451E-02  0.000      0.000      0.000      0.000       0.000       0.000       0.000       0.000       0.000       0.000    
   147600.   12.35975875   12.4715   0.000       0.000      0.9774E-04   0.000     0.1439E-02-0.1537E-02  0.000      0.000      0.000      0.000       0.000       0.000       0.000       0.000       0.000       0.000    
   151200.   12.35873973   12.4673   0.000       0.000      0.9499E-04   0.000     0.1512E-02-0.1607E-02  0.000      0.000      0.000      0.000       0.000       0.000       0.000       0.000       0.000       0.000    
   154800.   12.35807329   12.4634   0.000       0.000      0.9213E-04   0.000     0.1576E-02-0.1668E-02  0.000      0.000      0.000      0.000       0.000       0.000       0.000       0.000       0.000       0.000    
   158400.   12.37090918   12.4608   0.000       0.000      0.7864E-04   0.000     0.1971E-02-0.2049E-02  0.000      0.000      0.000      0.000       0.000       0.000       0.000       0.000       0.000       0.000    
   162000.   12.42644593   12.4629   0.000       0.000      0.3194E-04   0.000     0.3342E-02-0.3374E-02  0.000      0.000      0.000      0.000       0.000       0.000       0.000       0.000       0.000       0.000    
   165600.   12.42376393   12.4644   0.000       0.000      0.3559E-04   0.000     0.2910E-02-0.2946E-02  0.000      0.000      0.000      0.000       0.000       0.000       0.000       0.000       0.000       0.000    
   169200.   12.37951840   12.4621   0.000       0.000      0.7223E-04   0.000     0.1694E-02-0.1766E-02  0.000      0.000      0.000      0.000       0.000       0.000       0.000       0.000       0.000       0.000    
   172800.   12.36607289   12.4589   0.000       0.000      0.8126E-04   0.000     0.1612E-02-0.1693E-02  0.000      0.000      0.000      0.000       0.000       0.000       0.000       0.000       0.000       0.000    
