TOTIM (T)      HCON          HMAT      QDIR      QWELL        QMAT       QCADS      QTUB1      QTUB2      QTUB3      QTUB4      QTUB5      QTUB6       NSTOR        QFIX        QLH     FHLQ (LQ)        CAUCHY   CAUCHY (LQ)
     3600.   12.32165587   12.3415   0.000       0.000      0.1735E-04   0.000     0.2651E-02-0.1087E-02-0.1582E-02  0.000      0.000      0.000       0.000       0.000       0.000       0.000       0.000       0.000    
     7200.   12.30838399   12.3404   0.000       0.000      0.2800E-04   0.000     0.2362E-02-0.9686E-03-0.1421E-02  0.000      0.000      0.000       0.000       0.000       0.000       0.000       0.000       0.000    
    10800.   12.30594483   12.3392   0.000       0.000      0.2910E-04   0.000     0.2382E-02-0.9780E-03-0.1433E-02  0.000      0.000      0.000       0.000       0.000       0.000       0.000       0.000       0.000    
    14400.   12.30482202   12.3380   0.000       0.000      0.2907E-04   0.000     0.2404E-02-0.9876E-03-0.1445E-02  0.000      0.000      0.000       0.000       0.000       0.000       0.000       0.000       0.000    
    18000.   12.30411343   12.3369   0.000       0.000      0.2869E-04   0.000     0.2420E-02-0.9943E-03-0.1454E-02  0.000      0.000      0.000       0.000       0.000       0.000       0.000       0.000       0.000    
    21600.   12.30358336   12.3358   0.000       0.000      0.2819E-04   0.000     0.2432E-02-0.9994E-03-0.1461E-02  0.000      0.000      0.000       0.000       0.000       0.000       0.000       0.000       0.000    
    25200.   12.30313392   12.3347   0.000       0.000      0.2765E-04   0.000     0.2443E-02-0.1004E-02-0.1467E-02  0.000      0.000      0.000       0.000       0.000       0.000       0.000       0.000       0.000    
    28800.   12.30272170   12.3337   0.000       0.000      0.2711E-04   0.000     0.2453E-02-0.1007E-02-0.1472E-02  0.000      0.000      0.000       0.000       0.000       0.000       0.000       0.000       0.000    
    32400.   12.30235126   12.3327   0.000       0.000      0.2657E-04   0.000     0.2461E-02-0.1011E-02-0.1477E-02  0.000      0.000      0.000       0.000       0.000       0.000       0.000       0.000       0.000    
    36000.   12.30197989   12.3318   0.000       0.000      0.2606E-04   0.000     0.2469E-02-0.1014E-02-0.1481E-02  0.000      0.000      0.000       0.000       0.000       0.000       0.000       0.000       0.000    
    39600.   12.30160766   12.3309   0.000       0.000      0.2559E-04   0.000     0.2476E-02-0.1017E-02-0.1485E-02  0.000      0.000      0.000       0.000       0.000       0.000       0.000       0.000       0.000    
    43200.   12.31455556   12.3311   0.000       0.000      0.1446E-04   0.000     0.2771E-02-0.1137E-02-0.1649E-02  0.000      0.000      0.000       0.000       0.000       0.000       0.000       0.000       0.000    
    46800.   12.31665096   12.3314   0.000       0.000      0.1291E-04   0.000     0.2758E-02-0.1130E-02-0.1641E-02  0.000      0.000      0.000       0.000       0.000       0.000       0.000       0.000       0.000    
    50400.   12.30408745   12.3306   0.000       0.000      0.2323E-04   0.000     0.2454E-02-0.1005E-02-0.1472E-02  0.000      0.000      0.000       0.000       0.000       0.000       0.000       0.000       0.000    
    54000.   12.31530759   12.3309   0.000       0.000      0.1365E-04   0.000     0.2751E-02-0.1128E-02-0.1637E-02  0.000      0.000      0.000       0.000       0.000       0.000       0.000       0.000       0.000    
    57600.   12.35022721   12.3341   0.000       0.000     -0.1414E-04   0.000     0.3464E-02-0.1418E-02-0.2033E-02  0.000      0.000      0.000       0.000       0.000       0.000       0.000       0.000       0.000    
    61200.   12.45730770   12.3458   0.000       0.000     -0.9753E-04   0.000     0.5556E-02-0.2267E-02-0.3191E-02  0.000      0.000      0.000       0.000       0.000       0.000       0.000       0.000       0.000    
    64800.   12.45234178   12.3558   0.000       0.000     -0.8443E-04   0.000     0.4767E-02-0.1933E-02-0.2750E-02  0.000      0.000      0.000       0.000       0.000       0.000       0.000       0.000       0.000    
    68400.   12.45134237   12.3650   0.000       0.000     -0.7553E-04   0.000     0.4451E-02-0.1801E-02-0.2574E-02  0.000      0.000      0.000       0.000       0.000       0.000       0.000       0.000       0.000    
    72000.   12.42124517   12.3710   0.000       0.000     -0.4393E-04   0.000     0.3630E-02-0.1467E-02-0.2119E-02  0.000      0.000      0.000       0.000       0.000       0.000       0.000       0.000       0.000    
    75600.   12.39152955   12.3743   0.000       0.000     -0.1506E-04   0.000     0.3023E-02-0.1224E-02-0.1784E-02  0.000      0.000      0.000       0.000       0.000       0.000       0.000       0.000       0.000    
    79200.   12.46698706   12.3839   0.000       0.000     -0.7269E-04   0.000     0.4767E-02-0.1941E-02-0.2753E-02  0.000      0.000      0.000       0.000       0.000       0.000       0.000       0.000       0.000    
    82800.   12.48074057   12.3937   0.000       0.000     -0.7616E-04   0.000     0.4662E-02-0.1893E-02-0.2692E-02  0.000      0.000      0.000       0.000       0.000       0.000       0.000       0.000       0.000    
    86400.   12.49455968   12.4039   0.000       0.000     -0.7936E-04   0.000     0.4671E-02-0.1894E-02-0.2697E-02  0.000      0.000      0.000       0.000       0.000       0.000       0.000       0.000       0.000    
    90000.   12.57441407   12.4200   0.000       0.000     -0.1351E-03   0.000     0.6136E-02-0.2491E-02-0.3510E-02  0.000      0.000      0.000       0.000       0.000       0.000       0.000       0.000       0.000    
    93600.   12.75992129   12.4503   0.000       0.000     -0.2710E-03   0.000     0.9518E-02-0.3848E-02-0.5400E-02  0.000      0.000      0.000       0.000       0.000       0.000       0.000       0.000       0.000    
    97200.   12.69438778   12.4720   0.000       0.000     -0.1946E-03   0.000     0.6763E-02-0.2708E-02-0.3861E-02  0.000      0.000      0.000       0.000       0.000       0.000       0.000       0.000       0.000    
   100800.   12.54981107   12.4803   0.000       0.000     -0.6086E-04   0.000     0.3320E-02-0.1270E-02-0.1989E-02  0.000      0.000      0.000       0.000       0.000       0.000       0.000       0.000       0.000    
   104400.   12.48217901   12.4830   0.000       0.000      0.7452E-06   0.000     0.2373E-02-0.9189E-03-0.1454E-02  0.000      0.000      0.000       0.000       0.000       0.000       0.000       0.000       0.000    
   108000.   12.46117225   12.4843   0.000       0.000      0.2028E-04   0.000     0.2390E-02-0.9351E-03-0.1475E-02  0.000      0.000      0.000       0.000       0.000       0.000       0.000       0.000       0.000    
   111600.   12.42849590   12.4830   0.000       0.000      0.4773E-04   0.000     0.1933E-02-0.7649E-03-0.1216E-02  0.000      0.000      0.000       0.000       0.000       0.000       0.000       0.000       0.000    
   115200.   12.40184018   12.4798   0.000       0.000      0.6821E-04   0.000     0.1611E-02-0.6450E-03-0.1034E-02  0.000      0.000      0.000       0.000       0.000       0.000       0.000       0.000       0.000    
   118800.   12.38258178   12.4753   0.000       0.000      0.8113E-04   0.000     0.1440E-02-0.5824E-03-0.9391E-03  0.000      0.000      0.000       0.000       0.000       0.000       0.000       0.000       0.000    
   122400.   12.39123855   12.4720   0.000       0.000      0.7064E-04   0.000     0.1842E-02-0.7394E-03-0.1174E-02  0.000      0.000      0.000       0.000       0.000       0.000       0.000       0.000       0.000    
   126000.   12.37166908   12.4672   0.000       0.000      0.8356E-04   0.000     0.1485E-02-0.6020E-03-0.9671E-03  0.000      0.000      0.000       0.000       0.000       0.000       0.000       0.000       0.000    
   129600.   12.42164365   12.4670   0.000       0.000      0.3966E-04   0.000     0.2718E-02-0.1075E-02-0.1683E-02  0.000      0.000      0.000       0.000       0.000       0.000       0.000       0.000       0.000    
   133200.   12.39669271   12.4644   0.000       0.000      0.5927E-04   0.000     0.2001E-02-0.7980E-03-0.1262E-02  0.000      0.000      0.000       0.000       0.000       0.000       0.000       0.000       0.000    
   136800.   12.38768615   12.4614   0.000       0.000      0.6448E-04   0.000     0.1887E-02-0.7547E-03-0.1197E-02  0.000      0.000      0.000       0.000       0.000       0.000       0.000       0.000       0.000    
   140400.   12.36590752   12.4567   0.000       0.000      0.7946E-04   0.000     0.1519E-02-0.6135E-03-0.9851E-03  0.000      0.000      0.000       0.000       0.000       0.000       0.000       0.000       0.000    
   144000.   12.36163731   12.4521   0.000       0.000      0.7917E-04   0.000     0.1605E-02-0.6480E-03-0.1036E-02  0.000      0.000      0.000       0.000       0.000       0.000       0.000       0.000       0.000    
   147600.   12.35975943   12.4477   0.000       0.000      0.7693E-04   0.000     0.1686E-02-0.6795E-03-0.1083E-02  0.000      0.000      0.000       0.000       0.000       0.000       0.000       0.000       0.000    
   151200.   12.35874042   12.4435   0.000       0.000      0.7413E-04   0.000     0.1752E-02-0.7047E-03-0.1121E-02  0.000      0.000      0.000       0.000       0.000       0.000       0.000       0.000       0.000    
   154800.   12.35807399   12.4394   0.000       0.000      0.7120E-04   0.000     0.1809E-02-0.7264E-03-0.1154E-02  0.000      0.000      0.000       0.000       0.000       0.000       0.000       0.000       0.000    
   158400.   12.37090993   12.4368   0.000       0.000      0.5762E-04   0.000     0.2148E-02-0.8561E-03-0.1350E-02  0.000      0.000      0.000       0.000       0.000       0.000       0.000       0.000       0.000    
   162000.   12.42644682   12.4388   0.000       0.000      0.1085E-04   0.000     0.3325E-02-0.1303E-02-0.2033E-02  0.000      0.000      0.000       0.000       0.000       0.000       0.000       0.000       0.000    
   165600.   12.42376472   12.4403   0.000       0.000      0.1443E-04   0.000     0.2979E-02-0.1168E-02-0.1826E-02  0.000      0.000      0.000       0.000       0.000       0.000       0.000       0.000       0.000    
   169200.   12.37951900   12.4378   0.000       0.000      0.5100E-04   0.000     0.1929E-02-0.7648E-03-0.1215E-02  0.000      0.000      0.000       0.000       0.000       0.000       0.000       0.000       0.000    
   172800.   12.36607350   12.4346   0.000       0.000      0.5994E-04   0.000     0.1839E-02-0.7327E-03-0.1166E-02  0.000      0.000      0.000       0.000       0.000       0.000       0.000       0.000       0.000    
