TOTIM (T)      HCON          HMAT      QDIR      QWELL        QMAT       QCADS      QTUB1      QTUB2      QTUB3      QTUB4      QTUB5      QTUB6       NSTOR        QFIX        QLH     FHLQ (LQ)        CAUCHY   CAUCHY (LQ)
     3600.   12.32165624   12.4379   0.000       0.000      0.1017E-03   0.000     0.2287E-02-0.2388E-02  0.000      0.000      0.000      0.000       0.000       0.000       0.000       0.000       0.000       0.000    
     7200.   12.30838432   12.4368   0.000       0.000      0.1123E-03   0.000     0.1934E-02-0.2046E-02  0.000      0.000      0.000      0.000       0.000       0.000       0.000       0.000       0.000       0.000    
    10800.   12.30594516   12.4356   0.000       0.000      0.1134E-03   0.000     0.1947E-02-0.2060E-02  0.000      0.000      0.000      0.000       0.000       0.000       0.000       0.000       0.000       0.000    
    14400.   12.30482235   12.4344   0.000       0.000      0.1134E-03   0.000     0.1969E-02-0.2082E-02  0.000      0.000      0.000      0.000       0.000       0.000       0.000       0.000       0.000       0.000    
    18000.   12.30411376   12.4333   0.000       0.000      0.1131E-03   0.000     0.1987E-02-0.2100E-02  0.000      0.000      0.000      0.000       0.000       0.000       0.000       0.000       0.000       0.000    
    21600.   12.30358369   12.4322   0.000       0.000      0.1126E-03   0.000     0.2003E-02-0.2115E-02  0.000      0.000      0.000      0.000       0.000       0.000       0.000       0.000       0.000       0.000    
    25200.   12.30313426   12.4312   0.000       0.000      0.1120E-03   0.000     0.2016E-02-0.2128E-02  0.000      0.000      0.000      0.000       0.000       0.000       0.000       0.000       0.000       0.000    
    28800.   12.30272204   12.4302   0.000       0.000      0.1115E-03   0.000     0.2029E-02-0.2141E-02  0.000      0.000      0.000      0.000       0.000       0.000       0.000       0.000       0.000       0.000    
    32400.   12.30235160   12.4292   0.000       0.000      0.1110E-03   0.000     0.2041E-02-0.2152E-02  0.000      0.000      0.000      0.000       0.000       0.000       0.000       0.000       0.000       0.000    
    36000.   12.30198023   12.4283   0.000       0.000      0.1105E-03   0.000     0.2051E-02-0.2162E-02  0.000      0.000      0.000      0.000       0.000       0.000       0.000       0.000       0.000       0.000    
    39600.   12.30160801   12.4274   0.000       0.000      0.1101E-03   0.000     0.2061E-02-0.2172E-02  0.000      0.000      0.000      0.000       0.000       0.000       0.000       0.000       0.000       0.000    
    43200.   12.31455596   12.4277   0.000       0.000      0.9897E-04   0.000     0.2423E-02-0.2522E-02  0.000      0.000      0.000      0.000       0.000       0.000       0.000       0.000       0.000       0.000    
    46800.   12.31665135   12.4280   0.000       0.000      0.9744E-04   0.000     0.2419E-02-0.2516E-02  0.000      0.000      0.000      0.000       0.000       0.000       0.000       0.000       0.000       0.000    
    50400.   12.30408780   12.4273   0.000       0.000      0.1078E-03   0.000     0.2053E-02-0.2161E-02  0.000      0.000      0.000      0.000       0.000       0.000       0.000       0.000       0.000       0.000    
    54000.   12.31530798   12.4275   0.000       0.000      0.9821E-04   0.000     0.2408E-02-0.2506E-02  0.000      0.000      0.000      0.000       0.000       0.000       0.000       0.000       0.000       0.000    
    57600.   12.35022771   12.4307   0.000       0.000      0.7042E-04   0.000     0.3287E-02-0.3358E-02  0.000      0.000      0.000      0.000       0.000       0.000       0.000       0.000       0.000       0.000    
    61200.   12.45730855   12.4424   0.000       0.000     -0.1301E-04   0.000     0.5880E-02-0.5867E-02  0.000      0.000      0.000      0.000       0.000       0.000       0.000       0.000       0.000       0.000    
    64800.   12.45234250   12.4524   0.000       0.000      0.2027E-07   0.000     0.5013E-02-0.5013E-02  0.000      0.000      0.000      0.000       0.000       0.000       0.000       0.000       0.000       0.000    
    68400.   12.45134305   12.4614   0.000       0.000      0.8827E-05   0.000     0.4644E-02-0.4652E-02  0.000      0.000      0.000      0.000       0.000       0.000       0.000       0.000       0.000       0.000    
    72000.   12.42124571   12.4673   0.000       0.000      0.4032E-04   0.000     0.3634E-02-0.3674E-02  0.000      0.000      0.000      0.000       0.000       0.000       0.000       0.000       0.000       0.000    
    75600.   12.39153000   12.4705   0.000       0.000      0.6908E-04   0.000     0.2854E-02-0.2923E-02  0.000      0.000      0.000      0.000       0.000       0.000       0.000       0.000       0.000       0.000    
    79200.   12.46698778   12.4799   0.000       0.000      0.1132E-04   0.000     0.4944E-02-0.4956E-02  0.000      0.000      0.000      0.000       0.000       0.000       0.000       0.000       0.000       0.000    
    82800.   12.48074128   12.4895   0.000       0.000      0.7682E-05   0.000     0.4861E-02-0.4869E-02  0.000      0.000      0.000      0.000       0.000       0.000       0.000       0.000       0.000       0.000    
    86400.   12.49456039   12.4995   0.000       0.000      0.4312E-05   0.000     0.4890E-02-0.4895E-02  0.000      0.000      0.000      0.000       0.000       0.000       0.000       0.000       0.000       0.000    
    90000.   12.57441502   12.5154   0.000       0.000     -0.5167E-04   0.000     0.6692E-02-0.6640E-02  0.000      0.000      0.000      0.000       0.000       0.000       0.000       0.000       0.000       0.000    
    93600.   12.75993591   12.5453   0.000       0.000     -0.1878E-03   0.000     0.1089E-01-0.1070E-01  0.000      0.000      0.000      0.000       0.000       0.000       0.000       0.000       0.000       0.000    
    97200.   12.69439520   12.5666   0.000       0.000     -0.1118E-03   0.000     0.7680E-02-0.7568E-02  0.000      0.000      0.000      0.000       0.000       0.000       0.000       0.000       0.000       0.000    
   100800.   12.54981279   12.5745   0.000       0.000      0.2160E-04   0.000     0.3436E-02-0.3457E-02  0.000      0.000      0.000      0.000       0.000       0.000       0.000       0.000       0.000       0.000    
   104400.   12.48217952   12.5769   0.000       0.000      0.8288E-04   0.000     0.2121E-02-0.2204E-02  0.000      0.000      0.000      0.000       0.000       0.000       0.000       0.000       0.000       0.000    
   108000.   12.46117275   12.5779   0.000       0.000      0.1021E-03   0.000     0.2023E-02-0.2125E-02  0.000      0.000      0.000      0.000       0.000       0.000       0.000       0.000       0.000       0.000    
   111600.   12.42849626   12.5763   0.000       0.000      0.1293E-03   0.000     0.1403E-02-0.1532E-02  0.000      0.000      0.000      0.000       0.000       0.000       0.000       0.000       0.000       0.000    
   115200.   12.40184044   12.5728   0.000       0.000      0.1496E-03   0.000     0.9593E-03-0.1109E-02  0.000      0.000      0.000      0.000       0.000       0.000       0.000       0.000       0.000       0.000    
   118800.   12.38258199   12.5681   0.000       0.000      0.1623E-03   0.000     0.7121E-03-0.8744E-03  0.000      0.000      0.000      0.000       0.000       0.000       0.000       0.000       0.000       0.000    
   122400.   12.39123886   12.5646   0.000       0.000      0.1517E-03   0.000     0.1178E-02-0.1330E-02  0.000      0.000      0.000      0.000       0.000       0.000       0.000       0.000       0.000       0.000    
   126000.   12.37166930   12.5596   0.000       0.000      0.1645E-03   0.000     0.7443E-03-0.9087E-03  0.000      0.000      0.000      0.000       0.000       0.000       0.000       0.000       0.000       0.000    
   129600.   12.42164426   12.5593   0.000       0.000      0.1205E-03   0.000     0.2241E-02-0.2361E-02  0.000      0.000      0.000      0.000       0.000       0.000       0.000       0.000       0.000       0.000    
   133200.   12.39669308   12.5567   0.000       0.000      0.1400E-03   0.000     0.1407E-02-0.1547E-02  0.000      0.000      0.000      0.000       0.000       0.000       0.000       0.000       0.000       0.000    
   136800.   12.38768649   12.5536   0.000       0.000      0.1452E-03   0.000     0.1262E-02-0.1407E-02  0.000      0.000      0.000      0.000       0.000       0.000       0.000       0.000       0.000       0.000    
   140400.   12.36590775   12.5489   0.000       0.000      0.1601E-03   0.000     0.8038E-03-0.9640E-03  0.000      0.000      0.000      0.000       0.000       0.000       0.000       0.000       0.000       0.000    
   144000.   12.36163756   12.5443   0.000       0.000      0.1599E-03   0.000     0.8913E-03-0.1051E-02  0.000      0.000      0.000      0.000       0.000       0.000       0.000       0.000       0.000       0.000    
   147600.   12.35975971   12.5399   0.000       0.000      0.1577E-03   0.000     0.9855E-03-0.1143E-02  0.000      0.000      0.000      0.000       0.000       0.000       0.000       0.000       0.000       0.000    
   151200.   12.35874071   12.5358   0.000       0.000      0.1549E-03   0.000     0.1068E-02-0.1223E-02  0.000      0.000      0.000      0.000       0.000       0.000       0.000       0.000       0.000       0.000    
   154800.   12.35807430   12.5318   0.000       0.000      0.1520E-03   0.000     0.1142E-02-0.1294E-02  0.000      0.000      0.000      0.000       0.000       0.000       0.000       0.000       0.000       0.000    
   158400.   12.37091035   12.5292   0.000       0.000      0.1385E-03   0.000     0.1563E-02-0.1701E-02  0.000      0.000      0.000      0.000       0.000       0.000       0.000       0.000       0.000       0.000    
   162000.   12.42644769   12.5314   0.000       0.000      0.9182E-04   0.000     0.3019E-02-0.3111E-02  0.000      0.000      0.000      0.000       0.000       0.000       0.000       0.000       0.000       0.000    
   165600.   12.42376544   12.5329   0.000       0.000      0.9547E-04   0.000     0.2652E-02-0.2747E-02  0.000      0.000      0.000      0.000       0.000       0.000       0.000       0.000       0.000       0.000    
   169200.   12.37951935   12.5305   0.000       0.000      0.1321E-03   0.000     0.1381E-02-0.1513E-02  0.000      0.000      0.000      0.000       0.000       0.000       0.000       0.000       0.000       0.000    
   172800.   12.36607382   12.5274   0.000       0.000      0.1411E-03   0.000     0.1237E-02-0.1378E-02  0.000      0.000      0.000      0.000       0.000       0.000       0.000       0.000       0.000       0.000    
