TOTIM (T)      HCON          HMAT      QDIR      QWELL        QMAT       QCADS      QTUB1      QTUB2      QTUB3      QTUB4      QTUB5      QTUB6       NSTOR        QFIX        QLH     FHLQ (LQ)        CAUCHY   CAUCHY (LQ)
     3600.   12.32165608   12.4095   0.000       0.000      0.7683E-04   0.000     0.2286E-02-0.2363E-02  0.000      0.000      0.000      0.000       0.000       0.000       0.000       0.000       0.000       0.000    
     7200.   12.30838416   12.4084   0.000       0.000      0.8748E-04   0.000     0.1916E-02-0.2003E-02  0.000      0.000      0.000      0.000       0.000       0.000       0.000       0.000       0.000       0.000    
    10800.   12.30594500   12.4072   0.000       0.000      0.8860E-04   0.000     0.1942E-02-0.2031E-02  0.000      0.000      0.000      0.000       0.000       0.000       0.000       0.000       0.000       0.000    
    14400.   12.30482220   12.4060   0.000       0.000      0.8857E-04   0.000     0.1965E-02-0.2054E-02  0.000      0.000      0.000      0.000       0.000       0.000       0.000       0.000       0.000       0.000    
    18000.   12.30411360   12.4049   0.000       0.000      0.8821E-04   0.000     0.1983E-02-0.2071E-02  0.000      0.000      0.000      0.000       0.000       0.000       0.000       0.000       0.000       0.000    
    21600.   12.30358353   12.4038   0.000       0.000      0.8772E-04   0.000     0.1998E-02-0.2086E-02  0.000      0.000      0.000      0.000       0.000       0.000       0.000       0.000       0.000       0.000    
    25200.   12.30313410   12.4028   0.000       0.000      0.8720E-04   0.000     0.2012E-02-0.2099E-02  0.000      0.000      0.000      0.000       0.000       0.000       0.000       0.000       0.000       0.000    
    28800.   12.30272188   12.4018   0.000       0.000      0.8668E-04   0.000     0.2024E-02-0.2110E-02  0.000      0.000      0.000      0.000       0.000       0.000       0.000       0.000       0.000       0.000    
    32400.   12.30235144   12.4008   0.000       0.000      0.8616E-04   0.000     0.2034E-02-0.2121E-02  0.000      0.000      0.000      0.000       0.000       0.000       0.000       0.000       0.000       0.000    
    36000.   12.30198007   12.3999   0.000       0.000      0.8568E-04   0.000     0.2044E-02-0.2130E-02  0.000      0.000      0.000      0.000       0.000       0.000       0.000       0.000       0.000       0.000    
    39600.   12.30160785   12.3990   0.000       0.000      0.8522E-04   0.000     0.2054E-02-0.2139E-02  0.000      0.000      0.000      0.000       0.000       0.000       0.000       0.000       0.000       0.000    
    43200.   12.31455580   12.3993   0.000       0.000      0.7411E-04   0.000     0.2433E-02-0.2507E-02  0.000      0.000      0.000      0.000       0.000       0.000       0.000       0.000       0.000       0.000    
    46800.   12.31665119   12.3996   0.000       0.000      0.7258E-04   0.000     0.2414E-02-0.2487E-02  0.000      0.000      0.000      0.000       0.000       0.000       0.000       0.000       0.000       0.000    
    50400.   12.30408764   12.3989   0.000       0.000      0.8292E-04   0.000     0.2029E-02-0.2112E-02  0.000      0.000      0.000      0.000       0.000       0.000       0.000       0.000       0.000       0.000    
    54000.   12.31530783   12.3991   0.000       0.000      0.7336E-04   0.000     0.2414E-02-0.2487E-02  0.000      0.000      0.000      0.000       0.000       0.000       0.000       0.000       0.000       0.000    
    57600.   12.35022756   12.4023   0.000       0.000      0.4556E-04   0.000     0.3326E-02-0.3371E-02  0.000      0.000      0.000      0.000       0.000       0.000       0.000       0.000       0.000       0.000    
    61200.   12.45730034   12.4140   0.000       0.000     -0.3786E-04   0.000     0.6018E-02-0.5980E-02  0.000      0.000      0.000      0.000       0.000       0.000       0.000       0.000       0.000       0.000    
    64800.   12.45233683   12.4240   0.000       0.000     -0.2483E-04   0.000     0.5013E-02-0.4988E-02  0.000      0.000      0.000      0.000       0.000       0.000       0.000       0.000       0.000       0.000    
    68400.   12.45133816   12.4330   0.000       0.000     -0.1603E-04   0.000     0.4655E-02-0.4639E-02  0.000      0.000      0.000      0.000       0.000       0.000       0.000       0.000       0.000       0.000    
    72000.   12.42124224   12.4389   0.000       0.000      0.1547E-04   0.000     0.3611E-02-0.3626E-02  0.000      0.000      0.000      0.000       0.000       0.000       0.000       0.000       0.000       0.000    
    75600.   12.39152726   12.4421   0.000       0.000      0.4423E-04   0.000     0.2833E-02-0.2877E-02  0.000      0.000      0.000      0.000       0.000       0.000       0.000       0.000       0.000       0.000    
    79200.   12.46698167   12.4515   0.000       0.000     -0.1353E-04   0.000     0.5064E-02-0.5050E-02  0.000      0.000      0.000      0.000       0.000       0.000       0.000       0.000       0.000       0.000    
    82800.   12.48073568   12.4611   0.000       0.000     -0.1717E-04   0.000     0.4907E-02-0.4890E-02  0.000      0.000      0.000      0.000       0.000       0.000       0.000       0.000       0.000       0.000    
    86400.   12.49455490   12.4711   0.000       0.000     -0.2053E-04   0.000     0.4944E-02-0.4924E-02  0.000      0.000      0.000      0.000       0.000       0.000       0.000       0.000       0.000       0.000    
    90000.   12.57440620   12.4870   0.000       0.000     -0.7651E-04   0.000     0.6841E-02-0.6764E-02  0.000      0.000      0.000      0.000       0.000       0.000       0.000       0.000       0.000       0.000    
    93600.   12.75992951   12.5169   0.000       0.000     -0.2127E-03   0.000     0.1119E-01-0.1098E-01  0.000      0.000      0.000      0.000       0.000       0.000       0.000       0.000       0.000       0.000    
    97200.   12.69439173   12.5382   0.000       0.000     -0.1366E-03   0.000     0.7674E-02-0.7537E-02  0.000      0.000      0.000      0.000       0.000       0.000       0.000       0.000       0.000       0.000    
   100800.   12.54981167   12.5461   0.000       0.000     -0.3226E-05   0.000     0.3335E-02-0.3332E-02  0.000      0.000      0.000      0.000       0.000       0.000       0.000       0.000       0.000       0.000    
   104400.   12.48217908   12.5485   0.000       0.000      0.5807E-04   0.000     0.2119E-02-0.2177E-02  0.000      0.000      0.000      0.000       0.000       0.000       0.000       0.000       0.000       0.000    
   108000.   12.46117214   12.5495   0.000       0.000      0.7732E-04   0.000     0.2080E-02-0.2158E-02  0.000      0.000      0.000      0.000       0.000       0.000       0.000       0.000       0.000       0.000    
   111600.   12.42849557   12.5479   0.000       0.000      0.1045E-03   0.000     0.1446E-02-0.1551E-02  0.000      0.000      0.000      0.000       0.000       0.000       0.000       0.000       0.000       0.000    
   115200.   12.40183973   12.5445   0.000       0.000      0.1248E-03   0.000     0.1012E-02-0.1137E-02  0.000      0.000      0.000      0.000       0.000       0.000       0.000       0.000       0.000       0.000    
   118800.   12.38258126   12.5398   0.000       0.000      0.1375E-03   0.000     0.7755E-03-0.9130E-03  0.000      0.000      0.000      0.000       0.000       0.000       0.000       0.000       0.000       0.000    
   122400.   12.39123796   12.5363   0.000       0.000      0.1269E-03   0.000     0.1279E-02-0.1406E-02  0.000      0.000      0.000      0.000       0.000       0.000       0.000       0.000       0.000       0.000    
   126000.   12.37166851   12.5314   0.000       0.000      0.1397E-03   0.000     0.8100E-03-0.9498E-03  0.000      0.000      0.000      0.000       0.000       0.000       0.000       0.000       0.000       0.000    
   129600.   12.42164298   12.5311   0.000       0.000      0.9577E-04   0.000     0.2399E-02-0.2495E-02  0.000      0.000      0.000      0.000       0.000       0.000       0.000       0.000       0.000       0.000    
   133200.   12.39669213   12.5285   0.000       0.000      0.1153E-03   0.000     0.1470E-02-0.1585E-02  0.000      0.000      0.000      0.000       0.000       0.000       0.000       0.000       0.000       0.000    
   136800.   12.38768560   12.5254   0.000       0.000      0.1205E-03   0.000     0.1346E-02-0.1467E-02  0.000      0.000      0.000      0.000       0.000       0.000       0.000       0.000       0.000       0.000    
   140400.   12.36590699   12.5207   0.000       0.000      0.1355E-03   0.000     0.8701E-03-0.1006E-02  0.000      0.000      0.000      0.000       0.000       0.000       0.000       0.000       0.000       0.000    
   144000.   12.36163675   12.5162   0.000       0.000      0.1352E-03   0.000     0.9779E-03-0.1113E-02  0.000      0.000      0.000      0.000       0.000       0.000       0.000       0.000       0.000       0.000    
   147600.   12.35975885   12.5118   0.000       0.000      0.1330E-03   0.000     0.1073E-02-0.1206E-02  0.000      0.000      0.000      0.000       0.000       0.000       0.000       0.000       0.000       0.000    
   151200.   12.35873983   12.5076   0.000       0.000      0.1303E-03   0.000     0.1154E-02-0.1284E-02  0.000      0.000      0.000      0.000       0.000       0.000       0.000       0.000       0.000       0.000    
   154800.   12.35807340   12.5037   0.000       0.000      0.1274E-03   0.000     0.1226E-02-0.1353E-02  0.000      0.000      0.000      0.000       0.000       0.000       0.000       0.000       0.000       0.000    
   158400.   12.37090932   12.5011   0.000       0.000      0.1139E-03   0.000     0.1661E-02-0.1775E-02  0.000      0.000      0.000      0.000       0.000       0.000       0.000       0.000       0.000       0.000    
   162000.   12.42644617   12.5033   0.000       0.000      0.6723E-04   0.000     0.3173E-02-0.3240E-02  0.000      0.000      0.000      0.000       0.000       0.000       0.000       0.000       0.000       0.000    
   165600.   12.42376414   12.5048   0.000       0.000      0.7088E-04   0.000     0.2730E-02-0.2801E-02  0.000      0.000      0.000      0.000       0.000       0.000       0.000       0.000       0.000       0.000    
   169200.   12.37951852   12.5024   0.000       0.000      0.1075E-03   0.000     0.1404E-02-0.1511E-02  0.000      0.000      0.000      0.000       0.000       0.000       0.000       0.000       0.000       0.000    
   172800.   12.36607300   12.4993   0.000       0.000      0.1166E-03   0.000     0.1295E-02-0.1411E-02  0.000      0.000      0.000      0.000       0.000       0.000       0.000       0.000       0.000       0.000    
