TOTIM (T)      HCON          HMAT      QDIR      QWELL        QMAT       QCADS      QTUB1      QTUB2      QTUB3      QTUB4      QTUB5      QTUB6       NSTOR        QFIX        QLH     FHLQ (LQ)        CAUCHY   CAUCHY (LQ)
     3600.   12.32165540   12.3781   0.000       0.000      0.4942E-04   0.000     0.2593E-02-0.2642E-02  0.000      0.000      0.000      0.000       0.000       0.000       0.000       0.000       0.000       0.000    
     7200.   12.30838355   12.3770   0.000       0.000      0.6007E-04   0.000     0.2339E-02-0.2399E-02  0.000      0.000      0.000      0.000       0.000       0.000       0.000       0.000       0.000       0.000    
    10800.   12.30594439   12.3759   0.000       0.000      0.6118E-04   0.000     0.2378E-02-0.2439E-02  0.000      0.000      0.000      0.000       0.000       0.000       0.000       0.000       0.000       0.000    
    14400.   12.30482157   12.3747   0.000       0.000      0.6116E-04   0.000     0.2400E-02-0.2461E-02  0.000      0.000      0.000      0.000       0.000       0.000       0.000       0.000       0.000       0.000    
    18000.   12.30411298   12.3736   0.000       0.000      0.6079E-04   0.000     0.2414E-02-0.2475E-02  0.000      0.000      0.000      0.000       0.000       0.000       0.000       0.000       0.000       0.000    
    21600.   12.30358290   12.3725   0.000       0.000      0.6031E-04   0.000     0.2424E-02-0.2484E-02  0.000      0.000      0.000      0.000       0.000       0.000       0.000       0.000       0.000       0.000    
    25200.   12.30313347   12.3715   0.000       0.000      0.5979E-04   0.000     0.2432E-02-0.2492E-02  0.000      0.000      0.000      0.000       0.000       0.000       0.000       0.000       0.000       0.000    
    28800.   12.30272124   12.3705   0.000       0.000      0.5927E-04   0.000     0.2438E-02-0.2497E-02  0.000      0.000      0.000      0.000       0.000       0.000       0.000       0.000       0.000       0.000    
    32400.   12.30235081   12.3695   0.000       0.000      0.5875E-04   0.000     0.2443E-02-0.2502E-02  0.000      0.000      0.000      0.000       0.000       0.000       0.000       0.000       0.000       0.000    
    36000.   12.30197943   12.3686   0.000       0.000      0.5827E-04   0.000     0.2448E-02-0.2506E-02  0.000      0.000      0.000      0.000       0.000       0.000       0.000       0.000       0.000       0.000    
    39600.   12.30160721   12.3677   0.000       0.000      0.5782E-04   0.000     0.2452E-02-0.2510E-02  0.000      0.000      0.000      0.000       0.000       0.000       0.000       0.000       0.000       0.000    
    43200.   12.31455508   12.3679   0.000       0.000      0.4671E-04   0.000     0.2709E-02-0.2756E-02  0.000      0.000      0.000      0.000       0.000       0.000       0.000       0.000       0.000       0.000    
    46800.   12.31665048   12.3683   0.000       0.000      0.4518E-04   0.000     0.2674E-02-0.2719E-02  0.000      0.000      0.000      0.000       0.000       0.000       0.000       0.000       0.000       0.000    
    50400.   12.30408701   12.3675   0.000       0.000      0.5551E-04   0.000     0.2402E-02-0.2458E-02  0.000      0.000      0.000      0.000       0.000       0.000       0.000       0.000       0.000       0.000    
    54000.   12.31530711   12.3678   0.000       0.000      0.4595E-04   0.000     0.2682E-02-0.2728E-02  0.000      0.000      0.000      0.000       0.000       0.000       0.000       0.000       0.000       0.000    
    57600.   12.35022664   12.3710   0.000       0.000      0.1816E-04   0.000     0.3288E-02-0.3306E-02  0.000      0.000      0.000      0.000       0.000       0.000       0.000       0.000       0.000       0.000    
    61200.   12.45729883   12.3827   0.000       0.000     -0.6527E-04   0.000     0.5062E-02-0.4997E-02  0.000      0.000      0.000      0.000       0.000       0.000       0.000       0.000       0.000       0.000    
    64800.   12.45233557   12.3926   0.000       0.000     -0.5224E-04   0.000     0.4201E-02-0.4149E-02  0.000      0.000      0.000      0.000       0.000       0.000       0.000       0.000       0.000       0.000    
    68400.   12.45133697   12.4017   0.000       0.000     -0.4344E-04   0.000     0.3940E-02-0.3897E-02  0.000      0.000      0.000      0.000       0.000       0.000       0.000       0.000       0.000       0.000    
    72000.   12.42124129   12.4076   0.000       0.000     -0.1194E-04   0.000     0.3242E-02-0.3230E-02  0.000      0.000      0.000      0.000       0.000       0.000       0.000       0.000       0.000       0.000    
    75600.   12.39152648   12.4107   0.000       0.000      0.1681E-04   0.000     0.2780E-02-0.2797E-02  0.000      0.000      0.000      0.000       0.000       0.000       0.000       0.000       0.000       0.000    
    79200.   12.46698037   12.4202   0.000       0.000     -0.4095E-04   0.000     0.4376E-02-0.4335E-02  0.000      0.000      0.000      0.000       0.000       0.000       0.000       0.000       0.000       0.000    
    82800.   12.48073443   12.4298   0.000       0.000     -0.4458E-04   0.000     0.4179E-02-0.4135E-02  0.000      0.000      0.000      0.000       0.000       0.000       0.000       0.000       0.000       0.000    
    86400.   12.49455365   12.4397   0.000       0.000     -0.4796E-04   0.000     0.4179E-02-0.4131E-02  0.000      0.000      0.000      0.000       0.000       0.000       0.000       0.000       0.000       0.000    
    90000.   12.57440453   12.4556   0.000       0.000     -0.1039E-03   0.000     0.5460E-02-0.5356E-02  0.000      0.000      0.000      0.000       0.000       0.000       0.000       0.000       0.000       0.000    
    93600.   12.75990469   12.4855   0.000       0.000     -0.2401E-03   0.000     0.8315E-02-0.8075E-02  0.000      0.000      0.000      0.000       0.000       0.000       0.000       0.000       0.000       0.000    
    97200.   12.69437997   12.5069   0.000       0.000     -0.1641E-03   0.000     0.5632E-02-0.5468E-02  0.000      0.000      0.000      0.000       0.000       0.000       0.000       0.000       0.000       0.000    
   100800.   12.54980966   12.5148   0.000       0.000     -0.3067E-04   0.000     0.2760E-02-0.2729E-02  0.000      0.000      0.000      0.000       0.000       0.000       0.000       0.000       0.000       0.000    
   104400.   12.48217795   12.5172   0.000       0.000      0.3061E-04   0.000     0.2218E-02-0.2249E-02  0.000      0.000      0.000      0.000       0.000       0.000       0.000       0.000       0.000       0.000    
   108000.   12.46117095   12.5181   0.000       0.000      0.4985E-04   0.000     0.2391E-02-0.2441E-02  0.000      0.000      0.000      0.000       0.000       0.000       0.000       0.000       0.000       0.000    
   111600.   12.42849476   12.5165   0.000       0.000      0.7705E-04   0.000     0.2057E-02-0.2134E-02  0.000      0.000      0.000      0.000       0.000       0.000       0.000       0.000       0.000       0.000    
   115200.   12.40183915   12.5131   0.000       0.000      0.9731E-04   0.000     0.1845E-02-0.1942E-02  0.000      0.000      0.000      0.000       0.000       0.000       0.000       0.000       0.000       0.000    
   118800.   12.38258077   12.5084   0.000       0.000      0.1101E-03   0.000     0.1749E-02-0.1859E-02  0.000      0.000      0.000      0.000       0.000       0.000       0.000       0.000       0.000       0.000    
   122400.   12.39123724   12.5049   0.000       0.000      0.9943E-04   0.000     0.2135E-02-0.2235E-02  0.000      0.000      0.000      0.000       0.000       0.000       0.000       0.000       0.000       0.000    
   126000.   12.37166799   12.5000   0.000       0.000      0.1123E-03   0.000     0.1807E-02-0.1920E-02  0.000      0.000      0.000      0.000       0.000       0.000       0.000       0.000       0.000       0.000    
   129600.   12.42164169   12.4997   0.000       0.000      0.6827E-04   0.000     0.2913E-02-0.2981E-02  0.000      0.000      0.000      0.000       0.000       0.000       0.000       0.000       0.000       0.000    
   133200.   12.39669135   12.4971   0.000       0.000      0.8782E-04   0.000     0.2198E-02-0.2286E-02  0.000      0.000      0.000      0.000       0.000       0.000       0.000       0.000       0.000       0.000    
   136800.   12.38768487   12.4940   0.000       0.000      0.9299E-04   0.000     0.2132E-02-0.2224E-02  0.000      0.000      0.000      0.000       0.000       0.000       0.000       0.000       0.000       0.000    
   140400.   12.36590645   12.4893   0.000       0.000      0.1080E-03   0.000     0.1820E-02-0.1928E-02  0.000      0.000      0.000      0.000       0.000       0.000       0.000       0.000       0.000       0.000    
   144000.   12.36163616   12.4847   0.000       0.000      0.1077E-03   0.000     0.1925E-02-0.2032E-02  0.000      0.000      0.000      0.000       0.000       0.000       0.000       0.000       0.000       0.000    
   147600.   12.35975822   12.4803   0.000       0.000      0.1055E-03   0.000     0.1995E-02-0.2101E-02  0.000      0.000      0.000      0.000       0.000       0.000       0.000       0.000       0.000       0.000    
   151200.   12.35873917   12.4762   0.000       0.000      0.1027E-03   0.000     0.2046E-02-0.2149E-02  0.000      0.000      0.000      0.000       0.000       0.000       0.000       0.000       0.000       0.000    
   154800.   12.35807271   12.4722   0.000       0.000      0.9988E-04   0.000     0.2087E-02-0.2187E-02  0.000      0.000      0.000      0.000       0.000       0.000       0.000       0.000       0.000       0.000    
   158400.   12.37090843   12.4696   0.000       0.000      0.8638E-04   0.000     0.2374E-02-0.2460E-02  0.000      0.000      0.000      0.000       0.000       0.000       0.000       0.000       0.000       0.000    
   162000.   12.42644445   12.4718   0.000       0.000      0.3969E-04   0.000     0.3371E-02-0.3411E-02  0.000      0.000      0.000      0.000       0.000       0.000       0.000       0.000       0.000       0.000    
   165600.   12.42376275   12.4733   0.000       0.000      0.4334E-04   0.000     0.2969E-02-0.3012E-02  0.000      0.000      0.000      0.000       0.000       0.000       0.000       0.000       0.000       0.000    
   169200.   12.37951781   12.4709   0.000       0.000      0.7998E-04   0.000     0.2045E-02-0.2125E-02  0.000      0.000      0.000      0.000       0.000       0.000       0.000       0.000       0.000       0.000    
   172800.   12.36607232   12.4678   0.000       0.000      0.8900E-04   0.000     0.2036E-02-0.2125E-02  0.000      0.000      0.000      0.000       0.000       0.000       0.000       0.000       0.000       0.000    
