TOTIM (T)      HCON          HMAT      QDIR      QWELL        QMAT       QCADS      QTUB1      QTUB2      QTUB3      QTUB4      QTUB5      QTUB6       NSTOR        QFIX        QLH     FHLQ (LQ)        CAUCHY   CAUCHY (LQ)
     3600.   12.32165639   12.3699   0.000       0.000      0.4219E-04   0.000     0.1698E-02-0.1740E-02  0.000      0.000      0.000      0.000       0.000       0.000       0.000       0.000       0.000       0.000    
     7200.   12.30838444   12.3688   0.000       0.000      0.5284E-04   0.000     0.1385E-02-0.1438E-02  0.000      0.000      0.000      0.000       0.000       0.000       0.000       0.000       0.000       0.000    
    10800.   12.30594529   12.3676   0.000       0.000      0.5395E-04   0.000     0.1397E-02-0.1451E-02  0.000      0.000      0.000      0.000       0.000       0.000       0.000       0.000       0.000       0.000    
    14400.   12.30482248   12.3664   0.000       0.000      0.5392E-04   0.000     0.1418E-02-0.1472E-02  0.000      0.000      0.000      0.000       0.000       0.000       0.000       0.000       0.000       0.000    
    18000.   12.30411389   12.3653   0.000       0.000      0.5356E-04   0.000     0.1434E-02-0.1488E-02  0.000      0.000      0.000      0.000       0.000       0.000       0.000       0.000       0.000       0.000    
    21600.   12.30358383   12.3642   0.000       0.000      0.5307E-04   0.000     0.1448E-02-0.1501E-02  0.000      0.000      0.000      0.000       0.000       0.000       0.000       0.000       0.000       0.000    
    25200.   12.30313439   12.3632   0.000       0.000      0.5255E-04   0.000     0.1460E-02-0.1513E-02  0.000      0.000      0.000      0.000       0.000       0.000       0.000       0.000       0.000       0.000    
    28800.   12.30272217   12.3622   0.000       0.000      0.5204E-04   0.000     0.1472E-02-0.1524E-02  0.000      0.000      0.000      0.000       0.000       0.000       0.000       0.000       0.000       0.000    
    32400.   12.30235174   12.3612   0.000       0.000      0.5152E-04   0.000     0.1481E-02-0.1533E-02  0.000      0.000      0.000      0.000       0.000       0.000       0.000       0.000       0.000       0.000    
    36000.   12.30198036   12.3603   0.000       0.000      0.5103E-04   0.000     0.1491E-02-0.1542E-02  0.000      0.000      0.000      0.000       0.000       0.000       0.000       0.000       0.000       0.000    
    39600.   12.30160814   12.3594   0.000       0.000      0.5058E-04   0.000     0.1499E-02-0.1550E-02  0.000      0.000      0.000      0.000       0.000       0.000       0.000       0.000       0.000       0.000    
    43200.   12.31455611   12.3597   0.000       0.000      0.3947E-04   0.000     0.1820E-02-0.1860E-02  0.000      0.000      0.000      0.000       0.000       0.000       0.000       0.000       0.000       0.000    
    46800.   12.31665151   12.3600   0.000       0.000      0.3794E-04   0.000     0.1815E-02-0.1853E-02  0.000      0.000      0.000      0.000       0.000       0.000       0.000       0.000       0.000       0.000    
    50400.   12.30408793   12.3593   0.000       0.000      0.4827E-04   0.000     0.1489E-02-0.1537E-02  0.000      0.000      0.000      0.000       0.000       0.000       0.000       0.000       0.000       0.000    
    54000.   12.31530814   12.3596   0.000       0.000      0.3871E-04   0.000     0.1804E-02-0.1843E-02  0.000      0.000      0.000      0.000       0.000       0.000       0.000       0.000       0.000       0.000    
    57600.   12.35022792   12.3627   0.000       0.000      0.1092E-04   0.000     0.2584E-02-0.2595E-02  0.000      0.000      0.000      0.000       0.000       0.000       0.000       0.000       0.000       0.000    
    61200.   12.45730892   12.3744   0.000       0.000     -0.7251E-04   0.000     0.4879E-02-0.4806E-02  0.000      0.000      0.000      0.000       0.000       0.000       0.000       0.000       0.000       0.000    
    64800.   12.45234280   12.3844   0.000       0.000     -0.5948E-04   0.000     0.4099E-02-0.4039E-02  0.000      0.000      0.000      0.000       0.000       0.000       0.000       0.000       0.000       0.000    
    68400.   12.45134331   12.3934   0.000       0.000     -0.5067E-04   0.000     0.3764E-02-0.3714E-02  0.000      0.000      0.000      0.000       0.000       0.000       0.000       0.000       0.000       0.000    
    72000.   12.42124591   12.3993   0.000       0.000     -0.1918E-04   0.000     0.2869E-02-0.2850E-02  0.000      0.000      0.000      0.000       0.000       0.000       0.000       0.000       0.000       0.000    
    75600.   12.39153015   12.4025   0.000       0.000      0.9581E-05   0.000     0.2182E-02-0.2191E-02  0.000      0.000      0.000      0.000       0.000       0.000       0.000       0.000       0.000       0.000    
    79200.   12.46698808   12.4119   0.000       0.000     -0.4818E-04   0.000     0.4042E-02-0.3994E-02  0.000      0.000      0.000      0.000       0.000       0.000       0.000       0.000       0.000       0.000    
    82800.   12.48074157   12.4215   0.000       0.000     -0.5182E-04   0.000     0.3966E-02-0.3915E-02  0.000      0.000      0.000      0.000       0.000       0.000       0.000       0.000       0.000       0.000    
    86400.   12.49456067   12.4315   0.000       0.000     -0.5518E-04   0.000     0.3988E-02-0.3933E-02  0.000      0.000      0.000      0.000       0.000       0.000       0.000       0.000       0.000       0.000    
    90000.   12.57441542   12.4474   0.000       0.000     -0.1112E-03   0.000     0.5584E-02-0.5473E-02  0.000      0.000      0.000      0.000       0.000       0.000       0.000       0.000       0.000       0.000    
    93600.   12.75993452   12.4773   0.000       0.000     -0.2473E-03   0.000     0.9302E-02-0.9055E-02  0.000      0.000      0.000      0.000       0.000       0.000       0.000       0.000       0.000       0.000    
    97200.   12.69439426   12.4986   0.000       0.000     -0.1713E-03   0.000     0.6437E-02-0.6266E-02  0.000      0.000      0.000      0.000       0.000       0.000       0.000       0.000       0.000       0.000    
   100800.   12.54981219   12.5065   0.000       0.000     -0.3788E-04   0.000     0.2670E-02-0.2632E-02  0.000      0.000      0.000      0.000       0.000       0.000       0.000       0.000       0.000       0.000    
   104400.   12.48217944   12.5089   0.000       0.000      0.2341E-04   0.000     0.1522E-02-0.1546E-02  0.000      0.000      0.000      0.000       0.000       0.000       0.000       0.000       0.000       0.000    
   108000.   12.46117270   12.5099   0.000       0.000      0.4265E-04   0.000     0.1457E-02-0.1500E-02  0.000      0.000      0.000      0.000       0.000       0.000       0.000       0.000       0.000       0.000    
   111600.   12.42849625   12.5083   0.000       0.000      0.6985E-04   0.000     0.9210E-03-0.9909E-03  0.000      0.000      0.000      0.000       0.000       0.000       0.000       0.000       0.000       0.000    
   115200.   12.40184046   12.5048   0.000       0.000      0.9011E-04   0.000     0.5366E-03-0.6267E-03  0.000      0.000      0.000      0.000       0.000       0.000       0.000       0.000       0.000       0.000    
   118800.   12.38258202   12.5001   0.000       0.000      0.1029E-03   0.000     0.3246E-03-0.4275E-03  0.000      0.000      0.000      0.000       0.000       0.000       0.000       0.000       0.000       0.000    
   122400.   12.39123889   12.4966   0.000       0.000      0.9223E-04   0.000     0.7427E-03-0.8350E-03  0.000      0.000      0.000      0.000       0.000       0.000       0.000       0.000       0.000       0.000    
   126000.   12.37166933   12.4917   0.000       0.000      0.1051E-03   0.000     0.3597E-03-0.4647E-03  0.000      0.000      0.000      0.000       0.000       0.000       0.000       0.000       0.000       0.000    
   129600.   12.42164420   12.4914   0.000       0.000      0.6107E-04   0.000     0.1688E-02-0.1749E-02  0.000      0.000      0.000      0.000       0.000       0.000       0.000       0.000       0.000       0.000    
   133200.   12.39669309   12.4888   0.000       0.000      0.8063E-04   0.000     0.9447E-03-0.1025E-02  0.000      0.000      0.000      0.000       0.000       0.000       0.000       0.000       0.000       0.000    
   136800.   12.38768650   12.4857   0.000       0.000      0.8580E-04   0.000     0.8147E-03-0.9005E-03  0.000      0.000      0.000      0.000       0.000       0.000       0.000       0.000       0.000       0.000    
   140400.   12.36590779   12.4811   0.000       0.000      0.1008E-03   0.000     0.4097E-03-0.5105E-03  0.000      0.000      0.000      0.000       0.000       0.000       0.000       0.000       0.000       0.000    
   144000.   12.36163759   12.4765   0.000       0.000      0.1005E-03   0.000     0.4894E-03-0.5899E-03  0.000      0.000      0.000      0.000       0.000       0.000       0.000       0.000       0.000       0.000    
   147600.   12.35975974   12.4721   0.000       0.000      0.9829E-04   0.000     0.5743E-03-0.6726E-03  0.000      0.000      0.000      0.000       0.000       0.000       0.000       0.000       0.000       0.000    
   151200.   12.35874074   12.4679   0.000       0.000      0.9555E-04   0.000     0.6472E-03-0.7428E-03  0.000      0.000      0.000      0.000       0.000       0.000       0.000       0.000       0.000       0.000    
   154800.   12.35807432   12.4640   0.000       0.000      0.9269E-04   0.000     0.7125E-03-0.8052E-03  0.000      0.000      0.000      0.000       0.000       0.000       0.000       0.000       0.000       0.000    
   158400.   12.37091035   12.4614   0.000       0.000      0.7919E-04   0.000     0.1084E-02-0.1164E-02  0.000      0.000      0.000      0.000       0.000       0.000       0.000       0.000       0.000       0.000    
   162000.   12.42644752   12.4636   0.000       0.000      0.3249E-04   0.000     0.2374E-02-0.2406E-02  0.000      0.000      0.000      0.000       0.000       0.000       0.000       0.000       0.000       0.000    
   165600.   12.42376533   12.4651   0.000       0.000      0.3614E-04   0.000     0.2041E-02-0.2077E-02  0.000      0.000      0.000      0.000       0.000       0.000       0.000       0.000       0.000       0.000    
   169200.   12.37951935   12.4627   0.000       0.000      0.7278E-04   0.000     0.9098E-03-0.9825E-03  0.000      0.000      0.000      0.000       0.000       0.000       0.000       0.000       0.000       0.000    
   172800.   12.36607383   12.4596   0.000       0.000      0.8181E-04   0.000     0.7845E-03-0.8663E-03  0.000      0.000      0.000      0.000       0.000       0.000       0.000       0.000       0.000       0.000    
