TOTIM (T)      HCON          HMAT      QDIR      QWELL        QMAT       QCADS      QTUB1      QTUB2      QTUB3      QTUB4      QTUB5      QTUB6       NSTOR        QFIX        QLH     FHLQ (LQ)        CAUCHY   CAUCHY (LQ)
     3600.   12.32165593   12.3697   0.000       0.000      0.4207E-04   0.000     0.2609E-02-0.2651E-02  0.000      0.000      0.000      0.000       0.000       0.000       0.000       0.000       0.000       0.000    
     7200.   12.30838405   12.3686   0.000       0.000      0.5271E-04   0.000     0.2309E-02-0.2362E-02  0.000      0.000      0.000      0.000       0.000       0.000       0.000       0.000       0.000       0.000    
    10800.   12.30594489   12.3675   0.000       0.000      0.5383E-04   0.000     0.2328E-02-0.2382E-02  0.000      0.000      0.000      0.000       0.000       0.000       0.000       0.000       0.000       0.000    
    14400.   12.30482208   12.3663   0.000       0.000      0.5380E-04   0.000     0.2350E-02-0.2404E-02  0.000      0.000      0.000      0.000       0.000       0.000       0.000       0.000       0.000       0.000    
    18000.   12.30411349   12.3652   0.000       0.000      0.5344E-04   0.000     0.2366E-02-0.2420E-02  0.000      0.000      0.000      0.000       0.000       0.000       0.000       0.000       0.000       0.000    
    21600.   12.30358342   12.3641   0.000       0.000      0.5295E-04   0.000     0.2379E-02-0.2432E-02  0.000      0.000      0.000      0.000       0.000       0.000       0.000       0.000       0.000       0.000    
    25200.   12.30313398   12.3631   0.000       0.000      0.5243E-04   0.000     0.2391E-02-0.2443E-02  0.000      0.000      0.000      0.000       0.000       0.000       0.000       0.000       0.000       0.000    
    28800.   12.30272176   12.3621   0.000       0.000      0.5191E-04   0.000     0.2401E-02-0.2453E-02  0.000      0.000      0.000      0.000       0.000       0.000       0.000       0.000       0.000       0.000    
    32400.   12.30235132   12.3611   0.000       0.000      0.5139E-04   0.000     0.2410E-02-0.2461E-02  0.000      0.000      0.000      0.000       0.000       0.000       0.000       0.000       0.000       0.000    
    36000.   12.30197995   12.3602   0.000       0.000      0.5091E-04   0.000     0.2418E-02-0.2469E-02  0.000      0.000      0.000      0.000       0.000       0.000       0.000       0.000       0.000       0.000    
    39600.   12.30160772   12.3593   0.000       0.000      0.5045E-04   0.000     0.2426E-02-0.2476E-02  0.000      0.000      0.000      0.000       0.000       0.000       0.000       0.000       0.000       0.000    
    43200.   12.31455563   12.3595   0.000       0.000      0.3934E-04   0.000     0.2732E-02-0.2771E-02  0.000      0.000      0.000      0.000       0.000       0.000       0.000       0.000       0.000       0.000    
    46800.   12.31665103   12.3599   0.000       0.000      0.3781E-04   0.000     0.2720E-02-0.2758E-02  0.000      0.000      0.000      0.000       0.000       0.000       0.000       0.000       0.000       0.000    
    50400.   12.30408752   12.3591   0.000       0.000      0.4814E-04   0.000     0.2406E-02-0.2454E-02  0.000      0.000      0.000      0.000       0.000       0.000       0.000       0.000       0.000       0.000    
    54000.   12.31530766   12.3594   0.000       0.000      0.3858E-04   0.000     0.2713E-02-0.2751E-02  0.000      0.000      0.000      0.000       0.000       0.000       0.000       0.000       0.000       0.000    
    57600.   12.35022729   12.3626   0.000       0.000      0.1079E-04   0.000     0.3453E-02-0.3464E-02  0.000      0.000      0.000      0.000       0.000       0.000       0.000       0.000       0.000       0.000    
    61200.   12.45730784   12.3743   0.000       0.000     -0.7264E-04   0.000     0.5629E-02-0.5556E-02  0.000      0.000      0.000      0.000       0.000       0.000       0.000       0.000       0.000       0.000    
    64800.   12.45234190   12.3842   0.000       0.000     -0.5961E-04   0.000     0.4827E-02-0.4767E-02  0.000      0.000      0.000      0.000       0.000       0.000       0.000       0.000       0.000       0.000    
    68400.   12.45134248   12.3933   0.000       0.000     -0.5081E-04   0.000     0.4502E-02-0.4451E-02  0.000      0.000      0.000      0.000       0.000       0.000       0.000       0.000       0.000       0.000    
    72000.   12.42124526   12.3992   0.000       0.000     -0.1931E-04   0.000     0.3649E-02-0.3630E-02  0.000      0.000      0.000      0.000       0.000       0.000       0.000       0.000       0.000       0.000    
    75600.   12.39152963   12.4023   0.000       0.000      0.9452E-05   0.000     0.3013E-02-0.3023E-02  0.000      0.000      0.000      0.000       0.000       0.000       0.000       0.000       0.000       0.000    
    79200.   12.46698718   12.4118   0.000       0.000     -0.4831E-04   0.000     0.4815E-02-0.4767E-02  0.000      0.000      0.000      0.000       0.000       0.000       0.000       0.000       0.000       0.000    
    82800.   12.48074069   12.4214   0.000       0.000     -0.5194E-04   0.000     0.4714E-02-0.4662E-02  0.000      0.000      0.000      0.000       0.000       0.000       0.000       0.000       0.000       0.000    
    86400.   12.49455979   12.4314   0.000       0.000     -0.5530E-04   0.000     0.4726E-02-0.4671E-02  0.000      0.000      0.000      0.000       0.000       0.000       0.000       0.000       0.000       0.000    
    90000.   12.57441423   12.4472   0.000       0.000     -0.1113E-03   0.000     0.6247E-02-0.6136E-02  0.000      0.000      0.000      0.000       0.000       0.000       0.000       0.000       0.000       0.000    
    93600.   12.75992345   12.4772   0.000       0.000     -0.2474E-03   0.000     0.9766E-02-0.9518E-02  0.000      0.000      0.000      0.000       0.000       0.000       0.000       0.000       0.000       0.000    
    97200.   12.69438888   12.4985   0.000       0.000     -0.1714E-03   0.000     0.6935E-02-0.6763E-02  0.000      0.000      0.000      0.000       0.000       0.000       0.000       0.000       0.000       0.000    
   100800.   12.54981135   12.5064   0.000       0.000     -0.3797E-04   0.000     0.3358E-02-0.3320E-02  0.000      0.000      0.000      0.000       0.000       0.000       0.000       0.000       0.000       0.000    
   104400.   12.48217915   12.5088   0.000       0.000      0.2334E-04   0.000     0.2349E-02-0.2373E-02  0.000      0.000      0.000      0.000       0.000       0.000       0.000       0.000       0.000       0.000    
   108000.   12.46117239   12.5099   0.000       0.000      0.4259E-04   0.000     0.2347E-02-0.2390E-02  0.000      0.000      0.000      0.000       0.000       0.000       0.000       0.000       0.000       0.000    
   111600.   12.42849600   12.5083   0.000       0.000      0.6981E-04   0.000     0.1863E-02-0.1933E-02  0.000      0.000      0.000      0.000       0.000       0.000       0.000       0.000       0.000       0.000    
   115200.   12.40184025   12.5048   0.000       0.000      0.9009E-04   0.000     0.1521E-02-0.1611E-02  0.000      0.000      0.000      0.000       0.000       0.000       0.000       0.000       0.000       0.000    
   118800.   12.38258184   12.5001   0.000       0.000      0.1029E-03   0.000     0.1337E-02-0.1440E-02  0.000      0.000      0.000      0.000       0.000       0.000       0.000       0.000       0.000       0.000    
   122400.   12.39123864   12.4967   0.000       0.000      0.9224E-04   0.000     0.1750E-02-0.1842E-02  0.000      0.000      0.000      0.000       0.000       0.000       0.000       0.000       0.000       0.000    
   126000.   12.37166914   12.4918   0.000       0.000      0.1051E-03   0.000     0.1380E-02-0.1485E-02  0.000      0.000      0.000      0.000       0.000       0.000       0.000       0.000       0.000       0.000    
   129600.   12.42164383   12.4915   0.000       0.000      0.6112E-04   0.000     0.2657E-02-0.2718E-02  0.000      0.000      0.000      0.000       0.000       0.000       0.000       0.000       0.000       0.000    
   133200.   12.39669282   12.4889   0.000       0.000      0.8069E-04   0.000     0.1920E-02-0.2001E-02  0.000      0.000      0.000      0.000       0.000       0.000       0.000       0.000       0.000       0.000    
   136800.   12.38768625   12.4858   0.000       0.000      0.8587E-04   0.000     0.1802E-02-0.1887E-02  0.000      0.000      0.000      0.000       0.000       0.000       0.000       0.000       0.000       0.000    
   140400.   12.36590759   12.4812   0.000       0.000      0.1009E-03   0.000     0.1418E-02-0.1519E-02  0.000      0.000      0.000      0.000       0.000       0.000       0.000       0.000       0.000       0.000    
   144000.   12.36163738   12.4766   0.000       0.000      0.1006E-03   0.000     0.1504E-02-0.1605E-02  0.000      0.000      0.000      0.000       0.000       0.000       0.000       0.000       0.000       0.000    
   147600.   12.35975951   12.4722   0.000       0.000      0.9842E-04   0.000     0.1587E-02-0.1686E-02  0.000      0.000      0.000      0.000       0.000       0.000       0.000       0.000       0.000       0.000    
   151200.   12.35874050   12.4681   0.000       0.000      0.9568E-04   0.000     0.1656E-02-0.1752E-02  0.000      0.000      0.000      0.000       0.000       0.000       0.000       0.000       0.000       0.000    
   154800.   12.35807408   12.4642   0.000       0.000      0.9284E-04   0.000     0.1716E-02-0.1809E-02  0.000      0.000      0.000      0.000       0.000       0.000       0.000       0.000       0.000       0.000    
   158400.   12.37091005   12.4616   0.000       0.000      0.7935E-04   0.000     0.2069E-02-0.2148E-02  0.000      0.000      0.000      0.000       0.000       0.000       0.000       0.000       0.000       0.000    
   162000.   12.42644710   12.4638   0.000       0.000      0.3267E-04   0.000     0.3292E-02-0.3325E-02  0.000      0.000      0.000      0.000       0.000       0.000       0.000       0.000       0.000       0.000    
   165600.   12.42376495   12.4653   0.000       0.000      0.3633E-04   0.000     0.2943E-02-0.2979E-02  0.000      0.000      0.000      0.000       0.000       0.000       0.000       0.000       0.000       0.000    
   169200.   12.37951910   12.4629   0.000       0.000      0.7298E-04   0.000     0.1856E-02-0.1929E-02  0.000      0.000      0.000      0.000       0.000       0.000       0.000       0.000       0.000       0.000    
   172800.   12.36607359   12.4598   0.000       0.000      0.8201E-04   0.000     0.1757E-02-0.1839E-02  0.000      0.000      0.000      0.000       0.000       0.000       0.000       0.000       0.000       0.000    
