TOTIM (T)      HCON          HMAT      QDIR      QWELL        QMAT       QCADS      QTUB1      QTUB2      QTUB3      QTUB4      QTUB5      QTUB6       NSTOR        QFIX        QLH     FHLQ (LQ)        CAUCHY   CAUCHY (LQ)
     3600.   12.32165527   12.3792   0.000       0.000      0.5032E-04   0.000     0.2601E-02-0.2652E-02  0.000      0.000      0.000      0.000       0.000       0.000       0.000       0.000       0.000       0.000    
     7200.   12.30838344   12.3781   0.000       0.000      0.6097E-04   0.000     0.2369E-02-0.2430E-02  0.000      0.000      0.000      0.000       0.000       0.000       0.000       0.000       0.000       0.000    
    10800.   12.30594427   12.3769   0.000       0.000      0.6208E-04   0.000     0.2410E-02-0.2472E-02  0.000      0.000      0.000      0.000       0.000       0.000       0.000       0.000       0.000       0.000    
    14400.   12.30482145   12.3757   0.000       0.000      0.6206E-04   0.000     0.2432E-02-0.2494E-02  0.000      0.000      0.000      0.000       0.000       0.000       0.000       0.000       0.000       0.000    
    18000.   12.30411286   12.3746   0.000       0.000      0.6169E-04   0.000     0.2446E-02-0.2507E-02  0.000      0.000      0.000      0.000       0.000       0.000       0.000       0.000       0.000       0.000    
    21600.   12.30358278   12.3735   0.000       0.000      0.6121E-04   0.000     0.2455E-02-0.2516E-02  0.000      0.000      0.000      0.000       0.000       0.000       0.000       0.000       0.000       0.000    
    25200.   12.30313335   12.3725   0.000       0.000      0.6069E-04   0.000     0.2461E-02-0.2522E-02  0.000      0.000      0.000      0.000       0.000       0.000       0.000       0.000       0.000       0.000    
    28800.   12.30272112   12.3715   0.000       0.000      0.6017E-04   0.000     0.2466E-02-0.2527E-02  0.000      0.000      0.000      0.000       0.000       0.000       0.000       0.000       0.000       0.000    
    32400.   12.30235068   12.3705   0.000       0.000      0.5965E-04   0.000     0.2470E-02-0.2530E-02  0.000      0.000      0.000      0.000       0.000       0.000       0.000       0.000       0.000       0.000    
    36000.   12.30197931   12.3696   0.000       0.000      0.5917E-04   0.000     0.2474E-02-0.2533E-02  0.000      0.000      0.000      0.000       0.000       0.000       0.000       0.000       0.000       0.000    
    39600.   12.30160708   12.3687   0.000       0.000      0.5872E-04   0.000     0.2478E-02-0.2536E-02  0.000      0.000      0.000      0.000       0.000       0.000       0.000       0.000       0.000       0.000    
    43200.   12.31455494   12.3690   0.000       0.000      0.4761E-04   0.000     0.2712E-02-0.2760E-02  0.000      0.000      0.000      0.000       0.000       0.000       0.000       0.000       0.000       0.000    
    46800.   12.31665034   12.3693   0.000       0.000      0.4608E-04   0.000     0.2674E-02-0.2720E-02  0.000      0.000      0.000      0.000       0.000       0.000       0.000       0.000       0.000       0.000    
    50400.   12.30408689   12.3686   0.000       0.000      0.5642E-04   0.000     0.2423E-02-0.2479E-02  0.000      0.000      0.000      0.000       0.000       0.000       0.000       0.000       0.000       0.000    
    54000.   12.31530698   12.3689   0.000       0.000      0.4686E-04   0.000     0.2684E-02-0.2731E-02  0.000      0.000      0.000      0.000       0.000       0.000       0.000       0.000       0.000       0.000    
    57600.   12.35022648   12.3720   0.000       0.000      0.1906E-04   0.000     0.3234E-02-0.3253E-02  0.000      0.000      0.000      0.000       0.000       0.000       0.000       0.000       0.000       0.000    
    61200.   12.45729858   12.3837   0.000       0.000     -0.6436E-04   0.000     0.4842E-02-0.4777E-02  0.000      0.000      0.000      0.000       0.000       0.000       0.000       0.000       0.000       0.000    
    64800.   12.45233537   12.3937   0.000       0.000     -0.5133E-04   0.000     0.4007E-02-0.3955E-02  0.000      0.000      0.000      0.000       0.000       0.000       0.000       0.000       0.000       0.000    
    68400.   12.45133678   12.4027   0.000       0.000     -0.4253E-04   0.000     0.3763E-02-0.3720E-02  0.000      0.000      0.000      0.000       0.000       0.000       0.000       0.000       0.000       0.000    
    72000.   12.42124113   12.4086   0.000       0.000     -0.1103E-04   0.000     0.3128E-02-0.3117E-02  0.000      0.000      0.000      0.000       0.000       0.000       0.000       0.000       0.000       0.000    
    75600.   12.39152634   12.4118   0.000       0.000      0.1772E-04   0.000     0.2724E-02-0.2741E-02  0.000      0.000      0.000      0.000       0.000       0.000       0.000       0.000       0.000       0.000    
    79200.   12.46698016   12.4212   0.000       0.000     -0.4005E-04   0.000     0.4204E-02-0.4163E-02  0.000      0.000      0.000      0.000       0.000       0.000       0.000       0.000       0.000       0.000    
    82800.   12.48073423   12.4308   0.000       0.000     -0.4368E-04   0.000     0.4000E-02-0.3956E-02  0.000      0.000      0.000      0.000       0.000       0.000       0.000       0.000       0.000       0.000    
    86400.   12.49455345   12.4408   0.000       0.000     -0.4706E-04   0.000     0.3993E-02-0.3946E-02  0.000      0.000      0.000      0.000       0.000       0.000       0.000       0.000       0.000       0.000    
    90000.   12.57440427   12.4566   0.000       0.000     -0.1030E-03   0.000     0.5162E-02-0.5059E-02  0.000      0.000      0.000      0.000       0.000       0.000       0.000       0.000       0.000       0.000    
    93600.   12.75990170   12.4866   0.000       0.000     -0.2392E-03   0.000     0.7745E-02-0.7506E-02  0.000      0.000      0.000      0.000       0.000       0.000       0.000       0.000       0.000       0.000    
    97200.   12.69437858   12.5079   0.000       0.000     -0.1632E-03   0.000     0.5213E-02-0.5050E-02  0.000      0.000      0.000      0.000       0.000       0.000       0.000       0.000       0.000       0.000    
   100800.   12.54980930   12.5157   0.000       0.000     -0.2980E-04   0.000     0.2608E-02-0.2579E-02  0.000      0.000      0.000      0.000       0.000       0.000       0.000       0.000       0.000       0.000    
   104400.   12.48217769   12.5181   0.000       0.000      0.3147E-04   0.000     0.2189E-02-0.2221E-02  0.000      0.000      0.000      0.000       0.000       0.000       0.000       0.000       0.000       0.000    
   108000.   12.46117065   12.5191   0.000       0.000      0.5070E-04   0.000     0.2401E-02-0.2451E-02  0.000      0.000      0.000      0.000       0.000       0.000       0.000       0.000       0.000       0.000    
   111600.   12.42849453   12.5175   0.000       0.000      0.7788E-04   0.000     0.2120E-02-0.2198E-02  0.000      0.000      0.000      0.000       0.000       0.000       0.000       0.000       0.000       0.000    
   115200.   12.40183895   12.5140   0.000       0.000      0.9812E-04   0.000     0.1949E-02-0.2047E-02  0.000      0.000      0.000      0.000       0.000       0.000       0.000       0.000       0.000       0.000    
   118800.   12.38258059   12.5093   0.000       0.000      0.1109E-03   0.000     0.1879E-02-0.1989E-02  0.000      0.000      0.000      0.000       0.000       0.000       0.000       0.000       0.000       0.000    
   122400.   12.39123698   12.5058   0.000       0.000      0.1002E-03   0.000     0.2244E-02-0.2344E-02  0.000      0.000      0.000      0.000       0.000       0.000       0.000       0.000       0.000       0.000    
   126000.   12.37166780   12.5008   0.000       0.000      0.1130E-03   0.000     0.1941E-02-0.2055E-02  0.000      0.000      0.000      0.000       0.000       0.000       0.000       0.000       0.000       0.000    
   129600.   12.42164125   12.5005   0.000       0.000      0.6902E-04   0.000     0.2959E-02-0.3028E-02  0.000      0.000      0.000      0.000       0.000       0.000       0.000       0.000       0.000       0.000    
   133200.   12.39669108   12.4979   0.000       0.000      0.8856E-04   0.000     0.2284E-02-0.2372E-02  0.000      0.000      0.000      0.000       0.000       0.000       0.000       0.000       0.000       0.000    
   136800.   12.38768461   12.4948   0.000       0.000      0.9371E-04   0.000     0.2227E-02-0.2321E-02  0.000      0.000      0.000      0.000       0.000       0.000       0.000       0.000       0.000       0.000    
   140400.   12.36590626   12.4901   0.000       0.000      0.1087E-03   0.000     0.1945E-02-0.2054E-02  0.000      0.000      0.000      0.000       0.000       0.000       0.000       0.000       0.000       0.000    
   144000.   12.36163594   12.4855   0.000       0.000      0.1084E-03   0.000     0.2050E-02-0.2158E-02  0.000      0.000      0.000      0.000       0.000       0.000       0.000       0.000       0.000       0.000    
   147600.   12.35975799   12.4811   0.000       0.000      0.1062E-03   0.000     0.2116E-02-0.2222E-02  0.000      0.000      0.000      0.000       0.000       0.000       0.000       0.000       0.000       0.000    
   151200.   12.35873893   12.4769   0.000       0.000      0.1034E-03   0.000     0.2161E-02-0.2264E-02  0.000      0.000      0.000      0.000       0.000       0.000       0.000       0.000       0.000       0.000    
   154800.   12.35807246   12.4730   0.000       0.000      0.1005E-03   0.000     0.2196E-02-0.2297E-02  0.000      0.000      0.000      0.000       0.000       0.000       0.000       0.000       0.000       0.000    
   158400.   12.37090812   12.4704   0.000       0.000      0.8703E-04   0.000     0.2456E-02-0.2543E-02  0.000      0.000      0.000      0.000       0.000       0.000       0.000       0.000       0.000       0.000    
   162000.   12.42644387   12.4725   0.000       0.000      0.4032E-04   0.000     0.3360E-02-0.3401E-02  0.000      0.000      0.000      0.000       0.000       0.000       0.000       0.000       0.000       0.000    
   165600.   12.42376230   12.4740   0.000       0.000      0.4396E-04   0.000     0.2965E-02-0.3009E-02  0.000      0.000      0.000      0.000       0.000       0.000       0.000       0.000       0.000       0.000    
   169200.   12.37951758   12.4716   0.000       0.000      0.8059E-04   0.000     0.2115E-02-0.2195E-02  0.000      0.000      0.000      0.000       0.000       0.000       0.000       0.000       0.000       0.000    
   172800.   12.36607209   12.4685   0.000       0.000      0.8961E-04   0.000     0.2123E-02-0.2213E-02  0.000      0.000      0.000      0.000       0.000       0.000       0.000       0.000       0.000       0.000    
