TOTIM (T)      HCON          HMAT      QDIR      QWELL        QMAT       QCADS      QTUB1      QTUB2      QTUB3      QTUB4      QTUB5      QTUB6       NSTOR        QFIX        QLH     FHLQ (LQ)        CAUCHY   CAUCHY (LQ)
     3600.   12.32165578   12.3900   0.000       0.000      0.5982E-04   0.000     0.2519E-02-0.2579E-02  0.000      0.000      0.000      0.000       0.000       0.000       0.000       0.000       0.000       0.000    
     7200.   12.30838390   12.3889   0.000       0.000      0.7047E-04   0.000     0.2202E-02-0.2272E-02  0.000      0.000      0.000      0.000       0.000       0.000       0.000       0.000       0.000       0.000    
    10800.   12.30594474   12.3878   0.000       0.000      0.7159E-04   0.000     0.2234E-02-0.2305E-02  0.000      0.000      0.000      0.000       0.000       0.000       0.000       0.000       0.000       0.000    
    14400.   12.30482193   12.3866   0.000       0.000      0.7156E-04   0.000     0.2256E-02-0.2328E-02  0.000      0.000      0.000      0.000       0.000       0.000       0.000       0.000       0.000       0.000    
    18000.   12.30411333   12.3855   0.000       0.000      0.7120E-04   0.000     0.2273E-02-0.2344E-02  0.000      0.000      0.000      0.000       0.000       0.000       0.000       0.000       0.000       0.000    
    21600.   12.30358326   12.3844   0.000       0.000      0.7071E-04   0.000     0.2285E-02-0.2356E-02  0.000      0.000      0.000      0.000       0.000       0.000       0.000       0.000       0.000       0.000    
    25200.   12.30313383   12.3834   0.000       0.000      0.7019E-04   0.000     0.2296E-02-0.2366E-02  0.000      0.000      0.000      0.000       0.000       0.000       0.000       0.000       0.000       0.000    
    28800.   12.30272160   12.3823   0.000       0.000      0.6967E-04   0.000     0.2305E-02-0.2375E-02  0.000      0.000      0.000      0.000       0.000       0.000       0.000       0.000       0.000       0.000    
    32400.   12.30235117   12.3814   0.000       0.000      0.6915E-04   0.000     0.2314E-02-0.2383E-02  0.000      0.000      0.000      0.000       0.000       0.000       0.000       0.000       0.000       0.000    
    36000.   12.30197979   12.3805   0.000       0.000      0.6867E-04   0.000     0.2321E-02-0.2390E-02  0.000      0.000      0.000      0.000       0.000       0.000       0.000       0.000       0.000       0.000    
    39600.   12.30160757   12.3796   0.000       0.000      0.6822E-04   0.000     0.2328E-02-0.2397E-02  0.000      0.000      0.000      0.000       0.000       0.000       0.000       0.000       0.000       0.000    
    43200.   12.31455548   12.3798   0.000       0.000      0.5711E-04   0.000     0.2652E-02-0.2709E-02  0.000      0.000      0.000      0.000       0.000       0.000       0.000       0.000       0.000       0.000    
    46800.   12.31665088   12.3802   0.000       0.000      0.5558E-04   0.000     0.2626E-02-0.2681E-02  0.000      0.000      0.000      0.000       0.000       0.000       0.000       0.000       0.000       0.000    
    50400.   12.30408736   12.3794   0.000       0.000      0.6591E-04   0.000     0.2292E-02-0.2358E-02  0.000      0.000      0.000      0.000       0.000       0.000       0.000       0.000       0.000       0.000    
    54000.   12.31530751   12.3797   0.000       0.000      0.5635E-04   0.000     0.2629E-02-0.2686E-02  0.000      0.000      0.000      0.000       0.000       0.000       0.000       0.000       0.000       0.000    
    57600.   12.35022714   12.3829   0.000       0.000      0.2856E-04   0.000     0.3402E-02-0.3431E-02  0.000      0.000      0.000      0.000       0.000       0.000       0.000       0.000       0.000       0.000    
    61200.   12.45729962   12.3946   0.000       0.000     -0.5487E-04   0.000     0.5677E-02-0.5622E-02  0.000      0.000      0.000      0.000       0.000       0.000       0.000       0.000       0.000       0.000    
    64800.   12.45233623   12.4045   0.000       0.000     -0.4184E-04   0.000     0.4738E-02-0.4696E-02  0.000      0.000      0.000      0.000       0.000       0.000       0.000       0.000       0.000       0.000    
    68400.   12.45133759   12.4136   0.000       0.000     -0.3304E-04   0.000     0.4424E-02-0.4391E-02  0.000      0.000      0.000      0.000       0.000       0.000       0.000       0.000       0.000       0.000    
    72000.   12.42124179   12.4195   0.000       0.000     -0.1541E-05   0.000     0.3537E-02-0.3535E-02  0.000      0.000      0.000      0.000       0.000       0.000       0.000       0.000       0.000       0.000    
    75600.   12.39152690   12.4226   0.000       0.000      0.2722E-04   0.000     0.2902E-02-0.2930E-02  0.000      0.000      0.000      0.000       0.000       0.000       0.000       0.000       0.000       0.000    
    79200.   12.46698106   12.4321   0.000       0.000     -0.3055E-04   0.000     0.4844E-02-0.4814E-02  0.000      0.000      0.000      0.000       0.000       0.000       0.000       0.000       0.000       0.000    
    82800.   12.48073509   12.4417   0.000       0.000     -0.3418E-04   0.000     0.4670E-02-0.4636E-02  0.000      0.000      0.000      0.000       0.000       0.000       0.000       0.000       0.000       0.000    
    86400.   12.49455431   12.4516   0.000       0.000     -0.3755E-04   0.000     0.4690E-02-0.4652E-02  0.000      0.000      0.000      0.000       0.000       0.000       0.000       0.000       0.000       0.000    
    90000.   12.57440539   12.4675   0.000       0.000     -0.9353E-04   0.000     0.6307E-02-0.6213E-02  0.000      0.000      0.000      0.000       0.000       0.000       0.000       0.000       0.000       0.000    
    93600.   12.75991642   12.4974   0.000       0.000     -0.2297E-03   0.000     0.9979E-02-0.9749E-02  0.000      0.000      0.000      0.000       0.000       0.000       0.000       0.000       0.000       0.000    
    97200.   12.69438549   12.5188   0.000       0.000     -0.1537E-03   0.000     0.6839E-02-0.6685E-02  0.000      0.000      0.000      0.000       0.000       0.000       0.000       0.000       0.000       0.000    
   100800.   12.54981051   12.5267   0.000       0.000     -0.2026E-04   0.000     0.3167E-02-0.3147E-02  0.000      0.000      0.000      0.000       0.000       0.000       0.000       0.000       0.000       0.000    
   104400.   12.48217851   12.5291   0.000       0.000      0.4103E-04   0.000     0.2258E-02-0.2299E-02  0.000      0.000      0.000      0.000       0.000       0.000       0.000       0.000       0.000       0.000    
   108000.   12.46117157   12.5301   0.000       0.000      0.6027E-04   0.000     0.2315E-02-0.2375E-02  0.000      0.000      0.000      0.000       0.000       0.000       0.000       0.000       0.000       0.000    
   111600.   12.42849523   12.5285   0.000       0.000      0.8747E-04   0.000     0.1817E-02-0.1905E-02  0.000      0.000      0.000      0.000       0.000       0.000       0.000       0.000       0.000       0.000    
   115200.   12.40183953   12.5250   0.000       0.000      0.1077E-03   0.000     0.1484E-02-0.1592E-02  0.000      0.000      0.000      0.000       0.000       0.000       0.000       0.000       0.000       0.000    
   118800.   12.38258111   12.5203   0.000       0.000      0.1205E-03   0.000     0.1311E-02-0.1432E-02  0.000      0.000      0.000      0.000       0.000       0.000       0.000       0.000       0.000       0.000    
   122400.   12.39123773   12.5168   0.000       0.000      0.1099E-03   0.000     0.1762E-02-0.1872E-02  0.000      0.000      0.000      0.000       0.000       0.000       0.000       0.000       0.000       0.000    
   126000.   12.37166835   12.5119   0.000       0.000      0.1227E-03   0.000     0.1357E-02-0.1480E-02  0.000      0.000      0.000      0.000       0.000       0.000       0.000       0.000       0.000       0.000    
   129600.   12.42164254   12.5116   0.000       0.000      0.7870E-04   0.000     0.2726E-02-0.2805E-02  0.000      0.000      0.000      0.000       0.000       0.000       0.000       0.000       0.000       0.000    
   133200.   12.39669187   12.5090   0.000       0.000      0.9826E-04   0.000     0.1894E-02-0.1993E-02  0.000      0.000      0.000      0.000       0.000       0.000       0.000       0.000       0.000       0.000    
   136800.   12.38768536   12.5059   0.000       0.000      0.1034E-03   0.000     0.1797E-02-0.1900E-02  0.000      0.000      0.000      0.000       0.000       0.000       0.000       0.000       0.000       0.000    
   140400.   12.36590682   12.5012   0.000       0.000      0.1184E-03   0.000     0.1395E-02-0.1514E-02  0.000      0.000      0.000      0.000       0.000       0.000       0.000       0.000       0.000       0.000    
   144000.   12.36163656   12.4966   0.000       0.000      0.1181E-03   0.000     0.1502E-02-0.1620E-02  0.000      0.000      0.000      0.000       0.000       0.000       0.000       0.000       0.000       0.000    
   147600.   12.35975865   12.4923   0.000       0.000      0.1159E-03   0.000     0.1585E-02-0.1701E-02  0.000      0.000      0.000      0.000       0.000       0.000       0.000       0.000       0.000       0.000    
   151200.   12.35873962   12.4881   0.000       0.000      0.1132E-03   0.000     0.1653E-02-0.1766E-02  0.000      0.000      0.000      0.000       0.000       0.000       0.000       0.000       0.000       0.000    
   154800.   12.35807317   12.4842   0.000       0.000      0.1103E-03   0.000     0.1711E-02-0.1821E-02  0.000      0.000      0.000      0.000       0.000       0.000       0.000       0.000       0.000       0.000    
   158400.   12.37090902   12.4816   0.000       0.000      0.9684E-04   0.000     0.2079E-02-0.2175E-02  0.000      0.000      0.000      0.000       0.000       0.000       0.000       0.000       0.000       0.000    
   162000.   12.42644556   12.4838   0.000       0.000      0.5014E-04   0.000     0.3357E-02-0.3407E-02  0.000      0.000      0.000      0.000       0.000       0.000       0.000       0.000       0.000       0.000    
   165600.   12.42376364   12.4852   0.000       0.000      0.5380E-04   0.000     0.2932E-02-0.2986E-02  0.000      0.000      0.000      0.000       0.000       0.000       0.000       0.000       0.000       0.000    
   169200.   12.37951827   12.4829   0.000       0.000      0.9044E-04   0.000     0.1789E-02-0.1879E-02  0.000      0.000      0.000      0.000       0.000       0.000       0.000       0.000       0.000       0.000    
   172800.   12.36607277   12.4797   0.000       0.000      0.9946E-04   0.000     0.1725E-02-0.1825E-02  0.000      0.000      0.000      0.000       0.000       0.000       0.000       0.000       0.000       0.000    
