TOTIM (T)      HCON          HMAT      QDIR      QWELL        QMAT       QCADS      QTUB1      QTUB2      QTUB3      QTUB4      QTUB5      QTUB6       NSTOR        QFIX        QLH     FHLQ (LQ)        CAUCHY   CAUCHY (LQ)
     3600.   12.32165449   11.7683   0.000       0.000     -0.4842E-03   0.000     0.6577E-02-0.6093E-02  0.000      0.000      0.000      0.000       0.000       0.000       0.000       0.000       0.000       0.000    
     7200.   12.30838271   11.7673   0.000       0.000     -0.4734E-03   0.000     0.6169E-02-0.5696E-02  0.000      0.000      0.000      0.000       0.000       0.000       0.000       0.000       0.000       0.000    
    10800.   12.30594353   11.7662   0.000       0.000     -0.4723E-03   0.000     0.6287E-02-0.5814E-02  0.000      0.000      0.000      0.000       0.000       0.000       0.000       0.000       0.000       0.000    
    14400.   12.30482071   11.7651   0.000       0.000     -0.4723E-03   0.000     0.6350E-02-0.5878E-02  0.000      0.000      0.000      0.000       0.000       0.000       0.000       0.000       0.000       0.000    
    18000.   12.30411211   11.7641   0.000       0.000     -0.4725E-03   0.000     0.6382E-02-0.5909E-02  0.000      0.000      0.000      0.000       0.000       0.000       0.000       0.000       0.000       0.000    
    21600.   12.30358203   11.7632   0.000       0.000     -0.4729E-03   0.000     0.6397E-02-0.5925E-02  0.000      0.000      0.000      0.000       0.000       0.000       0.000       0.000       0.000       0.000    
    25200.   12.30313259   11.7624   0.000       0.000     -0.4732E-03   0.000     0.6406E-02-0.5933E-02  0.000      0.000      0.000      0.000       0.000       0.000       0.000       0.000       0.000       0.000    
    28800.   12.30272037   11.7616   0.000       0.000     -0.4734E-03   0.000     0.6411E-02-0.5938E-02  0.000      0.000      0.000      0.000       0.000       0.000       0.000       0.000       0.000       0.000    
    32400.   12.30234993   11.7610   0.000       0.000     -0.4737E-03   0.000     0.6412E-02-0.5939E-02  0.000      0.000      0.000      0.000       0.000       0.000       0.000       0.000       0.000       0.000    
    36000.   12.30197856   11.7604   0.000       0.000     -0.4739E-03   0.000     0.6414E-02-0.5940E-02  0.000      0.000      0.000      0.000       0.000       0.000       0.000       0.000       0.000       0.000    
    39600.   12.30160633   11.7598   0.000       0.000     -0.4741E-03   0.000     0.6415E-02-0.5941E-02  0.000      0.000      0.000      0.000       0.000       0.000       0.000       0.000       0.000       0.000    
    43200.   12.31455413   11.7603   0.000       0.000     -0.4850E-03   0.000     0.6820E-02-0.6335E-02  0.000      0.000      0.000      0.000       0.000       0.000       0.000       0.000       0.000       0.000    
    46800.   12.31664955   11.7610   0.000       0.000     -0.4862E-03   0.000     0.6702E-02-0.6216E-02  0.000      0.000      0.000      0.000       0.000       0.000       0.000       0.000       0.000       0.000    
    50400.   12.30408615   11.7606   0.000       0.000     -0.4755E-03   0.000     0.6235E-02-0.5759E-02  0.000      0.000      0.000      0.000       0.000       0.000       0.000       0.000       0.000       0.000    
    54000.   12.31530618   11.7610   0.000       0.000     -0.4850E-03   0.000     0.6725E-02-0.6240E-02  0.000      0.000      0.000      0.000       0.000       0.000       0.000       0.000       0.000       0.000    
    57600.   12.35022308   11.7641   0.000       0.000     -0.5129E-03   0.000     0.7657E-02-0.7144E-02  0.000      0.000      0.000      0.000       0.000       0.000       0.000       0.000       0.000       0.000    
    61200.   12.45729265   11.7752   0.000       0.000     -0.5969E-03   0.000     0.1031E-01-0.9717E-02  0.000      0.000      0.000      0.000       0.000       0.000       0.000       0.000       0.000       0.000    
    64800.   12.45233125   11.7852   0.000       0.000     -0.5837E-03   0.000     0.8432E-02-0.7849E-02  0.000      0.000      0.000      0.000       0.000       0.000       0.000       0.000       0.000       0.000    
    68400.   12.45133313   11.7938   0.000       0.000     -0.5753E-03   0.000     0.7891E-02-0.7316E-02  0.000      0.000      0.000      0.000       0.000       0.000       0.000       0.000       0.000       0.000    
    72000.   12.42123835   11.7987   0.000       0.000     -0.5447E-03   0.000     0.6801E-02-0.6257E-02  0.000      0.000      0.000      0.000       0.000       0.000       0.000       0.000       0.000       0.000    
    75600.   12.39152396   11.8003   0.000       0.000     -0.5173E-03   0.000     0.6254E-02-0.5737E-02  0.000      0.000      0.000      0.000       0.000       0.000       0.000       0.000       0.000       0.000    
    79200.   12.46697552   11.8072   0.000       0.000     -0.5773E-03   0.000     0.9029E-02-0.8452E-02  0.000      0.000      0.000      0.000       0.000       0.000       0.000       0.000       0.000       0.000    
    82800.   12.48073006   11.8147   0.000       0.000     -0.5828E-03   0.000     0.8501E-02-0.7919E-02  0.000      0.000      0.000      0.000       0.000       0.000       0.000       0.000       0.000       0.000    
    86400.   12.49454937   11.8225   0.000       0.000     -0.5880E-03   0.000     0.8393E-02-0.7805E-02  0.000      0.000      0.000      0.000       0.000       0.000       0.000       0.000       0.000       0.000    
    90000.   12.57439821   11.8355   0.000       0.000     -0.6465E-03   0.000     0.1039E-01-0.9740E-02  0.000      0.000      0.000      0.000       0.000       0.000       0.000       0.000       0.000       0.000    
    93600.   12.75988794   11.8617   0.000       0.000     -0.7859E-03   0.000     0.1463E-01-0.1384E-01  0.000      0.000      0.000      0.000       0.000       0.000       0.000       0.000       0.000       0.000    
    97200.   12.69437241   11.8809   0.000       0.000     -0.7118E-03   0.000     0.9519E-02-0.8808E-02  0.000      0.000      0.000      0.000       0.000       0.000       0.000       0.000       0.000       0.000    
   100800.   12.54980791   11.8858   0.000       0.000     -0.5810E-03   0.000     0.5043E-02-0.4462E-02  0.000      0.000      0.000      0.000       0.000       0.000       0.000       0.000       0.000       0.000    
   104400.   12.48217642   11.8834   0.000       0.000     -0.5239E-03   0.000     0.4984E-02-0.4460E-02  0.000      0.000      0.000      0.000       0.000       0.000       0.000       0.000       0.000       0.000    
   108000.   12.46116902   11.8790   0.000       0.000     -0.5094E-03   0.000     0.5920E-02-0.5411E-02  0.000      0.000      0.000      0.000       0.000       0.000       0.000       0.000       0.000       0.000    
   111600.   12.42849303   11.8728   0.000       0.000     -0.4862E-03   0.000     0.5737E-02-0.5251E-02  0.000      0.000      0.000      0.000       0.000       0.000       0.000       0.000       0.000       0.000    
   115200.   12.40183752   11.8655   0.000       0.000     -0.4693E-03   0.000     0.5672E-02-0.5202E-02  0.000      0.000      0.000      0.000       0.000       0.000       0.000       0.000       0.000       0.000    
   118800.   12.38257915   11.8579   0.000       0.000     -0.4591E-03   0.000     0.5729E-02-0.5270E-02  0.000      0.000      0.000      0.000       0.000       0.000       0.000       0.000       0.000       0.000    
   122400.   12.39123519   11.8522   0.000       0.000     -0.4717E-03   0.000     0.6490E-02-0.6018E-02  0.000      0.000      0.000      0.000       0.000       0.000       0.000       0.000       0.000       0.000    
   126000.   12.37166627   11.8461   0.000       0.000     -0.4598E-03   0.000     0.5961E-02-0.5501E-02  0.000      0.000      0.000      0.000       0.000       0.000       0.000       0.000       0.000       0.000    
   129600.   12.42163747   11.8449   0.000       0.000     -0.5047E-03   0.000     0.7780E-02-0.7275E-02  0.000      0.000      0.000      0.000       0.000       0.000       0.000       0.000       0.000       0.000    
   133200.   12.39668847   11.8425   0.000       0.000     -0.4849E-03   0.000     0.6427E-02-0.5942E-02  0.000      0.000      0.000      0.000       0.000       0.000       0.000       0.000       0.000       0.000    
   136800.   12.38768207   11.8397   0.000       0.000     -0.4795E-03   0.000     0.6332E-02-0.5853E-02  0.000      0.000      0.000      0.000       0.000       0.000       0.000       0.000       0.000       0.000    
   140400.   12.36590407   11.8357   0.000       0.000     -0.4640E-03   0.000     0.5876E-02-0.5412E-02  0.000      0.000      0.000      0.000       0.000       0.000       0.000       0.000       0.000       0.000    
   144000.   12.36163357   11.8317   0.000       0.000     -0.4637E-03   0.000     0.6133E-02-0.5669E-02  0.000      0.000      0.000      0.000       0.000       0.000       0.000       0.000       0.000       0.000    
   147600.   12.35975551   11.8282   0.000       0.000     -0.4651E-03   0.000     0.6276E-02-0.5811E-02  0.000      0.000      0.000      0.000       0.000       0.000       0.000       0.000       0.000       0.000    
   151200.   12.35873639   11.8251   0.000       0.000     -0.4669E-03   0.000     0.6348E-02-0.5881E-02  0.000      0.000      0.000      0.000       0.000       0.000       0.000       0.000       0.000       0.000    
   154800.   12.35806989   11.8224   0.000       0.000     -0.4687E-03   0.000     0.6390E-02-0.5921E-02  0.000      0.000      0.000      0.000       0.000       0.000       0.000       0.000       0.000       0.000    
   158400.   12.37090520   11.8211   0.000       0.000     -0.4810E-03   0.000     0.6819E-02-0.6338E-02  0.000      0.000      0.000      0.000       0.000       0.000       0.000       0.000       0.000       0.000    
   162000.   12.42643953   11.8244   0.000       0.000     -0.5268E-03   0.000     0.8320E-02-0.7793E-02  0.000      0.000      0.000      0.000       0.000       0.000       0.000       0.000       0.000       0.000    
   165600.   12.42375882   11.8274   0.000       0.000     -0.5218E-03   0.000     0.7390E-02-0.6868E-02  0.000      0.000      0.000      0.000       0.000       0.000       0.000       0.000       0.000       0.000    
   169200.   12.37951538   11.8267   0.000       0.000     -0.4837E-03   0.000     0.5823E-02-0.5339E-02  0.000      0.000      0.000      0.000       0.000       0.000       0.000       0.000       0.000       0.000    
   172800.   12.36606979   11.8246   0.000       0.000     -0.4738E-03   0.000     0.5975E-02-0.5501E-02  0.000      0.000      0.000      0.000       0.000       0.000       0.000       0.000       0.000       0.000    
