TOTIM (T)      HCON          HMAT      QDIR      QWELL        QMAT       QCADS      QTUB1      QTUB2      QTUB3      QTUB4      QTUB5      QTUB6       NSTOR        QFIX        QLH     FHLQ (LQ)        CAUCHY   CAUCHY (LQ)
     3600.   12.32165600   12.4089   0.000       0.000      0.7636E-04   0.000     0.2533E-02-0.2609E-02  0.000      0.000      0.000      0.000       0.000       0.000       0.000       0.000       0.000       0.000    
     7200.   12.30838411   12.4078   0.000       0.000      0.8701E-04   0.000     0.2222E-02-0.2309E-02  0.000      0.000      0.000      0.000       0.000       0.000       0.000       0.000       0.000       0.000    
    10800.   12.30594495   12.4067   0.000       0.000      0.8812E-04   0.000     0.2240E-02-0.2328E-02  0.000      0.000      0.000      0.000       0.000       0.000       0.000       0.000       0.000       0.000    
    14400.   12.30482214   12.4055   0.000       0.000      0.8810E-04   0.000     0.2262E-02-0.2350E-02  0.000      0.000      0.000      0.000       0.000       0.000       0.000       0.000       0.000       0.000    
    18000.   12.30411355   12.4044   0.000       0.000      0.8774E-04   0.000     0.2278E-02-0.2366E-02  0.000      0.000      0.000      0.000       0.000       0.000       0.000       0.000       0.000       0.000    
    21600.   12.30358347   12.4033   0.000       0.000      0.8725E-04   0.000     0.2292E-02-0.2379E-02  0.000      0.000      0.000      0.000       0.000       0.000       0.000       0.000       0.000       0.000    
    25200.   12.30313404   12.4023   0.000       0.000      0.8673E-04   0.000     0.2304E-02-0.2391E-02  0.000      0.000      0.000      0.000       0.000       0.000       0.000       0.000       0.000       0.000    
    28800.   12.30272182   12.4012   0.000       0.000      0.8621E-04   0.000     0.2314E-02-0.2401E-02  0.000      0.000      0.000      0.000       0.000       0.000       0.000       0.000       0.000       0.000    
    32400.   12.30235138   12.4003   0.000       0.000      0.8569E-04   0.000     0.2324E-02-0.2410E-02  0.000      0.000      0.000      0.000       0.000       0.000       0.000       0.000       0.000       0.000    
    36000.   12.30198001   12.3994   0.000       0.000      0.8521E-04   0.000     0.2333E-02-0.2418E-02  0.000      0.000      0.000      0.000       0.000       0.000       0.000       0.000       0.000       0.000    
    39600.   12.30160778   12.3985   0.000       0.000      0.8476E-04   0.000     0.2341E-02-0.2426E-02  0.000      0.000      0.000      0.000       0.000       0.000       0.000       0.000       0.000       0.000    
    43200.   12.31455570   12.3987   0.000       0.000      0.7365E-04   0.000     0.2658E-02-0.2732E-02  0.000      0.000      0.000      0.000       0.000       0.000       0.000       0.000       0.000       0.000    
    46800.   12.31665110   12.3991   0.000       0.000      0.7212E-04   0.000     0.2648E-02-0.2720E-02  0.000      0.000      0.000      0.000       0.000       0.000       0.000       0.000       0.000       0.000    
    50400.   12.30408757   12.3983   0.000       0.000      0.8245E-04   0.000     0.2323E-02-0.2406E-02  0.000      0.000      0.000      0.000       0.000       0.000       0.000       0.000       0.000       0.000    
    54000.   12.31530773   12.3986   0.000       0.000      0.7289E-04   0.000     0.2640E-02-0.2713E-02  0.000      0.000      0.000      0.000       0.000       0.000       0.000       0.000       0.000       0.000    
    57600.   12.35022738   12.4018   0.000       0.000      0.4510E-04   0.000     0.3408E-02-0.3453E-02  0.000      0.000      0.000      0.000       0.000       0.000       0.000       0.000       0.000       0.000    
    61200.   12.45730798   12.4135   0.000       0.000     -0.3833E-04   0.000     0.5667E-02-0.5629E-02  0.000      0.000      0.000      0.000       0.000       0.000       0.000       0.000       0.000       0.000    
    64800.   12.45234202   12.4234   0.000       0.000     -0.2530E-04   0.000     0.4852E-02-0.4827E-02  0.000      0.000      0.000      0.000       0.000       0.000       0.000       0.000       0.000       0.000    
    68400.   12.45134259   12.4325   0.000       0.000     -0.1649E-04   0.000     0.4518E-02-0.4502E-02  0.000      0.000      0.000      0.000       0.000       0.000       0.000       0.000       0.000       0.000    
    72000.   12.42124535   12.4384   0.000       0.000      0.1501E-04   0.000     0.3634E-02-0.3649E-02  0.000      0.000      0.000      0.000       0.000       0.000       0.000       0.000       0.000       0.000    
    75600.   12.39152970   12.4415   0.000       0.000      0.4376E-04   0.000     0.2969E-02-0.3013E-02  0.000      0.000      0.000      0.000       0.000       0.000       0.000       0.000       0.000       0.000    
    79200.   12.46698730   12.4510   0.000       0.000     -0.1401E-04   0.000     0.4829E-02-0.4815E-02  0.000      0.000      0.000      0.000       0.000       0.000       0.000       0.000       0.000       0.000    
    82800.   12.48074081   12.4606   0.000       0.000     -0.1764E-04   0.000     0.4731E-02-0.4714E-02  0.000      0.000      0.000      0.000       0.000       0.000       0.000       0.000       0.000       0.000    
    86400.   12.49455991   12.4705   0.000       0.000     -0.2101E-04   0.000     0.4747E-02-0.4726E-02  0.000      0.000      0.000      0.000       0.000       0.000       0.000       0.000       0.000       0.000    
    90000.   12.57441438   12.4864   0.000       0.000     -0.7699E-04   0.000     0.6324E-02-0.6247E-02  0.000      0.000      0.000      0.000       0.000       0.000       0.000       0.000       0.000       0.000    
    93600.   12.75992572   12.5163   0.000       0.000     -0.2131E-03   0.000     0.9979E-02-0.9766E-02  0.000      0.000      0.000      0.000       0.000       0.000       0.000       0.000       0.000       0.000    
    97200.   12.69439004   12.5377   0.000       0.000     -0.1371E-03   0.000     0.7072E-02-0.6935E-02  0.000      0.000      0.000      0.000       0.000       0.000       0.000       0.000       0.000       0.000    
   100800.   12.54981163   12.5455   0.000       0.000     -0.3734E-05   0.000     0.3361E-02-0.3358E-02  0.000      0.000      0.000      0.000       0.000       0.000       0.000       0.000       0.000       0.000    
   104400.   12.48217929   12.5479   0.000       0.000      0.5755E-04   0.000     0.2292E-02-0.2349E-02  0.000      0.000      0.000      0.000       0.000       0.000       0.000       0.000       0.000       0.000    
   108000.   12.46117253   12.5489   0.000       0.000      0.7678E-04   0.000     0.2270E-02-0.2347E-02  0.000      0.000      0.000      0.000       0.000       0.000       0.000       0.000       0.000       0.000    
   111600.   12.42849609   12.5473   0.000       0.000      0.1040E-03   0.000     0.1759E-02-0.1863E-02  0.000      0.000      0.000      0.000       0.000       0.000       0.000       0.000       0.000       0.000    
   115200.   12.40184032   12.5438   0.000       0.000      0.1242E-03   0.000     0.1397E-02-0.1521E-02  0.000      0.000      0.000      0.000       0.000       0.000       0.000       0.000       0.000       0.000    
   118800.   12.38258188   12.5391   0.000       0.000      0.1370E-03   0.000     0.1200E-02-0.1337E-02  0.000      0.000      0.000      0.000       0.000       0.000       0.000       0.000       0.000       0.000    
   122400.   12.39123872   12.5356   0.000       0.000      0.1263E-03   0.000     0.1624E-02-0.1750E-02  0.000      0.000      0.000      0.000       0.000       0.000       0.000       0.000       0.000       0.000    
   126000.   12.37166919   12.5307   0.000       0.000      0.1391E-03   0.000     0.1241E-02-0.1380E-02  0.000      0.000      0.000      0.000       0.000       0.000       0.000       0.000       0.000       0.000    
   129600.   12.42164401   12.5304   0.000       0.000      0.9513E-04   0.000     0.2562E-02-0.2657E-02  0.000      0.000      0.000      0.000       0.000       0.000       0.000       0.000       0.000       0.000    
   133200.   12.39669292   12.5278   0.000       0.000      0.1147E-03   0.000     0.1806E-02-0.1920E-02  0.000      0.000      0.000      0.000       0.000       0.000       0.000       0.000       0.000       0.000    
   136800.   12.38768633   12.5246   0.000       0.000      0.1198E-03   0.000     0.1682E-02-0.1802E-02  0.000      0.000      0.000      0.000       0.000       0.000       0.000       0.000       0.000       0.000    
   140400.   12.36590764   12.5200   0.000       0.000      0.1348E-03   0.000     0.1284E-02-0.1418E-02  0.000      0.000      0.000      0.000       0.000       0.000       0.000       0.000       0.000       0.000    
   144000.   12.36163744   12.5154   0.000       0.000      0.1345E-03   0.000     0.1370E-02-0.1504E-02  0.000      0.000      0.000      0.000       0.000       0.000       0.000       0.000       0.000       0.000    
   147600.   12.35975958   12.5110   0.000       0.000      0.1323E-03   0.000     0.1455E-02-0.1587E-02  0.000      0.000      0.000      0.000       0.000       0.000       0.000       0.000       0.000       0.000    
   151200.   12.35874058   12.5068   0.000       0.000      0.1295E-03   0.000     0.1527E-02-0.1656E-02  0.000      0.000      0.000      0.000       0.000       0.000       0.000       0.000       0.000       0.000    
   154800.   12.35807415   12.5029   0.000       0.000      0.1267E-03   0.000     0.1590E-02-0.1716E-02  0.000      0.000      0.000      0.000       0.000       0.000       0.000       0.000       0.000       0.000    
   158400.   12.37091016   12.5003   0.000       0.000      0.1132E-03   0.000     0.1956E-02-0.2069E-02  0.000      0.000      0.000      0.000       0.000       0.000       0.000       0.000       0.000       0.000    
   162000.   12.42644737   12.5024   0.000       0.000      0.6648E-04   0.000     0.3226E-02-0.3292E-02  0.000      0.000      0.000      0.000       0.000       0.000       0.000       0.000       0.000       0.000    
   165600.   12.42376516   12.5039   0.000       0.000      0.7013E-04   0.000     0.2873E-02-0.2943E-02  0.000      0.000      0.000      0.000       0.000       0.000       0.000       0.000       0.000       0.000    
   169200.   12.37951919   12.5015   0.000       0.000      0.1068E-03   0.000     0.1749E-02-0.1856E-02  0.000      0.000      0.000      0.000       0.000       0.000       0.000       0.000       0.000       0.000    
   172800.   12.36607367   12.4984   0.000       0.000      0.1158E-03   0.000     0.1641E-02-0.1757E-02  0.000      0.000      0.000      0.000       0.000       0.000       0.000       0.000       0.000       0.000    
