TOTIM (T)      HCON          HMAT      QDIR      QWELL        QMAT       QCADS      QTUB1      QTUB2      QTUB3      QTUB4      QTUB5      QTUB6       NSTOR        QFIX        QLH     FHLQ (LQ)        CAUCHY   CAUCHY (LQ)
     3600.   12.32165657   12.4741   0.000       0.000      0.1334E-03   0.000     0.4832E-03 0.4511E-03-0.1068E-02  0.000      0.000      0.000       0.000       0.000       0.000       0.000       0.000       0.000    
     7200.   12.30838453   12.4732   0.000       0.000      0.1442E-03   0.000     0.4938E-03-0.4739E-04-0.5906E-03  0.000      0.000      0.000       0.000       0.000       0.000       0.000       0.000       0.000    
    10800.   12.30594537   12.4724   0.000       0.000      0.1456E-03   0.000     0.4950E-03-0.3488E-04-0.6057E-03  0.000      0.000      0.000       0.000       0.000       0.000       0.000       0.000       0.000    
    14400.   12.30482257   12.4717   0.000       0.000      0.1461E-03   0.000     0.4949E-03-0.1215E-04-0.6289E-03  0.000      0.000      0.000       0.000       0.000       0.000       0.000       0.000       0.000    
    18000.   12.30411399   12.4712   0.000       0.000      0.1462E-03   0.000     0.4946E-03 0.9649E-05-0.6505E-03  0.000      0.000      0.000       0.000       0.000       0.000       0.000       0.000       0.000    
    21600.   12.30358392   12.4709   0.000       0.000      0.1464E-03   0.000     0.4942E-03 0.2994E-04-0.6705E-03  0.000      0.000      0.000       0.000       0.000       0.000       0.000       0.000       0.000    
    25200.   12.30313449   12.4706   0.000       0.000      0.1466E-03   0.000     0.4937E-03 0.4876E-04-0.6890E-03  0.000      0.000      0.000       0.000       0.000       0.000       0.000       0.000       0.000    
    28800.   12.30272227   12.4705   0.000       0.000      0.1468E-03   0.000     0.4932E-03 0.6618E-04-0.7062E-03  0.000      0.000      0.000       0.000       0.000       0.000       0.000       0.000       0.000    
    32400.   12.30235184   12.4705   0.000       0.000      0.1471E-03   0.000     0.4928E-03 0.8224E-04-0.7221E-03  0.000      0.000      0.000       0.000       0.000       0.000       0.000       0.000       0.000    
    36000.   12.30198047   12.4705   0.000       0.000      0.1474E-03   0.000     0.4924E-03 0.9715E-04-0.7370E-03  0.000      0.000      0.000       0.000       0.000       0.000       0.000       0.000       0.000    
    39600.   12.30160825   12.4706   0.000       0.000      0.1478E-03   0.000     0.4920E-03 0.1109E-03-0.7508E-03  0.000      0.000      0.000       0.000       0.000       0.000       0.000       0.000       0.000    
    43200.   12.31455632   12.4716   0.000       0.000      0.1374E-03   0.000     0.4810E-03 0.6221E-03-0.1241E-02  0.000      0.000      0.000       0.000       0.000       0.000       0.000       0.000       0.000    
    46800.   12.31665172   12.4726   0.000       0.000      0.1365E-03   0.000     0.4796E-03 0.6215E-03-0.1237E-02  0.000      0.000      0.000       0.000       0.000       0.000       0.000       0.000       0.000    
    50400.   12.30408804   12.4725   0.000       0.000      0.1474E-03   0.000     0.4900E-03 0.1113E-03-0.7487E-03  0.000      0.000      0.000       0.000       0.000       0.000       0.000       0.000       0.000    
    54000.   12.31530835   12.4734   0.000       0.000      0.1383E-03   0.000     0.4805E-03 0.6105E-03-0.1229E-02  0.000      0.000      0.000       0.000       0.000       0.000       0.000       0.000       0.000    
    57600.   12.35022837   12.4765   0.000       0.000      0.1105E-03   0.000     0.4528E-03 0.1856E-02-0.2419E-02  0.000      0.000      0.000       0.000       0.000       0.000       0.000       0.000       0.000    
    61200.   12.45730200   12.4861   0.000       0.000      0.2520E-04   0.000     0.3694E-03 0.5550E-02-0.5945E-02  0.000      0.000      0.000       0.000       0.000       0.000       0.000       0.000       0.000    
    64800.   12.45233819   12.4927   0.000       0.000      0.3530E-04   0.000     0.3824E-03 0.4393E-02-0.4810E-02  0.000      0.000      0.000       0.000       0.000       0.000       0.000       0.000       0.000    
    68400.   12.45133941   12.4975   0.000       0.000      0.4036E-04   0.000     0.3911E-03 0.3933E-02-0.4364E-02  0.000      0.000      0.000       0.000       0.000       0.000       0.000       0.000       0.000    
    72000.   12.42124317   12.4988   0.000       0.000      0.6784E-04   0.000     0.4224E-03 0.2515E-02-0.3005E-02  0.000      0.000      0.000       0.000       0.000       0.000       0.000       0.000       0.000    
    75600.   12.39152794   12.4975   0.000       0.000      0.9270E-04   0.000     0.4509E-03 0.1396E-02-0.1939E-02  0.000      0.000      0.000       0.000       0.000       0.000       0.000       0.000       0.000    
    79200.   12.46698303   12.5015   0.000       0.000      0.3021E-04   0.000     0.3928E-03 0.4325E-02-0.4748E-02  0.000      0.000      0.000       0.000       0.000       0.000       0.000       0.000       0.000    
    82800.   12.48073700   12.5050   0.000       0.000      0.2119E-04   0.000     0.3888E-03 0.4218E-02-0.4628E-02  0.000      0.000      0.000       0.000       0.000       0.000       0.000       0.000       0.000    
    86400.   12.49455624   12.5081   0.000       0.000      0.1185E-04   0.000     0.3849E-03 0.4302E-02-0.4699E-02  0.000      0.000      0.000       0.000       0.000       0.000       0.000       0.000       0.000    
    90000.   12.57440813   12.5157   0.000       0.000     -0.5136E-04   0.000     0.3283E-03 0.6879E-02-0.7156E-02  0.000      0.000      0.000       0.000       0.000       0.000       0.000       0.000       0.000    
    93600.   12.75996786   12.5344   0.000       0.000     -0.1974E-03   0.000     0.1914E-03 0.1288E-01-0.1287E-01  0.000      0.000      0.000       0.000       0.000       0.000       0.000       0.000       0.000    
    97200.   12.69440955   12.5434   0.000       0.000     -0.1322E-03   0.000     0.2665E-03 0.8457E-02-0.8592E-02  0.000      0.000      0.000       0.000       0.000       0.000       0.000       0.000       0.000    
   100800.   12.54981414   12.5396   0.000       0.000     -0.8955E-05   0.000     0.3988E-03 0.2529E-02-0.2919E-02  0.000      0.000      0.000       0.000       0.000       0.000       0.000       0.000       0.000    
   104400.   12.48217960   12.5315   0.000       0.000      0.4313E-04   0.000     0.4590E-03 0.5893E-03-0.1091E-02  0.000      0.000      0.000       0.000       0.000       0.000       0.000       0.000       0.000    
   108000.   12.46117261   12.5230   0.000       0.000      0.5412E-04   0.000     0.4771E-03 0.3301E-03-0.8614E-03  0.000      0.000      0.000       0.000       0.000       0.000       0.000       0.000       0.000    
   111600.   12.42849579   12.5133   0.000       0.000      0.7418E-04   0.000     0.5032E-03-0.6208E-03 0.4342E-04  0.000      0.000      0.000       0.000       0.000       0.000       0.000       0.000       0.000    
   115200.   12.40183980   12.5030   0.000       0.000      0.8850E-04   0.000     0.5223E-03-0.1290E-02 0.6793E-03  0.000      0.000      0.000       0.000       0.000       0.000       0.000       0.000       0.000    
   118800.   12.38258125   12.4929   0.000       0.000      0.9652E-04   0.000     0.5339E-03-0.1673E-02 0.1042E-02  0.000      0.000      0.000       0.000       0.000       0.000       0.000       0.000       0.000    
   122400.   12.39123810   12.4850   0.000       0.000      0.8208E-04   0.000     0.5222E-03-0.1035E-02 0.4311E-03  0.000      0.000      0.000       0.000       0.000       0.000       0.000       0.000       0.000    
   126000.   12.37166851   12.4770   0.000       0.000      0.9215E-04   0.000     0.5339E-03-0.1653E-02 0.1027E-02  0.000      0.000      0.000       0.000       0.000       0.000       0.000       0.000       0.000    
   129600.   12.42164347   12.4740   0.000       0.000      0.4578E-04   0.000     0.4889E-03 0.4683E-03-0.1003E-02  0.000      0.000      0.000       0.000       0.000       0.000       0.000       0.000       0.000    
   133200.   12.39669234   12.4694   0.000       0.000      0.6362E-04   0.000     0.5075E-03-0.6919E-03 0.1208E-03  0.000      0.000      0.000       0.000       0.000       0.000       0.000       0.000       0.000    
   136800.   12.38768577   12.4651   0.000       0.000      0.6774E-04   0.000     0.5118E-03-0.8743E-03 0.2948E-03  0.000      0.000      0.000       0.000       0.000       0.000       0.000       0.000       0.000    
   140400.   12.36590701   12.4602   0.000       0.000      0.8248E-04   0.000     0.5259E-03-0.1528E-02 0.9196E-03  0.000      0.000      0.000       0.000       0.000       0.000       0.000       0.000       0.000    
   144000.   12.36163680   12.4561   0.000       0.000      0.8267E-04   0.000     0.5248E-03-0.1415E-02 0.8080E-03  0.000      0.000      0.000       0.000       0.000       0.000       0.000       0.000       0.000    
   147600.   12.35975893   12.4530   0.000       0.000      0.8154E-04   0.000     0.5219E-03-0.1294E-02 0.6902E-03  0.000      0.000      0.000       0.000       0.000       0.000       0.000       0.000       0.000    
   151200.   12.35873993   12.4506   0.000       0.000      0.8040E-04   0.000     0.5185E-03-0.1180E-02 0.5807E-03  0.000      0.000      0.000       0.000       0.000       0.000       0.000       0.000       0.000    
   154800.   12.35807352   12.4490   0.000       0.000      0.7959E-04   0.000     0.5151E-03-0.1074E-02 0.4790E-03  0.000      0.000      0.000       0.000       0.000       0.000       0.000       0.000       0.000    
   158400.   12.37090958   12.4490   0.000       0.000      0.6836E-04   0.000     0.5010E-03-0.4772E-03-0.9223E-04  0.000      0.000      0.000       0.000       0.000       0.000       0.000       0.000       0.000    
   162000.   12.42644691   12.4533   0.000       0.000      0.2348E-04   0.000     0.4539E-03 0.1594E-02-0.2071E-02  0.000      0.000      0.000       0.000       0.000       0.000       0.000       0.000       0.000    
   165600.   12.42376476   12.4566   0.000       0.000      0.2872E-04   0.000     0.4571E-03 0.1107E-02-0.1593E-02  0.000      0.000      0.000       0.000       0.000       0.000       0.000       0.000       0.000    
   169200.   12.37951872   12.4564   0.000       0.000      0.6728E-04   0.000     0.4933E-03-0.6599E-03 0.9934E-04  0.000      0.000      0.000       0.000       0.000       0.000       0.000       0.000       0.000    
   172800.   12.36607316   12.4559   0.000       0.000      0.7858E-04   0.000     0.5020E-03-0.8783E-03 0.2977E-03  0.000      0.000      0.000       0.000       0.000       0.000       0.000       0.000       0.000    
