TOTIM (T)      HCON          HMAT      QDIR      QWELL        QMAT       QCADS      QTUB1      QTUB2      QTUB3      QTUB4      QTUB5      QTUB6       NSTOR        QFIX        QLH     FHLQ (LQ)        CAUCHY   CAUCHY (LQ)
     3600.   12.32165630   12.3587   0.000       0.000      0.3243E-04   0.000     0.1766E-02-0.1798E-02  0.000      0.000      0.000      0.000       0.000       0.000       0.000       0.000       0.000       0.000    
     7200.   12.30838437   12.3576   0.000       0.000      0.4308E-04   0.000     0.1474E-02-0.1517E-02  0.000      0.000      0.000      0.000       0.000       0.000       0.000       0.000       0.000       0.000    
    10800.   12.30594521   12.3564   0.000       0.000      0.4419E-04   0.000     0.1489E-02-0.1533E-02  0.000      0.000      0.000      0.000       0.000       0.000       0.000       0.000       0.000       0.000    
    14400.   12.30482241   12.3553   0.000       0.000      0.4416E-04   0.000     0.1510E-02-0.1554E-02  0.000      0.000      0.000      0.000       0.000       0.000       0.000       0.000       0.000       0.000    
    18000.   12.30411382   12.3542   0.000       0.000      0.4380E-04   0.000     0.1525E-02-0.1569E-02  0.000      0.000      0.000      0.000       0.000       0.000       0.000       0.000       0.000       0.000    
    21600.   12.30358375   12.3531   0.000       0.000      0.4332E-04   0.000     0.1538E-02-0.1582E-02  0.000      0.000      0.000      0.000       0.000       0.000       0.000       0.000       0.000       0.000    
    25200.   12.30313432   12.3520   0.000       0.000      0.4280E-04   0.000     0.1549E-02-0.1592E-02  0.000      0.000      0.000      0.000       0.000       0.000       0.000       0.000       0.000       0.000    
    28800.   12.30272209   12.3510   0.000       0.000      0.4228E-04   0.000     0.1559E-02-0.1602E-02  0.000      0.000      0.000      0.000       0.000       0.000       0.000       0.000       0.000       0.000    
    32400.   12.30235166   12.3501   0.000       0.000      0.4176E-04   0.000     0.1568E-02-0.1610E-02  0.000      0.000      0.000      0.000       0.000       0.000       0.000       0.000       0.000       0.000    
    36000.   12.30198029   12.3492   0.000       0.000      0.4127E-04   0.000     0.1577E-02-0.1618E-02  0.000      0.000      0.000      0.000       0.000       0.000       0.000       0.000       0.000       0.000    
    39600.   12.30160806   12.3483   0.000       0.000      0.4082E-04   0.000     0.1584E-02-0.1625E-02  0.000      0.000      0.000      0.000       0.000       0.000       0.000       0.000       0.000       0.000    
    43200.   12.31455602   12.3485   0.000       0.000      0.2971E-04   0.000     0.1883E-02-0.1913E-02  0.000      0.000      0.000      0.000       0.000       0.000       0.000       0.000       0.000       0.000    
    46800.   12.31665142   12.3489   0.000       0.000      0.2818E-04   0.000     0.1875E-02-0.1903E-02  0.000      0.000      0.000      0.000       0.000       0.000       0.000       0.000       0.000       0.000    
    50400.   12.30408785   12.3481   0.000       0.000      0.3852E-04   0.000     0.1570E-02-0.1608E-02  0.000      0.000      0.000      0.000       0.000       0.000       0.000       0.000       0.000       0.000    
    54000.   12.31530804   12.3484   0.000       0.000      0.2896E-04   0.000     0.1866E-02-0.1894E-02  0.000      0.000      0.000      0.000       0.000       0.000       0.000       0.000       0.000       0.000    
    57600.   12.35022780   12.3516   0.000       0.000      0.1162E-05   0.000     0.2590E-02-0.2591E-02  0.000      0.000      0.000      0.000       0.000       0.000       0.000       0.000       0.000       0.000    
    61200.   12.45730869   12.3633   0.000       0.000     -0.8227E-04   0.000     0.4717E-02-0.4635E-02  0.000      0.000      0.000      0.000       0.000       0.000       0.000       0.000       0.000       0.000    
    64800.   12.45234260   12.3732   0.000       0.000     -0.6924E-04   0.000     0.3964E-02-0.3894E-02  0.000      0.000      0.000      0.000       0.000       0.000       0.000       0.000       0.000       0.000    
    68400.   12.45134313   12.3823   0.000       0.000     -0.6043E-04   0.000     0.3647E-02-0.3586E-02  0.000      0.000      0.000      0.000       0.000       0.000       0.000       0.000       0.000       0.000    
    72000.   12.42124577   12.3882   0.000       0.000     -0.2894E-04   0.000     0.2814E-02-0.2785E-02  0.000      0.000      0.000      0.000       0.000       0.000       0.000       0.000       0.000       0.000    
    75600.   12.39153004   12.3913   0.000       0.000     -0.1787E-06   0.000     0.2185E-02-0.2184E-02  0.000      0.000      0.000      0.000       0.000       0.000       0.000       0.000       0.000       0.000    
    79200.   12.46698789   12.4008   0.000       0.000     -0.5794E-04   0.000     0.3929E-02-0.3871E-02  0.000      0.000      0.000      0.000       0.000       0.000       0.000       0.000       0.000       0.000    
    82800.   12.48074138   12.4104   0.000       0.000     -0.6158E-04   0.000     0.3847E-02-0.3785E-02  0.000      0.000      0.000      0.000       0.000       0.000       0.000       0.000       0.000       0.000    
    86400.   12.49456048   12.4203   0.000       0.000     -0.6495E-04   0.000     0.3862E-02-0.3797E-02  0.000      0.000      0.000      0.000       0.000       0.000       0.000       0.000       0.000       0.000    
    90000.   12.57441515   12.4362   0.000       0.000     -0.1209E-03   0.000     0.5346E-02-0.5225E-02  0.000      0.000      0.000      0.000       0.000       0.000       0.000       0.000       0.000       0.000    
    93600.   12.75993073   12.4661   0.000       0.000     -0.2571E-03   0.000     0.8791E-02-0.8534E-02  0.000      0.000      0.000      0.000       0.000       0.000       0.000       0.000       0.000       0.000    
    97200.   12.69439241   12.4875   0.000       0.000     -0.1811E-03   0.000     0.6078E-02-0.5897E-02  0.000      0.000      0.000      0.000       0.000       0.000       0.000       0.000       0.000       0.000    
   100800.   12.54981185   12.4954   0.000       0.000     -0.4765E-04   0.000     0.2578E-02-0.2530E-02  0.000      0.000      0.000      0.000       0.000       0.000       0.000       0.000       0.000       0.000    
   104400.   12.48217936   12.4978   0.000       0.000      0.1364E-04   0.000     0.1553E-02-0.1567E-02  0.000      0.000      0.000      0.000       0.000       0.000       0.000       0.000       0.000       0.000    
   108000.   12.46117262   12.4987   0.000       0.000      0.3288E-04   0.000     0.1526E-02-0.1559E-02  0.000      0.000      0.000      0.000       0.000       0.000       0.000       0.000       0.000       0.000    
   111600.   12.42849620   12.4972   0.000       0.000      0.6007E-04   0.000     0.1045E-02-0.1105E-02  0.000      0.000      0.000      0.000       0.000       0.000       0.000       0.000       0.000       0.000    
   115200.   12.40184043   12.4937   0.000       0.000      0.8034E-04   0.000     0.7007E-03-0.7810E-03  0.000      0.000      0.000      0.000       0.000       0.000       0.000       0.000       0.000       0.000    
   118800.   12.38258200   12.4890   0.000       0.000      0.9309E-04   0.000     0.5142E-03-0.6072E-03  0.000      0.000      0.000      0.000       0.000       0.000       0.000       0.000       0.000       0.000    
   122400.   12.39123884   12.4855   0.000       0.000      0.8246E-04   0.000     0.9110E-03-0.9935E-03  0.000      0.000      0.000      0.000       0.000       0.000       0.000       0.000       0.000       0.000    
   126000.   12.37166931   12.4806   0.000       0.000      0.9528E-04   0.000     0.5536E-03-0.6489E-03  0.000      0.000      0.000      0.000       0.000       0.000       0.000       0.000       0.000       0.000    
   129600.   12.42164411   12.4803   0.000       0.000      0.5129E-04   0.000     0.1794E-02-0.1845E-02  0.000      0.000      0.000      0.000       0.000       0.000       0.000       0.000       0.000       0.000    
   133200.   12.39669304   12.4777   0.000       0.000      0.7085E-04   0.000     0.1090E-02-0.1161E-02  0.000      0.000      0.000      0.000       0.000       0.000       0.000       0.000       0.000       0.000    
   136800.   12.38768646   12.4746   0.000       0.000      0.7602E-04   0.000     0.9701E-03-0.1046E-02  0.000      0.000      0.000      0.000       0.000       0.000       0.000       0.000       0.000       0.000    
   140400.   12.36590776   12.4699   0.000       0.000      0.9099E-04   0.000     0.5951E-03-0.6861E-03  0.000      0.000      0.000      0.000       0.000       0.000       0.000       0.000       0.000       0.000    
   144000.   12.36163756   12.4653   0.000       0.000      0.9071E-04   0.000     0.6742E-03-0.7649E-03  0.000      0.000      0.000      0.000       0.000       0.000       0.000       0.000       0.000       0.000    
   147600.   12.35975970   12.4609   0.000       0.000      0.8851E-04   0.000     0.7547E-03-0.8432E-03  0.000      0.000      0.000      0.000       0.000       0.000       0.000       0.000       0.000       0.000    
   151200.   12.35874070   12.4568   0.000       0.000      0.8576E-04   0.000     0.8221E-03-0.9079E-03  0.000      0.000      0.000      0.000       0.000       0.000       0.000       0.000       0.000       0.000    
   154800.   12.35807428   12.4528   0.000       0.000      0.8290E-04   0.000     0.8817E-03-0.9646E-03  0.000      0.000      0.000      0.000       0.000       0.000       0.000       0.000       0.000       0.000    
   158400.   12.37091029   12.4502   0.000       0.000      0.6940E-04   0.000     0.1227E-02-0.1296E-02  0.000      0.000      0.000      0.000       0.000       0.000       0.000       0.000       0.000       0.000    
   162000.   12.42644740   12.4524   0.000       0.000      0.2271E-04   0.000     0.2422E-02-0.2445E-02  0.000      0.000      0.000      0.000       0.000       0.000       0.000       0.000       0.000       0.000    
   165600.   12.42376523   12.4539   0.000       0.000      0.2636E-04   0.000     0.2097E-02-0.2123E-02  0.000      0.000      0.000      0.000       0.000       0.000       0.000       0.000       0.000       0.000    
   169200.   12.37951930   12.4515   0.000       0.000      0.6300E-04   0.000     0.1039E-02-0.1102E-02  0.000      0.000      0.000      0.000       0.000       0.000       0.000       0.000       0.000       0.000    
   172800.   12.36607379   12.4484   0.000       0.000      0.7202E-04   0.000     0.9319E-03-0.1004E-02  0.000      0.000      0.000      0.000       0.000       0.000       0.000       0.000       0.000       0.000    
