TOTIM (T)      HCON          HMAT      QDIR      QWELL        QMAT       QCADS      QTUB1      QTUB2      QTUB3      QTUB4      QTUB5      QTUB6       NSTOR        QFIX        QLH     FHLQ (LQ)        CAUCHY   CAUCHY (LQ)
     3600.   12.32165558   12.2688   0.000       0.000     -0.4626E-04   0.000     0.4609E-02-0.4563E-02  0.000      0.000      0.000      0.000       0.000       0.000       0.000       0.000       0.000       0.000    
     7200.   12.30838373   12.2677   0.000       0.000     -0.3561E-04   0.000     0.4242E-02-0.4206E-02  0.000      0.000      0.000      0.000       0.000       0.000       0.000       0.000       0.000       0.000    
    10800.   12.30594457   12.2665   0.000       0.000     -0.3450E-04   0.000     0.4298E-02-0.4264E-02  0.000      0.000      0.000      0.000       0.000       0.000       0.000       0.000       0.000       0.000    
    14400.   12.30482176   12.2654   0.000       0.000     -0.3453E-04   0.000     0.4340E-02-0.4306E-02  0.000      0.000      0.000      0.000       0.000       0.000       0.000       0.000       0.000       0.000    
    18000.   12.30411316   12.2642   0.000       0.000     -0.3489E-04   0.000     0.4365E-02-0.4330E-02  0.000      0.000      0.000      0.000       0.000       0.000       0.000       0.000       0.000       0.000    
    21600.   12.30358309   12.2632   0.000       0.000     -0.3537E-04   0.000     0.4380E-02-0.4345E-02  0.000      0.000      0.000      0.000       0.000       0.000       0.000       0.000       0.000       0.000    
    25200.   12.30313365   12.2621   0.000       0.000     -0.3589E-04   0.000     0.4392E-02-0.4356E-02  0.000      0.000      0.000      0.000       0.000       0.000       0.000       0.000       0.000       0.000    
    28800.   12.30272143   12.2611   0.000       0.000     -0.3641E-04   0.000     0.4401E-02-0.4364E-02  0.000      0.000      0.000      0.000       0.000       0.000       0.000       0.000       0.000       0.000    
    32400.   12.30235099   12.2601   0.000       0.000     -0.3693E-04   0.000     0.4407E-02-0.4370E-02  0.000      0.000      0.000      0.000       0.000       0.000       0.000       0.000       0.000       0.000    
    36000.   12.30197962   12.2592   0.000       0.000     -0.3742E-04   0.000     0.4414E-02-0.4376E-02  0.000      0.000      0.000      0.000       0.000       0.000       0.000       0.000       0.000       0.000    
    39600.   12.30160739   12.2583   0.000       0.000     -0.3787E-04   0.000     0.4420E-02-0.4382E-02  0.000      0.000      0.000      0.000       0.000       0.000       0.000       0.000       0.000       0.000    
    43200.   12.31455527   12.2586   0.000       0.000     -0.4898E-04   0.000     0.4791E-02-0.4742E-02  0.000      0.000      0.000      0.000       0.000       0.000       0.000       0.000       0.000       0.000    
    46800.   12.31665067   12.2589   0.000       0.000     -0.5051E-04   0.000     0.4738E-02-0.4688E-02  0.000      0.000      0.000      0.000       0.000       0.000       0.000       0.000       0.000       0.000    
    50400.   12.30408719   12.2582   0.000       0.000     -0.4018E-04   0.000     0.4336E-02-0.4295E-02  0.000      0.000      0.000      0.000       0.000       0.000       0.000       0.000       0.000       0.000    
    54000.   12.31530730   12.2585   0.000       0.000     -0.4974E-04   0.000     0.4738E-02-0.4688E-02  0.000      0.000      0.000      0.000       0.000       0.000       0.000       0.000       0.000       0.000    
    57600.   12.35022686   12.2616   0.000       0.000     -0.7753E-04   0.000     0.5619E-02-0.5542E-02  0.000      0.000      0.000      0.000       0.000       0.000       0.000       0.000       0.000       0.000    
    61200.   12.45730579   12.2734   0.000       0.000     -0.1610E-03   0.000     0.8170E-02-0.8009E-02  0.000      0.000      0.000      0.000       0.000       0.000       0.000       0.000       0.000       0.000    
    64800.   12.45234036   12.2833   0.000       0.000     -0.1479E-03   0.000     0.6889E-02-0.6741E-02  0.000      0.000      0.000      0.000       0.000       0.000       0.000       0.000       0.000       0.000    
    68400.   12.45134112   12.2923   0.000       0.000     -0.1391E-03   0.000     0.6433E-02-0.6294E-02  0.000      0.000      0.000      0.000       0.000       0.000       0.000       0.000       0.000       0.000    
    72000.   12.42124424   12.2982   0.000       0.000     -0.1076E-03   0.000     0.5410E-02-0.5303E-02  0.000      0.000      0.000      0.000       0.000       0.000       0.000       0.000       0.000       0.000    
    75600.   12.39152882   12.3014   0.000       0.000     -0.7887E-04   0.000     0.4749E-02-0.4670E-02  0.000      0.000      0.000      0.000       0.000       0.000       0.000       0.000       0.000       0.000    
    79200.   12.46698558   12.3108   0.000       0.000     -0.1366E-03   0.000     0.7084E-02-0.6947E-02  0.000      0.000      0.000      0.000       0.000       0.000       0.000       0.000       0.000       0.000    
    82800.   12.48073919   12.3204   0.000       0.000     -0.1403E-03   0.000     0.6825E-02-0.6685E-02  0.000      0.000      0.000      0.000       0.000       0.000       0.000       0.000       0.000       0.000    
    86400.   12.49455830   12.3304   0.000       0.000     -0.1436E-03   0.000     0.6783E-02-0.6640E-02  0.000      0.000      0.000      0.000       0.000       0.000       0.000       0.000       0.000       0.000    
    90000.   12.57441196   12.3463   0.000       0.000     -0.1996E-03   0.000     0.8615E-02-0.8416E-02  0.000      0.000      0.000      0.000       0.000       0.000       0.000       0.000       0.000       0.000    
    93600.   12.75991574   12.3762   0.000       0.000     -0.3357E-03   0.000     0.1272E-01-0.1239E-01  0.000      0.000      0.000      0.000       0.000       0.000       0.000       0.000       0.000       0.000    
    97200.   12.69438504   12.3976   0.000       0.000     -0.2597E-03   0.000     0.8778E-02-0.8518E-02  0.000      0.000      0.000      0.000       0.000       0.000       0.000       0.000       0.000       0.000    
   100800.   12.54981035   12.4054   0.000       0.000     -0.1263E-03   0.000     0.4504E-02-0.4378E-02  0.000      0.000      0.000      0.000       0.000       0.000       0.000       0.000       0.000       0.000    
   104400.   12.48217849   12.4079   0.000       0.000     -0.6504E-04   0.000     0.3761E-02-0.3696E-02  0.000      0.000      0.000      0.000       0.000       0.000       0.000       0.000       0.000       0.000    
   108000.   12.46117164   12.4088   0.000       0.000     -0.4579E-04   0.000     0.4139E-02-0.4093E-02  0.000      0.000      0.000      0.000       0.000       0.000       0.000       0.000       0.000       0.000    
   111600.   12.42849540   12.4072   0.000       0.000     -0.1859E-04   0.000     0.3747E-02-0.3728E-02  0.000      0.000      0.000      0.000       0.000       0.000       0.000       0.000       0.000       0.000    
   115200.   12.40183974   12.4038   0.000       0.000      0.1677E-05   0.000     0.3488E-02-0.3489E-02  0.000      0.000      0.000      0.000       0.000       0.000       0.000       0.000       0.000       0.000    
   118800.   12.38258136   12.3991   0.000       0.000      0.1443E-04   0.000     0.3387E-02-0.3401E-02  0.000      0.000      0.000      0.000       0.000       0.000       0.000       0.000       0.000       0.000    
   122400.   12.39123799   12.3956   0.000       0.000      0.3800E-05   0.000     0.3974E-02-0.3978E-02  0.000      0.000      0.000      0.000       0.000       0.000       0.000       0.000       0.000       0.000    
   126000.   12.37166863   12.3907   0.000       0.000      0.1663E-04   0.000     0.3517E-02-0.3533E-02  0.000      0.000      0.000      0.000       0.000       0.000       0.000       0.000       0.000       0.000    
   129600.   12.42164278   12.3904   0.000       0.000     -0.2736E-04   0.000     0.5110E-02-0.5083E-02  0.000      0.000      0.000      0.000       0.000       0.000       0.000       0.000       0.000       0.000    
   133200.   12.39669213   12.3878   0.000       0.000     -0.7801E-05   0.000     0.4081E-02-0.4073E-02  0.000      0.000      0.000      0.000       0.000       0.000       0.000       0.000       0.000       0.000    
   136800.   12.38768560   12.3847   0.000       0.000     -0.2636E-05   0.000     0.3951E-02-0.3948E-02  0.000      0.000      0.000      0.000       0.000       0.000       0.000       0.000       0.000       0.000    
   140400.   12.36590708   12.3800   0.000       0.000      0.1234E-04   0.000     0.3507E-02-0.3519E-02  0.000      0.000      0.000      0.000       0.000       0.000       0.000       0.000       0.000       0.000    
   144000.   12.36163683   12.3754   0.000       0.000      0.1206E-04   0.000     0.3666E-02-0.3678E-02  0.000      0.000      0.000      0.000       0.000       0.000       0.000       0.000       0.000       0.000    
   147600.   12.35975893   12.3710   0.000       0.000      0.9855E-05   0.000     0.3783E-02-0.3793E-02  0.000      0.000      0.000      0.000       0.000       0.000       0.000       0.000       0.000       0.000    
   151200.   12.35873990   12.3669   0.000       0.000      0.7102E-05   0.000     0.3860E-02-0.3868E-02  0.000      0.000      0.000      0.000       0.000       0.000       0.000       0.000       0.000       0.000    
   154800.   12.35807345   12.3629   0.000       0.000      0.4241E-05   0.000     0.3919E-02-0.3924E-02  0.000      0.000      0.000      0.000       0.000       0.000       0.000       0.000       0.000       0.000    
   158400.   12.37090929   12.3603   0.000       0.000     -0.9262E-05   0.000     0.4333E-02-0.4323E-02  0.000      0.000      0.000      0.000       0.000       0.000       0.000       0.000       0.000       0.000    
   162000.   12.42644575   12.3625   0.000       0.000     -0.5596E-04   0.000     0.5770E-02-0.5714E-02  0.000      0.000      0.000      0.000       0.000       0.000       0.000       0.000       0.000       0.000    
   165600.   12.42376383   12.3640   0.000       0.000     -0.5232E-04   0.000     0.5171E-02-0.5119E-02  0.000      0.000      0.000      0.000       0.000       0.000       0.000       0.000       0.000       0.000    
   169200.   12.37951849   12.3616   0.000       0.000     -0.1569E-04   0.000     0.3795E-02-0.3779E-02  0.000      0.000      0.000      0.000       0.000       0.000       0.000       0.000       0.000       0.000    
   172800.   12.36607299   12.3584   0.000       0.000     -0.6673E-05   0.000     0.3777E-02-0.3771E-02  0.000      0.000      0.000      0.000       0.000       0.000       0.000       0.000       0.000       0.000    
