TOTIM (T)      HCON          HMAT      QDIR      QWELL        QMAT       QCADS      QTUB1      QTUB2      QTUB3      QTUB4      QTUB5      QTUB6       NSTOR        QFIX        QLH     FHLQ (LQ)        CAUCHY   CAUCHY (LQ)
     3600.   12.32165603   12.2949   0.000       0.000     -0.2339E-04   0.000     0.1880E-02-0.1856E-02  0.000      0.000      0.000      0.000       0.000       0.000       0.000       0.000       0.000       0.000    
     7200.   12.30838414   12.2938   0.000       0.000     -0.1274E-04   0.000     0.1652E-02-0.1639E-02  0.000      0.000      0.000      0.000       0.000       0.000       0.000       0.000       0.000       0.000    
    10800.   12.30594498   12.2927   0.000       0.000     -0.1163E-04   0.000     0.1673E-02-0.1662E-02  0.000      0.000      0.000      0.000       0.000       0.000       0.000       0.000       0.000       0.000    
    14400.   12.30482217   12.2915   0.000       0.000     -0.1165E-04   0.000     0.1694E-02-0.1682E-02  0.000      0.000      0.000      0.000       0.000       0.000       0.000       0.000       0.000       0.000    
    18000.   12.30411358   12.2904   0.000       0.000     -0.1202E-04   0.000     0.1707E-02-0.1695E-02  0.000      0.000      0.000      0.000       0.000       0.000       0.000       0.000       0.000       0.000    
    21600.   12.30358351   12.2893   0.000       0.000     -0.1250E-04   0.000     0.1717E-02-0.1705E-02  0.000      0.000      0.000      0.000       0.000       0.000       0.000       0.000       0.000       0.000    
    25200.   12.30313407   12.2883   0.000       0.000     -0.1302E-04   0.000     0.1725E-02-0.1712E-02  0.000      0.000      0.000      0.000       0.000       0.000       0.000       0.000       0.000       0.000    
    28800.   12.30272185   12.2873   0.000       0.000     -0.1354E-04   0.000     0.1732E-02-0.1719E-02  0.000      0.000      0.000      0.000       0.000       0.000       0.000       0.000       0.000       0.000    
    32400.   12.30235141   12.2863   0.000       0.000     -0.1405E-04   0.000     0.1738E-02-0.1724E-02  0.000      0.000      0.000      0.000       0.000       0.000       0.000       0.000       0.000       0.000    
    36000.   12.30198004   12.2854   0.000       0.000     -0.1454E-04   0.000     0.1743E-02-0.1729E-02  0.000      0.000      0.000      0.000       0.000       0.000       0.000       0.000       0.000       0.000    
    39600.   12.30160781   12.2845   0.000       0.000     -0.1499E-04   0.000     0.1748E-02-0.1733E-02  0.000      0.000      0.000      0.000       0.000       0.000       0.000       0.000       0.000       0.000    
    43200.   12.31455573   12.2847   0.000       0.000     -0.2609E-04   0.000     0.1980E-02-0.1954E-02  0.000      0.000      0.000      0.000       0.000       0.000       0.000       0.000       0.000       0.000    
    46800.   12.31665113   12.2851   0.000       0.000     -0.2762E-04   0.000     0.1963E-02-0.1935E-02  0.000      0.000      0.000      0.000       0.000       0.000       0.000       0.000       0.000       0.000    
    50400.   12.30408760   12.2843   0.000       0.000     -0.1729E-04   0.000     0.1720E-02-0.1702E-02  0.000      0.000      0.000      0.000       0.000       0.000       0.000       0.000       0.000       0.000    
    54000.   12.31530776   12.2846   0.000       0.000     -0.2684E-04   0.000     0.1958E-02-0.1931E-02  0.000      0.000      0.000      0.000       0.000       0.000       0.000       0.000       0.000       0.000    
    57600.   12.35022742   12.2878   0.000       0.000     -0.5463E-04   0.000     0.2516E-02-0.2461E-02  0.000      0.000      0.000      0.000       0.000       0.000       0.000       0.000       0.000       0.000    
    61200.   12.45730804   12.2995   0.000       0.000     -0.1381E-03   0.000     0.4143E-02-0.4005E-02  0.000      0.000      0.000      0.000       0.000       0.000       0.000       0.000       0.000       0.000    
    64800.   12.45234205   12.3094   0.000       0.000     -0.1250E-03   0.000     0.3467E-02-0.3342E-02  0.000      0.000      0.000      0.000       0.000       0.000       0.000       0.000       0.000       0.000    
    68400.   12.45134262   12.3185   0.000       0.000     -0.1162E-03   0.000     0.3203E-02-0.3087E-02  0.000      0.000      0.000      0.000       0.000       0.000       0.000       0.000       0.000       0.000    
    72000.   12.42124537   12.3244   0.000       0.000     -0.8473E-04   0.000     0.2560E-02-0.2475E-02  0.000      0.000      0.000      0.000       0.000       0.000       0.000       0.000       0.000       0.000    
    75600.   12.39152972   12.3276   0.000       0.000     -0.5598E-04   0.000     0.2103E-02-0.2047E-02  0.000      0.000      0.000      0.000       0.000       0.000       0.000       0.000       0.000       0.000    
    79200.   12.46698734   12.3370   0.000       0.000     -0.1138E-03   0.000     0.3501E-02-0.3387E-02  0.000      0.000      0.000      0.000       0.000       0.000       0.000       0.000       0.000       0.000    
    82800.   12.48074084   12.3466   0.000       0.000     -0.1174E-03   0.000     0.3396E-02-0.3279E-02  0.000      0.000      0.000      0.000       0.000       0.000       0.000       0.000       0.000       0.000    
    86400.   12.49455995   12.3565   0.000       0.000     -0.1208E-03   0.000     0.3391E-02-0.3270E-02  0.000      0.000      0.000      0.000       0.000       0.000       0.000       0.000       0.000       0.000    
    90000.   12.57441443   12.3724   0.000       0.000     -0.1768E-03   0.000     0.4539E-02-0.4363E-02  0.000      0.000      0.000      0.000       0.000       0.000       0.000       0.000       0.000       0.000    
    93600.   12.75992184   12.4023   0.000       0.000     -0.3129E-03   0.000     0.7168E-02-0.6855E-02  0.000      0.000      0.000      0.000       0.000       0.000       0.000       0.000       0.000       0.000    
    97200.   12.69438814   12.4236   0.000       0.000     -0.2369E-03   0.000     0.4911E-02-0.4674E-02  0.000      0.000      0.000      0.000       0.000       0.000       0.000       0.000       0.000       0.000    
   100800.   12.54981123   12.4315   0.000       0.000     -0.1036E-03   0.000     0.2211E-02-0.2107E-02  0.000      0.000      0.000      0.000       0.000       0.000       0.000       0.000       0.000       0.000    
   104400.   12.48217913   12.4338   0.000       0.000     -0.4230E-04   0.000     0.1554E-02-0.1511E-02  0.000      0.000      0.000      0.000       0.000       0.000       0.000       0.000       0.000       0.000    
   108000.   12.46117238   12.4348   0.000       0.000     -0.2309E-04   0.000     0.1642E-02-0.1619E-02  0.000      0.000      0.000      0.000       0.000       0.000       0.000       0.000       0.000       0.000    
   111600.   12.42849602   12.4331   0.000       0.000      0.4066E-05   0.000     0.1324E-02-0.1328E-02  0.000      0.000      0.000      0.000       0.000       0.000       0.000       0.000       0.000       0.000    
   115200.   12.40184029   12.4296   0.000       0.000      0.2429E-04   0.000     0.1101E-02-0.1125E-02  0.000      0.000      0.000      0.000       0.000       0.000       0.000       0.000       0.000       0.000    
   118800.   12.38258188   12.4249   0.000       0.000      0.3701E-04   0.000     0.9911E-03-0.1028E-02  0.000      0.000      0.000      0.000       0.000       0.000       0.000       0.000       0.000       0.000    
   122400.   12.39123867   12.4213   0.000       0.000      0.2633E-04   0.000     0.1324E-02-0.1350E-02  0.000      0.000      0.000      0.000       0.000       0.000       0.000       0.000       0.000       0.000    
   126000.   12.37166918   12.4164   0.000       0.000      0.3912E-04   0.000     0.1043E-02-0.1083E-02  0.000      0.000      0.000      0.000       0.000       0.000       0.000       0.000       0.000       0.000    
   129600.   12.42164382   12.4160   0.000       0.000     -0.4909E-05   0.000     0.2020E-02-0.2015E-02  0.000      0.000      0.000      0.000       0.000       0.000       0.000       0.000       0.000       0.000    
   133200.   12.39669285   12.4134   0.000       0.000      0.1461E-04   0.000     0.1433E-02-0.1447E-02  0.000      0.000      0.000      0.000       0.000       0.000       0.000       0.000       0.000       0.000    
   136800.   12.38768628   12.4102   0.000       0.000      0.1974E-04   0.000     0.1344E-02-0.1364E-02  0.000      0.000      0.000      0.000       0.000       0.000       0.000       0.000       0.000       0.000    
   140400.   12.36590763   12.4055   0.000       0.000      0.3467E-04   0.000     0.1059E-02-0.1094E-02  0.000      0.000      0.000      0.000       0.000       0.000       0.000       0.000       0.000       0.000    
   144000.   12.36163742   12.4009   0.000       0.000      0.3436E-04   0.000     0.1136E-02-0.1171E-02  0.000      0.000      0.000      0.000       0.000       0.000       0.000       0.000       0.000       0.000    
   147600.   12.35975955   12.3965   0.000       0.000      0.3212E-04   0.000     0.1203E-02-0.1236E-02  0.000      0.000      0.000      0.000       0.000       0.000       0.000       0.000       0.000       0.000    
   151200.   12.35874054   12.3923   0.000       0.000      0.2934E-04   0.000     0.1254E-02-0.1284E-02  0.000      0.000      0.000      0.000       0.000       0.000       0.000       0.000       0.000       0.000    
   154800.   12.35807411   12.3883   0.000       0.000      0.2646E-04   0.000     0.1297E-02-0.1323E-02  0.000      0.000      0.000      0.000       0.000       0.000       0.000       0.000       0.000       0.000    
   158400.   12.37091008   12.3857   0.000       0.000      0.1293E-04   0.000     0.1560E-02-0.1573E-02  0.000      0.000      0.000      0.000       0.000       0.000       0.000       0.000       0.000       0.000    
   162000.   12.42644704   12.3878   0.000       0.000     -0.3379E-04   0.000     0.2476E-02-0.2442E-02  0.000      0.000      0.000      0.000       0.000       0.000       0.000       0.000       0.000       0.000    
   165600.   12.42376491   12.3893   0.000       0.000     -0.3017E-04   0.000     0.2172E-02-0.2142E-02  0.000      0.000      0.000      0.000       0.000       0.000       0.000       0.000       0.000       0.000    
   169200.   12.37951912   12.3869   0.000       0.000      0.6452E-05   0.000     0.1334E-02-0.1341E-02  0.000      0.000      0.000      0.000       0.000       0.000       0.000       0.000       0.000       0.000    
   172800.   12.36607362   12.3837   0.000       0.000      0.1545E-04   0.000     0.1281E-02-0.1297E-02  0.000      0.000      0.000      0.000       0.000       0.000       0.000       0.000       0.000       0.000    
