TOTIM (T)      HCON          HMAT      QDIR      QWELL        QMAT       QCADS      QTUB1      QTUB2      QTUB3      QTUB4      QTUB5      QTUB6       NSTOR        QFIX        QLH     FHLQ (LQ)        CAUCHY   CAUCHY (LQ)
     3600.   12.32165626   12.3339   0.000       0.000      0.1069E-04   0.000     0.1798E-02-0.1809E-02  0.000      0.000      0.000      0.000       0.000       0.000       0.000       0.000       0.000       0.000    
     7200.   12.30838433   12.3328   0.000       0.000      0.2134E-04   0.000     0.1517E-02-0.1539E-02  0.000      0.000      0.000      0.000       0.000       0.000       0.000       0.000       0.000       0.000    
    10800.   12.30594518   12.3316   0.000       0.000      0.2245E-04   0.000     0.1533E-02-0.1556E-02  0.000      0.000      0.000      0.000       0.000       0.000       0.000       0.000       0.000       0.000    
    14400.   12.30482237   12.3304   0.000       0.000      0.2242E-04   0.000     0.1554E-02-0.1576E-02  0.000      0.000      0.000      0.000       0.000       0.000       0.000       0.000       0.000       0.000    
    18000.   12.30411378   12.3293   0.000       0.000      0.2206E-04   0.000     0.1569E-02-0.1591E-02  0.000      0.000      0.000      0.000       0.000       0.000       0.000       0.000       0.000       0.000    
    21600.   12.30358371   12.3282   0.000       0.000      0.2158E-04   0.000     0.1582E-02-0.1603E-02  0.000      0.000      0.000      0.000       0.000       0.000       0.000       0.000       0.000       0.000    
    25200.   12.30313428   12.3272   0.000       0.000      0.2106E-04   0.000     0.1592E-02-0.1613E-02  0.000      0.000      0.000      0.000       0.000       0.000       0.000       0.000       0.000       0.000    
    28800.   12.30272205   12.3262   0.000       0.000      0.2054E-04   0.000     0.1602E-02-0.1622E-02  0.000      0.000      0.000      0.000       0.000       0.000       0.000       0.000       0.000       0.000    
    32400.   12.30235162   12.3252   0.000       0.000      0.2002E-04   0.000     0.1610E-02-0.1630E-02  0.000      0.000      0.000      0.000       0.000       0.000       0.000       0.000       0.000       0.000    
    36000.   12.30198025   12.3243   0.000       0.000      0.1954E-04   0.000     0.1618E-02-0.1637E-02  0.000      0.000      0.000      0.000       0.000       0.000       0.000       0.000       0.000       0.000    
    39600.   12.30160802   12.3234   0.000       0.000      0.1908E-04   0.000     0.1625E-02-0.1644E-02  0.000      0.000      0.000      0.000       0.000       0.000       0.000       0.000       0.000       0.000    
    43200.   12.31455598   12.3237   0.000       0.000      0.7976E-05   0.000     0.1913E-02-0.1921E-02  0.000      0.000      0.000      0.000       0.000       0.000       0.000       0.000       0.000       0.000    
    46800.   12.31665137   12.3240   0.000       0.000      0.6446E-05   0.000     0.1903E-02-0.1909E-02  0.000      0.000      0.000      0.000       0.000       0.000       0.000       0.000       0.000       0.000    
    50400.   12.30408781   12.3233   0.000       0.000      0.1678E-04   0.000     0.1608E-02-0.1625E-02  0.000      0.000      0.000      0.000       0.000       0.000       0.000       0.000       0.000       0.000    
    54000.   12.31530800   12.3236   0.000       0.000      0.7224E-05   0.000     0.1894E-02-0.1902E-02  0.000      0.000      0.000      0.000       0.000       0.000       0.000       0.000       0.000       0.000    
    57600.   12.35022773   12.3267   0.000       0.000     -0.2057E-04   0.000     0.2591E-02-0.2570E-02  0.000      0.000      0.000      0.000       0.000       0.000       0.000       0.000       0.000       0.000    
    61200.   12.45730857   12.3385   0.000       0.000     -0.1040E-03   0.000     0.4635E-02-0.4531E-02  0.000      0.000      0.000      0.000       0.000       0.000       0.000       0.000       0.000       0.000    
    64800.   12.45234250   12.3484   0.000       0.000     -0.9097E-04   0.000     0.3894E-02-0.3803E-02  0.000      0.000      0.000      0.000       0.000       0.000       0.000       0.000       0.000       0.000    
    68400.   12.45134304   12.3574   0.000       0.000     -0.8216E-04   0.000     0.3586E-02-0.3504E-02  0.000      0.000      0.000      0.000       0.000       0.000       0.000       0.000       0.000       0.000    
    72000.   12.42124570   12.3633   0.000       0.000     -0.5067E-04   0.000     0.2785E-02-0.2735E-02  0.000      0.000      0.000      0.000       0.000       0.000       0.000       0.000       0.000       0.000    
    75600.   12.39152999   12.3665   0.000       0.000     -0.2191E-04   0.000     0.2184E-02-0.2163E-02  0.000      0.000      0.000      0.000       0.000       0.000       0.000       0.000       0.000       0.000    
    79200.   12.46698779   12.3759   0.000       0.000     -0.7968E-04   0.000     0.3871E-02-0.3792E-02  0.000      0.000      0.000      0.000       0.000       0.000       0.000       0.000       0.000       0.000    
    82800.   12.48074128   12.3855   0.000       0.000     -0.8332E-04   0.000     0.3785E-02-0.3702E-02  0.000      0.000      0.000      0.000       0.000       0.000       0.000       0.000       0.000       0.000    
    86400.   12.49456039   12.3955   0.000       0.000     -0.8669E-04   0.000     0.3797E-02-0.3710E-02  0.000      0.000      0.000      0.000       0.000       0.000       0.000       0.000       0.000       0.000    
    90000.   12.57441502   12.4114   0.000       0.000     -0.1427E-03   0.000     0.5225E-02-0.5082E-02  0.000      0.000      0.000      0.000       0.000       0.000       0.000       0.000       0.000       0.000    
    93600.   12.75992899   12.4413   0.000       0.000     -0.2788E-03   0.000     0.8534E-02-0.8255E-02  0.000      0.000      0.000      0.000       0.000       0.000       0.000       0.000       0.000       0.000    
    97200.   12.69439157   12.4626   0.000       0.000     -0.2028E-03   0.000     0.5897E-02-0.5694E-02  0.000      0.000      0.000      0.000       0.000       0.000       0.000       0.000       0.000       0.000    
   100800.   12.54981168   12.4705   0.000       0.000     -0.6943E-04   0.000     0.2530E-02-0.2461E-02  0.000      0.000      0.000      0.000       0.000       0.000       0.000       0.000       0.000       0.000    
   104400.   12.48217932   12.4729   0.000       0.000     -0.8158E-05   0.000     0.1567E-02-0.1559E-02  0.000      0.000      0.000      0.000       0.000       0.000       0.000       0.000       0.000       0.000    
   108000.   12.46117258   12.4738   0.000       0.000      0.1107E-04   0.000     0.1559E-02-0.1570E-02  0.000      0.000      0.000      0.000       0.000       0.000       0.000       0.000       0.000       0.000    
   111600.   12.42849617   12.4722   0.000       0.000      0.3824E-04   0.000     0.1105E-02-0.1143E-02  0.000      0.000      0.000      0.000       0.000       0.000       0.000       0.000       0.000       0.000    
   115200.   12.40184041   12.4687   0.000       0.000      0.5849E-04   0.000     0.7810E-03-0.8395E-03  0.000      0.000      0.000      0.000       0.000       0.000       0.000       0.000       0.000       0.000    
   118800.   12.38258198   12.4640   0.000       0.000      0.7122E-04   0.000     0.6072E-03-0.6785E-03  0.000      0.000      0.000      0.000       0.000       0.000       0.000       0.000       0.000       0.000    
   122400.   12.39123882   12.4605   0.000       0.000      0.6057E-04   0.000     0.9935E-03-0.1054E-02  0.000      0.000      0.000      0.000       0.000       0.000       0.000       0.000       0.000       0.000    
   126000.   12.37166929   12.4555   0.000       0.000      0.7337E-04   0.000     0.6489E-03-0.7223E-03  0.000      0.000      0.000      0.000       0.000       0.000       0.000       0.000       0.000       0.000    
   129600.   12.42164407   12.4552   0.000       0.000      0.2937E-04   0.000     0.1845E-02-0.1874E-02  0.000      0.000      0.000      0.000       0.000       0.000       0.000       0.000       0.000       0.000    
   133200.   12.39669301   12.4526   0.000       0.000      0.4890E-04   0.000     0.1161E-02-0.1210E-02  0.000      0.000      0.000      0.000       0.000       0.000       0.000       0.000       0.000       0.000    
   136800.   12.38768643   12.4495   0.000       0.000      0.5405E-04   0.000     0.1046E-02-0.1100E-02  0.000      0.000      0.000      0.000       0.000       0.000       0.000       0.000       0.000       0.000    
   140400.   12.36590774   12.4448   0.000       0.000      0.6900E-04   0.000     0.6861E-03-0.7551E-03  0.000      0.000      0.000      0.000       0.000       0.000       0.000       0.000       0.000       0.000    
   144000.   12.36163754   12.4402   0.000       0.000      0.6870E-04   0.000     0.7649E-03-0.8336E-03  0.000      0.000      0.000      0.000       0.000       0.000       0.000       0.000       0.000       0.000    
   147600.   12.35975968   12.4357   0.000       0.000      0.6648E-04   0.000     0.8432E-03-0.9097E-03  0.000      0.000      0.000      0.000       0.000       0.000       0.000       0.000       0.000       0.000    
   151200.   12.35874068   12.4316   0.000       0.000      0.6371E-04   0.000     0.9079E-03-0.9716E-03  0.000      0.000      0.000      0.000       0.000       0.000       0.000       0.000       0.000       0.000    
   154800.   12.35807426   12.4276   0.000       0.000      0.6084E-04   0.000     0.9646E-03-0.1025E-02  0.000      0.000      0.000      0.000       0.000       0.000       0.000       0.000       0.000       0.000    
   158400.   12.37091026   12.4250   0.000       0.000      0.4733E-04   0.000     0.1296E-02-0.1343E-02  0.000      0.000      0.000      0.000       0.000       0.000       0.000       0.000       0.000       0.000    
   162000.   12.42644734   12.4271   0.000       0.000      0.6142E-06   0.000     0.2445E-02-0.2446E-02  0.000      0.000      0.000      0.000       0.000       0.000       0.000       0.000       0.000       0.000    
   165600.   12.42376517   12.4286   0.000       0.000      0.4251E-05   0.000     0.2123E-02-0.2128E-02  0.000      0.000      0.000      0.000       0.000       0.000       0.000       0.000       0.000       0.000    
   169200.   12.37951927   12.4262   0.000       0.000      0.4088E-04   0.000     0.1102E-02-0.1143E-02  0.000      0.000      0.000      0.000       0.000       0.000       0.000       0.000       0.000       0.000    
   172800.   12.36607376   12.4231   0.000       0.000      0.4989E-04   0.000     0.1004E-02-0.1054E-02  0.000      0.000      0.000      0.000       0.000       0.000       0.000       0.000       0.000       0.000    
