TOTIM (T)      HCON          HMAT      QDIR      QWELL        QMAT       QCADS      QTUB1      QTUB2      QTUB3      QTUB4      QTUB5      QTUB6       NSTOR        QFIX        QLH     FHLQ (LQ)        CAUCHY   CAUCHY (LQ)
     3600.   12.32165660   12.4370   0.000       0.000      0.1009E-03   0.000     0.1656E-02-0.1757E-02  0.000      0.000      0.000      0.000       0.000       0.000       0.000       0.000       0.000       0.000    
     7200.   12.30838461   12.4359   0.000       0.000      0.1116E-03   0.000     0.1228E-02-0.1340E-02  0.000      0.000      0.000      0.000       0.000       0.000       0.000       0.000       0.000       0.000    
    10800.   12.30594545   12.4347   0.000       0.000      0.1127E-03   0.000     0.1233E-02-0.1346E-02  0.000      0.000      0.000      0.000       0.000       0.000       0.000       0.000       0.000       0.000    
    14400.   12.30482265   12.4336   0.000       0.000      0.1127E-03   0.000     0.1256E-02-0.1368E-02  0.000      0.000      0.000      0.000       0.000       0.000       0.000       0.000       0.000       0.000    
    18000.   12.30411406   12.4325   0.000       0.000      0.1123E-03   0.000     0.1276E-02-0.1389E-02  0.000      0.000      0.000      0.000       0.000       0.000       0.000       0.000       0.000       0.000    
    21600.   12.30358399   12.4314   0.000       0.000      0.1118E-03   0.000     0.1295E-02-0.1407E-02  0.000      0.000      0.000      0.000       0.000       0.000       0.000       0.000       0.000       0.000    
    25200.   12.30313456   12.4303   0.000       0.000      0.1113E-03   0.000     0.1313E-02-0.1424E-02  0.000      0.000      0.000      0.000       0.000       0.000       0.000       0.000       0.000       0.000    
    28800.   12.30272234   12.4293   0.000       0.000      0.1108E-03   0.000     0.1329E-02-0.1440E-02  0.000      0.000      0.000      0.000       0.000       0.000       0.000       0.000       0.000       0.000    
    32400.   12.30235191   12.4284   0.000       0.000      0.1103E-03   0.000     0.1344E-02-0.1455E-02  0.000      0.000      0.000      0.000       0.000       0.000       0.000       0.000       0.000       0.000    
    36000.   12.30198054   12.4274   0.000       0.000      0.1098E-03   0.000     0.1358E-02-0.1468E-02  0.000      0.000      0.000      0.000       0.000       0.000       0.000       0.000       0.000       0.000    
    39600.   12.30160832   12.4266   0.000       0.000      0.1093E-03   0.000     0.1372E-02-0.1481E-02  0.000      0.000      0.000      0.000       0.000       0.000       0.000       0.000       0.000       0.000    
    43200.   12.31455634   12.4268   0.000       0.000      0.9822E-04   0.000     0.1811E-02-0.1909E-02  0.000      0.000      0.000      0.000       0.000       0.000       0.000       0.000       0.000       0.000    
    46800.   12.31665173   12.4272   0.000       0.000      0.9669E-04   0.000     0.1818E-02-0.1914E-02  0.000      0.000      0.000      0.000       0.000       0.000       0.000       0.000       0.000       0.000    
    50400.   12.30408811   12.4264   0.000       0.000      0.1070E-03   0.000     0.1379E-02-0.1486E-02  0.000      0.000      0.000      0.000       0.000       0.000       0.000       0.000       0.000       0.000    
    54000.   12.31530836   12.4267   0.000       0.000      0.9746E-04   0.000     0.1801E-02-0.1898E-02  0.000      0.000      0.000      0.000       0.000       0.000       0.000       0.000       0.000       0.000    
    57600.   12.35022826   12.4298   0.000       0.000      0.6967E-04   0.000     0.2875E-02-0.2945E-02  0.000      0.000      0.000      0.000       0.000       0.000       0.000       0.000       0.000       0.000    
    61200.   12.45730959   12.4416   0.000       0.000     -0.1376E-04   0.000     0.6052E-02-0.6038E-02  0.000      0.000      0.000      0.000       0.000       0.000       0.000       0.000       0.000       0.000    
    64800.   12.45234338   12.4515   0.000       0.000     -0.7328E-06   0.000     0.5094E-02-0.5093E-02  0.000      0.000      0.000      0.000       0.000       0.000       0.000       0.000       0.000       0.000    
    68400.   12.45134386   12.4606   0.000       0.000      0.8076E-05   0.000     0.4663E-02-0.4671E-02  0.000      0.000      0.000      0.000       0.000       0.000       0.000       0.000       0.000       0.000    
    72000.   12.42124633   12.4665   0.000       0.000      0.3957E-04   0.000     0.3432E-02-0.3472E-02  0.000      0.000      0.000      0.000       0.000       0.000       0.000       0.000       0.000       0.000    
    75600.   12.39153047   12.4696   0.000       0.000      0.6833E-04   0.000     0.2451E-02-0.2519E-02  0.000      0.000      0.000      0.000       0.000       0.000       0.000       0.000       0.000       0.000    
    79200.   12.46698864   12.4791   0.000       0.000      0.1057E-04   0.000     0.4946E-02-0.4957E-02  0.000      0.000      0.000      0.000       0.000       0.000       0.000       0.000       0.000       0.000    
    82800.   12.48074213   12.4887   0.000       0.000      0.6944E-05   0.000     0.4888E-02-0.4895E-02  0.000      0.000      0.000      0.000       0.000       0.000       0.000       0.000       0.000       0.000    
    86400.   12.49456125   12.4987   0.000       0.000      0.3581E-05   0.000     0.4941E-02-0.4945E-02  0.000      0.000      0.000      0.000       0.000       0.000       0.000       0.000       0.000       0.000    
    90000.   12.57441622   12.5145   0.000       0.000     -0.5239E-04   0.000     0.7134E-02-0.7082E-02  0.000      0.000      0.000      0.000       0.000       0.000       0.000       0.000       0.000       0.000    
    93600.   12.75995795   12.5445   0.000       0.000     -0.1885E-03   0.000     0.1229E-01-0.1210E-01  0.000      0.000      0.000      0.000       0.000       0.000       0.000       0.000       0.000       0.000    
    97200.   12.69440615   12.5658   0.000       0.000     -0.1125E-03   0.000     0.8543E-02-0.8431E-02  0.000      0.000      0.000      0.000       0.000       0.000       0.000       0.000       0.000       0.000    
   100800.   12.54981445   12.5737   0.000       0.000      0.2092E-04   0.000     0.3365E-02-0.3386E-02  0.000      0.000      0.000      0.000       0.000       0.000       0.000       0.000       0.000       0.000    
   104400.   12.48217990   12.5761   0.000       0.000      0.8222E-04   0.000     0.1621E-02-0.1704E-02  0.000      0.000      0.000      0.000       0.000       0.000       0.000       0.000       0.000       0.000    
   108000.   12.46117310   12.5771   0.000       0.000      0.1015E-03   0.000     0.1389E-02-0.1490E-02  0.000      0.000      0.000      0.000       0.000       0.000       0.000       0.000       0.000       0.000    
   111600.   12.42849644   12.5756   0.000       0.000      0.1287E-03   0.000     0.5785E-03-0.7072E-03  0.000      0.000      0.000      0.000       0.000       0.000       0.000       0.000       0.000       0.000    
   115200.   12.40184054   12.5721   0.000       0.000      0.1490E-03   0.000    -0.6986E-05-0.1420E-03  0.000      0.000      0.000      0.000       0.000       0.000       0.000       0.000       0.000       0.000    
   118800.   12.38258204   12.5674   0.000       0.000      0.1617E-03   0.000    -0.3434E-03 0.1816E-03  0.000      0.000      0.000      0.000       0.000       0.000       0.000       0.000       0.000       0.000    
   122400.   12.39123900   12.5639   0.000       0.000      0.1511E-03   0.000     0.1969E-03-0.3480E-03  0.000      0.000      0.000      0.000       0.000       0.000       0.000       0.000       0.000       0.000    
   126000.   12.37166935   12.5590   0.000       0.000      0.1639E-03   0.000    -0.3264E-03 0.1625E-03  0.000      0.000      0.000      0.000       0.000       0.000       0.000       0.000       0.000       0.000    
   129600.   12.42164459   12.5587   0.000       0.000      0.1200E-03   0.000     0.1478E-02-0.1598E-02  0.000      0.000      0.000      0.000       0.000       0.000       0.000       0.000       0.000       0.000    
   133200.   12.39669327   12.5561   0.000       0.000      0.1395E-03   0.000     0.5070E-03-0.6465E-03  0.000      0.000      0.000      0.000       0.000       0.000       0.000       0.000       0.000       0.000    
   136800.   12.38768664   12.5531   0.000       0.000      0.1447E-03   0.000     0.3262E-03-0.4709E-03  0.000      0.000      0.000      0.000       0.000       0.000       0.000       0.000       0.000       0.000    
   140400.   12.36590782   12.5484   0.000       0.000      0.1597E-03   0.000    -0.2366E-03 0.7688E-04  0.000      0.000      0.000      0.000       0.000       0.000       0.000       0.000       0.000       0.000    
   144000.   12.36163764   12.5438   0.000       0.000      0.1594E-03   0.000    -0.1471E-03-0.1232E-04  0.000      0.000      0.000      0.000       0.000       0.000       0.000       0.000       0.000       0.000    
   147600.   12.35975981   12.5394   0.000       0.000      0.1572E-03   0.000    -0.3748E-04-0.1197E-03  0.000      0.000      0.000      0.000       0.000       0.000       0.000       0.000       0.000       0.000    
   151200.   12.35874083   12.5353   0.000       0.000      0.1545E-03   0.000     0.6423E-04-0.2187E-03  0.000      0.000      0.000      0.000       0.000       0.000       0.000       0.000       0.000       0.000    
   154800.   12.35807443   12.5314   0.000       0.000      0.1516E-03   0.000     0.1588E-03-0.3104E-03  0.000      0.000      0.000      0.000       0.000       0.000       0.000       0.000       0.000       0.000    
   158400.   12.37091056   12.5288   0.000       0.000      0.1381E-03   0.000     0.6737E-03-0.8118E-03  0.000      0.000      0.000      0.000       0.000       0.000       0.000       0.000       0.000       0.000    
   162000.   12.42644817   12.5310   0.000       0.000      0.9145E-04   0.000     0.2457E-02-0.2549E-02  0.000      0.000      0.000      0.000       0.000       0.000       0.000       0.000       0.000       0.000    
   165600.   12.42376586   12.5325   0.000       0.000      0.9510E-04   0.000     0.2064E-02-0.2159E-02  0.000      0.000      0.000      0.000       0.000       0.000       0.000       0.000       0.000       0.000    
   169200.   12.37951953   12.5301   0.000       0.000      0.1318E-03   0.000     0.5372E-03-0.6690E-03  0.000      0.000      0.000      0.000       0.000       0.000       0.000       0.000       0.000       0.000    
   172800.   12.36607398   12.5270   0.000       0.000      0.1408E-03   0.000     0.3301E-03-0.4709E-03  0.000      0.000      0.000      0.000       0.000       0.000       0.000       0.000       0.000       0.000    
