TOTIM (T)      HCON          HMAT      QDIR      QWELL        QMAT       QCADS      QTUB1      QTUB2      QTUB3      QTUB4      QTUB5      QTUB6       NSTOR        QFIX        QLH     FHLQ (LQ)        CAUCHY   CAUCHY (LQ)
     3600.   12.32165644   12.4862   0.000       0.000      0.1440E-03   0.000     0.1564E-02-0.1708E-02  0.000      0.000      0.000      0.000       0.000       0.000       0.000       0.000       0.000       0.000    
     7200.   12.30838444   12.4851   0.000       0.000      0.1546E-03   0.000     0.1119E-02-0.1274E-02  0.000      0.000      0.000      0.000       0.000       0.000       0.000       0.000       0.000       0.000    
    10800.   12.30594529   12.4839   0.000       0.000      0.1557E-03   0.000     0.1138E-02-0.1293E-02  0.000      0.000      0.000      0.000       0.000       0.000       0.000       0.000       0.000       0.000    
    14400.   12.30482249   12.4828   0.000       0.000      0.1557E-03   0.000     0.1161E-02-0.1316E-02  0.000      0.000      0.000      0.000       0.000       0.000       0.000       0.000       0.000       0.000    
    18000.   12.30411390   12.4817   0.000       0.000      0.1554E-03   0.000     0.1181E-02-0.1337E-02  0.000      0.000      0.000      0.000       0.000       0.000       0.000       0.000       0.000       0.000    
    21600.   12.30358383   12.4806   0.000       0.000      0.1549E-03   0.000     0.1200E-02-0.1355E-02  0.000      0.000      0.000      0.000       0.000       0.000       0.000       0.000       0.000       0.000    
    25200.   12.30313440   12.4795   0.000       0.000      0.1544E-03   0.000     0.1217E-02-0.1371E-02  0.000      0.000      0.000      0.000       0.000       0.000       0.000       0.000       0.000       0.000    
    28800.   12.30272218   12.4785   0.000       0.000      0.1538E-03   0.000     0.1233E-02-0.1386E-02  0.000      0.000      0.000      0.000       0.000       0.000       0.000       0.000       0.000       0.000    
    32400.   12.30235175   12.4776   0.000       0.000      0.1533E-03   0.000     0.1247E-02-0.1400E-02  0.000      0.000      0.000      0.000       0.000       0.000       0.000       0.000       0.000       0.000    
    36000.   12.30198038   12.4766   0.000       0.000      0.1528E-03   0.000     0.1260E-02-0.1413E-02  0.000      0.000      0.000      0.000       0.000       0.000       0.000       0.000       0.000       0.000    
    39600.   12.30160815   12.4758   0.000       0.000      0.1524E-03   0.000     0.1273E-02-0.1425E-02  0.000      0.000      0.000      0.000       0.000       0.000       0.000       0.000       0.000       0.000    
    43200.   12.31455618   12.4760   0.000       0.000      0.1413E-03   0.000     0.1729E-02-0.1871E-02  0.000      0.000      0.000      0.000       0.000       0.000       0.000       0.000       0.000       0.000    
    46800.   12.31665157   12.4764   0.000       0.000      0.1397E-03   0.000     0.1722E-02-0.1862E-02  0.000      0.000      0.000      0.000       0.000       0.000       0.000       0.000       0.000       0.000    
    50400.   12.30408794   12.4756   0.000       0.000      0.1501E-03   0.000     0.1264E-02-0.1414E-02  0.000      0.000      0.000      0.000       0.000       0.000       0.000       0.000       0.000       0.000    
    54000.   12.31530820   12.4759   0.000       0.000      0.1405E-03   0.000     0.1716E-02-0.1857E-02  0.000      0.000      0.000      0.000       0.000       0.000       0.000       0.000       0.000       0.000    
    57600.   12.35022811   12.4791   0.000       0.000      0.1127E-03   0.000     0.2822E-02-0.2935E-02  0.000      0.000      0.000      0.000       0.000       0.000       0.000       0.000       0.000       0.000    
    61200.   12.45730140   12.4908   0.000       0.000      0.2930E-04   0.000     0.6098E-02-0.6128E-02  0.000      0.000      0.000      0.000       0.000       0.000       0.000       0.000       0.000       0.000    
    64800.   12.45233771   12.5007   0.000       0.000      0.4233E-04   0.000     0.5003E-02-0.5045E-02  0.000      0.000      0.000      0.000       0.000       0.000       0.000       0.000       0.000       0.000    
    68400.   12.45133897   12.5098   0.000       0.000      0.5114E-04   0.000     0.4583E-02-0.4634E-02  0.000      0.000      0.000      0.000       0.000       0.000       0.000       0.000       0.000       0.000    
    72000.   12.42124285   12.5157   0.000       0.000      0.8264E-04   0.000     0.3318E-02-0.3401E-02  0.000      0.000      0.000      0.000       0.000       0.000       0.000       0.000       0.000       0.000    
    75600.   12.39152773   12.5188   0.000       0.000      0.1114E-03   0.000     0.2339E-02-0.2450E-02  0.000      0.000      0.000      0.000       0.000       0.000       0.000       0.000       0.000       0.000    
    79200.   12.46698255   12.5283   0.000       0.000      0.5363E-04   0.000     0.4974E-02-0.5027E-02  0.000      0.000      0.000      0.000       0.000       0.000       0.000       0.000       0.000       0.000    
    82800.   12.48073654   12.5379   0.000       0.000      0.5000E-04   0.000     0.4843E-02-0.4893E-02  0.000      0.000      0.000      0.000       0.000       0.000       0.000       0.000       0.000       0.000    
    86400.   12.49455577   12.5478   0.000       0.000      0.4663E-04   0.000     0.4904E-02-0.4950E-02  0.000      0.000      0.000      0.000       0.000       0.000       0.000       0.000       0.000       0.000    
    90000.   12.57440742   12.5637   0.000       0.000     -0.9348E-05   0.000     0.7192E-02-0.7183E-02  0.000      0.000      0.000      0.000       0.000       0.000       0.000       0.000       0.000       0.000    
    93600.   12.75995267   12.5936   0.000       0.000     -0.1455E-03   0.000     0.1250E-01-0.1235E-01  0.000      0.000      0.000      0.000       0.000       0.000       0.000       0.000       0.000       0.000    
    97200.   12.69440264   12.6150   0.000       0.000     -0.6949E-04   0.000     0.8446E-02-0.8377E-02  0.000      0.000      0.000      0.000       0.000       0.000       0.000       0.000       0.000       0.000    
   100800.   12.54981322   12.6229   0.000       0.000      0.6391E-04   0.000     0.3173E-02-0.3237E-02  0.000      0.000      0.000      0.000       0.000       0.000       0.000       0.000       0.000       0.000    
   104400.   12.48217944   12.6253   0.000       0.000      0.1252E-03   0.000     0.1529E-02-0.1654E-02  0.000      0.000      0.000      0.000       0.000       0.000       0.000       0.000       0.000       0.000    
   108000.   12.46117248   12.6262   0.000       0.000      0.1444E-03   0.000     0.1355E-02-0.1500E-02  0.000      0.000      0.000      0.000       0.000       0.000       0.000       0.000       0.000       0.000    
   111600.   12.42849577   12.6246   0.000       0.000      0.1716E-03   0.000     0.5311E-03-0.7027E-03  0.000      0.000      0.000      0.000       0.000       0.000       0.000       0.000       0.000       0.000    
   115200.   12.40183984   12.6211   0.000       0.000      0.1918E-03   0.000    -0.4501E-04-0.1468E-03  0.000      0.000      0.000      0.000       0.000       0.000       0.000       0.000       0.000       0.000    
   118800.   12.38258132   12.6164   0.000       0.000      0.2046E-03   0.000    -0.3706E-03 0.1661E-03  0.000      0.000      0.000      0.000       0.000       0.000       0.000       0.000       0.000       0.000    
   122400.   12.39123811   12.6129   0.000       0.000      0.1939E-03   0.000     0.2075E-03-0.4014E-03  0.000      0.000      0.000      0.000       0.000       0.000       0.000       0.000       0.000       0.000    
   126000.   12.37166858   12.6079   0.000       0.000      0.2067E-03   0.000    -0.3511E-03 0.1444E-03  0.000      0.000      0.000      0.000       0.000       0.000       0.000       0.000       0.000       0.000    
   129600.   12.42164335   12.6076   0.000       0.000      0.1627E-03   0.000     0.1546E-02-0.1709E-02  0.000      0.000      0.000      0.000       0.000       0.000       0.000       0.000       0.000       0.000    
   133200.   12.39669232   12.6050   0.000       0.000      0.1823E-03   0.000     0.4799E-03-0.6622E-03  0.000      0.000      0.000      0.000       0.000       0.000       0.000       0.000       0.000       0.000    
   136800.   12.38768577   12.6019   0.000       0.000      0.1874E-03   0.000     0.3204E-03-0.5078E-03  0.000      0.000      0.000      0.000       0.000       0.000       0.000       0.000       0.000       0.000    
   140400.   12.36590707   12.5972   0.000       0.000      0.2024E-03   0.000    -0.2605E-03 0.5812E-04  0.000      0.000      0.000      0.000       0.000       0.000       0.000       0.000       0.000       0.000    
   144000.   12.36163685   12.5926   0.000       0.000      0.2021E-03   0.000    -0.1506E-03-0.5150E-04  0.000      0.000      0.000      0.000       0.000       0.000       0.000       0.000       0.000       0.000    
   147600.   12.35975896   12.5882   0.000       0.000      0.1999E-03   0.000    -0.4029E-04-0.1596E-03  0.000      0.000      0.000      0.000       0.000       0.000       0.000       0.000       0.000       0.000    
   151200.   12.35873996   12.5840   0.000       0.000      0.1971E-03   0.000     0.6013E-04-0.2572E-03  0.000      0.000      0.000      0.000       0.000       0.000       0.000       0.000       0.000       0.000    
   154800.   12.35807354   12.5800   0.000       0.000      0.1942E-03   0.000     0.1525E-03-0.3467E-03  0.000      0.000      0.000      0.000       0.000       0.000       0.000       0.000       0.000       0.000    
   158400.   12.37090955   12.5774   0.000       0.000      0.1807E-03   0.000     0.6825E-03-0.8632E-03  0.000      0.000      0.000      0.000       0.000       0.000       0.000       0.000       0.000       0.000    
   162000.   12.42644668   12.5796   0.000       0.000      0.1340E-03   0.000     0.2521E-02-0.2655E-02  0.000      0.000      0.000      0.000       0.000       0.000       0.000       0.000       0.000       0.000    
   165600.   12.42376458   12.5811   0.000       0.000      0.1376E-03   0.000     0.2053E-02-0.2190E-02  0.000      0.000      0.000      0.000       0.000       0.000       0.000       0.000       0.000       0.000    
   169200.   12.37951870   12.5787   0.000       0.000      0.1743E-03   0.000     0.4699E-03-0.6441E-03  0.000      0.000      0.000      0.000       0.000       0.000       0.000       0.000       0.000       0.000    
   172800.   12.36607317   12.5755   0.000       0.000      0.1833E-03   0.000     0.2980E-03-0.4813E-03  0.000      0.000      0.000      0.000       0.000       0.000       0.000       0.000       0.000       0.000    
