TOTIM (T)      HCON          HMAT      QDIR      QWELL        QMAT       QCADS      QTUB1      QTUB2      QTUB3      QTUB4      QTUB5      QTUB6       NSTOR        QFIX        QLH     FHLQ (LQ)        CAUCHY   CAUCHY (LQ)
     3600.   12.32165682   12.4358   0.000       0.000      0.9991E-04   0.000     0.7406E-03-0.8405E-03  0.000      0.000      0.000      0.000       0.000       0.000       0.000       0.000       0.000       0.000    
     7200.   12.30838475   12.4349   0.000       0.000      0.1107E-03   0.000     0.2889E-03-0.3996E-03  0.000      0.000      0.000      0.000       0.000       0.000       0.000       0.000       0.000       0.000    
    10800.   12.30594560   12.4341   0.000       0.000      0.1122E-03   0.000     0.2867E-03-0.3989E-03  0.000      0.000      0.000      0.000       0.000       0.000       0.000       0.000       0.000       0.000    
    14400.   12.30482280   12.4335   0.000       0.000      0.1126E-03   0.000     0.3072E-03-0.4198E-03  0.000      0.000      0.000      0.000       0.000       0.000       0.000       0.000       0.000       0.000    
    18000.   12.30411422   12.4330   0.000       0.000      0.1127E-03   0.000     0.3279E-03-0.4406E-03  0.000      0.000      0.000      0.000       0.000       0.000       0.000       0.000       0.000       0.000    
    21600.   12.30358416   12.4326   0.000       0.000      0.1129E-03   0.000     0.3474E-03-0.4603E-03  0.000      0.000      0.000      0.000       0.000       0.000       0.000       0.000       0.000       0.000    
    25200.   12.30313473   12.4323   0.000       0.000      0.1130E-03   0.000     0.3656E-03-0.4787E-03  0.000      0.000      0.000      0.000       0.000       0.000       0.000       0.000       0.000       0.000    
    28800.   12.30272251   12.4322   0.000       0.000      0.1133E-03   0.000     0.3826E-03-0.4959E-03  0.000      0.000      0.000      0.000       0.000       0.000       0.000       0.000       0.000       0.000    
    32400.   12.30235208   12.4321   0.000       0.000      0.1135E-03   0.000     0.3984E-03-0.5119E-03  0.000      0.000      0.000      0.000       0.000       0.000       0.000       0.000       0.000       0.000    
    36000.   12.30198071   12.4321   0.000       0.000      0.1139E-03   0.000     0.4131E-03-0.5270E-03  0.000      0.000      0.000      0.000       0.000       0.000       0.000       0.000       0.000       0.000    
    39600.   12.30160849   12.4322   0.000       0.000      0.1143E-03   0.000     0.4269E-03-0.5411E-03  0.000      0.000      0.000      0.000       0.000       0.000       0.000       0.000       0.000       0.000    
    43200.   12.31455659   12.4332   0.000       0.000      0.1039E-03   0.000     0.8912E-03-0.9950E-03  0.000      0.000      0.000      0.000       0.000       0.000       0.000       0.000       0.000       0.000    
    46800.   12.31665199   12.4342   0.000       0.000      0.1029E-03   0.000     0.9052E-03-0.1008E-02  0.000      0.000      0.000      0.000       0.000       0.000       0.000       0.000       0.000       0.000    
    50400.   12.30408828   12.4342   0.000       0.000      0.1138E-03   0.000     0.4444E-03-0.5582E-03  0.000      0.000      0.000      0.000       0.000       0.000       0.000       0.000       0.000       0.000    
    54000.   12.31530861   12.4350   0.000       0.000      0.1047E-03   0.000     0.8833E-03-0.9880E-03  0.000      0.000      0.000      0.000       0.000       0.000       0.000       0.000       0.000       0.000    
    57600.   12.35022870   12.4381   0.000       0.000      0.7685E-04   0.000     0.2024E-02-0.2101E-02  0.000      0.000      0.000      0.000       0.000       0.000       0.000       0.000       0.000       0.000    
    61200.   12.45731060   12.4477   0.000       0.000     -0.8367E-05   0.000     0.5405E-02-0.5397E-02  0.000      0.000      0.000      0.000       0.000       0.000       0.000       0.000       0.000       0.000    
    64800.   12.45234420   12.4544   0.000       0.000      0.1783E-05   0.000     0.4459E-02-0.4460E-02  0.000      0.000      0.000      0.000       0.000       0.000       0.000       0.000       0.000       0.000    
    68400.   12.45134459   12.4592   0.000       0.000      0.6894E-05   0.000     0.4014E-02-0.4020E-02  0.000      0.000      0.000      0.000       0.000       0.000       0.000       0.000       0.000       0.000    
    72000.   12.42124683   12.4606   0.000       0.000      0.3443E-04   0.000     0.2713E-02-0.2747E-02  0.000      0.000      0.000      0.000       0.000       0.000       0.000       0.000       0.000       0.000    
    75600.   12.39153080   12.4593   0.000       0.000      0.5934E-04   0.000     0.1656E-02-0.1715E-02  0.000      0.000      0.000      0.000       0.000       0.000       0.000       0.000       0.000       0.000    
    79200.   12.46698944   12.4635   0.000       0.000     -0.3091E-05   0.000     0.4272E-02-0.4269E-02  0.000      0.000      0.000      0.000       0.000       0.000       0.000       0.000       0.000       0.000    
    82800.   12.48074291   12.4670   0.000       0.000     -0.1204E-04   0.000     0.4249E-02-0.4237E-02  0.000      0.000      0.000      0.000       0.000       0.000       0.000       0.000       0.000       0.000    
    86400.   12.49456203   12.4702   0.000       0.000     -0.2132E-04   0.000     0.4321E-02-0.4300E-02  0.000      0.000      0.000      0.000       0.000       0.000       0.000       0.000       0.000       0.000    
    90000.   12.57441740   12.4779   0.000       0.000     -0.8445E-04   0.000     0.6652E-02-0.6568E-02  0.000      0.000      0.000      0.000       0.000       0.000       0.000       0.000       0.000       0.000    
    93600.   12.75996997   12.4967   0.000       0.000     -0.2304E-03   0.000     0.1215E-01-0.1192E-01  0.000      0.000      0.000      0.000       0.000       0.000       0.000       0.000       0.000       0.000    
    97200.   12.69441126   12.5057   0.000       0.000     -0.1651E-03   0.000     0.8308E-02-0.8143E-02  0.000      0.000      0.000      0.000       0.000       0.000       0.000       0.000       0.000       0.000    
   100800.   12.54981477   12.5020   0.000       0.000     -0.4183E-04   0.000     0.2817E-02-0.2776E-02  0.000      0.000      0.000      0.000       0.000       0.000       0.000       0.000       0.000       0.000    
   104400.   12.48217985   12.4940   0.000       0.000      0.1030E-04   0.000     0.8836E-03-0.8939E-03  0.000      0.000      0.000      0.000       0.000       0.000       0.000       0.000       0.000       0.000    
   108000.   12.46117305   12.4856   0.000       0.000      0.2134E-04   0.000     0.5772E-03-0.5986E-03  0.000      0.000      0.000      0.000       0.000       0.000       0.000       0.000       0.000       0.000    
   111600.   12.42849638   12.4759   0.000       0.000      0.4144E-04   0.000    -0.3043E-03 0.2628E-03  0.000      0.000      0.000      0.000       0.000       0.000       0.000       0.000       0.000       0.000    
   115200.   12.40184043   12.4656   0.000       0.000      0.5580E-04   0.000    -0.9452E-03 0.8893E-03  0.000      0.000      0.000      0.000       0.000       0.000       0.000       0.000       0.000       0.000    
   118800.   12.38258189   12.4556   0.000       0.000      0.6386E-04   0.000    -0.1317E-02 0.1253E-02  0.000      0.000      0.000      0.000       0.000       0.000       0.000       0.000       0.000       0.000    
   122400.   12.39123892   12.4478   0.000       0.000      0.4947E-04   0.000    -0.7559E-03 0.7065E-03  0.000      0.000      0.000      0.000       0.000       0.000       0.000       0.000       0.000       0.000    
   126000.   12.37166921   12.4398   0.000       0.000      0.5958E-04   0.000    -0.1302E-02 0.1242E-02  0.000      0.000      0.000      0.000       0.000       0.000       0.000       0.000       0.000       0.000    
   129600.   12.42164459   12.4368   0.000       0.000      0.1325E-04   0.000     0.6015E-03-0.6148E-03  0.000      0.000      0.000      0.000       0.000       0.000       0.000       0.000       0.000       0.000    
   133200.   12.39669321   12.4323   0.000       0.000      0.3113E-04   0.000    -0.3931E-03 0.3620E-03  0.000      0.000      0.000      0.000       0.000       0.000       0.000       0.000       0.000       0.000    
   136800.   12.38768657   12.4280   0.000       0.000      0.3528E-04   0.000    -0.5882E-03 0.5529E-03  0.000      0.000      0.000      0.000       0.000       0.000       0.000       0.000       0.000       0.000    
   140400.   12.36590769   12.4231   0.000       0.000      0.5004E-04   0.000    -0.1187E-02 0.1137E-02  0.000      0.000      0.000      0.000       0.000       0.000       0.000       0.000       0.000       0.000    
   144000.   12.36163753   12.4191   0.000       0.000      0.5024E-04   0.000    -0.1103E-02 0.1053E-02  0.000      0.000      0.000      0.000       0.000       0.000       0.000       0.000       0.000       0.000    
   147600.   12.35975970   12.4159   0.000       0.000      0.4913E-04   0.000    -0.9895E-03 0.9404E-03  0.000      0.000      0.000      0.000       0.000       0.000       0.000       0.000       0.000       0.000    
   151200.   12.35874073   12.4136   0.000       0.000      0.4798E-04   0.000    -0.8815E-03 0.8336E-03  0.000      0.000      0.000      0.000       0.000       0.000       0.000       0.000       0.000       0.000    
   154800.   12.35807434   12.4120   0.000       0.000      0.4718E-04   0.000    -0.7803E-03 0.7332E-03  0.000      0.000      0.000      0.000       0.000       0.000       0.000       0.000       0.000       0.000    
   158400.   12.37091051   12.4120   0.000       0.000      0.3594E-04   0.000    -0.2345E-03 0.1986E-03  0.000      0.000      0.000      0.000       0.000       0.000       0.000       0.000       0.000       0.000    
   162000.   12.42644819   12.4162   0.000       0.000     -0.8942E-05   0.000     0.1661E-02-0.1652E-02  0.000      0.000      0.000      0.000       0.000       0.000       0.000       0.000       0.000       0.000    
   165600.   12.42376588   12.4195   0.000       0.000     -0.3713E-05   0.000     0.1279E-02-0.1276E-02  0.000      0.000      0.000      0.000       0.000       0.000       0.000       0.000       0.000       0.000    
   169200.   12.37951947   12.4193   0.000       0.000      0.3484E-04   0.000    -0.3293E-03 0.2944E-03  0.000      0.000      0.000      0.000       0.000       0.000       0.000       0.000       0.000       0.000    
   172800.   12.36607390   12.4188   0.000       0.000      0.4612E-04   0.000    -0.5735E-03 0.5274E-03  0.000      0.000      0.000      0.000       0.000       0.000       0.000       0.000       0.000       0.000    
