TOTIM (T)      HCON          HMAT      QDIR      QWELL        QMAT       QCADS      QTUB1      QTUB2      QTUB3      QTUB4      QTUB5      QTUB6       NSTOR        QFIX        QLH     FHLQ (LQ)        CAUCHY   CAUCHY (LQ)
     3600.   12.32165606   12.3528   0.000       0.000      0.2723E-04   0.000     0.2505E-02-0.2533E-02  0.000      0.000      0.000      0.000       0.000       0.000       0.000       0.000       0.000       0.000    
     7200.   12.30838416   12.3517   0.000       0.000      0.3788E-04   0.000     0.2184E-02-0.2222E-02  0.000      0.000      0.000      0.000       0.000       0.000       0.000       0.000       0.000       0.000    
    10800.   12.30594500   12.3505   0.000       0.000      0.3899E-04   0.000     0.2201E-02-0.2240E-02  0.000      0.000      0.000      0.000       0.000       0.000       0.000       0.000       0.000       0.000    
    14400.   12.30482219   12.3494   0.000       0.000      0.3897E-04   0.000     0.2223E-02-0.2262E-02  0.000      0.000      0.000      0.000       0.000       0.000       0.000       0.000       0.000       0.000    
    18000.   12.30411360   12.3482   0.000       0.000      0.3860E-04   0.000     0.2240E-02-0.2278E-02  0.000      0.000      0.000      0.000       0.000       0.000       0.000       0.000       0.000       0.000    
    21600.   12.30358353   12.3471   0.000       0.000      0.3812E-04   0.000     0.2254E-02-0.2292E-02  0.000      0.000      0.000      0.000       0.000       0.000       0.000       0.000       0.000       0.000    
    25200.   12.30313410   12.3461   0.000       0.000      0.3760E-04   0.000     0.2266E-02-0.2304E-02  0.000      0.000      0.000      0.000       0.000       0.000       0.000       0.000       0.000       0.000    
    28800.   12.30272187   12.3451   0.000       0.000      0.3708E-04   0.000     0.2277E-02-0.2314E-02  0.000      0.000      0.000      0.000       0.000       0.000       0.000       0.000       0.000       0.000    
    32400.   12.30235144   12.3441   0.000       0.000      0.3656E-04   0.000     0.2287E-02-0.2324E-02  0.000      0.000      0.000      0.000       0.000       0.000       0.000       0.000       0.000       0.000    
    36000.   12.30198006   12.3432   0.000       0.000      0.3608E-04   0.000     0.2297E-02-0.2333E-02  0.000      0.000      0.000      0.000       0.000       0.000       0.000       0.000       0.000       0.000    
    39600.   12.30160784   12.3423   0.000       0.000      0.3563E-04   0.000     0.2305E-02-0.2341E-02  0.000      0.000      0.000      0.000       0.000       0.000       0.000       0.000       0.000       0.000    
    43200.   12.31455577   12.3426   0.000       0.000      0.2452E-04   0.000     0.2634E-02-0.2658E-02  0.000      0.000      0.000      0.000       0.000       0.000       0.000       0.000       0.000       0.000    
    46800.   12.31665116   12.3429   0.000       0.000      0.2299E-04   0.000     0.2625E-02-0.2648E-02  0.000      0.000      0.000      0.000       0.000       0.000       0.000       0.000       0.000       0.000    
    50400.   12.30408763   12.3422   0.000       0.000      0.3332E-04   0.000     0.2290E-02-0.2323E-02  0.000      0.000      0.000      0.000       0.000       0.000       0.000       0.000       0.000       0.000    
    54000.   12.31530779   12.3425   0.000       0.000      0.2377E-04   0.000     0.2616E-02-0.2640E-02  0.000      0.000      0.000      0.000       0.000       0.000       0.000       0.000       0.000       0.000    
    57600.   12.35022746   12.3456   0.000       0.000     -0.4028E-05   0.000     0.3412E-02-0.3408E-02  0.000      0.000      0.000      0.000       0.000       0.000       0.000       0.000       0.000       0.000    
    61200.   12.45730812   12.3574   0.000       0.000     -0.8746E-04   0.000     0.5754E-02-0.5667E-02  0.000      0.000      0.000      0.000       0.000       0.000       0.000       0.000       0.000       0.000    
    64800.   12.45234214   12.3673   0.000       0.000     -0.7443E-04   0.000     0.4927E-02-0.4852E-02  0.000      0.000      0.000      0.000       0.000       0.000       0.000       0.000       0.000       0.000    
    68400.   12.45134271   12.3763   0.000       0.000     -0.6562E-04   0.000     0.4584E-02-0.4518E-02  0.000      0.000      0.000      0.000       0.000       0.000       0.000       0.000       0.000       0.000    
    72000.   12.42124544   12.3822   0.000       0.000     -0.3412E-04   0.000     0.3668E-02-0.3634E-02  0.000      0.000      0.000      0.000       0.000       0.000       0.000       0.000       0.000       0.000    
    75600.   12.39152978   12.3854   0.000       0.000     -0.5368E-05   0.000     0.2975E-02-0.2969E-02  0.000      0.000      0.000      0.000       0.000       0.000       0.000       0.000       0.000       0.000    
    79200.   12.46698742   12.3948   0.000       0.000     -0.6314E-04   0.000     0.4892E-02-0.4829E-02  0.000      0.000      0.000      0.000       0.000       0.000       0.000       0.000       0.000       0.000    
    82800.   12.48074092   12.4044   0.000       0.000     -0.6677E-04   0.000     0.4798E-02-0.4731E-02  0.000      0.000      0.000      0.000       0.000       0.000       0.000       0.000       0.000       0.000    
    86400.   12.49456003   12.4144   0.000       0.000     -0.7014E-04   0.000     0.4817E-02-0.4747E-02  0.000      0.000      0.000      0.000       0.000       0.000       0.000       0.000       0.000       0.000    
    90000.   12.57441454   12.4303   0.000       0.000     -0.1261E-03   0.000     0.6450E-02-0.6324E-02  0.000      0.000      0.000      0.000       0.000       0.000       0.000       0.000       0.000       0.000    
    93600.   12.75992809   12.4602   0.000       0.000     -0.2623E-03   0.000     0.1024E-01-0.9979E-02  0.000      0.000      0.000      0.000       0.000       0.000       0.000       0.000       0.000       0.000    
    97200.   12.69439124   12.4815   0.000       0.000     -0.1863E-03   0.000     0.7258E-02-0.7072E-02  0.000      0.000      0.000      0.000       0.000       0.000       0.000       0.000       0.000       0.000    
   100800.   12.54981191   12.4894   0.000       0.000     -0.5287E-04   0.000     0.3414E-02-0.3361E-02  0.000      0.000      0.000      0.000       0.000       0.000       0.000       0.000       0.000       0.000    
   104400.   12.48217935   12.4918   0.000       0.000      0.8408E-05   0.000     0.2283E-02-0.2292E-02  0.000      0.000      0.000      0.000       0.000       0.000       0.000       0.000       0.000       0.000    
   108000.   12.46117259   12.4928   0.000       0.000      0.2764E-04   0.000     0.2243E-02-0.2270E-02  0.000      0.000      0.000      0.000       0.000       0.000       0.000       0.000       0.000       0.000    
   111600.   12.42849614   12.4912   0.000       0.000      0.5482E-04   0.000     0.1705E-02-0.1759E-02  0.000      0.000      0.000      0.000       0.000       0.000       0.000       0.000       0.000       0.000    
   115200.   12.40184035   12.4876   0.000       0.000      0.7508E-04   0.000     0.1322E-02-0.1397E-02  0.000      0.000      0.000      0.000       0.000       0.000       0.000       0.000       0.000       0.000    
   118800.   12.38258191   12.4829   0.000       0.000      0.8782E-04   0.000     0.1113E-02-0.1200E-02  0.000      0.000      0.000      0.000       0.000       0.000       0.000       0.000       0.000       0.000    
   122400.   12.39123876   12.4794   0.000       0.000      0.7717E-04   0.000     0.1547E-02-0.1624E-02  0.000      0.000      0.000      0.000       0.000       0.000       0.000       0.000       0.000       0.000    
   126000.   12.37166922   12.4745   0.000       0.000      0.8998E-04   0.000     0.1151E-02-0.1241E-02  0.000      0.000      0.000      0.000       0.000       0.000       0.000       0.000       0.000       0.000    
   129600.   12.42164408   12.4742   0.000       0.000      0.4598E-04   0.000     0.2516E-02-0.2562E-02  0.000      0.000      0.000      0.000       0.000       0.000       0.000       0.000       0.000       0.000    
   133200.   12.39669296   12.4716   0.000       0.000      0.6552E-04   0.000     0.1740E-02-0.1806E-02  0.000      0.000      0.000      0.000       0.000       0.000       0.000       0.000       0.000       0.000    
   136800.   12.38768637   12.4685   0.000       0.000      0.7068E-04   0.000     0.1611E-02-0.1682E-02  0.000      0.000      0.000      0.000       0.000       0.000       0.000       0.000       0.000       0.000    
   140400.   12.36590767   12.4638   0.000       0.000      0.8564E-04   0.000     0.1198E-02-0.1284E-02  0.000      0.000      0.000      0.000       0.000       0.000       0.000       0.000       0.000       0.000    
   144000.   12.36163747   12.4592   0.000       0.000      0.8535E-04   0.000     0.1284E-02-0.1370E-02  0.000      0.000      0.000      0.000       0.000       0.000       0.000       0.000       0.000       0.000    
   147600.   12.35975961   12.4548   0.000       0.000      0.8315E-04   0.000     0.1372E-02-0.1455E-02  0.000      0.000      0.000      0.000       0.000       0.000       0.000       0.000       0.000       0.000    
   151200.   12.35874061   12.4506   0.000       0.000      0.8039E-04   0.000     0.1446E-02-0.1527E-02  0.000      0.000      0.000      0.000       0.000       0.000       0.000       0.000       0.000       0.000    
   154800.   12.35807419   12.4467   0.000       0.000      0.7753E-04   0.000     0.1512E-02-0.1590E-02  0.000      0.000      0.000      0.000       0.000       0.000       0.000       0.000       0.000       0.000    
   158400.   12.37091021   12.4441   0.000       0.000      0.6402E-04   0.000     0.1892E-02-0.1956E-02  0.000      0.000      0.000      0.000       0.000       0.000       0.000       0.000       0.000       0.000    
   162000.   12.42644745   12.4462   0.000       0.000      0.1732E-04   0.000     0.3208E-02-0.3226E-02  0.000      0.000      0.000      0.000       0.000       0.000       0.000       0.000       0.000       0.000    
   165600.   12.42376524   12.4477   0.000       0.000      0.2097E-04   0.000     0.2852E-02-0.2873E-02  0.000      0.000      0.000      0.000       0.000       0.000       0.000       0.000       0.000       0.000    
   169200.   12.37951923   12.4454   0.000       0.000      0.5761E-04   0.000     0.1691E-02-0.1749E-02  0.000      0.000      0.000      0.000       0.000       0.000       0.000       0.000       0.000       0.000    
   172800.   12.36607371   12.4422   0.000       0.000      0.6663E-04   0.000     0.1574E-02-0.1641E-02  0.000      0.000      0.000      0.000       0.000       0.000       0.000       0.000       0.000       0.000    
