TOTIM (T)      HCON          HMAT      QDIR      QWELL        QMAT       QCADS      QTUB1      QTUB2      QTUB3      QTUB4      QTUB5      QTUB6       NSTOR        QFIX        QLH     FHLQ (LQ)        CAUCHY   CAUCHY (LQ)
     3600.   12.32165618   12.3985   0.000       0.000      0.6727E-04   0.000     0.2388E-02-0.2456E-02  0.000      0.000      0.000      0.000       0.000       0.000       0.000       0.000       0.000       0.000    
     7200.   12.30838427   12.3974   0.000       0.000      0.7792E-04   0.000     0.2046E-02-0.2124E-02  0.000      0.000      0.000      0.000       0.000       0.000       0.000       0.000       0.000       0.000    
    10800.   12.30594511   12.3963   0.000       0.000      0.7904E-04   0.000     0.2060E-02-0.2139E-02  0.000      0.000      0.000      0.000       0.000       0.000       0.000       0.000       0.000       0.000    
    14400.   12.30482230   12.3951   0.000       0.000      0.7901E-04   0.000     0.2082E-02-0.2161E-02  0.000      0.000      0.000      0.000       0.000       0.000       0.000       0.000       0.000       0.000    
    18000.   12.30411371   12.3940   0.000       0.000      0.7865E-04   0.000     0.2100E-02-0.2179E-02  0.000      0.000      0.000      0.000       0.000       0.000       0.000       0.000       0.000       0.000    
    21600.   12.30358364   12.3929   0.000       0.000      0.7816E-04   0.000     0.2115E-02-0.2193E-02  0.000      0.000      0.000      0.000       0.000       0.000       0.000       0.000       0.000       0.000    
    25200.   12.30313421   12.3919   0.000       0.000      0.7764E-04   0.000     0.2128E-02-0.2206E-02  0.000      0.000      0.000      0.000       0.000       0.000       0.000       0.000       0.000       0.000    
    28800.   12.30272198   12.3909   0.000       0.000      0.7712E-04   0.000     0.2141E-02-0.2218E-02  0.000      0.000      0.000      0.000       0.000       0.000       0.000       0.000       0.000       0.000    
    32400.   12.30235155   12.3899   0.000       0.000      0.7661E-04   0.000     0.2152E-02-0.2228E-02  0.000      0.000      0.000      0.000       0.000       0.000       0.000       0.000       0.000       0.000    
    36000.   12.30198018   12.3890   0.000       0.000      0.7612E-04   0.000     0.2162E-02-0.2238E-02  0.000      0.000      0.000      0.000       0.000       0.000       0.000       0.000       0.000       0.000    
    39600.   12.30160795   12.3881   0.000       0.000      0.7567E-04   0.000     0.2172E-02-0.2247E-02  0.000      0.000      0.000      0.000       0.000       0.000       0.000       0.000       0.000       0.000    
    43200.   12.31455589   12.3883   0.000       0.000      0.6456E-04   0.000     0.2522E-02-0.2587E-02  0.000      0.000      0.000      0.000       0.000       0.000       0.000       0.000       0.000       0.000    
    46800.   12.31665129   12.3887   0.000       0.000      0.6303E-04   0.000     0.2516E-02-0.2579E-02  0.000      0.000      0.000      0.000       0.000       0.000       0.000       0.000       0.000       0.000    
    50400.   12.30408774   12.3879   0.000       0.000      0.7336E-04   0.000     0.2161E-02-0.2234E-02  0.000      0.000      0.000      0.000       0.000       0.000       0.000       0.000       0.000       0.000    
    54000.   12.31530792   12.3882   0.000       0.000      0.6380E-04   0.000     0.2506E-02-0.2570E-02  0.000      0.000      0.000      0.000       0.000       0.000       0.000       0.000       0.000       0.000    
    57600.   12.35022763   12.3914   0.000       0.000      0.3601E-04   0.000     0.3358E-02-0.3394E-02  0.000      0.000      0.000      0.000       0.000       0.000       0.000       0.000       0.000       0.000    
    61200.   12.45730841   12.4031   0.000       0.000     -0.4742E-04   0.000     0.5867E-02-0.5819E-02  0.000      0.000      0.000      0.000       0.000       0.000       0.000       0.000       0.000       0.000    
    64800.   12.45234238   12.4130   0.000       0.000     -0.3439E-04   0.000     0.5013E-02-0.4978E-02  0.000      0.000      0.000      0.000       0.000       0.000       0.000       0.000       0.000       0.000    
    68400.   12.45134293   12.4221   0.000       0.000     -0.2558E-04   0.000     0.4652E-02-0.4627E-02  0.000      0.000      0.000      0.000       0.000       0.000       0.000       0.000       0.000       0.000    
    72000.   12.42124562   12.4280   0.000       0.000      0.5917E-05   0.000     0.3674E-02-0.3680E-02  0.000      0.000      0.000      0.000       0.000       0.000       0.000       0.000       0.000       0.000    
    75600.   12.39152992   12.4312   0.000       0.000      0.3467E-04   0.000     0.2923E-02-0.2958E-02  0.000      0.000      0.000      0.000       0.000       0.000       0.000       0.000       0.000       0.000    
    79200.   12.46698766   12.4406   0.000       0.000     -0.2309E-04   0.000     0.4956E-02-0.4933E-02  0.000      0.000      0.000      0.000       0.000       0.000       0.000       0.000       0.000       0.000    
    82800.   12.48074116   12.4502   0.000       0.000     -0.2673E-04   0.000     0.4869E-02-0.4842E-02  0.000      0.000      0.000      0.000       0.000       0.000       0.000       0.000       0.000       0.000    
    86400.   12.49456027   12.4602   0.000       0.000     -0.3010E-04   0.000     0.4895E-02-0.4865E-02  0.000      0.000      0.000      0.000       0.000       0.000       0.000       0.000       0.000       0.000    
    90000.   12.57441486   12.4760   0.000       0.000     -0.8608E-04   0.000     0.6640E-02-0.6554E-02  0.000      0.000      0.000      0.000       0.000       0.000       0.000       0.000       0.000       0.000    
    93600.   12.75993319   12.5060   0.000       0.000     -0.2222E-03   0.000     0.1070E-01-0.1048E-01  0.000      0.000      0.000      0.000       0.000       0.000       0.000       0.000       0.000       0.000    
    97200.   12.69439382   12.5273   0.000       0.000     -0.1462E-03   0.000     0.7568E-02-0.7422E-02  0.000      0.000      0.000      0.000       0.000       0.000       0.000       0.000       0.000       0.000    
   100800.   12.54981249   12.5352   0.000       0.000     -0.1281E-04   0.000     0.3457E-02-0.3445E-02  0.000      0.000      0.000      0.000       0.000       0.000       0.000       0.000       0.000       0.000    
   104400.   12.48217946   12.5376   0.000       0.000      0.4847E-04   0.000     0.2204E-02-0.2252E-02  0.000      0.000      0.000      0.000       0.000       0.000       0.000       0.000       0.000       0.000    
   108000.   12.46117270   12.5385   0.000       0.000      0.6770E-04   0.000     0.2125E-02-0.2193E-02  0.000      0.000      0.000      0.000       0.000       0.000       0.000       0.000       0.000       0.000    
   111600.   12.42849622   12.5369   0.000       0.000      0.9489E-04   0.000     0.1532E-02-0.1627E-02  0.000      0.000      0.000      0.000       0.000       0.000       0.000       0.000       0.000       0.000    
   115200.   12.40184041   12.5334   0.000       0.000      0.1151E-03   0.000     0.1109E-02-0.1224E-02  0.000      0.000      0.000      0.000       0.000       0.000       0.000       0.000       0.000       0.000    
   118800.   12.38258197   12.5287   0.000       0.000      0.1279E-03   0.000     0.8744E-03-0.1002E-02  0.000      0.000      0.000      0.000       0.000       0.000       0.000       0.000       0.000       0.000    
   122400.   12.39123883   12.5252   0.000       0.000      0.1172E-03   0.000     0.1330E-02-0.1447E-02  0.000      0.000      0.000      0.000       0.000       0.000       0.000       0.000       0.000       0.000    
   126000.   12.37166927   12.5203   0.000       0.000      0.1301E-03   0.000     0.9087E-03-0.1039E-02  0.000      0.000      0.000      0.000       0.000       0.000       0.000       0.000       0.000       0.000    
   129600.   12.42164420   12.5200   0.000       0.000      0.8606E-04   0.000     0.2361E-02-0.2447E-02  0.000      0.000      0.000      0.000       0.000       0.000       0.000       0.000       0.000       0.000    
   133200.   12.39669304   12.5174   0.000       0.000      0.1056E-03   0.000     0.1547E-02-0.1652E-02  0.000      0.000      0.000      0.000       0.000       0.000       0.000       0.000       0.000       0.000    
   136800.   12.38768645   12.5143   0.000       0.000      0.1108E-03   0.000     0.1407E-02-0.1518E-02  0.000      0.000      0.000      0.000       0.000       0.000       0.000       0.000       0.000       0.000    
   140400.   12.36590773   12.5096   0.000       0.000      0.1257E-03   0.000     0.9640E-03-0.1090E-02  0.000      0.000      0.000      0.000       0.000       0.000       0.000       0.000       0.000       0.000    
   144000.   12.36163754   12.5050   0.000       0.000      0.1254E-03   0.000     0.1051E-02-0.1177E-02  0.000      0.000      0.000      0.000       0.000       0.000       0.000       0.000       0.000       0.000    
   147600.   12.35975968   12.5006   0.000       0.000      0.1232E-03   0.000     0.1143E-02-0.1266E-02  0.000      0.000      0.000      0.000       0.000       0.000       0.000       0.000       0.000       0.000    
   151200.   12.35874068   12.4964   0.000       0.000      0.1205E-03   0.000     0.1223E-02-0.1343E-02  0.000      0.000      0.000      0.000       0.000       0.000       0.000       0.000       0.000       0.000    
   154800.   12.35807427   12.4925   0.000       0.000      0.1176E-03   0.000     0.1294E-02-0.1412E-02  0.000      0.000      0.000      0.000       0.000       0.000       0.000       0.000       0.000       0.000    
   158400.   12.37091030   12.4899   0.000       0.000      0.1041E-03   0.000     0.1701E-02-0.1805E-02  0.000      0.000      0.000      0.000       0.000       0.000       0.000       0.000       0.000       0.000    
   162000.   12.42644761   12.4920   0.000       0.000      0.5739E-04   0.000     0.3111E-02-0.3168E-02  0.000      0.000      0.000      0.000       0.000       0.000       0.000       0.000       0.000       0.000    
   165600.   12.42376538   12.4935   0.000       0.000      0.6104E-04   0.000     0.2747E-02-0.2808E-02  0.000      0.000      0.000      0.000       0.000       0.000       0.000       0.000       0.000       0.000    
   169200.   12.37951931   12.4911   0.000       0.000      0.9767E-04   0.000     0.1513E-02-0.1611E-02  0.000      0.000      0.000      0.000       0.000       0.000       0.000       0.000       0.000       0.000    
   172800.   12.36607379   12.4880   0.000       0.000      0.1067E-03   0.000     0.1378E-02-0.1485E-02  0.000      0.000      0.000      0.000       0.000       0.000       0.000       0.000       0.000       0.000    
