TOTIM (T)      HCON          HMAT      QDIR      QWELL        QMAT       QCADS      QTUB1      QTUB2      QTUB3      QTUB4      QTUB5      QTUB6       NSTOR        QFIX        QLH     FHLQ (LQ)        CAUCHY   CAUCHY (LQ)
     3600.   12.32165507   12.3523   0.000       0.000      0.2684E-04   0.000     0.2580E-02-0.2607E-02  0.000      0.000      0.000      0.000       0.000       0.000       0.000       0.000       0.000       0.000    
     7200.   12.30838326   12.3512   0.000       0.000      0.3748E-04   0.000     0.2380E-02-0.2418E-02  0.000      0.000      0.000      0.000       0.000       0.000       0.000       0.000       0.000       0.000    
    10800.   12.30594409   12.3501   0.000       0.000      0.3860E-04   0.000     0.2424E-02-0.2463E-02  0.000      0.000      0.000      0.000       0.000       0.000       0.000       0.000       0.000       0.000    
    14400.   12.30482127   12.3489   0.000       0.000      0.3857E-04   0.000     0.2447E-02-0.2485E-02  0.000      0.000      0.000      0.000       0.000       0.000       0.000       0.000       0.000       0.000    
    18000.   12.30411267   12.3478   0.000       0.000      0.3821E-04   0.000     0.2459E-02-0.2497E-02  0.000      0.000      0.000      0.000       0.000       0.000       0.000       0.000       0.000       0.000    
    21600.   12.30358260   12.3467   0.000       0.000      0.3772E-04   0.000     0.2466E-02-0.2504E-02  0.000      0.000      0.000      0.000       0.000       0.000       0.000       0.000       0.000       0.000    
    25200.   12.30313316   12.3457   0.000       0.000      0.3721E-04   0.000     0.2471E-02-0.2509E-02  0.000      0.000      0.000      0.000       0.000       0.000       0.000       0.000       0.000       0.000    
    28800.   12.30272093   12.3446   0.000       0.000      0.3669E-04   0.000     0.2475E-02-0.2512E-02  0.000      0.000      0.000      0.000       0.000       0.000       0.000       0.000       0.000       0.000    
    32400.   12.30235050   12.3437   0.000       0.000      0.3617E-04   0.000     0.2478E-02-0.2514E-02  0.000      0.000      0.000      0.000       0.000       0.000       0.000       0.000       0.000       0.000    
    36000.   12.30197912   12.3428   0.000       0.000      0.3569E-04   0.000     0.2480E-02-0.2516E-02  0.000      0.000      0.000      0.000       0.000       0.000       0.000       0.000       0.000       0.000    
    39600.   12.30160690   12.3419   0.000       0.000      0.3523E-04   0.000     0.2482E-02-0.2517E-02  0.000      0.000      0.000      0.000       0.000       0.000       0.000       0.000       0.000       0.000    
    43200.   12.31455474   12.3421   0.000       0.000      0.2413E-04   0.000     0.2683E-02-0.2707E-02  0.000      0.000      0.000      0.000       0.000       0.000       0.000       0.000       0.000       0.000    
    46800.   12.31665014   12.3425   0.000       0.000      0.2260E-04   0.000     0.2640E-02-0.2663E-02  0.000      0.000      0.000      0.000       0.000       0.000       0.000       0.000       0.000       0.000    
    50400.   12.30408670   12.3417   0.000       0.000      0.3293E-04   0.000     0.2420E-02-0.2453E-02  0.000      0.000      0.000      0.000       0.000       0.000       0.000       0.000       0.000       0.000    
    54000.   12.31530677   12.3420   0.000       0.000      0.2338E-04   0.000     0.2652E-02-0.2676E-02  0.000      0.000      0.000      0.000       0.000       0.000       0.000       0.000       0.000       0.000    
    57600.   12.35022624   12.3452   0.000       0.000     -0.4417E-05   0.000     0.3119E-02-0.3115E-02  0.000      0.000      0.000      0.000       0.000       0.000       0.000       0.000       0.000       0.000    
    61200.   12.45729824   12.3569   0.000       0.000     -0.8784E-04   0.000     0.4477E-02-0.4389E-02  0.000      0.000      0.000      0.000       0.000       0.000       0.000       0.000       0.000       0.000    
    64800.   12.45233508   12.3668   0.000       0.000     -0.7481E-04   0.000     0.3681E-02-0.3606E-02  0.000      0.000      0.000      0.000       0.000       0.000       0.000       0.000       0.000       0.000    
    68400.   12.45133652   12.3759   0.000       0.000     -0.6601E-04   0.000     0.3464E-02-0.3398E-02  0.000      0.000      0.000      0.000       0.000       0.000       0.000       0.000       0.000       0.000    
    72000.   12.42124091   12.3818   0.000       0.000     -0.3452E-04   0.000     0.2923E-02-0.2889E-02  0.000      0.000      0.000      0.000       0.000       0.000       0.000       0.000       0.000       0.000    
    75600.   12.39152614   12.3849   0.000       0.000     -0.5762E-05   0.000     0.2605E-02-0.2599E-02  0.000      0.000      0.000      0.000       0.000       0.000       0.000       0.000       0.000       0.000    
    79200.   12.46697986   12.3944   0.000       0.000     -0.6353E-04   0.000     0.3912E-02-0.3848E-02  0.000      0.000      0.000      0.000       0.000       0.000       0.000       0.000       0.000       0.000    
    82800.   12.48073395   12.4040   0.000       0.000     -0.6717E-04   0.000     0.3697E-02-0.3630E-02  0.000      0.000      0.000      0.000       0.000       0.000       0.000       0.000       0.000       0.000    
    86400.   12.49455317   12.4139   0.000       0.000     -0.7054E-04   0.000     0.3680E-02-0.3610E-02  0.000      0.000      0.000      0.000       0.000       0.000       0.000       0.000       0.000       0.000    
    90000.   12.57440390   12.4298   0.000       0.000     -0.1265E-03   0.000     0.4681E-02-0.4554E-02  0.000      0.000      0.000      0.000       0.000       0.000       0.000       0.000       0.000       0.000    
    93600.   12.75989893   12.4597   0.000       0.000     -0.2627E-03   0.000     0.6856E-02-0.6593E-02  0.000      0.000      0.000      0.000       0.000       0.000       0.000       0.000       0.000       0.000    
    97200.   12.69437727   12.4810   0.000       0.000     -0.1867E-03   0.000     0.4552E-02-0.4365E-02  0.000      0.000      0.000      0.000       0.000       0.000       0.000       0.000       0.000       0.000    
   100800.   12.54980891   12.4889   0.000       0.000     -0.5330E-04   0.000     0.2347E-02-0.2294E-02  0.000      0.000      0.000      0.000       0.000       0.000       0.000       0.000       0.000       0.000    
   104400.   12.48217739   12.4913   0.000       0.000      0.7968E-05   0.000     0.2112E-02-0.2120E-02  0.000      0.000      0.000      0.000       0.000       0.000       0.000       0.000       0.000       0.000    
   108000.   12.46117028   12.4922   0.000       0.000      0.2719E-04   0.000     0.2381E-02-0.2408E-02  0.000      0.000      0.000      0.000       0.000       0.000       0.000       0.000       0.000       0.000    
   111600.   12.42849422   12.4906   0.000       0.000      0.5437E-04   0.000     0.2182E-02-0.2236E-02  0.000      0.000      0.000      0.000       0.000       0.000       0.000       0.000       0.000       0.000    
   115200.   12.40183867   12.4871   0.000       0.000      0.7461E-04   0.000     0.2072E-02-0.2146E-02  0.000      0.000      0.000      0.000       0.000       0.000       0.000       0.000       0.000       0.000    
   118800.   12.38258032   12.4824   0.000       0.000      0.8734E-04   0.000     0.2039E-02-0.2127E-02  0.000      0.000      0.000      0.000       0.000       0.000       0.000       0.000       0.000       0.000    
   122400.   12.39123664   12.4789   0.000       0.000      0.7669E-04   0.000     0.2373E-02-0.2449E-02  0.000      0.000      0.000      0.000       0.000       0.000       0.000       0.000       0.000       0.000    
   126000.   12.37166752   12.4739   0.000       0.000      0.8949E-04   0.000     0.2109E-02-0.2198E-02  0.000      0.000      0.000      0.000       0.000       0.000       0.000       0.000       0.000       0.000    
   129600.   12.42164071   12.4736   0.000       0.000      0.4549E-04   0.000     0.2994E-02-0.3039E-02  0.000      0.000      0.000      0.000       0.000       0.000       0.000       0.000       0.000       0.000    
   133200.   12.39669073   12.4710   0.000       0.000      0.6502E-04   0.000     0.2377E-02-0.2442E-02  0.000      0.000      0.000      0.000       0.000       0.000       0.000       0.000       0.000       0.000    
   136800.   12.38768427   12.4679   0.000       0.000      0.7017E-04   0.000     0.2336E-02-0.2406E-02  0.000      0.000      0.000      0.000       0.000       0.000       0.000       0.000       0.000       0.000    
   140400.   12.36590598   12.4632   0.000       0.000      0.8512E-04   0.000     0.2099E-02-0.2185E-02  0.000      0.000      0.000      0.000       0.000       0.000       0.000       0.000       0.000       0.000    
   144000.   12.36163564   12.4586   0.000       0.000      0.8482E-04   0.000     0.2203E-02-0.2288E-02  0.000      0.000      0.000      0.000       0.000       0.000       0.000       0.000       0.000       0.000    
   147600.   12.35975767   12.4542   0.000       0.000      0.8261E-04   0.000     0.2262E-02-0.2345E-02  0.000      0.000      0.000      0.000       0.000       0.000       0.000       0.000       0.000       0.000    
   151200.   12.35873860   12.4500   0.000       0.000      0.7984E-04   0.000     0.2299E-02-0.2379E-02  0.000      0.000      0.000      0.000       0.000       0.000       0.000       0.000       0.000       0.000    
   154800.   12.35807213   12.4460   0.000       0.000      0.7697E-04   0.000     0.2325E-02-0.2402E-02  0.000      0.000      0.000      0.000       0.000       0.000       0.000       0.000       0.000       0.000    
   158400.   12.37090773   12.4434   0.000       0.000      0.6346E-04   0.000     0.2545E-02-0.2608E-02  0.000      0.000      0.000      0.000       0.000       0.000       0.000       0.000       0.000       0.000    
   162000.   12.42644322   12.4456   0.000       0.000      0.1675E-04   0.000     0.3309E-02-0.3326E-02  0.000      0.000      0.000      0.000       0.000       0.000       0.000       0.000       0.000       0.000    
   165600.   12.42376177   12.4471   0.000       0.000      0.2038E-04   0.000     0.2924E-02-0.2945E-02  0.000      0.000      0.000      0.000       0.000       0.000       0.000       0.000       0.000       0.000    
   169200.   12.37951727   12.4447   0.000       0.000      0.5701E-04   0.000     0.2184E-02-0.2241E-02  0.000      0.000      0.000      0.000       0.000       0.000       0.000       0.000       0.000       0.000    
   172800.   12.36607178   12.4415   0.000       0.000      0.6602E-04   0.000     0.2220E-02-0.2286E-02  0.000      0.000      0.000      0.000       0.000       0.000       0.000       0.000       0.000       0.000    
