TOTIM (T)      HCON          HMAT      QDIR      QWELL        QMAT       QCADS      QTUB1      QTUB2      QTUB3      QTUB4      QTUB5      QTUB6       NSTOR        QFIX        QLH     FHLQ (LQ)        CAUCHY   CAUCHY (LQ)
     3600.   12.32165482   12.3023   0.000       0.000     -0.1694E-04   0.000     0.4245E-02 0.2482E-02-0.6711E-02  0.000      0.000      0.000       0.000       0.000       0.000       0.000       0.000       0.000    
     7200.   12.30838302   12.3012   0.000       0.000     -0.6296E-05   0.000     0.3973E-02 0.2324E-02-0.6292E-02  0.000      0.000      0.000       0.000       0.000       0.000       0.000       0.000       0.000    
    10800.   12.30594385   12.3000   0.000       0.000     -0.5189E-05   0.000     0.4040E-02 0.2373E-02-0.6408E-02  0.000      0.000      0.000       0.000       0.000       0.000       0.000       0.000       0.000    
    14400.   12.30482103   12.2988   0.000       0.000     -0.5226E-05   0.000     0.4082E-02 0.2395E-02-0.6472E-02  0.000      0.000      0.000       0.000       0.000       0.000       0.000       0.000       0.000    
    18000.   12.30411243   12.2977   0.000       0.000     -0.5601E-05   0.000     0.4103E-02 0.2406E-02-0.6503E-02  0.000      0.000      0.000       0.000       0.000       0.000       0.000       0.000       0.000    
    21600.   12.30358235   12.2966   0.000       0.000     -0.6101E-05   0.000     0.4114E-02 0.2412E-02-0.6520E-02  0.000      0.000      0.000       0.000       0.000       0.000       0.000       0.000       0.000    
    25200.   12.30313291   12.2955   0.000       0.000     -0.6638E-05   0.000     0.4121E-02 0.2415E-02-0.6529E-02  0.000      0.000      0.000       0.000       0.000       0.000       0.000       0.000       0.000    
    28800.   12.30272069   12.2945   0.000       0.000     -0.7175E-05   0.000     0.4125E-02 0.2416E-02-0.6534E-02  0.000      0.000      0.000       0.000       0.000       0.000       0.000       0.000       0.000    
    32400.   12.30235025   12.2935   0.000       0.000     -0.7711E-05   0.000     0.4127E-02 0.2417E-02-0.6536E-02  0.000      0.000      0.000       0.000       0.000       0.000       0.000       0.000       0.000    
    36000.   12.30197888   12.2926   0.000       0.000     -0.8216E-05   0.000     0.4129E-02 0.2417E-02-0.6538E-02  0.000      0.000      0.000       0.000       0.000       0.000       0.000       0.000       0.000    
    39600.   12.30160665   12.2917   0.000       0.000     -0.8691E-05   0.000     0.4131E-02 0.2417E-02-0.6539E-02  0.000      0.000      0.000       0.000       0.000       0.000       0.000       0.000       0.000    
    43200.   12.31455447   12.2919   0.000       0.000     -0.1982E-04   0.000     0.4402E-02 0.2574E-02-0.6956E-02  0.000      0.000      0.000       0.000       0.000       0.000       0.000       0.000       0.000    
    46800.   12.31664989   12.2922   0.000       0.000     -0.2136E-04   0.000     0.4336E-02 0.2525E-02-0.6839E-02  0.000      0.000      0.000       0.000       0.000       0.000       0.000       0.000       0.000    
    50400.   12.30408647   12.2915   0.000       0.000     -0.1104E-04   0.000     0.4026E-02 0.2346E-02-0.6361E-02  0.000      0.000      0.000       0.000       0.000       0.000       0.000       0.000       0.000    
    54000.   12.31530652   12.2918   0.000       0.000     -0.2061E-04   0.000     0.4342E-02 0.2540E-02-0.6862E-02  0.000      0.000      0.000       0.000       0.000       0.000       0.000       0.000       0.000    
    57600.   12.35022595   12.2949   0.000       0.000     -0.4840E-04   0.000     0.4973E-02 0.2896E-02-0.7821E-02  0.000      0.000      0.000       0.000       0.000       0.000       0.000       0.000       0.000    
    61200.   12.45729783   12.3067   0.000       0.000     -0.1318E-03   0.000     0.6774E-02 0.3920E-02-0.1056E-01  0.000      0.000      0.000       0.000       0.000       0.000       0.000       0.000       0.000    
    64800.   12.45233475   12.3167   0.000       0.000     -0.1187E-03   0.000     0.5610E-02 0.3176E-02-0.8667E-02  0.000      0.000      0.000       0.000       0.000       0.000       0.000       0.000       0.000    
    68400.   12.45133620   12.3259   0.000       0.000     -0.1098E-03   0.000     0.5233E-02 0.2994E-02-0.8117E-02  0.000      0.000      0.000       0.000       0.000       0.000       0.000       0.000       0.000    
    72000.   12.42124064   12.3319   0.000       0.000     -0.7820E-04   0.000     0.4494E-02 0.2579E-02-0.6996E-02  0.000      0.000      0.000       0.000       0.000       0.000       0.000       0.000       0.000    
    75600.   12.39152590   12.3351   0.000       0.000     -0.4933E-04   0.000     0.4092E-02 0.2376E-02-0.6419E-02  0.000      0.000      0.000       0.000       0.000       0.000       0.000       0.000       0.000    
    79200.   12.46697950   12.3447   0.000       0.000     -0.1070E-03   0.000     0.5908E-02 0.3452E-02-0.9252E-02  0.000      0.000      0.000       0.000       0.000       0.000       0.000       0.000       0.000    
    82800.   12.48073361   12.3545   0.000       0.000     -0.1105E-03   0.000     0.5616E-02 0.3223E-02-0.8728E-02  0.000      0.000      0.000       0.000       0.000       0.000       0.000       0.000       0.000    
    86400.   12.49455283   12.3646   0.000       0.000     -0.1137E-03   0.000     0.5544E-02 0.3192E-02-0.8623E-02  0.000      0.000      0.000       0.000       0.000       0.000       0.000       0.000       0.000    
    90000.   12.57440348   12.3807   0.000       0.000     -0.1695E-03   0.000     0.6873E-02 0.3969E-02-0.1067E-01  0.000      0.000      0.000       0.000       0.000       0.000       0.000       0.000       0.000    
    93600.   12.75989832   12.4110   0.000       0.000     -0.3053E-03   0.000     0.9756E-02 0.5600E-02-0.1505E-01  0.000      0.000      0.000       0.000       0.000       0.000       0.000       0.000       0.000    
    97200.   12.69437688   12.4327   0.000       0.000     -0.2290E-03   0.000     0.6495E-02 0.3600E-02-0.9866E-02  0.000      0.000      0.000       0.000       0.000       0.000       0.000       0.000       0.000    
   100800.   12.54980870   12.4409   0.000       0.000     -0.9530E-04   0.000     0.3423E-02 0.1929E-02-0.5256E-02  0.000      0.000      0.000       0.000       0.000       0.000       0.000       0.000       0.000    
   104400.   12.48217719   12.4436   0.000       0.000     -0.3373E-04   0.000     0.3232E-02 0.1939E-02-0.5137E-02  0.000      0.000      0.000       0.000       0.000       0.000       0.000       0.000       0.000    
   108000.   12.46117005   12.4449   0.000       0.000     -0.1424E-04   0.000     0.3783E-02 0.2285E-02-0.6053E-02  0.000      0.000      0.000       0.000       0.000       0.000       0.000       0.000       0.000    
   111600.   12.42849400   12.4435   0.000       0.000      0.1317E-04   0.000     0.3636E-02 0.2194E-02-0.5843E-02  0.000      0.000      0.000       0.000       0.000       0.000       0.000       0.000       0.000    
   115200.   12.40183846   12.4402   0.000       0.000      0.3360E-04   0.000     0.3559E-02 0.2165E-02-0.5758E-02  0.000      0.000      0.000       0.000       0.000       0.000       0.000       0.000       0.000    
   118800.   12.38258011   12.4357   0.000       0.000      0.4649E-04   0.000     0.3573E-02 0.2184E-02-0.5804E-02  0.000      0.000      0.000       0.000       0.000       0.000       0.000       0.000       0.000    
   122400.   12.39123639   12.4323   0.000       0.000      0.3594E-04   0.000     0.4065E-02 0.2474E-02-0.6575E-02  0.000      0.000      0.000       0.000       0.000       0.000       0.000       0.000       0.000    
   126000.   12.37166730   12.4275   0.000       0.000      0.4882E-04   0.000     0.3723E-02 0.2262E-02-0.6034E-02  0.000      0.000      0.000       0.000       0.000       0.000       0.000       0.000       0.000    
   129600.   12.42164041   12.4272   0.000       0.000      0.4880E-05   0.000     0.4921E-02 0.2971E-02-0.7897E-02  0.000      0.000      0.000       0.000       0.000       0.000       0.000       0.000       0.000    
   133200.   12.39669049   12.4246   0.000       0.000      0.2445E-04   0.000     0.4067E-02 0.2432E-02-0.6524E-02  0.000      0.000      0.000       0.000       0.000       0.000       0.000       0.000       0.000    
   136800.   12.38768404   12.4215   0.000       0.000      0.2961E-04   0.000     0.3984E-02 0.2412E-02-0.6425E-02  0.000      0.000      0.000       0.000       0.000       0.000       0.000       0.000       0.000    
   140400.   12.36590576   12.4168   0.000       0.000      0.4455E-04   0.000     0.3674E-02 0.2235E-02-0.5953E-02  0.000      0.000      0.000       0.000       0.000       0.000       0.000       0.000       0.000    
   144000.   12.36163541   12.4122   0.000       0.000      0.4422E-04   0.000     0.3830E-02 0.2337E-02-0.6211E-02  0.000      0.000      0.000       0.000       0.000       0.000       0.000       0.000       0.000    
   147600.   12.35975744   12.4077   0.000       0.000      0.4195E-04   0.000     0.3927E-02 0.2387E-02-0.6356E-02  0.000      0.000      0.000       0.000       0.000       0.000       0.000       0.000       0.000    
   151200.   12.35873836   12.4034   0.000       0.000      0.3911E-04   0.000     0.3980E-02 0.2413E-02-0.6432E-02  0.000      0.000      0.000       0.000       0.000       0.000       0.000       0.000       0.000    
   154800.   12.35807189   12.3994   0.000       0.000      0.3615E-04   0.000     0.4012E-02 0.2428E-02-0.6477E-02  0.000      0.000      0.000       0.000       0.000       0.000       0.000       0.000       0.000    
   158400.   12.37090747   12.3967   0.000       0.000      0.2254E-04   0.000     0.4304E-02 0.2593E-02-0.6920E-02  0.000      0.000      0.000       0.000       0.000       0.000       0.000       0.000       0.000    
   162000.   12.42644290   12.3987   0.000       0.000     -0.2425E-04   0.000     0.5320E-02 0.3171E-02-0.8467E-02  0.000      0.000      0.000       0.000       0.000       0.000       0.000       0.000       0.000    
   165600.   12.42376149   12.4001   0.000       0.000     -0.2070E-04   0.000     0.4754E-02 0.2800E-02-0.7534E-02  0.000      0.000      0.000       0.000       0.000       0.000       0.000       0.000       0.000    
   169200.   12.37951705   12.3976   0.000       0.000      0.1584E-04   0.000     0.3707E-02 0.2207E-02-0.5930E-02  0.000      0.000      0.000       0.000       0.000       0.000       0.000       0.000       0.000    
   172800.   12.36607155   12.3944   0.000       0.000      0.2475E-04   0.000     0.3770E-02 0.2278E-02-0.6073E-02  0.000      0.000      0.000       0.000       0.000       0.000       0.000       0.000       0.000    
