TOTIM (T)      HCON          HMAT      QDIR      QWELL        QMAT       QCADS      QTUB1      QTUB2      QTUB3      QTUB4      QTUB5      QTUB6       NSTOR        QFIX        QLH     FHLQ (LQ)        CAUCHY   CAUCHY (LQ)
     3600.   12.32165675   12.4198   0.000       0.000      0.8587E-04   0.000     0.1073E-02-0.1158E-02  0.000      0.000      0.000      0.000       0.000       0.000       0.000       0.000       0.000       0.000    
     7200.   12.30838471   12.4187   0.000       0.000      0.9651E-04   0.000     0.6529E-03-0.7494E-03  0.000      0.000      0.000      0.000       0.000       0.000       0.000       0.000       0.000       0.000    
    10800.   12.30594556   12.4175   0.000       0.000      0.9763E-04   0.000     0.6544E-03-0.7520E-03  0.000      0.000      0.000      0.000       0.000       0.000       0.000       0.000       0.000       0.000    
    14400.   12.30482276   12.4164   0.000       0.000      0.9760E-04   0.000     0.6753E-03-0.7729E-03  0.000      0.000      0.000      0.000       0.000       0.000       0.000       0.000       0.000       0.000    
    18000.   12.30411418   12.4152   0.000       0.000      0.9724E-04   0.000     0.6954E-03-0.7926E-03  0.000      0.000      0.000      0.000       0.000       0.000       0.000       0.000       0.000       0.000    
    21600.   12.30358411   12.4142   0.000       0.000      0.9675E-04   0.000     0.7141E-03-0.8108E-03  0.000      0.000      0.000      0.000       0.000       0.000       0.000       0.000       0.000       0.000    
    25200.   12.30313468   12.4131   0.000       0.000      0.9623E-04   0.000     0.7315E-03-0.8277E-03  0.000      0.000      0.000      0.000       0.000       0.000       0.000       0.000       0.000       0.000    
    28800.   12.30272246   12.4121   0.000       0.000      0.9572E-04   0.000     0.7477E-03-0.8435E-03  0.000      0.000      0.000      0.000       0.000       0.000       0.000       0.000       0.000       0.000    
    32400.   12.30235203   12.4111   0.000       0.000      0.9520E-04   0.000     0.7628E-03-0.8580E-03  0.000      0.000      0.000      0.000       0.000       0.000       0.000       0.000       0.000       0.000    
    36000.   12.30198066   12.4102   0.000       0.000      0.9471E-04   0.000     0.7769E-03-0.8717E-03  0.000      0.000      0.000      0.000       0.000       0.000       0.000       0.000       0.000       0.000    
    39600.   12.30160844   12.4093   0.000       0.000      0.9426E-04   0.000     0.7902E-03-0.8845E-03  0.000      0.000      0.000      0.000       0.000       0.000       0.000       0.000       0.000       0.000    
    43200.   12.31455651   12.4096   0.000       0.000      0.8315E-04   0.000     0.1222E-02-0.1305E-02  0.000      0.000      0.000      0.000       0.000       0.000       0.000       0.000       0.000       0.000    
    46800.   12.31665190   12.4099   0.000       0.000      0.8162E-04   0.000     0.1232E-02-0.1314E-02  0.000      0.000      0.000      0.000       0.000       0.000       0.000       0.000       0.000       0.000    
    50400.   12.30408823   12.4092   0.000       0.000      0.9196E-04   0.000     0.8029E-03-0.8949E-03  0.000      0.000      0.000      0.000       0.000       0.000       0.000       0.000       0.000       0.000    
    54000.   12.31530853   12.4095   0.000       0.000      0.8240E-04   0.000     0.1214E-02-0.1296E-02  0.000      0.000      0.000      0.000       0.000       0.000       0.000       0.000       0.000       0.000    
    57600.   12.35022854   12.4126   0.000       0.000      0.5460E-04   0.000     0.2271E-02-0.2326E-02  0.000      0.000      0.000      0.000       0.000       0.000       0.000       0.000       0.000       0.000    
    61200.   12.45731020   12.4244   0.000       0.000     -0.2883E-04   0.000     0.5400E-02-0.5371E-02  0.000      0.000      0.000      0.000       0.000       0.000       0.000       0.000       0.000       0.000    
    64800.   12.45234386   12.4343   0.000       0.000     -0.1579E-04   0.000     0.4490E-02-0.4474E-02  0.000      0.000      0.000      0.000       0.000       0.000       0.000       0.000       0.000       0.000    
    68400.   12.45134428   12.4434   0.000       0.000     -0.6986E-05   0.000     0.4067E-02-0.4060E-02  0.000      0.000      0.000      0.000       0.000       0.000       0.000       0.000       0.000       0.000    
    72000.   12.42124662   12.4493   0.000       0.000      0.2451E-04   0.000     0.2857E-02-0.2882E-02  0.000      0.000      0.000      0.000       0.000       0.000       0.000       0.000       0.000       0.000    
    75600.   12.39153067   12.4524   0.000       0.000      0.5327E-04   0.000     0.1882E-02-0.1936E-02  0.000      0.000      0.000      0.000       0.000       0.000       0.000       0.000       0.000       0.000    
    79200.   12.46698913   12.4619   0.000       0.000     -0.4496E-05   0.000     0.4320E-02-0.4316E-02  0.000      0.000      0.000      0.000       0.000       0.000       0.000       0.000       0.000       0.000    
    82800.   12.48074260   12.4715   0.000       0.000     -0.8129E-05   0.000     0.4281E-02-0.4273E-02  0.000      0.000      0.000      0.000       0.000       0.000       0.000       0.000       0.000       0.000    
    86400.   12.49456171   12.4814   0.000       0.000     -0.1150E-04   0.000     0.4337E-02-0.4325E-02  0.000      0.000      0.000      0.000       0.000       0.000       0.000       0.000       0.000       0.000    
    90000.   12.57441691   12.4973   0.000       0.000     -0.6748E-04   0.000     0.6493E-02-0.6425E-02  0.000      0.000      0.000      0.000       0.000       0.000       0.000       0.000       0.000       0.000    
    93600.   12.75996015   12.5272   0.000       0.000     -0.2036E-03   0.000     0.1157E-01-0.1137E-01  0.000      0.000      0.000      0.000       0.000       0.000       0.000       0.000       0.000       0.000    
    97200.   12.69440661   12.5486   0.000       0.000     -0.1276E-03   0.000     0.7947E-02-0.7819E-02  0.000      0.000      0.000      0.000       0.000       0.000       0.000       0.000       0.000       0.000    
   100800.   12.54981417   12.5564   0.000       0.000      0.5795E-05   0.000     0.2845E-02-0.2851E-02  0.000      0.000      0.000      0.000       0.000       0.000       0.000       0.000       0.000       0.000    
   104400.   12.48217978   12.5588   0.000       0.000      0.6708E-04   0.000     0.1085E-02-0.1152E-02  0.000      0.000      0.000      0.000       0.000       0.000       0.000       0.000       0.000       0.000    
   108000.   12.46117300   12.5598   0.000       0.000      0.8632E-04   0.000     0.8273E-03-0.9136E-03  0.000      0.000      0.000      0.000       0.000       0.000       0.000       0.000       0.000       0.000    
   111600.   12.42849639   12.5582   0.000       0.000      0.1135E-03   0.000     0.1930E-04-0.1328E-03  0.000      0.000      0.000      0.000       0.000       0.000       0.000       0.000       0.000       0.000    
   115200.   12.40184048   12.5547   0.000       0.000      0.1338E-03   0.000    -0.5677E-03 0.4340E-03  0.000      0.000      0.000      0.000       0.000       0.000       0.000       0.000       0.000       0.000    
   118800.   12.38258197   12.5500   0.000       0.000      0.1465E-03   0.000    -0.9072E-03 0.7607E-03  0.000      0.000      0.000      0.000       0.000       0.000       0.000       0.000       0.000       0.000    
   122400.   12.39123896   12.5465   0.000       0.000      0.1359E-03   0.000    -0.3827E-03 0.2468E-03  0.000      0.000      0.000      0.000       0.000       0.000       0.000       0.000       0.000       0.000    
   126000.   12.37166929   12.5416   0.000       0.000      0.1487E-03   0.000    -0.8939E-03 0.7452E-03  0.000      0.000      0.000      0.000       0.000       0.000       0.000       0.000       0.000       0.000    
   129600.   12.42164454   12.5413   0.000       0.000      0.1047E-03   0.000     0.8742E-03-0.9789E-03  0.000      0.000      0.000      0.000       0.000       0.000       0.000       0.000       0.000       0.000    
   133200.   12.39669322   12.5387   0.000       0.000      0.1242E-03   0.000    -0.6449E-04-0.5973E-04  0.000      0.000      0.000      0.000       0.000       0.000       0.000       0.000       0.000       0.000    
   136800.   12.38768660   12.5355   0.000       0.000      0.1294E-03   0.000    -0.2461E-03 0.1167E-03  0.000      0.000      0.000      0.000       0.000       0.000       0.000       0.000       0.000       0.000    
   140400.   12.36590776   12.5309   0.000       0.000      0.1443E-03   0.000    -0.8007E-03 0.6564E-03  0.000      0.000      0.000      0.000       0.000       0.000       0.000       0.000       0.000       0.000    
   144000.   12.36163759   12.5263   0.000       0.000      0.1440E-03   0.000    -0.7182E-03 0.5741E-03  0.000      0.000      0.000      0.000       0.000       0.000       0.000       0.000       0.000       0.000    
   147600.   12.35975976   12.5218   0.000       0.000      0.1418E-03   0.000    -0.6113E-03 0.4694E-03  0.000      0.000      0.000      0.000       0.000       0.000       0.000       0.000       0.000       0.000    
   151200.   12.35874078   12.5177   0.000       0.000      0.1391E-03   0.000    -0.5108E-03 0.3717E-03  0.000      0.000      0.000      0.000       0.000       0.000       0.000       0.000       0.000       0.000    
   154800.   12.35807438   12.5137   0.000       0.000      0.1362E-03   0.000    -0.4168E-03 0.2806E-03  0.000      0.000      0.000      0.000       0.000       0.000       0.000       0.000       0.000       0.000    
   158400.   12.37091051   12.5111   0.000       0.000      0.1227E-03   0.000     0.9002E-04-0.2127E-03  0.000      0.000      0.000      0.000       0.000       0.000       0.000       0.000       0.000       0.000    
   162000.   12.42644806   12.5133   0.000       0.000      0.7598E-04   0.000     0.1846E-02-0.1922E-02  0.000      0.000      0.000      0.000       0.000       0.000       0.000       0.000       0.000       0.000    
   165600.   12.42376578   12.5148   0.000       0.000      0.7962E-04   0.000     0.1477E-02-0.1557E-02  0.000      0.000      0.000      0.000       0.000       0.000       0.000       0.000       0.000       0.000    
   169200.   12.37951948   12.5124   0.000       0.000      0.1162E-03   0.000    -0.2043E-04-0.9582E-04  0.000      0.000      0.000      0.000       0.000       0.000       0.000       0.000       0.000       0.000    
   172800.   12.36607393   12.5092   0.000       0.000      0.1253E-03   0.000    -0.2358E-03 0.1106E-03  0.000      0.000      0.000      0.000       0.000       0.000       0.000       0.000       0.000       0.000    
