TOTIM (T)      HCON          HMAT      QDIR      QWELL        QMAT       QCADS      QTUB1      QTUB2      QTUB3      QTUB4      QTUB5      QTUB6       NSTOR        QFIX        QLH     FHLQ (LQ)        CAUCHY   CAUCHY (LQ)
     3600.   12.32165648   12.5034   0.000       0.000      0.1590E-03   0.000     0.1405E-02-0.1564E-02  0.000      0.000      0.000      0.000       0.000       0.000       0.000       0.000       0.000       0.000    
     7200.   12.30838447   12.5023   0.000       0.000      0.1696E-03   0.000     0.9496E-03-0.1119E-02  0.000      0.000      0.000      0.000       0.000       0.000       0.000       0.000       0.000       0.000    
    10800.   12.30594532   12.5011   0.000       0.000      0.1707E-03   0.000     0.9669E-03-0.1138E-02  0.000      0.000      0.000      0.000       0.000       0.000       0.000       0.000       0.000       0.000    
    14400.   12.30482252   12.4999   0.000       0.000      0.1707E-03   0.000     0.9900E-03-0.1161E-02  0.000      0.000      0.000      0.000       0.000       0.000       0.000       0.000       0.000       0.000    
    18000.   12.30411393   12.4988   0.000       0.000      0.1704E-03   0.000     0.1011E-02-0.1181E-02  0.000      0.000      0.000      0.000       0.000       0.000       0.000       0.000       0.000       0.000    
    21600.   12.30358386   12.4977   0.000       0.000      0.1699E-03   0.000     0.1030E-02-0.1200E-02  0.000      0.000      0.000      0.000       0.000       0.000       0.000       0.000       0.000       0.000    
    25200.   12.30313443   12.4967   0.000       0.000      0.1694E-03   0.000     0.1047E-02-0.1217E-02  0.000      0.000      0.000      0.000       0.000       0.000       0.000       0.000       0.000       0.000    
    28800.   12.30272221   12.4957   0.000       0.000      0.1688E-03   0.000     0.1064E-02-0.1233E-02  0.000      0.000      0.000      0.000       0.000       0.000       0.000       0.000       0.000       0.000    
    32400.   12.30235178   12.4947   0.000       0.000      0.1683E-03   0.000     0.1079E-02-0.1247E-02  0.000      0.000      0.000      0.000       0.000       0.000       0.000       0.000       0.000       0.000    
    36000.   12.30198041   12.4938   0.000       0.000      0.1678E-03   0.000     0.1093E-02-0.1260E-02  0.000      0.000      0.000      0.000       0.000       0.000       0.000       0.000       0.000       0.000    
    39600.   12.30160819   12.4929   0.000       0.000      0.1674E-03   0.000     0.1106E-02-0.1273E-02  0.000      0.000      0.000      0.000       0.000       0.000       0.000       0.000       0.000       0.000    
    43200.   12.31455622   12.4931   0.000       0.000      0.1563E-03   0.000     0.1573E-02-0.1729E-02  0.000      0.000      0.000      0.000       0.000       0.000       0.000       0.000       0.000       0.000    
    46800.   12.31665161   12.4935   0.000       0.000      0.1547E-03   0.000     0.1567E-02-0.1722E-02  0.000      0.000      0.000      0.000       0.000       0.000       0.000       0.000       0.000       0.000    
    50400.   12.30408797   12.4927   0.000       0.000      0.1651E-03   0.000     0.1099E-02-0.1264E-02  0.000      0.000      0.000      0.000       0.000       0.000       0.000       0.000       0.000       0.000    
    54000.   12.31530825   12.4930   0.000       0.000      0.1555E-03   0.000     0.1561E-02-0.1716E-02  0.000      0.000      0.000      0.000       0.000       0.000       0.000       0.000       0.000       0.000    
    57600.   12.35022818   12.4962   0.000       0.000      0.1277E-03   0.000     0.2695E-02-0.2822E-02  0.000      0.000      0.000      0.000       0.000       0.000       0.000       0.000       0.000       0.000    
    61200.   12.45730155   12.5079   0.000       0.000      0.4429E-04   0.000     0.6054E-02-0.6098E-02  0.000      0.000      0.000      0.000       0.000       0.000       0.000       0.000       0.000       0.000    
    64800.   12.45233783   12.5179   0.000       0.000      0.5732E-04   0.000     0.4945E-02-0.5003E-02  0.000      0.000      0.000      0.000       0.000       0.000       0.000       0.000       0.000       0.000    
    68400.   12.45133908   12.5269   0.000       0.000      0.6613E-04   0.000     0.4517E-02-0.4583E-02  0.000      0.000      0.000      0.000       0.000       0.000       0.000       0.000       0.000       0.000    
    72000.   12.42124294   12.5328   0.000       0.000      0.9763E-04   0.000     0.3221E-02-0.3318E-02  0.000      0.000      0.000      0.000       0.000       0.000       0.000       0.000       0.000       0.000    
    75600.   12.39152779   12.5360   0.000       0.000      0.1264E-03   0.000     0.2212E-02-0.2339E-02  0.000      0.000      0.000      0.000       0.000       0.000       0.000       0.000       0.000       0.000    
    79200.   12.46698267   12.5454   0.000       0.000      0.6863E-04   0.000     0.4905E-02-0.4974E-02  0.000      0.000      0.000      0.000       0.000       0.000       0.000       0.000       0.000       0.000    
    82800.   12.48073666   12.5550   0.000       0.000      0.6501E-04   0.000     0.4778E-02-0.4843E-02  0.000      0.000      0.000      0.000       0.000       0.000       0.000       0.000       0.000       0.000    
    86400.   12.49455589   12.5650   0.000       0.000      0.6164E-04   0.000     0.4842E-02-0.4904E-02  0.000      0.000      0.000      0.000       0.000       0.000       0.000       0.000       0.000       0.000    
    90000.   12.57440760   12.5809   0.000       0.000      0.5673E-05   0.000     0.7186E-02-0.7192E-02  0.000      0.000      0.000      0.000       0.000       0.000       0.000       0.000       0.000       0.000    
    93600.   12.75995637   12.6108   0.000       0.000     -0.1305E-03   0.000     0.1263E-01-0.1250E-01  0.000      0.000      0.000      0.000       0.000       0.000       0.000       0.000       0.000       0.000    
    97200.   12.69440434   12.6322   0.000       0.000     -0.5445E-04   0.000     0.8501E-02-0.8446E-02  0.000      0.000      0.000      0.000       0.000       0.000       0.000       0.000       0.000       0.000    
   100800.   12.54981347   12.6401   0.000       0.000      0.7897E-04   0.000     0.3094E-02-0.3173E-02  0.000      0.000      0.000      0.000       0.000       0.000       0.000       0.000       0.000       0.000    
   104400.   12.48217950   12.6425   0.000       0.000      0.1403E-03   0.000     0.1388E-02-0.1529E-02  0.000      0.000      0.000      0.000       0.000       0.000       0.000       0.000       0.000       0.000    
   108000.   12.46117253   12.6435   0.000       0.000      0.1595E-03   0.000     0.1196E-02-0.1355E-02  0.000      0.000      0.000      0.000       0.000       0.000       0.000       0.000       0.000       0.000    
   111600.   12.42849578   12.6419   0.000       0.000      0.1867E-03   0.000     0.3444E-03-0.5311E-03  0.000      0.000      0.000      0.000       0.000       0.000       0.000       0.000       0.000       0.000    
   115200.   12.40183983   12.6384   0.000       0.000      0.2070E-03   0.000    -0.2520E-03 0.4501E-04  0.000      0.000      0.000      0.000       0.000       0.000       0.000       0.000       0.000       0.000    
   118800.   12.38258132   12.6337   0.000       0.000      0.2197E-03   0.000    -0.5904E-03 0.3706E-03  0.000      0.000      0.000      0.000       0.000       0.000       0.000       0.000       0.000       0.000    
   122400.   12.39123812   12.6302   0.000       0.000      0.2091E-03   0.000    -0.1616E-05-0.2075E-03  0.000      0.000      0.000      0.000       0.000       0.000       0.000       0.000       0.000       0.000    
   126000.   12.37166857   12.6253   0.000       0.000      0.2219E-03   0.000    -0.5730E-03 0.3511E-03  0.000      0.000      0.000      0.000       0.000       0.000       0.000       0.000       0.000       0.000    
   129600.   12.42164338   12.6250   0.000       0.000      0.1779E-03   0.000     0.1368E-02-0.1546E-02  0.000      0.000      0.000      0.000       0.000       0.000       0.000       0.000       0.000       0.000    
   133200.   12.39669233   12.6224   0.000       0.000      0.1975E-03   0.000     0.2825E-03-0.4799E-03  0.000      0.000      0.000      0.000       0.000       0.000       0.000       0.000       0.000       0.000    
   136800.   12.38768578   12.6193   0.000       0.000      0.2026E-03   0.000     0.1178E-03-0.3204E-03  0.000      0.000      0.000      0.000       0.000       0.000       0.000       0.000       0.000       0.000    
   140400.   12.36590706   12.6146   0.000       0.000      0.2176E-03   0.000    -0.4781E-03 0.2605E-03  0.000      0.000      0.000      0.000       0.000       0.000       0.000       0.000       0.000       0.000    
   144000.   12.36163684   12.6100   0.000       0.000      0.2173E-03   0.000    -0.3679E-03 0.1506E-03  0.000      0.000      0.000      0.000       0.000       0.000       0.000       0.000       0.000       0.000    
   147600.   12.35975896   12.6056   0.000       0.000      0.2151E-03   0.000    -0.2554E-03 0.4029E-04  0.000      0.000      0.000      0.000       0.000       0.000       0.000       0.000       0.000       0.000    
   151200.   12.35873996   12.6014   0.000       0.000      0.2123E-03   0.000    -0.1522E-03-0.6013E-04  0.000      0.000      0.000      0.000       0.000       0.000       0.000       0.000       0.000       0.000    
   154800.   12.35807355   12.5975   0.000       0.000      0.2095E-03   0.000    -0.5696E-04-0.1525E-03  0.000      0.000      0.000      0.000       0.000       0.000       0.000       0.000       0.000       0.000    
   158400.   12.37090956   12.5948   0.000       0.000      0.1959E-03   0.000     0.4866E-03-0.6825E-03  0.000      0.000      0.000      0.000       0.000       0.000       0.000       0.000       0.000       0.000    
   162000.   12.42644674   12.5970   0.000       0.000      0.1492E-03   0.000     0.2372E-02-0.2521E-02  0.000      0.000      0.000      0.000       0.000       0.000       0.000       0.000       0.000       0.000    
   165600.   12.42376463   12.5985   0.000       0.000      0.1529E-03   0.000     0.1900E-02-0.2053E-02  0.000      0.000      0.000      0.000       0.000       0.000       0.000       0.000       0.000       0.000    
   169200.   12.37951872   12.5961   0.000       0.000      0.1895E-03   0.000     0.2804E-03-0.4699E-03  0.000      0.000      0.000      0.000       0.000       0.000       0.000       0.000       0.000       0.000    
   172800.   12.36607317   12.5929   0.000       0.000      0.1985E-03   0.000     0.9950E-04-0.2980E-03  0.000      0.000      0.000      0.000       0.000       0.000       0.000       0.000       0.000       0.000    
