TOTIM (T)      HCON          HMAT      QDIR      QWELL        QMAT       QCADS      QTUB1      QTUB2      QTUB3      QTUB4      QTUB5      QTUB6       NSTOR        QFIX        QLH     FHLQ (LQ)        CAUCHY   CAUCHY (LQ)
     3600.   12.36082543   12.3718   0.000       0.000      0.9580E-05   0.000     0.1183E-02 0.2267E-02-0.3460E-02  0.000      0.000      0.000       0.000       0.000       0.000       0.000       0.000       0.000    
     7200.   12.34684089   12.3706   0.000       0.000      0.2082E-04   0.000     0.1121E-02 0.2040E-02-0.3182E-02  0.000      0.000      0.000       0.000       0.000       0.000       0.000       0.000       0.000    
    10800.   12.34432477   12.3694   0.000       0.000      0.2196E-04   0.000     0.1137E-02 0.2080E-02-0.3239E-02  0.000      0.000      0.000       0.000       0.000       0.000       0.000       0.000       0.000    
    14400.   12.34314816   12.3682   0.000       0.000      0.2193E-04   0.000     0.1147E-02 0.2103E-02-0.3271E-02  0.000      0.000      0.000       0.000       0.000       0.000       0.000       0.000       0.000    
    18000.   12.34240854   12.3670   0.000       0.000      0.2155E-04   0.000     0.1152E-02 0.2116E-02-0.3289E-02  0.000      0.000      0.000       0.000       0.000       0.000       0.000       0.000       0.000    
    21600.   12.34186064   12.3659   0.000       0.000      0.2103E-04   0.000     0.1154E-02 0.2125E-02-0.3301E-02  0.000      0.000      0.000       0.000       0.000       0.000       0.000       0.000       0.000    
    25200.   12.34139998   12.3648   0.000       0.000      0.2047E-04   0.000     0.1156E-02 0.2132E-02-0.3308E-02  0.000      0.000      0.000       0.000       0.000       0.000       0.000       0.000       0.000    
    28800.   12.34100700   12.3637   0.000       0.000      0.1989E-04   0.000     0.1156E-02 0.2137E-02-0.3313E-02  0.000      0.000      0.000       0.000       0.000       0.000       0.000       0.000       0.000    
    32400.   12.34062148   12.3627   0.000       0.000      0.1933E-04   0.000     0.1157E-02 0.2141E-02-0.3317E-02  0.000      0.000      0.000       0.000       0.000       0.000       0.000       0.000       0.000    
    36000.   12.34023916   12.3617   0.000       0.000      0.1881E-04   0.000     0.1158E-02 0.2145E-02-0.3321E-02  0.000      0.000      0.000       0.000       0.000       0.000       0.000       0.000       0.000    
    39600.   12.33985854   12.3608   0.000       0.000      0.1831E-04   0.000     0.1158E-02 0.2148E-02-0.3325E-02  0.000      0.000      0.000       0.000       0.000       0.000       0.000       0.000       0.000    
    43200.   12.35351445   12.3610   0.000       0.000      0.6572E-05   0.000     0.1220E-02 0.2377E-02-0.3604E-02  0.000      0.000      0.000       0.000       0.000       0.000       0.000       0.000       0.000    
    46800.   12.35568114   12.3614   0.000       0.000      0.4972E-05   0.000     0.1205E-02 0.2340E-02-0.3550E-02  0.000      0.000      0.000       0.000       0.000       0.000       0.000       0.000       0.000    
    50400.   12.34245007   12.3606   0.000       0.000      0.1585E-04   0.000     0.1133E-02 0.2094E-02-0.3244E-02  0.000      0.000      0.000       0.000       0.000       0.000       0.000       0.000       0.000    
    54000.   12.35433369   12.3609   0.000       0.000      0.5709E-05   0.000     0.1206E-02 0.2348E-02-0.3560E-02  0.000      0.000      0.000       0.000       0.000       0.000       0.000       0.000       0.000    
    57600.   12.39109657   12.3641   0.000       0.000     -0.2361E-04   0.000     0.1350E-02 0.2887E-02-0.4213E-02  0.000      0.000      0.000       0.000       0.000       0.000       0.000       0.000       0.000    
    61200.   12.50383994   12.3763   0.000       0.000     -0.1116E-03   0.000     0.1821E-02 0.4457E-02-0.6167E-02  0.000      0.000      0.000       0.000       0.000       0.000       0.000       0.000       0.000    
    64800.   12.49817726   12.3866   0.000       0.000     -0.9760E-04   0.000     0.1549E-02 0.3641E-02-0.5092E-02  0.000      0.000      0.000       0.000       0.000       0.000       0.000       0.000       0.000    
    68400.   12.49716715   12.3961   0.000       0.000     -0.8840E-04   0.000     0.1455E-02 0.3395E-02-0.4761E-02  0.000      0.000      0.000       0.000       0.000       0.000       0.000       0.000       0.000    
    72000.   12.46539193   12.4024   0.000       0.000     -0.5514E-04   0.000     0.1284E-02 0.2772E-02-0.4001E-02  0.000      0.000      0.000       0.000       0.000       0.000       0.000       0.000       0.000    
    75600.   12.43410054   12.4058   0.000       0.000     -0.2479E-04   0.000     0.1193E-02 0.2375E-02-0.3544E-02  0.000      0.000      0.000       0.000       0.000       0.000       0.000       0.000       0.000    
    79200.   12.51364903   12.4157   0.000       0.000     -0.8571E-04   0.000     0.1613E-02 0.3822E-02-0.5350E-02  0.000      0.000      0.000       0.000       0.000       0.000       0.000       0.000       0.000    
    82800.   12.52772480   12.4258   0.000       0.000     -0.8919E-04   0.000     0.1547E-02 0.3628E-02-0.5085E-02  0.000      0.000      0.000       0.000       0.000       0.000       0.000       0.000       0.000    
    86400.   12.54218223   12.4363   0.000       0.000     -0.9264E-04   0.000     0.1526E-02 0.3617E-02-0.5050E-02  0.000      0.000      0.000       0.000       0.000       0.000       0.000       0.000       0.000    
    90000.   12.62622434   12.4530   0.000       0.000     -0.1516E-03   0.000     0.1826E-02 0.4757E-02-0.6431E-02  0.000      0.000      0.000       0.000       0.000       0.000       0.000       0.000       0.000    
    93600.   12.82134152   12.4842   0.000       0.000     -0.2950E-03   0.000     0.2475E-02 0.7280E-02-0.9460E-02  0.000      0.000      0.000       0.000       0.000       0.000       0.000       0.000       0.000    
    97200.   12.75138782   12.5067   0.000       0.000     -0.2141E-03   0.000     0.1723E-02 0.4804E-02-0.6314E-02  0.000      0.000      0.000       0.000       0.000       0.000       0.000       0.000       0.000    
   100800.   12.59916186   12.5153   0.000       0.000     -0.7341E-04   0.000     0.1063E-02 0.2244E-02-0.3233E-02  0.000      0.000      0.000       0.000       0.000       0.000       0.000       0.000       0.000    
   104400.   12.52820996   12.5181   0.000       0.000     -0.8819E-05   0.000     0.1035E-02 0.1831E-02-0.2858E-02  0.000      0.000      0.000       0.000       0.000       0.000       0.000       0.000       0.000    
   108000.   12.50602370   12.5195   0.000       0.000      0.1177E-04   0.000     0.1198E-02 0.2046E-02-0.3257E-02  0.000      0.000      0.000       0.000       0.000       0.000       0.000       0.000       0.000    
   111600.   12.47141547   12.5181   0.000       0.000      0.4085E-04   0.000     0.1151E-02 0.1780E-02-0.2972E-02  0.000      0.000      0.000       0.000       0.000       0.000       0.000       0.000       0.000    
   115200.   12.44329509   12.5147   0.000       0.000      0.6248E-04   0.000     0.1126E-02 0.1617E-02-0.2805E-02  0.000      0.000      0.000       0.000       0.000       0.000       0.000       0.000       0.000    
   118800.   12.42300180   12.5100   0.000       0.000      0.7615E-04   0.000     0.1129E-02 0.1551E-02-0.2756E-02  0.000      0.000      0.000       0.000       0.000       0.000       0.000       0.000       0.000    
   122400.   12.43214604   12.5065   0.000       0.000      0.6509E-04   0.000     0.1279E-02 0.1910E-02-0.3254E-02  0.000      0.000      0.000       0.000       0.000       0.000       0.000       0.000       0.000    
   126000.   12.41145953   12.5015   0.000       0.000      0.7882E-04   0.000     0.1174E-02 0.1617E-02-0.2870E-02  0.000      0.000      0.000       0.000       0.000       0.000       0.000       0.000       0.000    
   129600.   12.46422763   12.5013   0.000       0.000      0.3243E-04   0.000     0.1547E-02 0.2611E-02-0.4190E-02  0.000      0.000      0.000       0.000       0.000       0.000       0.000       0.000       0.000    
   133200.   12.43773762   12.4986   0.000       0.000      0.5329E-04   0.000     0.1282E-02 0.1953E-02-0.3288E-02  0.000      0.000      0.000       0.000       0.000       0.000       0.000       0.000       0.000    
   136800.   12.42839114   12.4954   0.000       0.000      0.5868E-04   0.000     0.1255E-02 0.1894E-02-0.3208E-02  0.000      0.000      0.000       0.000       0.000       0.000       0.000       0.000       0.000    
   140400.   12.40547740   12.4906   0.000       0.000      0.7449E-04   0.000     0.1160E-02 0.1619E-02-0.2854E-02  0.000      0.000      0.000       0.000       0.000       0.000       0.000       0.000       0.000    
   144000.   12.40107109   12.4858   0.000       0.000      0.7416E-04   0.000     0.1207E-02 0.1721E-02-0.3003E-02  0.000      0.000      0.000       0.000       0.000       0.000       0.000       0.000       0.000    
   147600.   12.39911076   12.4812   0.000       0.000      0.7185E-04   0.000     0.1237E-02 0.1788E-02-0.3096E-02  0.000      0.000      0.000       0.000       0.000       0.000       0.000       0.000       0.000    
   151200.   12.39806134   12.4768   0.000       0.000      0.6893E-04   0.000     0.1253E-02 0.1833E-02-0.3155E-02  0.000      0.000      0.000       0.000       0.000       0.000       0.000       0.000       0.000    
   154800.   12.39738738   12.4727   0.000       0.000      0.6587E-04   0.000     0.1264E-02 0.1867E-02-0.3197E-02  0.000      0.000      0.000       0.000       0.000       0.000       0.000       0.000       0.000    
   158400.   12.41094339   12.4699   0.000       0.000      0.5156E-04   0.000     0.1354E-02 0.2122E-02-0.3528E-02  0.000      0.000      0.000       0.000       0.000       0.000       0.000       0.000       0.000    
   162000.   12.46949273   12.4720   0.000       0.000      0.2207E-05   0.000     0.1678E-02 0.3005E-02-0.4685E-02  0.000      0.000      0.000       0.000       0.000       0.000       0.000       0.000       0.000    
   165600.   12.46648238   12.4735   0.000       0.000      0.6110E-05   0.000     0.1500E-02 0.2619E-02-0.4124E-02  0.000      0.000      0.000       0.000       0.000       0.000       0.000       0.000       0.000    
   169200.   12.41987593   12.4709   0.000       0.000      0.4466E-04   0.000     0.1174E-02 0.1784E-02-0.3003E-02  0.000      0.000      0.000       0.000       0.000       0.000       0.000       0.000       0.000    
   172800.   12.40587101   12.4676   0.000       0.000      0.5398E-04   0.000     0.1192E-02 0.1791E-02-0.3037E-02  0.000      0.000      0.000       0.000       0.000       0.000       0.000       0.000       0.000    
