TOTIM (T)      HCON          HMAT      QDIR      QWELL        QMAT       QCADS      QTUB1      QTUB2      QTUB3      QTUB4      QTUB5      QTUB6       NSTOR        QFIX        QLH     FHLQ (LQ)        CAUCHY   CAUCHY (LQ)
     3600.   12.36082576   12.3902   0.000       0.000      0.2568E-04   0.000    -0.2181E-02 0.2155E-02  0.000      0.000      0.000      0.000       0.000       0.000       0.000       0.000       0.000       0.000    
     7200.   12.34684118   12.3890   0.000       0.000      0.3692E-04   0.000    -0.1897E-02 0.1861E-02  0.000      0.000      0.000      0.000       0.000       0.000       0.000       0.000       0.000       0.000    
    10800.   12.34432507   12.3878   0.000       0.000      0.3807E-04   0.000    -0.1931E-02 0.1893E-02  0.000      0.000      0.000      0.000       0.000       0.000       0.000       0.000       0.000       0.000    
    14400.   12.34314846   12.3866   0.000       0.000      0.3805E-04   0.000    -0.1954E-02 0.1916E-02  0.000      0.000      0.000      0.000       0.000       0.000       0.000       0.000       0.000       0.000    
    18000.   12.34240884   12.3855   0.000       0.000      0.3769E-04   0.000    -0.1970E-02 0.1932E-02  0.000      0.000      0.000      0.000       0.000       0.000       0.000       0.000       0.000       0.000    
    21600.   12.34186095   12.3844   0.000       0.000      0.3718E-04   0.000    -0.1981E-02 0.1944E-02  0.000      0.000      0.000      0.000       0.000       0.000       0.000       0.000       0.000       0.000    
    25200.   12.34140029   12.3833   0.000       0.000      0.3664E-04   0.000    -0.1990E-02 0.1954E-02  0.000      0.000      0.000      0.000       0.000       0.000       0.000       0.000       0.000       0.000    
    28800.   12.34100730   12.3822   0.000       0.000      0.3608E-04   0.000    -0.1998E-02 0.1962E-02  0.000      0.000      0.000      0.000       0.000       0.000       0.000       0.000       0.000       0.000    
    32400.   12.34062179   12.3813   0.000       0.000      0.3555E-04   0.000    -0.2005E-02 0.1969E-02  0.000      0.000      0.000      0.000       0.000       0.000       0.000       0.000       0.000       0.000    
    36000.   12.34023946   12.3803   0.000       0.000      0.3506E-04   0.000    -0.2011E-02 0.1976E-02  0.000      0.000      0.000      0.000       0.000       0.000       0.000       0.000       0.000       0.000    
    39600.   12.33985885   12.3794   0.000       0.000      0.3458E-04   0.000    -0.2017E-02 0.1982E-02  0.000      0.000      0.000      0.000       0.000       0.000       0.000       0.000       0.000       0.000    
    43200.   12.35351480   12.3796   0.000       0.000      0.2287E-04   0.000    -0.2305E-02 0.2282E-02  0.000      0.000      0.000      0.000       0.000       0.000       0.000       0.000       0.000       0.000    
    46800.   12.35568148   12.3800   0.000       0.000      0.2129E-04   0.000    -0.2276E-02 0.2254E-02  0.000      0.000      0.000      0.000       0.000       0.000       0.000       0.000       0.000       0.000    
    50400.   12.34245037   12.3792   0.000       0.000      0.3219E-04   0.000    -0.1975E-02 0.1943E-02  0.000      0.000      0.000      0.000       0.000       0.000       0.000       0.000       0.000       0.000    
    54000.   12.35433403   12.3795   0.000       0.000      0.2206E-04   0.000    -0.2280E-02 0.2258E-02  0.000      0.000      0.000      0.000       0.000       0.000       0.000       0.000       0.000       0.000    
    57600.   12.39109700   12.3828   0.000       0.000     -0.7249E-05   0.000    -0.2965E-02 0.2972E-02  0.000      0.000      0.000      0.000       0.000       0.000       0.000       0.000       0.000       0.000    
    61200.   12.50384064   12.3949   0.000       0.000     -0.9529E-04   0.000    -0.4975E-02 0.5071E-02  0.000      0.000      0.000      0.000       0.000       0.000       0.000       0.000       0.000       0.000    
    64800.   12.49817783   12.4052   0.000       0.000     -0.8135E-04   0.000    -0.4089E-02 0.4171E-02  0.000      0.000      0.000      0.000       0.000       0.000       0.000       0.000       0.000       0.000    
    68400.   12.49716769   12.4146   0.000       0.000     -0.7226E-04   0.000    -0.3798E-02 0.3870E-02  0.000      0.000      0.000      0.000       0.000       0.000       0.000       0.000       0.000       0.000    
    72000.   12.46539236   12.4207   0.000       0.000     -0.3912E-04   0.000    -0.3009E-02 0.3048E-02  0.000      0.000      0.000      0.000       0.000       0.000       0.000       0.000       0.000       0.000    
    75600.   12.43410090   12.4239   0.000       0.000     -0.8887E-05   0.000    -0.2461E-02 0.2470E-02  0.000      0.000      0.000      0.000       0.000       0.000       0.000       0.000       0.000       0.000    
    79200.   12.51364963   12.4337   0.000       0.000     -0.6996E-04   0.000    -0.4214E-02 0.4284E-02  0.000      0.000      0.000      0.000       0.000       0.000       0.000       0.000       0.000       0.000    
    82800.   12.52772537   12.4436   0.000       0.000     -0.7360E-04   0.000    -0.4037E-02 0.4111E-02  0.000      0.000      0.000      0.000       0.000       0.000       0.000       0.000       0.000       0.000    
    86400.   12.54218280   12.4539   0.000       0.000     -0.7725E-04   0.000    -0.4045E-02 0.4122E-02  0.000      0.000      0.000      0.000       0.000       0.000       0.000       0.000       0.000       0.000    
    90000.   12.62622510   12.4703   0.000       0.000     -0.1364E-03   0.000    -0.5480E-02 0.5617E-02  0.000      0.000      0.000      0.000       0.000       0.000       0.000       0.000       0.000       0.000    
    93600.   12.82135076   12.5012   0.000       0.000     -0.2801E-03   0.000    -0.8722E-02 0.9002E-02  0.000      0.000      0.000      0.000       0.000       0.000       0.000       0.000       0.000       0.000    
    97200.   12.75139198   12.5232   0.000       0.000     -0.1996E-03   0.000    -0.5844E-02 0.6044E-02  0.000      0.000      0.000      0.000       0.000       0.000       0.000       0.000       0.000       0.000    
   100800.   12.59916248   12.5313   0.000       0.000     -0.5934E-04   0.000    -0.2582E-02 0.2641E-02  0.000      0.000      0.000      0.000       0.000       0.000       0.000       0.000       0.000       0.000    
   104400.   12.52821023   12.5338   0.000       0.000      0.4895E-05   0.000    -0.1848E-02 0.1843E-02  0.000      0.000      0.000      0.000       0.000       0.000       0.000       0.000       0.000       0.000    
   108000.   12.50602400   12.5348   0.000       0.000      0.2515E-04   0.000    -0.1962E-02 0.1937E-02  0.000      0.000      0.000      0.000       0.000       0.000       0.000       0.000       0.000       0.000    
   111600.   12.47141572   12.5331   0.000       0.000      0.5393E-04   0.000    -0.1552E-02 0.1498E-02  0.000      0.000      0.000      0.000       0.000       0.000       0.000       0.000       0.000       0.000    
   115200.   12.44329530   12.5294   0.000       0.000      0.7531E-04   0.000    -0.1281E-02 0.1206E-02  0.000      0.000      0.000      0.000       0.000       0.000       0.000       0.000       0.000       0.000    
   118800.   12.42300200   12.5244   0.000       0.000      0.8877E-04   0.000    -0.1148E-02 0.1059E-02  0.000      0.000      0.000      0.000       0.000       0.000       0.000       0.000       0.000       0.000    
   122400.   12.43214630   12.5208   0.000       0.000      0.7753E-04   0.000    -0.1563E-02 0.1486E-02  0.000      0.000      0.000      0.000       0.000       0.000       0.000       0.000       0.000       0.000    
   126000.   12.41145974   12.5156   0.000       0.000      0.9112E-04   0.000    -0.1202E-02 0.1111E-02  0.000      0.000      0.000      0.000       0.000       0.000       0.000       0.000       0.000       0.000    
   129600.   12.46422800   12.5152   0.000       0.000      0.4462E-04   0.000    -0.2428E-02 0.2383E-02  0.000      0.000      0.000      0.000       0.000       0.000       0.000       0.000       0.000       0.000    
   133200.   12.43773789   12.5125   0.000       0.000      0.6539E-04   0.000    -0.1666E-02 0.1601E-02  0.000      0.000      0.000      0.000       0.000       0.000       0.000       0.000       0.000       0.000    
   136800.   12.42839140   12.5092   0.000       0.000      0.7071E-04   0.000    -0.1581E-02 0.1510E-02  0.000      0.000      0.000      0.000       0.000       0.000       0.000       0.000       0.000       0.000    
   140400.   12.40547761   12.5043   0.000       0.000      0.8649E-04   0.000    -0.1227E-02 0.1141E-02  0.000      0.000      0.000      0.000       0.000       0.000       0.000       0.000       0.000       0.000    
   144000.   12.40107131   12.4995   0.000       0.000      0.8615E-04   0.000    -0.1331E-02 0.1245E-02  0.000      0.000      0.000      0.000       0.000       0.000       0.000       0.000       0.000       0.000    
   147600.   12.39911100   12.4949   0.000       0.000      0.8385E-04   0.000    -0.1408E-02 0.1324E-02  0.000      0.000      0.000      0.000       0.000       0.000       0.000       0.000       0.000       0.000    
   151200.   12.39806159   12.4906   0.000       0.000      0.8097E-04   0.000    -0.1468E-02 0.1387E-02  0.000      0.000      0.000      0.000       0.000       0.000       0.000       0.000       0.000       0.000    
   154800.   12.39738763   12.4865   0.000       0.000      0.7797E-04   0.000    -0.1517E-02 0.1439E-02  0.000      0.000      0.000      0.000       0.000       0.000       0.000       0.000       0.000       0.000    
   158400.   12.41094369   12.4838   0.000       0.000      0.6373E-04   0.000    -0.1843E-02 0.1779E-02  0.000      0.000      0.000      0.000       0.000       0.000       0.000       0.000       0.000       0.000    
   162000.   12.46949318   12.4860   0.000       0.000      0.1443E-04   0.000    -0.2972E-02 0.2958E-02  0.000      0.000      0.000      0.000       0.000       0.000       0.000       0.000       0.000       0.000    
   165600.   12.46648276   12.4875   0.000       0.000      0.1839E-04   0.000    -0.2566E-02 0.2548E-02  0.000      0.000      0.000      0.000       0.000       0.000       0.000       0.000       0.000       0.000    
   169200.   12.41987618   12.4850   0.000       0.000      0.5701E-04   0.000    -0.1539E-02 0.1482E-02  0.000      0.000      0.000      0.000       0.000       0.000       0.000       0.000       0.000       0.000    
   172800.   12.40587125   12.4818   0.000       0.000      0.6641E-04   0.000    -0.1499E-02 0.1432E-02  0.000      0.000      0.000      0.000       0.000       0.000       0.000       0.000       0.000       0.000    
