TOTIM (T)      HCON          HMAT      QDIR      QWELL        QMAT       QCADS      QTUB1      QTUB2      QTUB3      QTUB4      QTUB5      QTUB6       NSTOR        QFIX        QLH     FHLQ (LQ)        CAUCHY   CAUCHY (LQ)
     3600.   12.36082384   11.7863   0.000       0.000     -0.5027E-03   0.000     0.6834E-02-0.6331E-02  0.000      0.000      0.000      0.000       0.000       0.000       0.000       0.000       0.000       0.000    
     7200.   12.34683940   11.7853   0.000       0.000     -0.4913E-03   0.000     0.6403E-02-0.5912E-02  0.000      0.000      0.000      0.000       0.000       0.000       0.000       0.000       0.000       0.000    
    10800.   12.34432326   11.7841   0.000       0.000     -0.4902E-03   0.000     0.6529E-02-0.6038E-02  0.000      0.000      0.000      0.000       0.000       0.000       0.000       0.000       0.000       0.000    
    14400.   12.34314663   11.7829   0.000       0.000     -0.4902E-03   0.000     0.6595E-02-0.6105E-02  0.000      0.000      0.000      0.000       0.000       0.000       0.000       0.000       0.000       0.000    
    18000.   12.34240700   11.7819   0.000       0.000     -0.4904E-03   0.000     0.6628E-02-0.6137E-02  0.000      0.000      0.000      0.000       0.000       0.000       0.000       0.000       0.000       0.000    
    21600.   12.34185910   11.7810   0.000       0.000     -0.4908E-03   0.000     0.6644E-02-0.6154E-02  0.000      0.000      0.000      0.000       0.000       0.000       0.000       0.000       0.000       0.000    
    25200.   12.34139844   11.7801   0.000       0.000     -0.4911E-03   0.000     0.6654E-02-0.6162E-02  0.000      0.000      0.000      0.000       0.000       0.000       0.000       0.000       0.000       0.000    
    28800.   12.34100545   11.7794   0.000       0.000     -0.4914E-03   0.000     0.6657E-02-0.6166E-02  0.000      0.000      0.000      0.000       0.000       0.000       0.000       0.000       0.000       0.000    
    32400.   12.34061993   11.7787   0.000       0.000     -0.4917E-03   0.000     0.6660E-02-0.6168E-02  0.000      0.000      0.000      0.000       0.000       0.000       0.000       0.000       0.000       0.000    
    36000.   12.34023761   11.7781   0.000       0.000     -0.4919E-03   0.000     0.6662E-02-0.6170E-02  0.000      0.000      0.000      0.000       0.000       0.000       0.000       0.000       0.000       0.000    
    39600.   12.33985699   11.7775   0.000       0.000     -0.4921E-03   0.000     0.6663E-02-0.6171E-02  0.000      0.000      0.000      0.000       0.000       0.000       0.000       0.000       0.000       0.000    
    43200.   12.35351280   11.7780   0.000       0.000     -0.5036E-03   0.000     0.7091E-02-0.6588E-02  0.000      0.000      0.000      0.000       0.000       0.000       0.000       0.000       0.000       0.000    
    46800.   12.35567951   11.7787   0.000       0.000     -0.5049E-03   0.000     0.6965E-02-0.6460E-02  0.000      0.000      0.000      0.000       0.000       0.000       0.000       0.000       0.000       0.000    
    50400.   12.34244856   11.7783   0.000       0.000     -0.4936E-03   0.000     0.6472E-02-0.5979E-02  0.000      0.000      0.000      0.000       0.000       0.000       0.000       0.000       0.000       0.000    
    54000.   12.35433205   11.7788   0.000       0.000     -0.5036E-03   0.000     0.6992E-02-0.6489E-02  0.000      0.000      0.000      0.000       0.000       0.000       0.000       0.000       0.000       0.000    
    57600.   12.39108305   11.7820   0.000       0.000     -0.5330E-03   0.000     0.7973E-02-0.7440E-02  0.000      0.000      0.000      0.000       0.000       0.000       0.000       0.000       0.000       0.000    
    61200.   12.50381297   11.7936   0.000       0.000     -0.6215E-03   0.000     0.1077E-01-0.1015E-01  0.000      0.000      0.000      0.000       0.000       0.000       0.000       0.000       0.000       0.000    
    64800.   12.49815894   11.8041   0.000       0.000     -0.6073E-03   0.000     0.8782E-02-0.8175E-02  0.000      0.000      0.000      0.000       0.000       0.000       0.000       0.000       0.000       0.000    
    68400.   12.49715105   11.8131   0.000       0.000     -0.5986E-03   0.000     0.8221E-02-0.7622E-02  0.000      0.000      0.000      0.000       0.000       0.000       0.000       0.000       0.000       0.000    
    72000.   12.46538009   11.8182   0.000       0.000     -0.5663E-03   0.000     0.7071E-02-0.6504E-02  0.000      0.000      0.000      0.000       0.000       0.000       0.000       0.000       0.000       0.000    
    75600.   12.43409074   11.8198   0.000       0.000     -0.5375E-03   0.000     0.6495E-02-0.5957E-02  0.000      0.000      0.000      0.000       0.000       0.000       0.000       0.000       0.000       0.000    
    79200.   12.51362838   11.8269   0.000       0.000     -0.6008E-03   0.000     0.9423E-02-0.8822E-02  0.000      0.000      0.000      0.000       0.000       0.000       0.000       0.000       0.000       0.000    
    82800.   12.52770632   11.8348   0.000       0.000     -0.6063E-03   0.000     0.8856E-02-0.8250E-02  0.000      0.000      0.000      0.000       0.000       0.000       0.000       0.000       0.000       0.000    
    86400.   12.54216411   11.8429   0.000       0.000     -0.6118E-03   0.000     0.8746E-02-0.8134E-02  0.000      0.000      0.000      0.000       0.000       0.000       0.000       0.000       0.000       0.000    
    90000.   12.62619624   11.8565   0.000       0.000     -0.6735E-03   0.000     0.1085E-01-0.1018E-01  0.000      0.000      0.000      0.000       0.000       0.000       0.000       0.000       0.000       0.000    
    93600.   12.82128449   11.8838   0.000       0.000     -0.8203E-03   0.000     0.1532E-01-0.1450E-01  0.000      0.000      0.000      0.000       0.000       0.000       0.000       0.000       0.000       0.000    
    97200.   12.75136282   11.9038   0.000       0.000     -0.7417E-03   0.000     0.9918E-02-0.9176E-02  0.000      0.000      0.000      0.000       0.000       0.000       0.000       0.000       0.000       0.000    
   100800.   12.59915627   11.9088   0.000       0.000     -0.6041E-03   0.000     0.5215E-02-0.4611E-02  0.000      0.000      0.000      0.000       0.000       0.000       0.000       0.000       0.000       0.000    
   104400.   12.52820509   11.9062   0.000       0.000     -0.5443E-03   0.000     0.5162E-02-0.4618E-02  0.000      0.000      0.000      0.000       0.000       0.000       0.000       0.000       0.000       0.000    
   108000.   12.50601723   11.9015   0.000       0.000     -0.5289E-03   0.000     0.6142E-02-0.5613E-02  0.000      0.000      0.000      0.000       0.000       0.000       0.000       0.000       0.000       0.000    
   111600.   12.47140959   11.8949   0.000       0.000     -0.5044E-03   0.000     0.5942E-02-0.5438E-02  0.000      0.000      0.000      0.000       0.000       0.000       0.000       0.000       0.000       0.000    
   115200.   12.44328949   11.8872   0.000       0.000     -0.4866E-03   0.000     0.5874E-02-0.5388E-02  0.000      0.000      0.000      0.000       0.000       0.000       0.000       0.000       0.000       0.000    
   118800.   12.42299618   11.8791   0.000       0.000     -0.4759E-03   0.000     0.5936E-02-0.5460E-02  0.000      0.000      0.000      0.000       0.000       0.000       0.000       0.000       0.000       0.000    
   122400.   12.43213882   11.8731   0.000       0.000     -0.4892E-03   0.000     0.6739E-02-0.6250E-02  0.000      0.000      0.000      0.000       0.000       0.000       0.000       0.000       0.000       0.000    
   126000.   12.41145349   11.8667   0.000       0.000     -0.4767E-03   0.000     0.6179E-02-0.5703E-02  0.000      0.000      0.000      0.000       0.000       0.000       0.000       0.000       0.000       0.000    
   129600.   12.46421426   11.8653   0.000       0.000     -0.5240E-03   0.000     0.8102E-02-0.7578E-02  0.000      0.000      0.000      0.000       0.000       0.000       0.000       0.000       0.000       0.000    
   133200.   12.43772858   11.8628   0.000       0.000     -0.5031E-03   0.000     0.6668E-02-0.6165E-02  0.000      0.000      0.000      0.000       0.000       0.000       0.000       0.000       0.000       0.000    
   136800.   12.42838239   11.8598   0.000       0.000     -0.4975E-03   0.000     0.6576E-02-0.6078E-02  0.000      0.000      0.000      0.000       0.000       0.000       0.000       0.000       0.000       0.000    
   140400.   12.40546997   11.8556   0.000       0.000     -0.4812E-03   0.000     0.6094E-02-0.5612E-02  0.000      0.000      0.000      0.000       0.000       0.000       0.000       0.000       0.000       0.000    
   144000.   12.40106300   11.8514   0.000       0.000     -0.4810E-03   0.000     0.6366E-02-0.5885E-02  0.000      0.000      0.000      0.000       0.000       0.000       0.000       0.000       0.000       0.000    
   147600.   12.39910228   11.8477   0.000       0.000     -0.4825E-03   0.000     0.6516E-02-0.6033E-02  0.000      0.000      0.000      0.000       0.000       0.000       0.000       0.000       0.000       0.000    
   151200.   12.39805264   11.8444   0.000       0.000     -0.4844E-03   0.000     0.6592E-02-0.6108E-02  0.000      0.000      0.000      0.000       0.000       0.000       0.000       0.000       0.000       0.000    
   154800.   12.39737854   11.8416   0.000       0.000     -0.4863E-03   0.000     0.6636E-02-0.6150E-02  0.000      0.000      0.000      0.000       0.000       0.000       0.000       0.000       0.000       0.000    
   158400.   12.41093321   11.8403   0.000       0.000     -0.4993E-03   0.000     0.7090E-02-0.6591E-02  0.000      0.000      0.000      0.000       0.000       0.000       0.000       0.000       0.000       0.000    
   162000.   12.46947714   11.8437   0.000       0.000     -0.5476E-03   0.000     0.8670E-02-0.8122E-02  0.000      0.000      0.000      0.000       0.000       0.000       0.000       0.000       0.000       0.000    
   165600.   12.46647000   11.8469   0.000       0.000     -0.5422E-03   0.000     0.7684E-02-0.7142E-02  0.000      0.000      0.000      0.000       0.000       0.000       0.000       0.000       0.000       0.000    
   169200.   12.41986839   11.8461   0.000       0.000     -0.5021E-03   0.000     0.6036E-02-0.5534E-02  0.000      0.000      0.000      0.000       0.000       0.000       0.000       0.000       0.000       0.000    
   172800.   12.40586314   11.8439   0.000       0.000     -0.4918E-03   0.000     0.6203E-02-0.5711E-02  0.000      0.000      0.000      0.000       0.000       0.000       0.000       0.000       0.000       0.000    
