TOTIM (T)      HCON          HMAT      QDIR      QWELL        QMAT       QCADS      QTUB1      QTUB2      QTUB3      QTUB4      QTUB5      QTUB6       NSTOR        QFIX        QLH     FHLQ (LQ)        CAUCHY   CAUCHY (LQ)
     3600.   12.36082607   12.4032   0.000       0.000      0.3708E-04   0.000     0.1950E-02-0.1988E-02  0.000      0.000      0.000      0.000       0.000       0.000       0.000       0.000       0.000       0.000    
     7200.   12.34684147   12.4021   0.000       0.000      0.4832E-04   0.000     0.1704E-02-0.1753E-02  0.000      0.000      0.000      0.000       0.000       0.000       0.000       0.000       0.000       0.000    
    10800.   12.34432537   12.4009   0.000       0.000      0.4947E-04   0.000     0.1721E-02-0.1771E-02  0.000      0.000      0.000      0.000       0.000       0.000       0.000       0.000       0.000       0.000    
    14400.   12.34314876   12.3997   0.000       0.000      0.4946E-04   0.000     0.1742E-02-0.1792E-02  0.000      0.000      0.000      0.000       0.000       0.000       0.000       0.000       0.000       0.000    
    18000.   12.34240914   12.3985   0.000       0.000      0.4909E-04   0.000     0.1757E-02-0.1806E-02  0.000      0.000      0.000      0.000       0.000       0.000       0.000       0.000       0.000       0.000    
    21600.   12.34186125   12.3974   0.000       0.000      0.4859E-04   0.000     0.1768E-02-0.1816E-02  0.000      0.000      0.000      0.000       0.000       0.000       0.000       0.000       0.000       0.000    
    25200.   12.34140059   12.3963   0.000       0.000      0.4805E-04   0.000     0.1777E-02-0.1825E-02  0.000      0.000      0.000      0.000       0.000       0.000       0.000       0.000       0.000       0.000    
    28800.   12.34100761   12.3953   0.000       0.000      0.4749E-04   0.000     0.1784E-02-0.1832E-02  0.000      0.000      0.000      0.000       0.000       0.000       0.000       0.000       0.000       0.000    
    32400.   12.34062209   12.3943   0.000       0.000      0.4696E-04   0.000     0.1791E-02-0.1838E-02  0.000      0.000      0.000      0.000       0.000       0.000       0.000       0.000       0.000       0.000    
    36000.   12.34023977   12.3933   0.000       0.000      0.4646E-04   0.000     0.1798E-02-0.1844E-02  0.000      0.000      0.000      0.000       0.000       0.000       0.000       0.000       0.000       0.000    
    39600.   12.33985915   12.3924   0.000       0.000      0.4599E-04   0.000     0.1804E-02-0.1850E-02  0.000      0.000      0.000      0.000       0.000       0.000       0.000       0.000       0.000       0.000    
    43200.   12.35351512   12.3927   0.000       0.000      0.3427E-04   0.000     0.2055E-02-0.2089E-02  0.000      0.000      0.000      0.000       0.000       0.000       0.000       0.000       0.000       0.000    
    46800.   12.35568180   12.3930   0.000       0.000      0.3269E-04   0.000     0.2043E-02-0.2075E-02  0.000      0.000      0.000      0.000       0.000       0.000       0.000       0.000       0.000       0.000    
    50400.   12.34245067   12.3923   0.000       0.000      0.4359E-04   0.000     0.1782E-02-0.1826E-02  0.000      0.000      0.000      0.000       0.000       0.000       0.000       0.000       0.000       0.000    
    54000.   12.35433435   12.3926   0.000       0.000      0.3346E-04   0.000     0.2034E-02-0.2068E-02  0.000      0.000      0.000      0.000       0.000       0.000       0.000       0.000       0.000       0.000    
    57600.   12.39109735   12.3958   0.000       0.000      0.4152E-05   0.000     0.2641E-02-0.2646E-02  0.000      0.000      0.000      0.000       0.000       0.000       0.000       0.000       0.000       0.000    
    61200.   12.50384109   12.4080   0.000       0.000     -0.8388E-04   0.000     0.4416E-02-0.4332E-02  0.000      0.000      0.000      0.000       0.000       0.000       0.000       0.000       0.000       0.000    
    64800.   12.49817824   12.4182   0.000       0.000     -0.6995E-04   0.000     0.3737E-02-0.3667E-02  0.000      0.000      0.000      0.000       0.000       0.000       0.000       0.000       0.000       0.000    
    68400.   12.49716806   12.4276   0.000       0.000     -0.6086E-04   0.000     0.3451E-02-0.3390E-02  0.000      0.000      0.000      0.000       0.000       0.000       0.000       0.000       0.000       0.000    
    72000.   12.46539269   12.4337   0.000       0.000     -0.2772E-04   0.000     0.2751E-02-0.2723E-02  0.000      0.000      0.000      0.000       0.000       0.000       0.000       0.000       0.000       0.000    
    75600.   12.43410120   12.4370   0.000       0.000      0.2515E-05   0.000     0.2237E-02-0.2239E-02  0.000      0.000      0.000      0.000       0.000       0.000       0.000       0.000       0.000       0.000    
    79200.   12.51365003   12.4467   0.000       0.000     -0.5855E-04   0.000     0.3726E-02-0.3668E-02  0.000      0.000      0.000      0.000       0.000       0.000       0.000       0.000       0.000       0.000    
    82800.   12.52772577   12.4566   0.000       0.000     -0.6220E-04   0.000     0.3643E-02-0.3581E-02  0.000      0.000      0.000      0.000       0.000       0.000       0.000       0.000       0.000       0.000    
    86400.   12.54218319   12.4669   0.000       0.000     -0.6585E-04   0.000     0.3642E-02-0.3577E-02  0.000      0.000      0.000      0.000       0.000       0.000       0.000       0.000       0.000       0.000    
    90000.   12.62622556   12.4833   0.000       0.000     -0.1250E-03   0.000     0.4885E-02-0.4760E-02  0.000      0.000      0.000      0.000       0.000       0.000       0.000       0.000       0.000       0.000    
    93600.   12.82134762   12.5142   0.000       0.000     -0.2687E-03   0.000     0.7756E-02-0.7488E-02  0.000      0.000      0.000      0.000       0.000       0.000       0.000       0.000       0.000       0.000    
    97200.   12.75139100   12.5363   0.000       0.000     -0.1882E-03   0.000     0.5401E-02-0.5213E-02  0.000      0.000      0.000      0.000       0.000       0.000       0.000       0.000       0.000       0.000    
   100800.   12.59916257   12.5444   0.000       0.000     -0.4793E-04   0.000     0.2448E-02-0.2400E-02  0.000      0.000      0.000      0.000       0.000       0.000       0.000       0.000       0.000       0.000    
   104400.   12.52821047   12.5468   0.000       0.000      0.1630E-04   0.000     0.1655E-02-0.1671E-02  0.000      0.000      0.000      0.000       0.000       0.000       0.000       0.000       0.000       0.000    
   108000.   12.50602427   12.5478   0.000       0.000      0.3656E-04   0.000     0.1701E-02-0.1737E-02  0.000      0.000      0.000      0.000       0.000       0.000       0.000       0.000       0.000       0.000    
   111600.   12.47141598   12.5461   0.000       0.000      0.6535E-04   0.000     0.1335E-02-0.1400E-02  0.000      0.000      0.000      0.000       0.000       0.000       0.000       0.000       0.000       0.000    
   115200.   12.44329556   12.5424   0.000       0.000      0.8673E-04   0.000     0.1074E-02-0.1160E-02  0.000      0.000      0.000      0.000       0.000       0.000       0.000       0.000       0.000       0.000    
   118800.   12.42300225   12.5375   0.000       0.000      0.1002E-03   0.000     0.9386E-03-0.1039E-02  0.000      0.000      0.000      0.000       0.000       0.000       0.000       0.000       0.000       0.000    
   122400.   12.43214659   12.5338   0.000       0.000      0.8895E-04   0.000     0.1288E-02-0.1377E-02  0.000      0.000      0.000      0.000       0.000       0.000       0.000       0.000       0.000       0.000    
   126000.   12.41146001   12.5287   0.000       0.000      0.1025E-03   0.000     0.9891E-03-0.1092E-02  0.000      0.000      0.000      0.000       0.000       0.000       0.000       0.000       0.000       0.000    
   129600.   12.46422834   12.5283   0.000       0.000      0.5605E-04   0.000     0.2036E-02-0.2092E-02  0.000      0.000      0.000      0.000       0.000       0.000       0.000       0.000       0.000       0.000    
   133200.   12.43773818   12.5255   0.000       0.000      0.7682E-04   0.000     0.1428E-02-0.1505E-02  0.000      0.000      0.000      0.000       0.000       0.000       0.000       0.000       0.000       0.000    
   136800.   12.42839168   12.5223   0.000       0.000      0.8214E-04   0.000     0.1324E-02-0.1406E-02  0.000      0.000      0.000      0.000       0.000       0.000       0.000       0.000       0.000       0.000    
   140400.   12.40547787   12.5174   0.000       0.000      0.9792E-04   0.000     0.1012E-02-0.1110E-02  0.000      0.000      0.000      0.000       0.000       0.000       0.000       0.000       0.000       0.000    
   144000.   12.40107159   12.5126   0.000       0.000      0.9758E-04   0.000     0.1087E-02-0.1184E-02  0.000      0.000      0.000      0.000       0.000       0.000       0.000       0.000       0.000       0.000    
   147600.   12.39911128   12.5080   0.000       0.000      0.9529E-04   0.000     0.1159E-02-0.1254E-02  0.000      0.000      0.000      0.000       0.000       0.000       0.000       0.000       0.000       0.000    
   151200.   12.39806187   12.5037   0.000       0.000      0.9240E-04   0.000     0.1215E-02-0.1308E-02  0.000      0.000      0.000      0.000       0.000       0.000       0.000       0.000       0.000       0.000    
   154800.   12.39738792   12.4996   0.000       0.000      0.8940E-04   0.000     0.1264E-02-0.1353E-02  0.000      0.000      0.000      0.000       0.000       0.000       0.000       0.000       0.000       0.000    
   158400.   12.41094399   12.4968   0.000       0.000      0.7517E-04   0.000     0.1551E-02-0.1627E-02  0.000      0.000      0.000      0.000       0.000       0.000       0.000       0.000       0.000       0.000    
   162000.   12.46949354   12.4991   0.000       0.000      0.2588E-04   0.000     0.2549E-02-0.2575E-02  0.000      0.000      0.000      0.000       0.000       0.000       0.000       0.000       0.000       0.000    
   165600.   12.46648310   12.5006   0.000       0.000      0.2984E-04   0.000     0.2250E-02-0.2280E-02  0.000      0.000      0.000      0.000       0.000       0.000       0.000       0.000       0.000       0.000    
   169200.   12.41987646   12.4981   0.000       0.000      0.6846E-04   0.000     0.1348E-02-0.1416E-02  0.000      0.000      0.000      0.000       0.000       0.000       0.000       0.000       0.000       0.000    
   172800.   12.40587153   12.4949   0.000       0.000      0.7786E-04   0.000     0.1271E-02-0.1348E-02  0.000      0.000      0.000      0.000       0.000       0.000       0.000       0.000       0.000       0.000    
