TOTIM (T)      HCON          HMAT      QDIR      QWELL        QMAT       QCADS      QTUB1      QTUB2      QTUB3      QTUB4      QTUB5      QTUB6       NSTOR        QFIX        QLH     FHLQ (LQ)        CAUCHY   CAUCHY (LQ)
     3600.   12.36082622   12.4058   0.000       0.000      0.3931E-04   0.000     0.1822E-02-0.1861E-02  0.000      0.000      0.000      0.000       0.000       0.000       0.000       0.000       0.000       0.000    
     7200.   12.34684160   12.4046   0.000       0.000      0.5055E-04   0.000     0.1542E-02-0.1593E-02  0.000      0.000      0.000      0.000       0.000       0.000       0.000       0.000       0.000       0.000    
    10800.   12.34432549   12.4034   0.000       0.000      0.5170E-04   0.000     0.1556E-02-0.1607E-02  0.000      0.000      0.000      0.000       0.000       0.000       0.000       0.000       0.000       0.000    
    14400.   12.34314889   12.4022   0.000       0.000      0.5169E-04   0.000     0.1576E-02-0.1628E-02  0.000      0.000      0.000      0.000       0.000       0.000       0.000       0.000       0.000       0.000    
    18000.   12.34240927   12.4011   0.000       0.000      0.5132E-04   0.000     0.1592E-02-0.1643E-02  0.000      0.000      0.000      0.000       0.000       0.000       0.000       0.000       0.000       0.000    
    21600.   12.34186138   12.3999   0.000       0.000      0.5082E-04   0.000     0.1604E-02-0.1655E-02  0.000      0.000      0.000      0.000       0.000       0.000       0.000       0.000       0.000       0.000    
    25200.   12.34140072   12.3989   0.000       0.000      0.5027E-04   0.000     0.1615E-02-0.1665E-02  0.000      0.000      0.000      0.000       0.000       0.000       0.000       0.000       0.000       0.000    
    28800.   12.34100773   12.3978   0.000       0.000      0.4971E-04   0.000     0.1624E-02-0.1674E-02  0.000      0.000      0.000      0.000       0.000       0.000       0.000       0.000       0.000       0.000    
    32400.   12.34062222   12.3968   0.000       0.000      0.4918E-04   0.000     0.1633E-02-0.1682E-02  0.000      0.000      0.000      0.000       0.000       0.000       0.000       0.000       0.000       0.000    
    36000.   12.34023990   12.3959   0.000       0.000      0.4868E-04   0.000     0.1641E-02-0.1690E-02  0.000      0.000      0.000      0.000       0.000       0.000       0.000       0.000       0.000       0.000    
    39600.   12.33985928   12.3950   0.000       0.000      0.4821E-04   0.000     0.1649E-02-0.1697E-02  0.000      0.000      0.000      0.000       0.000       0.000       0.000       0.000       0.000       0.000    
    43200.   12.35351527   12.3952   0.000       0.000      0.3649E-04   0.000     0.1935E-02-0.1971E-02  0.000      0.000      0.000      0.000       0.000       0.000       0.000       0.000       0.000       0.000    
    46800.   12.35568195   12.3956   0.000       0.000      0.3491E-04   0.000     0.1927E-02-0.1962E-02  0.000      0.000      0.000      0.000       0.000       0.000       0.000       0.000       0.000       0.000    
    50400.   12.34245080   12.3948   0.000       0.000      0.4581E-04   0.000     0.1634E-02-0.1680E-02  0.000      0.000      0.000      0.000       0.000       0.000       0.000       0.000       0.000       0.000    
    54000.   12.35433450   12.3951   0.000       0.000      0.3568E-04   0.000     0.1916E-02-0.1952E-02  0.000      0.000      0.000      0.000       0.000       0.000       0.000       0.000       0.000       0.000    
    57600.   12.39109755   12.3984   0.000       0.000      0.6371E-05   0.000     0.2612E-02-0.2618E-02  0.000      0.000      0.000      0.000       0.000       0.000       0.000       0.000       0.000       0.000    
    61200.   12.50384143   12.4105   0.000       0.000     -0.8167E-04   0.000     0.4650E-02-0.4569E-02  0.000      0.000      0.000      0.000       0.000       0.000       0.000       0.000       0.000       0.000    
    64800.   12.49817852   12.4208   0.000       0.000     -0.6773E-04   0.000     0.3930E-02-0.3862E-02  0.000      0.000      0.000      0.000       0.000       0.000       0.000       0.000       0.000       0.000    
    68400.   12.49716832   12.4301   0.000       0.000     -0.5864E-04   0.000     0.3616E-02-0.3557E-02  0.000      0.000      0.000      0.000       0.000       0.000       0.000       0.000       0.000       0.000    
    72000.   12.46539289   12.4363   0.000       0.000     -0.2550E-04   0.000     0.2816E-02-0.2791E-02  0.000      0.000      0.000      0.000       0.000       0.000       0.000       0.000       0.000       0.000    
    75600.   12.43410137   12.4395   0.000       0.000      0.4737E-05   0.000     0.2212E-02-0.2216E-02  0.000      0.000      0.000      0.000       0.000       0.000       0.000       0.000       0.000       0.000    
    79200.   12.51365031   12.4493   0.000       0.000     -0.5633E-04   0.000     0.3885E-02-0.3828E-02  0.000      0.000      0.000      0.000       0.000       0.000       0.000       0.000       0.000       0.000    
    82800.   12.52772604   12.4592   0.000       0.000     -0.5997E-04   0.000     0.3813E-02-0.3753E-02  0.000      0.000      0.000      0.000       0.000       0.000       0.000       0.000       0.000       0.000    
    86400.   12.54218346   12.4695   0.000       0.000     -0.6361E-04   0.000     0.3823E-02-0.3759E-02  0.000      0.000      0.000      0.000       0.000       0.000       0.000       0.000       0.000       0.000    
    90000.   12.62622593   12.4859   0.000       0.000     -0.1228E-03   0.000     0.5242E-02-0.5120E-02  0.000      0.000      0.000      0.000       0.000       0.000       0.000       0.000       0.000       0.000    
    93600.   12.82135224   12.5168   0.000       0.000     -0.2665E-03   0.000     0.8545E-02-0.8278E-02  0.000      0.000      0.000      0.000       0.000       0.000       0.000       0.000       0.000       0.000    
    97200.   12.75139327   12.5388   0.000       0.000     -0.1860E-03   0.000     0.5948E-02-0.5762E-02  0.000      0.000      0.000      0.000       0.000       0.000       0.000       0.000       0.000       0.000    
   100800.   12.59916286   12.5470   0.000       0.000     -0.4566E-04   0.000     0.2574E-02-0.2529E-02  0.000      0.000      0.000      0.000       0.000       0.000       0.000       0.000       0.000       0.000    
   104400.   12.52821059   12.5495   0.000       0.000      0.1859E-04   0.000     0.1589E-02-0.1607E-02  0.000      0.000      0.000      0.000       0.000       0.000       0.000       0.000       0.000       0.000    
   108000.   12.50602439   12.5504   0.000       0.000      0.3887E-04   0.000     0.1574E-02-0.1612E-02  0.000      0.000      0.000      0.000       0.000       0.000       0.000       0.000       0.000       0.000    
   111600.   12.47141607   12.5487   0.000       0.000      0.6766E-04   0.000     0.1122E-02-0.1189E-02  0.000      0.000      0.000      0.000       0.000       0.000       0.000       0.000       0.000       0.000    
   115200.   12.44329563   12.5451   0.000       0.000      0.8906E-04   0.000     0.7958E-03-0.8849E-03  0.000      0.000      0.000      0.000       0.000       0.000       0.000       0.000       0.000       0.000    
   118800.   12.42300232   12.5402   0.000       0.000      0.1025E-03   0.000     0.6205E-03-0.7230E-03  0.000      0.000      0.000      0.000       0.000       0.000       0.000       0.000       0.000       0.000    
   122400.   12.43214667   12.5365   0.000       0.000      0.9132E-04   0.000     0.1003E-02-0.1095E-02  0.000      0.000      0.000      0.000       0.000       0.000       0.000       0.000       0.000       0.000    
   126000.   12.41146007   12.5314   0.000       0.000      0.1049E-03   0.000     0.6638E-03-0.7688E-03  0.000      0.000      0.000      0.000       0.000       0.000       0.000       0.000       0.000       0.000    
   129600.   12.46422848   12.5310   0.000       0.000      0.5845E-04   0.000     0.1851E-02-0.1909E-02  0.000      0.000      0.000      0.000       0.000       0.000       0.000       0.000       0.000       0.000    
   133200.   12.43773828   12.5283   0.000       0.000      0.7924E-04   0.000     0.1180E-02-0.1259E-02  0.000      0.000      0.000      0.000       0.000       0.000       0.000       0.000       0.000       0.000    
   136800.   12.42839177   12.5251   0.000       0.000      0.8458E-04   0.000     0.1060E-02-0.1144E-02  0.000      0.000      0.000      0.000       0.000       0.000       0.000       0.000       0.000       0.000    
   140400.   12.40547794   12.5202   0.000       0.000      0.1004E-03   0.000     0.7008E-03-0.8012E-03  0.000      0.000      0.000      0.000       0.000       0.000       0.000       0.000       0.000       0.000    
   144000.   12.40107166   12.5154   0.000       0.000      0.1001E-03   0.000     0.7764E-03-0.8764E-03  0.000      0.000      0.000      0.000       0.000       0.000       0.000       0.000       0.000       0.000    
   147600.   12.39911135   12.5108   0.000       0.000      0.9777E-04   0.000     0.8552E-03-0.9530E-03  0.000      0.000      0.000      0.000       0.000       0.000       0.000       0.000       0.000       0.000    
   151200.   12.39806196   12.5065   0.000       0.000      0.9490E-04   0.000     0.9204E-03-0.1015E-02  0.000      0.000      0.000      0.000       0.000       0.000       0.000       0.000       0.000       0.000    
   154800.   12.39738800   12.5024   0.000       0.000      0.9191E-04   0.000     0.9777E-03-0.1070E-02  0.000      0.000      0.000      0.000       0.000       0.000       0.000       0.000       0.000       0.000    
   158400.   12.41094410   12.4997   0.000       0.000      0.7769E-04   0.000     0.1308E-02-0.1386E-02  0.000      0.000      0.000      0.000       0.000       0.000       0.000       0.000       0.000       0.000    
   162000.   12.46949373   12.5020   0.000       0.000      0.2841E-04   0.000     0.2454E-02-0.2482E-02  0.000      0.000      0.000      0.000       0.000       0.000       0.000       0.000       0.000       0.000    
   165600.   12.46648326   12.5035   0.000       0.000      0.3238E-04   0.000     0.2143E-02-0.2175E-02  0.000      0.000      0.000      0.000       0.000       0.000       0.000       0.000       0.000       0.000    
   169200.   12.41987655   12.5010   0.000       0.000      0.7101E-04   0.000     0.1125E-02-0.1196E-02  0.000      0.000      0.000      0.000       0.000       0.000       0.000       0.000       0.000       0.000    
   172800.   12.40587161   12.4978   0.000       0.000      0.8042E-04   0.000     0.1019E-02-0.1100E-02  0.000      0.000      0.000      0.000       0.000       0.000       0.000       0.000       0.000       0.000    
