TOTIM (T)      HCON          HMAT      QDIR      QWELL        QMAT       QCADS      QTUB1      QTUB2      QTUB3      QTUB4      QTUB5      QTUB6       NSTOR        QFIX        QLH     FHLQ (LQ)        CAUCHY   CAUCHY (LQ)
     3600.   12.36082625   12.5256   0.000       0.000      0.1442E-03   0.000     0.1941E-02-0.2085E-02  0.000      0.000      0.000      0.000       0.000       0.000       0.000       0.000       0.000       0.000    
     7200.   12.34684160   12.5245   0.000       0.000      0.1554E-03   0.000     0.1556E-02-0.1711E-02  0.000      0.000      0.000      0.000       0.000       0.000       0.000       0.000       0.000       0.000    
    10800.   12.34432550   12.5233   0.000       0.000      0.1566E-03   0.000     0.1581E-02-0.1738E-02  0.000      0.000      0.000      0.000       0.000       0.000       0.000       0.000       0.000       0.000    
    14400.   12.34314889   12.5221   0.000       0.000      0.1566E-03   0.000     0.1605E-02-0.1761E-02  0.000      0.000      0.000      0.000       0.000       0.000       0.000       0.000       0.000       0.000    
    18000.   12.34240928   12.5209   0.000       0.000      0.1562E-03   0.000     0.1624E-02-0.1780E-02  0.000      0.000      0.000      0.000       0.000       0.000       0.000       0.000       0.000       0.000    
    21600.   12.34186139   12.5198   0.000       0.000      0.1557E-03   0.000     0.1640E-02-0.1795E-02  0.000      0.000      0.000      0.000       0.000       0.000       0.000       0.000       0.000       0.000    
    25200.   12.34140073   12.5187   0.000       0.000      0.1552E-03   0.000     0.1654E-02-0.1809E-02  0.000      0.000      0.000      0.000       0.000       0.000       0.000       0.000       0.000       0.000    
    28800.   12.34100774   12.5177   0.000       0.000      0.1546E-03   0.000     0.1666E-02-0.1821E-02  0.000      0.000      0.000      0.000       0.000       0.000       0.000       0.000       0.000       0.000    
    32400.   12.34062223   12.5167   0.000       0.000      0.1541E-03   0.000     0.1678E-02-0.1832E-02  0.000      0.000      0.000      0.000       0.000       0.000       0.000       0.000       0.000       0.000    
    36000.   12.34023991   12.5157   0.000       0.000      0.1536E-03   0.000     0.1689E-02-0.1842E-02  0.000      0.000      0.000      0.000       0.000       0.000       0.000       0.000       0.000       0.000    
    39600.   12.33985929   12.5148   0.000       0.000      0.1531E-03   0.000     0.1699E-02-0.1852E-02  0.000      0.000      0.000      0.000       0.000       0.000       0.000       0.000       0.000       0.000    
    43200.   12.35351531   12.5151   0.000       0.000      0.1414E-03   0.000     0.2092E-02-0.2234E-02  0.000      0.000      0.000      0.000       0.000       0.000       0.000       0.000       0.000       0.000    
    46800.   12.35568199   12.5155   0.000       0.000      0.1398E-03   0.000     0.2075E-02-0.2215E-02  0.000      0.000      0.000      0.000       0.000       0.000       0.000       0.000       0.000       0.000    
    50400.   12.34245081   12.5147   0.000       0.000      0.1507E-03   0.000     0.1675E-02-0.1826E-02  0.000      0.000      0.000      0.000       0.000       0.000       0.000       0.000       0.000       0.000    
    54000.   12.35433454   12.5150   0.000       0.000      0.1406E-03   0.000     0.2074E-02-0.2214E-02  0.000      0.000      0.000      0.000       0.000       0.000       0.000       0.000       0.000       0.000    
    57600.   12.39109766   12.5183   0.000       0.000      0.1113E-03   0.000     0.3023E-02-0.3134E-02  0.000      0.000      0.000      0.000       0.000       0.000       0.000       0.000       0.000       0.000    
    61200.   12.50384174   12.5304   0.000       0.000      0.2322E-04   0.000     0.5824E-02-0.5848E-02  0.000      0.000      0.000      0.000       0.000       0.000       0.000       0.000       0.000       0.000    
    64800.   12.49817875   12.5406   0.000       0.000      0.3716E-04   0.000     0.4797E-02-0.4834E-02  0.000      0.000      0.000      0.000       0.000       0.000       0.000       0.000       0.000       0.000    
    68400.   12.49716855   12.5500   0.000       0.000      0.4625E-04   0.000     0.4422E-02-0.4468E-02  0.000      0.000      0.000      0.000       0.000       0.000       0.000       0.000       0.000       0.000    
    72000.   12.46539304   12.5561   0.000       0.000      0.7940E-04   0.000     0.3334E-02-0.3414E-02  0.000      0.000      0.000      0.000       0.000       0.000       0.000       0.000       0.000       0.000    
    75600.   12.43410146   12.5594   0.000       0.000      0.1096E-03   0.000     0.2519E-02-0.2629E-02  0.000      0.000      0.000      0.000       0.000       0.000       0.000       0.000       0.000       0.000    
    79200.   12.51365057   12.5692   0.000       0.000      0.4856E-04   0.000     0.4830E-02-0.4879E-02  0.000      0.000      0.000      0.000       0.000       0.000       0.000       0.000       0.000       0.000    
    82800.   12.52772628   12.5791   0.000       0.000      0.4492E-04   0.000     0.4678E-02-0.4723E-02  0.000      0.000      0.000      0.000       0.000       0.000       0.000       0.000       0.000       0.000    
    86400.   12.54218371   12.5894   0.000       0.000      0.4128E-04   0.000     0.4717E-02-0.4758E-02  0.000      0.000      0.000      0.000       0.000       0.000       0.000       0.000       0.000       0.000    
    90000.   12.62622633   12.6058   0.000       0.000     -0.1790E-04   0.000     0.6687E-02-0.6669E-02  0.000      0.000      0.000      0.000       0.000       0.000       0.000       0.000       0.000       0.000    
    93600.   12.82136983   12.6367   0.000       0.000     -0.1616E-03   0.000     0.1122E-01-0.1106E-01  0.000      0.000      0.000      0.000       0.000       0.000       0.000       0.000       0.000       0.000    
    97200.   12.75140104   12.6587   0.000       0.000     -0.8110E-04   0.000     0.7587E-02-0.7506E-02  0.000      0.000      0.000      0.000       0.000       0.000       0.000       0.000       0.000       0.000    
   100800.   12.59916460   12.6669   0.000       0.000      0.5922E-04   0.000     0.3063E-02-0.3122E-02  0.000      0.000      0.000      0.000       0.000       0.000       0.000       0.000       0.000       0.000    
   104400.   12.52821066   12.6693   0.000       0.000      0.1235E-03   0.000     0.1773E-02-0.1896E-02  0.000      0.000      0.000      0.000       0.000       0.000       0.000       0.000       0.000       0.000    
   108000.   12.50602444   12.6703   0.000       0.000      0.1437E-03   0.000     0.1719E-02-0.1863E-02  0.000      0.000      0.000      0.000       0.000       0.000       0.000       0.000       0.000       0.000    
   111600.   12.47141606   12.6686   0.000       0.000      0.1725E-03   0.000     0.1056E-02-0.1228E-02  0.000      0.000      0.000      0.000       0.000       0.000       0.000       0.000       0.000       0.000    
   115200.   12.44329558   12.6649   0.000       0.000      0.1939E-03   0.000     0.5984E-03-0.7923E-03  0.000      0.000      0.000      0.000       0.000       0.000       0.000       0.000       0.000       0.000    
   118800.   12.42300224   12.6600   0.000       0.000      0.2074E-03   0.000     0.3484E-03-0.5558E-03  0.000      0.000      0.000      0.000       0.000       0.000       0.000       0.000       0.000       0.000    
   122400.   12.43214663   12.6563   0.000       0.000      0.1962E-03   0.000     0.8689E-03-0.1065E-02  0.000      0.000      0.000      0.000       0.000       0.000       0.000       0.000       0.000       0.000    
   126000.   12.41145999   12.6512   0.000       0.000      0.2098E-03   0.000     0.3836E-03-0.5934E-03  0.000      0.000      0.000      0.000       0.000       0.000       0.000       0.000       0.000       0.000    
   129600.   12.46422852   12.6508   0.000       0.000      0.1633E-03   0.000     0.2032E-02-0.2195E-02  0.000      0.000      0.000      0.000       0.000       0.000       0.000       0.000       0.000       0.000    
   133200.   12.43773825   12.6481   0.000       0.000      0.1841E-03   0.000     0.1075E-02-0.1259E-02  0.000      0.000      0.000      0.000       0.000       0.000       0.000       0.000       0.000       0.000    
   136800.   12.42839173   12.6449   0.000       0.000      0.1894E-03   0.000     0.9432E-03-0.1133E-02  0.000      0.000      0.000      0.000       0.000       0.000       0.000       0.000       0.000       0.000    
   140400.   12.40547787   12.6400   0.000       0.000      0.2052E-03   0.000     0.4476E-03-0.6528E-03  0.000      0.000      0.000      0.000       0.000       0.000       0.000       0.000       0.000       0.000    
   144000.   12.40107159   12.6352   0.000       0.000      0.2049E-03   0.000     0.5569E-03-0.7617E-03  0.000      0.000      0.000      0.000       0.000       0.000       0.000       0.000       0.000       0.000    
   147600.   12.39911129   12.6306   0.000       0.000      0.2026E-03   0.000     0.6557E-03-0.8583E-03  0.000      0.000      0.000      0.000       0.000       0.000       0.000       0.000       0.000       0.000    
   151200.   12.39806190   12.6263   0.000       0.000      0.1997E-03   0.000     0.7407E-03-0.9404E-03  0.000      0.000      0.000      0.000       0.000       0.000       0.000       0.000       0.000       0.000    
   154800.   12.39738795   12.6222   0.000       0.000      0.1967E-03   0.000     0.8168E-03-0.1013E-02  0.000      0.000      0.000      0.000       0.000       0.000       0.000       0.000       0.000       0.000    
   158400.   12.41094408   12.6195   0.000       0.000      0.1825E-03   0.000     0.1270E-02-0.1453E-02  0.000      0.000      0.000      0.000       0.000       0.000       0.000       0.000       0.000       0.000    
   162000.   12.46949382   12.6217   0.000       0.000      0.1332E-03   0.000     0.2843E-02-0.2976E-02  0.000      0.000      0.000      0.000       0.000       0.000       0.000       0.000       0.000       0.000    
   165600.   12.46648333   12.6232   0.000       0.000      0.1372E-03   0.000     0.2392E-02-0.2529E-02  0.000      0.000      0.000      0.000       0.000       0.000       0.000       0.000       0.000       0.000    
   169200.   12.41987652   12.6208   0.000       0.000      0.1758E-03   0.000     0.1014E-02-0.1190E-02  0.000      0.000      0.000      0.000       0.000       0.000       0.000       0.000       0.000       0.000    
   172800.   12.40587158   12.6175   0.000       0.000      0.1852E-03   0.000     0.8945E-03-0.1080E-02  0.000      0.000      0.000      0.000       0.000       0.000       0.000       0.000       0.000       0.000    
