TOTIM (T)      HCON          HMAT      QDIR      QWELL        QMAT       QCADS      QTUB1      QTUB2      QTUB3      QTUB4      QTUB5      QTUB6       NSTOR        QFIX        QLH     FHLQ (LQ)        CAUCHY   CAUCHY (LQ)
     3600.   12.36082401   12.1878   0.000       0.000     -0.1514E-03   0.000     0.6985E-02-0.6834E-02  0.000      0.000      0.000      0.000       0.000       0.000       0.000       0.000       0.000       0.000    
     7200.   12.34683956   12.1867   0.000       0.000     -0.1401E-03   0.000     0.6543E-02-0.6403E-02  0.000      0.000      0.000      0.000       0.000       0.000       0.000       0.000       0.000       0.000    
    10800.   12.34432342   12.1855   0.000       0.000     -0.1390E-03   0.000     0.6668E-02-0.6529E-02  0.000      0.000      0.000      0.000       0.000       0.000       0.000       0.000       0.000       0.000    
    14400.   12.34314679   12.1843   0.000       0.000     -0.1390E-03   0.000     0.6734E-02-0.6595E-02  0.000      0.000      0.000      0.000       0.000       0.000       0.000       0.000       0.000       0.000    
    18000.   12.34240716   12.1831   0.000       0.000     -0.1394E-03   0.000     0.6767E-02-0.6628E-02  0.000      0.000      0.000      0.000       0.000       0.000       0.000       0.000       0.000       0.000    
    21600.   12.34185927   12.1820   0.000       0.000     -0.1398E-03   0.000     0.6784E-02-0.6644E-02  0.000      0.000      0.000      0.000       0.000       0.000       0.000       0.000       0.000       0.000    
    25200.   12.34139860   12.1810   0.000       0.000     -0.1404E-03   0.000     0.6794E-02-0.6654E-02  0.000      0.000      0.000      0.000       0.000       0.000       0.000       0.000       0.000       0.000    
    28800.   12.34100561   12.1799   0.000       0.000     -0.1409E-03   0.000     0.6798E-02-0.6657E-02  0.000      0.000      0.000      0.000       0.000       0.000       0.000       0.000       0.000       0.000    
    32400.   12.34062010   12.1790   0.000       0.000     -0.1415E-03   0.000     0.6801E-02-0.6660E-02  0.000      0.000      0.000      0.000       0.000       0.000       0.000       0.000       0.000       0.000    
    36000.   12.34023777   12.1780   0.000       0.000     -0.1419E-03   0.000     0.6804E-02-0.6662E-02  0.000      0.000      0.000      0.000       0.000       0.000       0.000       0.000       0.000       0.000    
    39600.   12.33985716   12.1771   0.000       0.000     -0.1424E-03   0.000     0.6805E-02-0.6663E-02  0.000      0.000      0.000      0.000       0.000       0.000       0.000       0.000       0.000       0.000    
    43200.   12.35351297   12.1774   0.000       0.000     -0.1541E-03   0.000     0.7245E-02-0.7091E-02  0.000      0.000      0.000      0.000       0.000       0.000       0.000       0.000       0.000       0.000    
    46800.   12.35567968   12.1778   0.000       0.000     -0.1557E-03   0.000     0.7121E-02-0.6965E-02  0.000      0.000      0.000      0.000       0.000       0.000       0.000       0.000       0.000       0.000    
    50400.   12.34244872   12.1770   0.000       0.000     -0.1447E-03   0.000     0.6617E-02-0.6472E-02  0.000      0.000      0.000      0.000       0.000       0.000       0.000       0.000       0.000       0.000    
    54000.   12.35433223   12.1774   0.000       0.000     -0.1548E-03   0.000     0.7147E-02-0.6992E-02  0.000      0.000      0.000      0.000       0.000       0.000       0.000       0.000       0.000       0.000    
    57600.   12.39108458   12.1807   0.000       0.000     -0.1841E-03   0.000     0.8157E-02-0.7973E-02  0.000      0.000      0.000      0.000       0.000       0.000       0.000       0.000       0.000       0.000    
    61200.   12.50381572   12.1928   0.000       0.000     -0.2721E-03   0.000     0.1105E-01-0.1077E-01  0.000      0.000      0.000      0.000       0.000       0.000       0.000       0.000       0.000       0.000    
    64800.   12.49816078   12.2031   0.000       0.000     -0.2582E-03   0.000     0.9040E-02-0.8782E-02  0.000      0.000      0.000      0.000       0.000       0.000       0.000       0.000       0.000       0.000    
    68400.   12.49715267   12.2125   0.000       0.000     -0.2491E-03   0.000     0.8470E-02-0.8221E-02  0.000      0.000      0.000      0.000       0.000       0.000       0.000       0.000       0.000       0.000    
    72000.   12.46538129   12.2186   0.000       0.000     -0.2159E-03   0.000     0.7287E-02-0.7071E-02  0.000      0.000      0.000      0.000       0.000       0.000       0.000       0.000       0.000       0.000    
    75600.   12.43409176   12.2218   0.000       0.000     -0.1857E-03   0.000     0.6680E-02-0.6495E-02  0.000      0.000      0.000      0.000       0.000       0.000       0.000       0.000       0.000       0.000    
    79200.   12.51363049   12.2316   0.000       0.000     -0.2468E-03   0.000     0.9670E-02-0.9423E-02  0.000      0.000      0.000      0.000       0.000       0.000       0.000       0.000       0.000       0.000    
    82800.   12.52770820   12.2414   0.000       0.000     -0.2505E-03   0.000     0.9107E-02-0.8856E-02  0.000      0.000      0.000      0.000       0.000       0.000       0.000       0.000       0.000       0.000    
    86400.   12.54216594   12.2516   0.000       0.000     -0.2542E-03   0.000     0.9000E-02-0.8746E-02  0.000      0.000      0.000      0.000       0.000       0.000       0.000       0.000       0.000       0.000    
    90000.   12.62619904   12.2679   0.000       0.000     -0.3135E-03   0.000     0.1116E-01-0.1085E-01  0.000      0.000      0.000      0.000       0.000       0.000       0.000       0.000       0.000       0.000    
    93600.   12.82129002   12.2987   0.000       0.000     -0.4573E-03   0.000     0.1578E-01-0.1532E-01  0.000      0.000      0.000      0.000       0.000       0.000       0.000       0.000       0.000       0.000    
    97200.   12.75136516   12.3205   0.000       0.000     -0.3770E-03   0.000     0.1029E-01-0.9918E-02  0.000      0.000      0.000      0.000       0.000       0.000       0.000       0.000       0.000       0.000    
   100800.   12.59915640   12.3285   0.000       0.000     -0.2368E-03   0.000     0.5452E-02-0.5215E-02  0.000      0.000      0.000      0.000       0.000       0.000       0.000       0.000       0.000       0.000    
   104400.   12.52820521   12.3307   0.000       0.000     -0.1728E-03   0.000     0.5335E-02-0.5162E-02  0.000      0.000      0.000      0.000       0.000       0.000       0.000       0.000       0.000       0.000    
   108000.   12.50601738   12.3314   0.000       0.000     -0.1528E-03   0.000     0.6295E-02-0.6142E-02  0.000      0.000      0.000      0.000       0.000       0.000       0.000       0.000       0.000       0.000    
   111600.   12.47140974   12.3294   0.000       0.000     -0.1243E-03   0.000     0.6067E-02-0.5942E-02  0.000      0.000      0.000      0.000       0.000       0.000       0.000       0.000       0.000       0.000    
   115200.   12.44328963   12.3253   0.000       0.000     -0.1032E-03   0.000     0.5977E-02-0.5874E-02  0.000      0.000      0.000      0.000       0.000       0.000       0.000       0.000       0.000       0.000    
   118800.   12.42299633   12.3200   0.000       0.000     -0.9010E-04   0.000     0.6026E-02-0.5936E-02  0.000      0.000      0.000      0.000       0.000       0.000       0.000       0.000       0.000       0.000    
   122400.   12.43213899   12.3160   0.000       0.000     -0.1017E-03   0.000     0.6841E-02-0.6739E-02  0.000      0.000      0.000      0.000       0.000       0.000       0.000       0.000       0.000       0.000    
   126000.   12.41145364   12.3104   0.000       0.000     -0.8839E-04   0.000     0.6268E-02-0.6179E-02  0.000      0.000      0.000      0.000       0.000       0.000       0.000       0.000       0.000       0.000    
   129600.   12.46421583   12.3097   0.000       0.000     -0.1352E-03   0.000     0.8237E-02-0.8102E-02  0.000      0.000      0.000      0.000       0.000       0.000       0.000       0.000       0.000       0.000    
   133200.   12.43772965   12.3066   0.000       0.000     -0.1147E-03   0.000     0.6783E-02-0.6668E-02  0.000      0.000      0.000      0.000       0.000       0.000       0.000       0.000       0.000       0.000    
   136800.   12.42838343   12.3030   0.000       0.000     -0.1097E-03   0.000     0.6685E-02-0.6576E-02  0.000      0.000      0.000      0.000       0.000       0.000       0.000       0.000       0.000       0.000    
   140400.   12.40547086   12.2979   0.000       0.000     -0.9415E-04   0.000     0.6188E-02-0.6094E-02  0.000      0.000      0.000      0.000       0.000       0.000       0.000       0.000       0.000       0.000    
   144000.   12.40106397   12.2928   0.000       0.000     -0.9472E-04   0.000     0.6461E-02-0.6366E-02  0.000      0.000      0.000      0.000       0.000       0.000       0.000       0.000       0.000       0.000    
   147600.   12.39910330   12.2880   0.000       0.000     -0.9723E-04   0.000     0.6613E-02-0.6516E-02  0.000      0.000      0.000      0.000       0.000       0.000       0.000       0.000       0.000       0.000    
   151200.   12.39805369   12.2834   0.000       0.000     -0.1003E-03   0.000     0.6692E-02-0.6592E-02  0.000      0.000      0.000      0.000       0.000       0.000       0.000       0.000       0.000       0.000    
   154800.   12.39737960   12.2791   0.000       0.000     -0.1035E-03   0.000     0.6740E-02-0.6636E-02  0.000      0.000      0.000      0.000       0.000       0.000       0.000       0.000       0.000       0.000    
   158400.   12.41093442   12.2762   0.000       0.000     -0.1179E-03   0.000     0.7208E-02-0.7090E-02  0.000      0.000      0.000      0.000       0.000       0.000       0.000       0.000       0.000       0.000    
   162000.   12.46947893   12.2783   0.000       0.000     -0.1673E-03   0.000     0.8837E-02-0.8670E-02  0.000      0.000      0.000      0.000       0.000       0.000       0.000       0.000       0.000       0.000    
   165600.   12.46647142   12.2797   0.000       0.000     -0.1634E-03   0.000     0.7848E-02-0.7684E-02  0.000      0.000      0.000      0.000       0.000       0.000       0.000       0.000       0.000       0.000    
   169200.   12.41986927   12.2771   0.000       0.000     -0.1249E-03   0.000     0.6161E-02-0.6036E-02  0.000      0.000      0.000      0.000       0.000       0.000       0.000       0.000       0.000       0.000    
   172800.   12.40586407   12.2738   0.000       0.000     -0.1155E-03   0.000     0.6318E-02-0.6203E-02  0.000      0.000      0.000      0.000       0.000       0.000       0.000       0.000       0.000       0.000    
