TOTIM (T)      HCON          HMAT      QDIR      QWELL        QMAT       QCADS      QTUB1      QTUB2      QTUB3      QTUB4      QTUB5      QTUB6       NSTOR        QFIX        QLH     FHLQ (LQ)        CAUCHY   CAUCHY (LQ)
     3600.   12.36082602   12.4031   0.000       0.000      0.3696E-04   0.000     0.1988E-02-0.2025E-02  0.000      0.000      0.000      0.000       0.000       0.000       0.000       0.000       0.000       0.000    
     7200.   12.34684143   12.4019   0.000       0.000      0.4820E-04   0.000     0.1753E-02-0.1801E-02  0.000      0.000      0.000      0.000       0.000       0.000       0.000       0.000       0.000       0.000    
    10800.   12.34432533   12.4007   0.000       0.000      0.4935E-04   0.000     0.1771E-02-0.1820E-02  0.000      0.000      0.000      0.000       0.000       0.000       0.000       0.000       0.000       0.000    
    14400.   12.34314872   12.3995   0.000       0.000      0.4933E-04   0.000     0.1792E-02-0.1841E-02  0.000      0.000      0.000      0.000       0.000       0.000       0.000       0.000       0.000       0.000    
    18000.   12.34240910   12.3984   0.000       0.000      0.4896E-04   0.000     0.1806E-02-0.1855E-02  0.000      0.000      0.000      0.000       0.000       0.000       0.000       0.000       0.000       0.000    
    21600.   12.34186121   12.3972   0.000       0.000      0.4846E-04   0.000     0.1816E-02-0.1865E-02  0.000      0.000      0.000      0.000       0.000       0.000       0.000       0.000       0.000       0.000    
    25200.   12.34140055   12.3962   0.000       0.000      0.4792E-04   0.000     0.1825E-02-0.1873E-02  0.000      0.000      0.000      0.000       0.000       0.000       0.000       0.000       0.000       0.000    
    28800.   12.34100756   12.3951   0.000       0.000      0.4736E-04   0.000     0.1832E-02-0.1879E-02  0.000      0.000      0.000      0.000       0.000       0.000       0.000       0.000       0.000       0.000    
    32400.   12.34062204   12.3941   0.000       0.000      0.4683E-04   0.000     0.1838E-02-0.1885E-02  0.000      0.000      0.000      0.000       0.000       0.000       0.000       0.000       0.000       0.000    
    36000.   12.34023972   12.3932   0.000       0.000      0.4633E-04   0.000     0.1844E-02-0.1891E-02  0.000      0.000      0.000      0.000       0.000       0.000       0.000       0.000       0.000       0.000    
    39600.   12.33985911   12.3923   0.000       0.000      0.4586E-04   0.000     0.1850E-02-0.1896E-02  0.000      0.000      0.000      0.000       0.000       0.000       0.000       0.000       0.000       0.000    
    43200.   12.35351507   12.3925   0.000       0.000      0.3414E-04   0.000     0.2089E-02-0.2123E-02  0.000      0.000      0.000      0.000       0.000       0.000       0.000       0.000       0.000       0.000    
    46800.   12.35568175   12.3929   0.000       0.000      0.3256E-04   0.000     0.2075E-02-0.2108E-02  0.000      0.000      0.000      0.000       0.000       0.000       0.000       0.000       0.000       0.000    
    50400.   12.34245063   12.3921   0.000       0.000      0.4347E-04   0.000     0.1826E-02-0.1869E-02  0.000      0.000      0.000      0.000       0.000       0.000       0.000       0.000       0.000       0.000    
    54000.   12.35433430   12.3924   0.000       0.000      0.3334E-04   0.000     0.2068E-02-0.2101E-02  0.000      0.000      0.000      0.000       0.000       0.000       0.000       0.000       0.000       0.000    
    57600.   12.39109729   12.3957   0.000       0.000      0.4028E-05   0.000     0.2646E-02-0.2650E-02  0.000      0.000      0.000      0.000       0.000       0.000       0.000       0.000       0.000       0.000    
    61200.   12.50384099   12.4078   0.000       0.000     -0.8401E-04   0.000     0.4332E-02-0.4248E-02  0.000      0.000      0.000      0.000       0.000       0.000       0.000       0.000       0.000       0.000    
    64800.   12.49817815   12.4181   0.000       0.000     -0.7007E-04   0.000     0.3667E-02-0.3597E-02  0.000      0.000      0.000      0.000       0.000       0.000       0.000       0.000       0.000       0.000    
    68400.   12.49716798   12.4275   0.000       0.000     -0.6098E-04   0.000     0.3390E-02-0.3329E-02  0.000      0.000      0.000      0.000       0.000       0.000       0.000       0.000       0.000       0.000    
    72000.   12.46539262   12.4336   0.000       0.000     -0.2784E-04   0.000     0.2723E-02-0.2695E-02  0.000      0.000      0.000      0.000       0.000       0.000       0.000       0.000       0.000       0.000    
    75600.   12.43410115   12.4368   0.000       0.000      0.2392E-05   0.000     0.2239E-02-0.2242E-02  0.000      0.000      0.000      0.000       0.000       0.000       0.000       0.000       0.000       0.000    
    79200.   12.51364994   12.4466   0.000       0.000     -0.5868E-04   0.000     0.3668E-02-0.3609E-02  0.000      0.000      0.000      0.000       0.000       0.000       0.000       0.000       0.000       0.000    
    82800.   12.52772568   12.4565   0.000       0.000     -0.6232E-04   0.000     0.3581E-02-0.3519E-02  0.000      0.000      0.000      0.000       0.000       0.000       0.000       0.000       0.000       0.000    
    86400.   12.54218310   12.4668   0.000       0.000     -0.6597E-04   0.000     0.3577E-02-0.3511E-02  0.000      0.000      0.000      0.000       0.000       0.000       0.000       0.000       0.000       0.000    
    90000.   12.62622545   12.4832   0.000       0.000     -0.1252E-03   0.000     0.4760E-02-0.4635E-02  0.000      0.000      0.000      0.000       0.000       0.000       0.000       0.000       0.000       0.000    
    93600.   12.82134627   12.5141   0.000       0.000     -0.2688E-03   0.000     0.7488E-02-0.7219E-02  0.000      0.000      0.000      0.000       0.000       0.000       0.000       0.000       0.000       0.000    
    97200.   12.75139034   12.5361   0.000       0.000     -0.1884E-03   0.000     0.5213E-02-0.5024E-02  0.000      0.000      0.000      0.000       0.000       0.000       0.000       0.000       0.000       0.000    
   100800.   12.59916251   12.5442   0.000       0.000     -0.4806E-04   0.000     0.2400E-02-0.2352E-02  0.000      0.000      0.000      0.000       0.000       0.000       0.000       0.000       0.000       0.000    
   104400.   12.52821043   12.5467   0.000       0.000      0.1618E-04   0.000     0.1671E-02-0.1687E-02  0.000      0.000      0.000      0.000       0.000       0.000       0.000       0.000       0.000       0.000    
   108000.   12.50602423   12.5477   0.000       0.000      0.3644E-04   0.000     0.1737E-02-0.1774E-02  0.000      0.000      0.000      0.000       0.000       0.000       0.000       0.000       0.000       0.000    
   111600.   12.47141595   12.5460   0.000       0.000      0.6522E-04   0.000     0.1400E-02-0.1466E-02  0.000      0.000      0.000      0.000       0.000       0.000       0.000       0.000       0.000       0.000    
   115200.   12.44329553   12.5423   0.000       0.000      0.8660E-04   0.000     0.1160E-02-0.1247E-02  0.000      0.000      0.000      0.000       0.000       0.000       0.000       0.000       0.000       0.000    
   118800.   12.42300223   12.5373   0.000       0.000      0.1001E-03   0.000     0.1039E-02-0.1139E-02  0.000      0.000      0.000      0.000       0.000       0.000       0.000       0.000       0.000       0.000    
   122400.   12.43214655   12.5337   0.000       0.000      0.8882E-04   0.000     0.1377E-02-0.1466E-02  0.000      0.000      0.000      0.000       0.000       0.000       0.000       0.000       0.000       0.000    
   126000.   12.41145998   12.5285   0.000       0.000      0.1024E-03   0.000     0.1092E-02-0.1194E-02  0.000      0.000      0.000      0.000       0.000       0.000       0.000       0.000       0.000       0.000    
   129600.   12.46422828   12.5281   0.000       0.000      0.5591E-04   0.000     0.2092E-02-0.2148E-02  0.000      0.000      0.000      0.000       0.000       0.000       0.000       0.000       0.000       0.000    
   133200.   12.43773814   12.5254   0.000       0.000      0.7667E-04   0.000     0.1505E-02-0.1581E-02  0.000      0.000      0.000      0.000       0.000       0.000       0.000       0.000       0.000       0.000    
   136800.   12.42839164   12.5221   0.000       0.000      0.8199E-04   0.000     0.1406E-02-0.1488E-02  0.000      0.000      0.000      0.000       0.000       0.000       0.000       0.000       0.000       0.000    
   140400.   12.40547785   12.5172   0.000       0.000      0.9777E-04   0.000     0.1110E-02-0.1208E-02  0.000      0.000      0.000      0.000       0.000       0.000       0.000       0.000       0.000       0.000    
   144000.   12.40107156   12.5124   0.000       0.000      0.9743E-04   0.000     0.1184E-02-0.1282E-02  0.000      0.000      0.000      0.000       0.000       0.000       0.000       0.000       0.000       0.000    
   147600.   12.39911124   12.5078   0.000       0.000      0.9513E-04   0.000     0.1254E-02-0.1349E-02  0.000      0.000      0.000      0.000       0.000       0.000       0.000       0.000       0.000       0.000    
   151200.   12.39806184   12.5035   0.000       0.000      0.9225E-04   0.000     0.1308E-02-0.1400E-02  0.000      0.000      0.000      0.000       0.000       0.000       0.000       0.000       0.000       0.000    
   154800.   12.39738788   12.4994   0.000       0.000      0.8924E-04   0.000     0.1353E-02-0.1442E-02  0.000      0.000      0.000      0.000       0.000       0.000       0.000       0.000       0.000       0.000    
   158400.   12.41094395   12.4967   0.000       0.000      0.7500E-04   0.000     0.1627E-02-0.1702E-02  0.000      0.000      0.000      0.000       0.000       0.000       0.000       0.000       0.000       0.000    
   162000.   12.46949348   12.4989   0.000       0.000      0.2571E-04   0.000     0.2575E-02-0.2600E-02  0.000      0.000      0.000      0.000       0.000       0.000       0.000       0.000       0.000       0.000    
   165600.   12.46648304   12.5004   0.000       0.000      0.2967E-04   0.000     0.2280E-02-0.2310E-02  0.000      0.000      0.000      0.000       0.000       0.000       0.000       0.000       0.000       0.000    
   169200.   12.41987642   12.4979   0.000       0.000      0.6828E-04   0.000     0.1416E-02-0.1485E-02  0.000      0.000      0.000      0.000       0.000       0.000       0.000       0.000       0.000       0.000    
   172800.   12.40587149   12.4947   0.000       0.000      0.7768E-04   0.000     0.1348E-02-0.1426E-02  0.000      0.000      0.000      0.000       0.000       0.000       0.000       0.000       0.000       0.000    
