TOTIM (T)      HCON          HMAT      QDIR      QWELL        QMAT       QCADS      QTUB1      QTUB2      QTUB3      QTUB4      QTUB5      QTUB6       NSTOR        QFIX        QLH     FHLQ (LQ)        CAUCHY   CAUCHY (LQ)
     3600.   12.36082537   12.3747   0.000       0.000      0.1218E-04   0.000     0.3667E-02-0.9762E-03-0.2703E-02  0.000      0.000      0.000       0.000       0.000       0.000       0.000       0.000       0.000    
     7200.   12.34684083   12.3736   0.000       0.000      0.2342E-04   0.000     0.3391E-02-0.9129E-03-0.2501E-02  0.000      0.000      0.000       0.000       0.000       0.000       0.000       0.000       0.000    
    10800.   12.34432472   12.3724   0.000       0.000      0.2456E-04   0.000     0.3447E-02-0.9278E-03-0.2544E-02  0.000      0.000      0.000       0.000       0.000       0.000       0.000       0.000       0.000    
    14400.   12.34314810   12.3712   0.000       0.000      0.2454E-04   0.000     0.3481E-02-0.9366E-03-0.2569E-02  0.000      0.000      0.000       0.000       0.000       0.000       0.000       0.000       0.000    
    18000.   12.34240848   12.3700   0.000       0.000      0.2415E-04   0.000     0.3500E-02-0.9412E-03-0.2583E-02  0.000      0.000      0.000       0.000       0.000       0.000       0.000       0.000       0.000    
    21600.   12.34186059   12.3689   0.000       0.000      0.2363E-04   0.000     0.3511E-02-0.9437E-03-0.2591E-02  0.000      0.000      0.000       0.000       0.000       0.000       0.000       0.000       0.000    
    25200.   12.34139993   12.3678   0.000       0.000      0.2307E-04   0.000     0.3519E-02-0.9453E-03-0.2596E-02  0.000      0.000      0.000       0.000       0.000       0.000       0.000       0.000       0.000    
    28800.   12.34100694   12.3667   0.000       0.000      0.2249E-04   0.000     0.3523E-02-0.9462E-03-0.2600E-02  0.000      0.000      0.000       0.000       0.000       0.000       0.000       0.000       0.000    
    32400.   12.34062142   12.3657   0.000       0.000      0.2194E-04   0.000     0.3527E-02-0.9469E-03-0.2602E-02  0.000      0.000      0.000       0.000       0.000       0.000       0.000       0.000       0.000    
    36000.   12.34023910   12.3647   0.000       0.000      0.2142E-04   0.000     0.3531E-02-0.9476E-03-0.2605E-02  0.000      0.000      0.000       0.000       0.000       0.000       0.000       0.000       0.000    
    39600.   12.33985848   12.3638   0.000       0.000      0.2092E-04   0.000     0.3534E-02-0.9481E-03-0.2607E-02  0.000      0.000      0.000       0.000       0.000       0.000       0.000       0.000       0.000    
    43200.   12.35351439   12.3640   0.000       0.000      0.9181E-05   0.000     0.3812E-02-0.1011E-02-0.2810E-02  0.000      0.000      0.000       0.000       0.000       0.000       0.000       0.000       0.000    
    46800.   12.35568108   12.3643   0.000       0.000      0.7582E-05   0.000     0.3758E-02-0.9967E-03-0.2769E-02  0.000      0.000      0.000       0.000       0.000       0.000       0.000       0.000       0.000    
    50400.   12.34245001   12.3636   0.000       0.000      0.1847E-04   0.000     0.3451E-02-0.9256E-03-0.2544E-02  0.000      0.000      0.000       0.000       0.000       0.000       0.000       0.000       0.000    
    54000.   12.35433362   12.3638   0.000       0.000      0.8322E-05   0.000     0.3766E-02-0.9990E-03-0.2776E-02  0.000      0.000      0.000       0.000       0.000       0.000       0.000       0.000       0.000    
    57600.   12.39109649   12.3671   0.000       0.000     -0.2099E-04   0.000     0.4416E-02-0.1146E-02-0.3249E-02  0.000      0.000      0.000       0.000       0.000       0.000       0.000       0.000       0.000    
    61200.   12.50383904   12.3793   0.000       0.000     -0.1090E-03   0.000     0.6233E-02-0.1039E-02-0.5085E-02  0.000      0.000      0.000       0.000       0.000       0.000       0.000       0.000       0.000    
    64800.   12.49817665   12.3896   0.000       0.000     -0.9498E-04   0.000     0.5161E-02-0.8626E-03-0.4204E-02  0.000      0.000      0.000       0.000       0.000       0.000       0.000       0.000       0.000    
    68400.   12.49716662   12.3991   0.000       0.000     -0.8579E-04   0.000     0.4831E-02-0.8100E-03-0.3935E-02  0.000      0.000      0.000       0.000       0.000       0.000       0.000       0.000       0.000    
    72000.   12.46539155   12.4054   0.000       0.000     -0.5253E-04   0.000     0.4076E-02-0.6973E-03-0.3326E-02  0.000      0.000      0.000       0.000       0.000       0.000       0.000       0.000       0.000    
    75600.   12.43410024   12.4088   0.000       0.000     -0.2218E-04   0.000     0.3624E-02-0.6352E-03-0.2966E-02  0.000      0.000      0.000       0.000       0.000       0.000       0.000       0.000       0.000    
    79200.   12.51364836   12.4187   0.000       0.000     -0.8310E-04   0.000     0.5418E-02-0.9112E-03-0.4423E-02  0.000      0.000      0.000       0.000       0.000       0.000       0.000       0.000       0.000    
    82800.   12.52772420   12.4288   0.000       0.000     -0.8658E-04   0.000     0.5155E-02-0.8649E-03-0.4203E-02  0.000      0.000      0.000       0.000       0.000       0.000       0.000       0.000       0.000    
    86400.   12.54218163   12.4393   0.000       0.000     -0.9004E-04   0.000     0.5119E-02-0.8568E-03-0.4172E-02  0.000      0.000      0.000       0.000       0.000       0.000       0.000       0.000       0.000    
    90000.   12.62622337   12.4559   0.000       0.000     -0.1490E-03   0.000     0.6493E-02-0.1063E-02-0.5281E-02  0.000      0.000      0.000       0.000       0.000       0.000       0.000       0.000       0.000    
    93600.   12.82133943   12.4872   0.000       0.000     -0.2924E-03   0.000     0.9513E-02-0.1513E-02-0.7708E-02  0.000      0.000      0.000       0.000       0.000       0.000       0.000       0.000       0.000    
    97200.   12.75138688   12.5097   0.000       0.000     -0.2115E-03   0.000     0.6372E-02-0.1013E-02-0.5148E-02  0.000      0.000      0.000       0.000       0.000       0.000       0.000       0.000       0.000    
   100800.   12.59916163   12.5182   0.000       0.000     -0.7084E-04   0.000     0.3205E-02-0.1239E-02-0.1895E-02  0.000      0.000      0.000       0.000       0.000       0.000       0.000       0.000       0.000    
   104400.   12.52820991   12.5210   0.000       0.000     -0.6265E-05   0.000     0.2821E-02-0.1072E-02-0.1743E-02  0.000      0.000      0.000       0.000       0.000       0.000       0.000       0.000       0.000    
   108000.   12.50602365   12.5224   0.000       0.000      0.1431E-04   0.000     0.3178E-02-0.1277E-02-0.1916E-02  0.000      0.000      0.000       0.000       0.000       0.000       0.000       0.000       0.000    
   111600.   12.47141542   12.5210   0.000       0.000      0.4337E-04   0.000     0.2947E-02-0.1176E-02-0.1814E-02  0.000      0.000      0.000       0.000       0.000       0.000       0.000       0.000       0.000    
   115200.   12.44329505   12.5176   0.000       0.000      0.6498E-04   0.000     0.2810E-02-0.1121E-02-0.1753E-02  0.000      0.000      0.000       0.000       0.000       0.000       0.000       0.000       0.000    
   118800.   12.42300175   12.5129   0.000       0.000      0.7863E-04   0.000     0.2772E-02-0.1112E-02-0.1739E-02  0.000      0.000      0.000       0.000       0.000       0.000       0.000       0.000       0.000    
   122400.   12.43214599   12.5093   0.000       0.000      0.6755E-04   0.000     0.3201E-02-0.1331E-02-0.1938E-02  0.000      0.000      0.000       0.000       0.000       0.000       0.000       0.000       0.000    
   126000.   12.41145949   12.5043   0.000       0.000      0.8126E-04   0.000     0.2876E-02-0.1169E-02-0.1789E-02  0.000      0.000      0.000       0.000       0.000       0.000       0.000       0.000       0.000    
   129600.   12.46422757   12.5041   0.000       0.000      0.3486E-04   0.000     0.3990E-02-0.1747E-02-0.2278E-02  0.000      0.000      0.000       0.000       0.000       0.000       0.000       0.000       0.000    
   133200.   12.43773757   12.5014   0.000       0.000      0.5569E-04   0.000     0.3231E-02-0.1338E-02-0.1948E-02  0.000      0.000      0.000       0.000       0.000       0.000       0.000       0.000       0.000    
   136800.   12.42839109   12.4982   0.000       0.000      0.6106E-04   0.000     0.3160E-02-0.1303E-02-0.1917E-02  0.000      0.000      0.000       0.000       0.000       0.000       0.000       0.000       0.000    
   140400.   12.40547735   12.4933   0.000       0.000      0.7686E-04   0.000     0.2858E-02-0.1156E-02-0.1779E-02  0.000      0.000      0.000       0.000       0.000       0.000       0.000       0.000       0.000    
   144000.   12.40107104   12.4885   0.000       0.000      0.7651E-04   0.000     0.2987E-02-0.1223E-02-0.1840E-02  0.000      0.000      0.000       0.000       0.000       0.000       0.000       0.000       0.000    
   147600.   12.39911071   12.4839   0.000       0.000      0.7417E-04   0.000     0.3068E-02-0.1265E-02-0.1878E-02  0.000      0.000      0.000       0.000       0.000       0.000       0.000       0.000       0.000    
   151200.   12.39806130   12.4795   0.000       0.000      0.7123E-04   0.000     0.3118E-02-0.1289E-02-0.1900E-02  0.000      0.000      0.000       0.000       0.000       0.000       0.000       0.000       0.000    
   154800.   12.39738733   12.4753   0.000       0.000      0.6816E-04   0.000     0.3154E-02-0.1306E-02-0.1916E-02  0.000      0.000      0.000       0.000       0.000       0.000       0.000       0.000       0.000    
   158400.   12.41094334   12.4725   0.000       0.000      0.5384E-04   0.000     0.3434E-02-0.1448E-02-0.2040E-02  0.000      0.000      0.000       0.000       0.000       0.000       0.000       0.000       0.000    
   162000.   12.46949266   12.4746   0.000       0.000      0.4467E-05   0.000     0.4400E-02-0.1963E-02-0.2441E-02  0.000      0.000      0.000       0.000       0.000       0.000       0.000       0.000       0.000    
   165600.   12.46648232   12.4760   0.000       0.000      0.8354E-05   0.000     0.3931E-02-0.1693E-02-0.2246E-02  0.000      0.000      0.000       0.000       0.000       0.000       0.000       0.000       0.000    
   169200.   12.41987589   12.4735   0.000       0.000      0.4689E-04   0.000     0.2980E-02-0.1197E-02-0.1830E-02  0.000      0.000      0.000       0.000       0.000       0.000       0.000       0.000       0.000    
   172800.   12.40587096   12.4701   0.000       0.000      0.5620E-04   0.000     0.3009E-02-0.1219E-02-0.1846E-02  0.000      0.000      0.000       0.000       0.000       0.000       0.000       0.000       0.000    
