TOTIM (T)      HCON          HMAT      QDIR      QWELL        QMAT       QCADS      QTUB1      QTUB2      QTUB3      QTUB4      QTUB5      QTUB6       NSTOR        QFIX        QLH     FHLQ (LQ)        CAUCHY   CAUCHY (LQ)
     3600.   12.36082659   12.0102  0.5691E-03   0.000     -0.3068E-03   0.000    -0.2623E-03  0.000      0.000      0.000      0.000      0.000       0.000       0.000       0.000       0.000       0.000       0.000    
     7200.   12.34684182   12.0427   0.000       0.000     -0.2661E-03  0.1967E-04 0.2465E-03  0.000      0.000      0.000      0.000      0.000       0.000       0.000       0.000       0.000       0.000       0.000    
    10800.   12.34432573   12.0726   0.000       0.000     -0.2377E-03  0.3538E-05 0.2342E-03  0.000      0.000      0.000      0.000      0.000       0.000       0.000       0.000       0.000       0.000       0.000    
    14400.   12.34314913   12.1002   0.000       0.000     -0.2126E-03  0.1655E-05 0.2109E-03  0.000      0.000      0.000      0.000      0.000       0.000       0.000       0.000       0.000       0.000       0.000    
    18000.   12.34240952   12.1257   0.000       0.000     -0.1897E-03  0.1040E-05 0.1886E-03  0.000      0.000      0.000      0.000      0.000       0.000       0.000       0.000       0.000       0.000       0.000    
    21600.   12.34186163   12.1492   0.000       0.000     -0.1686E-03  0.7705E-06 0.1679E-03  0.000      0.000      0.000      0.000      0.000       0.000       0.000       0.000       0.000       0.000       0.000    
    25200.   12.34140098   12.1708   0.000       0.000     -0.1492E-03  0.6478E-06 0.1486E-03  0.000      0.000      0.000      0.000      0.000       0.000       0.000       0.000       0.000       0.000       0.000    
    28800.   12.34100800   12.1909   0.000       0.000     -0.1314E-03  0.5526E-06 0.1308E-03  0.000      0.000      0.000      0.000      0.000       0.000       0.000       0.000       0.000       0.000       0.000    
    32400.   12.34062249   12.2093   0.000       0.000     -0.1149E-03  0.5421E-06 0.1143E-03  0.000      0.000      0.000      0.000      0.000       0.000       0.000       0.000       0.000       0.000       0.000    
    36000.   12.34024017   12.2264   0.000       0.000     -0.9959E-04  0.5376E-06 0.9905E-04  0.000      0.000      0.000      0.000      0.000       0.000       0.000       0.000       0.000       0.000       0.000    
    39600.   12.33985956   12.2422   0.000       0.000     -0.8546E-04  0.5352E-06 0.8492E-04  0.000      0.000      0.000      0.000      0.000       0.000       0.000       0.000       0.000       0.000       0.000    
    43200.   12.35351570   12.2243  0.5691E-03   0.000     -0.1131E-03 -0.1920E-04-0.4368E-03  0.000      0.000      0.000      0.000      0.000       0.000       0.000       0.000       0.000       0.000       0.000    
    46800.   12.35568237   12.2078  0.5691E-03   0.000     -0.1294E-03 -0.3047E-05-0.4367E-03  0.000      0.000      0.000      0.000      0.000       0.000       0.000       0.000       0.000       0.000       0.000    
    50400.   12.34245107   12.2252   0.000       0.000     -0.1026E-03  0.1861E-04 0.8398E-04  0.000      0.000      0.000      0.000      0.000       0.000       0.000       0.000       0.000       0.000       0.000    
    54000.   12.35433492   12.2087  0.5691E-03   0.000     -0.1275E-03 -0.1671E-04-0.4250E-03  0.000      0.000      0.000      0.000      0.000       0.000       0.000       0.000       0.000       0.000       0.000    
    57600.   12.39109834   12.1122  0.1992E-02   0.000     -0.2440E-03 -0.5170E-04-0.1696E-02  0.000      0.000      0.000      0.000      0.000       0.000       0.000       0.000       0.000       0.000       0.000    
    61200.   12.50384331   11.7796  0.6260E-02   0.000     -0.6337E-03 -0.1585E-03-0.5468E-02  0.000      0.000      0.000      0.000      0.000       0.000       0.000       0.000       0.000       0.000       0.000    
    64800.   12.49818002   11.5383  0.5122E-02   0.000     -0.8399E-03  0.7964E-05-0.4290E-02  0.000      0.000      0.000      0.000      0.000       0.000       0.000       0.000       0.000       0.000       0.000    
    68400.   12.49716970   11.3317  0.4838E-02   0.000     -0.1020E-02  0.1421E-05-0.3819E-02  0.000      0.000      0.000      0.000      0.000       0.000       0.000       0.000       0.000       0.000       0.000    
    72000.   12.46539385   11.2219  0.3415E-02   0.000     -0.1088E-02  0.4468E-04-0.2371E-02  0.000      0.000      0.000      0.000      0.000       0.000       0.000       0.000       0.000       0.000       0.000    
    75600.   12.43410201   11.1853  0.2277E-02   0.000     -0.1093E-02  0.4400E-04-0.1228E-02  0.000      0.000      0.000      0.000      0.000       0.000       0.000       0.000       0.000       0.000       0.000    
    79200.   12.51365183   10.9555  0.5691E-02   0.000     -0.1363E-02 -0.1119E-03-0.4216E-02  0.000      0.000      0.000      0.000      0.000       0.000       0.000       0.000       0.000       0.000       0.000    
    82800.   12.52772751   10.7432  0.5691E-02   0.000     -0.1561E-02 -0.1979E-04-0.4110E-02  0.000      0.000      0.000      0.000      0.000       0.000       0.000       0.000       0.000       0.000       0.000    
    86400.   12.54218495   10.5305  0.5976E-02   0.000     -0.1760E-02 -0.2033E-04-0.4195E-02  0.000      0.000      0.000      0.000      0.000       0.000       0.000       0.000       0.000       0.000       0.000    
    90000.   12.62622819   10.1538  0.9106E-02   0.000     -0.2163E-02 -0.1182E-03-0.6825E-02  0.000      0.000      0.000      0.000      0.000       0.000       0.000       0.000       0.000       0.000       0.000    
    93600.   12.82140804    9.3960  0.1622E-01   0.000     -0.2997E-02 -0.2745E-03-0.1295E-01  0.000      0.000      0.000      0.000      0.000       0.000       0.000       0.000       0.000       0.000       0.000    
    97200.   12.75141817    8.9548  0.1167E-01   0.000     -0.3322E-02  0.9842E-04-0.8444E-02  0.000      0.000      0.000      0.000      0.000       0.000       0.000       0.000       0.000       0.000       0.000    
   100800.   12.59916661    8.9043  0.5407E-02   0.000     -0.3233E-02  0.2141E-03-0.2388E-02  0.000      0.000      0.000      0.000      0.000       0.000       0.000       0.000       0.000       0.000       0.000    
   104400.   12.52821102    8.9706  0.3415E-02   0.000     -0.3113E-02  0.9978E-04-0.4017E-03  0.000      0.000      0.000      0.000      0.000       0.000       0.000       0.000       0.000       0.000       0.000    
   108000.   12.50602475    9.0477  0.3130E-02   0.000     -0.3026E-02  0.3120E-04-0.1354E-03  0.000      0.000      0.000      0.000      0.000       0.000       0.000       0.000       0.000       0.000       0.000    
   111600.   12.47141612    9.1844  0.1992E-02   0.000     -0.2876E-02  0.4867E-04 0.8355E-03  0.000      0.000      0.000      0.000      0.000       0.000       0.000       0.000       0.000       0.000       0.000    
   115200.   12.44329549    9.3602  0.1138E-02   0.000     -0.2698E-02  0.3954E-04 0.1520E-02  0.000      0.000      0.000      0.000      0.000       0.000       0.000       0.000       0.000       0.000       0.000    
   118800.   12.42300206    9.5559  0.5691E-03   0.000     -0.2509E-02  0.2854E-04 0.1911E-02  0.000      0.000      0.000      0.000      0.000       0.000       0.000       0.000       0.000       0.000       0.000    
   122400.   12.43214661    9.7046  0.1138E-02   0.000     -0.2387E-02 -0.1286E-04 0.1261E-02  0.000      0.000      0.000      0.000      0.000       0.000       0.000       0.000       0.000       0.000       0.000    
   126000.   12.41145982    9.8916  0.2846E-03   0.000     -0.2205E-02  0.2909E-04 0.1891E-02  0.000      0.000      0.000      0.000      0.000       0.000       0.000       0.000       0.000       0.000       0.000    
   129600.   12.46422887    9.9343  0.2561E-02   0.000     -0.2214E-02 -0.7421E-04-0.2732E-03  0.000      0.000      0.000      0.000      0.000       0.000       0.000       0.000       0.000       0.000       0.000    
   133200.   12.43773830   10.0559  0.1138E-02   0.000     -0.2084E-02  0.3725E-04 0.9086E-03  0.000      0.000      0.000      0.000      0.000       0.000       0.000       0.000       0.000       0.000       0.000    
   136800.   12.42839175   10.1849  0.8537E-03   0.000     -0.1963E-02  0.1314E-04 0.1096E-02  0.000      0.000      0.000      0.000      0.000       0.000       0.000       0.000       0.000       0.000       0.000    
   140400.   12.40547772   10.3534   0.000       0.000     -0.1796E-02  0.3222E-04 0.1763E-02  0.000      0.000      0.000      0.000      0.000       0.000       0.000       0.000       0.000       0.000       0.000    
   144000.   12.40107148   10.5093   0.000       0.000     -0.1655E-02  0.6196E-05 0.1649E-02  0.000      0.000      0.000      0.000      0.000       0.000       0.000       0.000       0.000       0.000       0.000    
   147600.   12.39911121   10.6537   0.000       0.000     -0.1527E-02  0.2757E-05 0.1524E-02  0.000      0.000      0.000      0.000      0.000       0.000       0.000       0.000       0.000       0.000       0.000    
   151200.   12.39806184   10.7874   0.000       0.000     -0.1409E-02  0.1476E-05 0.1408E-02  0.000      0.000      0.000      0.000      0.000       0.000       0.000       0.000       0.000       0.000       0.000    
   154800.   12.39738792   10.9112   0.000       0.000     -0.1300E-02  0.9477E-06 0.1299E-02  0.000      0.000      0.000      0.000      0.000       0.000       0.000       0.000       0.000       0.000       0.000    
   158400.   12.41094420   10.9932  0.5691E-03   0.000     -0.1240E-02 -0.1906E-04 0.6904E-03  0.000      0.000      0.000      0.000      0.000       0.000       0.000       0.000       0.000       0.000       0.000    
   162000.   12.46949443   10.9390  0.2846E-02   0.000     -0.1339E-02 -0.8234E-04-0.1424E-02  0.000      0.000      0.000      0.000      0.000       0.000       0.000       0.000       0.000       0.000       0.000    
   165600.   12.46648381   10.9219  0.2277E-02   0.000     -0.1352E-02  0.4234E-05-0.9292E-03  0.000      0.000      0.000      0.000      0.000       0.000       0.000       0.000       0.000       0.000       0.000    
   169200.   12.41987657   11.0202  0.2846E-03   0.000     -0.1225E-02  0.6554E-04 0.8746E-03  0.000      0.000      0.000      0.000      0.000       0.000       0.000       0.000       0.000       0.000       0.000    
   172800.   12.40587158   11.1272   0.000       0.000     -0.1119E-02  0.1969E-04 0.1099E-02  0.000      0.000      0.000      0.000      0.000       0.000       0.000       0.000       0.000       0.000       0.000    
