TOTIM (T)      HCON          HMAT      QDIR      QWELL        QMAT       QCADS      QTUB1      QTUB2      QTUB3      QTUB4      QTUB5      QTUB6       NSTOR        QFIX        QLH     FHLQ (LQ)        CAUCHY   CAUCHY (LQ)
     3600.   12.36082643   12.4323   0.000       0.000      0.6250E-04   0.000     0.1554E-02-0.1616E-02  0.000      0.000      0.000      0.000       0.000       0.000       0.000       0.000       0.000       0.000    
     7200.   12.34684177   12.4311   0.000       0.000      0.7374E-04   0.000     0.1218E-02-0.1292E-02  0.000      0.000      0.000      0.000       0.000       0.000       0.000       0.000       0.000       0.000    
    10800.   12.34432567   12.4299   0.000       0.000      0.7489E-04   0.000     0.1226E-02-0.1301E-02  0.000      0.000      0.000      0.000       0.000       0.000       0.000       0.000       0.000       0.000    
    14400.   12.34314907   12.4287   0.000       0.000      0.7488E-04   0.000     0.1247E-02-0.1321E-02  0.000      0.000      0.000      0.000       0.000       0.000       0.000       0.000       0.000       0.000    
    18000.   12.34240945   12.4276   0.000       0.000      0.7451E-04   0.000     0.1264E-02-0.1339E-02  0.000      0.000      0.000      0.000       0.000       0.000       0.000       0.000       0.000       0.000    
    21600.   12.34186156   12.4264   0.000       0.000      0.7401E-04   0.000     0.1279E-02-0.1353E-02  0.000      0.000      0.000      0.000       0.000       0.000       0.000       0.000       0.000       0.000    
    25200.   12.34140091   12.4254   0.000       0.000      0.7347E-04   0.000     0.1293E-02-0.1366E-02  0.000      0.000      0.000      0.000       0.000       0.000       0.000       0.000       0.000       0.000    
    28800.   12.34100792   12.4243   0.000       0.000      0.7291E-04   0.000     0.1305E-02-0.1377E-02  0.000      0.000      0.000      0.000       0.000       0.000       0.000       0.000       0.000       0.000    
    32400.   12.34062241   12.4233   0.000       0.000      0.7238E-04   0.000     0.1316E-02-0.1388E-02  0.000      0.000      0.000      0.000       0.000       0.000       0.000       0.000       0.000       0.000    
    36000.   12.34024009   12.4224   0.000       0.000      0.7188E-04   0.000     0.1326E-02-0.1398E-02  0.000      0.000      0.000      0.000       0.000       0.000       0.000       0.000       0.000       0.000    
    39600.   12.33985947   12.4215   0.000       0.000      0.7141E-04   0.000     0.1336E-02-0.1408E-02  0.000      0.000      0.000      0.000       0.000       0.000       0.000       0.000       0.000       0.000    
    43200.   12.35351550   12.4217   0.000       0.000      0.5969E-04   0.000     0.1681E-02-0.1741E-02  0.000      0.000      0.000      0.000       0.000       0.000       0.000       0.000       0.000       0.000    
    46800.   12.35568218   12.4221   0.000       0.000      0.5811E-04   0.000     0.1681E-02-0.1740E-02  0.000      0.000      0.000      0.000       0.000       0.000       0.000       0.000       0.000       0.000    
    50400.   12.34245099   12.4213   0.000       0.000      0.6901E-04   0.000     0.1333E-02-0.1402E-02  0.000      0.000      0.000      0.000       0.000       0.000       0.000       0.000       0.000       0.000    
    54000.   12.35433472   12.4216   0.000       0.000      0.5888E-04   0.000     0.1667E-02-0.1726E-02  0.000      0.000      0.000      0.000       0.000       0.000       0.000       0.000       0.000       0.000    
    57600.   12.39109787   12.4249   0.000       0.000      0.2957E-04   0.000     0.2508E-02-0.2538E-02  0.000      0.000      0.000      0.000       0.000       0.000       0.000       0.000       0.000       0.000    
    61200.   12.50384202   12.4370   0.000       0.000     -0.5847E-04   0.000     0.4987E-02-0.4929E-02  0.000      0.000      0.000      0.000       0.000       0.000       0.000       0.000       0.000       0.000    
    64800.   12.49817902   12.4473   0.000       0.000     -0.4453E-04   0.000     0.4197E-02-0.4153E-02  0.000      0.000      0.000      0.000       0.000       0.000       0.000       0.000       0.000       0.000    
    68400.   12.49716878   12.4567   0.000       0.000     -0.3544E-04   0.000     0.3838E-02-0.3802E-02  0.000      0.000      0.000      0.000       0.000       0.000       0.000       0.000       0.000       0.000    
    72000.   12.46539325   12.4628   0.000       0.000     -0.2295E-05   0.000     0.2873E-02-0.2870E-02  0.000      0.000      0.000      0.000       0.000       0.000       0.000       0.000       0.000       0.000    
    75600.   12.43410164   12.4660   0.000       0.000      0.2794E-04   0.000     0.2117E-02-0.2145E-02  0.000      0.000      0.000      0.000       0.000       0.000       0.000       0.000       0.000       0.000    
    79200.   12.51365080   12.4758   0.000       0.000     -0.3313E-04   0.000     0.4095E-02-0.4062E-02  0.000      0.000      0.000      0.000       0.000       0.000       0.000       0.000       0.000       0.000    
    82800.   12.52772653   12.4857   0.000       0.000     -0.3678E-04   0.000     0.4041E-02-0.4004E-02  0.000      0.000      0.000      0.000       0.000       0.000       0.000       0.000       0.000       0.000    
    86400.   12.54218395   12.4960   0.000       0.000     -0.4042E-04   0.000     0.4069E-02-0.4029E-02  0.000      0.000      0.000      0.000       0.000       0.000       0.000       0.000       0.000       0.000    
    90000.   12.62622661   12.5124   0.000       0.000     -0.9961E-04   0.000     0.5785E-02-0.5686E-02  0.000      0.000      0.000      0.000       0.000       0.000       0.000       0.000       0.000       0.000    
    93600.   12.82136203   12.5433   0.000       0.000     -0.2433E-03   0.000     0.9806E-02-0.9563E-02  0.000      0.000      0.000      0.000       0.000       0.000       0.000       0.000       0.000       0.000    
    97200.   12.75139807   12.5653   0.000       0.000     -0.1628E-03   0.000     0.6807E-02-0.6644E-02  0.000      0.000      0.000      0.000       0.000       0.000       0.000       0.000       0.000       0.000    
   100800.   12.59916375   12.5735   0.000       0.000     -0.2249E-04   0.000     0.2732E-02-0.2709E-02  0.000      0.000      0.000      0.000       0.000       0.000       0.000       0.000       0.000       0.000    
   104400.   12.52821078   12.5759   0.000       0.000      0.4175E-04   0.000     0.1424E-02-0.1466E-02  0.000      0.000      0.000      0.000       0.000       0.000       0.000       0.000       0.000       0.000    
   108000.   12.50602457   12.5769   0.000       0.000      0.6201E-04   0.000     0.1308E-02-0.1370E-02  0.000      0.000      0.000      0.000       0.000       0.000       0.000       0.000       0.000       0.000    
   111600.   12.47141619   12.5752   0.000       0.000      0.9079E-04   0.000     0.7121E-03-0.8029E-03  0.000      0.000      0.000      0.000       0.000       0.000       0.000       0.000       0.000       0.000    
   115200.   12.44329571   12.5715   0.000       0.000      0.1122E-03   0.000     0.2795E-03-0.3916E-03  0.000      0.000      0.000      0.000       0.000       0.000       0.000       0.000       0.000       0.000    
   118800.   12.42300237   12.5666   0.000       0.000      0.1256E-03   0.000     0.3679E-04-0.1624E-03  0.000      0.000      0.000      0.000       0.000       0.000       0.000       0.000       0.000       0.000    
   122400.   12.43214677   12.5629   0.000       0.000      0.1144E-03   0.000     0.4757E-03-0.5902E-03  0.000      0.000      0.000      0.000       0.000       0.000       0.000       0.000       0.000       0.000    
   126000.   12.41146013   12.5578   0.000       0.000      0.1280E-03   0.000     0.6826E-04-0.1963E-03  0.000      0.000      0.000      0.000       0.000       0.000       0.000       0.000       0.000       0.000    
   129600.   12.46422869   12.5574   0.000       0.000      0.8151E-04   0.000     0.1488E-02-0.1569E-02  0.000      0.000      0.000      0.000       0.000       0.000       0.000       0.000       0.000       0.000    
   133200.   12.43773841   12.5546   0.000       0.000      0.1023E-03   0.000     0.7127E-03-0.8150E-03  0.000      0.000      0.000      0.000       0.000       0.000       0.000       0.000       0.000       0.000    
   136800.   12.42839188   12.5514   0.000       0.000      0.1076E-03   0.000     0.5659E-03-0.6735E-03  0.000      0.000      0.000      0.000       0.000       0.000       0.000       0.000       0.000       0.000    
   140400.   12.40547800   12.5465   0.000       0.000      0.1234E-03   0.000     0.1282E-03-0.2516E-03  0.000      0.000      0.000      0.000       0.000       0.000       0.000       0.000       0.000       0.000    
   144000.   12.40107173   12.5417   0.000       0.000      0.1231E-03   0.000     0.2054E-03-0.3285E-03  0.000      0.000      0.000      0.000       0.000       0.000       0.000       0.000       0.000       0.000    
   147600.   12.39911143   12.5371   0.000       0.000      0.1208E-03   0.000     0.2957E-03-0.4165E-03  0.000      0.000      0.000      0.000       0.000       0.000       0.000       0.000       0.000       0.000    
   151200.   12.39806204   12.5328   0.000       0.000      0.1179E-03   0.000     0.3753E-03-0.4932E-03  0.000      0.000      0.000      0.000       0.000       0.000       0.000       0.000       0.000       0.000    
   154800.   12.39738810   12.5287   0.000       0.000      0.1149E-03   0.000     0.4475E-03-0.5624E-03  0.000      0.000      0.000      0.000       0.000       0.000       0.000       0.000       0.000       0.000    
   158400.   12.41094424   12.5260   0.000       0.000      0.1007E-03   0.000     0.8491E-03-0.9498E-03  0.000      0.000      0.000      0.000       0.000       0.000       0.000       0.000       0.000       0.000    
   162000.   12.46949402   12.5282   0.000       0.000      0.5136E-04   0.000     0.2241E-02-0.2292E-02  0.000      0.000      0.000      0.000       0.000       0.000       0.000       0.000       0.000       0.000    
   165600.   12.46648352   12.5297   0.000       0.000      0.5533E-04   0.000     0.1911E-02-0.1966E-02  0.000      0.000      0.000      0.000       0.000       0.000       0.000       0.000       0.000       0.000    
   169200.   12.41987667   12.5272   0.000       0.000      0.9395E-04   0.000     0.6992E-03-0.7932E-03  0.000      0.000      0.000      0.000       0.000       0.000       0.000       0.000       0.000       0.000    
   172800.   12.40587172   12.5240   0.000       0.000      0.1034E-03   0.000     0.5466E-03-0.6500E-03  0.000      0.000      0.000      0.000       0.000       0.000       0.000       0.000       0.000       0.000    
