TOTIM (T)      HCON          HMAT      QDIR      QWELL        QMAT       QCADS      QTUB1      QTUB2      QTUB3      QTUB4      QTUB5      QTUB6       NSTOR        QFIX        QLH     FHLQ (LQ)        CAUCHY   CAUCHY (LQ)
     3600.   12.36082524   12.3657   0.000       0.000      0.4288E-05   0.000     0.2717E-02 0.4444E-02-0.7164E-02  0.000      0.000      0.000       0.000       0.000       0.000       0.000       0.000       0.000    
     7200.   12.34684071   12.3646   0.000       0.000      0.1552E-04   0.000     0.2526E-02 0.4114E-02-0.6655E-02  0.000      0.000      0.000       0.000       0.000       0.000       0.000       0.000       0.000    
    10800.   12.34432459   12.3634   0.000       0.000      0.1666E-04   0.000     0.2570E-02 0.4186E-02-0.6772E-02  0.000      0.000      0.000       0.000       0.000       0.000       0.000       0.000       0.000    
    14400.   12.34314797   12.3622   0.000       0.000      0.1664E-04   0.000     0.2595E-02 0.4227E-02-0.6839E-02  0.000      0.000      0.000       0.000       0.000       0.000       0.000       0.000       0.000    
    18000.   12.34240835   12.3610   0.000       0.000      0.1626E-04   0.000     0.2608E-02 0.4250E-02-0.6874E-02  0.000      0.000      0.000       0.000       0.000       0.000       0.000       0.000       0.000    
    21600.   12.34186046   12.3599   0.000       0.000      0.1574E-04   0.000     0.2616E-02 0.4263E-02-0.6894E-02  0.000      0.000      0.000       0.000       0.000       0.000       0.000       0.000       0.000    
    25200.   12.34139980   12.3588   0.000       0.000      0.1518E-04   0.000     0.2621E-02 0.4272E-02-0.6907E-02  0.000      0.000      0.000       0.000       0.000       0.000       0.000       0.000       0.000    
    28800.   12.34100681   12.3577   0.000       0.000      0.1460E-04   0.000     0.2623E-02 0.4277E-02-0.6915E-02  0.000      0.000      0.000       0.000       0.000       0.000       0.000       0.000       0.000    
    32400.   12.34062129   12.3567   0.000       0.000      0.1405E-04   0.000     0.2626E-02 0.4281E-02-0.6921E-02  0.000      0.000      0.000       0.000       0.000       0.000       0.000       0.000       0.000    
    36000.   12.34023897   12.3557   0.000       0.000      0.1353E-04   0.000     0.2628E-02 0.4285E-02-0.6926E-02  0.000      0.000      0.000       0.000       0.000       0.000       0.000       0.000       0.000    
    39600.   12.33985835   12.3548   0.000       0.000      0.1304E-04   0.000     0.2629E-02 0.4289E-02-0.6931E-02  0.000      0.000      0.000       0.000       0.000       0.000       0.000       0.000       0.000    
    43200.   12.35351425   12.3550   0.000       0.000      0.1300E-05   0.000     0.2821E-02 0.4619E-02-0.7441E-02  0.000      0.000      0.000       0.000       0.000       0.000       0.000       0.000       0.000    
    46800.   12.35568094   12.3553   0.000       0.000     -0.2958E-06   0.000     0.2777E-02 0.4549E-02-0.7326E-02  0.000      0.000      0.000       0.000       0.000       0.000       0.000       0.000       0.000    
    50400.   12.34244989   12.3546   0.000       0.000      0.1059E-04   0.000     0.2564E-02 0.4183E-02-0.6757E-02  0.000      0.000      0.000       0.000       0.000       0.000       0.000       0.000       0.000    
    54000.   12.35433349   12.3548   0.000       0.000      0.4500E-06   0.000     0.2785E-02 0.4562E-02-0.7348E-02  0.000      0.000      0.000       0.000       0.000       0.000       0.000       0.000       0.000    
    57600.   12.39109633   12.3581   0.000       0.000     -0.2886E-04   0.000     0.3230E-02 0.5333E-02-0.8534E-02  0.000      0.000      0.000       0.000       0.000       0.000       0.000       0.000       0.000    
    61200.   12.50383781   12.3703   0.000       0.000     -0.1169E-03   0.000     0.4977E-02 0.7091E-02-0.1195E-01  0.000      0.000      0.000       0.000       0.000       0.000       0.000       0.000       0.000    
    64800.   12.49817580   12.3806   0.000       0.000     -0.1028E-03   0.000     0.4110E-02 0.5854E-02-0.9861E-02  0.000      0.000      0.000       0.000       0.000       0.000       0.000       0.000       0.000    
    68400.   12.49716587   12.3901   0.000       0.000     -0.9366E-04   0.000     0.3850E-02 0.5480E-02-0.9236E-02  0.000      0.000      0.000       0.000       0.000       0.000       0.000       0.000       0.000    
    72000.   12.46539100   12.3964   0.000       0.000     -0.6040E-04   0.000     0.3274E-02 0.4640E-02-0.7854E-02  0.000      0.000      0.000       0.000       0.000       0.000       0.000       0.000       0.000    
    75600.   12.43409980   12.3998   0.000       0.000     -0.3005E-04   0.000     0.2945E-02 0.4152E-02-0.7067E-02  0.000      0.000      0.000       0.000       0.000       0.000       0.000       0.000       0.000    
    79200.   12.51364742   12.4097   0.000       0.000     -0.9099E-04   0.000     0.4341E-02 0.6173E-02-0.1042E-01  0.000      0.000      0.000       0.000       0.000       0.000       0.000       0.000       0.000    
    82800.   12.52772334   12.4197   0.000       0.000     -0.9448E-04   0.000     0.4117E-02 0.5859E-02-0.9881E-02  0.000      0.000      0.000       0.000       0.000       0.000       0.000       0.000       0.000    
    86400.   12.54218079   12.4302   0.000       0.000     -0.9795E-04   0.000     0.4082E-02 0.5812E-02-0.9797E-02  0.000      0.000      0.000       0.000       0.000       0.000       0.000       0.000       0.000    
    90000.   12.62622205   12.4469   0.000       0.000     -0.1569E-03   0.000     0.5132E-02 0.7341E-02-0.1232E-01  0.000      0.000      0.000       0.000       0.000       0.000       0.000       0.000       0.000    
    93600.   12.82133669   12.4781   0.000       0.000     -0.3003E-03   0.000     0.7416E-02 0.1068E-01-0.1779E-01  0.000      0.000      0.000       0.000       0.000       0.000       0.000       0.000       0.000    
    97200.   12.75138564   12.5005   0.000       0.000     -0.2195E-03   0.000     0.4936E-02 0.7110E-02-0.1183E-01  0.000      0.000      0.000       0.000       0.000       0.000       0.000       0.000       0.000    
   100800.   12.59916149   12.5090   0.000       0.000     -0.7885E-04   0.000     0.1824E-02 0.4396E-02-0.6141E-02  0.000      0.000      0.000       0.000       0.000       0.000       0.000       0.000       0.000    
   104400.   12.52820979   12.5119   0.000       0.000     -0.1431E-04   0.000     0.1736E-02 0.3918E-02-0.5640E-02  0.000      0.000      0.000       0.000       0.000       0.000       0.000       0.000       0.000    
   108000.   12.50602350   12.5131   0.000       0.000      0.6225E-05   0.000     0.1929E-02 0.4543E-02-0.6478E-02  0.000      0.000      0.000       0.000       0.000       0.000       0.000       0.000       0.000    
   111600.   12.47141529   12.5117   0.000       0.000      0.3524E-04   0.000     0.1855E-02 0.4186E-02-0.6077E-02  0.000      0.000      0.000       0.000       0.000       0.000       0.000       0.000       0.000    
   115200.   12.44329492   12.5082   0.000       0.000      0.5681E-04   0.000     0.1817E-02 0.3986E-02-0.5860E-02  0.000      0.000      0.000       0.000       0.000       0.000       0.000       0.000       0.000    
   118800.   12.42300163   12.5035   0.000       0.000      0.7042E-04   0.000     0.1815E-02 0.3942E-02-0.5828E-02  0.000      0.000      0.000       0.000       0.000       0.000       0.000       0.000       0.000    
   122400.   12.43214585   12.4999   0.000       0.000      0.5929E-04   0.000     0.2003E-02 0.4647E-02-0.6710E-02  0.000      0.000      0.000       0.000       0.000       0.000       0.000       0.000       0.000    
   126000.   12.41145936   12.4948   0.000       0.000      0.7296E-04   0.000     0.1867E-02 0.4115E-02-0.6055E-02  0.000      0.000      0.000       0.000       0.000       0.000       0.000       0.000       0.000    
   129600.   12.46422737   12.4945   0.000       0.000      0.2651E-04   0.000     0.2311E-02 0.5967E-02-0.8304E-02  0.000      0.000      0.000       0.000       0.000       0.000       0.000       0.000       0.000    
   133200.   12.43773742   12.4918   0.000       0.000      0.4731E-04   0.000     0.2001E-02 0.4677E-02-0.6725E-02  0.000      0.000      0.000       0.000       0.000       0.000       0.000       0.000       0.000    
   136800.   12.42839094   12.4885   0.000       0.000      0.5264E-04   0.000     0.1976E-02 0.4568E-02-0.6596E-02  0.000      0.000      0.000       0.000       0.000       0.000       0.000       0.000       0.000    
   140400.   12.40547722   12.4836   0.000       0.000      0.6840E-04   0.000     0.1854E-02 0.4082E-02-0.6004E-02  0.000      0.000      0.000       0.000       0.000       0.000       0.000       0.000       0.000    
   144000.   12.40107091   12.4788   0.000       0.000      0.6802E-04   0.000     0.1914E-02 0.4297E-02-0.6279E-02  0.000      0.000      0.000       0.000       0.000       0.000       0.000       0.000       0.000    
   147600.   12.39911057   12.4741   0.000       0.000      0.6565E-04   0.000     0.1950E-02 0.4430E-02-0.6445E-02  0.000      0.000      0.000       0.000       0.000       0.000       0.000       0.000       0.000    
   151200.   12.39806116   12.4697   0.000       0.000      0.6268E-04   0.000     0.1969E-02 0.4510E-02-0.6542E-02  0.000      0.000      0.000       0.000       0.000       0.000       0.000       0.000       0.000    
   154800.   12.39738719   12.4655   0.000       0.000      0.5959E-04   0.000     0.1982E-02 0.4566E-02-0.6608E-02  0.000      0.000      0.000       0.000       0.000       0.000       0.000       0.000       0.000    
   158400.   12.41094318   12.4626   0.000       0.000      0.4524E-04   0.000     0.2092E-02 0.5024E-02-0.7161E-02  0.000      0.000      0.000       0.000       0.000       0.000       0.000       0.000       0.000    
   162000.   12.46949245   12.4648   0.000       0.000     -0.4148E-05   0.000     0.2444E-02 0.6647E-02-0.9087E-02  0.000      0.000      0.000       0.000       0.000       0.000       0.000       0.000       0.000    
   165600.   12.46648213   12.4662   0.000       0.000     -0.2762E-06   0.000     0.2253E-02 0.5821E-02-0.8073E-02  0.000      0.000      0.000       0.000       0.000       0.000       0.000       0.000       0.000    
   169200.   12.41987575   12.4636   0.000       0.000      0.3825E-04   0.000     0.1875E-02 0.4242E-02-0.6155E-02  0.000      0.000      0.000       0.000       0.000       0.000       0.000       0.000       0.000    
   172800.   12.40587083   12.4602   0.000       0.000      0.4754E-04   0.000     0.1901E-02 0.4308E-02-0.6256E-02  0.000      0.000      0.000       0.000       0.000       0.000       0.000       0.000       0.000    
