TOTIM (T)      HCON          HMAT      QDIR      QWELL        QMAT       QCADS      QTUB1      QTUB2      QTUB3      QTUB4      QTUB5      QTUB6       NSTOR        QFIX        QLH     FHLQ (LQ)        CAUCHY   CAUCHY (LQ)
     3600.   12.36082577   12.3860   0.000       0.000      0.2199E-04   0.000     0.2143E-02-0.2165E-02  0.000      0.000      0.000      0.000       0.000       0.000       0.000       0.000       0.000       0.000    
     7200.   12.34684120   12.3848   0.000       0.000      0.3323E-04   0.000     0.1964E-02-0.1998E-02  0.000      0.000      0.000      0.000       0.000       0.000       0.000       0.000       0.000       0.000    
    10800.   12.34432509   12.3836   0.000       0.000      0.3437E-04   0.000     0.1988E-02-0.2023E-02  0.000      0.000      0.000      0.000       0.000       0.000       0.000       0.000       0.000       0.000    
    14400.   12.34314848   12.3824   0.000       0.000      0.3436E-04   0.000     0.2009E-02-0.2043E-02  0.000      0.000      0.000      0.000       0.000       0.000       0.000       0.000       0.000       0.000    
    18000.   12.34240886   12.3813   0.000       0.000      0.3399E-04   0.000     0.2021E-02-0.2055E-02  0.000      0.000      0.000      0.000       0.000       0.000       0.000       0.000       0.000       0.000    
    21600.   12.34186097   12.3801   0.000       0.000      0.3349E-04   0.000     0.2029E-02-0.2063E-02  0.000      0.000      0.000      0.000       0.000       0.000       0.000       0.000       0.000       0.000    
    25200.   12.34140031   12.3791   0.000       0.000      0.3295E-04   0.000     0.2035E-02-0.2068E-02  0.000      0.000      0.000      0.000       0.000       0.000       0.000       0.000       0.000       0.000    
    28800.   12.34100732   12.3780   0.000       0.000      0.3239E-04   0.000     0.2039E-02-0.2072E-02  0.000      0.000      0.000      0.000       0.000       0.000       0.000       0.000       0.000       0.000    
    32400.   12.34062180   12.3770   0.000       0.000      0.3186E-04   0.000     0.2043E-02-0.2075E-02  0.000      0.000      0.000      0.000       0.000       0.000       0.000       0.000       0.000       0.000    
    36000.   12.34023948   12.3761   0.000       0.000      0.3136E-04   0.000     0.2047E-02-0.2078E-02  0.000      0.000      0.000      0.000       0.000       0.000       0.000       0.000       0.000       0.000    
    39600.   12.33985886   12.3752   0.000       0.000      0.3089E-04   0.000     0.2050E-02-0.2081E-02  0.000      0.000      0.000      0.000       0.000       0.000       0.000       0.000       0.000       0.000    
    43200.   12.35351480   12.3754   0.000       0.000      0.1917E-04   0.000     0.2231E-02-0.2250E-02  0.000      0.000      0.000      0.000       0.000       0.000       0.000       0.000       0.000       0.000    
    46800.   12.35568148   12.3758   0.000       0.000      0.1759E-04   0.000     0.2209E-02-0.2227E-02  0.000      0.000      0.000      0.000       0.000       0.000       0.000       0.000       0.000       0.000    
    50400.   12.34245039   12.3750   0.000       0.000      0.2849E-04   0.000     0.2014E-02-0.2042E-02  0.000      0.000      0.000      0.000       0.000       0.000       0.000       0.000       0.000       0.000    
    54000.   12.35433403   12.3753   0.000       0.000      0.1837E-04   0.000     0.2205E-02-0.2223E-02  0.000      0.000      0.000      0.000       0.000       0.000       0.000       0.000       0.000       0.000    
    57600.   12.39109696   12.3786   0.000       0.000     -0.1094E-04   0.000     0.2636E-02-0.2625E-02  0.000      0.000      0.000      0.000       0.000       0.000       0.000       0.000       0.000       0.000    
    61200.   12.50384048   12.3907   0.000       0.000     -0.9898E-04   0.000     0.3883E-02-0.3784E-02  0.000      0.000      0.000      0.000       0.000       0.000       0.000       0.000       0.000       0.000    
    64800.   12.49817772   12.4010   0.000       0.000     -0.8504E-04   0.000     0.3288E-02-0.3203E-02  0.000      0.000      0.000      0.000       0.000       0.000       0.000       0.000       0.000       0.000    
    68400.   12.49716759   12.4104   0.000       0.000     -0.7596E-04   0.000     0.3056E-02-0.2980E-02  0.000      0.000      0.000      0.000       0.000       0.000       0.000       0.000       0.000       0.000    
    72000.   12.46539230   12.4165   0.000       0.000     -0.4281E-04   0.000     0.2555E-02-0.2512E-02  0.000      0.000      0.000      0.000       0.000       0.000       0.000       0.000       0.000       0.000    
    75600.   12.43410087   12.4197   0.000       0.000     -0.1258E-04   0.000     0.2222E-02-0.2209E-02  0.000      0.000      0.000      0.000       0.000       0.000       0.000       0.000       0.000       0.000    
    79200.   12.51364951   12.4295   0.000       0.000     -0.7365E-04   0.000     0.3345E-02-0.3272E-02  0.000      0.000      0.000      0.000       0.000       0.000       0.000       0.000       0.000       0.000    
    82800.   12.52772526   12.4394   0.000       0.000     -0.7730E-04   0.000     0.3240E-02-0.3163E-02  0.000      0.000      0.000      0.000       0.000       0.000       0.000       0.000       0.000       0.000    
    86400.   12.54218268   12.4497   0.000       0.000     -0.8094E-04   0.000     0.3218E-02-0.3137E-02  0.000      0.000      0.000      0.000       0.000       0.000       0.000       0.000       0.000       0.000    
    90000.   12.62622491   12.4661   0.000       0.000     -0.1401E-03   0.000     0.4105E-02-0.3965E-02  0.000      0.000      0.000      0.000       0.000       0.000       0.000       0.000       0.000       0.000    
    93600.   12.82134339   12.4970   0.000       0.000     -0.2838E-03   0.000     0.6114E-02-0.5830E-02  0.000      0.000      0.000      0.000       0.000       0.000       0.000       0.000       0.000       0.000    
    97200.   12.75138882   12.5190   0.000       0.000     -0.2033E-03   0.000     0.4242E-02-0.4038E-02  0.000      0.000      0.000      0.000       0.000       0.000       0.000       0.000       0.000       0.000    
   100800.   12.59916215   12.5271   0.000       0.000     -0.6304E-04   0.000     0.2131E-02-0.2068E-02  0.000      0.000      0.000      0.000       0.000       0.000       0.000       0.000       0.000       0.000    
   104400.   12.52821022   12.5296   0.000       0.000      0.1198E-05   0.000     0.1723E-02-0.1724E-02  0.000      0.000      0.000      0.000       0.000       0.000       0.000       0.000       0.000       0.000    
   108000.   12.50602400   12.5305   0.000       0.000      0.2146E-04   0.000     0.1890E-02-0.1912E-02  0.000      0.000      0.000      0.000       0.000       0.000       0.000       0.000       0.000       0.000    
   111600.   12.47141575   12.5288   0.000       0.000      0.5024E-04   0.000     0.1698E-02-0.1748E-02  0.000      0.000      0.000      0.000       0.000       0.000       0.000       0.000       0.000       0.000    
   115200.   12.44329536   12.5251   0.000       0.000      0.7162E-04   0.000     0.1564E-02-0.1636E-02  0.000      0.000      0.000      0.000       0.000       0.000       0.000       0.000       0.000       0.000    
   118800.   12.42300206   12.5202   0.000       0.000      0.8507E-04   0.000     0.1510E-02-0.1595E-02  0.000      0.000      0.000      0.000       0.000       0.000       0.000       0.000       0.000       0.000    
   122400.   12.43214635   12.5165   0.000       0.000      0.7384E-04   0.000     0.1792E-02-0.1866E-02  0.000      0.000      0.000      0.000       0.000       0.000       0.000       0.000       0.000       0.000    
   126000.   12.41145981   12.5114   0.000       0.000      0.8743E-04   0.000     0.1575E-02-0.1662E-02  0.000      0.000      0.000      0.000       0.000       0.000       0.000       0.000       0.000       0.000    
   129600.   12.46422801   12.5110   0.000       0.000      0.4093E-04   0.000     0.2343E-02-0.2384E-02  0.000      0.000      0.000      0.000       0.000       0.000       0.000       0.000       0.000       0.000    
   133200.   12.43773793   12.5083   0.000       0.000      0.6170E-04   0.000     0.1859E-02-0.1921E-02  0.000      0.000      0.000      0.000       0.000       0.000       0.000       0.000       0.000       0.000    
   136800.   12.42839144   12.5050   0.000       0.000      0.6702E-04   0.000     0.1787E-02-0.1854E-02  0.000      0.000      0.000      0.000       0.000       0.000       0.000       0.000       0.000       0.000    
   140400.   12.40547767   12.5001   0.000       0.000      0.8280E-04   0.000     0.1570E-02-0.1653E-02  0.000      0.000      0.000      0.000       0.000       0.000       0.000       0.000       0.000       0.000    
   144000.   12.40107138   12.4953   0.000       0.000      0.8247E-04   0.000     0.1643E-02-0.1725E-02  0.000      0.000      0.000      0.000       0.000       0.000       0.000       0.000       0.000       0.000    
   147600.   12.39911106   12.4907   0.000       0.000      0.8017E-04   0.000     0.1701E-02-0.1781E-02  0.000      0.000      0.000      0.000       0.000       0.000       0.000       0.000       0.000       0.000    
   151200.   12.39806165   12.4864   0.000       0.000      0.7728E-04   0.000     0.1741E-02-0.1818E-02  0.000      0.000      0.000      0.000       0.000       0.000       0.000       0.000       0.000       0.000    
   154800.   12.39738768   12.4823   0.000       0.000      0.7429E-04   0.000     0.1771E-02-0.1845E-02  0.000      0.000      0.000      0.000       0.000       0.000       0.000       0.000       0.000       0.000    
   158400.   12.41094372   12.4796   0.000       0.000      0.6005E-04   0.000     0.1973E-02-0.2033E-02  0.000      0.000      0.000      0.000       0.000       0.000       0.000       0.000       0.000       0.000    
   162000.   12.46949315   12.4818   0.000       0.000      0.1076E-04   0.000     0.2675E-02-0.2686E-02  0.000      0.000      0.000      0.000       0.000       0.000       0.000       0.000       0.000       0.000    
   165600.   12.46648275   12.4833   0.000       0.000      0.1472E-04   0.000     0.2400E-02-0.2415E-02  0.000      0.000      0.000      0.000       0.000       0.000       0.000       0.000       0.000       0.000    
   169200.   12.41987622   12.4808   0.000       0.000      0.5334E-04   0.000     0.1730E-02-0.1783E-02  0.000      0.000      0.000      0.000       0.000       0.000       0.000       0.000       0.000       0.000    
   172800.   12.40587130   12.4776   0.000       0.000      0.6275E-04   0.000     0.1709E-02-0.1771E-02  0.000      0.000      0.000      0.000       0.000       0.000       0.000       0.000       0.000       0.000    
