TOTIM (T)      HCON          HMAT      QDIR      QWELL        QMAT       QCADS      QTUB1      QTUB2      QTUB3      QTUB4      QTUB5      QTUB6       NSTOR        QFIX        QLH     FHLQ (LQ)        CAUCHY   CAUCHY (LQ)
     3600.   12.36082631   12.4817   0.000       0.000      0.1057E-03   0.000     0.1366E-02-0.1472E-02  0.000      0.000      0.000      0.000       0.000       0.000       0.000       0.000       0.000       0.000    
     7200.   12.34684162   12.4805   0.000       0.000      0.1170E-03   0.000     0.9367E-03-0.1054E-02  0.000      0.000      0.000      0.000       0.000       0.000       0.000       0.000       0.000       0.000    
    10800.   12.34432553   12.4793   0.000       0.000      0.1181E-03   0.000     0.9556E-03-0.1074E-02  0.000      0.000      0.000      0.000       0.000       0.000       0.000       0.000       0.000       0.000    
    14400.   12.34314892   12.4781   0.000       0.000      0.1181E-03   0.000     0.9787E-03-0.1097E-02  0.000      0.000      0.000      0.000       0.000       0.000       0.000       0.000       0.000       0.000    
    18000.   12.34240931   12.4770   0.000       0.000      0.1178E-03   0.000     0.9988E-03-0.1117E-02  0.000      0.000      0.000      0.000       0.000       0.000       0.000       0.000       0.000       0.000    
    21600.   12.34186142   12.4759   0.000       0.000      0.1172E-03   0.000     0.1017E-02-0.1134E-02  0.000      0.000      0.000      0.000       0.000       0.000       0.000       0.000       0.000       0.000    
    25200.   12.34140076   12.4748   0.000       0.000      0.1167E-03   0.000     0.1033E-02-0.1150E-02  0.000      0.000      0.000      0.000       0.000       0.000       0.000       0.000       0.000       0.000    
    28800.   12.34100778   12.4737   0.000       0.000      0.1161E-03   0.000     0.1048E-02-0.1164E-02  0.000      0.000      0.000      0.000       0.000       0.000       0.000       0.000       0.000       0.000    
    32400.   12.34062227   12.4728   0.000       0.000      0.1156E-03   0.000     0.1062E-02-0.1177E-02  0.000      0.000      0.000      0.000       0.000       0.000       0.000       0.000       0.000       0.000    
    36000.   12.34023995   12.4718   0.000       0.000      0.1151E-03   0.000     0.1075E-02-0.1190E-02  0.000      0.000      0.000      0.000       0.000       0.000       0.000       0.000       0.000       0.000    
    39600.   12.33985933   12.4709   0.000       0.000      0.1146E-03   0.000     0.1087E-02-0.1201E-02  0.000      0.000      0.000      0.000       0.000       0.000       0.000       0.000       0.000       0.000    
    43200.   12.35351540   12.4711   0.000       0.000      0.1029E-03   0.000     0.1527E-02-0.1630E-02  0.000      0.000      0.000      0.000       0.000       0.000       0.000       0.000       0.000       0.000    
    46800.   12.35568207   12.4715   0.000       0.000      0.1013E-03   0.000     0.1518E-02-0.1619E-02  0.000      0.000      0.000      0.000       0.000       0.000       0.000       0.000       0.000       0.000    
    50400.   12.34245085   12.4707   0.000       0.000      0.1122E-03   0.000     0.1076E-02-0.1188E-02  0.000      0.000      0.000      0.000       0.000       0.000       0.000       0.000       0.000       0.000    
    54000.   12.35433462   12.4710   0.000       0.000      0.1021E-03   0.000     0.1512E-02-0.1615E-02  0.000      0.000      0.000      0.000       0.000       0.000       0.000       0.000       0.000       0.000    
    57600.   12.39109785   12.4743   0.000       0.000      0.7280E-04   0.000     0.2579E-02-0.2651E-02  0.000      0.000      0.000      0.000       0.000       0.000       0.000       0.000       0.000       0.000    
    61200.   12.50384225   12.4864   0.000       0.000     -0.1524E-04   0.000     0.5733E-02-0.5718E-02  0.000      0.000      0.000      0.000       0.000       0.000       0.000       0.000       0.000       0.000    
    64800.   12.49817916   12.4967   0.000       0.000     -0.1303E-05   0.000     0.4666E-02-0.4665E-02  0.000      0.000      0.000      0.000       0.000       0.000       0.000       0.000       0.000       0.000    
    68400.   12.49716891   12.5061   0.000       0.000      0.7788E-05   0.000     0.4256E-02-0.4264E-02  0.000      0.000      0.000      0.000       0.000       0.000       0.000       0.000       0.000       0.000    
    72000.   12.46539328   12.5122   0.000       0.000      0.4093E-04   0.000     0.3037E-02-0.3078E-02  0.000      0.000      0.000      0.000       0.000       0.000       0.000       0.000       0.000       0.000    
    75600.   12.43410160   12.5154   0.000       0.000      0.7117E-04   0.000     0.2096E-02-0.2167E-02  0.000      0.000      0.000      0.000       0.000       0.000       0.000       0.000       0.000       0.000    
    79200.   12.51365097   12.5252   0.000       0.000      0.1010E-04   0.000     0.4643E-02-0.4653E-02  0.000      0.000      0.000      0.000       0.000       0.000       0.000       0.000       0.000       0.000    
    82800.   12.52772667   12.5351   0.000       0.000      0.6466E-05   0.000     0.4513E-02-0.4520E-02  0.000      0.000      0.000      0.000       0.000       0.000       0.000       0.000       0.000       0.000    
    86400.   12.54218410   12.5454   0.000       0.000      0.2828E-05   0.000     0.4568E-02-0.4571E-02  0.000      0.000      0.000      0.000       0.000       0.000       0.000       0.000       0.000       0.000    
    90000.   12.62622695   12.5618   0.000       0.000     -0.5635E-04   0.000     0.6773E-02-0.6717E-02  0.000      0.000      0.000      0.000       0.000       0.000       0.000       0.000       0.000       0.000    
    93600.   12.82138170   12.5928   0.000       0.000     -0.2001E-03   0.000     0.1188E-01-0.1168E-01  0.000      0.000      0.000      0.000       0.000       0.000       0.000       0.000       0.000       0.000    
    97200.   12.75140614   12.6148   0.000       0.000     -0.1195E-03   0.000     0.7958E-02-0.7839E-02  0.000      0.000      0.000      0.000       0.000       0.000       0.000       0.000       0.000       0.000    
   100800.   12.59916488   12.6229   0.000       0.000      0.2081E-04   0.000     0.2872E-02-0.2893E-02  0.000      0.000      0.000      0.000       0.000       0.000       0.000       0.000       0.000       0.000    
   104400.   12.52821080   12.6254   0.000       0.000      0.8506E-04   0.000     0.1303E-02-0.1388E-02  0.000      0.000      0.000      0.000       0.000       0.000       0.000       0.000       0.000       0.000    
   108000.   12.50602455   12.6264   0.000       0.000      0.1053E-03   0.000     0.1153E-02-0.1259E-02  0.000      0.000      0.000      0.000       0.000       0.000       0.000       0.000       0.000       0.000    
   111600.   12.47141603   12.6247   0.000       0.000      0.1342E-03   0.000     0.3687E-03-0.5028E-03  0.000      0.000      0.000      0.000       0.000       0.000       0.000       0.000       0.000       0.000    
   115200.   12.44329549   12.6211   0.000       0.000      0.1556E-03   0.000    -0.1799E-03 0.2432E-04  0.000      0.000      0.000      0.000       0.000       0.000       0.000       0.000       0.000       0.000    
   118800.   12.42300212   12.6162   0.000       0.000      0.1690E-03   0.000    -0.4883E-03 0.3193E-03  0.000      0.000      0.000      0.000       0.000       0.000       0.000       0.000       0.000       0.000    
   122400.   12.43214657   12.6125   0.000       0.000      0.1578E-03   0.000     0.7298E-04-0.2308E-03  0.000      0.000      0.000      0.000       0.000       0.000       0.000       0.000       0.000       0.000    
   126000.   12.41145987   12.6074   0.000       0.000      0.1715E-03   0.000    -0.4651E-03 0.2936E-03  0.000      0.000      0.000      0.000       0.000       0.000       0.000       0.000       0.000       0.000    
   129600.   12.46422859   12.6071   0.000       0.000      0.1250E-03   0.000     0.1365E-02-0.1490E-02  0.000      0.000      0.000      0.000       0.000       0.000       0.000       0.000       0.000       0.000    
   133200.   12.43773821   12.6043   0.000       0.000      0.1458E-03   0.000     0.3333E-03-0.4791E-03  0.000      0.000      0.000      0.000       0.000       0.000       0.000       0.000       0.000       0.000    
   136800.   12.42839168   12.6011   0.000       0.000      0.1511E-03   0.000     0.1784E-03-0.3295E-03  0.000      0.000      0.000      0.000       0.000       0.000       0.000       0.000       0.000       0.000    
   140400.   12.40547776   12.5963   0.000       0.000      0.1669E-03   0.000    -0.3807E-03 0.2137E-03  0.000      0.000      0.000      0.000       0.000       0.000       0.000       0.000       0.000       0.000    
   144000.   12.40107150   12.5915   0.000       0.000      0.1666E-03   0.000    -0.2728E-03 0.1062E-03  0.000      0.000      0.000      0.000       0.000       0.000       0.000       0.000       0.000       0.000    
   147600.   12.39911121   12.5869   0.000       0.000      0.1643E-03   0.000    -0.1654E-03 0.1062E-05  0.000      0.000      0.000      0.000       0.000       0.000       0.000       0.000       0.000       0.000    
   151200.   12.39806182   12.5826   0.000       0.000      0.1615E-03   0.000    -0.6871E-04-0.9278E-04  0.000      0.000      0.000      0.000       0.000       0.000       0.000       0.000       0.000       0.000    
   154800.   12.39738788   12.5785   0.000       0.000      0.1585E-03   0.000     0.1980E-04-0.1783E-03  0.000      0.000      0.000      0.000       0.000       0.000       0.000       0.000       0.000       0.000    
   158400.   12.41094407   12.5758   0.000       0.000      0.1443E-03   0.000     0.5302E-03-0.6745E-03  0.000      0.000      0.000      0.000       0.000       0.000       0.000       0.000       0.000       0.000    
   162000.   12.46949398   12.5781   0.000       0.000      0.9501E-04   0.000     0.2301E-02-0.2396E-02  0.000      0.000      0.000      0.000       0.000       0.000       0.000       0.000       0.000       0.000    
   165600.   12.46648344   12.5796   0.000       0.000      0.9899E-04   0.000     0.1843E-02-0.1942E-02  0.000      0.000      0.000      0.000       0.000       0.000       0.000       0.000       0.000       0.000    
   169200.   12.41987648   12.5772   0.000       0.000      0.1376E-03   0.000     0.3134E-03-0.4510E-03  0.000      0.000      0.000      0.000       0.000       0.000       0.000       0.000       0.000       0.000    
   172800.   12.40587152   12.5739   0.000       0.000      0.1470E-03   0.000     0.1507E-03-0.2977E-03  0.000      0.000      0.000      0.000       0.000       0.000       0.000       0.000       0.000       0.000    
