TOTIM (T)      HCON          HMAT      QDIR      QWELL        QMAT       QCADS      QTUB1      QTUB2      QTUB3      QTUB4      QTUB5      QTUB6       NSTOR        QFIX        QLH     FHLQ (LQ)        CAUCHY   CAUCHY (LQ)
     3600.   12.36082634   12.4758   0.000       0.000      0.1006E-03   0.000     0.1785E-02-0.1885E-02  0.000      0.000      0.000      0.000       0.000       0.000       0.000       0.000       0.000       0.000    
     7200.   12.34684167   12.4746   0.000       0.000      0.1118E-03   0.000     0.1377E-02-0.1489E-02  0.000      0.000      0.000      0.000       0.000       0.000       0.000       0.000       0.000       0.000    
    10800.   12.34432557   12.4734   0.000       0.000      0.1130E-03   0.000     0.1400E-02-0.1513E-02  0.000      0.000      0.000      0.000       0.000       0.000       0.000       0.000       0.000       0.000    
    14400.   12.34314897   12.4722   0.000       0.000      0.1130E-03   0.000     0.1424E-02-0.1537E-02  0.000      0.000      0.000      0.000       0.000       0.000       0.000       0.000       0.000       0.000    
    18000.   12.34240935   12.4711   0.000       0.000      0.1126E-03   0.000     0.1444E-02-0.1556E-02  0.000      0.000      0.000      0.000       0.000       0.000       0.000       0.000       0.000       0.000    
    21600.   12.34186146   12.4700   0.000       0.000      0.1121E-03   0.000     0.1461E-02-0.1573E-02  0.000      0.000      0.000      0.000       0.000       0.000       0.000       0.000       0.000       0.000    
    25200.   12.34140081   12.4689   0.000       0.000      0.1115E-03   0.000     0.1476E-02-0.1587E-02  0.000      0.000      0.000      0.000       0.000       0.000       0.000       0.000       0.000       0.000    
    28800.   12.34100782   12.4678   0.000       0.000      0.1110E-03   0.000     0.1489E-02-0.1600E-02  0.000      0.000      0.000      0.000       0.000       0.000       0.000       0.000       0.000       0.000    
    32400.   12.34062231   12.4668   0.000       0.000      0.1104E-03   0.000     0.1502E-02-0.1612E-02  0.000      0.000      0.000      0.000       0.000       0.000       0.000       0.000       0.000       0.000    
    36000.   12.34023999   12.4659   0.000       0.000      0.1099E-03   0.000     0.1514E-02-0.1624E-02  0.000      0.000      0.000      0.000       0.000       0.000       0.000       0.000       0.000       0.000    
    39600.   12.33985938   12.4650   0.000       0.000      0.1095E-03   0.000     0.1525E-02-0.1634E-02  0.000      0.000      0.000      0.000       0.000       0.000       0.000       0.000       0.000       0.000    
    43200.   12.35351541   12.4652   0.000       0.000      0.9775E-04   0.000     0.1942E-02-0.2040E-02  0.000      0.000      0.000      0.000       0.000       0.000       0.000       0.000       0.000       0.000    
    46800.   12.35568209   12.4656   0.000       0.000      0.9617E-04   0.000     0.1928E-02-0.2024E-02  0.000      0.000      0.000      0.000       0.000       0.000       0.000       0.000       0.000       0.000    
    50400.   12.34245089   12.4648   0.000       0.000      0.1071E-03   0.000     0.1506E-02-0.1613E-02  0.000      0.000      0.000      0.000       0.000       0.000       0.000       0.000       0.000       0.000    
    54000.   12.35433464   12.4651   0.000       0.000      0.9694E-04   0.000     0.1925E-02-0.2022E-02  0.000      0.000      0.000      0.000       0.000       0.000       0.000       0.000       0.000       0.000    
    57600.   12.39109781   12.4684   0.000       0.000      0.6763E-04   0.000     0.2932E-02-0.3000E-02  0.000      0.000      0.000      0.000       0.000       0.000       0.000       0.000       0.000       0.000    
    61200.   12.50384203   12.4805   0.000       0.000     -0.2041E-04   0.000     0.5910E-02-0.5890E-02  0.000      0.000      0.000      0.000       0.000       0.000       0.000       0.000       0.000       0.000    
    64800.   12.49817899   12.4908   0.000       0.000     -0.6472E-05   0.000     0.4855E-02-0.4848E-02  0.000      0.000      0.000      0.000       0.000       0.000       0.000       0.000       0.000       0.000    
    68400.   12.49716877   12.5002   0.000       0.000      0.2621E-05   0.000     0.4462E-02-0.4464E-02  0.000      0.000      0.000      0.000       0.000       0.000       0.000       0.000       0.000       0.000    
    72000.   12.46539321   12.5063   0.000       0.000      0.3577E-04   0.000     0.3308E-02-0.3344E-02  0.000      0.000      0.000      0.000       0.000       0.000       0.000       0.000       0.000       0.000    
    75600.   12.43410158   12.5095   0.000       0.000      0.6601E-04   0.000     0.2432E-02-0.2498E-02  0.000      0.000      0.000      0.000       0.000       0.000       0.000       0.000       0.000       0.000    
    79200.   12.51365081   12.5193   0.000       0.000      0.4941E-05   0.000     0.4866E-02-0.4870E-02  0.000      0.000      0.000      0.000       0.000       0.000       0.000       0.000       0.000       0.000    
    82800.   12.52772651   12.5292   0.000       0.000      0.1305E-05   0.000     0.4721E-02-0.4722E-02  0.000      0.000      0.000      0.000       0.000       0.000       0.000       0.000       0.000       0.000    
    86400.   12.54218394   12.5395   0.000       0.000     -0.2330E-05   0.000     0.4766E-02-0.4764E-02  0.000      0.000      0.000      0.000       0.000       0.000       0.000       0.000       0.000       0.000    
    90000.   12.62622666   12.5559   0.000       0.000     -0.6151E-04   0.000     0.6855E-02-0.6793E-02  0.000      0.000      0.000      0.000       0.000       0.000       0.000       0.000       0.000       0.000    
    93600.   12.82137593   12.5869   0.000       0.000     -0.2052E-03   0.000     0.1167E-01-0.1147E-01  0.000      0.000      0.000      0.000       0.000       0.000       0.000       0.000       0.000       0.000    
    97200.   12.75140386   12.6089   0.000       0.000     -0.1247E-03   0.000     0.7882E-02-0.7757E-02  0.000      0.000      0.000      0.000       0.000       0.000       0.000       0.000       0.000       0.000    
   100800.   12.59916507   12.6171   0.000       0.000      0.1566E-04   0.000     0.3077E-02-0.3093E-02  0.000      0.000      0.000      0.000       0.000       0.000       0.000       0.000       0.000       0.000    
   104400.   12.52821075   12.6196   0.000       0.000      0.7992E-04   0.000     0.1658E-02-0.1738E-02  0.000      0.000      0.000      0.000       0.000       0.000       0.000       0.000       0.000       0.000    
   108000.   12.50602452   12.6206   0.000       0.000      0.1002E-03   0.000     0.1564E-02-0.1664E-02  0.000      0.000      0.000      0.000       0.000       0.000       0.000       0.000       0.000       0.000    
   111600.   12.47141611   12.6189   0.000       0.000      0.1290E-03   0.000     0.8428E-03-0.9718E-03  0.000      0.000      0.000      0.000       0.000       0.000       0.000       0.000       0.000       0.000    
   115200.   12.44329561   12.6152   0.000       0.000      0.1504E-03   0.000     0.3428E-03-0.4932E-03  0.000      0.000      0.000      0.000       0.000       0.000       0.000       0.000       0.000       0.000    
   118800.   12.42300225   12.6103   0.000       0.000      0.1639E-03   0.000     0.6583E-04-0.2297E-03  0.000      0.000      0.000      0.000       0.000       0.000       0.000       0.000       0.000       0.000    
   122400.   12.43214667   12.6067   0.000       0.000      0.1527E-03   0.000     0.6087E-03-0.7614E-03  0.000      0.000      0.000      0.000       0.000       0.000       0.000       0.000       0.000       0.000    
   126000.   12.41146001   12.6016   0.000       0.000      0.1663E-03   0.000     0.9625E-04-0.2626E-03  0.000      0.000      0.000      0.000       0.000       0.000       0.000       0.000       0.000       0.000    
   129600.   12.46422862   12.6012   0.000       0.000      0.1199E-03   0.000     0.1838E-02-0.1958E-02  0.000      0.000      0.000      0.000       0.000       0.000       0.000       0.000       0.000       0.000    
   133200.   12.43773830   12.5985   0.000       0.000      0.1407E-03   0.000     0.8392E-03-0.9799E-03  0.000      0.000      0.000      0.000       0.000       0.000       0.000       0.000       0.000       0.000    
   136800.   12.42839178   12.5953   0.000       0.000      0.1460E-03   0.000     0.6965E-03-0.8425E-03  0.000      0.000      0.000      0.000       0.000       0.000       0.000       0.000       0.000       0.000    
   140400.   12.40547789   12.5904   0.000       0.000      0.1618E-03   0.000     0.1693E-03-0.3311E-03  0.000      0.000      0.000      0.000       0.000       0.000       0.000       0.000       0.000       0.000    
   144000.   12.40107162   12.5856   0.000       0.000      0.1615E-03   0.000     0.2793E-03-0.4408E-03  0.000      0.000      0.000      0.000       0.000       0.000       0.000       0.000       0.000       0.000    
   147600.   12.39911132   12.5811   0.000       0.000      0.1592E-03   0.000     0.3827E-03-0.5419E-03  0.000      0.000      0.000      0.000       0.000       0.000       0.000       0.000       0.000       0.000    
   151200.   12.39806193   12.5768   0.000       0.000      0.1564E-03   0.000     0.4734E-03-0.6298E-03  0.000      0.000      0.000      0.000       0.000       0.000       0.000       0.000       0.000       0.000    
   154800.   12.39738799   12.5727   0.000       0.000      0.1534E-03   0.000     0.5555E-03-0.7088E-03  0.000      0.000      0.000      0.000       0.000       0.000       0.000       0.000       0.000       0.000    
   158400.   12.41094414   12.5700   0.000       0.000      0.1392E-03   0.000     0.1037E-02-0.1176E-02  0.000      0.000      0.000      0.000       0.000       0.000       0.000       0.000       0.000       0.000    
   162000.   12.46949396   12.5722   0.000       0.000      0.8990E-04   0.000     0.2709E-02-0.2799E-02  0.000      0.000      0.000      0.000       0.000       0.000       0.000       0.000       0.000       0.000    
   165600.   12.46648344   12.5738   0.000       0.000      0.9388E-04   0.000     0.2250E-02-0.2344E-02  0.000      0.000      0.000      0.000       0.000       0.000       0.000       0.000       0.000       0.000    
   169200.   12.41987657   12.5713   0.000       0.000      0.1325E-03   0.000     0.7947E-03-0.9272E-03  0.000      0.000      0.000      0.000       0.000       0.000       0.000       0.000       0.000       0.000    
   172800.   12.40587162   12.5681   0.000       0.000      0.1419E-03   0.000     0.6562E-03-0.7981E-03  0.000      0.000      0.000      0.000       0.000       0.000       0.000       0.000       0.000       0.000    
