TOTIM (T)      HCON          HMAT      QDIR      QWELL        QMAT       QCADS      QTUB1      QTUB2      QTUB3      QTUB4      QTUB5      QTUB6       NSTOR        QFIX        QLH     FHLQ (LQ)        CAUCHY   CAUCHY (LQ)
     3600.   12.36082587   12.4237   0.000       0.000      0.5505E-04   0.000     0.2068E-02-0.2123E-02  0.000      0.000      0.000      0.000       0.000       0.000       0.000       0.000       0.000       0.000    
     7200.   12.34684127   12.4226   0.000       0.000      0.6629E-04   0.000     0.1751E-02-0.1818E-02  0.000      0.000      0.000      0.000       0.000       0.000       0.000       0.000       0.000       0.000    
    10800.   12.34432517   12.4214   0.000       0.000      0.6744E-04   0.000     0.1782E-02-0.1849E-02  0.000      0.000      0.000      0.000       0.000       0.000       0.000       0.000       0.000       0.000    
    14400.   12.34314855   12.4202   0.000       0.000      0.6743E-04   0.000     0.1805E-02-0.1872E-02  0.000      0.000      0.000      0.000       0.000       0.000       0.000       0.000       0.000       0.000    
    18000.   12.34240894   12.4190   0.000       0.000      0.6706E-04   0.000     0.1821E-02-0.1888E-02  0.000      0.000      0.000      0.000       0.000       0.000       0.000       0.000       0.000       0.000    
    21600.   12.34186104   12.4179   0.000       0.000      0.6656E-04   0.000     0.1834E-02-0.1901E-02  0.000      0.000      0.000      0.000       0.000       0.000       0.000       0.000       0.000       0.000    
    25200.   12.34140039   12.4168   0.000       0.000      0.6602E-04   0.000     0.1845E-02-0.1911E-02  0.000      0.000      0.000      0.000       0.000       0.000       0.000       0.000       0.000       0.000    
    28800.   12.34100740   12.4158   0.000       0.000      0.6546E-04   0.000     0.1854E-02-0.1920E-02  0.000      0.000      0.000      0.000       0.000       0.000       0.000       0.000       0.000       0.000    
    32400.   12.34062188   12.4148   0.000       0.000      0.6493E-04   0.000     0.1863E-02-0.1928E-02  0.000      0.000      0.000      0.000       0.000       0.000       0.000       0.000       0.000       0.000    
    36000.   12.34023956   12.4139   0.000       0.000      0.6443E-04   0.000     0.1871E-02-0.1935E-02  0.000      0.000      0.000      0.000       0.000       0.000       0.000       0.000       0.000       0.000    
    39600.   12.33985895   12.4130   0.000       0.000      0.6396E-04   0.000     0.1878E-02-0.1942E-02  0.000      0.000      0.000      0.000       0.000       0.000       0.000       0.000       0.000       0.000    
    43200.   12.35351491   12.4132   0.000       0.000      0.5224E-04   0.000     0.2201E-02-0.2253E-02  0.000      0.000      0.000      0.000       0.000       0.000       0.000       0.000       0.000       0.000    
    46800.   12.35568159   12.4136   0.000       0.000      0.5066E-04   0.000     0.2176E-02-0.2227E-02  0.000      0.000      0.000      0.000       0.000       0.000       0.000       0.000       0.000       0.000    
    50400.   12.34245047   12.4128   0.000       0.000      0.6156E-04   0.000     0.1843E-02-0.1905E-02  0.000      0.000      0.000      0.000       0.000       0.000       0.000       0.000       0.000       0.000    
    54000.   12.35433414   12.4131   0.000       0.000      0.5143E-04   0.000     0.2178E-02-0.2230E-02  0.000      0.000      0.000      0.000       0.000       0.000       0.000       0.000       0.000       0.000    
    57600.   12.39109715   12.4164   0.000       0.000      0.2212E-04   0.000     0.2951E-02-0.2974E-02  0.000      0.000      0.000      0.000       0.000       0.000       0.000       0.000       0.000       0.000    
    61200.   12.50384089   12.4285   0.000       0.000     -0.6591E-04   0.000     0.5226E-02-0.5160E-02  0.000      0.000      0.000      0.000       0.000       0.000       0.000       0.000       0.000       0.000    
    64800.   12.49817804   12.4388   0.000       0.000     -0.5198E-04   0.000     0.4298E-02-0.4246E-02  0.000      0.000      0.000      0.000       0.000       0.000       0.000       0.000       0.000       0.000    
    68400.   12.49716788   12.4482   0.000       0.000     -0.4289E-04   0.000     0.3979E-02-0.3936E-02  0.000      0.000      0.000      0.000       0.000       0.000       0.000       0.000       0.000       0.000    
    72000.   12.46539251   12.4543   0.000       0.000     -0.9746E-05   0.000     0.3091E-02-0.3081E-02  0.000      0.000      0.000      0.000       0.000       0.000       0.000       0.000       0.000       0.000    
    75600.   12.43410102   12.4575   0.000       0.000      0.2049E-04   0.000     0.2453E-02-0.2473E-02  0.000      0.000      0.000      0.000       0.000       0.000       0.000       0.000       0.000       0.000    
    79200.   12.51364984   12.4673   0.000       0.000     -0.4058E-04   0.000     0.4388E-02-0.4348E-02  0.000      0.000      0.000      0.000       0.000       0.000       0.000       0.000       0.000       0.000    
    82800.   12.52772558   12.4772   0.000       0.000     -0.4423E-04   0.000     0.4223E-02-0.4179E-02  0.000      0.000      0.000      0.000       0.000       0.000       0.000       0.000       0.000       0.000    
    86400.   12.54218300   12.4875   0.000       0.000     -0.4787E-04   0.000     0.4241E-02-0.4193E-02  0.000      0.000      0.000      0.000       0.000       0.000       0.000       0.000       0.000       0.000    
    90000.   12.62622538   12.5039   0.000       0.000     -0.1071E-03   0.000     0.5854E-02-0.5747E-02  0.000      0.000      0.000      0.000       0.000       0.000       0.000       0.000       0.000       0.000    
    93600.   12.82135474   12.5348   0.000       0.000     -0.2508E-03   0.000     0.9527E-02-0.9276E-02  0.000      0.000      0.000      0.000       0.000       0.000       0.000       0.000       0.000       0.000    
    97200.   12.75139380   12.5568   0.000       0.000     -0.1703E-03   0.000     0.6408E-02-0.6237E-02  0.000      0.000      0.000      0.000       0.000       0.000       0.000       0.000       0.000       0.000    
   100800.   12.59916284   12.5649   0.000       0.000     -0.2996E-04   0.000     0.2724E-02-0.2694E-02  0.000      0.000      0.000      0.000       0.000       0.000       0.000       0.000       0.000       0.000    
   104400.   12.52821032   12.5674   0.000       0.000      0.3428E-04   0.000     0.1798E-02-0.1832E-02  0.000      0.000      0.000      0.000       0.000       0.000       0.000       0.000       0.000       0.000    
   108000.   12.50602409   12.5684   0.000       0.000      0.5454E-04   0.000     0.1851E-02-0.1906E-02  0.000      0.000      0.000      0.000       0.000       0.000       0.000       0.000       0.000       0.000    
   111600.   12.47141579   12.5666   0.000       0.000      0.8333E-04   0.000     0.1354E-02-0.1438E-02  0.000      0.000      0.000      0.000       0.000       0.000       0.000       0.000       0.000       0.000    
   115200.   12.44329536   12.5630   0.000       0.000      0.1047E-03   0.000     0.1020E-02-0.1125E-02  0.000      0.000      0.000      0.000       0.000       0.000       0.000       0.000       0.000       0.000    
   118800.   12.42300205   12.5580   0.000       0.000      0.1182E-03   0.000     0.8461E-03-0.9643E-03  0.000      0.000      0.000      0.000       0.000       0.000       0.000       0.000       0.000       0.000    
   122400.   12.43214637   12.5544   0.000       0.000      0.1069E-03   0.000     0.1295E-02-0.1402E-02  0.000      0.000      0.000      0.000       0.000       0.000       0.000       0.000       0.000       0.000    
   126000.   12.41145979   12.5492   0.000       0.000      0.1205E-03   0.000     0.8933E-03-0.1014E-02  0.000      0.000      0.000      0.000       0.000       0.000       0.000       0.000       0.000       0.000    
   129600.   12.46422812   12.5488   0.000       0.000      0.7403E-04   0.000     0.2259E-02-0.2333E-02  0.000      0.000      0.000      0.000       0.000       0.000       0.000       0.000       0.000       0.000    
   133200.   12.43773797   12.5461   0.000       0.000      0.9480E-04   0.000     0.1435E-02-0.1529E-02  0.000      0.000      0.000      0.000       0.000       0.000       0.000       0.000       0.000       0.000    
   136800.   12.42839147   12.5428   0.000       0.000      0.1001E-03   0.000     0.1333E-02-0.1433E-02  0.000      0.000      0.000      0.000       0.000       0.000       0.000       0.000       0.000       0.000    
   140400.   12.40547766   12.5379   0.000       0.000      0.1159E-03   0.000     0.9320E-03-0.1048E-02  0.000      0.000      0.000      0.000       0.000       0.000       0.000       0.000       0.000       0.000    
   144000.   12.40107137   12.5332   0.000       0.000      0.1156E-03   0.000     0.1037E-02-0.1152E-02  0.000      0.000      0.000      0.000       0.000       0.000       0.000       0.000       0.000       0.000    
   147600.   12.39911106   12.5286   0.000       0.000      0.1133E-03   0.000     0.1121E-02-0.1234E-02  0.000      0.000      0.000      0.000       0.000       0.000       0.000       0.000       0.000       0.000    
   151200.   12.39806166   12.5242   0.000       0.000      0.1104E-03   0.000     0.1189E-02-0.1300E-02  0.000      0.000      0.000      0.000       0.000       0.000       0.000       0.000       0.000       0.000    
   154800.   12.39738770   12.5201   0.000       0.000      0.1074E-03   0.000     0.1248E-02-0.1355E-02  0.000      0.000      0.000      0.000       0.000       0.000       0.000       0.000       0.000       0.000    
   158400.   12.41094378   12.5174   0.000       0.000      0.9316E-04   0.000     0.1616E-02-0.1709E-02  0.000      0.000      0.000      0.000       0.000       0.000       0.000       0.000       0.000       0.000    
   162000.   12.46949332   12.5196   0.000       0.000      0.4387E-04   0.000     0.2893E-02-0.2937E-02  0.000      0.000      0.000      0.000       0.000       0.000       0.000       0.000       0.000       0.000    
   165600.   12.46648289   12.5212   0.000       0.000      0.4784E-04   0.000     0.2475E-02-0.2523E-02  0.000      0.000      0.000      0.000       0.000       0.000       0.000       0.000       0.000       0.000    
   169200.   12.41987625   12.5187   0.000       0.000      0.8646E-04   0.000     0.1332E-02-0.1419E-02  0.000      0.000      0.000      0.000       0.000       0.000       0.000       0.000       0.000       0.000    
   172800.   12.40587132   12.5154   0.000       0.000      0.9586E-04   0.000     0.1264E-02-0.1360E-02  0.000      0.000      0.000      0.000       0.000       0.000       0.000       0.000       0.000       0.000    
