TOTIM (T)      HCON          HMAT      QDIR      QWELL        QMAT       QCADS      QTUB1      QTUB2      QTUB3      QTUB4      QTUB5      QTUB6       NSTOR        QFIX        QLH     FHLQ (LQ)        CAUCHY   CAUCHY (LQ)
     3600.   12.36082635   12.4626   0.000       0.000      0.8908E-04   0.000    -0.1366E-02 0.1277E-02  0.000      0.000      0.000      0.000       0.000       0.000       0.000       0.000       0.000       0.000    
     7200.   12.34684165   12.4615   0.000       0.000      0.1003E-03   0.000    -0.9367E-03 0.8364E-03  0.000      0.000      0.000      0.000       0.000       0.000       0.000       0.000       0.000       0.000    
    10800.   12.34432555   12.4603   0.000       0.000      0.1015E-03   0.000    -0.9556E-03 0.8541E-03  0.000      0.000      0.000      0.000       0.000       0.000       0.000       0.000       0.000       0.000    
    14400.   12.34314895   12.4591   0.000       0.000      0.1015E-03   0.000    -0.9787E-03 0.8772E-03  0.000      0.000      0.000      0.000       0.000       0.000       0.000       0.000       0.000       0.000    
    18000.   12.34240933   12.4579   0.000       0.000      0.1011E-03   0.000    -0.9988E-03 0.8978E-03  0.000      0.000      0.000      0.000       0.000       0.000       0.000       0.000       0.000       0.000    
    21600.   12.34186144   12.4568   0.000       0.000      0.1006E-03   0.000    -0.1017E-02 0.9162E-03  0.000      0.000      0.000      0.000       0.000       0.000       0.000       0.000       0.000       0.000    
    25200.   12.34140079   12.4557   0.000       0.000      0.1000E-03   0.000    -0.1033E-02 0.9331E-03  0.000      0.000      0.000      0.000       0.000       0.000       0.000       0.000       0.000       0.000    
    28800.   12.34100781   12.4547   0.000       0.000      0.9948E-04   0.000    -0.1048E-02 0.9485E-03  0.000      0.000      0.000      0.000       0.000       0.000       0.000       0.000       0.000       0.000    
    32400.   12.34062229   12.4537   0.000       0.000      0.9895E-04   0.000    -0.1062E-02 0.9628E-03  0.000      0.000      0.000      0.000       0.000       0.000       0.000       0.000       0.000       0.000    
    36000.   12.34023997   12.4528   0.000       0.000      0.9845E-04   0.000    -0.1075E-02 0.9762E-03  0.000      0.000      0.000      0.000       0.000       0.000       0.000       0.000       0.000       0.000    
    39600.   12.33985936   12.4518   0.000       0.000      0.9798E-04   0.000    -0.1087E-02 0.9886E-03  0.000      0.000      0.000      0.000       0.000       0.000       0.000       0.000       0.000       0.000    
    43200.   12.35351543   12.4521   0.000       0.000      0.8626E-04   0.000    -0.1527E-02 0.1440E-02  0.000      0.000      0.000      0.000       0.000       0.000       0.000       0.000       0.000       0.000    
    46800.   12.35568211   12.4525   0.000       0.000      0.8468E-04   0.000    -0.1518E-02 0.1433E-02  0.000      0.000      0.000      0.000       0.000       0.000       0.000       0.000       0.000       0.000    
    50400.   12.34245088   12.4517   0.000       0.000      0.9558E-04   0.000    -0.1076E-02 0.9802E-03  0.000      0.000      0.000      0.000       0.000       0.000       0.000       0.000       0.000       0.000    
    54000.   12.35433466   12.4520   0.000       0.000      0.8545E-04   0.000    -0.1512E-02 0.1427E-02  0.000      0.000      0.000      0.000       0.000       0.000       0.000       0.000       0.000       0.000    
    57600.   12.39109791   12.4553   0.000       0.000      0.5614E-04   0.000    -0.2579E-02 0.2522E-02  0.000      0.000      0.000      0.000       0.000       0.000       0.000       0.000       0.000       0.000    
    61200.   12.50384239   12.4674   0.000       0.000     -0.3190E-04   0.000    -0.5733E-02 0.5765E-02  0.000      0.000      0.000      0.000       0.000       0.000       0.000       0.000       0.000       0.000    
    64800.   12.49817927   12.4777   0.000       0.000     -0.1796E-04   0.000    -0.4666E-02 0.4684E-02  0.000      0.000      0.000      0.000       0.000       0.000       0.000       0.000       0.000       0.000    
    68400.   12.49716901   12.4870   0.000       0.000     -0.8869E-05   0.000    -0.4256E-02 0.4265E-02  0.000      0.000      0.000      0.000       0.000       0.000       0.000       0.000       0.000       0.000    
    72000.   12.46539335   12.4931   0.000       0.000      0.2428E-04   0.000    -0.3037E-02 0.3013E-02  0.000      0.000      0.000      0.000       0.000       0.000       0.000       0.000       0.000       0.000    
    75600.   12.43410165   12.4964   0.000       0.000      0.5451E-04   0.000    -0.2096E-02 0.2042E-02  0.000      0.000      0.000      0.000       0.000       0.000       0.000       0.000       0.000       0.000    
    79200.   12.51365108   12.5062   0.000       0.000     -0.6557E-05   0.000    -0.4643E-02 0.4649E-02  0.000      0.000      0.000      0.000       0.000       0.000       0.000       0.000       0.000       0.000    
    82800.   12.52772678   12.5161   0.000       0.000     -0.1020E-04   0.000    -0.4513E-02 0.4523E-02  0.000      0.000      0.000      0.000       0.000       0.000       0.000       0.000       0.000       0.000    
    86400.   12.54218421   12.5264   0.000       0.000     -0.1384E-04   0.000    -0.4568E-02 0.4582E-02  0.000      0.000      0.000      0.000       0.000       0.000       0.000       0.000       0.000       0.000    
    90000.   12.62622711   12.5428   0.000       0.000     -0.7303E-04   0.000    -0.6773E-02 0.6846E-02  0.000      0.000      0.000      0.000       0.000       0.000       0.000       0.000       0.000       0.000    
    93600.   12.82138505   12.5737   0.000       0.000     -0.2167E-03   0.000    -0.1188E-01 0.1210E-01  0.000      0.000      0.000      0.000       0.000       0.000       0.000       0.000       0.000       0.000    
    97200.   12.75140765   12.5957   0.000       0.000     -0.1362E-03   0.000    -0.7958E-02 0.8094E-02  0.000      0.000      0.000      0.000       0.000       0.000       0.000       0.000       0.000       0.000    
   100800.   12.59916508   12.6039   0.000       0.000      0.4101E-05   0.000    -0.2872E-02 0.2868E-02  0.000      0.000      0.000      0.000       0.000       0.000       0.000       0.000       0.000       0.000    
   104400.   12.52821084   12.6063   0.000       0.000      0.6835E-04   0.000    -0.1303E-02 0.1235E-02  0.000      0.000      0.000      0.000       0.000       0.000       0.000       0.000       0.000       0.000    
   108000.   12.50602458   12.6073   0.000       0.000      0.8861E-04   0.000    -0.1153E-02 0.1065E-02  0.000      0.000      0.000      0.000       0.000       0.000       0.000       0.000       0.000       0.000    
   111600.   12.47141603   12.6056   0.000       0.000      0.1174E-03   0.000    -0.3687E-03 0.2513E-03  0.000      0.000      0.000      0.000       0.000       0.000       0.000       0.000       0.000       0.000    
   115200.   12.44329549   12.6019   0.000       0.000      0.1388E-03   0.000     0.1799E-03-0.3187E-03  0.000      0.000      0.000      0.000       0.000       0.000       0.000       0.000       0.000       0.000    
   118800.   12.42300211   12.5970   0.000       0.000      0.1523E-03   0.000     0.4883E-03-0.6406E-03  0.000      0.000      0.000      0.000       0.000       0.000       0.000       0.000       0.000       0.000    
   122400.   12.43214657   12.5933   0.000       0.000      0.1410E-03   0.000    -0.7298E-04-0.6805E-04  0.000      0.000      0.000      0.000       0.000       0.000       0.000       0.000       0.000       0.000    
   126000.   12.41145986   12.5882   0.000       0.000      0.1546E-03   0.000     0.4651E-03-0.6197E-03  0.000      0.000      0.000      0.000       0.000       0.000       0.000       0.000       0.000       0.000    
   129600.   12.46422862   12.5878   0.000       0.000      0.1081E-03   0.000    -0.1365E-02 0.1257E-02  0.000      0.000      0.000      0.000       0.000       0.000       0.000       0.000       0.000       0.000    
   133200.   12.43773822   12.5851   0.000       0.000      0.1289E-03   0.000    -0.3333E-03 0.2044E-03  0.000      0.000      0.000      0.000       0.000       0.000       0.000       0.000       0.000       0.000    
   136800.   12.42839169   12.5818   0.000       0.000      0.1342E-03   0.000    -0.1784E-03 0.4416E-04  0.000      0.000      0.000      0.000       0.000       0.000       0.000       0.000       0.000       0.000    
   140400.   12.40547775   12.5769   0.000       0.000      0.1500E-03   0.000     0.3807E-03-0.5307E-03  0.000      0.000      0.000      0.000       0.000       0.000       0.000       0.000       0.000       0.000    
   144000.   12.40107149   12.5722   0.000       0.000      0.1497E-03   0.000     0.2728E-03-0.4225E-03  0.000      0.000      0.000      0.000       0.000       0.000       0.000       0.000       0.000       0.000    
   147600.   12.39911120   12.5676   0.000       0.000      0.1474E-03   0.000     0.1654E-03-0.3128E-03  0.000      0.000      0.000      0.000       0.000       0.000       0.000       0.000       0.000       0.000    
   151200.   12.39806182   12.5632   0.000       0.000      0.1445E-03   0.000     0.6871E-04-0.2132E-03  0.000      0.000      0.000      0.000       0.000       0.000       0.000       0.000       0.000       0.000    
   154800.   12.39738788   12.5591   0.000       0.000      0.1415E-03   0.000    -0.1980E-04-0.1217E-03  0.000      0.000      0.000      0.000       0.000       0.000       0.000       0.000       0.000       0.000    
   158400.   12.41094408   12.5564   0.000       0.000      0.1273E-03   0.000    -0.5302E-03 0.4029E-03  0.000      0.000      0.000      0.000       0.000       0.000       0.000       0.000       0.000       0.000    
   162000.   12.46949404   12.5587   0.000       0.000      0.7801E-04   0.000    -0.2301E-02 0.2223E-02  0.000      0.000      0.000      0.000       0.000       0.000       0.000       0.000       0.000       0.000    
   165600.   12.46648349   12.5602   0.000       0.000      0.8198E-04   0.000    -0.1843E-02 0.1761E-02  0.000      0.000      0.000      0.000       0.000       0.000       0.000       0.000       0.000       0.000    
   169200.   12.41987649   12.5577   0.000       0.000      0.1206E-03   0.000    -0.3134E-03 0.1928E-03  0.000      0.000      0.000      0.000       0.000       0.000       0.000       0.000       0.000       0.000    
   172800.   12.40587153   12.5544   0.000       0.000      0.1300E-03   0.000    -0.1507E-03 0.2068E-04  0.000      0.000      0.000      0.000       0.000       0.000       0.000       0.000       0.000       0.000    
