TOTIM (T)      HCON          HMAT      QDIR      QWELL        QMAT       QCADS      QTUB1      QTUB2      QTUB3      QTUB4      QTUB5      QTUB6       NSTOR        QFIX        QLH     FHLQ (LQ)        CAUCHY   CAUCHY (LQ)
     3600.   12.36082506   12.3617   0.000       0.000      0.7590E-06   0.000     0.7164E-02-0.7165E-02  0.000      0.000      0.000      0.000       0.000       0.000       0.000       0.000       0.000       0.000    
     7200.   12.34684054   12.3606   0.000       0.000      0.1200E-04   0.000     0.6655E-02-0.6667E-02  0.000      0.000      0.000      0.000       0.000       0.000       0.000       0.000       0.000       0.000    
    10800.   12.34432442   12.3593   0.000       0.000      0.1315E-04   0.000     0.6772E-02-0.6785E-02  0.000      0.000      0.000      0.000       0.000       0.000       0.000       0.000       0.000       0.000    
    14400.   12.34314780   12.3582   0.000       0.000      0.1313E-04   0.000     0.6839E-02-0.6852E-02  0.000      0.000      0.000      0.000       0.000       0.000       0.000       0.000       0.000       0.000    
    18000.   12.34240818   12.3570   0.000       0.000      0.1276E-04   0.000     0.6874E-02-0.6887E-02  0.000      0.000      0.000      0.000       0.000       0.000       0.000       0.000       0.000       0.000    
    21600.   12.34186029   12.3559   0.000       0.000      0.1226E-04   0.000     0.6894E-02-0.6907E-02  0.000      0.000      0.000      0.000       0.000       0.000       0.000       0.000       0.000       0.000    
    25200.   12.34139963   12.3548   0.000       0.000      0.1172E-04   0.000     0.6907E-02-0.6919E-02  0.000      0.000      0.000      0.000       0.000       0.000       0.000       0.000       0.000       0.000    
    28800.   12.34100664   12.3538   0.000       0.000      0.1116E-04   0.000     0.6915E-02-0.6926E-02  0.000      0.000      0.000      0.000       0.000       0.000       0.000       0.000       0.000       0.000    
    32400.   12.34062112   12.3528   0.000       0.000      0.1063E-04   0.000     0.6921E-02-0.6931E-02  0.000      0.000      0.000      0.000       0.000       0.000       0.000       0.000       0.000       0.000    
    36000.   12.34023880   12.3518   0.000       0.000      0.1013E-04   0.000     0.6926E-02-0.6936E-02  0.000      0.000      0.000      0.000       0.000       0.000       0.000       0.000       0.000       0.000    
    39600.   12.33985818   12.3509   0.000       0.000      0.9663E-05   0.000     0.6931E-02-0.6941E-02  0.000      0.000      0.000      0.000       0.000       0.000       0.000       0.000       0.000       0.000    
    43200.   12.35351407   12.3512   0.000       0.000     -0.2057E-05   0.000     0.7441E-02-0.7439E-02  0.000      0.000      0.000      0.000       0.000       0.000       0.000       0.000       0.000       0.000    
    46800.   12.35568076   12.3515   0.000       0.000     -0.3637E-05   0.000     0.7326E-02-0.7323E-02  0.000      0.000      0.000      0.000       0.000       0.000       0.000       0.000       0.000       0.000    
    50400.   12.34244972   12.3508   0.000       0.000      0.7264E-05   0.000     0.6757E-02-0.6764E-02  0.000      0.000      0.000      0.000       0.000       0.000       0.000       0.000       0.000       0.000    
    54000.   12.35433331   12.3511   0.000       0.000     -0.2864E-05   0.000     0.7348E-02-0.7345E-02  0.000      0.000      0.000      0.000       0.000       0.000       0.000       0.000       0.000       0.000    
    57600.   12.39109459   12.3543   0.000       0.000     -0.3217E-04   0.000     0.8534E-02-0.8502E-02  0.000      0.000      0.000      0.000       0.000       0.000       0.000       0.000       0.000       0.000    
    61200.   12.50383443   12.3665   0.000       0.000     -0.1202E-03   0.000     0.1195E-01-0.1183E-01  0.000      0.000      0.000      0.000       0.000       0.000       0.000       0.000       0.000       0.000    
    64800.   12.49817348   12.3767   0.000       0.000     -0.1063E-03   0.000     0.9861E-02-0.9755E-02  0.000      0.000      0.000      0.000       0.000       0.000       0.000       0.000       0.000       0.000    
    68400.   12.49716384   12.3861   0.000       0.000     -0.9719E-04   0.000     0.9236E-02-0.9139E-02  0.000      0.000      0.000      0.000       0.000       0.000       0.000       0.000       0.000       0.000    
    72000.   12.46538953   12.3922   0.000       0.000     -0.6404E-04   0.000     0.7854E-02-0.7790E-02  0.000      0.000      0.000      0.000       0.000       0.000       0.000       0.000       0.000       0.000    
    75600.   12.43409860   12.3955   0.000       0.000     -0.3381E-04   0.000     0.7067E-02-0.7033E-02  0.000      0.000      0.000      0.000       0.000       0.000       0.000       0.000       0.000       0.000    
    79200.   12.51364484   12.4052   0.000       0.000     -0.9488E-04   0.000     0.1042E-01-0.1033E-01  0.000      0.000      0.000      0.000       0.000       0.000       0.000       0.000       0.000       0.000    
    82800.   12.52772102   12.4151   0.000       0.000     -0.9852E-04   0.000     0.9881E-02-0.9783E-02  0.000      0.000      0.000      0.000       0.000       0.000       0.000       0.000       0.000       0.000    
    86400.   12.54217851   12.4254   0.000       0.000     -0.1022E-03   0.000     0.9797E-02-0.9694E-02  0.000      0.000      0.000      0.000       0.000       0.000       0.000       0.000       0.000       0.000    
    90000.   12.62621846   12.4418   0.000       0.000     -0.1613E-03   0.000     0.1232E-01-0.1215E-01  0.000      0.000      0.000      0.000       0.000       0.000       0.000       0.000       0.000       0.000    
    93600.   12.82132925   12.4727   0.000       0.000     -0.3050E-03   0.000     0.1779E-01-0.1749E-01  0.000      0.000      0.000      0.000       0.000       0.000       0.000       0.000       0.000       0.000    
    97200.   12.75138233   12.4948   0.000       0.000     -0.2245E-03   0.000     0.1183E-01-0.1160E-01  0.000      0.000      0.000      0.000       0.000       0.000       0.000       0.000       0.000       0.000    
   100800.   12.59916058   12.5029   0.000       0.000     -0.8424E-04   0.000     0.6141E-02-0.6057E-02  0.000      0.000      0.000      0.000       0.000       0.000       0.000       0.000       0.000       0.000    
   104400.   12.52820902   12.5054   0.000       0.000     -0.2000E-04   0.000     0.5640E-02-0.5620E-02  0.000      0.000      0.000      0.000       0.000       0.000       0.000       0.000       0.000       0.000    
   108000.   12.50602249   12.5063   0.000       0.000      0.2647E-06   0.000     0.6478E-02-0.6478E-02  0.000      0.000      0.000      0.000       0.000       0.000       0.000       0.000       0.000       0.000    
   111600.   12.47141440   12.5046   0.000       0.000      0.2905E-04   0.000     0.6077E-02-0.6106E-02  0.000      0.000      0.000      0.000       0.000       0.000       0.000       0.000       0.000       0.000    
   115200.   12.44329409   12.5009   0.000       0.000      0.5044E-04   0.000     0.5860E-02-0.5910E-02  0.000      0.000      0.000      0.000       0.000       0.000       0.000       0.000       0.000       0.000    
   118800.   12.42300081   12.4960   0.000       0.000      0.6390E-04   0.000     0.5828E-02-0.5891E-02  0.000      0.000      0.000      0.000       0.000       0.000       0.000       0.000       0.000       0.000    
   122400.   12.43214476   12.4923   0.000       0.000      0.5268E-04   0.000     0.6710E-02-0.6763E-02  0.000      0.000      0.000      0.000       0.000       0.000       0.000       0.000       0.000       0.000    
   126000.   12.41145847   12.4872   0.000       0.000      0.6628E-04   0.000     0.6055E-02-0.6122E-02  0.000      0.000      0.000      0.000       0.000       0.000       0.000       0.000       0.000       0.000    
   129600.   12.46422573   12.4868   0.000       0.000      0.1978E-04   0.000     0.8304E-02-0.8324E-02  0.000      0.000      0.000      0.000       0.000       0.000       0.000       0.000       0.000       0.000    
   133200.   12.43773633   12.4841   0.000       0.000      0.4055E-04   0.000     0.6725E-02-0.6766E-02  0.000      0.000      0.000      0.000       0.000       0.000       0.000       0.000       0.000       0.000    
   136800.   12.42838990   12.4808   0.000       0.000      0.4588E-04   0.000     0.6596E-02-0.6642E-02  0.000      0.000      0.000      0.000       0.000       0.000       0.000       0.000       0.000       0.000    
   140400.   12.40547635   12.4760   0.000       0.000      0.6166E-04   0.000     0.6004E-02-0.6065E-02  0.000      0.000      0.000      0.000       0.000       0.000       0.000       0.000       0.000       0.000    
   144000.   12.40106995   12.4712   0.000       0.000      0.6133E-04   0.000     0.6279E-02-0.6341E-02  0.000      0.000      0.000      0.000       0.000       0.000       0.000       0.000       0.000       0.000    
   147600.   12.39910957   12.4666   0.000       0.000      0.5903E-04   0.000     0.6445E-02-0.6504E-02  0.000      0.000      0.000      0.000       0.000       0.000       0.000       0.000       0.000       0.000    
   151200.   12.39806012   12.4622   0.000       0.000      0.5615E-04   0.000     0.6542E-02-0.6598E-02  0.000      0.000      0.000      0.000       0.000       0.000       0.000       0.000       0.000       0.000    
   154800.   12.39738613   12.4581   0.000       0.000      0.5315E-04   0.000     0.6608E-02-0.6661E-02  0.000      0.000      0.000      0.000       0.000       0.000       0.000       0.000       0.000       0.000    
   158400.   12.41094195   12.4554   0.000       0.000      0.3891E-04   0.000     0.7161E-02-0.7200E-02  0.000      0.000      0.000      0.000       0.000       0.000       0.000       0.000       0.000       0.000    
   162000.   12.46949048   12.4576   0.000       0.000     -0.1038E-04   0.000     0.9087E-02-0.9076E-02  0.000      0.000      0.000      0.000       0.000       0.000       0.000       0.000       0.000       0.000    
   165600.   12.46648057   12.4591   0.000       0.000     -0.6424E-05   0.000     0.8073E-02-0.8067E-02  0.000      0.000      0.000      0.000       0.000       0.000       0.000       0.000       0.000       0.000    
   169200.   12.41987484   12.4567   0.000       0.000      0.3219E-04   0.000     0.6155E-02-0.6187E-02  0.000      0.000      0.000      0.000       0.000       0.000       0.000       0.000       0.000       0.000    
   172800.   12.40586988   12.4534   0.000       0.000      0.4159E-04   0.000     0.6256E-02-0.6297E-02  0.000      0.000      0.000      0.000       0.000       0.000       0.000       0.000       0.000       0.000    
