TOTIM (T)      HCON          HMAT      QDIR      QWELL        QMAT       QCADS      QTUB1      QTUB2      QTUB3      QTUB4      QTUB5      QTUB6       NSTOR        QFIX        QLH     FHLQ (LQ)        CAUCHY   CAUCHY (LQ)
     3600.   12.36082646   12.4762   0.000       0.000      0.1009E-03   0.000     0.4010E-03 0.4219E-03-0.9238E-03  0.000      0.000      0.000       0.000       0.000       0.000       0.000       0.000       0.000    
     7200.   12.34684171   12.4752   0.000       0.000      0.1123E-03   0.000     0.4123E-03-0.7502E-04-0.4496E-03  0.000      0.000      0.000       0.000       0.000       0.000       0.000       0.000       0.000    
    10800.   12.34432561   12.4744   0.000       0.000      0.1138E-03   0.000     0.4134E-03-0.6338E-04-0.4639E-03  0.000      0.000      0.000       0.000       0.000       0.000       0.000       0.000       0.000    
    14400.   12.34314901   12.4737   0.000       0.000      0.1142E-03   0.000     0.4134E-03-0.4067E-04-0.4870E-03  0.000      0.000      0.000       0.000       0.000       0.000       0.000       0.000       0.000    
    18000.   12.34240940   12.4732   0.000       0.000      0.1144E-03   0.000     0.4131E-03-0.1891E-04-0.5086E-03  0.000      0.000      0.000       0.000       0.000       0.000       0.000       0.000       0.000    
    21600.   12.34186152   12.4728   0.000       0.000      0.1145E-03   0.000     0.4126E-03 0.1352E-05-0.5285E-03  0.000      0.000      0.000       0.000       0.000       0.000       0.000       0.000       0.000    
    25200.   12.34140086   12.4725   0.000       0.000      0.1147E-03   0.000     0.4122E-03 0.2014E-04-0.5470E-03  0.000      0.000      0.000       0.000       0.000       0.000       0.000       0.000       0.000    
    28800.   12.34100788   12.4723   0.000       0.000      0.1149E-03   0.000     0.4117E-03 0.3746E-04-0.5640E-03  0.000      0.000      0.000       0.000       0.000       0.000       0.000       0.000       0.000    
    32400.   12.34062237   12.4722   0.000       0.000      0.1152E-03   0.000     0.4112E-03 0.5356E-04-0.5799E-03  0.000      0.000      0.000       0.000       0.000       0.000       0.000       0.000       0.000    
    36000.   12.34024005   12.4722   0.000       0.000      0.1155E-03   0.000     0.4108E-03 0.6844E-04-0.5947E-03  0.000      0.000      0.000       0.000       0.000       0.000       0.000       0.000       0.000    
    39600.   12.33985944   12.4723   0.000       0.000      0.1159E-03   0.000     0.4104E-03 0.8221E-04-0.6085E-03  0.000      0.000      0.000       0.000       0.000       0.000       0.000       0.000       0.000    
    43200.   12.35351556   12.4734   0.000       0.000      0.1049E-03   0.000     0.3988E-03 0.5918E-03-0.1095E-02  0.000      0.000      0.000       0.000       0.000       0.000       0.000       0.000       0.000    
    46800.   12.35568223   12.4744   0.000       0.000      0.1038E-03   0.000     0.3973E-03 0.5919E-03-0.1093E-02  0.000      0.000      0.000       0.000       0.000       0.000       0.000       0.000       0.000    
    50400.   12.34245095   12.4743   0.000       0.000      0.1154E-03   0.000     0.4083E-03 0.8341E-04-0.6071E-03  0.000      0.000      0.000       0.000       0.000       0.000       0.000       0.000       0.000    
    54000.   12.35433478   12.4751   0.000       0.000      0.1057E-03   0.000     0.3983E-03 0.5801E-03-0.1084E-02  0.000      0.000      0.000       0.000       0.000       0.000       0.000       0.000       0.000    
    57600.   12.39109815   12.4783   0.000       0.000      0.7631E-04   0.000     0.3690E-03 0.1822E-02-0.2267E-02  0.000      0.000      0.000       0.000       0.000       0.000       0.000       0.000       0.000    
    61200.   12.50384296   12.4884   0.000       0.000     -0.1355E-04   0.000     0.2810E-03 0.5507E-02-0.5774E-02  0.000      0.000      0.000       0.000       0.000       0.000       0.000       0.000       0.000    
    64800.   12.49817973   12.4953   0.000       0.000     -0.2541E-05   0.000     0.2949E-03 0.4359E-02-0.4651E-02  0.000      0.000      0.000       0.000       0.000       0.000       0.000       0.000       0.000    
    68400.   12.49716943   12.5004   0.000       0.000      0.2799E-05   0.000     0.3038E-03 0.3899E-02-0.4205E-02  0.000      0.000      0.000       0.000       0.000       0.000       0.000       0.000       0.000    
    72000.   12.46539364   12.5019   0.000       0.000      0.3193E-04   0.000     0.3368E-03 0.2484E-02-0.2853E-02  0.000      0.000      0.000       0.000       0.000       0.000       0.000       0.000       0.000    
    75600.   12.43410184   12.5007   0.000       0.000      0.5827E-04   0.000     0.3668E-03 0.1367E-02-0.1792E-02  0.000      0.000      0.000       0.000       0.000       0.000       0.000       0.000       0.000    
    79200.   12.51365154   12.5051   0.000       0.000     -0.7520E-05   0.000     0.3054E-03 0.4285E-02-0.4583E-02  0.000      0.000      0.000       0.000       0.000       0.000       0.000       0.000       0.000    
    82800.   12.52772722   12.5088   0.000       0.000     -0.1654E-04   0.000     0.3013E-03 0.4183E-02-0.4468E-02  0.000      0.000      0.000       0.000       0.000       0.000       0.000       0.000       0.000    
    86400.   12.54218466   12.5123   0.000       0.000     -0.2616E-04   0.000     0.2972E-03 0.4267E-02-0.4538E-02  0.000      0.000      0.000       0.000       0.000       0.000       0.000       0.000       0.000    
    90000.   12.62622780   12.5204   0.000       0.000     -0.9257E-04   0.000     0.2374E-03 0.6835E-02-0.6980E-02  0.000      0.000      0.000       0.000       0.000       0.000       0.000       0.000       0.000    
    93600.   12.82139956   12.5401   0.000       0.000     -0.2461E-03   0.000     0.9284E-04 0.1282E-01-0.1267E-01  0.000      0.000      0.000       0.000       0.000       0.000       0.000       0.000       0.000    
    97200.   12.75141417   12.5498   0.000       0.000     -0.1764E-03   0.000     0.1724E-03 0.8423E-02-0.8419E-02  0.000      0.000      0.000       0.000       0.000       0.000       0.000       0.000       0.000    
   100800.   12.59916589   12.5463   0.000       0.000     -0.4630E-04   0.000     0.3117E-03 0.2507E-02-0.2772E-02  0.000      0.000      0.000       0.000       0.000       0.000       0.000       0.000       0.000    
   104400.   12.52821094   12.5382   0.000       0.000      0.8751E-05   0.000     0.3748E-03 0.5636E-03-0.9471E-03  0.000      0.000      0.000       0.000       0.000       0.000       0.000       0.000       0.000    
   108000.   12.50602467   12.5298   0.000       0.000      0.2078E-04   0.000     0.3939E-03 0.3025E-03-0.7172E-03  0.000      0.000      0.000       0.000       0.000       0.000       0.000       0.000       0.000    
   111600.   12.47141604   12.5199   0.000       0.000      0.4244E-04   0.000     0.4215E-03-0.6456E-03 0.1817E-03  0.000      0.000      0.000       0.000       0.000       0.000       0.000       0.000       0.000    
   115200.   12.44329543   12.5095   0.000       0.000      0.5790E-04   0.000     0.4417E-03-0.1314E-02 0.8149E-03  0.000      0.000      0.000       0.000       0.000       0.000       0.000       0.000       0.000    
   118800.   12.42300202   12.4992   0.000       0.000      0.6663E-04   0.000     0.4540E-03-0.1697E-02 0.1176E-02  0.000      0.000      0.000       0.000       0.000       0.000       0.000       0.000       0.000    
   122400.   12.43214654   12.4911   0.000       0.000      0.5162E-04   0.000     0.4417E-03-0.1062E-02 0.5689E-03  0.000      0.000      0.000       0.000       0.000       0.000       0.000       0.000       0.000    
   126000.   12.41145977   12.4829   0.000       0.000      0.6248E-04   0.000     0.4543E-03-0.1677E-02 0.1160E-02  0.000      0.000      0.000       0.000       0.000       0.000       0.000       0.000       0.000    
   129600.   12.46422873   12.4798   0.000       0.000      0.1361E-04   0.000     0.4068E-03 0.4364E-03-0.8568E-03  0.000      0.000      0.000       0.000       0.000       0.000       0.000       0.000       0.000    
   133200.   12.43773822   12.4751   0.000       0.000      0.3269E-04   0.000     0.4266E-03-0.7164E-03 0.2572E-03  0.000      0.000      0.000       0.000       0.000       0.000       0.000       0.000       0.000    
   136800.   12.42839167   12.4707   0.000       0.000      0.3698E-04   0.000     0.4310E-03-0.9003E-03 0.4324E-03  0.000      0.000      0.000       0.000       0.000       0.000       0.000       0.000       0.000    
   140400.   12.40547767   12.4655   0.000       0.000      0.5254E-04   0.000     0.4459E-03-0.1552E-02 0.1054E-02  0.000      0.000      0.000       0.000       0.000       0.000       0.000       0.000       0.000    
   144000.   12.40107142   12.4613   0.000       0.000      0.5269E-04   0.000     0.4448E-03-0.1441E-02 0.9436E-03  0.000      0.000      0.000       0.000       0.000       0.000       0.000       0.000       0.000    
   147600.   12.39911115   12.4579   0.000       0.000      0.5148E-04   0.000     0.4418E-03-0.1319E-02 0.8262E-03  0.000      0.000      0.000       0.000       0.000       0.000       0.000       0.000       0.000    
   151200.   12.39806177   12.4554   0.000       0.000      0.5021E-04   0.000     0.4382E-03-0.1206E-02 0.7172E-03  0.000      0.000      0.000       0.000       0.000       0.000       0.000       0.000       0.000    
   154800.   12.39738785   12.4537   0.000       0.000      0.4927E-04   0.000     0.4347E-03-0.1100E-02 0.6159E-03  0.000      0.000      0.000       0.000       0.000       0.000       0.000       0.000       0.000    
   158400.   12.41094410   12.4536   0.000       0.000      0.3731E-04   0.000     0.4199E-03-0.5052E-03 0.4794E-04  0.000      0.000      0.000       0.000       0.000       0.000       0.000       0.000       0.000    
   162000.   12.46949425   12.4579   0.000       0.000     -0.1015E-04   0.000     0.3702E-03 0.1560E-02-0.1920E-02  0.000      0.000      0.000       0.000       0.000       0.000       0.000       0.000       0.000    
   165600.   12.46648365   12.4612   0.000       0.000     -0.4600E-05   0.000     0.3737E-03 0.1078E-02-0.1447E-02  0.000      0.000      0.000       0.000       0.000       0.000       0.000       0.000       0.000    
   169200.   12.41987649   12.4610   0.000       0.000      0.3595E-04   0.000     0.4119E-03-0.6840E-03 0.2361E-03  0.000      0.000      0.000       0.000       0.000       0.000       0.000       0.000       0.000    
   172800.   12.40587151   12.4603   0.000       0.000      0.4764E-04   0.000     0.4210E-03-0.9045E-03 0.4359E-03  0.000      0.000      0.000       0.000       0.000       0.000       0.000       0.000       0.000    
