TOTIM (T)      HCON          HMAT      QDIR      QWELL        QMAT       QCADS      QTUB1      QTUB2      QTUB3      QTUB4      QTUB5      QTUB6       NSTOR        QFIX        QLH     FHLQ (LQ)        CAUCHY   CAUCHY (LQ)
     3600.   12.36082654   12.4578   0.000       0.000      0.8483E-04   0.000     0.1334E-02-0.1419E-02  0.000      0.000      0.000      0.000       0.000       0.000       0.000       0.000       0.000       0.000    
     7200.   12.34684186   12.4566   0.000       0.000      0.9607E-04   0.000     0.9643E-03-0.1060E-02  0.000      0.000      0.000      0.000       0.000       0.000       0.000       0.000       0.000       0.000    
    10800.   12.34432576   12.4554   0.000       0.000      0.9722E-04   0.000     0.9687E-03-0.1066E-02  0.000      0.000      0.000      0.000       0.000       0.000       0.000       0.000       0.000       0.000    
    14400.   12.34314915   12.4542   0.000       0.000      0.9721E-04   0.000     0.9895E-03-0.1087E-02  0.000      0.000      0.000      0.000       0.000       0.000       0.000       0.000       0.000       0.000    
    18000.   12.34240954   12.4531   0.000       0.000      0.9684E-04   0.000     0.1008E-02-0.1105E-02  0.000      0.000      0.000      0.000       0.000       0.000       0.000       0.000       0.000       0.000    
    21600.   12.34186165   12.4520   0.000       0.000      0.9634E-04   0.000     0.1025E-02-0.1121E-02  0.000      0.000      0.000      0.000       0.000       0.000       0.000       0.000       0.000       0.000    
    25200.   12.34140100   12.4509   0.000       0.000      0.9580E-04   0.000     0.1040E-02-0.1135E-02  0.000      0.000      0.000      0.000       0.000       0.000       0.000       0.000       0.000       0.000    
    28800.   12.34100801   12.4499   0.000       0.000      0.9524E-04   0.000     0.1053E-02-0.1149E-02  0.000      0.000      0.000      0.000       0.000       0.000       0.000       0.000       0.000       0.000    
    32400.   12.34062250   12.4489   0.000       0.000      0.9471E-04   0.000     0.1066E-02-0.1161E-02  0.000      0.000      0.000      0.000       0.000       0.000       0.000       0.000       0.000       0.000    
    36000.   12.34024018   12.4479   0.000       0.000      0.9421E-04   0.000     0.1078E-02-0.1173E-02  0.000      0.000      0.000      0.000       0.000       0.000       0.000       0.000       0.000       0.000    
    39600.   12.33985957   12.4470   0.000       0.000      0.9374E-04   0.000     0.1090E-02-0.1183E-02  0.000      0.000      0.000      0.000       0.000       0.000       0.000       0.000       0.000       0.000    
    43200.   12.35351562   12.4473   0.000       0.000      0.8202E-04   0.000     0.1469E-02-0.1551E-02  0.000      0.000      0.000      0.000       0.000       0.000       0.000       0.000       0.000       0.000    
    46800.   12.35568230   12.4476   0.000       0.000      0.8044E-04   0.000     0.1475E-02-0.1555E-02  0.000      0.000      0.000      0.000       0.000       0.000       0.000       0.000       0.000       0.000    
    50400.   12.34245108   12.4468   0.000       0.000      0.9134E-04   0.000     0.1094E-02-0.1185E-02  0.000      0.000      0.000      0.000       0.000       0.000       0.000       0.000       0.000       0.000    
    54000.   12.35433484   12.4471   0.000       0.000      0.8121E-04   0.000     0.1458E-02-0.1539E-02  0.000      0.000      0.000      0.000       0.000       0.000       0.000       0.000       0.000       0.000    
    57600.   12.39109805   12.4504   0.000       0.000      0.5190E-04   0.000     0.2387E-02-0.2439E-02  0.000      0.000      0.000      0.000       0.000       0.000       0.000       0.000       0.000       0.000    
    61200.   12.50384240   12.4625   0.000       0.000     -0.3614E-04   0.000     0.5130E-02-0.5094E-02  0.000      0.000      0.000      0.000       0.000       0.000       0.000       0.000       0.000       0.000    
    64800.   12.49817933   12.4728   0.000       0.000     -0.2220E-04   0.000     0.4298E-02-0.4276E-02  0.000      0.000      0.000      0.000       0.000       0.000       0.000       0.000       0.000       0.000    
    68400.   12.49716907   12.4822   0.000       0.000     -0.1311E-04   0.000     0.3912E-02-0.3899E-02  0.000      0.000      0.000      0.000       0.000       0.000       0.000       0.000       0.000       0.000    
    72000.   12.46539346   12.4883   0.000       0.000      0.2003E-04   0.000     0.2847E-02-0.2867E-02  0.000      0.000      0.000      0.000       0.000       0.000       0.000       0.000       0.000       0.000    
    75600.   12.43410179   12.4916   0.000       0.000      0.5027E-04   0.000     0.2000E-02-0.2051E-02  0.000      0.000      0.000      0.000       0.000       0.000       0.000       0.000       0.000       0.000    
    79200.   12.51365111   12.5013   0.000       0.000     -0.1080E-04   0.000     0.4162E-02-0.4151E-02  0.000      0.000      0.000      0.000       0.000       0.000       0.000       0.000       0.000       0.000    
    82800.   12.52772683   12.5112   0.000       0.000     -0.1444E-04   0.000     0.4119E-02-0.4105E-02  0.000      0.000      0.000      0.000       0.000       0.000       0.000       0.000       0.000       0.000    
    86400.   12.54218425   12.5215   0.000       0.000     -0.1809E-04   0.000     0.4158E-02-0.4140E-02  0.000      0.000      0.000      0.000       0.000       0.000       0.000       0.000       0.000       0.000    
    90000.   12.62622705   12.5379   0.000       0.000     -0.7727E-04   0.000     0.6051E-02-0.5974E-02  0.000      0.000      0.000      0.000       0.000       0.000       0.000       0.000       0.000       0.000    
    93600.   12.82136924   12.5688   0.000       0.000     -0.2210E-03   0.000     0.1050E-01-0.1028E-01  0.000      0.000      0.000      0.000       0.000       0.000       0.000       0.000       0.000       0.000    
    97200.   12.75140157   12.5909   0.000       0.000     -0.1405E-03   0.000     0.7263E-02-0.7122E-02  0.000      0.000      0.000      0.000       0.000       0.000       0.000       0.000       0.000       0.000    
   100800.   12.59916432   12.5990   0.000       0.000     -0.1530E-06   0.000     0.2767E-02-0.2766E-02  0.000      0.000      0.000      0.000       0.000       0.000       0.000       0.000       0.000       0.000    
   104400.   12.52821089   12.6015   0.000       0.000      0.6409E-04   0.000     0.1267E-02-0.1331E-02  0.000      0.000      0.000      0.000       0.000       0.000       0.000       0.000       0.000       0.000    
   108000.   12.50602467   12.6024   0.000       0.000      0.8436E-04   0.000     0.1089E-02-0.1174E-02  0.000      0.000      0.000      0.000       0.000       0.000       0.000       0.000       0.000       0.000    
   111600.   12.47141624   12.6007   0.000       0.000      0.1131E-03   0.000     0.4071E-03-0.5203E-03  0.000      0.000      0.000      0.000       0.000       0.000       0.000       0.000       0.000       0.000    
   115200.   12.44329572   12.5970   0.000       0.000      0.1345E-03   0.000    -0.8971E-04-0.4482E-04  0.000      0.000      0.000      0.000       0.000       0.000       0.000       0.000       0.000       0.000    
   118800.   12.42300236   12.5921   0.000       0.000      0.1480E-03   0.000    -0.3728E-03 0.2248E-03  0.000      0.000      0.000      0.000       0.000       0.000       0.000       0.000       0.000       0.000    
   122400.   12.43214680   12.5885   0.000       0.000      0.1368E-03   0.000     0.9984E-04-0.2366E-03  0.000      0.000      0.000      0.000       0.000       0.000       0.000       0.000       0.000       0.000    
   126000.   12.41146012   12.5833   0.000       0.000      0.1504E-03   0.000    -0.3485E-03 0.1981E-03  0.000      0.000      0.000      0.000       0.000       0.000       0.000       0.000       0.000       0.000    
   129600.   12.46422880   12.5829   0.000       0.000      0.1039E-03   0.000     0.1210E-02-0.1314E-02  0.000      0.000      0.000      0.000       0.000       0.000       0.000       0.000       0.000       0.000    
   133200.   12.43773845   12.5802   0.000       0.000      0.1247E-03   0.000     0.3731E-03-0.4977E-03  0.000      0.000      0.000      0.000       0.000       0.000       0.000       0.000       0.000       0.000    
   136800.   12.42839191   12.5769   0.000       0.000      0.1300E-03   0.000     0.2103E-03-0.3403E-03  0.000      0.000      0.000      0.000       0.000       0.000       0.000       0.000       0.000       0.000    
   140400.   12.40547800   12.5721   0.000       0.000      0.1458E-03   0.000    -0.2747E-03 0.1290E-03  0.000      0.000      0.000      0.000       0.000       0.000       0.000       0.000       0.000       0.000    
   144000.   12.40107173   12.5673   0.000       0.000      0.1454E-03   0.000    -0.1966E-03 0.5115E-04  0.000      0.000      0.000      0.000       0.000       0.000       0.000       0.000       0.000       0.000    
   147600.   12.39911145   12.5627   0.000       0.000      0.1431E-03   0.000    -0.9942E-04-0.4372E-04  0.000      0.000      0.000      0.000       0.000       0.000       0.000       0.000       0.000       0.000    
   151200.   12.39806206   12.5584   0.000       0.000      0.1403E-03   0.000    -0.1119E-04-0.1291E-03  0.000      0.000      0.000      0.000       0.000       0.000       0.000       0.000       0.000       0.000    
   154800.   12.39738812   12.5543   0.000       0.000      0.1373E-03   0.000     0.7002E-04-0.2073E-03  0.000      0.000      0.000      0.000       0.000       0.000       0.000       0.000       0.000       0.000    
   158400.   12.41094430   12.5516   0.000       0.000      0.1230E-03   0.000     0.5143E-03-0.6373E-03  0.000      0.000      0.000      0.000       0.000       0.000       0.000       0.000       0.000       0.000    
   162000.   12.46949418   12.5538   0.000       0.000      0.7375E-04   0.000     0.2054E-02-0.2128E-02  0.000      0.000      0.000      0.000       0.000       0.000       0.000       0.000       0.000       0.000    
   165600.   12.46648366   12.5553   0.000       0.000      0.7772E-04   0.000     0.1712E-02-0.1789E-02  0.000      0.000      0.000      0.000       0.000       0.000       0.000       0.000       0.000       0.000    
   169200.   12.41987672   12.5528   0.000       0.000      0.1163E-03   0.000     0.3845E-03-0.5008E-03  0.000      0.000      0.000      0.000       0.000       0.000       0.000       0.000       0.000       0.000    
   172800.   12.40587175   12.5496   0.000       0.000      0.1257E-03   0.000     0.2036E-03-0.3294E-03  0.000      0.000      0.000      0.000       0.000       0.000       0.000       0.000       0.000       0.000    
