TOTIM (T)      HCON          HMAT      QDIR      QWELL        QMAT       QCADS      QTUB1      QTUB2      QTUB3      QTUB4      QTUB5      QTUB6       NSTOR        QFIX        QLH     FHLQ (LQ)        CAUCHY   CAUCHY (LQ)
     3600.   12.36082560   12.3860   0.000       0.000      0.2206E-04   0.000     0.2206E-02-0.2228E-02  0.000      0.000      0.000      0.000       0.000       0.000       0.000       0.000       0.000       0.000    
     7200.   12.34684105   12.3849   0.000       0.000      0.3330E-04   0.000     0.2062E-02-0.2095E-02  0.000      0.000      0.000      0.000       0.000       0.000       0.000       0.000       0.000       0.000    
    10800.   12.34432494   12.3837   0.000       0.000      0.3445E-04   0.000     0.2089E-02-0.2123E-02  0.000      0.000      0.000      0.000       0.000       0.000       0.000       0.000       0.000       0.000    
    14400.   12.34314832   12.3825   0.000       0.000      0.3443E-04   0.000     0.2109E-02-0.2144E-02  0.000      0.000      0.000      0.000       0.000       0.000       0.000       0.000       0.000       0.000    
    18000.   12.34240870   12.3813   0.000       0.000      0.3407E-04   0.000     0.2121E-02-0.2155E-02  0.000      0.000      0.000      0.000       0.000       0.000       0.000       0.000       0.000       0.000    
    21600.   12.34186081   12.3802   0.000       0.000      0.3356E-04   0.000     0.2127E-02-0.2161E-02  0.000      0.000      0.000      0.000       0.000       0.000       0.000       0.000       0.000       0.000    
    25200.   12.34140015   12.3791   0.000       0.000      0.3302E-04   0.000     0.2131E-02-0.2164E-02  0.000      0.000      0.000      0.000       0.000       0.000       0.000       0.000       0.000       0.000    
    28800.   12.34100716   12.3781   0.000       0.000      0.3246E-04   0.000     0.2134E-02-0.2166E-02  0.000      0.000      0.000      0.000       0.000       0.000       0.000       0.000       0.000       0.000    
    32400.   12.34062165   12.3771   0.000       0.000      0.3193E-04   0.000     0.2136E-02-0.2168E-02  0.000      0.000      0.000      0.000       0.000       0.000       0.000       0.000       0.000       0.000    
    36000.   12.34023932   12.3762   0.000       0.000      0.3143E-04   0.000     0.2138E-02-0.2170E-02  0.000      0.000      0.000      0.000       0.000       0.000       0.000       0.000       0.000       0.000    
    39600.   12.33985871   12.3752   0.000       0.000      0.3096E-04   0.000     0.2140E-02-0.2171E-02  0.000      0.000      0.000      0.000       0.000       0.000       0.000       0.000       0.000       0.000    
    43200.   12.35351463   12.3755   0.000       0.000      0.1924E-04   0.000     0.2285E-02-0.2305E-02  0.000      0.000      0.000      0.000       0.000       0.000       0.000       0.000       0.000       0.000    
    46800.   12.35568132   12.3759   0.000       0.000      0.1766E-04   0.000     0.2259E-02-0.2277E-02  0.000      0.000      0.000      0.000       0.000       0.000       0.000       0.000       0.000       0.000    
    50400.   12.34245023   12.3751   0.000       0.000      0.2856E-04   0.000     0.2096E-02-0.2125E-02  0.000      0.000      0.000      0.000       0.000       0.000       0.000       0.000       0.000       0.000    
    54000.   12.35433386   12.3754   0.000       0.000      0.1843E-04   0.000     0.2258E-02-0.2276E-02  0.000      0.000      0.000      0.000       0.000       0.000       0.000       0.000       0.000       0.000    
    57600.   12.39109677   12.3787   0.000       0.000     -0.1089E-04   0.000     0.2601E-02-0.2590E-02  0.000      0.000      0.000      0.000       0.000       0.000       0.000       0.000       0.000       0.000    
    61200.   12.50384021   12.3908   0.000       0.000     -0.9892E-04   0.000     0.3583E-02-0.3484E-02  0.000      0.000      0.000      0.000       0.000       0.000       0.000       0.000       0.000       0.000    
    64800.   12.49817749   12.4010   0.000       0.000     -0.8499E-04   0.000     0.3030E-02-0.2945E-02  0.000      0.000      0.000      0.000       0.000       0.000       0.000       0.000       0.000       0.000    
    68400.   12.49716737   12.4104   0.000       0.000     -0.7590E-04   0.000     0.2825E-02-0.2749E-02  0.000      0.000      0.000      0.000       0.000       0.000       0.000       0.000       0.000       0.000    
    72000.   12.46539211   12.4165   0.000       0.000     -0.4275E-04   0.000     0.2423E-02-0.2381E-02  0.000      0.000      0.000      0.000       0.000       0.000       0.000       0.000       0.000       0.000    
    75600.   12.43410071   12.4198   0.000       0.000     -0.1252E-04   0.000     0.2182E-02-0.2169E-02  0.000      0.000      0.000      0.000       0.000       0.000       0.000       0.000       0.000       0.000    
    79200.   12.51364927   12.4296   0.000       0.000     -0.7358E-04   0.000     0.3122E-02-0.3048E-02  0.000      0.000      0.000      0.000       0.000       0.000       0.000       0.000       0.000       0.000    
    82800.   12.52772503   12.4395   0.000       0.000     -0.7722E-04   0.000     0.3006E-02-0.2929E-02  0.000      0.000      0.000      0.000       0.000       0.000       0.000       0.000       0.000       0.000    
    86400.   12.54218246   12.4498   0.000       0.000     -0.8086E-04   0.000     0.2972E-02-0.2891E-02  0.000      0.000      0.000      0.000       0.000       0.000       0.000       0.000       0.000       0.000    
    90000.   12.62622462   12.4662   0.000       0.000     -0.1400E-03   0.000     0.3682E-02-0.3542E-02  0.000      0.000      0.000      0.000       0.000       0.000       0.000       0.000       0.000       0.000    
    93600.   12.82134298   12.4971   0.000       0.000     -0.2837E-03   0.000     0.5260E-02-0.4976E-02  0.000      0.000      0.000      0.000       0.000       0.000       0.000       0.000       0.000       0.000    
    97200.   12.75138854   12.5191   0.000       0.000     -0.2032E-03   0.000     0.3629E-02-0.3426E-02  0.000      0.000      0.000      0.000       0.000       0.000       0.000       0.000       0.000       0.000    
   100800.   12.59916201   12.5273   0.000       0.000     -0.6289E-04   0.000     0.1939E-02-0.1876E-02  0.000      0.000      0.000      0.000       0.000       0.000       0.000       0.000       0.000       0.000    
   104400.   12.52821009   12.5298   0.000       0.000      0.1367E-05   0.000     0.1724E-02-0.1726E-02  0.000      0.000      0.000      0.000       0.000       0.000       0.000       0.000       0.000       0.000    
   108000.   12.50602385   12.5308   0.000       0.000      0.2165E-04   0.000     0.1952E-02-0.1974E-02  0.000      0.000      0.000      0.000       0.000       0.000       0.000       0.000       0.000       0.000    
   111600.   12.47141562   12.5291   0.000       0.000      0.5046E-04   0.000     0.1846E-02-0.1896E-02  0.000      0.000      0.000      0.000       0.000       0.000       0.000       0.000       0.000       0.000    
   115200.   12.44329523   12.5254   0.000       0.000      0.7187E-04   0.000     0.1777E-02-0.1849E-02  0.000      0.000      0.000      0.000       0.000       0.000       0.000       0.000       0.000       0.000    
   118800.   12.42300194   12.5205   0.000       0.000      0.8535E-04   0.000     0.1763E-02-0.1848E-02  0.000      0.000      0.000      0.000       0.000       0.000       0.000       0.000       0.000       0.000    
   122400.   12.43214621   12.5169   0.000       0.000      0.7415E-04   0.000     0.2011E-02-0.2085E-02  0.000      0.000      0.000      0.000       0.000       0.000       0.000       0.000       0.000       0.000    
   126000.   12.41145968   12.5118   0.000       0.000      0.8777E-04   0.000     0.1835E-02-0.1923E-02  0.000      0.000      0.000      0.000       0.000       0.000       0.000       0.000       0.000       0.000    
   129600.   12.46422783   12.5114   0.000       0.000      0.4130E-04   0.000     0.2464E-02-0.2505E-02  0.000      0.000      0.000      0.000       0.000       0.000       0.000       0.000       0.000       0.000    
   133200.   12.43773778   12.5087   0.000       0.000      0.6210E-04   0.000     0.2042E-02-0.2104E-02  0.000      0.000      0.000      0.000       0.000       0.000       0.000       0.000       0.000       0.000    
   136800.   12.42839130   12.5055   0.000       0.000      0.6745E-04   0.000     0.1986E-02-0.2054E-02  0.000      0.000      0.000      0.000       0.000       0.000       0.000       0.000       0.000       0.000    
   140400.   12.40547755   12.5006   0.000       0.000      0.8325E-04   0.000     0.1817E-02-0.1900E-02  0.000      0.000      0.000      0.000       0.000       0.000       0.000       0.000       0.000       0.000    
   144000.   12.40107124   12.4959   0.000       0.000      0.8294E-04   0.000     0.1889E-02-0.1971E-02  0.000      0.000      0.000      0.000       0.000       0.000       0.000       0.000       0.000       0.000    
   147600.   12.39911092   12.4913   0.000       0.000      0.8066E-04   0.000     0.1940E-02-0.2021E-02  0.000      0.000      0.000      0.000       0.000       0.000       0.000       0.000       0.000       0.000    
   151200.   12.39806151   12.4870   0.000       0.000      0.7780E-04   0.000     0.1971E-02-0.2048E-02  0.000      0.000      0.000      0.000       0.000       0.000       0.000       0.000       0.000       0.000    
   154800.   12.39738754   12.4829   0.000       0.000      0.7482E-04   0.000     0.1992E-02-0.2067E-02  0.000      0.000      0.000      0.000       0.000       0.000       0.000       0.000       0.000       0.000    
   158400.   12.41094357   12.4802   0.000       0.000      0.6060E-04   0.000     0.2152E-02-0.2212E-02  0.000      0.000      0.000      0.000       0.000       0.000       0.000       0.000       0.000       0.000    
   162000.   12.46949295   12.4824   0.000       0.000      0.1132E-04   0.000     0.2706E-02-0.2717E-02  0.000      0.000      0.000      0.000       0.000       0.000       0.000       0.000       0.000       0.000    
   165600.   12.46648257   12.4840   0.000       0.000      0.1530E-04   0.000     0.2443E-02-0.2458E-02  0.000      0.000      0.000      0.000       0.000       0.000       0.000       0.000       0.000       0.000    
   169200.   12.41987609   12.4815   0.000       0.000      0.5392E-04   0.000     0.1888E-02-0.1942E-02  0.000      0.000      0.000      0.000       0.000       0.000       0.000       0.000       0.000       0.000    
   172800.   12.40587116   12.4783   0.000       0.000      0.6334E-04   0.000     0.1895E-02-0.1959E-02  0.000      0.000      0.000      0.000       0.000       0.000       0.000       0.000       0.000       0.000    
