TOTIM (T)      HCON          HMAT      QDIR      QWELL        QMAT       QCADS      QTUB1      QTUB2      QTUB3      QTUB4      QTUB5      QTUB6       NSTOR        QFIX        QLH     FHLQ (LQ)        CAUCHY   CAUCHY (LQ)
     3600.   12.36082635   12.4159   0.000       0.000      0.4818E-04   0.000     0.1677E-02-0.1726E-02  0.000      0.000      0.000      0.000       0.000       0.000       0.000       0.000       0.000       0.000    
     7200.   12.34684171   12.4148   0.000       0.000      0.5943E-04   0.000     0.1364E-02-0.1423E-02  0.000      0.000      0.000      0.000       0.000       0.000       0.000       0.000       0.000       0.000    
    10800.   12.34432560   12.4136   0.000       0.000      0.6057E-04   0.000     0.1374E-02-0.1435E-02  0.000      0.000      0.000      0.000       0.000       0.000       0.000       0.000       0.000       0.000    
    14400.   12.34314900   12.4124   0.000       0.000      0.6056E-04   0.000     0.1395E-02-0.1455E-02  0.000      0.000      0.000      0.000       0.000       0.000       0.000       0.000       0.000       0.000    
    18000.   12.34240938   12.4112   0.000       0.000      0.6019E-04   0.000     0.1412E-02-0.1472E-02  0.000      0.000      0.000      0.000       0.000       0.000       0.000       0.000       0.000       0.000    
    21600.   12.34186149   12.4101   0.000       0.000      0.5969E-04   0.000     0.1426E-02-0.1485E-02  0.000      0.000      0.000      0.000       0.000       0.000       0.000       0.000       0.000       0.000    
    25200.   12.34140084   12.4090   0.000       0.000      0.5915E-04   0.000     0.1438E-02-0.1497E-02  0.000      0.000      0.000      0.000       0.000       0.000       0.000       0.000       0.000       0.000    
    28800.   12.34100785   12.4080   0.000       0.000      0.5859E-04   0.000     0.1449E-02-0.1507E-02  0.000      0.000      0.000      0.000       0.000       0.000       0.000       0.000       0.000       0.000    
    32400.   12.34062234   12.4070   0.000       0.000      0.5806E-04   0.000     0.1459E-02-0.1517E-02  0.000      0.000      0.000      0.000       0.000       0.000       0.000       0.000       0.000       0.000    
    36000.   12.34024002   12.4060   0.000       0.000      0.5756E-04   0.000     0.1469E-02-0.1526E-02  0.000      0.000      0.000      0.000       0.000       0.000       0.000       0.000       0.000       0.000    
    39600.   12.33985940   12.4051   0.000       0.000      0.5708E-04   0.000     0.1478E-02-0.1535E-02  0.000      0.000      0.000      0.000       0.000       0.000       0.000       0.000       0.000       0.000    
    43200.   12.35351541   12.4054   0.000       0.000      0.4536E-04   0.000     0.1799E-02-0.1844E-02  0.000      0.000      0.000      0.000       0.000       0.000       0.000       0.000       0.000       0.000    
    46800.   12.35568209   12.4057   0.000       0.000      0.4378E-04   0.000     0.1796E-02-0.1840E-02  0.000      0.000      0.000      0.000       0.000       0.000       0.000       0.000       0.000       0.000    
    50400.   12.34245092   12.4049   0.000       0.000      0.5468E-04   0.000     0.1470E-02-0.1525E-02  0.000      0.000      0.000      0.000       0.000       0.000       0.000       0.000       0.000       0.000    
    54000.   12.35433464   12.4053   0.000       0.000      0.4455E-04   0.000     0.1783E-02-0.1827E-02  0.000      0.000      0.000      0.000       0.000       0.000       0.000       0.000       0.000       0.000    
    57600.   12.39109774   12.4085   0.000       0.000      0.1524E-04   0.000     0.2566E-02-0.2581E-02  0.000      0.000      0.000      0.000       0.000       0.000       0.000       0.000       0.000       0.000    
    61200.   12.50384178   12.4206   0.000       0.000     -0.7279E-04   0.000     0.4869E-02-0.4796E-02  0.000      0.000      0.000      0.000       0.000       0.000       0.000       0.000       0.000       0.000    
    64800.   12.49817881   12.4309   0.000       0.000     -0.5886E-04   0.000     0.4106E-02-0.4048E-02  0.000      0.000      0.000      0.000       0.000       0.000       0.000       0.000       0.000       0.000    
    68400.   12.49716860   12.4403   0.000       0.000     -0.4977E-04   0.000     0.3765E-02-0.3716E-02  0.000      0.000      0.000      0.000       0.000       0.000       0.000       0.000       0.000       0.000    
    72000.   12.46539310   12.4464   0.000       0.000     -0.1662E-04   0.000     0.2867E-02-0.2850E-02  0.000      0.000      0.000      0.000       0.000       0.000       0.000       0.000       0.000       0.000    
    75600.   12.43410153   12.4497   0.000       0.000      0.1361E-04   0.000     0.2171E-02-0.2185E-02  0.000      0.000      0.000      0.000       0.000       0.000       0.000       0.000       0.000       0.000    
    79200.   12.51365060   12.4594   0.000       0.000     -0.4746E-04   0.000     0.4027E-02-0.3980E-02  0.000      0.000      0.000      0.000       0.000       0.000       0.000       0.000       0.000       0.000    
    82800.   12.52772633   12.4693   0.000       0.000     -0.5110E-04   0.000     0.3966E-02-0.3915E-02  0.000      0.000      0.000      0.000       0.000       0.000       0.000       0.000       0.000       0.000    
    86400.   12.54218375   12.4796   0.000       0.000     -0.5474E-04   0.000     0.3987E-02-0.3932E-02  0.000      0.000      0.000      0.000       0.000       0.000       0.000       0.000       0.000       0.000    
    90000.   12.62622633   12.4960   0.000       0.000     -0.1139E-03   0.000     0.5584E-02-0.5470E-02  0.000      0.000      0.000      0.000       0.000       0.000       0.000       0.000       0.000       0.000    
    93600.   12.82135779   12.5270   0.000       0.000     -0.2576E-03   0.000     0.9318E-02-0.9060E-02  0.000      0.000      0.000      0.000       0.000       0.000       0.000       0.000       0.000       0.000    
    97200.   12.75139599   12.5490   0.000       0.000     -0.1771E-03   0.000     0.6480E-02-0.6302E-02  0.000      0.000      0.000      0.000       0.000       0.000       0.000       0.000       0.000       0.000    
   100800.   12.59916338   12.5571   0.000       0.000     -0.3678E-04   0.000     0.2685E-02-0.2648E-02  0.000      0.000      0.000      0.000       0.000       0.000       0.000       0.000       0.000       0.000    
   104400.   12.52821071   12.5596   0.000       0.000      0.2747E-04   0.000     0.1506E-02-0.1534E-02  0.000      0.000      0.000      0.000       0.000       0.000       0.000       0.000       0.000       0.000    
   108000.   12.50602450   12.5606   0.000       0.000      0.4775E-04   0.000     0.1431E-02-0.1478E-02  0.000      0.000      0.000      0.000       0.000       0.000       0.000       0.000       0.000       0.000    
   111600.   12.47141615   12.5589   0.000       0.000      0.7655E-04   0.000     0.8922E-03-0.9687E-03  0.000      0.000      0.000      0.000       0.000       0.000       0.000       0.000       0.000       0.000    
   115200.   12.44329569   12.5552   0.000       0.000      0.9795E-04   0.000     0.5023E-03-0.6002E-03  0.000      0.000      0.000      0.000       0.000       0.000       0.000       0.000       0.000       0.000    
   118800.   12.42300235   12.5503   0.000       0.000      0.1114E-03   0.000     0.2865E-03-0.3979E-03  0.000      0.000      0.000      0.000       0.000       0.000       0.000       0.000       0.000       0.000    
   122400.   12.43214674   12.5467   0.000       0.000      0.1002E-03   0.000     0.7030E-03-0.8032E-03  0.000      0.000      0.000      0.000       0.000       0.000       0.000       0.000       0.000       0.000    
   126000.   12.41146011   12.5415   0.000       0.000      0.1138E-03   0.000     0.3227E-03-0.4365E-03  0.000      0.000      0.000      0.000       0.000       0.000       0.000       0.000       0.000       0.000    
   129600.   12.46422861   12.5412   0.000       0.000      0.6734E-04   0.000     0.1649E-02-0.1716E-02  0.000      0.000      0.000      0.000       0.000       0.000       0.000       0.000       0.000       0.000    
   133200.   12.43773836   12.5385   0.000       0.000      0.8813E-04   0.000     0.9157E-03-0.1004E-02  0.000      0.000      0.000      0.000       0.000       0.000       0.000       0.000       0.000       0.000    
   136800.   12.42839184   12.5352   0.000       0.000      0.9347E-04   0.000     0.7796E-03-0.8730E-03  0.000      0.000      0.000      0.000       0.000       0.000       0.000       0.000       0.000       0.000    
   140400.   12.40547798   12.5304   0.000       0.000      0.1093E-03   0.000     0.3734E-03-0.4827E-03  0.000      0.000      0.000      0.000       0.000       0.000       0.000       0.000       0.000       0.000    
   144000.   12.40107171   12.5256   0.000       0.000      0.1090E-03   0.000     0.4499E-03-0.5589E-03  0.000      0.000      0.000      0.000       0.000       0.000       0.000       0.000       0.000       0.000    
   147600.   12.39911141   12.5210   0.000       0.000      0.1067E-03   0.000     0.5357E-03-0.6423E-03  0.000      0.000      0.000      0.000       0.000       0.000       0.000       0.000       0.000       0.000    
   151200.   12.39806202   12.5167   0.000       0.000      0.1038E-03   0.000     0.6095E-03-0.7133E-03  0.000      0.000      0.000      0.000       0.000       0.000       0.000       0.000       0.000       0.000    
   154800.   12.39738807   12.5126   0.000       0.000      0.1008E-03   0.000     0.6757E-03-0.7766E-03  0.000      0.000      0.000      0.000       0.000       0.000       0.000       0.000       0.000       0.000    
   158400.   12.41094419   12.5099   0.000       0.000      0.8659E-04   0.000     0.1049E-02-0.1135E-02  0.000      0.000      0.000      0.000       0.000       0.000       0.000       0.000       0.000       0.000    
   162000.   12.46949391   12.5121   0.000       0.000      0.3731E-04   0.000     0.2342E-02-0.2379E-02  0.000      0.000      0.000      0.000       0.000       0.000       0.000       0.000       0.000       0.000    
   165600.   12.46648342   12.5137   0.000       0.000      0.4129E-04   0.000     0.2020E-02-0.2061E-02  0.000      0.000      0.000      0.000       0.000       0.000       0.000       0.000       0.000       0.000    
   169200.   12.41987663   12.5112   0.000       0.000      0.7991E-04   0.000     0.8855E-03-0.9655E-03  0.000      0.000      0.000      0.000       0.000       0.000       0.000       0.000       0.000       0.000    
   172800.   12.40587168   12.5080   0.000       0.000      0.8933E-04   0.000     0.7518E-03-0.8411E-03  0.000      0.000      0.000      0.000       0.000       0.000       0.000       0.000       0.000       0.000    
