TOTIM (T)      HCON          HMAT      QDIR      QWELL        QMAT       QCADS      QTUB1      QTUB2      QTUB3      QTUB4      QTUB5      QTUB6       NSTOR        QFIX        QLH     FHLQ (LQ)        CAUCHY   CAUCHY (LQ)
     3600.   12.36082628   12.4423   0.000       0.000      0.7133E-04   0.000    -0.1543E-02 0.1472E-02  0.000      0.000      0.000      0.000       0.000       0.000       0.000       0.000       0.000       0.000    
     7200.   12.34684160   12.4412   0.000       0.000      0.8257E-04   0.000    -0.1136E-02 0.1054E-02  0.000      0.000      0.000      0.000       0.000       0.000       0.000       0.000       0.000       0.000    
    10800.   12.34432550   12.4400   0.000       0.000      0.8372E-04   0.000    -0.1157E-02 0.1074E-02  0.000      0.000      0.000      0.000       0.000       0.000       0.000       0.000       0.000       0.000    
    14400.   12.34314889   12.4388   0.000       0.000      0.8370E-04   0.000    -0.1181E-02 0.1097E-02  0.000      0.000      0.000      0.000       0.000       0.000       0.000       0.000       0.000       0.000    
    18000.   12.34240928   12.4376   0.000       0.000      0.8333E-04   0.000    -0.1200E-02 0.1117E-02  0.000      0.000      0.000      0.000       0.000       0.000       0.000       0.000       0.000       0.000    
    21600.   12.34186139   12.4365   0.000       0.000      0.8283E-04   0.000    -0.1217E-02 0.1134E-02  0.000      0.000      0.000      0.000       0.000       0.000       0.000       0.000       0.000       0.000    
    25200.   12.34140074   12.4354   0.000       0.000      0.8229E-04   0.000    -0.1232E-02 0.1150E-02  0.000      0.000      0.000      0.000       0.000       0.000       0.000       0.000       0.000       0.000    
    28800.   12.34100775   12.4344   0.000       0.000      0.8173E-04   0.000    -0.1246E-02 0.1164E-02  0.000      0.000      0.000      0.000       0.000       0.000       0.000       0.000       0.000       0.000    
    32400.   12.34062224   12.4334   0.000       0.000      0.8120E-04   0.000    -0.1259E-02 0.1177E-02  0.000      0.000      0.000      0.000       0.000       0.000       0.000       0.000       0.000       0.000    
    36000.   12.34023992   12.4325   0.000       0.000      0.8070E-04   0.000    -0.1270E-02 0.1190E-02  0.000      0.000      0.000      0.000       0.000       0.000       0.000       0.000       0.000       0.000    
    39600.   12.33985931   12.4315   0.000       0.000      0.8023E-04   0.000    -0.1281E-02 0.1201E-02  0.000      0.000      0.000      0.000       0.000       0.000       0.000       0.000       0.000       0.000    
    43200.   12.35351535   12.4318   0.000       0.000      0.6851E-04   0.000    -0.1698E-02 0.1630E-02  0.000      0.000      0.000      0.000       0.000       0.000       0.000       0.000       0.000       0.000    
    46800.   12.35568203   12.4322   0.000       0.000      0.6692E-04   0.000    -0.1686E-02 0.1619E-02  0.000      0.000      0.000      0.000       0.000       0.000       0.000       0.000       0.000       0.000    
    50400.   12.34245082   12.4314   0.000       0.000      0.7782E-04   0.000    -0.1266E-02 0.1188E-02  0.000      0.000      0.000      0.000       0.000       0.000       0.000       0.000       0.000       0.000    
    54000.   12.35433458   12.4317   0.000       0.000      0.6769E-04   0.000    -0.1682E-02 0.1615E-02  0.000      0.000      0.000      0.000       0.000       0.000       0.000       0.000       0.000       0.000    
    57600.   12.39109778   12.4350   0.000       0.000      0.3838E-04   0.000    -0.2690E-02 0.2651E-02  0.000      0.000      0.000      0.000       0.000       0.000       0.000       0.000       0.000       0.000    
    61200.   12.50384211   12.4471   0.000       0.000     -0.4965E-04   0.000    -0.5668E-02 0.5718E-02  0.000      0.000      0.000      0.000       0.000       0.000       0.000       0.000       0.000       0.000    
    64800.   12.49817904   12.4574   0.000       0.000     -0.3572E-04   0.000    -0.4629E-02 0.4665E-02  0.000      0.000      0.000      0.000       0.000       0.000       0.000       0.000       0.000       0.000    
    68400.   12.49716880   12.4667   0.000       0.000     -0.2663E-04   0.000    -0.4237E-02 0.4264E-02  0.000      0.000      0.000      0.000       0.000       0.000       0.000       0.000       0.000       0.000    
    72000.   12.46539320   12.4728   0.000       0.000      0.6519E-05   0.000    -0.3084E-02 0.3078E-02  0.000      0.000      0.000      0.000       0.000       0.000       0.000       0.000       0.000       0.000    
    75600.   12.43410155   12.4761   0.000       0.000      0.3675E-04   0.000    -0.2204E-02 0.2167E-02  0.000      0.000      0.000      0.000       0.000       0.000       0.000       0.000       0.000       0.000    
    79200.   12.51365085   12.4859   0.000       0.000     -0.2431E-04   0.000    -0.4628E-02 0.4653E-02  0.000      0.000      0.000      0.000       0.000       0.000       0.000       0.000       0.000       0.000    
    82800.   12.52772656   12.4958   0.000       0.000     -0.2795E-04   0.000    -0.4492E-02 0.4520E-02  0.000      0.000      0.000      0.000       0.000       0.000       0.000       0.000       0.000       0.000    
    86400.   12.54218399   12.5061   0.000       0.000     -0.3159E-04   0.000    -0.4539E-02 0.4571E-02  0.000      0.000      0.000      0.000       0.000       0.000       0.000       0.000       0.000       0.000    
    90000.   12.62622678   12.5225   0.000       0.000     -0.9077E-04   0.000    -0.6626E-02 0.6717E-02  0.000      0.000      0.000      0.000       0.000       0.000       0.000       0.000       0.000       0.000    
    93600.   12.82137847   12.5534   0.000       0.000     -0.2345E-03   0.000    -0.1145E-01 0.1168E-01  0.000      0.000      0.000      0.000       0.000       0.000       0.000       0.000       0.000       0.000    
    97200.   12.75140467   12.5755   0.000       0.000     -0.1539E-03   0.000    -0.7685E-02 0.7839E-02  0.000      0.000      0.000      0.000       0.000       0.000       0.000       0.000       0.000       0.000    
   100800.   12.59916466   12.5836   0.000       0.000     -0.1361E-04   0.000    -0.2879E-02 0.2893E-02  0.000      0.000      0.000      0.000       0.000       0.000       0.000       0.000       0.000       0.000    
   104400.   12.52821077   12.5861   0.000       0.000      0.5064E-04   0.000    -0.1439E-02 0.1388E-02  0.000      0.000      0.000      0.000       0.000       0.000       0.000       0.000       0.000       0.000    
   108000.   12.50602452   12.5871   0.000       0.000      0.7092E-04   0.000    -0.1330E-02 0.1259E-02  0.000      0.000      0.000      0.000       0.000       0.000       0.000       0.000       0.000       0.000    
   111600.   12.47141601   12.5854   0.000       0.000      0.9973E-04   0.000    -0.6026E-03 0.5028E-03  0.000      0.000      0.000      0.000       0.000       0.000       0.000       0.000       0.000       0.000    
   115200.   12.44329549   12.5817   0.000       0.000      0.1211E-03   0.000    -0.9682E-04-0.2432E-04  0.000      0.000      0.000      0.000       0.000       0.000       0.000       0.000       0.000       0.000    
   118800.   12.42300213   12.5768   0.000       0.000      0.1346E-03   0.000     0.1846E-03-0.3193E-03  0.000      0.000      0.000      0.000       0.000       0.000       0.000       0.000       0.000       0.000    
   122400.   12.43214656   12.5732   0.000       0.000      0.1234E-03   0.000    -0.3542E-03 0.2308E-03  0.000      0.000      0.000      0.000       0.000       0.000       0.000       0.000       0.000       0.000    
   126000.   12.41145988   12.5681   0.000       0.000      0.1370E-03   0.000     0.1566E-03-0.2936E-03  0.000      0.000      0.000      0.000       0.000       0.000       0.000       0.000       0.000       0.000    
   129600.   12.46422855   12.5677   0.000       0.000      0.9054E-04   0.000    -0.1581E-02 0.1490E-02  0.000      0.000      0.000      0.000       0.000       0.000       0.000       0.000       0.000       0.000    
   133200.   12.43773820   12.5650   0.000       0.000      0.1113E-03   0.000    -0.5904E-03 0.4791E-03  0.000      0.000      0.000      0.000       0.000       0.000       0.000       0.000       0.000       0.000    
   136800.   12.42839167   12.5617   0.000       0.000      0.1167E-03   0.000    -0.4462E-03 0.3295E-03  0.000      0.000      0.000      0.000       0.000       0.000       0.000       0.000       0.000       0.000    
   140400.   12.40547776   12.5569   0.000       0.000      0.1325E-03   0.000     0.8124E-04-0.2137E-03  0.000      0.000      0.000      0.000       0.000       0.000       0.000       0.000       0.000       0.000    
   144000.   12.40107150   12.5521   0.000       0.000      0.1322E-03   0.000    -0.2600E-04-0.1062E-03  0.000      0.000      0.000      0.000       0.000       0.000       0.000       0.000       0.000       0.000    
   147600.   12.39911121   12.5475   0.000       0.000      0.1299E-03   0.000    -0.1288E-03-0.1062E-05  0.000      0.000      0.000      0.000       0.000       0.000       0.000       0.000       0.000       0.000    
   151200.   12.39806182   12.5432   0.000       0.000      0.1270E-03   0.000    -0.2198E-03 0.9278E-04  0.000      0.000      0.000      0.000       0.000       0.000       0.000       0.000       0.000       0.000    
   154800.   12.39738788   12.5391   0.000       0.000      0.1240E-03   0.000    -0.3023E-03 0.1783E-03  0.000      0.000      0.000      0.000       0.000       0.000       0.000       0.000       0.000       0.000    
   158400.   12.41094405   12.5364   0.000       0.000      0.1098E-03   0.000    -0.7843E-03 0.6745E-03  0.000      0.000      0.000      0.000       0.000       0.000       0.000       0.000       0.000       0.000    
   162000.   12.46949392   12.5387   0.000       0.000      0.6053E-04   0.000    -0.2456E-02 0.2396E-02  0.000      0.000      0.000      0.000       0.000       0.000       0.000       0.000       0.000       0.000    
   165600.   12.46648339   12.5402   0.000       0.000      0.6451E-04   0.000    -0.2006E-02 0.1942E-02  0.000      0.000      0.000      0.000       0.000       0.000       0.000       0.000       0.000       0.000    
   169200.   12.41987647   12.5377   0.000       0.000      0.1031E-03   0.000    -0.5541E-03 0.4510E-03  0.000      0.000      0.000      0.000       0.000       0.000       0.000       0.000       0.000       0.000    
   172800.   12.40587152   12.5345   0.000       0.000      0.1125E-03   0.000    -0.4103E-03 0.2977E-03  0.000      0.000      0.000      0.000       0.000       0.000       0.000       0.000       0.000       0.000    
