TOTIM (T)      HCON          HMAT      QDIR      QWELL        QMAT       QCADS      QTUB1      QTUB2      QTUB3      QTUB4      QTUB5      QTUB6       NSTOR        QFIX        QLH     FHLQ (LQ)        CAUCHY   CAUCHY (LQ)
     3600.   12.36082652   12.6078   0.000       0.000      0.2161E-03   0.000     0.1015E-02-0.1232E-02  0.000      0.000      0.000      0.000       0.000       0.000       0.000       0.000       0.000       0.000    
     7200.   12.34684180   12.6067   0.000       0.000      0.2274E-03   0.000     0.5518E-03-0.7792E-03  0.000      0.000      0.000      0.000       0.000       0.000       0.000       0.000       0.000       0.000    
    10800.   12.34432570   12.6055   0.000       0.000      0.2285E-03   0.000     0.5690E-03-0.7975E-03  0.000      0.000      0.000      0.000       0.000       0.000       0.000       0.000       0.000       0.000    
    14400.   12.34314910   12.6043   0.000       0.000      0.2285E-03   0.000     0.5927E-03-0.8212E-03  0.000      0.000      0.000      0.000       0.000       0.000       0.000       0.000       0.000       0.000    
    18000.   12.34240949   12.6031   0.000       0.000      0.2281E-03   0.000     0.6141E-03-0.8423E-03  0.000      0.000      0.000      0.000       0.000       0.000       0.000       0.000       0.000       0.000    
    21600.   12.34186160   12.6020   0.000       0.000      0.2276E-03   0.000     0.6336E-03-0.8612E-03  0.000      0.000      0.000      0.000       0.000       0.000       0.000       0.000       0.000       0.000    
    25200.   12.34140095   12.6009   0.000       0.000      0.2271E-03   0.000     0.6515E-03-0.8786E-03  0.000      0.000      0.000      0.000       0.000       0.000       0.000       0.000       0.000       0.000    
    28800.   12.34100796   12.5999   0.000       0.000      0.2265E-03   0.000     0.6679E-03-0.8944E-03  0.000      0.000      0.000      0.000       0.000       0.000       0.000       0.000       0.000       0.000    
    32400.   12.34062245   12.5989   0.000       0.000      0.2260E-03   0.000     0.6832E-03-0.9092E-03  0.000      0.000      0.000      0.000       0.000       0.000       0.000       0.000       0.000       0.000    
    36000.   12.34024013   12.5979   0.000       0.000      0.2255E-03   0.000     0.6974E-03-0.9229E-03  0.000      0.000      0.000      0.000       0.000       0.000       0.000       0.000       0.000       0.000    
    39600.   12.33985952   12.5970   0.000       0.000      0.2250E-03   0.000     0.7107E-03-0.9357E-03  0.000      0.000      0.000      0.000       0.000       0.000       0.000       0.000       0.000       0.000    
    43200.   12.35351561   12.5973   0.000       0.000      0.2133E-03   0.000     0.1186E-02-0.1400E-02  0.000      0.000      0.000      0.000       0.000       0.000       0.000       0.000       0.000       0.000    
    46800.   12.35568229   12.5976   0.000       0.000      0.2117E-03   0.000     0.1181E-02-0.1392E-02  0.000      0.000      0.000      0.000       0.000       0.000       0.000       0.000       0.000       0.000    
    50400.   12.34245103   12.5969   0.000       0.000      0.2226E-03   0.000     0.7045E-03-0.9271E-03  0.000      0.000      0.000      0.000       0.000       0.000       0.000       0.000       0.000       0.000    
    54000.   12.35433484   12.5972   0.000       0.000      0.2125E-03   0.000     0.1174E-02-0.1386E-02  0.000      0.000      0.000      0.000       0.000       0.000       0.000       0.000       0.000       0.000    
    57600.   12.39109814   12.6004   0.000       0.000      0.1832E-03   0.000     0.2328E-02-0.2511E-02  0.000      0.000      0.000      0.000       0.000       0.000       0.000       0.000       0.000       0.000    
    61200.   12.50384275   12.6126   0.000       0.000      0.9515E-04   0.000     0.5746E-02-0.5841E-02  0.000      0.000      0.000      0.000       0.000       0.000       0.000       0.000       0.000       0.000    
    64800.   12.49817958   12.6228   0.000       0.000      0.1091E-03   0.000     0.4621E-02-0.4730E-02  0.000      0.000      0.000      0.000       0.000       0.000       0.000       0.000       0.000       0.000    
    68400.   12.49716930   12.6322   0.000       0.000      0.1182E-03   0.000     0.4182E-02-0.4300E-02  0.000      0.000      0.000      0.000       0.000       0.000       0.000       0.000       0.000       0.000    
    72000.   12.46539359   12.6383   0.000       0.000      0.1513E-03   0.000     0.2862E-02-0.3014E-02  0.000      0.000      0.000      0.000       0.000       0.000       0.000       0.000       0.000       0.000    
    75600.   12.43410185   12.6416   0.000       0.000      0.1816E-03   0.000     0.1835E-02-0.2017E-02  0.000      0.000      0.000      0.000       0.000       0.000       0.000       0.000       0.000       0.000    
    79200.   12.51365139   12.6514   0.000       0.000      0.1205E-03   0.000     0.4574E-02-0.4695E-02  0.000      0.000      0.000      0.000       0.000       0.000       0.000       0.000       0.000       0.000    
    82800.   12.52772708   12.6613   0.000       0.000      0.1169E-03   0.000     0.4448E-02-0.4564E-02  0.000      0.000      0.000      0.000       0.000       0.000       0.000       0.000       0.000       0.000    
    86400.   12.54218452   12.6716   0.000       0.000      0.1132E-03   0.000     0.4511E-02-0.4625E-02  0.000      0.000      0.000      0.000       0.000       0.000       0.000       0.000       0.000       0.000    
    90000.   12.62622751   12.6880   0.000       0.000      0.5404E-04   0.000     0.6896E-02-0.6950E-02  0.000      0.000      0.000      0.000       0.000       0.000       0.000       0.000       0.000       0.000    
    93600.   12.82139285   12.7189   0.000       0.000     -0.8967E-04   0.000     0.1243E-01-0.1234E-01  0.000      0.000      0.000      0.000       0.000       0.000       0.000       0.000       0.000       0.000    
    97200.   12.75141152   12.7410   0.000       0.000     -0.9146E-05   0.000     0.8239E-02-0.8229E-02  0.000      0.000      0.000      0.000       0.000       0.000       0.000       0.000       0.000       0.000    
   100800.   12.59916614   12.7491   0.000       0.000      0.1312E-03   0.000     0.2732E-02-0.2863E-02  0.000      0.000      0.000      0.000       0.000       0.000       0.000       0.000       0.000       0.000    
   104400.   12.52821095   12.7516   0.000       0.000      0.1954E-03   0.000     0.9919E-03-0.1187E-02  0.000      0.000      0.000      0.000       0.000       0.000       0.000       0.000       0.000       0.000    
   108000.   12.50602470   12.7526   0.000       0.000      0.2157E-03   0.000     0.7965E-03-0.1012E-02  0.000      0.000      0.000      0.000       0.000       0.000       0.000       0.000       0.000       0.000    
   111600.   12.47141616   12.7509   0.000       0.000      0.2445E-03   0.000    -0.6845E-04-0.1761E-03  0.000      0.000      0.000      0.000       0.000       0.000       0.000       0.000       0.000       0.000    
   115200.   12.44329559   12.7472   0.000       0.000      0.2659E-03   0.000    -0.6754E-03 0.4095E-03  0.000      0.000      0.000      0.000       0.000       0.000       0.000       0.000       0.000       0.000    
   118800.   12.42300220   12.7423   0.000       0.000      0.2794E-03   0.000    -0.1020E-02 0.7402E-03  0.000      0.000      0.000      0.000       0.000       0.000       0.000       0.000       0.000       0.000    
   122400.   12.43214669   12.7386   0.000       0.000      0.2682E-03   0.000    -0.4206E-03 0.1524E-03  0.000      0.000      0.000      0.000       0.000       0.000       0.000       0.000       0.000       0.000    
   126000.   12.41145996   12.7335   0.000       0.000      0.2818E-03   0.000    -0.1001E-02 0.7193E-03  0.000      0.000      0.000      0.000       0.000       0.000       0.000       0.000       0.000       0.000    
   129600.   12.46422880   12.7332   0.000       0.000      0.2353E-03   0.000     0.9729E-03-0.1208E-02  0.000      0.000      0.000      0.000       0.000       0.000       0.000       0.000       0.000       0.000    
   133200.   12.43773835   12.7304   0.000       0.000      0.2561E-03   0.000    -0.1295E-03-0.1266E-03  0.000      0.000      0.000      0.000       0.000       0.000       0.000       0.000       0.000       0.000    
   136800.   12.42839181   12.7272   0.000       0.000      0.2614E-03   0.000    -0.2988E-03 0.3734E-04  0.000      0.000      0.000      0.000       0.000       0.000       0.000       0.000       0.000       0.000    
   140400.   12.40547785   12.7223   0.000       0.000      0.2772E-03   0.000    -0.9049E-03 0.6277E-03  0.000      0.000      0.000      0.000       0.000       0.000       0.000       0.000       0.000       0.000    
   144000.   12.40107160   12.7175   0.000       0.000      0.2769E-03   0.000    -0.7932E-03 0.5163E-03  0.000      0.000      0.000      0.000       0.000       0.000       0.000       0.000       0.000       0.000    
   147600.   12.39911131   12.7130   0.000       0.000      0.2746E-03   0.000    -0.6783E-03 0.4037E-03  0.000      0.000      0.000      0.000       0.000       0.000       0.000       0.000       0.000       0.000    
   151200.   12.39806194   12.7086   0.000       0.000      0.2717E-03   0.000    -0.5732E-03 0.3014E-03  0.000      0.000      0.000      0.000       0.000       0.000       0.000       0.000       0.000       0.000    
   154800.   12.39738800   12.7045   0.000       0.000      0.2687E-03   0.000    -0.4761E-03 0.2074E-03  0.000      0.000      0.000      0.000       0.000       0.000       0.000       0.000       0.000       0.000    
   158400.   12.41094422   12.7018   0.000       0.000      0.2545E-03   0.000     0.7699E-04-0.3315E-03  0.000      0.000      0.000      0.000       0.000       0.000       0.000       0.000       0.000       0.000    
   162000.   12.46949426   12.7040   0.000       0.000      0.2052E-03   0.000     0.1995E-02-0.2200E-02  0.000      0.000      0.000      0.000       0.000       0.000       0.000       0.000       0.000       0.000    
   165600.   12.46648368   12.7056   0.000       0.000      0.2092E-03   0.000     0.1516E-02-0.1726E-02  0.000      0.000      0.000      0.000       0.000       0.000       0.000       0.000       0.000       0.000    
   169200.   12.41987662   12.7031   0.000       0.000      0.2478E-03   0.000    -0.1320E-03-0.1158E-03  0.000      0.000      0.000      0.000       0.000       0.000       0.000       0.000       0.000       0.000    
   172800.   12.40587165   12.6998   0.000       0.000      0.2572E-03   0.000    -0.3175E-03 0.6028E-04  0.000      0.000      0.000      0.000       0.000       0.000       0.000       0.000       0.000       0.000    
