TOTIM (T)      HCON          HMAT      QDIR      QWELL        QMAT       QCADS      QTUB1      QTUB2      QTUB3      QTUB4      QTUB5      QTUB6       NSTOR        QFIX        QLH     FHLQ (LQ)        CAUCHY   CAUCHY (LQ)
     3600.   12.36082549   12.3710   0.000       0.000      0.8887E-05   0.000    -0.2267E-02 0.2259E-02  0.000      0.000      0.000      0.000       0.000       0.000       0.000       0.000       0.000       0.000    
     7200.   12.34684094   12.3698   0.000       0.000      0.2013E-04   0.000    -0.2040E-02 0.2020E-02  0.000      0.000      0.000      0.000       0.000       0.000       0.000       0.000       0.000       0.000    
    10800.   12.34432483   12.3686   0.000       0.000      0.2128E-04   0.000    -0.2080E-02 0.2059E-02  0.000      0.000      0.000      0.000       0.000       0.000       0.000       0.000       0.000       0.000    
    14400.   12.34314821   12.3674   0.000       0.000      0.2126E-04   0.000    -0.2103E-02 0.2082E-02  0.000      0.000      0.000      0.000       0.000       0.000       0.000       0.000       0.000       0.000    
    18000.   12.34240859   12.3663   0.000       0.000      0.2089E-04   0.000    -0.2116E-02 0.2095E-02  0.000      0.000      0.000      0.000       0.000       0.000       0.000       0.000       0.000       0.000    
    21600.   12.34186070   12.3652   0.000       0.000      0.2039E-04   0.000    -0.2125E-02 0.2105E-02  0.000      0.000      0.000      0.000       0.000       0.000       0.000       0.000       0.000       0.000    
    25200.   12.34140004   12.3641   0.000       0.000      0.1985E-04   0.000    -0.2132E-02 0.2112E-02  0.000      0.000      0.000      0.000       0.000       0.000       0.000       0.000       0.000       0.000    
    28800.   12.34100705   12.3631   0.000       0.000      0.1929E-04   0.000    -0.2137E-02 0.2117E-02  0.000      0.000      0.000      0.000       0.000       0.000       0.000       0.000       0.000       0.000    
    32400.   12.34062153   12.3621   0.000       0.000      0.1876E-04   0.000    -0.2141E-02 0.2122E-02  0.000      0.000      0.000      0.000       0.000       0.000       0.000       0.000       0.000       0.000    
    36000.   12.34023921   12.3611   0.000       0.000      0.1826E-04   0.000    -0.2145E-02 0.2126E-02  0.000      0.000      0.000      0.000       0.000       0.000       0.000       0.000       0.000       0.000    
    39600.   12.33985859   12.3602   0.000       0.000      0.1779E-04   0.000    -0.2148E-02 0.2130E-02  0.000      0.000      0.000      0.000       0.000       0.000       0.000       0.000       0.000       0.000    
    43200.   12.35351451   12.3605   0.000       0.000      0.6070E-05   0.000    -0.2377E-02 0.2371E-02  0.000      0.000      0.000      0.000       0.000       0.000       0.000       0.000       0.000       0.000    
    46800.   12.35568120   12.3608   0.000       0.000      0.4489E-05   0.000    -0.2340E-02 0.2336E-02  0.000      0.000      0.000      0.000       0.000       0.000       0.000       0.000       0.000       0.000    
    50400.   12.34245012   12.3600   0.000       0.000      0.1539E-04   0.000    -0.2094E-02 0.2079E-02  0.000      0.000      0.000      0.000       0.000       0.000       0.000       0.000       0.000       0.000    
    54000.   12.35433375   12.3603   0.000       0.000      0.5262E-05   0.000    -0.2348E-02 0.2343E-02  0.000      0.000      0.000      0.000       0.000       0.000       0.000       0.000       0.000       0.000    
    57600.   12.39109664   12.3636   0.000       0.000     -0.2405E-04   0.000    -0.2887E-02 0.2911E-02  0.000      0.000      0.000      0.000       0.000       0.000       0.000       0.000       0.000       0.000    
    61200.   12.50384005   12.3757   0.000       0.000     -0.1121E-03   0.000    -0.4457E-02 0.4569E-02  0.000      0.000      0.000      0.000       0.000       0.000       0.000       0.000       0.000       0.000    
    64800.   12.49817735   12.3860   0.000       0.000     -0.9815E-04   0.000    -0.3641E-02 0.3739E-02  0.000      0.000      0.000      0.000       0.000       0.000       0.000       0.000       0.000       0.000    
    68400.   12.49716724   12.3954   0.000       0.000     -0.8906E-04   0.000    -0.3395E-02 0.3484E-02  0.000      0.000      0.000      0.000       0.000       0.000       0.000       0.000       0.000       0.000    
    72000.   12.46539199   12.4015   0.000       0.000     -0.5592E-04   0.000    -0.2772E-02 0.2828E-02  0.000      0.000      0.000      0.000       0.000       0.000       0.000       0.000       0.000       0.000    
    75600.   12.43410060   12.4047   0.000       0.000     -0.2569E-04   0.000    -0.2375E-02 0.2401E-02  0.000      0.000      0.000      0.000       0.000       0.000       0.000       0.000       0.000       0.000    
    79200.   12.51364913   12.4145   0.000       0.000     -0.8675E-04   0.000    -0.3822E-02 0.3909E-02  0.000      0.000      0.000      0.000       0.000       0.000       0.000       0.000       0.000       0.000    
    82800.   12.52772489   12.4244   0.000       0.000     -0.9040E-04   0.000    -0.3628E-02 0.3718E-02  0.000      0.000      0.000      0.000       0.000       0.000       0.000       0.000       0.000       0.000    
    86400.   12.54218232   12.4347   0.000       0.000     -0.9404E-04   0.000    -0.3617E-02 0.3711E-02  0.000      0.000      0.000      0.000       0.000       0.000       0.000       0.000       0.000       0.000    
    90000.   12.62622446   12.4511   0.000       0.000     -0.1532E-03   0.000    -0.4757E-02 0.4910E-02  0.000      0.000      0.000      0.000       0.000       0.000       0.000       0.000       0.000       0.000    
    93600.   12.82134279   12.4820   0.000       0.000     -0.2969E-03   0.000    -0.7280E-02 0.7577E-02  0.000      0.000      0.000      0.000       0.000       0.000       0.000       0.000       0.000       0.000    
    97200.   12.75138838   12.5041   0.000       0.000     -0.2164E-03   0.000    -0.4804E-02 0.5021E-02  0.000      0.000      0.000      0.000       0.000       0.000       0.000       0.000       0.000       0.000    
   100800.   12.59916199   12.5122   0.000       0.000     -0.7611E-04   0.000    -0.2244E-02 0.2320E-02  0.000      0.000      0.000      0.000       0.000       0.000       0.000       0.000       0.000       0.000    
   104400.   12.52821000   12.5147   0.000       0.000     -0.1186E-04   0.000    -0.1831E-02 0.1843E-02  0.000      0.000      0.000      0.000       0.000       0.000       0.000       0.000       0.000       0.000    
   108000.   12.50602375   12.5156   0.000       0.000      0.8410E-05   0.000    -0.2046E-02 0.2038E-02  0.000      0.000      0.000      0.000       0.000       0.000       0.000       0.000       0.000       0.000    
   111600.   12.47141551   12.5139   0.000       0.000      0.3720E-04   0.000    -0.1780E-02 0.1743E-02  0.000      0.000      0.000      0.000       0.000       0.000       0.000       0.000       0.000       0.000    
   115200.   12.44329513   12.5103   0.000       0.000      0.5860E-04   0.000    -0.1617E-02 0.1558E-02  0.000      0.000      0.000      0.000       0.000       0.000       0.000       0.000       0.000       0.000    
   118800.   12.42300183   12.5054   0.000       0.000      0.7206E-04   0.000    -0.1551E-02 0.1479E-02  0.000      0.000      0.000      0.000       0.000       0.000       0.000       0.000       0.000       0.000    
   122400.   12.43214609   12.5017   0.000       0.000      0.6085E-04   0.000    -0.1910E-02 0.1849E-02  0.000      0.000      0.000      0.000       0.000       0.000       0.000       0.000       0.000       0.000    
   126000.   12.41145957   12.4965   0.000       0.000      0.7445E-04   0.000    -0.1617E-02 0.1543E-02  0.000      0.000      0.000      0.000       0.000       0.000       0.000       0.000       0.000       0.000    
   129600.   12.46422769   12.4962   0.000       0.000      0.2796E-04   0.000    -0.2611E-02 0.2583E-02  0.000      0.000      0.000      0.000       0.000       0.000       0.000       0.000       0.000       0.000    
   133200.   12.43773767   12.4934   0.000       0.000      0.4874E-04   0.000    -0.1953E-02 0.1904E-02  0.000      0.000      0.000      0.000       0.000       0.000       0.000       0.000       0.000       0.000    
   136800.   12.42839118   12.4902   0.000       0.000      0.5408E-04   0.000    -0.1894E-02 0.1840E-02  0.000      0.000      0.000      0.000       0.000       0.000       0.000       0.000       0.000       0.000    
   140400.   12.40547744   12.4853   0.000       0.000      0.6987E-04   0.000    -0.1619E-02 0.1549E-02  0.000      0.000      0.000      0.000       0.000       0.000       0.000       0.000       0.000       0.000    
   144000.   12.40107113   12.4805   0.000       0.000      0.6954E-04   0.000    -0.1721E-02 0.1652E-02  0.000      0.000      0.000      0.000       0.000       0.000       0.000       0.000       0.000       0.000    
   147600.   12.39911080   12.4760   0.000       0.000      0.6725E-04   0.000    -0.1788E-02 0.1720E-02  0.000      0.000      0.000      0.000       0.000       0.000       0.000       0.000       0.000       0.000    
   151200.   12.39806139   12.4716   0.000       0.000      0.6438E-04   0.000    -0.1833E-02 0.1768E-02  0.000      0.000      0.000      0.000       0.000       0.000       0.000       0.000       0.000       0.000    
   154800.   12.39738742   12.4675   0.000       0.000      0.6139E-04   0.000    -0.1867E-02 0.1806E-02  0.000      0.000      0.000      0.000       0.000       0.000       0.000       0.000       0.000       0.000    
   158400.   12.41094345   12.4648   0.000       0.000      0.4716E-04   0.000    -0.2122E-02 0.2074E-02  0.000      0.000      0.000      0.000       0.000       0.000       0.000       0.000       0.000       0.000    
   162000.   12.46949281   12.4671   0.000       0.000     -0.2128E-05   0.000    -0.3005E-02 0.3007E-02  0.000      0.000      0.000      0.000       0.000       0.000       0.000       0.000       0.000       0.000    
   165600.   12.46648244   12.4686   0.000       0.000      0.1840E-05   0.000    -0.2619E-02 0.2617E-02  0.000      0.000      0.000      0.000       0.000       0.000       0.000       0.000       0.000       0.000    
   169200.   12.41987598   12.4661   0.000       0.000      0.4046E-04   0.000    -0.1784E-02 0.1744E-02  0.000      0.000      0.000      0.000       0.000       0.000       0.000       0.000       0.000       0.000    
   172800.   12.40587105   12.4629   0.000       0.000      0.4987E-04   0.000    -0.1791E-02 0.1741E-02  0.000      0.000      0.000      0.000       0.000       0.000       0.000       0.000       0.000       0.000    
