TOTIM (T)      HCON          HMAT      QDIR      QWELL        QMAT       QCADS      QTUB1      QTUB2      QTUB3      QTUB4      QTUB5      QTUB6       NSTOR        QFIX        QLH     FHLQ (LQ)        CAUCHY   CAUCHY (LQ)
     3600.   12.36082671   12.6163   0.000       0.000      0.2236E-03   0.000     0.1540E-03-0.3776E-03  0.000      0.000      0.000      0.000       0.000       0.000       0.000       0.000       0.000       0.000    
     7200.   12.34684197   12.6152   0.000       0.000      0.2348E-03   0.000     0.4191E-04-0.2767E-03  0.000      0.000      0.000      0.000       0.000       0.000       0.000       0.000       0.000       0.000    
    10800.   12.34432587   12.6140   0.000       0.000      0.2360E-03   0.000     0.4101E-04-0.2770E-03  0.000      0.000      0.000      0.000       0.000       0.000       0.000       0.000       0.000       0.000    
    14400.   12.34314927   12.6128   0.000       0.000      0.2360E-03   0.000     0.4623E-04-0.2822E-03  0.000      0.000      0.000      0.000       0.000       0.000       0.000       0.000       0.000       0.000    
    18000.   12.34240966   12.6117   0.000       0.000      0.2356E-03   0.000     0.5150E-04-0.2871E-03  0.000      0.000      0.000      0.000       0.000       0.000       0.000       0.000       0.000       0.000    
    21600.   12.34186177   12.6106   0.000       0.000      0.2351E-03   0.000     0.5650E-04-0.2916E-03  0.000      0.000      0.000      0.000       0.000       0.000       0.000       0.000       0.000       0.000    
    25200.   12.34140112   12.6095   0.000       0.000      0.2346E-03   0.000     0.6121E-04-0.2958E-03  0.000      0.000      0.000      0.000       0.000       0.000       0.000       0.000       0.000       0.000    
    28800.   12.34100814   12.6085   0.000       0.000      0.2341E-03   0.000     0.6559E-04-0.2997E-03  0.000      0.000      0.000      0.000       0.000       0.000       0.000       0.000       0.000       0.000    
    32400.   12.34062263   12.6076   0.000       0.000      0.2336E-03   0.000     0.6972E-04-0.3033E-03  0.000      0.000      0.000      0.000       0.000       0.000       0.000       0.000       0.000       0.000    
    36000.   12.34024031   12.6067   0.000       0.000      0.2331E-03   0.000     0.7359E-04-0.3067E-03  0.000      0.000      0.000      0.000       0.000       0.000       0.000       0.000       0.000       0.000    
    39600.   12.33985970   12.6058   0.000       0.000      0.2327E-03   0.000     0.7720E-04-0.3099E-03  0.000      0.000      0.000      0.000       0.000       0.000       0.000       0.000       0.000       0.000    
    43200.   12.35351581   12.6062   0.000       0.000      0.2211E-03   0.000     0.1926E-03-0.4137E-03  0.000      0.000      0.000      0.000       0.000       0.000       0.000       0.000       0.000       0.000    
    46800.   12.35568250   12.6066   0.000       0.000      0.2196E-03   0.000     0.1967E-03-0.4162E-03  0.000      0.000      0.000      0.000       0.000       0.000       0.000       0.000       0.000       0.000    
    50400.   12.34245122   12.6059   0.000       0.000      0.2305E-03   0.000     0.8239E-04-0.3129E-03  0.000      0.000      0.000      0.000       0.000       0.000       0.000       0.000       0.000       0.000    
    54000.   12.35433504   12.6063   0.000       0.000      0.2205E-03   0.000     0.1910E-03-0.4114E-03  0.000      0.000      0.000      0.000       0.000       0.000       0.000       0.000       0.000       0.000    
    57600.   12.39109840   12.6096   0.000       0.000      0.1912E-03   0.000     0.4746E-03-0.6659E-03  0.000      0.000      0.000      0.000       0.000       0.000       0.000       0.000       0.000       0.000    
    61200.   12.50384320   12.6218   0.000       0.000      0.1032E-03   0.000     0.1314E-02-0.1418E-02  0.000      0.000      0.000      0.000       0.000       0.000       0.000       0.000       0.000       0.000    
    64800.   12.49818001   12.6321   0.000       0.000      0.1171E-03   0.000     0.1082E-02-0.1199E-02  0.000      0.000      0.000      0.000       0.000       0.000       0.000       0.000       0.000       0.000    
    68400.   12.49716968   12.6414   0.000       0.000      0.1262E-03   0.000     0.9695E-03-0.1096E-02  0.000      0.000      0.000      0.000       0.000       0.000       0.000       0.000       0.000       0.000    
    72000.   12.46539389   12.6474   0.000       0.000      0.1592E-03   0.000     0.6454E-03-0.8046E-03  0.000      0.000      0.000      0.000       0.000       0.000       0.000       0.000       0.000       0.000    
    75600.   12.43410208   12.6505   0.000       0.000      0.1893E-03   0.000     0.3809E-03-0.5702E-03  0.000      0.000      0.000      0.000       0.000       0.000       0.000       0.000       0.000       0.000    
    79200.   12.51365176   12.6600   0.000       0.000      0.1281E-03   0.000     0.1028E-02-0.1156E-02  0.000      0.000      0.000      0.000       0.000       0.000       0.000       0.000       0.000       0.000    
    82800.   12.52772747   12.6697   0.000       0.000      0.1242E-03   0.000     0.1024E-02-0.1148E-02  0.000      0.000      0.000      0.000       0.000       0.000       0.000       0.000       0.000       0.000    
    86400.   12.54218490   12.6797   0.000       0.000      0.1203E-03   0.000     0.1040E-02-0.1160E-02  0.000      0.000      0.000      0.000       0.000       0.000       0.000       0.000       0.000       0.000    
    90000.   12.62622801   12.6957   0.000       0.000      0.6075E-04   0.000     0.1617E-02-0.1678E-02  0.000      0.000      0.000      0.000       0.000       0.000       0.000       0.000       0.000       0.000    
    93600.   12.82138679   12.7261   0.000       0.000     -0.8340E-04   0.000     0.7247E-02-0.7164E-02  0.000      0.000      0.000      0.000       0.000       0.000       0.000       0.000       0.000       0.000    
    97200.   12.75141000   12.7475   0.000       0.000     -0.3432E-05   0.000     0.4480E-02-0.4477E-02  0.000      0.000      0.000      0.000       0.000       0.000       0.000       0.000       0.000       0.000    
   100800.   12.59916550   12.7549   0.000       0.000      0.1363E-03   0.000     0.9992E-03-0.1135E-02  0.000      0.000      0.000      0.000       0.000       0.000       0.000       0.000       0.000       0.000    
   104400.   12.52821106   12.7566   0.000       0.000      0.1998E-03   0.000     0.1748E-03-0.3747E-03  0.000      0.000      0.000      0.000       0.000       0.000       0.000       0.000       0.000       0.000    
   108000.   12.50602480   12.7567   0.000       0.000      0.2194E-03   0.000     0.9549E-04-0.3148E-03  0.000      0.000      0.000      0.000       0.000       0.000       0.000       0.000       0.000       0.000    
   111600.   12.47141626   12.7541   0.000       0.000      0.2474E-03   0.000    -0.1251E-03-0.1223E-03  0.000      0.000      0.000      0.000       0.000       0.000       0.000       0.000       0.000       0.000    
   115200.   12.44329566   12.7496   0.000       0.000      0.2680E-03   0.000    -0.2863E-03 0.1827E-04  0.000      0.000      0.000      0.000       0.000       0.000       0.000       0.000       0.000       0.000    
   118800.   12.42300224   12.7438   0.000       0.000      0.2807E-03   0.000    -0.3801E-03 0.9946E-04  0.000      0.000      0.000      0.000       0.000       0.000       0.000       0.000       0.000       0.000    
   122400.   12.43214676   12.7392   0.000       0.000      0.2687E-03   0.000    -0.2419E-03-0.2680E-04  0.000      0.000      0.000      0.000       0.000       0.000       0.000       0.000       0.000       0.000    
   126000.   12.41146001   12.7332   0.000       0.000      0.2815E-03   0.000    -0.3773E-03 0.9577E-04  0.000      0.000      0.000      0.000       0.000       0.000       0.000       0.000       0.000       0.000    
   129600.   12.46422895   12.7320   0.000       0.000      0.2343E-03   0.000     0.9416E-04-0.3285E-03  0.000      0.000      0.000      0.000       0.000       0.000       0.000       0.000       0.000       0.000    
   133200.   12.43773846   12.7285   0.000       0.000      0.2544E-03   0.000    -0.1511E-03-0.1034E-03  0.000      0.000      0.000      0.000       0.000       0.000       0.000       0.000       0.000       0.000    
   136800.   12.42839190   12.7245   0.000       0.000      0.2591E-03   0.000    -0.2007E-03-0.5843E-04  0.000      0.000      0.000      0.000       0.000       0.000       0.000       0.000       0.000       0.000    
   140400.   12.40547790   12.7190   0.000       0.000      0.2743E-03   0.000    -0.3492E-03 0.7489E-04  0.000      0.000      0.000      0.000       0.000       0.000       0.000       0.000       0.000       0.000    
   144000.   12.40107165   12.7136   0.000       0.000      0.2735E-03   0.000    -0.3287E-03 0.5529E-04  0.000      0.000      0.000      0.000       0.000       0.000       0.000       0.000       0.000       0.000    
   147600.   12.39911138   12.7085   0.000       0.000      0.2707E-03   0.000    -0.3001E-03 0.2944E-04  0.000      0.000      0.000      0.000       0.000       0.000       0.000       0.000       0.000       0.000    
   151200.   12.39806201   12.7036   0.000       0.000      0.2674E-03   0.000    -0.2727E-03 0.5359E-05  0.000      0.000      0.000      0.000       0.000       0.000       0.000       0.000       0.000       0.000    
   154800.   12.39738808   12.6991   0.000       0.000      0.2640E-03   0.000    -0.2469E-03-0.1708E-04  0.000      0.000      0.000      0.000       0.000       0.000       0.000       0.000       0.000       0.000    
   158400.   12.41094433   12.6960   0.000       0.000      0.2494E-03   0.000    -0.1107E-03-0.1387E-03  0.000      0.000      0.000      0.000       0.000       0.000       0.000       0.000       0.000       0.000    
   162000.   12.46949447   12.6979   0.000       0.000      0.1999E-03   0.000     0.3607E-03-0.5606E-03  0.000      0.000      0.000      0.000       0.000       0.000       0.000       0.000       0.000       0.000    
   165600.   12.46648389   12.6992   0.000       0.000      0.2036E-03   0.000     0.2683E-03-0.4720E-03  0.000      0.000      0.000      0.000       0.000       0.000       0.000       0.000       0.000       0.000    
   169200.   12.41987673   12.6965   0.000       0.000      0.2421E-03   0.000    -0.1309E-03-0.1111E-03  0.000      0.000      0.000      0.000       0.000       0.000       0.000       0.000       0.000       0.000    
   172800.   12.40587173   12.6931   0.000       0.000      0.2513E-03   0.000    -0.1925E-03-0.5886E-04  0.000      0.000      0.000      0.000       0.000       0.000       0.000       0.000       0.000       0.000    
