TOTIM (T)      HCON          HMAT      QDIR      QWELL        QMAT       QCADS      QTUB1      QTUB2      QTUB3      QTUB4      QTUB5      QTUB6       NSTOR        QFIX        QLH     FHLQ (LQ)        CAUCHY   CAUCHY (LQ)
     3600.   12.36082471   12.3400   0.000       0.000     -0.1819E-04   0.000     0.7158E-02-0.7140E-02  0.000      0.000      0.000      0.000       0.000       0.000       0.000       0.000       0.000       0.000    
     7200.   12.34684021   12.3389   0.000       0.000     -0.6949E-05   0.000     0.6671E-02-0.6664E-02  0.000      0.000      0.000      0.000       0.000       0.000       0.000       0.000       0.000       0.000    
    10800.   12.34432409   12.3377   0.000       0.000     -0.5801E-05   0.000     0.6791E-02-0.6785E-02  0.000      0.000      0.000      0.000       0.000       0.000       0.000       0.000       0.000       0.000    
    14400.   12.34314747   12.3365   0.000       0.000     -0.5815E-05   0.000     0.6857E-02-0.6851E-02  0.000      0.000      0.000      0.000       0.000       0.000       0.000       0.000       0.000       0.000    
    18000.   12.34240784   12.3353   0.000       0.000     -0.6183E-05   0.000     0.6892E-02-0.6886E-02  0.000      0.000      0.000      0.000       0.000       0.000       0.000       0.000       0.000       0.000    
    21600.   12.34185994   12.3342   0.000       0.000     -0.6683E-05   0.000     0.6911E-02-0.6904E-02  0.000      0.000      0.000      0.000       0.000       0.000       0.000       0.000       0.000       0.000    
    25200.   12.34139928   12.3331   0.000       0.000     -0.7223E-05   0.000     0.6923E-02-0.6916E-02  0.000      0.000      0.000      0.000       0.000       0.000       0.000       0.000       0.000       0.000    
    28800.   12.34100629   12.3321   0.000       0.000     -0.7781E-05   0.000     0.6929E-02-0.6921E-02  0.000      0.000      0.000      0.000       0.000       0.000       0.000       0.000       0.000       0.000    
    32400.   12.34062078   12.3311   0.000       0.000     -0.8310E-05   0.000     0.6934E-02-0.6926E-02  0.000      0.000      0.000      0.000       0.000       0.000       0.000       0.000       0.000       0.000    
    36000.   12.34023845   12.3302   0.000       0.000     -0.8809E-05   0.000     0.6939E-02-0.6930E-02  0.000      0.000      0.000      0.000       0.000       0.000       0.000       0.000       0.000       0.000    
    39600.   12.33985784   12.3293   0.000       0.000     -0.9277E-05   0.000     0.6942E-02-0.6933E-02  0.000      0.000      0.000      0.000       0.000       0.000       0.000       0.000       0.000       0.000    
    43200.   12.35351370   12.3295   0.000       0.000     -0.2099E-04   0.000     0.7429E-02-0.7408E-02  0.000      0.000      0.000      0.000       0.000       0.000       0.000       0.000       0.000       0.000    
    46800.   12.35568040   12.3299   0.000       0.000     -0.2257E-04   0.000     0.7311E-02-0.7288E-02  0.000      0.000      0.000      0.000       0.000       0.000       0.000       0.000       0.000       0.000    
    50400.   12.34244938   12.3291   0.000       0.000     -0.1167E-04   0.000     0.6764E-02-0.6752E-02  0.000      0.000      0.000      0.000       0.000       0.000       0.000       0.000       0.000       0.000    
    54000.   12.35433294   12.3294   0.000       0.000     -0.2179E-04   0.000     0.7334E-02-0.7312E-02  0.000      0.000      0.000      0.000       0.000       0.000       0.000       0.000       0.000       0.000    
    57600.   12.39109115   12.3327   0.000       0.000     -0.5110E-04   0.000     0.8462E-02-0.8411E-02  0.000      0.000      0.000      0.000       0.000       0.000       0.000       0.000       0.000       0.000    
    61200.   12.50382787   12.3448   0.000       0.000     -0.1391E-03   0.000     0.1170E-01-0.1156E-01  0.000      0.000      0.000      0.000       0.000       0.000       0.000       0.000       0.000       0.000    
    64800.   12.49816901   12.3551   0.000       0.000     -0.1252E-03   0.000     0.9641E-02-0.9516E-02  0.000      0.000      0.000      0.000       0.000       0.000       0.000       0.000       0.000       0.000    
    68400.   12.49715990   12.3645   0.000       0.000     -0.1161E-03   0.000     0.9034E-02-0.8918E-02  0.000      0.000      0.000      0.000       0.000       0.000       0.000       0.000       0.000       0.000    
    72000.   12.46538665   12.3706   0.000       0.000     -0.8297E-04   0.000     0.7718E-02-0.7635E-02  0.000      0.000      0.000      0.000       0.000       0.000       0.000       0.000       0.000       0.000    
    75600.   12.43409624   12.3738   0.000       0.000     -0.5274E-04   0.000     0.6991E-02-0.6938E-02  0.000      0.000      0.000      0.000       0.000       0.000       0.000       0.000       0.000       0.000    
    79200.   12.51363982   12.3836   0.000       0.000     -0.1138E-03   0.000     0.1023E-01-0.1011E-01  0.000      0.000      0.000      0.000       0.000       0.000       0.000       0.000       0.000       0.000    
    82800.   12.52771652   12.3935   0.000       0.000     -0.1175E-03   0.000     0.9676E-02-0.9559E-02  0.000      0.000      0.000      0.000       0.000       0.000       0.000       0.000       0.000       0.000    
    86400.   12.54217408   12.4038   0.000       0.000     -0.1211E-03   0.000     0.9584E-02-0.9463E-02  0.000      0.000      0.000      0.000       0.000       0.000       0.000       0.000       0.000       0.000    
    90000.   12.62621157   12.4201   0.000       0.000     -0.1803E-03   0.000     0.1198E-01-0.1180E-01  0.000      0.000      0.000      0.000       0.000       0.000       0.000       0.000       0.000       0.000    
    93600.   12.82131512   12.4510   0.000       0.000     -0.3240E-03   0.000     0.1717E-01-0.1685E-01  0.000      0.000      0.000      0.000       0.000       0.000       0.000       0.000       0.000       0.000    
    97200.   12.75137608   12.4730   0.000       0.000     -0.2436E-03   0.000     0.1137E-01-0.1113E-01  0.000      0.000      0.000      0.000       0.000       0.000       0.000       0.000       0.000       0.000    
   100800.   12.59915883   12.4811   0.000       0.000     -0.1033E-03   0.000     0.5965E-02-0.5862E-02  0.000      0.000      0.000      0.000       0.000       0.000       0.000       0.000       0.000       0.000    
   104400.   12.52820749   12.4836   0.000       0.000     -0.3906E-04   0.000     0.5591E-02-0.5552E-02  0.000      0.000      0.000      0.000       0.000       0.000       0.000       0.000       0.000       0.000    
   108000.   12.50602047   12.4845   0.000       0.000     -0.1883E-04   0.000     0.6470E-02-0.6451E-02  0.000      0.000      0.000      0.000       0.000       0.000       0.000       0.000       0.000       0.000    
   111600.   12.47141259   12.4828   0.000       0.000      0.9930E-05   0.000     0.6127E-02-0.6137E-02  0.000      0.000      0.000      0.000       0.000       0.000       0.000       0.000       0.000       0.000    
   115200.   12.44329239   12.4790   0.000       0.000      0.3128E-04   0.000     0.5952E-02-0.5984E-02  0.000      0.000      0.000      0.000       0.000       0.000       0.000       0.000       0.000       0.000    
   118800.   12.42299911   12.4741   0.000       0.000      0.4471E-04   0.000     0.5947E-02-0.5992E-02  0.000      0.000      0.000      0.000       0.000       0.000       0.000       0.000       0.000       0.000    
   122400.   12.43214255   12.4704   0.000       0.000      0.3345E-04   0.000     0.6807E-02-0.6840E-02  0.000      0.000      0.000      0.000       0.000       0.000       0.000       0.000       0.000       0.000    
   126000.   12.41145664   12.4652   0.000       0.000      0.4702E-04   0.000     0.6180E-02-0.6227E-02  0.000      0.000      0.000      0.000       0.000       0.000       0.000       0.000       0.000       0.000    
   129600.   12.46422241   12.4648   0.000       0.000      0.4940E-06   0.000     0.8336E-02-0.8336E-02  0.000      0.000      0.000      0.000       0.000       0.000       0.000       0.000       0.000       0.000    
   133200.   12.43773412   12.4620   0.000       0.000      0.2123E-04   0.000     0.6798E-02-0.6819E-02  0.000      0.000      0.000      0.000       0.000       0.000       0.000       0.000       0.000       0.000    
   136800.   12.42838776   12.4587   0.000       0.000      0.2653E-04   0.000     0.6679E-02-0.6706E-02  0.000      0.000      0.000      0.000       0.000       0.000       0.000       0.000       0.000       0.000    
   140400.   12.40547456   12.4538   0.000       0.000      0.4228E-04   0.000     0.6119E-02-0.6161E-02  0.000      0.000      0.000      0.000       0.000       0.000       0.000       0.000       0.000       0.000    
   144000.   12.40106800   12.4490   0.000       0.000      0.4192E-04   0.000     0.6394E-02-0.6436E-02  0.000      0.000      0.000      0.000       0.000       0.000       0.000       0.000       0.000       0.000    
   147600.   12.39910752   12.4444   0.000       0.000      0.3959E-04   0.000     0.6555E-02-0.6594E-02  0.000      0.000      0.000      0.000       0.000       0.000       0.000       0.000       0.000       0.000    
   151200.   12.39805801   12.4400   0.000       0.000      0.3669E-04   0.000     0.6646E-02-0.6683E-02  0.000      0.000      0.000      0.000       0.000       0.000       0.000       0.000       0.000       0.000    
   154800.   12.39738398   12.4359   0.000       0.000      0.3366E-04   0.000     0.6706E-02-0.6739E-02  0.000      0.000      0.000      0.000       0.000       0.000       0.000       0.000       0.000       0.000    
   158400.   12.41093945   12.4331   0.000       0.000      0.1941E-04   0.000     0.7231E-02-0.7250E-02  0.000      0.000      0.000      0.000       0.000       0.000       0.000       0.000       0.000       0.000    
   162000.   12.46948656   12.4353   0.000       0.000     -0.2990E-04   0.000     0.9057E-02-0.9027E-02  0.000      0.000      0.000      0.000       0.000       0.000       0.000       0.000       0.000       0.000    
   165600.   12.46647746   12.4368   0.000       0.000     -0.2596E-04   0.000     0.8052E-02-0.8026E-02  0.000      0.000      0.000      0.000       0.000       0.000       0.000       0.000       0.000       0.000    
   169200.   12.41987298   12.4343   0.000       0.000      0.1263E-04   0.000     0.6211E-02-0.6224E-02  0.000      0.000      0.000      0.000       0.000       0.000       0.000       0.000       0.000       0.000    
   172800.   12.40586796   12.4310   0.000       0.000      0.2202E-04   0.000     0.6330E-02-0.6352E-02  0.000      0.000      0.000      0.000       0.000       0.000       0.000       0.000       0.000       0.000    
