TOTIM (T)      HCON          HMAT      QDIR      QWELL        QMAT       QCADS      QTUB1      QTUB2      QTUB3      QTUB4      QTUB5      QTUB6       NSTOR        QFIX        QLH     FHLQ (LQ)        CAUCHY   CAUCHY (LQ)
     3600.   12.36082630   12.4172   0.000       0.000      0.4936E-04   0.000     0.1726E-02-0.1775E-02  0.000      0.000      0.000      0.000       0.000       0.000       0.000       0.000       0.000       0.000    
     7200.   12.34684167   12.4161   0.000       0.000      0.6060E-04   0.000     0.1423E-02-0.1484E-02  0.000      0.000      0.000      0.000       0.000       0.000       0.000       0.000       0.000       0.000    
    10800.   12.34432557   12.4149   0.000       0.000      0.6174E-04   0.000     0.1435E-02-0.1496E-02  0.000      0.000      0.000      0.000       0.000       0.000       0.000       0.000       0.000       0.000    
    14400.   12.34314896   12.4137   0.000       0.000      0.6173E-04   0.000     0.1455E-02-0.1517E-02  0.000      0.000      0.000      0.000       0.000       0.000       0.000       0.000       0.000       0.000    
    18000.   12.34240935   12.4125   0.000       0.000      0.6136E-04   0.000     0.1472E-02-0.1533E-02  0.000      0.000      0.000      0.000       0.000       0.000       0.000       0.000       0.000       0.000    
    21600.   12.34186146   12.4114   0.000       0.000      0.6086E-04   0.000     0.1485E-02-0.1546E-02  0.000      0.000      0.000      0.000       0.000       0.000       0.000       0.000       0.000       0.000    
    25200.   12.34140080   12.4103   0.000       0.000      0.6032E-04   0.000     0.1497E-02-0.1557E-02  0.000      0.000      0.000      0.000       0.000       0.000       0.000       0.000       0.000       0.000    
    28800.   12.34100781   12.4093   0.000       0.000      0.5976E-04   0.000     0.1507E-02-0.1567E-02  0.000      0.000      0.000      0.000       0.000       0.000       0.000       0.000       0.000       0.000    
    32400.   12.34062230   12.4083   0.000       0.000      0.5923E-04   0.000     0.1517E-02-0.1576E-02  0.000      0.000      0.000      0.000       0.000       0.000       0.000       0.000       0.000       0.000    
    36000.   12.34023998   12.4074   0.000       0.000      0.5873E-04   0.000     0.1526E-02-0.1585E-02  0.000      0.000      0.000      0.000       0.000       0.000       0.000       0.000       0.000       0.000    
    39600.   12.33985936   12.4064   0.000       0.000      0.5826E-04   0.000     0.1535E-02-0.1593E-02  0.000      0.000      0.000      0.000       0.000       0.000       0.000       0.000       0.000       0.000    
    43200.   12.35351537   12.4067   0.000       0.000      0.4654E-04   0.000     0.1844E-02-0.1891E-02  0.000      0.000      0.000      0.000       0.000       0.000       0.000       0.000       0.000       0.000    
    46800.   12.35568204   12.4071   0.000       0.000      0.4496E-04   0.000     0.1840E-02-0.1885E-02  0.000      0.000      0.000      0.000       0.000       0.000       0.000       0.000       0.000       0.000    
    50400.   12.34245088   12.4063   0.000       0.000      0.5586E-04   0.000     0.1525E-02-0.1580E-02  0.000      0.000      0.000      0.000       0.000       0.000       0.000       0.000       0.000       0.000    
    54000.   12.35433459   12.4066   0.000       0.000      0.4574E-04   0.000     0.1827E-02-0.1873E-02  0.000      0.000      0.000      0.000       0.000       0.000       0.000       0.000       0.000       0.000    
    57600.   12.39109768   12.4099   0.000       0.000      0.1643E-04   0.000     0.2581E-02-0.2598E-02  0.000      0.000      0.000      0.000       0.000       0.000       0.000       0.000       0.000       0.000    
    61200.   12.50384166   12.4220   0.000       0.000     -0.7161E-04   0.000     0.4796E-02-0.4724E-02  0.000      0.000      0.000      0.000       0.000       0.000       0.000       0.000       0.000       0.000    
    64800.   12.49817871   12.4323   0.000       0.000     -0.5768E-04   0.000     0.4048E-02-0.3990E-02  0.000      0.000      0.000      0.000       0.000       0.000       0.000       0.000       0.000       0.000    
    68400.   12.49716850   12.4416   0.000       0.000     -0.4859E-04   0.000     0.3716E-02-0.3667E-02  0.000      0.000      0.000      0.000       0.000       0.000       0.000       0.000       0.000       0.000    
    72000.   12.46539303   12.4477   0.000       0.000     -0.1544E-04   0.000     0.2850E-02-0.2834E-02  0.000      0.000      0.000      0.000       0.000       0.000       0.000       0.000       0.000       0.000    
    75600.   12.43410148   12.4510   0.000       0.000      0.1479E-04   0.000     0.2185E-02-0.2199E-02  0.000      0.000      0.000      0.000       0.000       0.000       0.000       0.000       0.000       0.000    
    79200.   12.51365051   12.4608   0.000       0.000     -0.4628E-04   0.000     0.3980E-02-0.3933E-02  0.000      0.000      0.000      0.000       0.000       0.000       0.000       0.000       0.000       0.000    
    82800.   12.52772623   12.4707   0.000       0.000     -0.4992E-04   0.000     0.3915E-02-0.3865E-02  0.000      0.000      0.000      0.000       0.000       0.000       0.000       0.000       0.000       0.000    
    86400.   12.54218365   12.4810   0.000       0.000     -0.5357E-04   0.000     0.3932E-02-0.3879E-02  0.000      0.000      0.000      0.000       0.000       0.000       0.000       0.000       0.000       0.000    
    90000.   12.62622620   12.4974   0.000       0.000     -0.1128E-03   0.000     0.5470E-02-0.5358E-02  0.000      0.000      0.000      0.000       0.000       0.000       0.000       0.000       0.000       0.000    
    93600.   12.82135583   12.5283   0.000       0.000     -0.2564E-03   0.000     0.9060E-02-0.8804E-02  0.000      0.000      0.000      0.000       0.000       0.000       0.000       0.000       0.000       0.000    
    97200.   12.75139503   12.5503   0.000       0.000     -0.1760E-03   0.000     0.6302E-02-0.6126E-02  0.000      0.000      0.000      0.000       0.000       0.000       0.000       0.000       0.000       0.000    
   100800.   12.59916320   12.5584   0.000       0.000     -0.3565E-04   0.000     0.2648E-02-0.2613E-02  0.000      0.000      0.000      0.000       0.000       0.000       0.000       0.000       0.000       0.000    
   104400.   12.52821067   12.5609   0.000       0.000      0.2859E-04   0.000     0.1534E-02-0.1562E-02  0.000      0.000      0.000      0.000       0.000       0.000       0.000       0.000       0.000       0.000    
   108000.   12.50602447   12.5619   0.000       0.000      0.4885E-04   0.000     0.1478E-02-0.1527E-02  0.000      0.000      0.000      0.000       0.000       0.000       0.000       0.000       0.000       0.000    
   111600.   12.47141613   12.5601   0.000       0.000      0.7763E-04   0.000     0.9687E-03-0.1046E-02  0.000      0.000      0.000      0.000       0.000       0.000       0.000       0.000       0.000       0.000    
   115200.   12.44329567   12.5565   0.000       0.000      0.9902E-04   0.000     0.6002E-03-0.6992E-03  0.000      0.000      0.000      0.000       0.000       0.000       0.000       0.000       0.000       0.000    
   118800.   12.42300234   12.5515   0.000       0.000      0.1125E-03   0.000     0.3979E-03-0.5104E-03  0.000      0.000      0.000      0.000       0.000       0.000       0.000       0.000       0.000       0.000    
   122400.   12.43214672   12.5479   0.000       0.000      0.1012E-03   0.000     0.8032E-03-0.9045E-03  0.000      0.000      0.000      0.000       0.000       0.000       0.000       0.000       0.000       0.000    
   126000.   12.41146010   12.5427   0.000       0.000      0.1148E-03   0.000     0.4365E-03-0.5514E-03  0.000      0.000      0.000      0.000       0.000       0.000       0.000       0.000       0.000       0.000    
   129600.   12.46422857   12.5423   0.000       0.000      0.6834E-04   0.000     0.1716E-02-0.1785E-02  0.000      0.000      0.000      0.000       0.000       0.000       0.000       0.000       0.000       0.000    
   133200.   12.43773834   12.5396   0.000       0.000      0.8911E-04   0.000     0.1004E-02-0.1093E-02  0.000      0.000      0.000      0.000       0.000       0.000       0.000       0.000       0.000       0.000    
   136800.   12.42839182   12.5363   0.000       0.000      0.9443E-04   0.000     0.8730E-03-0.9675E-03  0.000      0.000      0.000      0.000       0.000       0.000       0.000       0.000       0.000       0.000    
   140400.   12.40547797   12.5314   0.000       0.000      0.1102E-03   0.000     0.4827E-03-0.5929E-03  0.000      0.000      0.000      0.000       0.000       0.000       0.000       0.000       0.000       0.000    
   144000.   12.40107169   12.5266   0.000       0.000      0.1099E-03   0.000     0.5589E-03-0.6688E-03  0.000      0.000      0.000      0.000       0.000       0.000       0.000       0.000       0.000       0.000    
   147600.   12.39911139   12.5221   0.000       0.000      0.1076E-03   0.000     0.6423E-03-0.7499E-03  0.000      0.000      0.000      0.000       0.000       0.000       0.000       0.000       0.000       0.000    
   151200.   12.39806200   12.5177   0.000       0.000      0.1047E-03   0.000     0.7133E-03-0.8180E-03  0.000      0.000      0.000      0.000       0.000       0.000       0.000       0.000       0.000       0.000    
   154800.   12.39738805   12.5136   0.000       0.000      0.1017E-03   0.000     0.7766E-03-0.8783E-03  0.000      0.000      0.000      0.000       0.000       0.000       0.000       0.000       0.000       0.000    
   158400.   12.41094416   12.5109   0.000       0.000      0.8747E-04   0.000     0.1135E-02-0.1223E-02  0.000      0.000      0.000      0.000       0.000       0.000       0.000       0.000       0.000       0.000    
   162000.   12.46949385   12.5131   0.000       0.000      0.3817E-04   0.000     0.2379E-02-0.2418E-02  0.000      0.000      0.000      0.000       0.000       0.000       0.000       0.000       0.000       0.000    
   165600.   12.46648337   12.5146   0.000       0.000      0.4214E-04   0.000     0.2061E-02-0.2103E-02  0.000      0.000      0.000      0.000       0.000       0.000       0.000       0.000       0.000       0.000    
   169200.   12.41987660   12.5122   0.000       0.000      0.8076E-04   0.000     0.9655E-03-0.1046E-02  0.000      0.000      0.000      0.000       0.000       0.000       0.000       0.000       0.000       0.000    
   172800.   12.40587166   12.5089   0.000       0.000      0.9016E-04   0.000     0.8411E-03-0.9312E-03  0.000      0.000      0.000      0.000       0.000       0.000       0.000       0.000       0.000       0.000    
