TOTIM (T)      HCON          HMAT      QDIR      QWELL        QMAT       QCADS      QTUB1      QTUB2      QTUB3      QTUB4      QTUB5      QTUB6       NSTOR        QFIX        QLH     FHLQ (LQ)        CAUCHY   CAUCHY (LQ)
     3600.   12.36082649   12.4335   0.000       0.000      0.6360E-04   0.000     0.1232E-02-0.1295E-02  0.000      0.000      0.000      0.000       0.000       0.000       0.000       0.000       0.000       0.000    
     7200.   12.34684178   12.4324   0.000       0.000      0.7484E-04   0.000     0.7792E-03-0.8540E-03  0.000      0.000      0.000      0.000       0.000       0.000       0.000       0.000       0.000       0.000    
    10800.   12.34432568   12.4312   0.000       0.000      0.7599E-04   0.000     0.7975E-03-0.8735E-03  0.000      0.000      0.000      0.000       0.000       0.000       0.000       0.000       0.000       0.000    
    14400.   12.34314908   12.4300   0.000       0.000      0.7597E-04   0.000     0.8212E-03-0.8972E-03  0.000      0.000      0.000      0.000       0.000       0.000       0.000       0.000       0.000       0.000    
    18000.   12.34240947   12.4288   0.000       0.000      0.7560E-04   0.000     0.8423E-03-0.9179E-03  0.000      0.000      0.000      0.000       0.000       0.000       0.000       0.000       0.000       0.000    
    21600.   12.34186158   12.4277   0.000       0.000      0.7510E-04   0.000     0.8612E-03-0.9363E-03  0.000      0.000      0.000      0.000       0.000       0.000       0.000       0.000       0.000       0.000    
    25200.   12.34140093   12.4266   0.000       0.000      0.7456E-04   0.000     0.8786E-03-0.9531E-03  0.000      0.000      0.000      0.000       0.000       0.000       0.000       0.000       0.000       0.000    
    28800.   12.34100794   12.4256   0.000       0.000      0.7400E-04   0.000     0.8944E-03-0.9684E-03  0.000      0.000      0.000      0.000       0.000       0.000       0.000       0.000       0.000       0.000    
    32400.   12.34062243   12.4246   0.000       0.000      0.7347E-04   0.000     0.9092E-03-0.9827E-03  0.000      0.000      0.000      0.000       0.000       0.000       0.000       0.000       0.000       0.000    
    36000.   12.34024011   12.4236   0.000       0.000      0.7297E-04   0.000     0.9229E-03-0.9959E-03  0.000      0.000      0.000      0.000       0.000       0.000       0.000       0.000       0.000       0.000    
    39600.   12.33985950   12.4227   0.000       0.000      0.7250E-04   0.000     0.9357E-03-0.1008E-02  0.000      0.000      0.000      0.000       0.000       0.000       0.000       0.000       0.000       0.000    
    43200.   12.35351558   12.4230   0.000       0.000      0.6078E-04   0.000     0.1400E-02-0.1461E-02  0.000      0.000      0.000      0.000       0.000       0.000       0.000       0.000       0.000       0.000    
    46800.   12.35568225   12.4233   0.000       0.000      0.5921E-04   0.000     0.1392E-02-0.1452E-02  0.000      0.000      0.000      0.000       0.000       0.000       0.000       0.000       0.000       0.000    
    50400.   12.34245101   12.4226   0.000       0.000      0.7011E-04   0.000     0.9271E-03-0.9972E-03  0.000      0.000      0.000      0.000       0.000       0.000       0.000       0.000       0.000       0.000    
    54000.   12.35433480   12.4229   0.000       0.000      0.5998E-04   0.000     0.1386E-02-0.1446E-02  0.000      0.000      0.000      0.000       0.000       0.000       0.000       0.000       0.000       0.000    
    57600.   12.39109807   12.4262   0.000       0.000      0.3067E-04   0.000     0.2511E-02-0.2542E-02  0.000      0.000      0.000      0.000       0.000       0.000       0.000       0.000       0.000       0.000    
    61200.   12.50384261   12.4383   0.000       0.000     -0.5736E-04   0.000     0.5841E-02-0.5784E-02  0.000      0.000      0.000      0.000       0.000       0.000       0.000       0.000       0.000       0.000    
    64800.   12.49817946   12.4486   0.000       0.000     -0.4342E-04   0.000     0.4730E-02-0.4686E-02  0.000      0.000      0.000      0.000       0.000       0.000       0.000       0.000       0.000       0.000    
    68400.   12.49716920   12.4579   0.000       0.000     -0.3433E-04   0.000     0.4300E-02-0.4266E-02  0.000      0.000      0.000      0.000       0.000       0.000       0.000       0.000       0.000       0.000    
    72000.   12.46539352   12.4640   0.000       0.000     -0.1176E-05   0.000     0.3014E-02-0.3013E-02  0.000      0.000      0.000      0.000       0.000       0.000       0.000       0.000       0.000       0.000    
    75600.   12.43410180   12.4673   0.000       0.000      0.2906E-04   0.000     0.2017E-02-0.2046E-02  0.000      0.000      0.000      0.000       0.000       0.000       0.000       0.000       0.000       0.000    
    79200.   12.51365128   12.4771   0.000       0.000     -0.3201E-04   0.000     0.4695E-02-0.4663E-02  0.000      0.000      0.000      0.000       0.000       0.000       0.000       0.000       0.000       0.000    
    82800.   12.52772697   12.4870   0.000       0.000     -0.3565E-04   0.000     0.4564E-02-0.4529E-02  0.000      0.000      0.000      0.000       0.000       0.000       0.000       0.000       0.000       0.000    
    86400.   12.54218440   12.4973   0.000       0.000     -0.3929E-04   0.000     0.4625E-02-0.4585E-02  0.000      0.000      0.000      0.000       0.000       0.000       0.000       0.000       0.000       0.000    
    90000.   12.62622734   12.5137   0.000       0.000     -0.9847E-04   0.000     0.6950E-02-0.6851E-02  0.000      0.000      0.000      0.000       0.000       0.000       0.000       0.000       0.000       0.000    
    93600.   12.82138924   12.5446   0.000       0.000     -0.2422E-03   0.000     0.1234E-01-0.1210E-01  0.000      0.000      0.000      0.000       0.000       0.000       0.000       0.000       0.000       0.000    
    97200.   12.75140990   12.5666   0.000       0.000     -0.1617E-03   0.000     0.8229E-02-0.8068E-02  0.000      0.000      0.000      0.000       0.000       0.000       0.000       0.000       0.000       0.000    
   100800.   12.59916594   12.5748   0.000       0.000     -0.2136E-04   0.000     0.2863E-02-0.2842E-02  0.000      0.000      0.000      0.000       0.000       0.000       0.000       0.000       0.000       0.000    
   104400.   12.52821092   12.5772   0.000       0.000      0.4288E-04   0.000     0.1187E-02-0.1230E-02  0.000      0.000      0.000      0.000       0.000       0.000       0.000       0.000       0.000       0.000    
   108000.   12.50602467   12.5782   0.000       0.000      0.6313E-04   0.000     0.1012E-02-0.1075E-02  0.000      0.000      0.000      0.000       0.000       0.000       0.000       0.000       0.000       0.000    
   111600.   12.47141616   12.5764   0.000       0.000      0.9190E-04   0.000     0.1761E-03-0.2680E-03  0.000      0.000      0.000      0.000       0.000       0.000       0.000       0.000       0.000       0.000    
   115200.   12.44329560   12.5727   0.000       0.000      0.1133E-03   0.000    -0.4095E-03 0.2962E-03  0.000      0.000      0.000      0.000       0.000       0.000       0.000       0.000       0.000       0.000    
   118800.   12.42300222   12.5678   0.000       0.000      0.1267E-03   0.000    -0.7402E-03 0.6135E-03  0.000      0.000      0.000      0.000       0.000       0.000       0.000       0.000       0.000       0.000    
   122400.   12.43214670   12.5641   0.000       0.000      0.1155E-03   0.000    -0.1524E-03 0.3697E-04  0.000      0.000      0.000      0.000       0.000       0.000       0.000       0.000       0.000       0.000    
   126000.   12.41145998   12.5589   0.000       0.000      0.1290E-03   0.000    -0.7193E-03 0.5902E-03  0.000      0.000      0.000      0.000       0.000       0.000       0.000       0.000       0.000       0.000    
   129600.   12.46422877   12.5585   0.000       0.000      0.8250E-04   0.000     0.1208E-02-0.1291E-02  0.000      0.000      0.000      0.000       0.000       0.000       0.000       0.000       0.000       0.000    
   133200.   12.43773835   12.5557   0.000       0.000      0.1032E-03   0.000     0.1266E-03-0.2299E-03  0.000      0.000      0.000      0.000       0.000       0.000       0.000       0.000       0.000       0.000    
   136800.   12.42839181   12.5524   0.000       0.000      0.1085E-03   0.000    -0.3734E-04-0.7118E-04  0.000      0.000      0.000      0.000       0.000       0.000       0.000       0.000       0.000       0.000    
   140400.   12.40547787   12.5475   0.000       0.000      0.1243E-03   0.000    -0.6277E-03 0.5034E-03  0.000      0.000      0.000      0.000       0.000       0.000       0.000       0.000       0.000       0.000    
   144000.   12.40107161   12.5426   0.000       0.000      0.1239E-03   0.000    -0.5163E-03 0.3924E-03  0.000      0.000      0.000      0.000       0.000       0.000       0.000       0.000       0.000       0.000    
   147600.   12.39911132   12.5380   0.000       0.000      0.1215E-03   0.000    -0.4037E-03 0.2822E-03  0.000      0.000      0.000      0.000       0.000       0.000       0.000       0.000       0.000       0.000    
   151200.   12.39806194   12.5336   0.000       0.000      0.1186E-03   0.000    -0.3014E-03 0.1828E-03  0.000      0.000      0.000      0.000       0.000       0.000       0.000       0.000       0.000       0.000    
   154800.   12.39738801   12.5295   0.000       0.000      0.1156E-03   0.000    -0.2074E-03 0.9181E-04  0.000      0.000      0.000      0.000       0.000       0.000       0.000       0.000       0.000       0.000    
   158400.   12.41094421   12.5267   0.000       0.000      0.1013E-03   0.000     0.3315E-03-0.4328E-03  0.000      0.000      0.000      0.000       0.000       0.000       0.000       0.000       0.000       0.000    
   162000.   12.46949421   12.5288   0.000       0.000      0.5192E-04   0.000     0.2200E-02-0.2252E-02  0.000      0.000      0.000      0.000       0.000       0.000       0.000       0.000       0.000       0.000    
   165600.   12.46648364   12.5303   0.000       0.000      0.5583E-04   0.000     0.1726E-02-0.1781E-02  0.000      0.000      0.000      0.000       0.000       0.000       0.000       0.000       0.000       0.000    
   169200.   12.41987661   12.5277   0.000       0.000      0.9439E-04   0.000     0.1158E-03-0.2102E-03  0.000      0.000      0.000      0.000       0.000       0.000       0.000       0.000       0.000       0.000    
   172800.   12.40587165   12.5244   0.000       0.000      0.1037E-03   0.000    -0.6028E-04-0.4346E-04  0.000      0.000      0.000      0.000       0.000       0.000       0.000       0.000       0.000       0.000    
