TOTIM (T)      HCON          HMAT      QDIR      QWELL        QMAT       QCADS      QTUB1      QTUB2      QTUB3      QTUB4      QTUB5      QTUB6       NSTOR        QFIX        QLH     FHLQ (LQ)        CAUCHY   CAUCHY (LQ)
     3600.   12.36082535   12.3691   0.000       0.000      0.7213E-05   0.000     0.9762E-03 0.3460E-02-0.4444E-02  0.000      0.000      0.000       0.000       0.000       0.000       0.000       0.000       0.000    
     7200.   12.34684081   12.3679   0.000       0.000      0.1845E-04   0.000     0.9129E-03 0.3182E-02-0.4114E-02  0.000      0.000      0.000       0.000       0.000       0.000       0.000       0.000       0.000    
    10800.   12.34432469   12.3667   0.000       0.000      0.1959E-04   0.000     0.9278E-03 0.3239E-02-0.4186E-02  0.000      0.000      0.000       0.000       0.000       0.000       0.000       0.000       0.000    
    14400.   12.34314808   12.3655   0.000       0.000      0.1956E-04   0.000     0.9366E-03 0.3271E-02-0.4227E-02  0.000      0.000      0.000       0.000       0.000       0.000       0.000       0.000       0.000    
    18000.   12.34240846   12.3643   0.000       0.000      0.1918E-04   0.000     0.9412E-03 0.3289E-02-0.4250E-02  0.000      0.000      0.000       0.000       0.000       0.000       0.000       0.000       0.000    
    21600.   12.34186056   12.3632   0.000       0.000      0.1866E-04   0.000     0.9437E-03 0.3301E-02-0.4263E-02  0.000      0.000      0.000       0.000       0.000       0.000       0.000       0.000       0.000    
    25200.   12.34139990   12.3621   0.000       0.000      0.1810E-04   0.000     0.9453E-03 0.3308E-02-0.4272E-02  0.000      0.000      0.000       0.000       0.000       0.000       0.000       0.000       0.000    
    28800.   12.34100691   12.3610   0.000       0.000      0.1752E-04   0.000     0.9462E-03 0.3313E-02-0.4277E-02  0.000      0.000      0.000       0.000       0.000       0.000       0.000       0.000       0.000    
    32400.   12.34062140   12.3600   0.000       0.000      0.1697E-04   0.000     0.9469E-03 0.3317E-02-0.4281E-02  0.000      0.000      0.000       0.000       0.000       0.000       0.000       0.000       0.000    
    36000.   12.34023907   12.3590   0.000       0.000      0.1645E-04   0.000     0.9476E-03 0.3321E-02-0.4285E-02  0.000      0.000      0.000       0.000       0.000       0.000       0.000       0.000       0.000    
    39600.   12.33985846   12.3581   0.000       0.000      0.1595E-04   0.000     0.9481E-03 0.3325E-02-0.4289E-02  0.000      0.000      0.000       0.000       0.000       0.000       0.000       0.000       0.000    
    43200.   12.35351436   12.3583   0.000       0.000      0.4210E-05   0.000     0.1011E-02 0.3604E-02-0.4619E-02  0.000      0.000      0.000       0.000       0.000       0.000       0.000       0.000       0.000    
    46800.   12.35568105   12.3587   0.000       0.000      0.2612E-05   0.000     0.9967E-03 0.3550E-02-0.4549E-02  0.000      0.000      0.000       0.000       0.000       0.000       0.000       0.000       0.000    
    50400.   12.34244999   12.3579   0.000       0.000      0.1349E-04   0.000     0.9256E-03 0.3244E-02-0.4183E-02  0.000      0.000      0.000       0.000       0.000       0.000       0.000       0.000       0.000    
    54000.   12.35433360   12.3582   0.000       0.000      0.3352E-05   0.000     0.9990E-03 0.3560E-02-0.4562E-02  0.000      0.000      0.000       0.000       0.000       0.000       0.000       0.000       0.000    
    57600.   12.39109646   12.3614   0.000       0.000     -0.2596E-04   0.000     0.1146E-02 0.4213E-02-0.5333E-02  0.000      0.000      0.000       0.000       0.000       0.000       0.000       0.000       0.000    
    61200.   12.50383902   12.3736   0.000       0.000     -0.1140E-03   0.000     0.1039E-02 0.6167E-02-0.7091E-02  0.000      0.000      0.000       0.000       0.000       0.000       0.000       0.000       0.000    
    64800.   12.49817663   12.3839   0.000       0.000     -0.9995E-04   0.000     0.8626E-03 0.5092E-02-0.5854E-02  0.000      0.000      0.000       0.000       0.000       0.000       0.000       0.000       0.000    
    68400.   12.49716660   12.3934   0.000       0.000     -0.9076E-04   0.000     0.8100E-03 0.4761E-02-0.5480E-02  0.000      0.000      0.000       0.000       0.000       0.000       0.000       0.000       0.000    
    72000.   12.46539153   12.3997   0.000       0.000     -0.5750E-04   0.000     0.6973E-03 0.4001E-02-0.4640E-02  0.000      0.000      0.000       0.000       0.000       0.000       0.000       0.000       0.000    
    75600.   12.43410023   12.4031   0.000       0.000     -0.2715E-04   0.000     0.6352E-03 0.3544E-02-0.4152E-02  0.000      0.000      0.000       0.000       0.000       0.000       0.000       0.000       0.000    
    79200.   12.51364834   12.4130   0.000       0.000     -0.8807E-04   0.000     0.9112E-03 0.5350E-02-0.6173E-02  0.000      0.000      0.000       0.000       0.000       0.000       0.000       0.000       0.000    
    82800.   12.52772417   12.4231   0.000       0.000     -0.9155E-04   0.000     0.8649E-03 0.5085E-02-0.5859E-02  0.000      0.000      0.000       0.000       0.000       0.000       0.000       0.000       0.000    
    86400.   12.54218161   12.4336   0.000       0.000     -0.9501E-04   0.000     0.8568E-03 0.5050E-02-0.5812E-02  0.000      0.000      0.000       0.000       0.000       0.000       0.000       0.000       0.000    
    90000.   12.62622334   12.4503   0.000       0.000     -0.1540E-03   0.000     0.1063E-02 0.6431E-02-0.7341E-02  0.000      0.000      0.000       0.000       0.000       0.000       0.000       0.000       0.000    
    93600.   12.82133939   12.4815   0.000       0.000     -0.2973E-03   0.000     0.1513E-02 0.9460E-02-0.1068E-01  0.000      0.000      0.000       0.000       0.000       0.000       0.000       0.000       0.000    
    97200.   12.75138686   12.5040   0.000       0.000     -0.2165E-03   0.000     0.1013E-02 0.6314E-02-0.7110E-02  0.000      0.000      0.000       0.000       0.000       0.000       0.000       0.000       0.000    
   100800.   12.59916160   12.5125   0.000       0.000     -0.7582E-04   0.000     0.1239E-02 0.3233E-02-0.4396E-02  0.000      0.000      0.000       0.000       0.000       0.000       0.000       0.000       0.000    
   104400.   12.52820988   12.5154   0.000       0.000     -0.1124E-04   0.000     0.1072E-02 0.2858E-02-0.3918E-02  0.000      0.000      0.000       0.000       0.000       0.000       0.000       0.000       0.000    
   108000.   12.50602362   12.5167   0.000       0.000      0.9336E-05   0.000     0.1277E-02 0.3257E-02-0.4543E-02  0.000      0.000      0.000       0.000       0.000       0.000       0.000       0.000       0.000    
   111600.   12.47141539   12.5153   0.000       0.000      0.3839E-04   0.000     0.1176E-02 0.2972E-02-0.4186E-02  0.000      0.000      0.000       0.000       0.000       0.000       0.000       0.000       0.000    
   115200.   12.44329502   12.5119   0.000       0.000      0.6001E-04   0.000     0.1121E-02 0.2805E-02-0.3986E-02  0.000      0.000      0.000       0.000       0.000       0.000       0.000       0.000       0.000    
   118800.   12.42300173   12.5072   0.000       0.000      0.7366E-04   0.000     0.1112E-02 0.2756E-02-0.3942E-02  0.000      0.000      0.000       0.000       0.000       0.000       0.000       0.000       0.000    
   122400.   12.43214596   12.5037   0.000       0.000      0.6258E-04   0.000     0.1331E-02 0.3254E-02-0.4647E-02  0.000      0.000      0.000       0.000       0.000       0.000       0.000       0.000       0.000    
   126000.   12.41145946   12.4986   0.000       0.000      0.7628E-04   0.000     0.1169E-02 0.2870E-02-0.4115E-02  0.000      0.000      0.000       0.000       0.000       0.000       0.000       0.000       0.000    
   129600.   12.46422752   12.4984   0.000       0.000      0.2988E-04   0.000     0.1747E-02 0.4190E-02-0.5967E-02  0.000      0.000      0.000       0.000       0.000       0.000       0.000       0.000       0.000    
   133200.   12.43773754   12.4957   0.000       0.000      0.5072E-04   0.000     0.1338E-02 0.3288E-02-0.4677E-02  0.000      0.000      0.000       0.000       0.000       0.000       0.000       0.000       0.000    
   136800.   12.42839106   12.4925   0.000       0.000      0.5608E-04   0.000     0.1303E-02 0.3208E-02-0.4568E-02  0.000      0.000      0.000       0.000       0.000       0.000       0.000       0.000       0.000    
   140400.   12.40547733   12.4876   0.000       0.000      0.7188E-04   0.000     0.1156E-02 0.2854E-02-0.4082E-02  0.000      0.000      0.000       0.000       0.000       0.000       0.000       0.000       0.000    
   144000.   12.40107101   12.4828   0.000       0.000      0.7153E-04   0.000     0.1223E-02 0.3003E-02-0.4297E-02  0.000      0.000      0.000       0.000       0.000       0.000       0.000       0.000       0.000    
   147600.   12.39911068   12.4782   0.000       0.000      0.6920E-04   0.000     0.1265E-02 0.3096E-02-0.4430E-02  0.000      0.000      0.000       0.000       0.000       0.000       0.000       0.000       0.000    
   151200.   12.39806127   12.4738   0.000       0.000      0.6626E-04   0.000     0.1289E-02 0.3155E-02-0.4510E-02  0.000      0.000      0.000       0.000       0.000       0.000       0.000       0.000       0.000    
   154800.   12.39738730   12.4696   0.000       0.000      0.6318E-04   0.000     0.1306E-02 0.3197E-02-0.4566E-02  0.000      0.000      0.000       0.000       0.000       0.000       0.000       0.000       0.000    
   158400.   12.41094331   12.4668   0.000       0.000      0.4886E-04   0.000     0.1448E-02 0.3528E-02-0.5024E-02  0.000      0.000      0.000       0.000       0.000       0.000       0.000       0.000       0.000    
   162000.   12.46949262   12.4689   0.000       0.000     -0.5126E-06   0.000     0.1963E-02 0.4685E-02-0.6647E-02  0.000      0.000      0.000       0.000       0.000       0.000       0.000       0.000       0.000    
   165600.   12.46648227   12.4703   0.000       0.000      0.3375E-05   0.000     0.1693E-02 0.4124E-02-0.5821E-02  0.000      0.000      0.000       0.000       0.000       0.000       0.000       0.000       0.000    
   169200.   12.41987586   12.4678   0.000       0.000      0.4191E-04   0.000     0.1197E-02 0.3003E-02-0.4242E-02  0.000      0.000      0.000       0.000       0.000       0.000       0.000       0.000       0.000    
   172800.   12.40587093   12.4644   0.000       0.000      0.5122E-04   0.000     0.1219E-02 0.3037E-02-0.4308E-02  0.000      0.000      0.000       0.000       0.000       0.000       0.000       0.000       0.000    
