TOTIM (T)      HCON          HMAT      QDIR      QWELL        QMAT       QCADS      QTUB1      QTUB2      QTUB3      QTUB4      QTUB5      QTUB6       NSTOR        QFIX        QLH     FHLQ (LQ)        CAUCHY   CAUCHY (LQ)
     3600.   12.36082571   12.3919   0.000       0.000      0.2722E-04   0.000     0.2181E-02-0.2208E-02  0.000      0.000      0.000      0.000       0.000       0.000       0.000       0.000       0.000       0.000    
     7200.   12.34684113   12.3908   0.000       0.000      0.3846E-04   0.000     0.1897E-02-0.1936E-02  0.000      0.000      0.000      0.000       0.000       0.000       0.000       0.000       0.000       0.000    
    10800.   12.34432502   12.3896   0.000       0.000      0.3961E-04   0.000     0.1931E-02-0.1971E-02  0.000      0.000      0.000      0.000       0.000       0.000       0.000       0.000       0.000       0.000    
    14400.   12.34314841   12.3884   0.000       0.000      0.3959E-04   0.000     0.1954E-02-0.1994E-02  0.000      0.000      0.000      0.000       0.000       0.000       0.000       0.000       0.000       0.000    
    18000.   12.34240879   12.3872   0.000       0.000      0.3923E-04   0.000     0.1970E-02-0.2009E-02  0.000      0.000      0.000      0.000       0.000       0.000       0.000       0.000       0.000       0.000    
    21600.   12.34186090   12.3861   0.000       0.000      0.3872E-04   0.000     0.1981E-02-0.2020E-02  0.000      0.000      0.000      0.000       0.000       0.000       0.000       0.000       0.000       0.000    
    25200.   12.34140024   12.3850   0.000       0.000      0.3818E-04   0.000     0.1990E-02-0.2028E-02  0.000      0.000      0.000      0.000       0.000       0.000       0.000       0.000       0.000       0.000    
    28800.   12.34100725   12.3840   0.000       0.000      0.3762E-04   0.000     0.1998E-02-0.2035E-02  0.000      0.000      0.000      0.000       0.000       0.000       0.000       0.000       0.000       0.000    
    32400.   12.34062174   12.3830   0.000       0.000      0.3709E-04   0.000     0.2005E-02-0.2042E-02  0.000      0.000      0.000      0.000       0.000       0.000       0.000       0.000       0.000       0.000    
    36000.   12.34023941   12.3821   0.000       0.000      0.3659E-04   0.000     0.2011E-02-0.2048E-02  0.000      0.000      0.000      0.000       0.000       0.000       0.000       0.000       0.000       0.000    
    39600.   12.33985880   12.3811   0.000       0.000      0.3612E-04   0.000     0.2017E-02-0.2053E-02  0.000      0.000      0.000      0.000       0.000       0.000       0.000       0.000       0.000       0.000    
    43200.   12.35351474   12.3814   0.000       0.000      0.2440E-04   0.000     0.2305E-02-0.2329E-02  0.000      0.000      0.000      0.000       0.000       0.000       0.000       0.000       0.000       0.000    
    46800.   12.35568143   12.3818   0.000       0.000      0.2282E-04   0.000     0.2276E-02-0.2298E-02  0.000      0.000      0.000      0.000       0.000       0.000       0.000       0.000       0.000       0.000    
    50400.   12.34245032   12.3810   0.000       0.000      0.3372E-04   0.000     0.1975E-02-0.2009E-02  0.000      0.000      0.000      0.000       0.000       0.000       0.000       0.000       0.000       0.000    
    54000.   12.35433398   12.3813   0.000       0.000      0.2359E-04   0.000     0.2280E-02-0.2303E-02  0.000      0.000      0.000      0.000       0.000       0.000       0.000       0.000       0.000       0.000    
    57600.   12.39109693   12.3846   0.000       0.000     -0.5719E-05   0.000     0.2965E-02-0.2959E-02  0.000      0.000      0.000      0.000       0.000       0.000       0.000       0.000       0.000       0.000    
    61200.   12.50384052   12.3967   0.000       0.000     -0.9376E-04   0.000     0.4975E-02-0.4882E-02  0.000      0.000      0.000      0.000       0.000       0.000       0.000       0.000       0.000       0.000    
    64800.   12.49817773   12.4070   0.000       0.000     -0.7982E-04   0.000     0.4089E-02-0.4009E-02  0.000      0.000      0.000      0.000       0.000       0.000       0.000       0.000       0.000       0.000    
    68400.   12.49716760   12.4163   0.000       0.000     -0.7073E-04   0.000     0.3798E-02-0.3727E-02  0.000      0.000      0.000      0.000       0.000       0.000       0.000       0.000       0.000       0.000    
    72000.   12.46539228   12.4224   0.000       0.000     -0.3759E-04   0.000     0.3009E-02-0.2971E-02  0.000      0.000      0.000      0.000       0.000       0.000       0.000       0.000       0.000       0.000    
    75600.   12.43410084   12.4257   0.000       0.000     -0.7355E-05   0.000     0.2461E-02-0.2454E-02  0.000      0.000      0.000      0.000       0.000       0.000       0.000       0.000       0.000       0.000    
    79200.   12.51364953   12.4355   0.000       0.000     -0.6842E-04   0.000     0.4214E-02-0.4145E-02  0.000      0.000      0.000      0.000       0.000       0.000       0.000       0.000       0.000       0.000    
    82800.   12.52772527   12.4454   0.000       0.000     -0.7206E-04   0.000     0.4037E-02-0.3965E-02  0.000      0.000      0.000      0.000       0.000       0.000       0.000       0.000       0.000       0.000    
    86400.   12.54218270   12.4557   0.000       0.000     -0.7571E-04   0.000     0.4045E-02-0.3969E-02  0.000      0.000      0.000      0.000       0.000       0.000       0.000       0.000       0.000       0.000    
    90000.   12.62622497   12.4721   0.000       0.000     -0.1349E-03   0.000     0.5480E-02-0.5345E-02  0.000      0.000      0.000      0.000       0.000       0.000       0.000       0.000       0.000       0.000    
    93600.   12.82134895   12.5030   0.000       0.000     -0.2786E-03   0.000     0.8722E-02-0.8443E-02  0.000      0.000      0.000      0.000       0.000       0.000       0.000       0.000       0.000       0.000    
    97200.   12.75139115   12.5250   0.000       0.000     -0.1981E-03   0.000     0.5844E-02-0.5646E-02  0.000      0.000      0.000      0.000       0.000       0.000       0.000       0.000       0.000       0.000    
   100800.   12.59916231   12.5331   0.000       0.000     -0.5776E-04   0.000     0.2582E-02-0.2524E-02  0.000      0.000      0.000      0.000       0.000       0.000       0.000       0.000       0.000       0.000    
   104400.   12.52821018   12.5356   0.000       0.000      0.6484E-05   0.000     0.1848E-02-0.1855E-02  0.000      0.000      0.000      0.000       0.000       0.000       0.000       0.000       0.000       0.000    
   108000.   12.50602395   12.5366   0.000       0.000      0.2676E-04   0.000     0.1962E-02-0.1989E-02  0.000      0.000      0.000      0.000       0.000       0.000       0.000       0.000       0.000       0.000    
   111600.   12.47141568   12.5349   0.000       0.000      0.5555E-04   0.000     0.1552E-02-0.1607E-02  0.000      0.000      0.000      0.000       0.000       0.000       0.000       0.000       0.000       0.000    
   115200.   12.44329527   12.5312   0.000       0.000      0.7695E-04   0.000     0.1281E-02-0.1358E-02  0.000      0.000      0.000      0.000       0.000       0.000       0.000       0.000       0.000       0.000    
   118800.   12.42300197   12.5263   0.000       0.000      0.9042E-04   0.000     0.1148E-02-0.1238E-02  0.000      0.000      0.000      0.000       0.000       0.000       0.000       0.000       0.000       0.000    
   122400.   12.43214626   12.5227   0.000       0.000      0.7921E-04   0.000     0.1563E-02-0.1643E-02  0.000      0.000      0.000      0.000       0.000       0.000       0.000       0.000       0.000       0.000    
   126000.   12.41145971   12.5175   0.000       0.000      0.9282E-04   0.000     0.1202E-02-0.1295E-02  0.000      0.000      0.000      0.000       0.000       0.000       0.000       0.000       0.000       0.000    
   129600.   12.46422794   12.5172   0.000       0.000      0.4634E-04   0.000     0.2428E-02-0.2474E-02  0.000      0.000      0.000      0.000       0.000       0.000       0.000       0.000       0.000       0.000    
   133200.   12.43773785   12.5144   0.000       0.000      0.6712E-04   0.000     0.1666E-02-0.1733E-02  0.000      0.000      0.000      0.000       0.000       0.000       0.000       0.000       0.000       0.000    
   136800.   12.42839136   12.5112   0.000       0.000      0.7246E-04   0.000     0.1581E-02-0.1653E-02  0.000      0.000      0.000      0.000       0.000       0.000       0.000       0.000       0.000       0.000    
   140400.   12.40547758   12.5063   0.000       0.000      0.8826E-04   0.000     0.1227E-02-0.1315E-02  0.000      0.000      0.000      0.000       0.000       0.000       0.000       0.000       0.000       0.000    
   144000.   12.40107128   12.5016   0.000       0.000      0.8794E-04   0.000     0.1331E-02-0.1419E-02  0.000      0.000      0.000      0.000       0.000       0.000       0.000       0.000       0.000       0.000    
   147600.   12.39911096   12.4970   0.000       0.000      0.8565E-04   0.000     0.1408E-02-0.1494E-02  0.000      0.000      0.000      0.000       0.000       0.000       0.000       0.000       0.000       0.000    
   151200.   12.39806155   12.4927   0.000       0.000      0.8278E-04   0.000     0.1468E-02-0.1550E-02  0.000      0.000      0.000      0.000       0.000       0.000       0.000       0.000       0.000       0.000    
   154800.   12.39738759   12.4886   0.000       0.000      0.7980E-04   0.000     0.1517E-02-0.1597E-02  0.000      0.000      0.000      0.000       0.000       0.000       0.000       0.000       0.000       0.000    
   158400.   12.41094364   12.4859   0.000       0.000      0.6557E-04   0.000     0.1843E-02-0.1908E-02  0.000      0.000      0.000      0.000       0.000       0.000       0.000       0.000       0.000       0.000    
   162000.   12.46949310   12.4881   0.000       0.000      0.1629E-04   0.000     0.2972E-02-0.2989E-02  0.000      0.000      0.000      0.000       0.000       0.000       0.000       0.000       0.000       0.000    
   165600.   12.46648270   12.4896   0.000       0.000      0.2027E-04   0.000     0.2566E-02-0.2586E-02  0.000      0.000      0.000      0.000       0.000       0.000       0.000       0.000       0.000       0.000    
   169200.   12.41987614   12.4872   0.000       0.000      0.5889E-04   0.000     0.1539E-02-0.1598E-02  0.000      0.000      0.000      0.000       0.000       0.000       0.000       0.000       0.000       0.000    
   172800.   12.40587122   12.4839   0.000       0.000      0.6831E-04   0.000     0.1499E-02-0.1567E-02  0.000      0.000      0.000      0.000       0.000       0.000       0.000       0.000       0.000       0.000    
