TOTIM (T)      HCON          HMAT      QDIR      QWELL        QMAT       QCADS      QTUB1      QTUB2      QTUB3      QTUB4      QTUB5      QTUB6       NSTOR        QFIX        QLH     FHLQ (LQ)        CAUCHY   CAUCHY (LQ)
     3600.   12.36082602   12.4165   0.000       0.000      0.4870E-04   0.000    -0.1961E-02 0.1913E-02  0.000      0.000      0.000      0.000       0.000       0.000       0.000       0.000       0.000       0.000    
     7200.   12.34684140   12.4153   0.000       0.000      0.5994E-04   0.000    -0.1622E-02 0.1562E-02  0.000      0.000      0.000      0.000       0.000       0.000       0.000       0.000       0.000       0.000    
    10800.   12.34432529   12.4141   0.000       0.000      0.6109E-04   0.000    -0.1650E-02 0.1589E-02  0.000      0.000      0.000      0.000       0.000       0.000       0.000       0.000       0.000       0.000    
    14400.   12.34314868   12.4129   0.000       0.000      0.6107E-04   0.000    -0.1673E-02 0.1612E-02  0.000      0.000      0.000      0.000       0.000       0.000       0.000       0.000       0.000       0.000    
    18000.   12.34240907   12.4118   0.000       0.000      0.6071E-04   0.000    -0.1690E-02 0.1629E-02  0.000      0.000      0.000      0.000       0.000       0.000       0.000       0.000       0.000       0.000    
    21600.   12.34186118   12.4107   0.000       0.000      0.6020E-04   0.000    -0.1704E-02 0.1644E-02  0.000      0.000      0.000      0.000       0.000       0.000       0.000       0.000       0.000       0.000    
    25200.   12.34140052   12.4096   0.000       0.000      0.5966E-04   0.000    -0.1716E-02 0.1656E-02  0.000      0.000      0.000      0.000       0.000       0.000       0.000       0.000       0.000       0.000    
    28800.   12.34100753   12.4086   0.000       0.000      0.5910E-04   0.000    -0.1726E-02 0.1667E-02  0.000      0.000      0.000      0.000       0.000       0.000       0.000       0.000       0.000       0.000    
    32400.   12.34062202   12.4076   0.000       0.000      0.5857E-04   0.000    -0.1736E-02 0.1677E-02  0.000      0.000      0.000      0.000       0.000       0.000       0.000       0.000       0.000       0.000    
    36000.   12.34023970   12.4066   0.000       0.000      0.5807E-04   0.000    -0.1745E-02 0.1687E-02  0.000      0.000      0.000      0.000       0.000       0.000       0.000       0.000       0.000       0.000    
    39600.   12.33985908   12.4057   0.000       0.000      0.5760E-04   0.000    -0.1753E-02 0.1696E-02  0.000      0.000      0.000      0.000       0.000       0.000       0.000       0.000       0.000       0.000    
    43200.   12.35351507   12.4059   0.000       0.000      0.4588E-04   0.000    -0.2099E-02 0.2054E-02  0.000      0.000      0.000      0.000       0.000       0.000       0.000       0.000       0.000       0.000    
    46800.   12.35568175   12.4063   0.000       0.000      0.4430E-04   0.000    -0.2078E-02 0.2034E-02  0.000      0.000      0.000      0.000       0.000       0.000       0.000       0.000       0.000       0.000    
    50400.   12.34245060   12.4055   0.000       0.000      0.5520E-04   0.000    -0.1723E-02 0.1668E-02  0.000      0.000      0.000      0.000       0.000       0.000       0.000       0.000       0.000       0.000    
    54000.   12.35433430   12.4058   0.000       0.000      0.4507E-04   0.000    -0.2079E-02 0.2034E-02  0.000      0.000      0.000      0.000       0.000       0.000       0.000       0.000       0.000       0.000    
    57600.   12.39109737   12.4091   0.000       0.000      0.1576E-04   0.000    -0.2910E-02 0.2895E-02  0.000      0.000      0.000      0.000       0.000       0.000       0.000       0.000       0.000       0.000    
    61200.   12.50384128   12.4212   0.000       0.000     -0.7228E-04   0.000    -0.5361E-02 0.5433E-02  0.000      0.000      0.000      0.000       0.000       0.000       0.000       0.000       0.000       0.000    
    64800.   12.49817836   12.4315   0.000       0.000     -0.5834E-04   0.000    -0.4405E-02 0.4463E-02  0.000      0.000      0.000      0.000       0.000       0.000       0.000       0.000       0.000       0.000    
    68400.   12.49716818   12.4409   0.000       0.000     -0.4925E-04   0.000    -0.4068E-02 0.4117E-02  0.000      0.000      0.000      0.000       0.000       0.000       0.000       0.000       0.000       0.000    
    72000.   12.46539274   12.4470   0.000       0.000     -0.1611E-04   0.000    -0.3114E-02 0.3130E-02  0.000      0.000      0.000      0.000       0.000       0.000       0.000       0.000       0.000       0.000    
    75600.   12.43410120   12.4502   0.000       0.000      0.1413E-04   0.000    -0.2415E-02 0.2401E-02  0.000      0.000      0.000      0.000       0.000       0.000       0.000       0.000       0.000       0.000    
    79200.   12.51365017   12.4600   0.000       0.000     -0.4694E-04   0.000    -0.4473E-02 0.4520E-02  0.000      0.000      0.000      0.000       0.000       0.000       0.000       0.000       0.000       0.000    
    82800.   12.52772590   12.4699   0.000       0.000     -0.5058E-04   0.000    -0.4314E-02 0.4365E-02  0.000      0.000      0.000      0.000       0.000       0.000       0.000       0.000       0.000       0.000    
    86400.   12.54218332   12.4802   0.000       0.000     -0.5422E-04   0.000    -0.4340E-02 0.4394E-02  0.000      0.000      0.000      0.000       0.000       0.000       0.000       0.000       0.000       0.000    
    90000.   12.62622583   12.4966   0.000       0.000     -0.1134E-03   0.000    -0.6072E-02 0.6185E-02  0.000      0.000      0.000      0.000       0.000       0.000       0.000       0.000       0.000       0.000    
    93600.   12.82136158   12.5275   0.000       0.000     -0.2571E-03   0.000    -0.1003E-01 0.1029E-01  0.000      0.000      0.000      0.000       0.000       0.000       0.000       0.000       0.000       0.000    
    97200.   12.75139694   12.5496   0.000       0.000     -0.1766E-03   0.000    -0.6751E-02 0.6928E-02  0.000      0.000      0.000      0.000       0.000       0.000       0.000       0.000       0.000       0.000    
   100800.   12.59916342   12.5577   0.000       0.000     -0.3626E-04   0.000    -0.2787E-02 0.2824E-02  0.000      0.000      0.000      0.000       0.000       0.000       0.000       0.000       0.000       0.000    
   104400.   12.52821045   12.5602   0.000       0.000      0.2799E-04   0.000    -0.1733E-02 0.1705E-02  0.000      0.000      0.000      0.000       0.000       0.000       0.000       0.000       0.000       0.000    
   108000.   12.50602423   12.5612   0.000       0.000      0.4827E-04   0.000    -0.1745E-02 0.1697E-02  0.000      0.000      0.000      0.000       0.000       0.000       0.000       0.000       0.000       0.000    
   111600.   12.47141588   12.5595   0.000       0.000      0.7707E-04   0.000    -0.1191E-02 0.1114E-02  0.000      0.000      0.000      0.000       0.000       0.000       0.000       0.000       0.000       0.000    
   115200.   12.44329543   12.5558   0.000       0.000      0.9847E-04   0.000    -0.8135E-03 0.7150E-03  0.000      0.000      0.000      0.000       0.000       0.000       0.000       0.000       0.000       0.000    
   118800.   12.42300210   12.5509   0.000       0.000      0.1119E-03   0.000    -0.6128E-03 0.5009E-03  0.000      0.000      0.000      0.000       0.000       0.000       0.000       0.000       0.000       0.000    
   122400.   12.43214646   12.5473   0.000       0.000      0.1007E-03   0.000    -0.1084E-02 0.9836E-03  0.000      0.000      0.000      0.000       0.000       0.000       0.000       0.000       0.000       0.000    
   126000.   12.41145985   12.5421   0.000       0.000      0.1143E-03   0.000    -0.6552E-03 0.5409E-03  0.000      0.000      0.000      0.000       0.000       0.000       0.000       0.000       0.000       0.000    
   129600.   12.46422828   12.5418   0.000       0.000      0.6787E-04   0.000    -0.2114E-02 0.2046E-02  0.000      0.000      0.000      0.000       0.000       0.000       0.000       0.000       0.000       0.000    
   133200.   12.43773807   12.5391   0.000       0.000      0.8865E-04   0.000    -0.1248E-02 0.1159E-02  0.000      0.000      0.000      0.000       0.000       0.000       0.000       0.000       0.000       0.000    
   136800.   12.42839156   12.5358   0.000       0.000      0.9399E-04   0.000    -0.1136E-02 0.1042E-02  0.000      0.000      0.000      0.000       0.000       0.000       0.000       0.000       0.000       0.000    
   140400.   12.40547772   12.5310   0.000       0.000      0.1098E-03   0.000    -0.7031E-03 0.5933E-03  0.000      0.000      0.000      0.000       0.000       0.000       0.000       0.000       0.000       0.000    
   144000.   12.40107144   12.5262   0.000       0.000      0.1095E-03   0.000    -0.8084E-03 0.6989E-03  0.000      0.000      0.000      0.000       0.000       0.000       0.000       0.000       0.000       0.000    
   147600.   12.39911114   12.5216   0.000       0.000      0.1072E-03   0.000    -0.8975E-03 0.7903E-03  0.000      0.000      0.000      0.000       0.000       0.000       0.000       0.000       0.000       0.000    
   151200.   12.39806174   12.5173   0.000       0.000      0.1043E-03   0.000    -0.9712E-03 0.8669E-03  0.000      0.000      0.000      0.000       0.000       0.000       0.000       0.000       0.000       0.000    
   154800.   12.39738778   12.5132   0.000       0.000      0.1013E-03   0.000    -0.1036E-02 0.9345E-03  0.000      0.000      0.000      0.000       0.000       0.000       0.000       0.000       0.000       0.000    
   158400.   12.41094389   12.5105   0.000       0.000      0.8712E-04   0.000    -0.1432E-02 0.1345E-02  0.000      0.000      0.000      0.000       0.000       0.000       0.000       0.000       0.000       0.000    
   162000.   12.46949353   12.5127   0.000       0.000      0.3784E-04   0.000    -0.2809E-02 0.2771E-02  0.000      0.000      0.000      0.000       0.000       0.000       0.000       0.000       0.000       0.000    
   165600.   12.46648307   12.5143   0.000       0.000      0.4181E-04   0.000    -0.2382E-02 0.2341E-02  0.000      0.000      0.000      0.000       0.000       0.000       0.000       0.000       0.000       0.000    
   169200.   12.41987635   12.5118   0.000       0.000      0.8044E-04   0.000    -0.1162E-02 0.1082E-02  0.000      0.000      0.000      0.000       0.000       0.000       0.000       0.000       0.000       0.000    
   172800.   12.40587141   12.5086   0.000       0.000      0.8986E-04   0.000    -0.1075E-02 0.9849E-03  0.000      0.000      0.000      0.000       0.000       0.000       0.000       0.000       0.000       0.000    
