TOTIM (T)      HCON          HMAT      QDIR      QWELL        QMAT       QCADS      QTUB1      QTUB2      QTUB3      QTUB4      QTUB5      QTUB6       NSTOR        QFIX        QLH     FHLQ (LQ)        CAUCHY   CAUCHY (LQ)
     3600.   12.36082582   12.3896   0.000       0.000      0.2515E-04   0.000     0.2118E-02-0.2143E-02  0.000      0.000      0.000      0.000       0.000       0.000       0.000       0.000       0.000       0.000    
     7200.   12.34684125   12.3884   0.000       0.000      0.3639E-04   0.000     0.1928E-02-0.1964E-02  0.000      0.000      0.000      0.000       0.000       0.000       0.000       0.000       0.000       0.000    
    10800.   12.34432514   12.3872   0.000       0.000      0.3754E-04   0.000     0.1951E-02-0.1988E-02  0.000      0.000      0.000      0.000       0.000       0.000       0.000       0.000       0.000       0.000    
    14400.   12.34314853   12.3860   0.000       0.000      0.3752E-04   0.000     0.1971E-02-0.2009E-02  0.000      0.000      0.000      0.000       0.000       0.000       0.000       0.000       0.000       0.000    
    18000.   12.34240891   12.3849   0.000       0.000      0.3716E-04   0.000     0.1984E-02-0.2021E-02  0.000      0.000      0.000      0.000       0.000       0.000       0.000       0.000       0.000       0.000    
    21600.   12.34186102   12.3838   0.000       0.000      0.3665E-04   0.000     0.1993E-02-0.2029E-02  0.000      0.000      0.000      0.000       0.000       0.000       0.000       0.000       0.000       0.000    
    25200.   12.34140036   12.3827   0.000       0.000      0.3611E-04   0.000     0.1999E-02-0.2035E-02  0.000      0.000      0.000      0.000       0.000       0.000       0.000       0.000       0.000       0.000    
    28800.   12.34100737   12.3816   0.000       0.000      0.3555E-04   0.000     0.2004E-02-0.2039E-02  0.000      0.000      0.000      0.000       0.000       0.000       0.000       0.000       0.000       0.000    
    32400.   12.34062185   12.3806   0.000       0.000      0.3502E-04   0.000     0.2008E-02-0.2043E-02  0.000      0.000      0.000      0.000       0.000       0.000       0.000       0.000       0.000       0.000    
    36000.   12.34023953   12.3797   0.000       0.000      0.3452E-04   0.000     0.2012E-02-0.2047E-02  0.000      0.000      0.000      0.000       0.000       0.000       0.000       0.000       0.000       0.000    
    39600.   12.33985891   12.3788   0.000       0.000      0.3405E-04   0.000     0.2016E-02-0.2050E-02  0.000      0.000      0.000      0.000       0.000       0.000       0.000       0.000       0.000       0.000    
    43200.   12.35351485   12.3790   0.000       0.000      0.2233E-04   0.000     0.2208E-02-0.2231E-02  0.000      0.000      0.000      0.000       0.000       0.000       0.000       0.000       0.000       0.000    
    46800.   12.35568154   12.3794   0.000       0.000      0.2075E-04   0.000     0.2188E-02-0.2209E-02  0.000      0.000      0.000      0.000       0.000       0.000       0.000       0.000       0.000       0.000    
    50400.   12.34245044   12.3786   0.000       0.000      0.3165E-04   0.000     0.1982E-02-0.2014E-02  0.000      0.000      0.000      0.000       0.000       0.000       0.000       0.000       0.000       0.000    
    54000.   12.35433408   12.3789   0.000       0.000      0.2152E-04   0.000     0.2184E-02-0.2205E-02  0.000      0.000      0.000      0.000       0.000       0.000       0.000       0.000       0.000       0.000    
    57600.   12.39109703   12.3822   0.000       0.000     -0.7789E-05   0.000     0.2644E-02-0.2636E-02  0.000      0.000      0.000      0.000       0.000       0.000       0.000       0.000       0.000       0.000    
    61200.   12.50384058   12.3943   0.000       0.000     -0.9583E-04   0.000     0.3979E-02-0.3883E-02  0.000      0.000      0.000      0.000       0.000       0.000       0.000       0.000       0.000       0.000    
    64800.   12.49817780   12.4046   0.000       0.000     -0.8189E-04   0.000     0.3370E-02-0.3288E-02  0.000      0.000      0.000      0.000       0.000       0.000       0.000       0.000       0.000       0.000    
    68400.   12.49716766   12.4140   0.000       0.000     -0.7280E-04   0.000     0.3129E-02-0.3056E-02  0.000      0.000      0.000      0.000       0.000       0.000       0.000       0.000       0.000       0.000    
    72000.   12.46539236   12.4201   0.000       0.000     -0.3966E-04   0.000     0.2594E-02-0.2555E-02  0.000      0.000      0.000      0.000       0.000       0.000       0.000       0.000       0.000       0.000    
    75600.   12.43410093   12.4233   0.000       0.000     -0.9424E-05   0.000     0.2231E-02-0.2222E-02  0.000      0.000      0.000      0.000       0.000       0.000       0.000       0.000       0.000       0.000    
    79200.   12.51364959   12.4331   0.000       0.000     -0.7049E-04   0.000     0.3416E-02-0.3345E-02  0.000      0.000      0.000      0.000       0.000       0.000       0.000       0.000       0.000       0.000    
    82800.   12.52772534   12.4430   0.000       0.000     -0.7413E-04   0.000     0.3314E-02-0.3240E-02  0.000      0.000      0.000      0.000       0.000       0.000       0.000       0.000       0.000       0.000    
    86400.   12.54218276   12.4533   0.000       0.000     -0.7778E-04   0.000     0.3295E-02-0.3218E-02  0.000      0.000      0.000      0.000       0.000       0.000       0.000       0.000       0.000       0.000    
    90000.   12.62622501   12.4697   0.000       0.000     -0.1370E-03   0.000     0.4242E-02-0.4105E-02  0.000      0.000      0.000      0.000       0.000       0.000       0.000       0.000       0.000       0.000    
    93600.   12.82134354   12.5006   0.000       0.000     -0.2806E-03   0.000     0.6395E-02-0.6114E-02  0.000      0.000      0.000      0.000       0.000       0.000       0.000       0.000       0.000       0.000    
    97200.   12.75138893   12.5227   0.000       0.000     -0.2001E-03   0.000     0.4442E-02-0.4242E-02  0.000      0.000      0.000      0.000       0.000       0.000       0.000       0.000       0.000       0.000    
   100800.   12.59916221   12.5308   0.000       0.000     -0.5983E-04   0.000     0.2191E-02-0.2131E-02  0.000      0.000      0.000      0.000       0.000       0.000       0.000       0.000       0.000       0.000    
   104400.   12.52821026   12.5333   0.000       0.000      0.4415E-05   0.000     0.1719E-02-0.1723E-02  0.000      0.000      0.000      0.000       0.000       0.000       0.000       0.000       0.000       0.000    
   108000.   12.50602405   12.5342   0.000       0.000      0.2469E-04   0.000     0.1866E-02-0.1890E-02  0.000      0.000      0.000      0.000       0.000       0.000       0.000       0.000       0.000       0.000    
   111600.   12.47141579   12.5325   0.000       0.000      0.5348E-04   0.000     0.1644E-02-0.1698E-02  0.000      0.000      0.000      0.000       0.000       0.000       0.000       0.000       0.000       0.000    
   115200.   12.44329540   12.5289   0.000       0.000      0.7488E-04   0.000     0.1489E-02-0.1564E-02  0.000      0.000      0.000      0.000       0.000       0.000       0.000       0.000       0.000       0.000    
   118800.   12.42300210   12.5240   0.000       0.000      0.8835E-04   0.000     0.1422E-02-0.1510E-02  0.000      0.000      0.000      0.000       0.000       0.000       0.000       0.000       0.000       0.000    
   122400.   12.43214639   12.5203   0.000       0.000      0.7714E-04   0.000     0.1715E-02-0.1792E-02  0.000      0.000      0.000      0.000       0.000       0.000       0.000       0.000       0.000       0.000    
   126000.   12.41145985   12.5152   0.000       0.000      0.9075E-04   0.000     0.1484E-02-0.1575E-02  0.000      0.000      0.000      0.000       0.000       0.000       0.000       0.000       0.000       0.000    
   129600.   12.46422806   12.5148   0.000       0.000      0.4426E-04   0.000     0.2299E-02-0.2343E-02  0.000      0.000      0.000      0.000       0.000       0.000       0.000       0.000       0.000       0.000    
   133200.   12.43773798   12.5121   0.000       0.000      0.6505E-04   0.000     0.1794E-02-0.1859E-02  0.000      0.000      0.000      0.000       0.000       0.000       0.000       0.000       0.000       0.000    
   136800.   12.42839149   12.5088   0.000       0.000      0.7038E-04   0.000     0.1717E-02-0.1787E-02  0.000      0.000      0.000      0.000       0.000       0.000       0.000       0.000       0.000       0.000    
   140400.   12.40547771   12.5040   0.000       0.000      0.8618E-04   0.000     0.1484E-02-0.1570E-02  0.000      0.000      0.000      0.000       0.000       0.000       0.000       0.000       0.000       0.000    
   144000.   12.40107142   12.4992   0.000       0.000      0.8586E-04   0.000     0.1557E-02-0.1643E-02  0.000      0.000      0.000      0.000       0.000       0.000       0.000       0.000       0.000       0.000    
   147600.   12.39911110   12.4946   0.000       0.000      0.8357E-04   0.000     0.1618E-02-0.1701E-02  0.000      0.000      0.000      0.000       0.000       0.000       0.000       0.000       0.000       0.000    
   151200.   12.39806169   12.4903   0.000       0.000      0.8070E-04   0.000     0.1660E-02-0.1741E-02  0.000      0.000      0.000      0.000       0.000       0.000       0.000       0.000       0.000       0.000    
   154800.   12.39738773   12.4862   0.000       0.000      0.7771E-04   0.000     0.1693E-02-0.1771E-02  0.000      0.000      0.000      0.000       0.000       0.000       0.000       0.000       0.000       0.000    
   158400.   12.41094377   12.4835   0.000       0.000      0.6349E-04   0.000     0.1910E-02-0.1973E-02  0.000      0.000      0.000      0.000       0.000       0.000       0.000       0.000       0.000       0.000    
   162000.   12.46949322   12.4857   0.000       0.000      0.1421E-04   0.000     0.2661E-02-0.2675E-02  0.000      0.000      0.000      0.000       0.000       0.000       0.000       0.000       0.000       0.000    
   165600.   12.46648281   12.4873   0.000       0.000      0.1818E-04   0.000     0.2382E-02-0.2400E-02  0.000      0.000      0.000      0.000       0.000       0.000       0.000       0.000       0.000       0.000    
   169200.   12.41987627   12.4848   0.000       0.000      0.5680E-04   0.000     0.1673E-02-0.1730E-02  0.000      0.000      0.000      0.000       0.000       0.000       0.000       0.000       0.000       0.000    
   172800.   12.40587134   12.4815   0.000       0.000      0.6622E-04   0.000     0.1642E-02-0.1709E-02  0.000      0.000      0.000      0.000       0.000       0.000       0.000       0.000       0.000       0.000    
