TOTIM (T)      HCON          HMAT      QDIR      QWELL        QMAT       QCADS      QTUB1      QTUB2      QTUB3      QTUB4      QTUB5      QTUB6       NSTOR        QFIX        QLH     FHLQ (LQ)        CAUCHY   CAUCHY (LQ)
     3600.   12.36082641   12.5450   0.000       0.000      0.1611E-03   0.000     0.1017E-02-0.1178E-02  0.000      0.000      0.000      0.000       0.000       0.000       0.000       0.000       0.000       0.000    
     7200.   12.34684169   12.5438   0.000       0.000      0.1724E-03   0.000     0.5542E-03-0.7265E-03  0.000      0.000      0.000      0.000       0.000       0.000       0.000       0.000       0.000       0.000    
    10800.   12.34432559   12.5426   0.000       0.000      0.1735E-03   0.000     0.5696E-03-0.7431E-03  0.000      0.000      0.000      0.000       0.000       0.000       0.000       0.000       0.000       0.000    
    14400.   12.34314899   12.5414   0.000       0.000      0.1735E-03   0.000     0.5927E-03-0.7662E-03  0.000      0.000      0.000      0.000       0.000       0.000       0.000       0.000       0.000       0.000    
    18000.   12.34240937   12.5403   0.000       0.000      0.1731E-03   0.000     0.6140E-03-0.7871E-03  0.000      0.000      0.000      0.000       0.000       0.000       0.000       0.000       0.000       0.000    
    21600.   12.34186149   12.5392   0.000       0.000      0.1726E-03   0.000     0.6334E-03-0.8061E-03  0.000      0.000      0.000      0.000       0.000       0.000       0.000       0.000       0.000       0.000    
    25200.   12.34140083   12.5381   0.000       0.000      0.1721E-03   0.000     0.6514E-03-0.8235E-03  0.000      0.000      0.000      0.000       0.000       0.000       0.000       0.000       0.000       0.000    
    28800.   12.34100785   12.5371   0.000       0.000      0.1715E-03   0.000     0.6679E-03-0.8394E-03  0.000      0.000      0.000      0.000       0.000       0.000       0.000       0.000       0.000       0.000    
    32400.   12.34062234   12.5361   0.000       0.000      0.1710E-03   0.000     0.6833E-03-0.8543E-03  0.000      0.000      0.000      0.000       0.000       0.000       0.000       0.000       0.000       0.000    
    36000.   12.34024002   12.5351   0.000       0.000      0.1705E-03   0.000     0.6977E-03-0.8682E-03  0.000      0.000      0.000      0.000       0.000       0.000       0.000       0.000       0.000       0.000    
    39600.   12.33985941   12.5342   0.000       0.000      0.1700E-03   0.000     0.7110E-03-0.8811E-03  0.000      0.000      0.000      0.000       0.000       0.000       0.000       0.000       0.000       0.000    
    43200.   12.35351550   12.5345   0.000       0.000      0.1583E-03   0.000     0.1186E-02-0.1345E-02  0.000      0.000      0.000      0.000       0.000       0.000       0.000       0.000       0.000       0.000    
    46800.   12.35568218   12.5348   0.000       0.000      0.1568E-03   0.000     0.1182E-02-0.1339E-02  0.000      0.000      0.000      0.000       0.000       0.000       0.000       0.000       0.000       0.000    
    50400.   12.34245092   12.5341   0.000       0.000      0.1677E-03   0.000     0.7074E-03-0.8751E-03  0.000      0.000      0.000      0.000       0.000       0.000       0.000       0.000       0.000       0.000    
    54000.   12.35433473   12.5344   0.000       0.000      0.1575E-03   0.000     0.1174E-02-0.1332E-02  0.000      0.000      0.000      0.000       0.000       0.000       0.000       0.000       0.000       0.000    
    57600.   12.39109804   12.5376   0.000       0.000      0.1282E-03   0.000     0.2329E-02-0.2457E-02  0.000      0.000      0.000      0.000       0.000       0.000       0.000       0.000       0.000       0.000    
    61200.   12.50384268   12.5498   0.000       0.000      0.4020E-04   0.000     0.5747E-02-0.5788E-02  0.000      0.000      0.000      0.000       0.000       0.000       0.000       0.000       0.000       0.000    
    64800.   12.49817950   12.5600   0.000       0.000      0.5414E-04   0.000     0.4638E-02-0.4692E-02  0.000      0.000      0.000      0.000       0.000       0.000       0.000       0.000       0.000       0.000    
    68400.   12.49716923   12.5694   0.000       0.000      0.6323E-04   0.000     0.4201E-02-0.4264E-02  0.000      0.000      0.000      0.000       0.000       0.000       0.000       0.000       0.000       0.000    
    72000.   12.46539350   12.5755   0.000       0.000      0.9638E-04   0.000     0.2882E-02-0.2979E-02  0.000      0.000      0.000      0.000       0.000       0.000       0.000       0.000       0.000       0.000    
    75600.   12.43410175   12.5788   0.000       0.000      0.1266E-03   0.000     0.1851E-02-0.1978E-02  0.000      0.000      0.000      0.000       0.000       0.000       0.000       0.000       0.000       0.000    
    79200.   12.51365131   12.5886   0.000       0.000      0.6555E-04   0.000     0.4581E-02-0.4646E-02  0.000      0.000      0.000      0.000       0.000       0.000       0.000       0.000       0.000       0.000    
    82800.   12.52772700   12.5985   0.000       0.000      0.6191E-04   0.000     0.4462E-02-0.4524E-02  0.000      0.000      0.000      0.000       0.000       0.000       0.000       0.000       0.000       0.000    
    86400.   12.54218444   12.6088   0.000       0.000      0.5826E-04   0.000     0.4528E-02-0.4586E-02  0.000      0.000      0.000      0.000       0.000       0.000       0.000       0.000       0.000       0.000    
    90000.   12.62622745   12.6252   0.000       0.000     -0.9291E-06   0.000     0.6911E-02-0.6910E-02  0.000      0.000      0.000      0.000       0.000       0.000       0.000       0.000       0.000       0.000    
    93600.   12.82139209   12.6561   0.000       0.000     -0.1447E-03   0.000     0.1245E-01-0.1231E-01  0.000      0.000      0.000      0.000       0.000       0.000       0.000       0.000       0.000       0.000    
    97200.   12.75141084   12.6781   0.000       0.000     -0.6415E-04   0.000     0.8285E-02-0.8221E-02  0.000      0.000      0.000      0.000       0.000       0.000       0.000       0.000       0.000       0.000    
   100800.   12.59916550   12.6862   0.000       0.000      0.7615E-04   0.000     0.2778E-02-0.2854E-02  0.000      0.000      0.000      0.000       0.000       0.000       0.000       0.000       0.000       0.000    
   104400.   12.52821090   12.6886   0.000       0.000      0.1404E-03   0.000     0.1016E-02-0.1157E-02  0.000      0.000      0.000      0.000       0.000       0.000       0.000       0.000       0.000       0.000    
   108000.   12.50602463   12.6896   0.000       0.000      0.1606E-03   0.000     0.8059E-03-0.9665E-03  0.000      0.000      0.000      0.000       0.000       0.000       0.000       0.000       0.000       0.000    
   111600.   12.47141604   12.6878   0.000       0.000      0.1894E-03   0.000    -0.6514E-04-0.1242E-03  0.000      0.000      0.000      0.000       0.000       0.000       0.000       0.000       0.000       0.000    
   115200.   12.44329547   12.6841   0.000       0.000      0.2107E-03   0.000    -0.6779E-03 0.4671E-03  0.000      0.000      0.000      0.000       0.000       0.000       0.000       0.000       0.000       0.000    
   118800.   12.42300207   12.6791   0.000       0.000      0.2241E-03   0.000    -0.1027E-02 0.8025E-03  0.000      0.000      0.000      0.000       0.000       0.000       0.000       0.000       0.000       0.000    
   122400.   12.43214656   12.6754   0.000       0.000      0.2128E-03   0.000    -0.4316E-03 0.2188E-03  0.000      0.000      0.000      0.000       0.000       0.000       0.000       0.000       0.000       0.000    
   126000.   12.41145983   12.6702   0.000       0.000      0.2264E-03   0.000    -0.1010E-02 0.7840E-03  0.000      0.000      0.000      0.000       0.000       0.000       0.000       0.000       0.000       0.000    
   129600.   12.46422868   12.6698   0.000       0.000      0.1798E-03   0.000     0.9593E-03-0.1139E-02  0.000      0.000      0.000      0.000       0.000       0.000       0.000       0.000       0.000       0.000    
   133200.   12.43773823   12.6669   0.000       0.000      0.2005E-03   0.000    -0.1348E-03-0.6570E-04  0.000      0.000      0.000      0.000       0.000       0.000       0.000       0.000       0.000       0.000    
   136800.   12.42839168   12.6636   0.000       0.000      0.2058E-03   0.000    -0.3056E-03 0.9984E-04  0.000      0.000      0.000      0.000       0.000       0.000       0.000       0.000       0.000       0.000    
   140400.   12.40547772   12.6586   0.000       0.000      0.2215E-03   0.000    -0.9120E-03 0.6905E-03  0.000      0.000      0.000      0.000       0.000       0.000       0.000       0.000       0.000       0.000    
   144000.   12.40107146   12.6538   0.000       0.000      0.2211E-03   0.000    -0.8031E-03 0.5820E-03  0.000      0.000      0.000      0.000       0.000       0.000       0.000       0.000       0.000       0.000    
   147600.   12.39911118   12.6491   0.000       0.000      0.2187E-03   0.000    -0.6888E-03 0.4700E-03  0.000      0.000      0.000      0.000       0.000       0.000       0.000       0.000       0.000       0.000    
   151200.   12.39806181   12.6447   0.000       0.000      0.2158E-03   0.000    -0.5833E-03 0.3676E-03  0.000      0.000      0.000      0.000       0.000       0.000       0.000       0.000       0.000       0.000    
   154800.   12.39738787   12.6405   0.000       0.000      0.2127E-03   0.000    -0.4858E-03 0.2731E-03  0.000      0.000      0.000      0.000       0.000       0.000       0.000       0.000       0.000       0.000    
   158400.   12.41094410   12.6377   0.000       0.000      0.1984E-03   0.000     0.6738E-04-0.2658E-03  0.000      0.000      0.000      0.000       0.000       0.000       0.000       0.000       0.000       0.000    
   162000.   12.46949415   12.6398   0.000       0.000      0.1490E-03   0.000     0.1986E-02-0.2135E-02  0.000      0.000      0.000      0.000       0.000       0.000       0.000       0.000       0.000       0.000    
   165600.   12.46648357   12.6412   0.000       0.000      0.1529E-03   0.000     0.1516E-02-0.1669E-02  0.000      0.000      0.000      0.000       0.000       0.000       0.000       0.000       0.000       0.000    
   169200.   12.41987650   12.6387   0.000       0.000      0.1914E-03   0.000    -0.1291E-03-0.6236E-04  0.000      0.000      0.000      0.000       0.000       0.000       0.000       0.000       0.000       0.000    
   172800.   12.40587152   12.6353   0.000       0.000      0.2008E-03   0.000    -0.3199E-03 0.1191E-03  0.000      0.000      0.000      0.000       0.000       0.000       0.000       0.000       0.000       0.000    
