TOTIM (T)      HCON          HMAT      QDIR      QWELL        QMAT       QCADS      QTUB1      QTUB2      QTUB3      QTUB4      QTUB5      QTUB6       NSTOR        QFIX        QLH     FHLQ (LQ)        CAUCHY   CAUCHY (LQ)
     3600.   12.36082597   12.4424   0.000       0.000      0.7141E-04   0.000     0.1961E-02-0.2033E-02  0.000      0.000      0.000      0.000       0.000       0.000       0.000       0.000       0.000       0.000    
     7200.   12.34684136   12.4413   0.000       0.000      0.8265E-04   0.000     0.1622E-02-0.1705E-02  0.000      0.000      0.000      0.000       0.000       0.000       0.000       0.000       0.000       0.000    
    10800.   12.34432525   12.4401   0.000       0.000      0.8380E-04   0.000     0.1650E-02-0.1734E-02  0.000      0.000      0.000      0.000       0.000       0.000       0.000       0.000       0.000       0.000    
    14400.   12.34314864   12.4389   0.000       0.000      0.8379E-04   0.000     0.1673E-02-0.1757E-02  0.000      0.000      0.000      0.000       0.000       0.000       0.000       0.000       0.000       0.000    
    18000.   12.34240903   12.4377   0.000       0.000      0.8342E-04   0.000     0.1690E-02-0.1774E-02  0.000      0.000      0.000      0.000       0.000       0.000       0.000       0.000       0.000       0.000    
    21600.   12.34186113   12.4366   0.000       0.000      0.8292E-04   0.000     0.1704E-02-0.1787E-02  0.000      0.000      0.000      0.000       0.000       0.000       0.000       0.000       0.000       0.000    
    25200.   12.34140048   12.4355   0.000       0.000      0.8238E-04   0.000     0.1716E-02-0.1799E-02  0.000      0.000      0.000      0.000       0.000       0.000       0.000       0.000       0.000       0.000    
    28800.   12.34100749   12.4345   0.000       0.000      0.8182E-04   0.000     0.1726E-02-0.1808E-02  0.000      0.000      0.000      0.000       0.000       0.000       0.000       0.000       0.000       0.000    
    32400.   12.34062197   12.4335   0.000       0.000      0.8129E-04   0.000     0.1736E-02-0.1817E-02  0.000      0.000      0.000      0.000       0.000       0.000       0.000       0.000       0.000       0.000    
    36000.   12.34023965   12.4326   0.000       0.000      0.8079E-04   0.000     0.1745E-02-0.1826E-02  0.000      0.000      0.000      0.000       0.000       0.000       0.000       0.000       0.000       0.000    
    39600.   12.33985904   12.4316   0.000       0.000      0.8032E-04   0.000     0.1753E-02-0.1833E-02  0.000      0.000      0.000      0.000       0.000       0.000       0.000       0.000       0.000       0.000    
    43200.   12.35351502   12.4319   0.000       0.000      0.6860E-04   0.000     0.2099E-02-0.2168E-02  0.000      0.000      0.000      0.000       0.000       0.000       0.000       0.000       0.000       0.000    
    46800.   12.35568170   12.4323   0.000       0.000      0.6702E-04   0.000     0.2078E-02-0.2145E-02  0.000      0.000      0.000      0.000       0.000       0.000       0.000       0.000       0.000       0.000    
    50400.   12.34245056   12.4315   0.000       0.000      0.7792E-04   0.000     0.1723E-02-0.1801E-02  0.000      0.000      0.000      0.000       0.000       0.000       0.000       0.000       0.000       0.000    
    54000.   12.35433425   12.4318   0.000       0.000      0.6779E-04   0.000     0.2079E-02-0.2146E-02  0.000      0.000      0.000      0.000       0.000       0.000       0.000       0.000       0.000       0.000    
    57600.   12.39109729   12.4351   0.000       0.000      0.3848E-04   0.000     0.2910E-02-0.2949E-02  0.000      0.000      0.000      0.000       0.000       0.000       0.000       0.000       0.000       0.000    
    61200.   12.50384115   12.4472   0.000       0.000     -0.4956E-04   0.000     0.5361E-02-0.5311E-02  0.000      0.000      0.000      0.000       0.000       0.000       0.000       0.000       0.000       0.000    
    64800.   12.49817825   12.4575   0.000       0.000     -0.3562E-04   0.000     0.4405E-02-0.4369E-02  0.000      0.000      0.000      0.000       0.000       0.000       0.000       0.000       0.000       0.000    
    68400.   12.49716808   12.4668   0.000       0.000     -0.2653E-04   0.000     0.4068E-02-0.4041E-02  0.000      0.000      0.000      0.000       0.000       0.000       0.000       0.000       0.000       0.000    
    72000.   12.46539266   12.4730   0.000       0.000      0.6613E-05   0.000     0.3114E-02-0.3120E-02  0.000      0.000      0.000      0.000       0.000       0.000       0.000       0.000       0.000       0.000    
    75600.   12.43410114   12.4762   0.000       0.000      0.3684E-04   0.000     0.2415E-02-0.2452E-02  0.000      0.000      0.000      0.000       0.000       0.000       0.000       0.000       0.000       0.000    
    79200.   12.51365006   12.4860   0.000       0.000     -0.2422E-04   0.000     0.4473E-02-0.4449E-02  0.000      0.000      0.000      0.000       0.000       0.000       0.000       0.000       0.000       0.000    
    82800.   12.52772579   12.4959   0.000       0.000     -0.2787E-04   0.000     0.4314E-02-0.4286E-02  0.000      0.000      0.000      0.000       0.000       0.000       0.000       0.000       0.000       0.000    
    86400.   12.54218321   12.5062   0.000       0.000     -0.3151E-04   0.000     0.4340E-02-0.4309E-02  0.000      0.000      0.000      0.000       0.000       0.000       0.000       0.000       0.000       0.000    
    90000.   12.62622568   12.5226   0.000       0.000     -0.9070E-04   0.000     0.6072E-02-0.5981E-02  0.000      0.000      0.000      0.000       0.000       0.000       0.000       0.000       0.000       0.000    
    93600.   12.82135919   12.5535   0.000       0.000     -0.2344E-03   0.000     0.1003E-01-0.9797E-02  0.000      0.000      0.000      0.000       0.000       0.000       0.000       0.000       0.000       0.000    
    97200.   12.75139584   12.5755   0.000       0.000     -0.1539E-03   0.000     0.6751E-02-0.6597E-02  0.000      0.000      0.000      0.000       0.000       0.000       0.000       0.000       0.000       0.000    
   100800.   12.59916322   12.5836   0.000       0.000     -0.1359E-04   0.000     0.2787E-02-0.2774E-02  0.000      0.000      0.000      0.000       0.000       0.000       0.000       0.000       0.000       0.000    
   104400.   12.52821041   12.5861   0.000       0.000      0.5065E-04   0.000     0.1733E-02-0.1783E-02  0.000      0.000      0.000      0.000       0.000       0.000       0.000       0.000       0.000       0.000    
   108000.   12.50602418   12.5871   0.000       0.000      0.7091E-04   0.000     0.1745E-02-0.1816E-02  0.000      0.000      0.000      0.000       0.000       0.000       0.000       0.000       0.000       0.000    
   111600.   12.47141585   12.5854   0.000       0.000      0.9970E-04   0.000     0.1191E-02-0.1291E-02  0.000      0.000      0.000      0.000       0.000       0.000       0.000       0.000       0.000       0.000    
   115200.   12.44329541   12.5817   0.000       0.000      0.1211E-03   0.000     0.8135E-03-0.9345E-03  0.000      0.000      0.000      0.000       0.000       0.000       0.000       0.000       0.000       0.000    
   118800.   12.42300209   12.5768   0.000       0.000      0.1345E-03   0.000     0.6128E-03-0.7474E-03  0.000      0.000      0.000      0.000       0.000       0.000       0.000       0.000       0.000       0.000    
   122400.   12.43214643   12.5731   0.000       0.000      0.1233E-03   0.000     0.1084E-02-0.1208E-02  0.000      0.000      0.000      0.000       0.000       0.000       0.000       0.000       0.000       0.000    
   126000.   12.41145983   12.5679   0.000       0.000      0.1369E-03   0.000     0.6552E-03-0.7921E-03  0.000      0.000      0.000      0.000       0.000       0.000       0.000       0.000       0.000       0.000    
   129600.   12.46422823   12.5676   0.000       0.000      0.9042E-04   0.000     0.2114E-02-0.2204E-02  0.000      0.000      0.000      0.000       0.000       0.000       0.000       0.000       0.000       0.000    
   133200.   12.43773804   12.5648   0.000       0.000      0.1112E-03   0.000     0.1248E-02-0.1359E-02  0.000      0.000      0.000      0.000       0.000       0.000       0.000       0.000       0.000       0.000    
   136800.   12.42839153   12.5615   0.000       0.000      0.1165E-03   0.000     0.1136E-02-0.1252E-02  0.000      0.000      0.000      0.000       0.000       0.000       0.000       0.000       0.000       0.000    
   140400.   12.40547771   12.5567   0.000       0.000      0.1323E-03   0.000     0.7031E-03-0.8354E-03  0.000      0.000      0.000      0.000       0.000       0.000       0.000       0.000       0.000       0.000    
   144000.   12.40107142   12.5519   0.000       0.000      0.1320E-03   0.000     0.8084E-03-0.9404E-03  0.000      0.000      0.000      0.000       0.000       0.000       0.000       0.000       0.000       0.000    
   147600.   12.39911111   12.5473   0.000       0.000      0.1297E-03   0.000     0.8975E-03-0.1027E-02  0.000      0.000      0.000      0.000       0.000       0.000       0.000       0.000       0.000       0.000    
   151200.   12.39806171   12.5430   0.000       0.000      0.1268E-03   0.000     0.9712E-03-0.1098E-02  0.000      0.000      0.000      0.000       0.000       0.000       0.000       0.000       0.000       0.000    
   154800.   12.39738776   12.5389   0.000       0.000      0.1238E-03   0.000     0.1036E-02-0.1160E-02  0.000      0.000      0.000      0.000       0.000       0.000       0.000       0.000       0.000       0.000    
   158400.   12.41094385   12.5362   0.000       0.000      0.1096E-03   0.000     0.1432E-02-0.1542E-02  0.000      0.000      0.000      0.000       0.000       0.000       0.000       0.000       0.000       0.000    
   162000.   12.46949347   12.5384   0.000       0.000      0.6027E-04   0.000     0.2809E-02-0.2869E-02  0.000      0.000      0.000      0.000       0.000       0.000       0.000       0.000       0.000       0.000    
   165600.   12.46648301   12.5399   0.000       0.000      0.6424E-04   0.000     0.2382E-02-0.2447E-02  0.000      0.000      0.000      0.000       0.000       0.000       0.000       0.000       0.000       0.000    
   169200.   12.41987632   12.5374   0.000       0.000      0.1029E-03   0.000     0.1162E-02-0.1265E-02  0.000      0.000      0.000      0.000       0.000       0.000       0.000       0.000       0.000       0.000    
   172800.   12.40587138   12.5342   0.000       0.000      0.1123E-03   0.000     0.1075E-02-0.1187E-02  0.000      0.000      0.000      0.000       0.000       0.000       0.000       0.000       0.000       0.000    
