TOTIM (T)      HCON          HMAT      QDIR      QWELL        QMAT       QCADS      QTUB1      QTUB2      QTUB3      QTUB4      QTUB5      QTUB6       NSTOR        QFIX        QLH     FHLQ (LQ)        CAUCHY   CAUCHY (LQ)
     3600.   12.36082573   12.3930   0.000       0.000      0.2816E-04   0.000     0.2508E-02-0.2536E-02  0.000      0.000      0.000      0.000       0.000       0.000       0.000       0.000       0.000       0.000    
     7200.   12.34684115   12.3919   0.000       0.000      0.3940E-04   0.000     0.2224E-02-0.2264E-02  0.000      0.000      0.000      0.000       0.000       0.000       0.000       0.000       0.000       0.000    
    10800.   12.34432505   12.3907   0.000       0.000      0.4055E-04   0.000     0.2260E-02-0.2301E-02  0.000      0.000      0.000      0.000       0.000       0.000       0.000       0.000       0.000       0.000    
    14400.   12.34314843   12.3895   0.000       0.000      0.4054E-04   0.000     0.2284E-02-0.2324E-02  0.000      0.000      0.000      0.000       0.000       0.000       0.000       0.000       0.000       0.000    
    18000.   12.34240881   12.3883   0.000       0.000      0.4017E-04   0.000     0.2299E-02-0.2339E-02  0.000      0.000      0.000      0.000       0.000       0.000       0.000       0.000       0.000       0.000    
    21600.   12.34186092   12.3872   0.000       0.000      0.3967E-04   0.000     0.2310E-02-0.2350E-02  0.000      0.000      0.000      0.000       0.000       0.000       0.000       0.000       0.000       0.000    
    25200.   12.34140026   12.3861   0.000       0.000      0.3913E-04   0.000     0.2320E-02-0.2359E-02  0.000      0.000      0.000      0.000       0.000       0.000       0.000       0.000       0.000       0.000    
    28800.   12.34100727   12.3851   0.000       0.000      0.3857E-04   0.000     0.2327E-02-0.2366E-02  0.000      0.000      0.000      0.000       0.000       0.000       0.000       0.000       0.000       0.000    
    32400.   12.34062176   12.3841   0.000       0.000      0.3804E-04   0.000     0.2334E-02-0.2372E-02  0.000      0.000      0.000      0.000       0.000       0.000       0.000       0.000       0.000       0.000    
    36000.   12.34023943   12.3831   0.000       0.000      0.3754E-04   0.000     0.2340E-02-0.2378E-02  0.000      0.000      0.000      0.000       0.000       0.000       0.000       0.000       0.000       0.000    
    39600.   12.33985882   12.3822   0.000       0.000      0.3707E-04   0.000     0.2346E-02-0.2383E-02  0.000      0.000      0.000      0.000       0.000       0.000       0.000       0.000       0.000       0.000    
    43200.   12.35351476   12.3825   0.000       0.000      0.2535E-04   0.000     0.2634E-02-0.2660E-02  0.000      0.000      0.000      0.000       0.000       0.000       0.000       0.000       0.000       0.000    
    46800.   12.35568144   12.3828   0.000       0.000      0.2377E-04   0.000     0.2603E-02-0.2627E-02  0.000      0.000      0.000      0.000       0.000       0.000       0.000       0.000       0.000       0.000    
    50400.   12.34245034   12.3821   0.000       0.000      0.3467E-04   0.000     0.2301E-02-0.2336E-02  0.000      0.000      0.000      0.000       0.000       0.000       0.000       0.000       0.000       0.000    
    54000.   12.35433399   12.3824   0.000       0.000      0.2454E-04   0.000     0.2608E-02-0.2633E-02  0.000      0.000      0.000      0.000       0.000       0.000       0.000       0.000       0.000       0.000    
    57600.   12.39109693   12.3857   0.000       0.000     -0.4765E-05   0.000     0.3294E-02-0.3289E-02  0.000      0.000      0.000      0.000       0.000       0.000       0.000       0.000       0.000       0.000    
    61200.   12.50384049   12.3978   0.000       0.000     -0.9280E-04   0.000     0.5303E-02-0.5210E-02  0.000      0.000      0.000      0.000       0.000       0.000       0.000       0.000       0.000       0.000    
    64800.   12.49817772   12.4080   0.000       0.000     -0.7887E-04   0.000     0.4401E-02-0.4322E-02  0.000      0.000      0.000      0.000       0.000       0.000       0.000       0.000       0.000       0.000    
    68400.   12.49716759   12.4174   0.000       0.000     -0.6978E-04   0.000     0.4108E-02-0.4038E-02  0.000      0.000      0.000      0.000       0.000       0.000       0.000       0.000       0.000       0.000    
    72000.   12.46539228   12.4235   0.000       0.000     -0.3663E-04   0.000     0.3319E-02-0.3282E-02  0.000      0.000      0.000      0.000       0.000       0.000       0.000       0.000       0.000       0.000    
    75600.   12.43410085   12.4268   0.000       0.000     -0.6402E-05   0.000     0.2775E-02-0.2769E-02  0.000      0.000      0.000      0.000       0.000       0.000       0.000       0.000       0.000       0.000    
    79200.   12.51364951   12.4365   0.000       0.000     -0.6747E-04   0.000     0.4537E-02-0.4469E-02  0.000      0.000      0.000      0.000       0.000       0.000       0.000       0.000       0.000       0.000    
    82800.   12.52772526   12.4464   0.000       0.000     -0.7112E-04   0.000     0.4352E-02-0.4281E-02  0.000      0.000      0.000      0.000       0.000       0.000       0.000       0.000       0.000       0.000    
    86400.   12.54218269   12.4567   0.000       0.000     -0.7476E-04   0.000     0.4358E-02-0.4283E-02  0.000      0.000      0.000      0.000       0.000       0.000       0.000       0.000       0.000       0.000    
    90000.   12.62622493   12.4731   0.000       0.000     -0.1340E-03   0.000     0.5795E-02-0.5661E-02  0.000      0.000      0.000      0.000       0.000       0.000       0.000       0.000       0.000       0.000    
    93600.   12.82134801   12.5040   0.000       0.000     -0.2776E-03   0.000     0.9034E-02-0.8756E-02  0.000      0.000      0.000      0.000       0.000       0.000       0.000       0.000       0.000       0.000    
    97200.   12.75139084   12.5261   0.000       0.000     -0.1972E-03   0.000     0.6127E-02-0.5929E-02  0.000      0.000      0.000      0.000       0.000       0.000       0.000       0.000       0.000       0.000    
   100800.   12.59916253   12.5342   0.000       0.000     -0.5685E-04   0.000     0.2865E-02-0.2809E-02  0.000      0.000      0.000      0.000       0.000       0.000       0.000       0.000       0.000       0.000    
   104400.   12.52821020   12.5366   0.000       0.000      0.7380E-05   0.000     0.2153E-02-0.2160E-02  0.000      0.000      0.000      0.000       0.000       0.000       0.000       0.000       0.000       0.000    
   108000.   12.50602397   12.5376   0.000       0.000      0.2764E-04   0.000     0.2282E-02-0.2309E-02  0.000      0.000      0.000      0.000       0.000       0.000       0.000       0.000       0.000       0.000    
   111600.   12.47141571   12.5359   0.000       0.000      0.5642E-04   0.000     0.1877E-02-0.1934E-02  0.000      0.000      0.000      0.000       0.000       0.000       0.000       0.000       0.000       0.000    
   115200.   12.44329530   12.5322   0.000       0.000      0.7780E-04   0.000     0.1613E-02-0.1691E-02  0.000      0.000      0.000      0.000       0.000       0.000       0.000       0.000       0.000       0.000    
   118800.   12.42300200   12.5273   0.000       0.000      0.9125E-04   0.000     0.1484E-02-0.1575E-02  0.000      0.000      0.000      0.000       0.000       0.000       0.000       0.000       0.000       0.000    
   122400.   12.43214629   12.5236   0.000       0.000      0.8002E-04   0.000     0.1903E-02-0.1983E-02  0.000      0.000      0.000      0.000       0.000       0.000       0.000       0.000       0.000       0.000    
   126000.   12.41145975   12.5184   0.000       0.000      0.9361E-04   0.000     0.1540E-02-0.1634E-02  0.000      0.000      0.000      0.000       0.000       0.000       0.000       0.000       0.000       0.000    
   129600.   12.46422796   12.5181   0.000       0.000      0.4711E-04   0.000     0.2770E-02-0.2818E-02  0.000      0.000      0.000      0.000       0.000       0.000       0.000       0.000       0.000       0.000    
   133200.   12.43773788   12.5153   0.000       0.000      0.6788E-04   0.000     0.2000E-02-0.2068E-02  0.000      0.000      0.000      0.000       0.000       0.000       0.000       0.000       0.000       0.000    
   136800.   12.42839139   12.5120   0.000       0.000      0.7319E-04   0.000     0.1916E-02-0.1990E-02  0.000      0.000      0.000      0.000       0.000       0.000       0.000       0.000       0.000       0.000    
   140400.   12.40547761   12.5072   0.000       0.000      0.8897E-04   0.000     0.1563E-02-0.1652E-02  0.000      0.000      0.000      0.000       0.000       0.000       0.000       0.000       0.000       0.000    
   144000.   12.40107132   12.5024   0.000       0.000      0.8864E-04   0.000     0.1669E-02-0.1758E-02  0.000      0.000      0.000      0.000       0.000       0.000       0.000       0.000       0.000       0.000    
   147600.   12.39911100   12.4978   0.000       0.000      0.8634E-04   0.000     0.1747E-02-0.1834E-02  0.000      0.000      0.000      0.000       0.000       0.000       0.000       0.000       0.000       0.000    
   151200.   12.39806159   12.4934   0.000       0.000      0.8345E-04   0.000     0.1806E-02-0.1890E-02  0.000      0.000      0.000      0.000       0.000       0.000       0.000       0.000       0.000       0.000    
   154800.   12.39738763   12.4893   0.000       0.000      0.8045E-04   0.000     0.1855E-02-0.1936E-02  0.000      0.000      0.000      0.000       0.000       0.000       0.000       0.000       0.000       0.000    
   158400.   12.41094367   12.4866   0.000       0.000      0.6621E-04   0.000     0.2181E-02-0.2247E-02  0.000      0.000      0.000      0.000       0.000       0.000       0.000       0.000       0.000       0.000    
   162000.   12.46949312   12.4888   0.000       0.000      0.1692E-04   0.000     0.3310E-02-0.3327E-02  0.000      0.000      0.000      0.000       0.000       0.000       0.000       0.000       0.000       0.000    
   165600.   12.46648272   12.4903   0.000       0.000      0.2088E-04   0.000     0.2895E-02-0.2916E-02  0.000      0.000      0.000      0.000       0.000       0.000       0.000       0.000       0.000       0.000    
   169200.   12.41987617   12.4879   0.000       0.000      0.5950E-04   0.000     0.1864E-02-0.1924E-02  0.000      0.000      0.000      0.000       0.000       0.000       0.000       0.000       0.000       0.000    
   172800.   12.40587125   12.4846   0.000       0.000      0.6890E-04   0.000     0.1829E-02-0.1898E-02  0.000      0.000      0.000      0.000       0.000       0.000       0.000       0.000       0.000       0.000    
