TOTIM (T)      HCON          HMAT      QDIR      QWELL        QMAT       QCADS      QTUB1      QTUB2      QTUB3      QTUB4      QTUB5      QTUB6       NSTOR        QFIX        QLH     FHLQ (LQ)        CAUCHY   CAUCHY (LQ)
     3600.   12.36082571   12.3889   0.000       0.000      0.2452E-04   0.000     0.2165E-02-0.2190E-02  0.000      0.000      0.000      0.000       0.000       0.000       0.000       0.000       0.000       0.000    
     7200.   12.34684115   12.3877   0.000       0.000      0.3576E-04   0.000     0.1998E-02-0.2033E-02  0.000      0.000      0.000      0.000       0.000       0.000       0.000       0.000       0.000       0.000    
    10800.   12.34432504   12.3865   0.000       0.000      0.3691E-04   0.000     0.2023E-02-0.2060E-02  0.000      0.000      0.000      0.000       0.000       0.000       0.000       0.000       0.000       0.000    
    14400.   12.34314843   12.3853   0.000       0.000      0.3690E-04   0.000     0.2043E-02-0.2080E-02  0.000      0.000      0.000      0.000       0.000       0.000       0.000       0.000       0.000       0.000    
    18000.   12.34240881   12.3842   0.000       0.000      0.3653E-04   0.000     0.2055E-02-0.2092E-02  0.000      0.000      0.000      0.000       0.000       0.000       0.000       0.000       0.000       0.000    
    21600.   12.34186091   12.3830   0.000       0.000      0.3603E-04   0.000     0.2063E-02-0.2099E-02  0.000      0.000      0.000      0.000       0.000       0.000       0.000       0.000       0.000       0.000    
    25200.   12.34140026   12.3820   0.000       0.000      0.3549E-04   0.000     0.2068E-02-0.2104E-02  0.000      0.000      0.000      0.000       0.000       0.000       0.000       0.000       0.000       0.000    
    28800.   12.34100727   12.3809   0.000       0.000      0.3493E-04   0.000     0.2072E-02-0.2107E-02  0.000      0.000      0.000      0.000       0.000       0.000       0.000       0.000       0.000       0.000    
    32400.   12.34062175   12.3799   0.000       0.000      0.3440E-04   0.000     0.2075E-02-0.2109E-02  0.000      0.000      0.000      0.000       0.000       0.000       0.000       0.000       0.000       0.000    
    36000.   12.34023943   12.3790   0.000       0.000      0.3390E-04   0.000     0.2078E-02-0.2112E-02  0.000      0.000      0.000      0.000       0.000       0.000       0.000       0.000       0.000       0.000    
    39600.   12.33985881   12.3781   0.000       0.000      0.3342E-04   0.000     0.2081E-02-0.2114E-02  0.000      0.000      0.000      0.000       0.000       0.000       0.000       0.000       0.000       0.000    
    43200.   12.35351474   12.3783   0.000       0.000      0.2170E-04   0.000     0.2250E-02-0.2271E-02  0.000      0.000      0.000      0.000       0.000       0.000       0.000       0.000       0.000       0.000    
    46800.   12.35568143   12.3787   0.000       0.000      0.2012E-04   0.000     0.2227E-02-0.2247E-02  0.000      0.000      0.000      0.000       0.000       0.000       0.000       0.000       0.000       0.000    
    50400.   12.34245034   12.3779   0.000       0.000      0.3102E-04   0.000     0.2042E-02-0.2073E-02  0.000      0.000      0.000      0.000       0.000       0.000       0.000       0.000       0.000       0.000    
    54000.   12.35433398   12.3782   0.000       0.000      0.2090E-04   0.000     0.2223E-02-0.2244E-02  0.000      0.000      0.000      0.000       0.000       0.000       0.000       0.000       0.000       0.000    
    57600.   12.39109690   12.3815   0.000       0.000     -0.8416E-05   0.000     0.2625E-02-0.2617E-02  0.000      0.000      0.000      0.000       0.000       0.000       0.000       0.000       0.000       0.000    
    61200.   12.50384039   12.3936   0.000       0.000     -0.9645E-04   0.000     0.3784E-02-0.3687E-02  0.000      0.000      0.000      0.000       0.000       0.000       0.000       0.000       0.000       0.000    
    64800.   12.49817764   12.4039   0.000       0.000     -0.8252E-04   0.000     0.3203E-02-0.3120E-02  0.000      0.000      0.000      0.000       0.000       0.000       0.000       0.000       0.000       0.000    
    68400.   12.49716751   12.4132   0.000       0.000     -0.7343E-04   0.000     0.2980E-02-0.2906E-02  0.000      0.000      0.000      0.000       0.000       0.000       0.000       0.000       0.000       0.000    
    72000.   12.46539223   12.4194   0.000       0.000     -0.4028E-04   0.000     0.2512E-02-0.2471E-02  0.000      0.000      0.000      0.000       0.000       0.000       0.000       0.000       0.000       0.000    
    75600.   12.43410082   12.4226   0.000       0.000     -0.1005E-04   0.000     0.2209E-02-0.2199E-02  0.000      0.000      0.000      0.000       0.000       0.000       0.000       0.000       0.000       0.000    
    79200.   12.51364943   12.4324   0.000       0.000     -0.7112E-04   0.000     0.3272E-02-0.3200E-02  0.000      0.000      0.000      0.000       0.000       0.000       0.000       0.000       0.000       0.000    
    82800.   12.52772518   12.4423   0.000       0.000     -0.7476E-04   0.000     0.3163E-02-0.3088E-02  0.000      0.000      0.000      0.000       0.000       0.000       0.000       0.000       0.000       0.000    
    86400.   12.54218260   12.4526   0.000       0.000     -0.7840E-04   0.000     0.3137E-02-0.3058E-02  0.000      0.000      0.000      0.000       0.000       0.000       0.000       0.000       0.000       0.000    
    90000.   12.62622481   12.4690   0.000       0.000     -0.1376E-03   0.000     0.3965E-02-0.3827E-02  0.000      0.000      0.000      0.000       0.000       0.000       0.000       0.000       0.000       0.000    
    93600.   12.82134325   12.4999   0.000       0.000     -0.2813E-03   0.000     0.5830E-02-0.5549E-02  0.000      0.000      0.000      0.000       0.000       0.000       0.000       0.000       0.000       0.000    
    97200.   12.75138872   12.5219   0.000       0.000     -0.2008E-03   0.000     0.4038E-02-0.3837E-02  0.000      0.000      0.000      0.000       0.000       0.000       0.000       0.000       0.000       0.000    
   100800.   12.59916210   12.5301   0.000       0.000     -0.6046E-04   0.000     0.2068E-02-0.2007E-02  0.000      0.000      0.000      0.000       0.000       0.000       0.000       0.000       0.000       0.000    
   104400.   12.52821018   12.5325   0.000       0.000      0.3785E-05   0.000     0.1724E-02-0.1728E-02  0.000      0.000      0.000      0.000       0.000       0.000       0.000       0.000       0.000       0.000    
   108000.   12.50602395   12.5335   0.000       0.000      0.2406E-04   0.000     0.1912E-02-0.1936E-02  0.000      0.000      0.000      0.000       0.000       0.000       0.000       0.000       0.000       0.000    
   111600.   12.47141571   12.5318   0.000       0.000      0.5285E-04   0.000     0.1748E-02-0.1801E-02  0.000      0.000      0.000      0.000       0.000       0.000       0.000       0.000       0.000       0.000    
   115200.   12.44329532   12.5282   0.000       0.000      0.7425E-04   0.000     0.1636E-02-0.1710E-02  0.000      0.000      0.000      0.000       0.000       0.000       0.000       0.000       0.000       0.000    
   118800.   12.42300203   12.5233   0.000       0.000      0.8772E-04   0.000     0.1595E-02-0.1683E-02  0.000      0.000      0.000      0.000       0.000       0.000       0.000       0.000       0.000       0.000    
   122400.   12.43214630   12.5196   0.000       0.000      0.7651E-04   0.000     0.1866E-02-0.1942E-02  0.000      0.000      0.000      0.000       0.000       0.000       0.000       0.000       0.000       0.000    
   126000.   12.41145977   12.5144   0.000       0.000      0.9012E-04   0.000     0.1662E-02-0.1752E-02  0.000      0.000      0.000      0.000       0.000       0.000       0.000       0.000       0.000       0.000    
   129600.   12.46422795   12.5141   0.000       0.000      0.4363E-04   0.000     0.2384E-02-0.2428E-02  0.000      0.000      0.000      0.000       0.000       0.000       0.000       0.000       0.000       0.000    
   133200.   12.43773788   12.5114   0.000       0.000      0.6442E-04   0.000     0.1921E-02-0.1985E-02  0.000      0.000      0.000      0.000       0.000       0.000       0.000       0.000       0.000       0.000    
   136800.   12.42839140   12.5081   0.000       0.000      0.6976E-04   0.000     0.1854E-02-0.1924E-02  0.000      0.000      0.000      0.000       0.000       0.000       0.000       0.000       0.000       0.000    
   140400.   12.40547763   12.5033   0.000       0.000      0.8555E-04   0.000     0.1653E-02-0.1739E-02  0.000      0.000      0.000      0.000       0.000       0.000       0.000       0.000       0.000       0.000    
   144000.   12.40107133   12.4985   0.000       0.000      0.8523E-04   0.000     0.1725E-02-0.1811E-02  0.000      0.000      0.000      0.000       0.000       0.000       0.000       0.000       0.000       0.000    
   147600.   12.39911101   12.4939   0.000       0.000      0.8295E-04   0.000     0.1781E-02-0.1864E-02  0.000      0.000      0.000      0.000       0.000       0.000       0.000       0.000       0.000       0.000    
   151200.   12.39806160   12.4896   0.000       0.000      0.8008E-04   0.000     0.1818E-02-0.1898E-02  0.000      0.000      0.000      0.000       0.000       0.000       0.000       0.000       0.000       0.000    
   154800.   12.39738764   12.4855   0.000       0.000      0.7709E-04   0.000     0.1845E-02-0.1922E-02  0.000      0.000      0.000      0.000       0.000       0.000       0.000       0.000       0.000       0.000    
   158400.   12.41094367   12.4828   0.000       0.000      0.6286E-04   0.000     0.2033E-02-0.2096E-02  0.000      0.000      0.000      0.000       0.000       0.000       0.000       0.000       0.000       0.000    
   162000.   12.46949308   12.4850   0.000       0.000      0.1358E-04   0.000     0.2686E-02-0.2699E-02  0.000      0.000      0.000      0.000       0.000       0.000       0.000       0.000       0.000       0.000    
   165600.   12.46648269   12.4865   0.000       0.000      0.1756E-04   0.000     0.2415E-02-0.2432E-02  0.000      0.000      0.000      0.000       0.000       0.000       0.000       0.000       0.000       0.000    
   169200.   12.41987618   12.4841   0.000       0.000      0.5618E-04   0.000     0.1783E-02-0.1839E-02  0.000      0.000      0.000      0.000       0.000       0.000       0.000       0.000       0.000       0.000    
   172800.   12.40587125   12.4808   0.000       0.000      0.6560E-04   0.000     0.1771E-02-0.1837E-02  0.000      0.000      0.000      0.000       0.000       0.000       0.000       0.000       0.000       0.000    
