TOTIM (T)      HCON          HMAT      QDIR      QWELL        QMAT       QCADS      QTUB1      QTUB2      QTUB3      QTUB4      QTUB5      QTUB6       NSTOR        QFIX        QLH     FHLQ (LQ)        CAUCHY   CAUCHY (LQ)
     3600.   12.36082597   12.3975   0.000       0.000      0.3205E-04   0.000     0.2352E-02-0.2384E-02  0.000      0.000      0.000      0.000       0.000       0.000       0.000       0.000       0.000       0.000    
     7200.   12.34684137   12.3963   0.000       0.000      0.4329E-04   0.000     0.2023E-02-0.2067E-02  0.000      0.000      0.000      0.000       0.000       0.000       0.000       0.000       0.000       0.000    
    10800.   12.34432526   12.3951   0.000       0.000      0.4444E-04   0.000     0.2054E-02-0.2099E-02  0.000      0.000      0.000      0.000       0.000       0.000       0.000       0.000       0.000       0.000    
    14400.   12.34314865   12.3939   0.000       0.000      0.4442E-04   0.000     0.2078E-02-0.2122E-02  0.000      0.000      0.000      0.000       0.000       0.000       0.000       0.000       0.000       0.000    
    18000.   12.34240903   12.3928   0.000       0.000      0.4406E-04   0.000     0.2095E-02-0.2139E-02  0.000      0.000      0.000      0.000       0.000       0.000       0.000       0.000       0.000       0.000    
    21600.   12.34186114   12.3916   0.000       0.000      0.4355E-04   0.000     0.2108E-02-0.2152E-02  0.000      0.000      0.000      0.000       0.000       0.000       0.000       0.000       0.000       0.000    
    25200.   12.34140048   12.3906   0.000       0.000      0.4301E-04   0.000     0.2120E-02-0.2163E-02  0.000      0.000      0.000      0.000       0.000       0.000       0.000       0.000       0.000       0.000    
    28800.   12.34100750   12.3895   0.000       0.000      0.4246E-04   0.000     0.2130E-02-0.2172E-02  0.000      0.000      0.000      0.000       0.000       0.000       0.000       0.000       0.000       0.000    
    32400.   12.34062198   12.3885   0.000       0.000      0.4192E-04   0.000     0.2138E-02-0.2180E-02  0.000      0.000      0.000      0.000       0.000       0.000       0.000       0.000       0.000       0.000    
    36000.   12.34023966   12.3876   0.000       0.000      0.4143E-04   0.000     0.2147E-02-0.2188E-02  0.000      0.000      0.000      0.000       0.000       0.000       0.000       0.000       0.000       0.000    
    39600.   12.33985904   12.3867   0.000       0.000      0.4096E-04   0.000     0.2154E-02-0.2195E-02  0.000      0.000      0.000      0.000       0.000       0.000       0.000       0.000       0.000       0.000    
    43200.   12.35351502   12.3869   0.000       0.000      0.2924E-04   0.000     0.2489E-02-0.2519E-02  0.000      0.000      0.000      0.000       0.000       0.000       0.000       0.000       0.000       0.000    
    46800.   12.35568170   12.3873   0.000       0.000      0.2766E-04   0.000     0.2465E-02-0.2492E-02  0.000      0.000      0.000      0.000       0.000       0.000       0.000       0.000       0.000       0.000    
    50400.   12.34245056   12.3865   0.000       0.000      0.3856E-04   0.000     0.2119E-02-0.2158E-02  0.000      0.000      0.000      0.000       0.000       0.000       0.000       0.000       0.000       0.000    
    54000.   12.35433424   12.3868   0.000       0.000      0.2843E-04   0.000     0.2467E-02-0.2495E-02  0.000      0.000      0.000      0.000       0.000       0.000       0.000       0.000       0.000       0.000    
    57600.   12.39109726   12.3901   0.000       0.000     -0.8795E-06   0.000     0.3269E-02-0.3268E-02  0.000      0.000      0.000      0.000       0.000       0.000       0.000       0.000       0.000       0.000    
    61200.   12.50384103   12.4022   0.000       0.000     -0.8892E-04   0.000     0.5631E-02-0.5542E-02  0.000      0.000      0.000      0.000       0.000       0.000       0.000       0.000       0.000       0.000    
    64800.   12.49817816   12.4125   0.000       0.000     -0.7498E-04   0.000     0.4673E-02-0.4598E-02  0.000      0.000      0.000      0.000       0.000       0.000       0.000       0.000       0.000       0.000    
    68400.   12.49716800   12.4219   0.000       0.000     -0.6589E-04   0.000     0.4343E-02-0.4278E-02  0.000      0.000      0.000      0.000       0.000       0.000       0.000       0.000       0.000       0.000    
    72000.   12.46539262   12.4280   0.000       0.000     -0.3275E-04   0.000     0.3422E-02-0.3389E-02  0.000      0.000      0.000      0.000       0.000       0.000       0.000       0.000       0.000       0.000    
    75600.   12.43410112   12.4312   0.000       0.000     -0.2515E-05   0.000     0.2757E-02-0.2755E-02  0.000      0.000      0.000      0.000       0.000       0.000       0.000       0.000       0.000       0.000    
    79200.   12.51364997   12.4410   0.000       0.000     -0.6358E-04   0.000     0.4763E-02-0.4700E-02  0.000      0.000      0.000      0.000       0.000       0.000       0.000       0.000       0.000       0.000    
    82800.   12.52772570   12.4509   0.000       0.000     -0.6723E-04   0.000     0.4593E-02-0.4526E-02  0.000      0.000      0.000      0.000       0.000       0.000       0.000       0.000       0.000       0.000    
    86400.   12.54218313   12.4612   0.000       0.000     -0.7087E-04   0.000     0.4613E-02-0.4542E-02  0.000      0.000      0.000      0.000       0.000       0.000       0.000       0.000       0.000       0.000    
    90000.   12.62622553   12.4776   0.000       0.000     -0.1301E-03   0.000     0.6287E-02-0.6157E-02  0.000      0.000      0.000      0.000       0.000       0.000       0.000       0.000       0.000       0.000    
    93600.   12.82135649   12.5085   0.000       0.000     -0.2738E-03   0.000     0.1010E-01-0.9827E-02  0.000      0.000      0.000      0.000       0.000       0.000       0.000       0.000       0.000       0.000    
    97200.   12.75139480   12.5305   0.000       0.000     -0.1933E-03   0.000     0.6872E-02-0.6679E-02  0.000      0.000      0.000      0.000       0.000       0.000       0.000       0.000       0.000       0.000    
   100800.   12.59916339   12.5386   0.000       0.000     -0.5296E-04   0.000     0.3049E-02-0.2996E-02  0.000      0.000      0.000      0.000       0.000       0.000       0.000       0.000       0.000       0.000    
   104400.   12.52821041   12.5411   0.000       0.000      0.1127E-04   0.000     0.2080E-02-0.2091E-02  0.000      0.000      0.000      0.000       0.000       0.000       0.000       0.000       0.000       0.000    
   108000.   12.50602419   12.5421   0.000       0.000      0.3153E-04   0.000     0.2128E-02-0.2159E-02  0.000      0.000      0.000      0.000       0.000       0.000       0.000       0.000       0.000       0.000    
   111600.   12.47141588   12.5403   0.000       0.000      0.6031E-04   0.000     0.1608E-02-0.1669E-02  0.000      0.000      0.000      0.000       0.000       0.000       0.000       0.000       0.000       0.000    
   115200.   12.44329545   12.5367   0.000       0.000      0.8169E-04   0.000     0.1258E-02-0.1340E-02  0.000      0.000      0.000      0.000       0.000       0.000       0.000       0.000       0.000       0.000    
   118800.   12.42300214   12.5317   0.000       0.000      0.9515E-04   0.000     0.1075E-02-0.1170E-02  0.000      0.000      0.000      0.000       0.000       0.000       0.000       0.000       0.000       0.000    
   122400.   12.43214647   12.5281   0.000       0.000      0.8392E-04   0.000     0.1539E-02-0.1623E-02  0.000      0.000      0.000      0.000       0.000       0.000       0.000       0.000       0.000       0.000    
   126000.   12.41145988   12.5229   0.000       0.000      0.9751E-04   0.000     0.1122E-02-0.1220E-02  0.000      0.000      0.000      0.000       0.000       0.000       0.000       0.000       0.000       0.000    
   129600.   12.46422823   12.5225   0.000       0.000      0.5101E-04   0.000     0.2538E-02-0.2589E-02  0.000      0.000      0.000      0.000       0.000       0.000       0.000       0.000       0.000       0.000    
   133200.   12.43773806   12.5198   0.000       0.000      0.7177E-04   0.000     0.1685E-02-0.1757E-02  0.000      0.000      0.000      0.000       0.000       0.000       0.000       0.000       0.000       0.000    
   136800.   12.42839156   12.5165   0.000       0.000      0.7709E-04   0.000     0.1580E-02-0.1657E-02  0.000      0.000      0.000      0.000       0.000       0.000       0.000       0.000       0.000       0.000    
   140400.   12.40547775   12.5116   0.000       0.000      0.9287E-04   0.000     0.1163E-02-0.1256E-02  0.000      0.000      0.000      0.000       0.000       0.000       0.000       0.000       0.000       0.000    
   144000.   12.40107147   12.5068   0.000       0.000      0.9253E-04   0.000     0.1271E-02-0.1363E-02  0.000      0.000      0.000      0.000       0.000       0.000       0.000       0.000       0.000       0.000    
   147600.   12.39911115   12.5022   0.000       0.000      0.9023E-04   0.000     0.1358E-02-0.1448E-02  0.000      0.000      0.000      0.000       0.000       0.000       0.000       0.000       0.000       0.000    
   151200.   12.39806175   12.4979   0.000       0.000      0.8734E-04   0.000     0.1428E-02-0.1516E-02  0.000      0.000      0.000      0.000       0.000       0.000       0.000       0.000       0.000       0.000    
   154800.   12.39738779   12.4938   0.000       0.000      0.8434E-04   0.000     0.1489E-02-0.1574E-02  0.000      0.000      0.000      0.000       0.000       0.000       0.000       0.000       0.000       0.000    
   158400.   12.41094388   12.4911   0.000       0.000      0.7010E-04   0.000     0.1872E-02-0.1942E-02  0.000      0.000      0.000      0.000       0.000       0.000       0.000       0.000       0.000       0.000    
   162000.   12.46949344   12.4933   0.000       0.000      0.2080E-04   0.000     0.3198E-02-0.3219E-02  0.000      0.000      0.000      0.000       0.000       0.000       0.000       0.000       0.000       0.000    
   165600.   12.46648300   12.4948   0.000       0.000      0.2476E-04   0.000     0.2767E-02-0.2792E-02  0.000      0.000      0.000      0.000       0.000       0.000       0.000       0.000       0.000       0.000    
   169200.   12.41987635   12.4923   0.000       0.000      0.6338E-04   0.000     0.1582E-02-0.1646E-02  0.000      0.000      0.000      0.000       0.000       0.000       0.000       0.000       0.000       0.000    
   172800.   12.40587142   12.4890   0.000       0.000      0.7278E-04   0.000     0.1509E-02-0.1582E-02  0.000      0.000      0.000      0.000       0.000       0.000       0.000       0.000       0.000       0.000    
