TOTIM (T)      HCON          HMAT      QDIR      QWELL        QMAT       QCADS      QTUB1      QTUB2      QTUB3      QTUB4      QTUB5      QTUB6       NSTOR        QFIX        QLH     FHLQ (LQ)        CAUCHY   CAUCHY (LQ)
     3600.   12.36082642   12.5230   0.000       0.000      0.1419E-03   0.000     0.1403E-02-0.1545E-02  0.000      0.000      0.000      0.000       0.000       0.000       0.000       0.000       0.000       0.000    
     7200.   12.34684174   12.5219   0.000       0.000      0.1531E-03   0.000     0.9732E-03-0.1126E-02  0.000      0.000      0.000      0.000       0.000       0.000       0.000       0.000       0.000       0.000    
    10800.   12.34432564   12.5207   0.000       0.000      0.1543E-03   0.000     0.9938E-03-0.1148E-02  0.000      0.000      0.000      0.000       0.000       0.000       0.000       0.000       0.000       0.000    
    14400.   12.34314903   12.5195   0.000       0.000      0.1543E-03   0.000     0.1017E-02-0.1172E-02  0.000      0.000      0.000      0.000       0.000       0.000       0.000       0.000       0.000       0.000    
    18000.   12.34240942   12.5183   0.000       0.000      0.1539E-03   0.000     0.1038E-02-0.1192E-02  0.000      0.000      0.000      0.000       0.000       0.000       0.000       0.000       0.000       0.000    
    21600.   12.34186153   12.5172   0.000       0.000      0.1534E-03   0.000     0.1056E-02-0.1209E-02  0.000      0.000      0.000      0.000       0.000       0.000       0.000       0.000       0.000       0.000    
    25200.   12.34140088   12.5161   0.000       0.000      0.1529E-03   0.000     0.1072E-02-0.1225E-02  0.000      0.000      0.000      0.000       0.000       0.000       0.000       0.000       0.000       0.000    
    28800.   12.34100789   12.5151   0.000       0.000      0.1523E-03   0.000     0.1087E-02-0.1239E-02  0.000      0.000      0.000      0.000       0.000       0.000       0.000       0.000       0.000       0.000    
    32400.   12.34062238   12.5141   0.000       0.000      0.1518E-03   0.000     0.1100E-02-0.1252E-02  0.000      0.000      0.000      0.000       0.000       0.000       0.000       0.000       0.000       0.000    
    36000.   12.34024006   12.5131   0.000       0.000      0.1513E-03   0.000     0.1113E-02-0.1264E-02  0.000      0.000      0.000      0.000       0.000       0.000       0.000       0.000       0.000       0.000    
    39600.   12.33985945   12.5122   0.000       0.000      0.1508E-03   0.000     0.1125E-02-0.1276E-02  0.000      0.000      0.000      0.000       0.000       0.000       0.000       0.000       0.000       0.000    
    43200.   12.35351550   12.5125   0.000       0.000      0.1391E-03   0.000     0.1566E-02-0.1705E-02  0.000      0.000      0.000      0.000       0.000       0.000       0.000       0.000       0.000       0.000    
    46800.   12.35568218   12.5128   0.000       0.000      0.1375E-03   0.000     0.1555E-02-0.1693E-02  0.000      0.000      0.000      0.000       0.000       0.000       0.000       0.000       0.000       0.000    
    50400.   12.34245096   12.5120   0.000       0.000      0.1484E-03   0.000     0.1112E-02-0.1260E-02  0.000      0.000      0.000      0.000       0.000       0.000       0.000       0.000       0.000       0.000    
    54000.   12.35433473   12.5124   0.000       0.000      0.1383E-03   0.000     0.1550E-02-0.1689E-02  0.000      0.000      0.000      0.000       0.000       0.000       0.000       0.000       0.000       0.000    
    57600.   12.39109795   12.5156   0.000       0.000      0.1090E-03   0.000     0.2617E-02-0.2725E-02  0.000      0.000      0.000      0.000       0.000       0.000       0.000       0.000       0.000       0.000    
    61200.   12.50384232   12.5277   0.000       0.000      0.2092E-04   0.000     0.5770E-02-0.5791E-02  0.000      0.000      0.000      0.000       0.000       0.000       0.000       0.000       0.000       0.000    
    64800.   12.49817923   12.5380   0.000       0.000      0.3485E-04   0.000     0.4687E-02-0.4722E-02  0.000      0.000      0.000      0.000       0.000       0.000       0.000       0.000       0.000       0.000    
    68400.   12.49716899   12.5474   0.000       0.000      0.4395E-04   0.000     0.4276E-02-0.4320E-02  0.000      0.000      0.000      0.000       0.000       0.000       0.000       0.000       0.000       0.000    
    72000.   12.46539337   12.5535   0.000       0.000      0.7710E-04   0.000     0.3056E-02-0.3133E-02  0.000      0.000      0.000      0.000       0.000       0.000       0.000       0.000       0.000       0.000    
    75600.   12.43410170   12.5568   0.000       0.000      0.1073E-03   0.000     0.2119E-02-0.2227E-02  0.000      0.000      0.000      0.000       0.000       0.000       0.000       0.000       0.000       0.000    
    79200.   12.51365105   12.5665   0.000       0.000      0.4627E-04   0.000     0.4675E-02-0.4721E-02  0.000      0.000      0.000      0.000       0.000       0.000       0.000       0.000       0.000       0.000    
    82800.   12.52772674   12.5764   0.000       0.000      0.4263E-04   0.000     0.4537E-02-0.4580E-02  0.000      0.000      0.000      0.000       0.000       0.000       0.000       0.000       0.000       0.000    
    86400.   12.54218417   12.5867   0.000       0.000      0.3899E-04   0.000     0.4590E-02-0.4629E-02  0.000      0.000      0.000      0.000       0.000       0.000       0.000       0.000       0.000       0.000    
    90000.   12.62622700   12.6032   0.000       0.000     -0.2019E-04   0.000     0.6797E-02-0.6777E-02  0.000      0.000      0.000      0.000       0.000       0.000       0.000       0.000       0.000       0.000    
    93600.   12.82138242   12.6341   0.000       0.000     -0.1639E-03   0.000     0.1190E-01-0.1174E-01  0.000      0.000      0.000      0.000       0.000       0.000       0.000       0.000       0.000       0.000    
    97200.   12.75140683   12.6561   0.000       0.000     -0.8337E-04   0.000     0.7950E-02-0.7867E-02  0.000      0.000      0.000      0.000       0.000       0.000       0.000       0.000       0.000       0.000    
   100800.   12.59916553   12.6643   0.000       0.000      0.5696E-04   0.000     0.2865E-02-0.2922E-02  0.000      0.000      0.000      0.000       0.000       0.000       0.000       0.000       0.000       0.000    
   104400.   12.52821086   12.6667   0.000       0.000      0.1212E-03   0.000     0.1317E-02-0.1439E-02  0.000      0.000      0.000      0.000       0.000       0.000       0.000       0.000       0.000       0.000    
   108000.   12.50602462   12.6677   0.000       0.000      0.1415E-03   0.000     0.1183E-02-0.1324E-02  0.000      0.000      0.000      0.000       0.000       0.000       0.000       0.000       0.000       0.000    
   111600.   12.47141614   12.6660   0.000       0.000      0.1703E-03   0.000     0.4042E-03-0.5745E-03  0.000      0.000      0.000      0.000       0.000       0.000       0.000       0.000       0.000       0.000    
   115200.   12.44329562   12.6624   0.000       0.000      0.1917E-03   0.000    -0.1386E-03-0.5312E-04  0.000      0.000      0.000      0.000       0.000       0.000       0.000       0.000       0.000       0.000    
   118800.   12.42300225   12.6575   0.000       0.000      0.2052E-03   0.000    -0.4424E-03 0.2373E-03  0.000      0.000      0.000      0.000       0.000       0.000       0.000       0.000       0.000       0.000    
   122400.   12.43214669   12.6538   0.000       0.000      0.1939E-03   0.000     0.1229E-03-0.3169E-03  0.000      0.000      0.000      0.000       0.000       0.000       0.000       0.000       0.000       0.000    
   126000.   12.41146000   12.6487   0.000       0.000      0.2075E-03   0.000    -0.4168E-03 0.2092E-03  0.000      0.000      0.000      0.000       0.000       0.000       0.000       0.000       0.000       0.000    
   129600.   12.46422870   12.6483   0.000       0.000      0.1611E-03   0.000     0.1418E-02-0.1579E-02  0.000      0.000      0.000      0.000       0.000       0.000       0.000       0.000       0.000       0.000    
   133200.   12.43773833   12.6456   0.000       0.000      0.1818E-03   0.000     0.3776E-03-0.5595E-03  0.000      0.000      0.000      0.000       0.000       0.000       0.000       0.000       0.000       0.000    
   136800.   12.42839181   12.6423   0.000       0.000      0.1872E-03   0.000     0.2243E-03-0.4115E-03  0.000      0.000      0.000      0.000       0.000       0.000       0.000       0.000       0.000       0.000    
   140400.   12.40547789   12.6375   0.000       0.000      0.2030E-03   0.000    -0.3345E-03 0.1315E-03  0.000      0.000      0.000      0.000       0.000       0.000       0.000       0.000       0.000       0.000    
   144000.   12.40107162   12.6327   0.000       0.000      0.2027E-03   0.000    -0.2239E-03 0.2122E-04  0.000      0.000      0.000      0.000       0.000       0.000       0.000       0.000       0.000       0.000    
   147600.   12.39911133   12.6281   0.000       0.000      0.2004E-03   0.000    -0.1159E-03-0.8445E-04  0.000      0.000      0.000      0.000       0.000       0.000       0.000       0.000       0.000       0.000    
   151200.   12.39806195   12.6238   0.000       0.000      0.1975E-03   0.000    -0.1942E-04-0.1781E-03  0.000      0.000      0.000      0.000       0.000       0.000       0.000       0.000       0.000       0.000    
   154800.   12.39738801   12.6197   0.000       0.000      0.1945E-03   0.000     0.6860E-04-0.2631E-03  0.000      0.000      0.000      0.000       0.000       0.000       0.000       0.000       0.000       0.000    
   158400.   12.41094419   12.6170   0.000       0.000      0.1803E-03   0.000     0.5789E-03-0.7592E-03  0.000      0.000      0.000      0.000       0.000       0.000       0.000       0.000       0.000       0.000    
   162000.   12.46949409   12.6192   0.000       0.000      0.1310E-03   0.000     0.2349E-02-0.2480E-02  0.000      0.000      0.000      0.000       0.000       0.000       0.000       0.000       0.000       0.000    
   165600.   12.46648355   12.6207   0.000       0.000      0.1350E-03   0.000     0.1882E-02-0.2017E-02  0.000      0.000      0.000      0.000       0.000       0.000       0.000       0.000       0.000       0.000    
   169200.   12.41987660   12.6183   0.000       0.000      0.1736E-03   0.000     0.3497E-03-0.5233E-03  0.000      0.000      0.000      0.000       0.000       0.000       0.000       0.000       0.000       0.000    
   172800.   12.40587164   12.6150   0.000       0.000      0.1830E-03   0.000     0.1923E-03-0.3754E-03  0.000      0.000      0.000      0.000       0.000       0.000       0.000       0.000       0.000       0.000    
