TOTIM (T)      HCON          HMAT      QDIR      QWELL        QMAT       QCADS      QTUB1      QTUB2      QTUB3      QTUB4      QTUB5      QTUB6       NSTOR        QFIX        QLH     FHLQ (LQ)        CAUCHY   CAUCHY (LQ)
     3600.   12.36082624   12.4757   0.000       0.000      0.1005E-03   0.000     0.1543E-02-0.1644E-02  0.000      0.000      0.000      0.000       0.000       0.000       0.000       0.000       0.000       0.000    
     7200.   12.34684157   12.4745   0.000       0.000      0.1117E-03   0.000     0.1136E-02-0.1248E-02  0.000      0.000      0.000      0.000       0.000       0.000       0.000       0.000       0.000       0.000    
    10800.   12.34432547   12.4733   0.000       0.000      0.1129E-03   0.000     0.1157E-02-0.1270E-02  0.000      0.000      0.000      0.000       0.000       0.000       0.000       0.000       0.000       0.000    
    14400.   12.34314886   12.4721   0.000       0.000      0.1129E-03   0.000     0.1181E-02-0.1293E-02  0.000      0.000      0.000      0.000       0.000       0.000       0.000       0.000       0.000       0.000    
    18000.   12.34240925   12.4710   0.000       0.000      0.1125E-03   0.000     0.1200E-02-0.1312E-02  0.000      0.000      0.000      0.000       0.000       0.000       0.000       0.000       0.000       0.000    
    21600.   12.34186136   12.4698   0.000       0.000      0.1120E-03   0.000     0.1217E-02-0.1329E-02  0.000      0.000      0.000      0.000       0.000       0.000       0.000       0.000       0.000       0.000    
    25200.   12.34140071   12.4688   0.000       0.000      0.1114E-03   0.000     0.1232E-02-0.1344E-02  0.000      0.000      0.000      0.000       0.000       0.000       0.000       0.000       0.000       0.000    
    28800.   12.34100772   12.4677   0.000       0.000      0.1109E-03   0.000     0.1246E-02-0.1357E-02  0.000      0.000      0.000      0.000       0.000       0.000       0.000       0.000       0.000       0.000    
    32400.   12.34062221   12.4667   0.000       0.000      0.1103E-03   0.000     0.1259E-02-0.1369E-02  0.000      0.000      0.000      0.000       0.000       0.000       0.000       0.000       0.000       0.000    
    36000.   12.34023989   12.4658   0.000       0.000      0.1098E-03   0.000     0.1270E-02-0.1380E-02  0.000      0.000      0.000      0.000       0.000       0.000       0.000       0.000       0.000       0.000    
    39600.   12.33985927   12.4649   0.000       0.000      0.1094E-03   0.000     0.1281E-02-0.1391E-02  0.000      0.000      0.000      0.000       0.000       0.000       0.000       0.000       0.000       0.000    
    43200.   12.35351531   12.4651   0.000       0.000      0.9765E-04   0.000     0.1698E-02-0.1796E-02  0.000      0.000      0.000      0.000       0.000       0.000       0.000       0.000       0.000       0.000    
    46800.   12.35568199   12.4655   0.000       0.000      0.9607E-04   0.000     0.1686E-02-0.1782E-02  0.000      0.000      0.000      0.000       0.000       0.000       0.000       0.000       0.000       0.000    
    50400.   12.34245079   12.4647   0.000       0.000      0.1070E-03   0.000     0.1266E-02-0.1373E-02  0.000      0.000      0.000      0.000       0.000       0.000       0.000       0.000       0.000       0.000    
    54000.   12.35433454   12.4650   0.000       0.000      0.9684E-04   0.000     0.1682E-02-0.1779E-02  0.000      0.000      0.000      0.000       0.000       0.000       0.000       0.000       0.000       0.000    
    57600.   12.39109772   12.4683   0.000       0.000      0.6753E-04   0.000     0.2690E-02-0.2757E-02  0.000      0.000      0.000      0.000       0.000       0.000       0.000       0.000       0.000       0.000    
    61200.   12.50384197   12.4804   0.000       0.000     -0.2051E-04   0.000     0.5668E-02-0.5648E-02  0.000      0.000      0.000      0.000       0.000       0.000       0.000       0.000       0.000       0.000    
    64800.   12.49817893   12.4907   0.000       0.000     -0.6573E-05   0.000     0.4629E-02-0.4623E-02  0.000      0.000      0.000      0.000       0.000       0.000       0.000       0.000       0.000       0.000    
    68400.   12.49716870   12.5000   0.000       0.000      0.2518E-05   0.000     0.4237E-02-0.4240E-02  0.000      0.000      0.000      0.000       0.000       0.000       0.000       0.000       0.000       0.000    
    72000.   12.46539313   12.5062   0.000       0.000      0.3567E-04   0.000     0.3084E-02-0.3120E-02  0.000      0.000      0.000      0.000       0.000       0.000       0.000       0.000       0.000       0.000    
    75600.   12.43410149   12.5094   0.000       0.000      0.6590E-04   0.000     0.2204E-02-0.2270E-02  0.000      0.000      0.000      0.000       0.000       0.000       0.000       0.000       0.000       0.000    
    79200.   12.51365074   12.5192   0.000       0.000      0.4834E-05   0.000     0.4628E-02-0.4633E-02  0.000      0.000      0.000      0.000       0.000       0.000       0.000       0.000       0.000       0.000    
    82800.   12.52772644   12.5291   0.000       0.000      0.1195E-05   0.000     0.4492E-02-0.4493E-02  0.000      0.000      0.000      0.000       0.000       0.000       0.000       0.000       0.000       0.000    
    86400.   12.54218387   12.5394   0.000       0.000     -0.2443E-05   0.000     0.4539E-02-0.4537E-02  0.000      0.000      0.000      0.000       0.000       0.000       0.000       0.000       0.000       0.000    
    90000.   12.62622662   12.5558   0.000       0.000     -0.6162E-04   0.000     0.6626E-02-0.6564E-02  0.000      0.000      0.000      0.000       0.000       0.000       0.000       0.000       0.000       0.000    
    93600.   12.82137536   12.5867   0.000       0.000     -0.2053E-03   0.000     0.1145E-01-0.1124E-01  0.000      0.000      0.000      0.000       0.000       0.000       0.000       0.000       0.000       0.000    
    97200.   12.75140325   12.6088   0.000       0.000     -0.1248E-03   0.000     0.7685E-02-0.7560E-02  0.000      0.000      0.000      0.000       0.000       0.000       0.000       0.000       0.000       0.000    
   100800.   12.59916445   12.6169   0.000       0.000      0.1553E-04   0.000     0.2879E-02-0.2895E-02  0.000      0.000      0.000      0.000       0.000       0.000       0.000       0.000       0.000       0.000    
   104400.   12.52821073   12.6194   0.000       0.000      0.7979E-04   0.000     0.1439E-02-0.1519E-02  0.000      0.000      0.000      0.000       0.000       0.000       0.000       0.000       0.000       0.000    
   108000.   12.50602449   12.6204   0.000       0.000      0.1001E-03   0.000     0.1330E-02-0.1430E-02  0.000      0.000      0.000      0.000       0.000       0.000       0.000       0.000       0.000       0.000    
   111600.   12.47141600   12.6187   0.000       0.000      0.1289E-03   0.000     0.6026E-03-0.7315E-03  0.000      0.000      0.000      0.000       0.000       0.000       0.000       0.000       0.000       0.000    
   115200.   12.44329549   12.6150   0.000       0.000      0.1503E-03   0.000     0.9682E-04-0.2471E-03  0.000      0.000      0.000      0.000       0.000       0.000       0.000       0.000       0.000       0.000    
   118800.   12.42300213   12.6102   0.000       0.000      0.1638E-03   0.000    -0.1846E-03 0.2089E-04  0.000      0.000      0.000      0.000       0.000       0.000       0.000       0.000       0.000       0.000    
   122400.   12.43214655   12.6065   0.000       0.000      0.1526E-03   0.000     0.3542E-03-0.5068E-03  0.000      0.000      0.000      0.000       0.000       0.000       0.000       0.000       0.000       0.000    
   126000.   12.41145989   12.6014   0.000       0.000      0.1662E-03   0.000    -0.1566E-03-0.9604E-05  0.000      0.000      0.000      0.000       0.000       0.000       0.000       0.000       0.000       0.000    
   129600.   12.46422851   12.6010   0.000       0.000      0.1197E-03   0.000     0.1581E-02-0.1700E-02  0.000      0.000      0.000      0.000       0.000       0.000       0.000       0.000       0.000       0.000    
   133200.   12.43773818   12.5983   0.000       0.000      0.1405E-03   0.000     0.5904E-03-0.7309E-03  0.000      0.000      0.000      0.000       0.000       0.000       0.000       0.000       0.000       0.000    
   136800.   12.42839166   12.5951   0.000       0.000      0.1458E-03   0.000     0.4462E-03-0.5921E-03  0.000      0.000      0.000      0.000       0.000       0.000       0.000       0.000       0.000       0.000    
   140400.   12.40547777   12.5902   0.000       0.000      0.1616E-03   0.000    -0.8124E-04-0.8041E-04  0.000      0.000      0.000      0.000       0.000       0.000       0.000       0.000       0.000       0.000    
   144000.   12.40107150   12.5855   0.000       0.000      0.1613E-03   0.000     0.2600E-04-0.1873E-03  0.000      0.000      0.000      0.000       0.000       0.000       0.000       0.000       0.000       0.000    
   147600.   12.39911120   12.5809   0.000       0.000      0.1591E-03   0.000     0.1288E-03-0.2879E-03  0.000      0.000      0.000      0.000       0.000       0.000       0.000       0.000       0.000       0.000    
   151200.   12.39806182   12.5766   0.000       0.000      0.1562E-03   0.000     0.2198E-03-0.3760E-03  0.000      0.000      0.000      0.000       0.000       0.000       0.000       0.000       0.000       0.000    
   154800.   12.39738787   12.5725   0.000       0.000      0.1532E-03   0.000     0.3023E-03-0.4556E-03  0.000      0.000      0.000      0.000       0.000       0.000       0.000       0.000       0.000       0.000    
   158400.   12.41094403   12.5698   0.000       0.000      0.1390E-03   0.000     0.7843E-03-0.9233E-03  0.000      0.000      0.000      0.000       0.000       0.000       0.000       0.000       0.000       0.000    
   162000.   12.46949386   12.5720   0.000       0.000      0.8972E-04   0.000     0.2456E-02-0.2546E-02  0.000      0.000      0.000      0.000       0.000       0.000       0.000       0.000       0.000       0.000    
   165600.   12.46648334   12.5736   0.000       0.000      0.9369E-04   0.000     0.2006E-02-0.2100E-02  0.000      0.000      0.000      0.000       0.000       0.000       0.000       0.000       0.000       0.000    
   169200.   12.41987646   12.5711   0.000       0.000      0.1323E-03   0.000     0.5541E-03-0.6865E-03  0.000      0.000      0.000      0.000       0.000       0.000       0.000       0.000       0.000       0.000    
   172800.   12.40587151   12.5679   0.000       0.000      0.1417E-03   0.000     0.4103E-03-0.5520E-03  0.000      0.000      0.000      0.000       0.000       0.000       0.000       0.000       0.000       0.000    
