TOTIM (T)      HCON          HMAT      QDIR      QWELL        QMAT       QCADS      QTUB1      QTUB2      QTUB3      QTUB4      QTUB5      QTUB6       NSTOR        QFIX        QLH     FHLQ (LQ)        CAUCHY   CAUCHY (LQ)
     3600.   12.36082435   12.3046   0.000       0.000     -0.4921E-04   0.000     0.7108E-02-0.7059E-02  0.000      0.000      0.000      0.000       0.000       0.000       0.000       0.000       0.000       0.000    
     7200.   12.34683988   12.3034   0.000       0.000     -0.3797E-04   0.000     0.6643E-02-0.6605E-02  0.000      0.000      0.000      0.000       0.000       0.000       0.000       0.000       0.000       0.000    
    10800.   12.34432375   12.3022   0.000       0.000     -0.3682E-04   0.000     0.6765E-02-0.6729E-02  0.000      0.000      0.000      0.000       0.000       0.000       0.000       0.000       0.000       0.000    
    14400.   12.34314713   12.3010   0.000       0.000     -0.3684E-04   0.000     0.6832E-02-0.6795E-02  0.000      0.000      0.000      0.000       0.000       0.000       0.000       0.000       0.000       0.000    
    18000.   12.34240750   12.2999   0.000       0.000     -0.3720E-04   0.000     0.6866E-02-0.6829E-02  0.000      0.000      0.000      0.000       0.000       0.000       0.000       0.000       0.000       0.000    
    21600.   12.34185960   12.2988   0.000       0.000     -0.3770E-04   0.000     0.6884E-02-0.6846E-02  0.000      0.000      0.000      0.000       0.000       0.000       0.000       0.000       0.000       0.000    
    25200.   12.34139894   12.2977   0.000       0.000     -0.3824E-04   0.000     0.6895E-02-0.6856E-02  0.000      0.000      0.000      0.000       0.000       0.000       0.000       0.000       0.000       0.000    
    28800.   12.34100595   12.2967   0.000       0.000     -0.3880E-04   0.000     0.6900E-02-0.6861E-02  0.000      0.000      0.000      0.000       0.000       0.000       0.000       0.000       0.000       0.000    
    32400.   12.34062043   12.2957   0.000       0.000     -0.3933E-04   0.000     0.6904E-02-0.6865E-02  0.000      0.000      0.000      0.000       0.000       0.000       0.000       0.000       0.000       0.000    
    36000.   12.34023811   12.2947   0.000       0.000     -0.3983E-04   0.000     0.6907E-02-0.6868E-02  0.000      0.000      0.000      0.000       0.000       0.000       0.000       0.000       0.000       0.000    
    39600.   12.33985749   12.2938   0.000       0.000     -0.4030E-04   0.000     0.6910E-02-0.6870E-02  0.000      0.000      0.000      0.000       0.000       0.000       0.000       0.000       0.000       0.000    
    43200.   12.35351333   12.2941   0.000       0.000     -0.5201E-04   0.000     0.7374E-02-0.7322E-02  0.000      0.000      0.000      0.000       0.000       0.000       0.000       0.000       0.000       0.000    
    46800.   12.35568004   12.2944   0.000       0.000     -0.5359E-04   0.000     0.7252E-02-0.7199E-02  0.000      0.000      0.000      0.000       0.000       0.000       0.000       0.000       0.000       0.000    
    50400.   12.34244905   12.2937   0.000       0.000     -0.4269E-04   0.000     0.6727E-02-0.6684E-02  0.000      0.000      0.000      0.000       0.000       0.000       0.000       0.000       0.000       0.000    
    54000.   12.35433258   12.2940   0.000       0.000     -0.5281E-04   0.000     0.7277E-02-0.7224E-02  0.000      0.000      0.000      0.000       0.000       0.000       0.000       0.000       0.000       0.000    
    57600.   12.39108780   12.2972   0.000       0.000     -0.8211E-04   0.000     0.8346E-02-0.8264E-02  0.000      0.000      0.000      0.000       0.000       0.000       0.000       0.000       0.000       0.000    
    61200.   12.50382161   12.3094   0.000       0.000     -0.1701E-03   0.000     0.1141E-01-0.1124E-01  0.000      0.000      0.000      0.000       0.000       0.000       0.000       0.000       0.000       0.000    
    64800.   12.49816476   12.3196   0.000       0.000     -0.1562E-03   0.000     0.9377E-02-0.9221E-02  0.000      0.000      0.000      0.000       0.000       0.000       0.000       0.000       0.000       0.000    
    68400.   12.49715616   12.3290   0.000       0.000     -0.1471E-03   0.000     0.8788E-02-0.8641E-02  0.000      0.000      0.000      0.000       0.000       0.000       0.000       0.000       0.000       0.000    
    72000.   12.46538389   12.3351   0.000       0.000     -0.1140E-03   0.000     0.7539E-02-0.7425E-02  0.000      0.000      0.000      0.000       0.000       0.000       0.000       0.000       0.000       0.000    
    75600.   12.43409395   12.3384   0.000       0.000     -0.8376E-04   0.000     0.6872E-02-0.6788E-02  0.000      0.000      0.000      0.000       0.000       0.000       0.000       0.000       0.000       0.000    
    79200.   12.51363502   12.3481   0.000       0.000     -0.1448E-03   0.000     0.9984E-02-0.9839E-02  0.000      0.000      0.000      0.000       0.000       0.000       0.000       0.000       0.000       0.000    
    82800.   12.52771222   12.3580   0.000       0.000     -0.1485E-03   0.000     0.9428E-02-0.9279E-02  0.000      0.000      0.000      0.000       0.000       0.000       0.000       0.000       0.000       0.000    
    86400.   12.54216988   12.3683   0.000       0.000     -0.1521E-03   0.000     0.9328E-02-0.9176E-02  0.000      0.000      0.000      0.000       0.000       0.000       0.000       0.000       0.000       0.000    
    90000.   12.62620507   12.3847   0.000       0.000     -0.2113E-03   0.000     0.1161E-01-0.1140E-01  0.000      0.000      0.000      0.000       0.000       0.000       0.000       0.000       0.000       0.000    
    93600.   12.82130203   12.4156   0.000       0.000     -0.3550E-03   0.000     0.1651E-01-0.1616E-01  0.000      0.000      0.000      0.000       0.000       0.000       0.000       0.000       0.000       0.000    
    97200.   12.75137034   12.4376   0.000       0.000     -0.2746E-03   0.000     0.1087E-01-0.1059E-01  0.000      0.000      0.000      0.000       0.000       0.000       0.000       0.000       0.000       0.000    
   100800.   12.59915788   12.4457   0.000       0.000     -0.1343E-03   0.000     0.5745E-02-0.5610E-02  0.000      0.000      0.000      0.000       0.000       0.000       0.000       0.000       0.000       0.000    
   104400.   12.52820662   12.4481   0.000       0.000     -0.7011E-04   0.000     0.5500E-02-0.5430E-02  0.000      0.000      0.000      0.000       0.000       0.000       0.000       0.000       0.000       0.000    
   108000.   12.50601932   12.4490   0.000       0.000     -0.4988E-04   0.000     0.6419E-02-0.6369E-02  0.000      0.000      0.000      0.000       0.000       0.000       0.000       0.000       0.000       0.000    
   111600.   12.47141153   12.4473   0.000       0.000     -0.2112E-04   0.000     0.6133E-02-0.6112E-02  0.000      0.000      0.000      0.000       0.000       0.000       0.000       0.000       0.000       0.000    
   115200.   12.44329137   12.4435   0.000       0.000      0.2255E-06   0.000     0.6001E-02-0.6002E-02  0.000      0.000      0.000      0.000       0.000       0.000       0.000       0.000       0.000       0.000    
   118800.   12.42299809   12.4386   0.000       0.000      0.1365E-04   0.000     0.6023E-02-0.6037E-02  0.000      0.000      0.000      0.000       0.000       0.000       0.000       0.000       0.000       0.000    
   122400.   12.43214125   12.4349   0.000       0.000      0.2386E-05   0.000     0.6860E-02-0.6863E-02  0.000      0.000      0.000      0.000       0.000       0.000       0.000       0.000       0.000       0.000    
   126000.   12.41145554   12.4297   0.000       0.000      0.1594E-04   0.000     0.6260E-02-0.6276E-02  0.000      0.000      0.000      0.000       0.000       0.000       0.000       0.000       0.000       0.000    
   129600.   12.46421909   12.4293   0.000       0.000     -0.3058E-04   0.000     0.8323E-02-0.8292E-02  0.000      0.000      0.000      0.000       0.000       0.000       0.000       0.000       0.000       0.000    
   133200.   12.43773188   12.4265   0.000       0.000     -0.9851E-05   0.000     0.6827E-02-0.6817E-02  0.000      0.000      0.000      0.000       0.000       0.000       0.000       0.000       0.000       0.000    
   136800.   12.42838559   12.4232   0.000       0.000     -0.4563E-05   0.000     0.6719E-02-0.6714E-02  0.000      0.000      0.000      0.000       0.000       0.000       0.000       0.000       0.000       0.000    
   140400.   12.40547272   12.4183   0.000       0.000      0.1119E-04   0.000     0.6190E-02-0.6201E-02  0.000      0.000      0.000      0.000       0.000       0.000       0.000       0.000       0.000       0.000    
   144000.   12.40106599   12.4134   0.000       0.000      0.1082E-04   0.000     0.6464E-02-0.6475E-02  0.000      0.000      0.000      0.000       0.000       0.000       0.000       0.000       0.000       0.000    
   147600.   12.39910541   12.4088   0.000       0.000      0.8489E-05   0.000     0.6620E-02-0.6629E-02  0.000      0.000      0.000      0.000       0.000       0.000       0.000       0.000       0.000       0.000    
   151200.   12.39805585   12.4044   0.000       0.000      0.5576E-05   0.000     0.6706E-02-0.6711E-02  0.000      0.000      0.000      0.000       0.000       0.000       0.000       0.000       0.000       0.000    
   154800.   12.39738179   12.4003   0.000       0.000      0.2548E-05   0.000     0.6759E-02-0.6762E-02  0.000      0.000      0.000      0.000       0.000       0.000       0.000       0.000       0.000       0.000    
   158400.   12.41093692   12.3975   0.000       0.000     -0.1172E-04   0.000     0.7256E-02-0.7244E-02  0.000      0.000      0.000      0.000       0.000       0.000       0.000       0.000       0.000       0.000    
   162000.   12.46948270   12.3997   0.000       0.000     -0.6103E-04   0.000     0.8984E-02-0.8923E-02  0.000      0.000      0.000      0.000       0.000       0.000       0.000       0.000       0.000       0.000    
   165600.   12.46647440   12.4012   0.000       0.000     -0.5710E-04   0.000     0.7986E-02-0.7929E-02  0.000      0.000      0.000      0.000       0.000       0.000       0.000       0.000       0.000       0.000    
   169200.   12.41987111   12.3987   0.000       0.000     -0.1851E-04   0.000     0.6223E-02-0.6204E-02  0.000      0.000      0.000      0.000       0.000       0.000       0.000       0.000       0.000       0.000    
   172800.   12.40586601   12.3954   0.000       0.000     -0.9125E-05   0.000     0.6361E-02-0.6352E-02  0.000      0.000      0.000      0.000       0.000       0.000       0.000       0.000       0.000       0.000    
