TOTIM (T)      HCON          HMAT      QDIR      QWELL        QMAT       QCADS      QTUB1      QTUB2      QTUB3      QTUB4      QTUB5      QTUB6       NSTOR        QFIX        QLH     FHLQ (LQ)        CAUCHY   CAUCHY (LQ)
     3600.   12.36082566   12.3801   0.000       0.000      0.1683E-04   0.000     0.2190E-02-0.2206E-02  0.000      0.000      0.000      0.000       0.000       0.000       0.000       0.000       0.000       0.000    
     7200.   12.34684110   12.3789   0.000       0.000      0.2807E-04   0.000     0.2033E-02-0.2062E-02  0.000      0.000      0.000      0.000       0.000       0.000       0.000       0.000       0.000       0.000    
    10800.   12.34432499   12.3777   0.000       0.000      0.2921E-04   0.000     0.2060E-02-0.2089E-02  0.000      0.000      0.000      0.000       0.000       0.000       0.000       0.000       0.000       0.000    
    14400.   12.34314838   12.3765   0.000       0.000      0.2920E-04   0.000     0.2080E-02-0.2109E-02  0.000      0.000      0.000      0.000       0.000       0.000       0.000       0.000       0.000       0.000    
    18000.   12.34240876   12.3754   0.000       0.000      0.2883E-04   0.000     0.2092E-02-0.2121E-02  0.000      0.000      0.000      0.000       0.000       0.000       0.000       0.000       0.000       0.000    
    21600.   12.34186086   12.3742   0.000       0.000      0.2833E-04   0.000     0.2099E-02-0.2127E-02  0.000      0.000      0.000      0.000       0.000       0.000       0.000       0.000       0.000       0.000    
    25200.   12.34140020   12.3732   0.000       0.000      0.2779E-04   0.000     0.2104E-02-0.2131E-02  0.000      0.000      0.000      0.000       0.000       0.000       0.000       0.000       0.000       0.000    
    28800.   12.34100722   12.3721   0.000       0.000      0.2723E-04   0.000     0.2107E-02-0.2134E-02  0.000      0.000      0.000      0.000       0.000       0.000       0.000       0.000       0.000       0.000    
    32400.   12.34062170   12.3711   0.000       0.000      0.2670E-04   0.000     0.2109E-02-0.2136E-02  0.000      0.000      0.000      0.000       0.000       0.000       0.000       0.000       0.000       0.000    
    36000.   12.34023938   12.3702   0.000       0.000      0.2619E-04   0.000     0.2112E-02-0.2138E-02  0.000      0.000      0.000      0.000       0.000       0.000       0.000       0.000       0.000       0.000    
    39600.   12.33985876   12.3693   0.000       0.000      0.2572E-04   0.000     0.2114E-02-0.2140E-02  0.000      0.000      0.000      0.000       0.000       0.000       0.000       0.000       0.000       0.000    
    43200.   12.35351469   12.3695   0.000       0.000      0.1400E-04   0.000     0.2271E-02-0.2285E-02  0.000      0.000      0.000      0.000       0.000       0.000       0.000       0.000       0.000       0.000    
    46800.   12.35568137   12.3699   0.000       0.000      0.1242E-04   0.000     0.2247E-02-0.2259E-02  0.000      0.000      0.000      0.000       0.000       0.000       0.000       0.000       0.000       0.000    
    50400.   12.34245028   12.3691   0.000       0.000      0.2332E-04   0.000     0.2073E-02-0.2096E-02  0.000      0.000      0.000      0.000       0.000       0.000       0.000       0.000       0.000       0.000    
    54000.   12.35433392   12.3694   0.000       0.000      0.1319E-04   0.000     0.2244E-02-0.2258E-02  0.000      0.000      0.000      0.000       0.000       0.000       0.000       0.000       0.000       0.000    
    57600.   12.39109683   12.3727   0.000       0.000     -0.1612E-04   0.000     0.2617E-02-0.2601E-02  0.000      0.000      0.000      0.000       0.000       0.000       0.000       0.000       0.000       0.000    
    61200.   12.50384030   12.3848   0.000       0.000     -0.1042E-03   0.000     0.3687E-02-0.3583E-02  0.000      0.000      0.000      0.000       0.000       0.000       0.000       0.000       0.000       0.000    
    64800.   12.49817756   12.3951   0.000       0.000     -0.9023E-04   0.000     0.3120E-02-0.3030E-02  0.000      0.000      0.000      0.000       0.000       0.000       0.000       0.000       0.000       0.000    
    68400.   12.49716744   12.4044   0.000       0.000     -0.8114E-04   0.000     0.2906E-02-0.2825E-02  0.000      0.000      0.000      0.000       0.000       0.000       0.000       0.000       0.000       0.000    
    72000.   12.46539217   12.4105   0.000       0.000     -0.4799E-04   0.000     0.2471E-02-0.2423E-02  0.000      0.000      0.000      0.000       0.000       0.000       0.000       0.000       0.000       0.000    
    75600.   12.43410076   12.4138   0.000       0.000     -0.1776E-04   0.000     0.2199E-02-0.2182E-02  0.000      0.000      0.000      0.000       0.000       0.000       0.000       0.000       0.000       0.000    
    79200.   12.51364935   12.4236   0.000       0.000     -0.7882E-04   0.000     0.3200E-02-0.3122E-02  0.000      0.000      0.000      0.000       0.000       0.000       0.000       0.000       0.000       0.000    
    82800.   12.52772511   12.4335   0.000       0.000     -0.8246E-04   0.000     0.3088E-02-0.3006E-02  0.000      0.000      0.000      0.000       0.000       0.000       0.000       0.000       0.000       0.000    
    86400.   12.54218253   12.4438   0.000       0.000     -0.8610E-04   0.000     0.3058E-02-0.2972E-02  0.000      0.000      0.000      0.000       0.000       0.000       0.000       0.000       0.000       0.000    
    90000.   12.62622471   12.4602   0.000       0.000     -0.1453E-03   0.000     0.3827E-02-0.3682E-02  0.000      0.000      0.000      0.000       0.000       0.000       0.000       0.000       0.000       0.000    
    93600.   12.82134311   12.4911   0.000       0.000     -0.2889E-03   0.000     0.5549E-02-0.5260E-02  0.000      0.000      0.000      0.000       0.000       0.000       0.000       0.000       0.000       0.000    
    97200.   12.75138863   12.5132   0.000       0.000     -0.2084E-03   0.000     0.3837E-02-0.3629E-02  0.000      0.000      0.000      0.000       0.000       0.000       0.000       0.000       0.000       0.000    
   100800.   12.59916205   12.5213   0.000       0.000     -0.6812E-04   0.000     0.2007E-02-0.1939E-02  0.000      0.000      0.000      0.000       0.000       0.000       0.000       0.000       0.000       0.000    
   104400.   12.52821014   12.5238   0.000       0.000     -0.3861E-05   0.000     0.1728E-02-0.1724E-02  0.000      0.000      0.000      0.000       0.000       0.000       0.000       0.000       0.000       0.000    
   108000.   12.50602390   12.5248   0.000       0.000      0.1643E-04   0.000     0.1936E-02-0.1952E-02  0.000      0.000      0.000      0.000       0.000       0.000       0.000       0.000       0.000       0.000    
   111600.   12.47141566   12.5231   0.000       0.000      0.4524E-04   0.000     0.1801E-02-0.1846E-02  0.000      0.000      0.000      0.000       0.000       0.000       0.000       0.000       0.000       0.000    
   115200.   12.44329528   12.5195   0.000       0.000      0.6666E-04   0.000     0.1710E-02-0.1777E-02  0.000      0.000      0.000      0.000       0.000       0.000       0.000       0.000       0.000       0.000    
   118800.   12.42300198   12.5146   0.000       0.000      0.8015E-04   0.000     0.1683E-02-0.1763E-02  0.000      0.000      0.000      0.000       0.000       0.000       0.000       0.000       0.000       0.000    
   122400.   12.43214626   12.5110   0.000       0.000      0.6895E-04   0.000     0.1942E-02-0.2011E-02  0.000      0.000      0.000      0.000       0.000       0.000       0.000       0.000       0.000       0.000    
   126000.   12.41145973   12.5058   0.000       0.000      0.8258E-04   0.000     0.1752E-02-0.1835E-02  0.000      0.000      0.000      0.000       0.000       0.000       0.000       0.000       0.000       0.000    
   129600.   12.46422789   12.5055   0.000       0.000      0.3612E-04   0.000     0.2428E-02-0.2464E-02  0.000      0.000      0.000      0.000       0.000       0.000       0.000       0.000       0.000       0.000    
   133200.   12.43773784   12.5028   0.000       0.000      0.5693E-04   0.000     0.1985E-02-0.2042E-02  0.000      0.000      0.000      0.000       0.000       0.000       0.000       0.000       0.000       0.000    
   136800.   12.42839135   12.4996   0.000       0.000      0.6229E-04   0.000     0.1924E-02-0.1986E-02  0.000      0.000      0.000      0.000       0.000       0.000       0.000       0.000       0.000       0.000    
   140400.   12.40547759   12.4947   0.000       0.000      0.7810E-04   0.000     0.1739E-02-0.1817E-02  0.000      0.000      0.000      0.000       0.000       0.000       0.000       0.000       0.000       0.000    
   144000.   12.40107129   12.4900   0.000       0.000      0.7780E-04   0.000     0.1811E-02-0.1889E-02  0.000      0.000      0.000      0.000       0.000       0.000       0.000       0.000       0.000       0.000    
   147600.   12.39911097   12.4854   0.000       0.000      0.7554E-04   0.000     0.1864E-02-0.1940E-02  0.000      0.000      0.000      0.000       0.000       0.000       0.000       0.000       0.000       0.000    
   151200.   12.39806155   12.4811   0.000       0.000      0.7269E-04   0.000     0.1898E-02-0.1971E-02  0.000      0.000      0.000      0.000       0.000       0.000       0.000       0.000       0.000       0.000    
   154800.   12.39738759   12.4771   0.000       0.000      0.6972E-04   0.000     0.1922E-02-0.1992E-02  0.000      0.000      0.000      0.000       0.000       0.000       0.000       0.000       0.000       0.000    
   158400.   12.41094362   12.4744   0.000       0.000      0.5551E-04   0.000     0.2096E-02-0.2152E-02  0.000      0.000      0.000      0.000       0.000       0.000       0.000       0.000       0.000       0.000    
   162000.   12.46949302   12.4766   0.000       0.000      0.6245E-05   0.000     0.2699E-02-0.2706E-02  0.000      0.000      0.000      0.000       0.000       0.000       0.000       0.000       0.000       0.000    
   165600.   12.46648263   12.4782   0.000       0.000      0.1023E-04   0.000     0.2432E-02-0.2443E-02  0.000      0.000      0.000      0.000       0.000       0.000       0.000       0.000       0.000       0.000    
   169200.   12.41987613   12.4757   0.000       0.000      0.4887E-04   0.000     0.1839E-02-0.1888E-02  0.000      0.000      0.000      0.000       0.000       0.000       0.000       0.000       0.000       0.000    
   172800.   12.40587121   12.4725   0.000       0.000      0.5830E-04   0.000     0.1837E-02-0.1895E-02  0.000      0.000      0.000      0.000       0.000       0.000       0.000       0.000       0.000       0.000    
