TOTIM (T)      HCON          HMAT      QDIR      QWELL        QMAT       QCADS      QTUB1      QTUB2      QTUB3      QTUB4      QTUB5      QTUB6       NSTOR        QFIX        QLH     FHLQ (LQ)        CAUCHY   CAUCHY (LQ)
     3600.   12.36082582   12.3969   0.000       0.000      0.3158E-04   0.000     0.2123E-02-0.2155E-02  0.000      0.000      0.000      0.000       0.000       0.000       0.000       0.000       0.000       0.000    
     7200.   12.34684122   12.3958   0.000       0.000      0.4282E-04   0.000     0.1818E-02-0.1861E-02  0.000      0.000      0.000      0.000       0.000       0.000       0.000       0.000       0.000       0.000    
    10800.   12.34432512   12.3946   0.000       0.000      0.4397E-04   0.000     0.1849E-02-0.1893E-02  0.000      0.000      0.000      0.000       0.000       0.000       0.000       0.000       0.000       0.000    
    14400.   12.34314851   12.3934   0.000       0.000      0.4396E-04   0.000     0.1872E-02-0.1916E-02  0.000      0.000      0.000      0.000       0.000       0.000       0.000       0.000       0.000       0.000    
    18000.   12.34240889   12.3922   0.000       0.000      0.4359E-04   0.000     0.1888E-02-0.1932E-02  0.000      0.000      0.000      0.000       0.000       0.000       0.000       0.000       0.000       0.000    
    21600.   12.34186100   12.3911   0.000       0.000      0.4309E-04   0.000     0.1901E-02-0.1944E-02  0.000      0.000      0.000      0.000       0.000       0.000       0.000       0.000       0.000       0.000    
    25200.   12.34140034   12.3900   0.000       0.000      0.4255E-04   0.000     0.1911E-02-0.1954E-02  0.000      0.000      0.000      0.000       0.000       0.000       0.000       0.000       0.000       0.000    
    28800.   12.34100735   12.3890   0.000       0.000      0.4199E-04   0.000     0.1920E-02-0.1962E-02  0.000      0.000      0.000      0.000       0.000       0.000       0.000       0.000       0.000       0.000    
    32400.   12.34062184   12.3880   0.000       0.000      0.4145E-04   0.000     0.1928E-02-0.1969E-02  0.000      0.000      0.000      0.000       0.000       0.000       0.000       0.000       0.000       0.000    
    36000.   12.34023951   12.3870   0.000       0.000      0.4095E-04   0.000     0.1935E-02-0.1976E-02  0.000      0.000      0.000      0.000       0.000       0.000       0.000       0.000       0.000       0.000    
    39600.   12.33985890   12.3861   0.000       0.000      0.4048E-04   0.000     0.1942E-02-0.1982E-02  0.000      0.000      0.000      0.000       0.000       0.000       0.000       0.000       0.000       0.000    
    43200.   12.35351486   12.3864   0.000       0.000      0.2876E-04   0.000     0.2253E-02-0.2282E-02  0.000      0.000      0.000      0.000       0.000       0.000       0.000       0.000       0.000       0.000    
    46800.   12.35568154   12.3867   0.000       0.000      0.2718E-04   0.000     0.2227E-02-0.2254E-02  0.000      0.000      0.000      0.000       0.000       0.000       0.000       0.000       0.000       0.000    
    50400.   12.34245042   12.3860   0.000       0.000      0.3808E-04   0.000     0.1905E-02-0.1943E-02  0.000      0.000      0.000      0.000       0.000       0.000       0.000       0.000       0.000       0.000    
    54000.   12.35433409   12.3863   0.000       0.000      0.2795E-04   0.000     0.2230E-02-0.2258E-02  0.000      0.000      0.000      0.000       0.000       0.000       0.000       0.000       0.000       0.000    
    57600.   12.39109708   12.3895   0.000       0.000     -0.1357E-05   0.000     0.2974E-02-0.2972E-02  0.000      0.000      0.000      0.000       0.000       0.000       0.000       0.000       0.000       0.000    
    61200.   12.50384076   12.4017   0.000       0.000     -0.8939E-04   0.000     0.5160E-02-0.5071E-02  0.000      0.000      0.000      0.000       0.000       0.000       0.000       0.000       0.000       0.000    
    64800.   12.49817793   12.4119   0.000       0.000     -0.7546E-04   0.000     0.4246E-02-0.4171E-02  0.000      0.000      0.000      0.000       0.000       0.000       0.000       0.000       0.000       0.000    
    68400.   12.49716778   12.4213   0.000       0.000     -0.6637E-04   0.000     0.3936E-02-0.3870E-02  0.000      0.000      0.000      0.000       0.000       0.000       0.000       0.000       0.000       0.000    
    72000.   12.46539243   12.4274   0.000       0.000     -0.3323E-04   0.000     0.3081E-02-0.3048E-02  0.000      0.000      0.000      0.000       0.000       0.000       0.000       0.000       0.000       0.000    
    75600.   12.43410096   12.4307   0.000       0.000     -0.2992E-05   0.000     0.2473E-02-0.2470E-02  0.000      0.000      0.000      0.000       0.000       0.000       0.000       0.000       0.000       0.000    
    79200.   12.51364974   12.4404   0.000       0.000     -0.6406E-04   0.000     0.4348E-02-0.4284E-02  0.000      0.000      0.000      0.000       0.000       0.000       0.000       0.000       0.000       0.000    
    82800.   12.52772548   12.4504   0.000       0.000     -0.6770E-04   0.000     0.4179E-02-0.4111E-02  0.000      0.000      0.000      0.000       0.000       0.000       0.000       0.000       0.000       0.000    
    86400.   12.54218290   12.4606   0.000       0.000     -0.7134E-04   0.000     0.4193E-02-0.4122E-02  0.000      0.000      0.000      0.000       0.000       0.000       0.000       0.000       0.000       0.000    
    90000.   12.62622524   12.4771   0.000       0.000     -0.1305E-03   0.000     0.5747E-02-0.5617E-02  0.000      0.000      0.000      0.000       0.000       0.000       0.000       0.000       0.000       0.000    
    93600.   12.82135269   12.5080   0.000       0.000     -0.2742E-03   0.000     0.9276E-02-0.9002E-02  0.000      0.000      0.000      0.000       0.000       0.000       0.000       0.000       0.000       0.000    
    97200.   12.75139286   12.5300   0.000       0.000     -0.1937E-03   0.000     0.6237E-02-0.6044E-02  0.000      0.000      0.000      0.000       0.000       0.000       0.000       0.000       0.000       0.000    
   100800.   12.59916266   12.5381   0.000       0.000     -0.5339E-04   0.000     0.2694E-02-0.2641E-02  0.000      0.000      0.000      0.000       0.000       0.000       0.000       0.000       0.000       0.000    
   104400.   12.52821028   12.5406   0.000       0.000      0.1086E-04   0.000     0.1832E-02-0.1843E-02  0.000      0.000      0.000      0.000       0.000       0.000       0.000       0.000       0.000       0.000    
   108000.   12.50602404   12.5416   0.000       0.000      0.3113E-04   0.000     0.1906E-02-0.1937E-02  0.000      0.000      0.000      0.000       0.000       0.000       0.000       0.000       0.000       0.000    
   111600.   12.47141575   12.5399   0.000       0.000      0.5993E-04   0.000     0.1438E-02-0.1498E-02  0.000      0.000      0.000      0.000       0.000       0.000       0.000       0.000       0.000       0.000    
   115200.   12.44329533   12.5362   0.000       0.000      0.8132E-04   0.000     0.1125E-02-0.1206E-02  0.000      0.000      0.000      0.000       0.000       0.000       0.000       0.000       0.000       0.000    
   118800.   12.42300202   12.5313   0.000       0.000      0.9480E-04   0.000     0.9643E-03-0.1059E-02  0.000      0.000      0.000      0.000       0.000       0.000       0.000       0.000       0.000       0.000    
   122400.   12.43214634   12.5277   0.000       0.000      0.8358E-04   0.000     0.1402E-02-0.1486E-02  0.000      0.000      0.000      0.000       0.000       0.000       0.000       0.000       0.000       0.000    
   126000.   12.41145977   12.5225   0.000       0.000      0.9719E-04   0.000     0.1014E-02-0.1111E-02  0.000      0.000      0.000      0.000       0.000       0.000       0.000       0.000       0.000       0.000    
   129600.   12.46422806   12.5222   0.000       0.000      0.5071E-04   0.000     0.2333E-02-0.2383E-02  0.000      0.000      0.000      0.000       0.000       0.000       0.000       0.000       0.000       0.000    
   133200.   12.43773793   12.5194   0.000       0.000      0.7150E-04   0.000     0.1529E-02-0.1601E-02  0.000      0.000      0.000      0.000       0.000       0.000       0.000       0.000       0.000       0.000    
   136800.   12.42839143   12.5162   0.000       0.000      0.7683E-04   0.000     0.1433E-02-0.1510E-02  0.000      0.000      0.000      0.000       0.000       0.000       0.000       0.000       0.000       0.000    
   140400.   12.40547764   12.5113   0.000       0.000      0.9263E-04   0.000     0.1048E-02-0.1141E-02  0.000      0.000      0.000      0.000       0.000       0.000       0.000       0.000       0.000       0.000    
   144000.   12.40107134   12.5066   0.000       0.000      0.9231E-04   0.000     0.1152E-02-0.1245E-02  0.000      0.000      0.000      0.000       0.000       0.000       0.000       0.000       0.000       0.000    
   147600.   12.39911103   12.5020   0.000       0.000      0.9003E-04   0.000     0.1234E-02-0.1324E-02  0.000      0.000      0.000      0.000       0.000       0.000       0.000       0.000       0.000       0.000    
   151200.   12.39806162   12.4977   0.000       0.000      0.8716E-04   0.000     0.1300E-02-0.1387E-02  0.000      0.000      0.000      0.000       0.000       0.000       0.000       0.000       0.000       0.000    
   154800.   12.39738767   12.4936   0.000       0.000      0.8417E-04   0.000     0.1355E-02-0.1439E-02  0.000      0.000      0.000      0.000       0.000       0.000       0.000       0.000       0.000       0.000    
   158400.   12.41094373   12.4909   0.000       0.000      0.6994E-04   0.000     0.1709E-02-0.1779E-02  0.000      0.000      0.000      0.000       0.000       0.000       0.000       0.000       0.000       0.000    
   162000.   12.46949325   12.4931   0.000       0.000      0.2066E-04   0.000     0.2937E-02-0.2958E-02  0.000      0.000      0.000      0.000       0.000       0.000       0.000       0.000       0.000       0.000    
   165600.   12.46648283   12.4946   0.000       0.000      0.2463E-04   0.000     0.2523E-02-0.2548E-02  0.000      0.000      0.000      0.000       0.000       0.000       0.000       0.000       0.000       0.000    
   169200.   12.41987622   12.4922   0.000       0.000      0.6326E-04   0.000     0.1419E-02-0.1482E-02  0.000      0.000      0.000      0.000       0.000       0.000       0.000       0.000       0.000       0.000    
   172800.   12.40587129   12.4889   0.000       0.000      0.7267E-04   0.000     0.1360E-02-0.1432E-02  0.000      0.000      0.000      0.000       0.000       0.000       0.000       0.000       0.000       0.000    
