TOTIM (T)      HCON          HMAT      QDIR      QWELL        QMAT       QCADS      QTUB1      QTUB2      QTUB3      QTUB4      QTUB5      QTUB6       NSTOR        QFIX        QLH     FHLQ (LQ)        CAUCHY   CAUCHY (LQ)
     3600.   12.36082453   12.3245   0.000       0.000     -0.3180E-04   0.000     0.7140E-02-0.7108E-02  0.000      0.000      0.000      0.000       0.000       0.000       0.000       0.000       0.000       0.000    
     7200.   12.34684005   12.3233   0.000       0.000     -0.2056E-04   0.000     0.6664E-02-0.6643E-02  0.000      0.000      0.000      0.000       0.000       0.000       0.000       0.000       0.000       0.000    
    10800.   12.34432392   12.3221   0.000       0.000     -0.1941E-04   0.000     0.6785E-02-0.6765E-02  0.000      0.000      0.000      0.000       0.000       0.000       0.000       0.000       0.000       0.000    
    14400.   12.34314730   12.3209   0.000       0.000     -0.1943E-04   0.000     0.6851E-02-0.6832E-02  0.000      0.000      0.000      0.000       0.000       0.000       0.000       0.000       0.000       0.000    
    18000.   12.34240767   12.3198   0.000       0.000     -0.1979E-04   0.000     0.6886E-02-0.6866E-02  0.000      0.000      0.000      0.000       0.000       0.000       0.000       0.000       0.000       0.000    
    21600.   12.34185977   12.3187   0.000       0.000     -0.2030E-04   0.000     0.6904E-02-0.6884E-02  0.000      0.000      0.000      0.000       0.000       0.000       0.000       0.000       0.000       0.000    
    25200.   12.34139911   12.3176   0.000       0.000     -0.2083E-04   0.000     0.6916E-02-0.6895E-02  0.000      0.000      0.000      0.000       0.000       0.000       0.000       0.000       0.000       0.000    
    28800.   12.34100612   12.3166   0.000       0.000     -0.2139E-04   0.000     0.6921E-02-0.6900E-02  0.000      0.000      0.000      0.000       0.000       0.000       0.000       0.000       0.000       0.000    
    32400.   12.34062060   12.3156   0.000       0.000     -0.2192E-04   0.000     0.6926E-02-0.6904E-02  0.000      0.000      0.000      0.000       0.000       0.000       0.000       0.000       0.000       0.000    
    36000.   12.34023828   12.3146   0.000       0.000     -0.2242E-04   0.000     0.6930E-02-0.6907E-02  0.000      0.000      0.000      0.000       0.000       0.000       0.000       0.000       0.000       0.000    
    39600.   12.33985766   12.3137   0.000       0.000     -0.2289E-04   0.000     0.6933E-02-0.6910E-02  0.000      0.000      0.000      0.000       0.000       0.000       0.000       0.000       0.000       0.000    
    43200.   12.35351351   12.3140   0.000       0.000     -0.3461E-04   0.000     0.7408E-02-0.7374E-02  0.000      0.000      0.000      0.000       0.000       0.000       0.000       0.000       0.000       0.000    
    46800.   12.35568022   12.3143   0.000       0.000     -0.3618E-04   0.000     0.7288E-02-0.7252E-02  0.000      0.000      0.000      0.000       0.000       0.000       0.000       0.000       0.000       0.000    
    50400.   12.34244922   12.3136   0.000       0.000     -0.2528E-04   0.000     0.6752E-02-0.6727E-02  0.000      0.000      0.000      0.000       0.000       0.000       0.000       0.000       0.000       0.000    
    54000.   12.35433276   12.3139   0.000       0.000     -0.3541E-04   0.000     0.7312E-02-0.7277E-02  0.000      0.000      0.000      0.000       0.000       0.000       0.000       0.000       0.000       0.000    
    57600.   12.39108946   12.3171   0.000       0.000     -0.6471E-04   0.000     0.8411E-02-0.8346E-02  0.000      0.000      0.000      0.000       0.000       0.000       0.000       0.000       0.000       0.000    
    61200.   12.50382470   12.3293   0.000       0.000     -0.1527E-03   0.000     0.1156E-01-0.1141E-01  0.000      0.000      0.000      0.000       0.000       0.000       0.000       0.000       0.000       0.000    
    64800.   12.49816685   12.3395   0.000       0.000     -0.1388E-03   0.000     0.9516E-02-0.9377E-02  0.000      0.000      0.000      0.000       0.000       0.000       0.000       0.000       0.000       0.000    
    68400.   12.49715801   12.3489   0.000       0.000     -0.1297E-03   0.000     0.8918E-02-0.8788E-02  0.000      0.000      0.000      0.000       0.000       0.000       0.000       0.000       0.000       0.000    
    72000.   12.46538525   12.3550   0.000       0.000     -0.9658E-04   0.000     0.7635E-02-0.7539E-02  0.000      0.000      0.000      0.000       0.000       0.000       0.000       0.000       0.000       0.000    
    75600.   12.43409508   12.3583   0.000       0.000     -0.6636E-04   0.000     0.6938E-02-0.6872E-02  0.000      0.000      0.000      0.000       0.000       0.000       0.000       0.000       0.000       0.000    
    79200.   12.51363739   12.3680   0.000       0.000     -0.1274E-03   0.000     0.1011E-01-0.9984E-02  0.000      0.000      0.000      0.000       0.000       0.000       0.000       0.000       0.000       0.000    
    82800.   12.52771434   12.3779   0.000       0.000     -0.1311E-03   0.000     0.9559E-02-0.9428E-02  0.000      0.000      0.000      0.000       0.000       0.000       0.000       0.000       0.000       0.000    
    86400.   12.54217195   12.3882   0.000       0.000     -0.1347E-03   0.000     0.9463E-02-0.9328E-02  0.000      0.000      0.000      0.000       0.000       0.000       0.000       0.000       0.000       0.000    
    90000.   12.62620827   12.4046   0.000       0.000     -0.1939E-03   0.000     0.1180E-01-0.1161E-01  0.000      0.000      0.000      0.000       0.000       0.000       0.000       0.000       0.000       0.000    
    93600.   12.82130844   12.4355   0.000       0.000     -0.3376E-03   0.000     0.1685E-01-0.1651E-01  0.000      0.000      0.000      0.000       0.000       0.000       0.000       0.000       0.000       0.000    
    97200.   12.75137314   12.4575   0.000       0.000     -0.2572E-03   0.000     0.1113E-01-0.1087E-01  0.000      0.000      0.000      0.000       0.000       0.000       0.000       0.000       0.000       0.000    
   100800.   12.59915868   12.4656   0.000       0.000     -0.1169E-03   0.000     0.5862E-02-0.5745E-02  0.000      0.000      0.000      0.000       0.000       0.000       0.000       0.000       0.000       0.000    
   104400.   12.52820736   12.4680   0.000       0.000     -0.5268E-04   0.000     0.5552E-02-0.5500E-02  0.000      0.000      0.000      0.000       0.000       0.000       0.000       0.000       0.000       0.000    
   108000.   12.50602031   12.4689   0.000       0.000     -0.3245E-04   0.000     0.6451E-02-0.6419E-02  0.000      0.000      0.000      0.000       0.000       0.000       0.000       0.000       0.000       0.000    
   111600.   12.47141244   12.4672   0.000       0.000     -0.3696E-05   0.000     0.6137E-02-0.6133E-02  0.000      0.000      0.000      0.000       0.000       0.000       0.000       0.000       0.000       0.000    
   115200.   12.44329224   12.4635   0.000       0.000      0.1766E-04   0.000     0.5984E-02-0.6001E-02  0.000      0.000      0.000      0.000       0.000       0.000       0.000       0.000       0.000       0.000    
   118800.   12.42299896   12.4585   0.000       0.000      0.3108E-04   0.000     0.5992E-02-0.6023E-02  0.000      0.000      0.000      0.000       0.000       0.000       0.000       0.000       0.000       0.000    
   122400.   12.43214238   12.4548   0.000       0.000      0.1982E-04   0.000     0.6840E-02-0.6860E-02  0.000      0.000      0.000      0.000       0.000       0.000       0.000       0.000       0.000       0.000    
   126000.   12.41145649   12.4496   0.000       0.000      0.3338E-04   0.000     0.6227E-02-0.6260E-02  0.000      0.000      0.000      0.000       0.000       0.000       0.000       0.000       0.000       0.000    
   129600.   12.46422075   12.4492   0.000       0.000     -0.1314E-04   0.000     0.8336E-02-0.8323E-02  0.000      0.000      0.000      0.000       0.000       0.000       0.000       0.000       0.000       0.000    
   133200.   12.43773300   12.4464   0.000       0.000      0.7595E-05   0.000     0.6819E-02-0.6827E-02  0.000      0.000      0.000      0.000       0.000       0.000       0.000       0.000       0.000       0.000    
   136800.   12.42838668   12.4431   0.000       0.000      0.1289E-04   0.000     0.6706E-02-0.6719E-02  0.000      0.000      0.000      0.000       0.000       0.000       0.000       0.000       0.000       0.000    
   140400.   12.40547364   12.4382   0.000       0.000      0.2864E-04   0.000     0.6161E-02-0.6190E-02  0.000      0.000      0.000      0.000       0.000       0.000       0.000       0.000       0.000       0.000    
   144000.   12.40106700   12.4334   0.000       0.000      0.2827E-04   0.000     0.6436E-02-0.6464E-02  0.000      0.000      0.000      0.000       0.000       0.000       0.000       0.000       0.000       0.000    
   147600.   12.39910647   12.4288   0.000       0.000      0.2595E-04   0.000     0.6594E-02-0.6620E-02  0.000      0.000      0.000      0.000       0.000       0.000       0.000       0.000       0.000       0.000    
   151200.   12.39805694   12.4244   0.000       0.000      0.2304E-04   0.000     0.6683E-02-0.6706E-02  0.000      0.000      0.000      0.000       0.000       0.000       0.000       0.000       0.000       0.000    
   154800.   12.39738289   12.4203   0.000       0.000      0.2001E-04   0.000     0.6739E-02-0.6759E-02  0.000      0.000      0.000      0.000       0.000       0.000       0.000       0.000       0.000       0.000    
   158400.   12.41093819   12.4175   0.000       0.000      0.5754E-05   0.000     0.7250E-02-0.7256E-02  0.000      0.000      0.000      0.000       0.000       0.000       0.000       0.000       0.000       0.000    
   162000.   12.46948462   12.4197   0.000       0.000     -0.4356E-04   0.000     0.9027E-02-0.8984E-02  0.000      0.000      0.000      0.000       0.000       0.000       0.000       0.000       0.000       0.000    
   165600.   12.46647592   12.4212   0.000       0.000     -0.3962E-04   0.000     0.8026E-02-0.7986E-02  0.000      0.000      0.000      0.000       0.000       0.000       0.000       0.000       0.000       0.000    
   169200.   12.41987205   12.4187   0.000       0.000     -0.1025E-05   0.000     0.6224E-02-0.6223E-02  0.000      0.000      0.000      0.000       0.000       0.000       0.000       0.000       0.000       0.000    
   172800.   12.40586698   12.4154   0.000       0.000      0.8360E-05   0.000     0.6352E-02-0.6361E-02  0.000      0.000      0.000      0.000       0.000       0.000       0.000       0.000       0.000       0.000    
