TOTIM (T)      HCON          HMAT      QDIR      QWELL        QMAT       QCADS      QTUB1      QTUB2      QTUB3      QTUB4      QTUB5      QTUB6       NSTOR        QFIX        QLH     FHLQ (LQ)        CAUCHY   CAUCHY (LQ)
     3600.   12.36082579   12.4171   0.000       0.000      0.4927E-04   0.000     0.2459E-02-0.2508E-02  0.000      0.000      0.000      0.000       0.000       0.000       0.000       0.000       0.000       0.000    
     7200.   12.34684121   12.4160   0.000       0.000      0.6051E-04   0.000     0.2164E-02-0.2224E-02  0.000      0.000      0.000      0.000       0.000       0.000       0.000       0.000       0.000       0.000    
    10800.   12.34432510   12.4148   0.000       0.000      0.6166E-04   0.000     0.2198E-02-0.2260E-02  0.000      0.000      0.000      0.000       0.000       0.000       0.000       0.000       0.000       0.000    
    14400.   12.34314849   12.4136   0.000       0.000      0.6164E-04   0.000     0.2222E-02-0.2284E-02  0.000      0.000      0.000      0.000       0.000       0.000       0.000       0.000       0.000       0.000    
    18000.   12.34240887   12.4124   0.000       0.000      0.6128E-04   0.000     0.2238E-02-0.2299E-02  0.000      0.000      0.000      0.000       0.000       0.000       0.000       0.000       0.000       0.000    
    21600.   12.34186098   12.4113   0.000       0.000      0.6078E-04   0.000     0.2250E-02-0.2310E-02  0.000      0.000      0.000      0.000       0.000       0.000       0.000       0.000       0.000       0.000    
    25200.   12.34140032   12.4102   0.000       0.000      0.6023E-04   0.000     0.2259E-02-0.2320E-02  0.000      0.000      0.000      0.000       0.000       0.000       0.000       0.000       0.000       0.000    
    28800.   12.34100733   12.4092   0.000       0.000      0.5968E-04   0.000     0.2267E-02-0.2327E-02  0.000      0.000      0.000      0.000       0.000       0.000       0.000       0.000       0.000       0.000    
    32400.   12.34062182   12.4082   0.000       0.000      0.5915E-04   0.000     0.2275E-02-0.2334E-02  0.000      0.000      0.000      0.000       0.000       0.000       0.000       0.000       0.000       0.000    
    36000.   12.34023949   12.4073   0.000       0.000      0.5865E-04   0.000     0.2282E-02-0.2340E-02  0.000      0.000      0.000      0.000       0.000       0.000       0.000       0.000       0.000       0.000    
    39600.   12.33985888   12.4063   0.000       0.000      0.5818E-04   0.000     0.2288E-02-0.2346E-02  0.000      0.000      0.000      0.000       0.000       0.000       0.000       0.000       0.000       0.000    
    43200.   12.35351483   12.4066   0.000       0.000      0.4646E-04   0.000     0.2588E-02-0.2634E-02  0.000      0.000      0.000      0.000       0.000       0.000       0.000       0.000       0.000       0.000    
    46800.   12.35568151   12.4070   0.000       0.000      0.4488E-04   0.000     0.2558E-02-0.2603E-02  0.000      0.000      0.000      0.000       0.000       0.000       0.000       0.000       0.000       0.000    
    50400.   12.34245040   12.4062   0.000       0.000      0.5578E-04   0.000     0.2246E-02-0.2301E-02  0.000      0.000      0.000      0.000       0.000       0.000       0.000       0.000       0.000       0.000    
    54000.   12.35433406   12.4065   0.000       0.000      0.4565E-04   0.000     0.2563E-02-0.2608E-02  0.000      0.000      0.000      0.000       0.000       0.000       0.000       0.000       0.000       0.000    
    57600.   12.39109702   12.4098   0.000       0.000      0.1634E-04   0.000     0.3277E-02-0.3294E-02  0.000      0.000      0.000      0.000       0.000       0.000       0.000       0.000       0.000       0.000    
    61200.   12.50384062   12.4219   0.000       0.000     -0.7170E-04   0.000     0.5375E-02-0.5303E-02  0.000      0.000      0.000      0.000       0.000       0.000       0.000       0.000       0.000       0.000    
    64800.   12.49817783   12.4322   0.000       0.000     -0.5776E-04   0.000     0.4459E-02-0.4401E-02  0.000      0.000      0.000      0.000       0.000       0.000       0.000       0.000       0.000       0.000    
    68400.   12.49716769   12.4415   0.000       0.000     -0.4867E-04   0.000     0.4156E-02-0.4108E-02  0.000      0.000      0.000      0.000       0.000       0.000       0.000       0.000       0.000       0.000    
    72000.   12.46539237   12.4476   0.000       0.000     -0.1553E-04   0.000     0.3334E-02-0.3319E-02  0.000      0.000      0.000      0.000       0.000       0.000       0.000       0.000       0.000       0.000    
    75600.   12.43410092   12.4509   0.000       0.000      0.1470E-04   0.000     0.2761E-02-0.2775E-02  0.000      0.000      0.000      0.000       0.000       0.000       0.000       0.000       0.000       0.000    
    79200.   12.51364963   12.4607   0.000       0.000     -0.4637E-04   0.000     0.4583E-02-0.4537E-02  0.000      0.000      0.000      0.000       0.000       0.000       0.000       0.000       0.000       0.000    
    82800.   12.52772537   12.4706   0.000       0.000     -0.5001E-04   0.000     0.4402E-02-0.4352E-02  0.000      0.000      0.000      0.000       0.000       0.000       0.000       0.000       0.000       0.000    
    86400.   12.54218279   12.4809   0.000       0.000     -0.5366E-04   0.000     0.4411E-02-0.4358E-02  0.000      0.000      0.000      0.000       0.000       0.000       0.000       0.000       0.000       0.000    
    90000.   12.62622508   12.4973   0.000       0.000     -0.1128E-03   0.000     0.5908E-02-0.5795E-02  0.000      0.000      0.000      0.000       0.000       0.000       0.000       0.000       0.000       0.000    
    93600.   12.82134996   12.5282   0.000       0.000     -0.2565E-03   0.000     0.9290E-02-0.9034E-02  0.000      0.000      0.000      0.000       0.000       0.000       0.000       0.000       0.000       0.000    
    97200.   12.75139175   12.5502   0.000       0.000     -0.1760E-03   0.000     0.6303E-02-0.6127E-02  0.000      0.000      0.000      0.000       0.000       0.000       0.000       0.000       0.000       0.000    
   100800.   12.59916273   12.5583   0.000       0.000     -0.3574E-04   0.000     0.2901E-02-0.2865E-02  0.000      0.000      0.000      0.000       0.000       0.000       0.000       0.000       0.000       0.000    
   104400.   12.52821026   12.5608   0.000       0.000      0.2849E-04   0.000     0.2124E-02-0.2153E-02  0.000      0.000      0.000      0.000       0.000       0.000       0.000       0.000       0.000       0.000    
   108000.   12.50602403   12.5617   0.000       0.000      0.4875E-04   0.000     0.2233E-02-0.2282E-02  0.000      0.000      0.000      0.000       0.000       0.000       0.000       0.000       0.000       0.000    
   111600.   12.47141575   12.5600   0.000       0.000      0.7753E-04   0.000     0.1800E-02-0.1877E-02  0.000      0.000      0.000      0.000       0.000       0.000       0.000       0.000       0.000       0.000    
   115200.   12.44329534   12.5563   0.000       0.000      0.9891E-04   0.000     0.1514E-02-0.1613E-02  0.000      0.000      0.000      0.000       0.000       0.000       0.000       0.000       0.000       0.000    
   118800.   12.42300204   12.5514   0.000       0.000      0.1124E-03   0.000     0.1372E-02-0.1484E-02  0.000      0.000      0.000      0.000       0.000       0.000       0.000       0.000       0.000       0.000    
   122400.   12.43214634   12.5477   0.000       0.000      0.1011E-03   0.000     0.1802E-02-0.1903E-02  0.000      0.000      0.000      0.000       0.000       0.000       0.000       0.000       0.000       0.000    
   126000.   12.41145978   12.5426   0.000       0.000      0.1147E-03   0.000     0.1426E-02-0.1540E-02  0.000      0.000      0.000      0.000       0.000       0.000       0.000       0.000       0.000       0.000    
   129600.   12.46422803   12.5422   0.000       0.000      0.6823E-04   0.000     0.2702E-02-0.2770E-02  0.000      0.000      0.000      0.000       0.000       0.000       0.000       0.000       0.000       0.000    
   133200.   12.43773793   12.5394   0.000       0.000      0.8900E-04   0.000     0.1911E-02-0.2000E-02  0.000      0.000      0.000      0.000       0.000       0.000       0.000       0.000       0.000       0.000    
   136800.   12.42839143   12.5362   0.000       0.000      0.9432E-04   0.000     0.1822E-02-0.1916E-02  0.000      0.000      0.000      0.000       0.000       0.000       0.000       0.000       0.000       0.000    
   140400.   12.40547765   12.5313   0.000       0.000      0.1101E-03   0.000     0.1453E-02-0.1563E-02  0.000      0.000      0.000      0.000       0.000       0.000       0.000       0.000       0.000       0.000    
   144000.   12.40107136   12.5265   0.000       0.000      0.1098E-03   0.000     0.1559E-02-0.1669E-02  0.000      0.000      0.000      0.000       0.000       0.000       0.000       0.000       0.000       0.000    
   147600.   12.39911104   12.5219   0.000       0.000      0.1075E-03   0.000     0.1640E-02-0.1747E-02  0.000      0.000      0.000      0.000       0.000       0.000       0.000       0.000       0.000       0.000    
   151200.   12.39806163   12.5176   0.000       0.000      0.1046E-03   0.000     0.1702E-02-0.1806E-02  0.000      0.000      0.000      0.000       0.000       0.000       0.000       0.000       0.000       0.000    
   154800.   12.39738767   12.5135   0.000       0.000      0.1016E-03   0.000     0.1754E-02-0.1855E-02  0.000      0.000      0.000      0.000       0.000       0.000       0.000       0.000       0.000       0.000    
   158400.   12.41094373   12.5108   0.000       0.000      0.8734E-04   0.000     0.2093E-02-0.2181E-02  0.000      0.000      0.000      0.000       0.000       0.000       0.000       0.000       0.000       0.000    
   162000.   12.46949320   12.5130   0.000       0.000      0.3804E-04   0.000     0.3272E-02-0.3310E-02  0.000      0.000      0.000      0.000       0.000       0.000       0.000       0.000       0.000       0.000    
   165600.   12.46648279   12.5145   0.000       0.000      0.4200E-04   0.000     0.2853E-02-0.2895E-02  0.000      0.000      0.000      0.000       0.000       0.000       0.000       0.000       0.000       0.000    
   169200.   12.41987622   12.5120   0.000       0.000      0.8062E-04   0.000     0.1784E-02-0.1864E-02  0.000      0.000      0.000      0.000       0.000       0.000       0.000       0.000       0.000       0.000    
   172800.   12.40587129   12.5088   0.000       0.000      0.9002E-04   0.000     0.1739E-02-0.1829E-02  0.000      0.000      0.000      0.000       0.000       0.000       0.000       0.000       0.000       0.000    
