TOTIM (T)      HCON          HMAT      QDIR      QWELL        QMAT       QCADS      QTUB1      QTUB2      QTUB3      QTUB4      QTUB5      QTUB6       NSTOR        QFIX        QLH     FHLQ (LQ)        CAUCHY   CAUCHY (LQ)
     3600.   12.36082612   12.4060   0.000       0.000      0.3951E-04   0.000     0.1911E-02-0.1950E-02  0.000      0.000      0.000      0.000       0.000       0.000       0.000       0.000       0.000       0.000    
     7200.   12.34684152   12.4048   0.000       0.000      0.5075E-04   0.000     0.1654E-02-0.1704E-02  0.000      0.000      0.000      0.000       0.000       0.000       0.000       0.000       0.000       0.000    
    10800.   12.34432541   12.4036   0.000       0.000      0.5190E-04   0.000     0.1670E-02-0.1721E-02  0.000      0.000      0.000      0.000       0.000       0.000       0.000       0.000       0.000       0.000    
    14400.   12.34314880   12.4024   0.000       0.000      0.5188E-04   0.000     0.1690E-02-0.1742E-02  0.000      0.000      0.000      0.000       0.000       0.000       0.000       0.000       0.000       0.000    
    18000.   12.34240919   12.4013   0.000       0.000      0.5151E-04   0.000     0.1705E-02-0.1757E-02  0.000      0.000      0.000      0.000       0.000       0.000       0.000       0.000       0.000       0.000    
    21600.   12.34186130   12.4002   0.000       0.000      0.5101E-04   0.000     0.1717E-02-0.1768E-02  0.000      0.000      0.000      0.000       0.000       0.000       0.000       0.000       0.000       0.000    
    25200.   12.34140064   12.3991   0.000       0.000      0.5047E-04   0.000     0.1726E-02-0.1777E-02  0.000      0.000      0.000      0.000       0.000       0.000       0.000       0.000       0.000       0.000    
    28800.   12.34100765   12.3981   0.000       0.000      0.4991E-04   0.000     0.1734E-02-0.1784E-02  0.000      0.000      0.000      0.000       0.000       0.000       0.000       0.000       0.000       0.000    
    32400.   12.34062213   12.3971   0.000       0.000      0.4938E-04   0.000     0.1742E-02-0.1791E-02  0.000      0.000      0.000      0.000       0.000       0.000       0.000       0.000       0.000       0.000    
    36000.   12.34023981   12.3961   0.000       0.000      0.4888E-04   0.000     0.1749E-02-0.1798E-02  0.000      0.000      0.000      0.000       0.000       0.000       0.000       0.000       0.000       0.000    
    39600.   12.33985920   12.3952   0.000       0.000      0.4841E-04   0.000     0.1756E-02-0.1804E-02  0.000      0.000      0.000      0.000       0.000       0.000       0.000       0.000       0.000       0.000    
    43200.   12.35351517   12.3955   0.000       0.000      0.3669E-04   0.000     0.2018E-02-0.2055E-02  0.000      0.000      0.000      0.000       0.000       0.000       0.000       0.000       0.000       0.000    
    46800.   12.35568185   12.3958   0.000       0.000      0.3511E-04   0.000     0.2008E-02-0.2043E-02  0.000      0.000      0.000      0.000       0.000       0.000       0.000       0.000       0.000       0.000    
    50400.   12.34245072   12.3950   0.000       0.000      0.4602E-04   0.000     0.1736E-02-0.1782E-02  0.000      0.000      0.000      0.000       0.000       0.000       0.000       0.000       0.000       0.000    
    54000.   12.35433440   12.3953   0.000       0.000      0.3589E-04   0.000     0.1998E-02-0.2034E-02  0.000      0.000      0.000      0.000       0.000       0.000       0.000       0.000       0.000       0.000    
    57600.   12.39109742   12.3986   0.000       0.000      0.6578E-05   0.000     0.2635E-02-0.2641E-02  0.000      0.000      0.000      0.000       0.000       0.000       0.000       0.000       0.000       0.000    
    61200.   12.50384120   12.4107   0.000       0.000     -0.8146E-04   0.000     0.4498E-02-0.4416E-02  0.000      0.000      0.000      0.000       0.000       0.000       0.000       0.000       0.000       0.000    
    64800.   12.49817833   12.4210   0.000       0.000     -0.6752E-04   0.000     0.3805E-02-0.3737E-02  0.000      0.000      0.000      0.000       0.000       0.000       0.000       0.000       0.000       0.000    
    68400.   12.49716815   12.4304   0.000       0.000     -0.5843E-04   0.000     0.3509E-02-0.3451E-02  0.000      0.000      0.000      0.000       0.000       0.000       0.000       0.000       0.000       0.000    
    72000.   12.46539276   12.4365   0.000       0.000     -0.2529E-04   0.000     0.2776E-02-0.2751E-02  0.000      0.000      0.000      0.000       0.000       0.000       0.000       0.000       0.000       0.000    
    75600.   12.43410126   12.4397   0.000       0.000      0.4942E-05   0.000     0.2232E-02-0.2237E-02  0.000      0.000      0.000      0.000       0.000       0.000       0.000       0.000       0.000       0.000    
    79200.   12.51365012   12.4495   0.000       0.000     -0.5613E-04   0.000     0.3783E-02-0.3726E-02  0.000      0.000      0.000      0.000       0.000       0.000       0.000       0.000       0.000       0.000    
    82800.   12.52772586   12.4594   0.000       0.000     -0.5977E-04   0.000     0.3703E-02-0.3643E-02  0.000      0.000      0.000      0.000       0.000       0.000       0.000       0.000       0.000       0.000    
    86400.   12.54218328   12.4697   0.000       0.000     -0.6342E-04   0.000     0.3706E-02-0.3642E-02  0.000      0.000      0.000      0.000       0.000       0.000       0.000       0.000       0.000       0.000    
    90000.   12.62622568   12.4861   0.000       0.000     -0.1226E-03   0.000     0.5007E-02-0.4885E-02  0.000      0.000      0.000      0.000       0.000       0.000       0.000       0.000       0.000       0.000    
    93600.   12.82134906   12.5170   0.000       0.000     -0.2663E-03   0.000     0.8023E-02-0.7756E-02  0.000      0.000      0.000      0.000       0.000       0.000       0.000       0.000       0.000       0.000    
    97200.   12.75139171   12.5390   0.000       0.000     -0.1858E-03   0.000     0.5587E-02-0.5401E-02  0.000      0.000      0.000      0.000       0.000       0.000       0.000       0.000       0.000       0.000    
   100800.   12.59916263   12.5472   0.000       0.000     -0.4550E-04   0.000     0.2494E-02-0.2448E-02  0.000      0.000      0.000      0.000       0.000       0.000       0.000       0.000       0.000       0.000    
   104400.   12.52821051   12.5496   0.000       0.000      0.1873E-04   0.000     0.1636E-02-0.1655E-02  0.000      0.000      0.000      0.000       0.000       0.000       0.000       0.000       0.000       0.000    
   108000.   12.50602431   12.5506   0.000       0.000      0.3899E-04   0.000     0.1662E-02-0.1701E-02  0.000      0.000      0.000      0.000       0.000       0.000       0.000       0.000       0.000       0.000    
   111600.   12.47141601   12.5489   0.000       0.000      0.6778E-04   0.000     0.1267E-02-0.1335E-02  0.000      0.000      0.000      0.000       0.000       0.000       0.000       0.000       0.000       0.000    
   115200.   12.44329559   12.5452   0.000       0.000      0.8916E-04   0.000     0.9844E-03-0.1074E-02  0.000      0.000      0.000      0.000       0.000       0.000       0.000       0.000       0.000       0.000    
   118800.   12.42300228   12.5403   0.000       0.000      0.1026E-03   0.000     0.8360E-03-0.9386E-03  0.000      0.000      0.000      0.000       0.000       0.000       0.000       0.000       0.000       0.000    
   122400.   12.43214662   12.5366   0.000       0.000      0.9138E-04   0.000     0.1196E-02-0.1288E-02  0.000      0.000      0.000      0.000       0.000       0.000       0.000       0.000       0.000       0.000    
   126000.   12.41146003   12.5314   0.000       0.000      0.1050E-03   0.000     0.8841E-03-0.9891E-03  0.000      0.000      0.000      0.000       0.000       0.000       0.000       0.000       0.000       0.000    
   129600.   12.46422839   12.5311   0.000       0.000      0.5848E-04   0.000     0.1978E-02-0.2036E-02  0.000      0.000      0.000      0.000       0.000       0.000       0.000       0.000       0.000       0.000    
   133200.   12.43773822   12.5283   0.000       0.000      0.7925E-04   0.000     0.1349E-02-0.1428E-02  0.000      0.000      0.000      0.000       0.000       0.000       0.000       0.000       0.000       0.000    
   136800.   12.42839171   12.5250   0.000       0.000      0.8457E-04   0.000     0.1239E-02-0.1324E-02  0.000      0.000      0.000      0.000       0.000       0.000       0.000       0.000       0.000       0.000    
   140400.   12.40547790   12.5202   0.000       0.000      0.1004E-03   0.000     0.9119E-03-0.1012E-02  0.000      0.000      0.000      0.000       0.000       0.000       0.000       0.000       0.000       0.000    
   144000.   12.40107161   12.5154   0.000       0.000      0.1000E-03   0.000     0.9868E-03-0.1087E-02  0.000      0.000      0.000      0.000       0.000       0.000       0.000       0.000       0.000       0.000    
   147600.   12.39911130   12.5108   0.000       0.000      0.9772E-04   0.000     0.1061E-02-0.1159E-02  0.000      0.000      0.000      0.000       0.000       0.000       0.000       0.000       0.000       0.000    
   151200.   12.39806190   12.5064   0.000       0.000      0.9484E-04   0.000     0.1121E-02-0.1215E-02  0.000      0.000      0.000      0.000       0.000       0.000       0.000       0.000       0.000       0.000    
   154800.   12.39738795   12.5023   0.000       0.000      0.9184E-04   0.000     0.1172E-02-0.1264E-02  0.000      0.000      0.000      0.000       0.000       0.000       0.000       0.000       0.000       0.000    
   158400.   12.41094403   12.4996   0.000       0.000      0.7760E-04   0.000     0.1474E-02-0.1551E-02  0.000      0.000      0.000      0.000       0.000       0.000       0.000       0.000       0.000       0.000    
   162000.   12.46949360   12.5018   0.000       0.000      0.2831E-04   0.000     0.2521E-02-0.2549E-02  0.000      0.000      0.000      0.000       0.000       0.000       0.000       0.000       0.000       0.000    
   165600.   12.46648316   12.5034   0.000       0.000      0.3227E-04   0.000     0.2218E-02-0.2250E-02  0.000      0.000      0.000      0.000       0.000       0.000       0.000       0.000       0.000       0.000    
   169200.   12.41987649   12.5009   0.000       0.000      0.7089E-04   0.000     0.1277E-02-0.1348E-02  0.000      0.000      0.000      0.000       0.000       0.000       0.000       0.000       0.000       0.000    
   172800.   12.40587156   12.4976   0.000       0.000      0.8030E-04   0.000     0.1190E-02-0.1271E-02  0.000      0.000      0.000      0.000       0.000       0.000       0.000       0.000       0.000       0.000    
