TOTIM (T)      HCON          HMAT      QDIR      QWELL        QMAT       QCADS      QTUB1      QTUB2      QTUB3      QTUB4      QTUB5      QTUB6       NSTOR        QFIX        QLH     FHLQ (LQ)        CAUCHY   CAUCHY (LQ)
     3600.   12.36082592   12.3924   0.000       0.000      0.2764E-04   0.000     0.2057E-02-0.2085E-02  0.000      0.000      0.000      0.000       0.000       0.000       0.000       0.000       0.000       0.000    
     7200.   12.34684134   12.3913   0.000       0.000      0.3888E-04   0.000     0.1845E-02-0.1884E-02  0.000      0.000      0.000      0.000       0.000       0.000       0.000       0.000       0.000       0.000    
    10800.   12.34432523   12.3901   0.000       0.000      0.4003E-04   0.000     0.1865E-02-0.1905E-02  0.000      0.000      0.000      0.000       0.000       0.000       0.000       0.000       0.000       0.000    
    14400.   12.34314862   12.3889   0.000       0.000      0.4002E-04   0.000     0.1886E-02-0.1926E-02  0.000      0.000      0.000      0.000       0.000       0.000       0.000       0.000       0.000       0.000    
    18000.   12.34240901   12.3877   0.000       0.000      0.3965E-04   0.000     0.1899E-02-0.1939E-02  0.000      0.000      0.000      0.000       0.000       0.000       0.000       0.000       0.000       0.000    
    21600.   12.34186111   12.3866   0.000       0.000      0.3915E-04   0.000     0.1909E-02-0.1948E-02  0.000      0.000      0.000      0.000       0.000       0.000       0.000       0.000       0.000       0.000    
    25200.   12.34140045   12.3855   0.000       0.000      0.3861E-04   0.000     0.1916E-02-0.1955E-02  0.000      0.000      0.000      0.000       0.000       0.000       0.000       0.000       0.000       0.000    
    28800.   12.34100747   12.3845   0.000       0.000      0.3805E-04   0.000     0.1922E-02-0.1960E-02  0.000      0.000      0.000      0.000       0.000       0.000       0.000       0.000       0.000       0.000    
    32400.   12.34062195   12.3835   0.000       0.000      0.3752E-04   0.000     0.1928E-02-0.1965E-02  0.000      0.000      0.000      0.000       0.000       0.000       0.000       0.000       0.000       0.000    
    36000.   12.34023963   12.3825   0.000       0.000      0.3702E-04   0.000     0.1933E-02-0.1970E-02  0.000      0.000      0.000      0.000       0.000       0.000       0.000       0.000       0.000       0.000    
    39600.   12.33985901   12.3816   0.000       0.000      0.3654E-04   0.000     0.1937E-02-0.1974E-02  0.000      0.000      0.000      0.000       0.000       0.000       0.000       0.000       0.000       0.000    
    43200.   12.35351496   12.3819   0.000       0.000      0.2482E-04   0.000     0.2153E-02-0.2178E-02  0.000      0.000      0.000      0.000       0.000       0.000       0.000       0.000       0.000       0.000    
    46800.   12.35568164   12.3822   0.000       0.000      0.2324E-04   0.000     0.2136E-02-0.2160E-02  0.000      0.000      0.000      0.000       0.000       0.000       0.000       0.000       0.000       0.000    
    50400.   12.34245053   12.3815   0.000       0.000      0.3414E-04   0.000     0.1908E-02-0.1942E-02  0.000      0.000      0.000      0.000       0.000       0.000       0.000       0.000       0.000       0.000    
    54000.   12.35433419   12.3818   0.000       0.000      0.2402E-04   0.000     0.2130E-02-0.2154E-02  0.000      0.000      0.000      0.000       0.000       0.000       0.000       0.000       0.000       0.000    
    57600.   12.39109716   12.3850   0.000       0.000     -0.5296E-05   0.000     0.2649E-02-0.2644E-02  0.000      0.000      0.000      0.000       0.000       0.000       0.000       0.000       0.000       0.000    
    61200.   12.50384078   12.3972   0.000       0.000     -0.9333E-04   0.000     0.4160E-02-0.4067E-02  0.000      0.000      0.000      0.000       0.000       0.000       0.000       0.000       0.000       0.000    
    64800.   12.49817797   12.4074   0.000       0.000     -0.7940E-04   0.000     0.3523E-02-0.3443E-02  0.000      0.000      0.000      0.000       0.000       0.000       0.000       0.000       0.000       0.000    
    68400.   12.49716782   12.4168   0.000       0.000     -0.7031E-04   0.000     0.3264E-02-0.3193E-02  0.000      0.000      0.000      0.000       0.000       0.000       0.000       0.000       0.000       0.000    
    72000.   12.46539249   12.4229   0.000       0.000     -0.3716E-04   0.000     0.2663E-02-0.2626E-02  0.000      0.000      0.000      0.000       0.000       0.000       0.000       0.000       0.000       0.000    
    75600.   12.43410104   12.4262   0.000       0.000     -0.6931E-05   0.000     0.2240E-02-0.2233E-02  0.000      0.000      0.000      0.000       0.000       0.000       0.000       0.000       0.000       0.000    
    79200.   12.51364976   12.4359   0.000       0.000     -0.6800E-04   0.000     0.3546E-02-0.3478E-02  0.000      0.000      0.000      0.000       0.000       0.000       0.000       0.000       0.000       0.000    
    82800.   12.52772551   12.4459   0.000       0.000     -0.7164E-04   0.000     0.3452E-02-0.3381E-02  0.000      0.000      0.000      0.000       0.000       0.000       0.000       0.000       0.000       0.000    
    86400.   12.54218293   12.4561   0.000       0.000     -0.7528E-04   0.000     0.3440E-02-0.3365E-02  0.000      0.000      0.000      0.000       0.000       0.000       0.000       0.000       0.000       0.000    
    90000.   12.62622522   12.4726   0.000       0.000     -0.1345E-03   0.000     0.4505E-02-0.4371E-02  0.000      0.000      0.000      0.000       0.000       0.000       0.000       0.000       0.000       0.000    
    93600.   12.82134386   12.5035   0.000       0.000     -0.2781E-03   0.000     0.6946E-02-0.6667E-02  0.000      0.000      0.000      0.000       0.000       0.000       0.000       0.000       0.000       0.000    
    97200.   12.75138915   12.5255   0.000       0.000     -0.1977E-03   0.000     0.4832E-02-0.4634E-02  0.000      0.000      0.000      0.000       0.000       0.000       0.000       0.000       0.000       0.000    
   100800.   12.59916232   12.5336   0.000       0.000     -0.5734E-04   0.000     0.2300E-02-0.2243E-02  0.000      0.000      0.000      0.000       0.000       0.000       0.000       0.000       0.000       0.000    
   104400.   12.52821035   12.5361   0.000       0.000      0.6912E-05   0.000     0.1699E-02-0.1706E-02  0.000      0.000      0.000      0.000       0.000       0.000       0.000       0.000       0.000       0.000    
   108000.   12.50602414   12.5371   0.000       0.000      0.2719E-04   0.000     0.1806E-02-0.1833E-02  0.000      0.000      0.000      0.000       0.000       0.000       0.000       0.000       0.000       0.000    
   111600.   12.47141587   12.5354   0.000       0.000      0.5598E-04   0.000     0.1527E-02-0.1583E-02  0.000      0.000      0.000      0.000       0.000       0.000       0.000       0.000       0.000       0.000    
   115200.   12.44329547   12.5317   0.000       0.000      0.7738E-04   0.000     0.1329E-02-0.1407E-02  0.000      0.000      0.000      0.000       0.000       0.000       0.000       0.000       0.000       0.000    
   118800.   12.42300217   12.5268   0.000       0.000      0.9085E-04   0.000     0.1235E-02-0.1326E-02  0.000      0.000      0.000      0.000       0.000       0.000       0.000       0.000       0.000       0.000    
   122400.   12.43214648   12.5232   0.000       0.000      0.7964E-04   0.000     0.1550E-02-0.1630E-02  0.000      0.000      0.000      0.000       0.000       0.000       0.000       0.000       0.000       0.000    
   126000.   12.41145992   12.5180   0.000       0.000      0.9324E-04   0.000     0.1292E-02-0.1386E-02  0.000      0.000      0.000      0.000       0.000       0.000       0.000       0.000       0.000       0.000    
   129600.   12.46422818   12.5177   0.000       0.000      0.4676E-04   0.000     0.2200E-02-0.2247E-02  0.000      0.000      0.000      0.000       0.000       0.000       0.000       0.000       0.000       0.000    
   133200.   12.43773806   12.5149   0.000       0.000      0.6755E-04   0.000     0.1654E-02-0.1721E-02  0.000      0.000      0.000      0.000       0.000       0.000       0.000       0.000       0.000       0.000    
   136800.   12.42839157   12.5117   0.000       0.000      0.7288E-04   0.000     0.1566E-02-0.1639E-02  0.000      0.000      0.000      0.000       0.000       0.000       0.000       0.000       0.000       0.000    
   140400.   12.40547778   12.5068   0.000       0.000      0.8868E-04   0.000     0.1302E-02-0.1390E-02  0.000      0.000      0.000      0.000       0.000       0.000       0.000       0.000       0.000       0.000    
   144000.   12.40107149   12.5021   0.000       0.000      0.8836E-04   0.000     0.1375E-02-0.1464E-02  0.000      0.000      0.000      0.000       0.000       0.000       0.000       0.000       0.000       0.000    
   147600.   12.39911118   12.4975   0.000       0.000      0.8607E-04   0.000     0.1440E-02-0.1526E-02  0.000      0.000      0.000      0.000       0.000       0.000       0.000       0.000       0.000       0.000    
   151200.   12.39806177   12.4931   0.000       0.000      0.8320E-04   0.000     0.1488E-02-0.1571E-02  0.000      0.000      0.000      0.000       0.000       0.000       0.000       0.000       0.000       0.000    
   154800.   12.39738781   12.4891   0.000       0.000      0.8021E-04   0.000     0.1528E-02-0.1608E-02  0.000      0.000      0.000      0.000       0.000       0.000       0.000       0.000       0.000       0.000    
   158400.   12.41094387   12.4864   0.000       0.000      0.6599E-04   0.000     0.1773E-02-0.1839E-02  0.000      0.000      0.000      0.000       0.000       0.000       0.000       0.000       0.000       0.000    
   162000.   12.46949335   12.4886   0.000       0.000      0.1670E-04   0.000     0.2622E-02-0.2639E-02  0.000      0.000      0.000      0.000       0.000       0.000       0.000       0.000       0.000       0.000    
   165600.   12.46648293   12.4901   0.000       0.000      0.2067E-04   0.000     0.2335E-02-0.2356E-02  0.000      0.000      0.000      0.000       0.000       0.000       0.000       0.000       0.000       0.000    
   169200.   12.41987635   12.4876   0.000       0.000      0.5930E-04   0.000     0.1549E-02-0.1608E-02  0.000      0.000      0.000      0.000       0.000       0.000       0.000       0.000       0.000       0.000    
   172800.   12.40587142   12.4844   0.000       0.000      0.6871E-04   0.000     0.1500E-02-0.1569E-02  0.000      0.000      0.000      0.000       0.000       0.000       0.000       0.000       0.000       0.000    
