TOTIM (T)      HCON          HMAT      QDIR      QWELL        QMAT       QCADS      QTUB1      QTUB2      QTUB3      QTUB4      QTUB5      QTUB6       NSTOR        QFIX        QLH     FHLQ (LQ)        CAUCHY   CAUCHY (LQ)
     3600.   12.36082611   12.4260   0.000       0.000      0.5704E-04   0.000     0.1800E-02-0.1857E-02  0.000      0.000      0.000      0.000       0.000       0.000       0.000       0.000       0.000       0.000    
     7200.   12.34684147   12.4249   0.000       0.000      0.6828E-04   0.000     0.1427E-02-0.1495E-02  0.000      0.000      0.000      0.000       0.000       0.000       0.000       0.000       0.000       0.000    
    10800.   12.34432537   12.4237   0.000       0.000      0.6942E-04   0.000     0.1452E-02-0.1521E-02  0.000      0.000      0.000      0.000       0.000       0.000       0.000       0.000       0.000       0.000    
    14400.   12.34314876   12.4225   0.000       0.000      0.6941E-04   0.000     0.1475E-02-0.1544E-02  0.000      0.000      0.000      0.000       0.000       0.000       0.000       0.000       0.000       0.000    
    18000.   12.34240915   12.4213   0.000       0.000      0.6904E-04   0.000     0.1493E-02-0.1562E-02  0.000      0.000      0.000      0.000       0.000       0.000       0.000       0.000       0.000       0.000    
    21600.   12.34186126   12.4202   0.000       0.000      0.6854E-04   0.000     0.1509E-02-0.1577E-02  0.000      0.000      0.000      0.000       0.000       0.000       0.000       0.000       0.000       0.000    
    25200.   12.34140060   12.4191   0.000       0.000      0.6800E-04   0.000     0.1522E-02-0.1590E-02  0.000      0.000      0.000      0.000       0.000       0.000       0.000       0.000       0.000       0.000    
    28800.   12.34100761   12.4181   0.000       0.000      0.6744E-04   0.000     0.1534E-02-0.1602E-02  0.000      0.000      0.000      0.000       0.000       0.000       0.000       0.000       0.000       0.000    
    32400.   12.34062210   12.4171   0.000       0.000      0.6691E-04   0.000     0.1545E-02-0.1612E-02  0.000      0.000      0.000      0.000       0.000       0.000       0.000       0.000       0.000       0.000    
    36000.   12.34023978   12.4161   0.000       0.000      0.6641E-04   0.000     0.1556E-02-0.1622E-02  0.000      0.000      0.000      0.000       0.000       0.000       0.000       0.000       0.000       0.000    
    39600.   12.33985916   12.4152   0.000       0.000      0.6594E-04   0.000     0.1565E-02-0.1631E-02  0.000      0.000      0.000      0.000       0.000       0.000       0.000       0.000       0.000       0.000    
    43200.   12.35351517   12.4155   0.000       0.000      0.5422E-04   0.000     0.1947E-02-0.2001E-02  0.000      0.000      0.000      0.000       0.000       0.000       0.000       0.000       0.000       0.000    
    46800.   12.35568185   12.4158   0.000       0.000      0.5263E-04   0.000     0.1930E-02-0.1983E-02  0.000      0.000      0.000      0.000       0.000       0.000       0.000       0.000       0.000       0.000    
    50400.   12.34245068   12.4151   0.000       0.000      0.6353E-04   0.000     0.1543E-02-0.1606E-02  0.000      0.000      0.000      0.000       0.000       0.000       0.000       0.000       0.000       0.000    
    54000.   12.35433440   12.4154   0.000       0.000      0.5340E-04   0.000     0.1929E-02-0.1982E-02  0.000      0.000      0.000      0.000       0.000       0.000       0.000       0.000       0.000       0.000    
    57600.   12.39109751   12.4186   0.000       0.000      0.2409E-04   0.000     0.2848E-02-0.2872E-02  0.000      0.000      0.000      0.000       0.000       0.000       0.000       0.000       0.000       0.000    
    61200.   12.50384155   12.4308   0.000       0.000     -0.6394E-04   0.000     0.5563E-02-0.5499E-02  0.000      0.000      0.000      0.000       0.000       0.000       0.000       0.000       0.000       0.000    
    64800.   12.49817859   12.4410   0.000       0.000     -0.5001E-04   0.000     0.4565E-02-0.4515E-02  0.000      0.000      0.000      0.000       0.000       0.000       0.000       0.000       0.000       0.000    
    68400.   12.49716839   12.4504   0.000       0.000     -0.4092E-04   0.000     0.4201E-02-0.4160E-02  0.000      0.000      0.000      0.000       0.000       0.000       0.000       0.000       0.000       0.000    
    72000.   12.46539289   12.4565   0.000       0.000     -0.7772E-05   0.000     0.3147E-02-0.3139E-02  0.000      0.000      0.000      0.000       0.000       0.000       0.000       0.000       0.000       0.000    
    75600.   12.43410132   12.4598   0.000       0.000      0.2246E-04   0.000     0.2358E-02-0.2380E-02  0.000      0.000      0.000      0.000       0.000       0.000       0.000       0.000       0.000       0.000    
    79200.   12.51365040   12.4695   0.000       0.000     -0.3860E-04   0.000     0.4599E-02-0.4560E-02  0.000      0.000      0.000      0.000       0.000       0.000       0.000       0.000       0.000       0.000    
    82800.   12.52772611   12.4794   0.000       0.000     -0.4224E-04   0.000     0.4451E-02-0.4409E-02  0.000      0.000      0.000      0.000       0.000       0.000       0.000       0.000       0.000       0.000    
    86400.   12.54218354   12.4897   0.000       0.000     -0.4588E-04   0.000     0.4488E-02-0.4442E-02  0.000      0.000      0.000      0.000       0.000       0.000       0.000       0.000       0.000       0.000    
    90000.   12.62622614   12.5062   0.000       0.000     -0.1051E-03   0.000     0.6397E-02-0.6292E-02  0.000      0.000      0.000      0.000       0.000       0.000       0.000       0.000       0.000       0.000    
    93600.   12.82136673   12.5371   0.000       0.000     -0.2488E-03   0.000     0.1079E-01-0.1054E-01  0.000      0.000      0.000      0.000       0.000       0.000       0.000       0.000       0.000       0.000    
    97200.   12.75139930   12.5591   0.000       0.000     -0.1682E-03   0.000     0.7266E-02-0.7098E-02  0.000      0.000      0.000      0.000       0.000       0.000       0.000       0.000       0.000       0.000    
   100800.   12.59916383   12.5673   0.000       0.000     -0.2792E-04   0.000     0.2881E-02-0.2853E-02  0.000      0.000      0.000      0.000       0.000       0.000       0.000       0.000       0.000       0.000    
   104400.   12.52821054   12.5697   0.000       0.000      0.3633E-04   0.000     0.1634E-02-0.1670E-02  0.000      0.000      0.000      0.000       0.000       0.000       0.000       0.000       0.000       0.000    
   108000.   12.50602431   12.5707   0.000       0.000      0.5661E-04   0.000     0.1586E-02-0.1642E-02  0.000      0.000      0.000      0.000       0.000       0.000       0.000       0.000       0.000       0.000    
   111600.   12.47141594   12.5690   0.000       0.000      0.8541E-04   0.000     0.9449E-03-0.1030E-02  0.000      0.000      0.000      0.000       0.000       0.000       0.000       0.000       0.000       0.000    
   115200.   12.44329546   12.5654   0.000       0.000      0.1068E-03   0.000     0.5033E-03-0.6101E-03  0.000      0.000      0.000      0.000       0.000       0.000       0.000       0.000       0.000       0.000    
   118800.   12.42300212   12.5605   0.000       0.000      0.1203E-03   0.000     0.2623E-03-0.3826E-03  0.000      0.000      0.000      0.000       0.000       0.000       0.000       0.000       0.000       0.000    
   122400.   12.43214651   12.5568   0.000       0.000      0.1091E-03   0.000     0.7675E-03-0.8766E-03  0.000      0.000      0.000      0.000       0.000       0.000       0.000       0.000       0.000       0.000    
   126000.   12.41145987   12.5517   0.000       0.000      0.1227E-03   0.000     0.2975E-03-0.4202E-03  0.000      0.000      0.000      0.000       0.000       0.000       0.000       0.000       0.000       0.000    
   129600.   12.46422838   12.5513   0.000       0.000      0.7622E-04   0.000     0.1895E-02-0.1972E-02  0.000      0.000      0.000      0.000       0.000       0.000       0.000       0.000       0.000       0.000    
   133200.   12.43773812   12.5486   0.000       0.000      0.9701E-04   0.000     0.9674E-03-0.1064E-02  0.000      0.000      0.000      0.000       0.000       0.000       0.000       0.000       0.000       0.000    
   136800.   12.42839161   12.5454   0.000       0.000      0.1024E-03   0.000     0.8393E-03-0.9416E-03  0.000      0.000      0.000      0.000       0.000       0.000       0.000       0.000       0.000       0.000    
   140400.   12.40547775   12.5405   0.000       0.000      0.1182E-03   0.000     0.3592E-03-0.4774E-03  0.000      0.000      0.000      0.000       0.000       0.000       0.000       0.000       0.000       0.000    
   144000.   12.40107147   12.5357   0.000       0.000      0.1178E-03   0.000     0.4655E-03-0.5833E-03  0.000      0.000      0.000      0.000       0.000       0.000       0.000       0.000       0.000       0.000    
   147600.   12.39911117   12.5312   0.000       0.000      0.1156E-03   0.000     0.5614E-03-0.6770E-03  0.000      0.000      0.000      0.000       0.000       0.000       0.000       0.000       0.000       0.000    
   151200.   12.39806178   12.5268   0.000       0.000      0.1127E-03   0.000     0.6438E-03-0.7565E-03  0.000      0.000      0.000      0.000       0.000       0.000       0.000       0.000       0.000       0.000    
   154800.   12.39738783   12.5228   0.000       0.000      0.1097E-03   0.000     0.7174E-03-0.8271E-03  0.000      0.000      0.000      0.000       0.000       0.000       0.000       0.000       0.000       0.000    
   158400.   12.41094395   12.5201   0.000       0.000      0.9548E-04   0.000     0.1157E-02-0.1252E-02  0.000      0.000      0.000      0.000       0.000       0.000       0.000       0.000       0.000       0.000    
   162000.   12.46949367   12.5223   0.000       0.000      0.4620E-04   0.000     0.2681E-02-0.2727E-02  0.000      0.000      0.000      0.000       0.000       0.000       0.000       0.000       0.000       0.000    
   165600.   12.46648318   12.5238   0.000       0.000      0.5018E-04   0.000     0.2243E-02-0.2293E-02  0.000      0.000      0.000      0.000       0.000       0.000       0.000       0.000       0.000       0.000    
   169200.   12.41987640   12.5214   0.000       0.000      0.8881E-04   0.000     0.9065E-03-0.9953E-03  0.000      0.000      0.000      0.000       0.000       0.000       0.000       0.000       0.000       0.000    
   172800.   12.40587146   12.5181   0.000       0.000      0.9822E-04   0.000     0.7909E-03-0.8891E-03  0.000      0.000      0.000      0.000       0.000       0.000       0.000       0.000       0.000       0.000    
