TOTIM (T)      HCON          HMAT      QDIR      QWELL        QMAT       QCADS      QTUB1      QTUB2      QTUB3      QTUB4      QTUB5      QTUB6       NSTOR        QFIX        QLH     FHLQ (LQ)        CAUCHY   CAUCHY (LQ)
     3600.   12.36082643   12.4675   0.000       0.000      0.9333E-04   0.000    -0.1017E-02 0.9238E-03  0.000      0.000      0.000      0.000       0.000       0.000       0.000       0.000       0.000       0.000    
     7200.   12.34684170   12.4664   0.000       0.000      0.1046E-03   0.000    -0.5542E-03 0.4496E-03  0.000      0.000      0.000      0.000       0.000       0.000       0.000       0.000       0.000       0.000    
    10800.   12.34432560   12.4652   0.000       0.000      0.1057E-03   0.000    -0.5696E-03 0.4639E-03  0.000      0.000      0.000      0.000       0.000       0.000       0.000       0.000       0.000       0.000    
    14400.   12.34314900   12.4640   0.000       0.000      0.1057E-03   0.000    -0.5927E-03 0.4870E-03  0.000      0.000      0.000      0.000       0.000       0.000       0.000       0.000       0.000       0.000    
    18000.   12.34240939   12.4628   0.000       0.000      0.1054E-03   0.000    -0.6140E-03 0.5086E-03  0.000      0.000      0.000      0.000       0.000       0.000       0.000       0.000       0.000       0.000    
    21600.   12.34186150   12.4617   0.000       0.000      0.1049E-03   0.000    -0.6334E-03 0.5285E-03  0.000      0.000      0.000      0.000       0.000       0.000       0.000       0.000       0.000       0.000    
    25200.   12.34140085   12.4607   0.000       0.000      0.1044E-03   0.000    -0.6514E-03 0.5470E-03  0.000      0.000      0.000      0.000       0.000       0.000       0.000       0.000       0.000       0.000    
    28800.   12.34100787   12.4597   0.000       0.000      0.1039E-03   0.000    -0.6679E-03 0.5640E-03  0.000      0.000      0.000      0.000       0.000       0.000       0.000       0.000       0.000       0.000    
    32400.   12.34062235   12.4588   0.000       0.000      0.1034E-03   0.000    -0.6833E-03 0.5799E-03  0.000      0.000      0.000      0.000       0.000       0.000       0.000       0.000       0.000       0.000    
    36000.   12.34024004   12.4579   0.000       0.000      0.1029E-03   0.000    -0.6977E-03 0.5947E-03  0.000      0.000      0.000      0.000       0.000       0.000       0.000       0.000       0.000       0.000    
    39600.   12.33985943   12.4571   0.000       0.000      0.1025E-03   0.000    -0.7110E-03 0.6085E-03  0.000      0.000      0.000      0.000       0.000       0.000       0.000       0.000       0.000       0.000    
    43200.   12.35351553   12.4574   0.000       0.000      0.9090E-04   0.000    -0.1186E-02 0.1095E-02  0.000      0.000      0.000      0.000       0.000       0.000       0.000       0.000       0.000       0.000    
    46800.   12.35568221   12.4578   0.000       0.000      0.8939E-04   0.000    -0.1182E-02 0.1093E-02  0.000      0.000      0.000      0.000       0.000       0.000       0.000       0.000       0.000       0.000    
    50400.   12.34245094   12.4572   0.000       0.000      0.1004E-03   0.000    -0.7074E-03 0.6071E-03  0.000      0.000      0.000      0.000       0.000       0.000       0.000       0.000       0.000       0.000    
    54000.   12.35433475   12.4576   0.000       0.000      0.9033E-04   0.000    -0.1174E-02 0.1084E-02  0.000      0.000      0.000      0.000       0.000       0.000       0.000       0.000       0.000       0.000    
    57600.   12.39109809   12.4609   0.000       0.000      0.6110E-04   0.000    -0.2329E-02 0.2267E-02  0.000      0.000      0.000      0.000       0.000       0.000       0.000       0.000       0.000       0.000    
    61200.   12.50384282   12.4731   0.000       0.000     -0.2689E-04   0.000    -0.5747E-02 0.5774E-02  0.000      0.000      0.000      0.000       0.000       0.000       0.000       0.000       0.000       0.000    
    64800.   12.49817962   12.4834   0.000       0.000     -0.1294E-04   0.000    -0.4638E-02 0.4651E-02  0.000      0.000      0.000      0.000       0.000       0.000       0.000       0.000       0.000       0.000    
    68400.   12.49716933   12.4927   0.000       0.000     -0.3886E-05   0.000    -0.4201E-02 0.4205E-02  0.000      0.000      0.000      0.000       0.000       0.000       0.000       0.000       0.000       0.000    
    72000.   12.46539357   12.4987   0.000       0.000      0.2917E-04   0.000    -0.2882E-02 0.2853E-02  0.000      0.000      0.000      0.000       0.000       0.000       0.000       0.000       0.000       0.000    
    75600.   12.43410180   12.5018   0.000       0.000      0.5927E-04   0.000    -0.1851E-02 0.1792E-02  0.000      0.000      0.000      0.000       0.000       0.000       0.000       0.000       0.000       0.000    
    79200.   12.51365143   12.5114   0.000       0.000     -0.1985E-05   0.000    -0.4581E-02 0.4583E-02  0.000      0.000      0.000      0.000       0.000       0.000       0.000       0.000       0.000       0.000    
    82800.   12.52772711   12.5210   0.000       0.000     -0.5875E-05   0.000    -0.4462E-02 0.4468E-02  0.000      0.000      0.000      0.000       0.000       0.000       0.000       0.000       0.000       0.000    
    86400.   12.54218455   12.5309   0.000       0.000     -0.9832E-05   0.000    -0.4528E-02 0.4538E-02  0.000      0.000      0.000      0.000       0.000       0.000       0.000       0.000       0.000       0.000    
    90000.   12.62622762   12.5469   0.000       0.000     -0.6941E-04   0.000    -0.6911E-02 0.6980E-02  0.000      0.000      0.000      0.000       0.000       0.000       0.000       0.000       0.000       0.000    
    93600.   12.82139576   12.5772   0.000       0.000     -0.2136E-03   0.000    -0.1245E-01 0.1267E-01  0.000      0.000      0.000      0.000       0.000       0.000       0.000       0.000       0.000       0.000    
    97200.   12.75141248   12.5986   0.000       0.000     -0.1337E-03   0.000    -0.8285E-02 0.8419E-02  0.000      0.000      0.000      0.000       0.000       0.000       0.000       0.000       0.000       0.000    
   100800.   12.59916569   12.6059   0.000       0.000      0.5875E-05   0.000    -0.2778E-02 0.2772E-02  0.000      0.000      0.000      0.000       0.000       0.000       0.000       0.000       0.000       0.000    
   104400.   12.52821092   12.6074   0.000       0.000      0.6931E-04   0.000    -0.1016E-02 0.9471E-03  0.000      0.000      0.000      0.000       0.000       0.000       0.000       0.000       0.000       0.000    
   108000.   12.50602465   12.6074   0.000       0.000      0.8871E-04   0.000    -0.8059E-03 0.7172E-03  0.000      0.000      0.000      0.000       0.000       0.000       0.000       0.000       0.000       0.000    
   111600.   12.47141604   12.6046   0.000       0.000      0.1166E-03   0.000     0.6514E-04-0.1817E-03  0.000      0.000      0.000      0.000       0.000       0.000       0.000       0.000       0.000       0.000    
   115200.   12.44329545   12.5999   0.000       0.000      0.1370E-03   0.000     0.6779E-03-0.8149E-03  0.000      0.000      0.000      0.000       0.000       0.000       0.000       0.000       0.000       0.000    
   118800.   12.42300205   12.5938   0.000       0.000      0.1495E-03   0.000     0.1027E-02-0.1176E-02  0.000      0.000      0.000      0.000       0.000       0.000       0.000       0.000       0.000       0.000    
   122400.   12.43214655   12.5890   0.000       0.000      0.1373E-03   0.000     0.4316E-03-0.5689E-03  0.000      0.000      0.000      0.000       0.000       0.000       0.000       0.000       0.000       0.000    
   126000.   12.41145980   12.5828   0.000       0.000      0.1499E-03   0.000     0.1010E-02-0.1160E-02  0.000      0.000      0.000      0.000       0.000       0.000       0.000       0.000       0.000       0.000    
   129600.   12.46422870   12.5813   0.000       0.000      0.1025E-03   0.000    -0.9593E-03 0.8568E-03  0.000      0.000      0.000      0.000       0.000       0.000       0.000       0.000       0.000       0.000    
   133200.   12.43773822   12.5775   0.000       0.000      0.1223E-03   0.000     0.1348E-03-0.2572E-03  0.000      0.000      0.000      0.000       0.000       0.000       0.000       0.000       0.000       0.000    
   136800.   12.42839168   12.5732   0.000       0.000      0.1267E-03   0.000     0.3056E-03-0.4324E-03  0.000      0.000      0.000      0.000       0.000       0.000       0.000       0.000       0.000       0.000    
   140400.   12.40547770   12.5674   0.000       0.000      0.1417E-03   0.000     0.9120E-03-0.1054E-02  0.000      0.000      0.000      0.000       0.000       0.000       0.000       0.000       0.000       0.000    
   144000.   12.40107144   12.5616   0.000       0.000      0.1405E-03   0.000     0.8031E-03-0.9436E-03  0.000      0.000      0.000      0.000       0.000       0.000       0.000       0.000       0.000       0.000    
   147600.   12.39911117   12.5562   0.000       0.000      0.1374E-03   0.000     0.6888E-03-0.8262E-03  0.000      0.000      0.000      0.000       0.000       0.000       0.000       0.000       0.000       0.000    
   151200.   12.39806179   12.5510   0.000       0.000      0.1338E-03   0.000     0.5833E-03-0.7172E-03  0.000      0.000      0.000      0.000       0.000       0.000       0.000       0.000       0.000       0.000    
   154800.   12.39738786   12.5461   0.000       0.000      0.1302E-03   0.000     0.4858E-03-0.6159E-03  0.000      0.000      0.000      0.000       0.000       0.000       0.000       0.000       0.000       0.000    
   158400.   12.41094410   12.5427   0.000       0.000      0.1153E-03   0.000    -0.6738E-04-0.4794E-04  0.000      0.000      0.000      0.000       0.000       0.000       0.000       0.000       0.000       0.000    
   162000.   12.46949420   12.5443   0.000       0.000      0.6546E-04   0.000    -0.1986E-02 0.1920E-02  0.000      0.000      0.000      0.000       0.000       0.000       0.000       0.000       0.000       0.000    
   165600.   12.46648361   12.5452   0.000       0.000      0.6890E-04   0.000    -0.1516E-02 0.1447E-02  0.000      0.000      0.000      0.000       0.000       0.000       0.000       0.000       0.000       0.000    
   169200.   12.41987649   12.5422   0.000       0.000      0.1070E-03   0.000     0.1291E-03-0.2361E-03  0.000      0.000      0.000      0.000       0.000       0.000       0.000       0.000       0.000       0.000    
   172800.   12.40587152   12.5385   0.000       0.000      0.1160E-03   0.000     0.3199E-03-0.4359E-03  0.000      0.000      0.000      0.000       0.000       0.000       0.000       0.000       0.000       0.000    
