TOTIM (T)      HCON          HMAT      QDIR      QWELL        QMAT       QCADS      QTUB1      QTUB2      QTUB3      QTUB4      QTUB5      QTUB6       NSTOR        QFIX        QLH     FHLQ (LQ)        CAUCHY   CAUCHY (LQ)
     3600.   12.36082554   12.3762   0.000       0.000      0.1342E-04   0.000     0.2245E-02-0.2259E-02  0.000      0.000      0.000      0.000       0.000       0.000       0.000       0.000       0.000       0.000    
     7200.   12.34684099   12.3750   0.000       0.000      0.2466E-04   0.000     0.1996E-02-0.2020E-02  0.000      0.000      0.000      0.000       0.000       0.000       0.000       0.000       0.000       0.000    
    10800.   12.34432488   12.3738   0.000       0.000      0.2581E-04   0.000     0.2033E-02-0.2059E-02  0.000      0.000      0.000      0.000       0.000       0.000       0.000       0.000       0.000       0.000    
    14400.   12.34314826   12.3726   0.000       0.000      0.2580E-04   0.000     0.2056E-02-0.2082E-02  0.000      0.000      0.000      0.000       0.000       0.000       0.000       0.000       0.000       0.000    
    18000.   12.34240864   12.3715   0.000       0.000      0.2543E-04   0.000     0.2070E-02-0.2095E-02  0.000      0.000      0.000      0.000       0.000       0.000       0.000       0.000       0.000       0.000    
    21600.   12.34186075   12.3703   0.000       0.000      0.2493E-04   0.000     0.2080E-02-0.2105E-02  0.000      0.000      0.000      0.000       0.000       0.000       0.000       0.000       0.000       0.000    
    25200.   12.34140009   12.3693   0.000       0.000      0.2439E-04   0.000     0.2088E-02-0.2112E-02  0.000      0.000      0.000      0.000       0.000       0.000       0.000       0.000       0.000       0.000    
    28800.   12.34100710   12.3682   0.000       0.000      0.2383E-04   0.000     0.2093E-02-0.2117E-02  0.000      0.000      0.000      0.000       0.000       0.000       0.000       0.000       0.000       0.000    
    32400.   12.34062158   12.3672   0.000       0.000      0.2329E-04   0.000     0.2099E-02-0.2122E-02  0.000      0.000      0.000      0.000       0.000       0.000       0.000       0.000       0.000       0.000    
    36000.   12.34023926   12.3663   0.000       0.000      0.2279E-04   0.000     0.2104E-02-0.2126E-02  0.000      0.000      0.000      0.000       0.000       0.000       0.000       0.000       0.000       0.000    
    39600.   12.33985865   12.3654   0.000       0.000      0.2232E-04   0.000     0.2108E-02-0.2130E-02  0.000      0.000      0.000      0.000       0.000       0.000       0.000       0.000       0.000       0.000    
    43200.   12.35351457   12.3656   0.000       0.000      0.1060E-04   0.000     0.2361E-02-0.2371E-02  0.000      0.000      0.000      0.000       0.000       0.000       0.000       0.000       0.000       0.000    
    46800.   12.35568126   12.3660   0.000       0.000      0.9018E-05   0.000     0.2327E-02-0.2336E-02  0.000      0.000      0.000      0.000       0.000       0.000       0.000       0.000       0.000       0.000    
    50400.   12.34245017   12.3652   0.000       0.000      0.1992E-04   0.000     0.2059E-02-0.2079E-02  0.000      0.000      0.000      0.000       0.000       0.000       0.000       0.000       0.000       0.000    
    54000.   12.35433380   12.3655   0.000       0.000      0.9788E-05   0.000     0.2333E-02-0.2343E-02  0.000      0.000      0.000      0.000       0.000       0.000       0.000       0.000       0.000       0.000    
    57600.   12.39109671   12.3688   0.000       0.000     -0.1952E-04   0.000     0.2931E-02-0.2911E-02  0.000      0.000      0.000      0.000       0.000       0.000       0.000       0.000       0.000       0.000    
    61200.   12.50384016   12.3809   0.000       0.000     -0.1076E-03   0.000     0.4677E-02-0.4569E-02  0.000      0.000      0.000      0.000       0.000       0.000       0.000       0.000       0.000       0.000    
    64800.   12.49817744   12.3912   0.000       0.000     -0.9363E-04   0.000     0.3833E-02-0.3739E-02  0.000      0.000      0.000      0.000       0.000       0.000       0.000       0.000       0.000       0.000    
    68400.   12.49716732   12.4005   0.000       0.000     -0.8454E-04   0.000     0.3568E-02-0.3484E-02  0.000      0.000      0.000      0.000       0.000       0.000       0.000       0.000       0.000       0.000    
    72000.   12.46539206   12.4067   0.000       0.000     -0.5140E-04   0.000     0.2879E-02-0.2828E-02  0.000      0.000      0.000      0.000       0.000       0.000       0.000       0.000       0.000       0.000    
    75600.   12.43410066   12.4099   0.000       0.000     -0.2116E-04   0.000     0.2422E-02-0.2401E-02  0.000      0.000      0.000      0.000       0.000       0.000       0.000       0.000       0.000       0.000    
    79200.   12.51364922   12.4197   0.000       0.000     -0.8223E-04   0.000     0.3991E-02-0.3909E-02  0.000      0.000      0.000      0.000       0.000       0.000       0.000       0.000       0.000       0.000    
    82800.   12.52772499   12.4296   0.000       0.000     -0.8587E-04   0.000     0.3804E-02-0.3718E-02  0.000      0.000      0.000      0.000       0.000       0.000       0.000       0.000       0.000       0.000    
    86400.   12.54218241   12.4399   0.000       0.000     -0.8950E-04   0.000     0.3800E-02-0.3711E-02  0.000      0.000      0.000      0.000       0.000       0.000       0.000       0.000       0.000       0.000    
    90000.   12.62622458   12.4563   0.000       0.000     -0.1487E-03   0.000     0.5059E-02-0.4910E-02  0.000      0.000      0.000      0.000       0.000       0.000       0.000       0.000       0.000       0.000    
    93600.   12.82134417   12.4872   0.000       0.000     -0.2924E-03   0.000     0.7869E-02-0.7577E-02  0.000      0.000      0.000      0.000       0.000       0.000       0.000       0.000       0.000       0.000    
    97200.   12.75138900   12.5093   0.000       0.000     -0.2119E-03   0.000     0.5233E-02-0.5021E-02  0.000      0.000      0.000      0.000       0.000       0.000       0.000       0.000       0.000       0.000    
   100800.   12.59916213   12.5174   0.000       0.000     -0.7153E-04   0.000     0.2391E-02-0.2320E-02  0.000      0.000      0.000      0.000       0.000       0.000       0.000       0.000       0.000       0.000    
   104400.   12.52821005   12.5199   0.000       0.000     -0.7267E-05   0.000     0.1850E-02-0.1843E-02  0.000      0.000      0.000      0.000       0.000       0.000       0.000       0.000       0.000       0.000    
   108000.   12.50602380   12.5209   0.000       0.000      0.1302E-04   0.000     0.2025E-02-0.2038E-02  0.000      0.000      0.000      0.000       0.000       0.000       0.000       0.000       0.000       0.000    
   111600.   12.47141555   12.5192   0.000       0.000      0.4184E-04   0.000     0.1701E-02-0.1743E-02  0.000      0.000      0.000      0.000       0.000       0.000       0.000       0.000       0.000       0.000    
   115200.   12.44329517   12.5156   0.000       0.000      0.6325E-04   0.000     0.1495E-02-0.1558E-02  0.000      0.000      0.000      0.000       0.000       0.000       0.000       0.000       0.000       0.000    
   118800.   12.42300187   12.5107   0.000       0.000      0.7674E-04   0.000     0.1402E-02-0.1479E-02  0.000      0.000      0.000      0.000       0.000       0.000       0.000       0.000       0.000       0.000    
   122400.   12.43214613   12.5071   0.000       0.000      0.6555E-04   0.000     0.1784E-02-0.1849E-02  0.000      0.000      0.000      0.000       0.000       0.000       0.000       0.000       0.000       0.000    
   126000.   12.41145961   12.5019   0.000       0.000      0.7918E-04   0.000     0.1463E-02-0.1543E-02  0.000      0.000      0.000      0.000       0.000       0.000       0.000       0.000       0.000       0.000    
   129600.   12.46422775   12.5016   0.000       0.000      0.3272E-04   0.000     0.2550E-02-0.2583E-02  0.000      0.000      0.000      0.000       0.000       0.000       0.000       0.000       0.000       0.000    
   133200.   12.43773771   12.4989   0.000       0.000      0.5352E-04   0.000     0.1851E-02-0.1904E-02  0.000      0.000      0.000      0.000       0.000       0.000       0.000       0.000       0.000       0.000    
   136800.   12.42839123   12.4957   0.000       0.000      0.5888E-04   0.000     0.1781E-02-0.1840E-02  0.000      0.000      0.000      0.000       0.000       0.000       0.000       0.000       0.000       0.000    
   140400.   12.40547747   12.4908   0.000       0.000      0.7470E-04   0.000     0.1475E-02-0.1549E-02  0.000      0.000      0.000      0.000       0.000       0.000       0.000       0.000       0.000       0.000    
   144000.   12.40107117   12.4861   0.000       0.000      0.7440E-04   0.000     0.1577E-02-0.1652E-02  0.000      0.000      0.000      0.000       0.000       0.000       0.000       0.000       0.000       0.000    
   147600.   12.39911085   12.4816   0.000       0.000      0.7213E-04   0.000     0.1648E-02-0.1720E-02  0.000      0.000      0.000      0.000       0.000       0.000       0.000       0.000       0.000       0.000    
   151200.   12.39806143   12.4772   0.000       0.000      0.6928E-04   0.000     0.1699E-02-0.1768E-02  0.000      0.000      0.000      0.000       0.000       0.000       0.000       0.000       0.000       0.000    
   154800.   12.39738747   12.4732   0.000       0.000      0.6632E-04   0.000     0.1740E-02-0.1806E-02  0.000      0.000      0.000      0.000       0.000       0.000       0.000       0.000       0.000       0.000    
   158400.   12.41094350   12.4705   0.000       0.000      0.5211E-04   0.000     0.2022E-02-0.2074E-02  0.000      0.000      0.000      0.000       0.000       0.000       0.000       0.000       0.000       0.000    
   162000.   12.46949288   12.4727   0.000       0.000      0.2846E-05   0.000     0.3004E-02-0.3007E-02  0.000      0.000      0.000      0.000       0.000       0.000       0.000       0.000       0.000       0.000    
   165600.   12.46648251   12.4743   0.000       0.000      0.6835E-05   0.000     0.2610E-02-0.2617E-02  0.000      0.000      0.000      0.000       0.000       0.000       0.000       0.000       0.000       0.000    
   169200.   12.41987602   12.4719   0.000       0.000      0.4548E-04   0.000     0.1699E-02-0.1744E-02  0.000      0.000      0.000      0.000       0.000       0.000       0.000       0.000       0.000       0.000    
   172800.   12.40587110   12.4686   0.000       0.000      0.5491E-04   0.000     0.1686E-02-0.1741E-02  0.000      0.000      0.000      0.000       0.000       0.000       0.000       0.000       0.000       0.000    
