TOTIM (T)      HCON          HMAT      QDIR      QWELL        QMAT       QCADS      QTUB1      QTUB2      QTUB3      QTUB4      QTUB5      QTUB6       NSTOR        QFIX        QLH     FHLQ (LQ)        CAUCHY   CAUCHY (LQ)
     3600.   12.36082560   12.3780   0.000       0.000      0.1504E-04   0.000     0.2557E-02-0.2572E-02  0.000      0.000      0.000      0.000       0.000       0.000       0.000       0.000       0.000       0.000    
     7200.   12.34684104   12.3769   0.000       0.000      0.2628E-04   0.000     0.2296E-02-0.2322E-02  0.000      0.000      0.000      0.000       0.000       0.000       0.000       0.000       0.000       0.000    
    10800.   12.34432493   12.3757   0.000       0.000      0.2743E-04   0.000     0.2334E-02-0.2361E-02  0.000      0.000      0.000      0.000       0.000       0.000       0.000       0.000       0.000       0.000    
    14400.   12.34314832   12.3745   0.000       0.000      0.2741E-04   0.000     0.2357E-02-0.2385E-02  0.000      0.000      0.000      0.000       0.000       0.000       0.000       0.000       0.000       0.000    
    18000.   12.34240870   12.3733   0.000       0.000      0.2704E-04   0.000     0.2372E-02-0.2399E-02  0.000      0.000      0.000      0.000       0.000       0.000       0.000       0.000       0.000       0.000    
    21600.   12.34186080   12.3722   0.000       0.000      0.2654E-04   0.000     0.2383E-02-0.2409E-02  0.000      0.000      0.000      0.000       0.000       0.000       0.000       0.000       0.000       0.000    
    25200.   12.34140015   12.3711   0.000       0.000      0.2600E-04   0.000     0.2391E-02-0.2417E-02  0.000      0.000      0.000      0.000       0.000       0.000       0.000       0.000       0.000       0.000    
    28800.   12.34100716   12.3701   0.000       0.000      0.2544E-04   0.000     0.2397E-02-0.2423E-02  0.000      0.000      0.000      0.000       0.000       0.000       0.000       0.000       0.000       0.000    
    32400.   12.34062164   12.3691   0.000       0.000      0.2491E-04   0.000     0.2403E-02-0.2428E-02  0.000      0.000      0.000      0.000       0.000       0.000       0.000       0.000       0.000       0.000    
    36000.   12.34023932   12.3681   0.000       0.000      0.2440E-04   0.000     0.2408E-02-0.2433E-02  0.000      0.000      0.000      0.000       0.000       0.000       0.000       0.000       0.000       0.000    
    39600.   12.33985870   12.3672   0.000       0.000      0.2393E-04   0.000     0.2413E-02-0.2437E-02  0.000      0.000      0.000      0.000       0.000       0.000       0.000       0.000       0.000       0.000    
    43200.   12.35351463   12.3675   0.000       0.000      0.1221E-04   0.000     0.2678E-02-0.2690E-02  0.000      0.000      0.000      0.000       0.000       0.000       0.000       0.000       0.000       0.000    
    46800.   12.35568131   12.3678   0.000       0.000      0.1063E-04   0.000     0.2644E-02-0.2654E-02  0.000      0.000      0.000      0.000       0.000       0.000       0.000       0.000       0.000       0.000    
    50400.   12.34245023   12.3670   0.000       0.000      0.2152E-04   0.000     0.2364E-02-0.2385E-02  0.000      0.000      0.000      0.000       0.000       0.000       0.000       0.000       0.000       0.000    
    54000.   12.35433386   12.3674   0.000       0.000      0.1139E-04   0.000     0.2650E-02-0.2662E-02  0.000      0.000      0.000      0.000       0.000       0.000       0.000       0.000       0.000       0.000    
    57600.   12.39109677   12.3706   0.000       0.000     -0.1792E-04   0.000     0.3277E-02-0.3259E-02  0.000      0.000      0.000      0.000       0.000       0.000       0.000       0.000       0.000       0.000    
    61200.   12.50384024   12.3827   0.000       0.000     -0.1060E-03   0.000     0.5110E-02-0.5004E-02  0.000      0.000      0.000      0.000       0.000       0.000       0.000       0.000       0.000       0.000    
    64800.   12.49817751   12.3930   0.000       0.000     -0.9203E-04   0.000     0.4236E-02-0.4144E-02  0.000      0.000      0.000      0.000       0.000       0.000       0.000       0.000       0.000       0.000    
    68400.   12.49716739   12.4024   0.000       0.000     -0.8294E-04   0.000     0.3961E-02-0.3878E-02  0.000      0.000      0.000      0.000       0.000       0.000       0.000       0.000       0.000       0.000    
    72000.   12.46539212   12.4085   0.000       0.000     -0.4979E-04   0.000     0.3238E-02-0.3188E-02  0.000      0.000      0.000      0.000       0.000       0.000       0.000       0.000       0.000       0.000    
    75600.   12.43410071   12.4118   0.000       0.000     -0.1955E-04   0.000     0.2755E-02-0.2736E-02  0.000      0.000      0.000      0.000       0.000       0.000       0.000       0.000       0.000       0.000    
    79200.   12.51364929   12.4215   0.000       0.000     -0.8062E-04   0.000     0.4395E-02-0.4314E-02  0.000      0.000      0.000      0.000       0.000       0.000       0.000       0.000       0.000       0.000    
    82800.   12.52772505   12.4314   0.000       0.000     -0.8425E-04   0.000     0.4203E-02-0.4118E-02  0.000      0.000      0.000      0.000       0.000       0.000       0.000       0.000       0.000       0.000    
    86400.   12.54218248   12.4417   0.000       0.000     -0.8789E-04   0.000     0.4201E-02-0.4113E-02  0.000      0.000      0.000      0.000       0.000       0.000       0.000       0.000       0.000       0.000    
    90000.   12.62622466   12.4582   0.000       0.000     -0.1471E-03   0.000     0.5520E-02-0.5373E-02  0.000      0.000      0.000      0.000       0.000       0.000       0.000       0.000       0.000       0.000    
    93600.   12.82134447   12.4891   0.000       0.000     -0.2907E-03   0.000     0.8471E-02-0.8181E-02  0.000      0.000      0.000      0.000       0.000       0.000       0.000       0.000       0.000       0.000    
    97200.   12.75138920   12.5111   0.000       0.000     -0.2102E-03   0.000     0.5725E-02-0.5515E-02  0.000      0.000      0.000      0.000       0.000       0.000       0.000       0.000       0.000       0.000    
   100800.   12.59916214   12.5193   0.000       0.000     -0.6988E-04   0.000     0.2744E-02-0.2675E-02  0.000      0.000      0.000      0.000       0.000       0.000       0.000       0.000       0.000       0.000    
   104400.   12.52821010   12.5218   0.000       0.000     -0.5605E-05   0.000     0.2161E-02-0.2155E-02  0.000      0.000      0.000      0.000       0.000       0.000       0.000       0.000       0.000       0.000    
   108000.   12.50602385   12.5228   0.000       0.000      0.1470E-04   0.000     0.2330E-02-0.2345E-02  0.000      0.000      0.000      0.000       0.000       0.000       0.000       0.000       0.000       0.000    
   111600.   12.47141561   12.5212   0.000       0.000      0.4352E-04   0.000     0.1983E-02-0.2027E-02  0.000      0.000      0.000      0.000       0.000       0.000       0.000       0.000       0.000       0.000    
   115200.   12.44329522   12.5175   0.000       0.000      0.6495E-04   0.000     0.1761E-02-0.1826E-02  0.000      0.000      0.000      0.000       0.000       0.000       0.000       0.000       0.000       0.000    
   118800.   12.42300192   12.5127   0.000       0.000      0.7846E-04   0.000     0.1659E-02-0.1738E-02  0.000      0.000      0.000      0.000       0.000       0.000       0.000       0.000       0.000       0.000    
   122400.   12.43214619   12.5090   0.000       0.000      0.6728E-04   0.000     0.2056E-02-0.2123E-02  0.000      0.000      0.000      0.000       0.000       0.000       0.000       0.000       0.000       0.000    
   126000.   12.41145966   12.5039   0.000       0.000      0.8092E-04   0.000     0.1720E-02-0.1801E-02  0.000      0.000      0.000      0.000       0.000       0.000       0.000       0.000       0.000       0.000    
   129600.   12.46422782   12.5036   0.000       0.000      0.3448E-04   0.000     0.2857E-02-0.2892E-02  0.000      0.000      0.000      0.000       0.000       0.000       0.000       0.000       0.000       0.000    
   133200.   12.43773777   12.5009   0.000       0.000      0.5530E-04   0.000     0.2129E-02-0.2184E-02  0.000      0.000      0.000      0.000       0.000       0.000       0.000       0.000       0.000       0.000    
   136800.   12.42839129   12.4977   0.000       0.000      0.6067E-04   0.000     0.2055E-02-0.2116E-02  0.000      0.000      0.000      0.000       0.000       0.000       0.000       0.000       0.000       0.000    
   140400.   12.40547753   12.4929   0.000       0.000      0.7650E-04   0.000     0.1733E-02-0.1810E-02  0.000      0.000      0.000      0.000       0.000       0.000       0.000       0.000       0.000       0.000    
   144000.   12.40107123   12.4882   0.000       0.000      0.7621E-04   0.000     0.1839E-02-0.1915E-02  0.000      0.000      0.000      0.000       0.000       0.000       0.000       0.000       0.000       0.000    
   147600.   12.39911090   12.4836   0.000       0.000      0.7396E-04   0.000     0.1913E-02-0.1986E-02  0.000      0.000      0.000      0.000       0.000       0.000       0.000       0.000       0.000       0.000    
   151200.   12.39806149   12.4793   0.000       0.000      0.7112E-04   0.000     0.1966E-02-0.2037E-02  0.000      0.000      0.000      0.000       0.000       0.000       0.000       0.000       0.000       0.000    
   154800.   12.39738753   12.4753   0.000       0.000      0.6816E-04   0.000     0.2009E-02-0.2077E-02  0.000      0.000      0.000      0.000       0.000       0.000       0.000       0.000       0.000       0.000    
   158400.   12.41094356   12.4726   0.000       0.000      0.5396E-04   0.000     0.2306E-02-0.2360E-02  0.000      0.000      0.000      0.000       0.000       0.000       0.000       0.000       0.000       0.000    
   162000.   12.46949295   12.4749   0.000       0.000      0.4701E-05   0.000     0.3336E-02-0.3341E-02  0.000      0.000      0.000      0.000       0.000       0.000       0.000       0.000       0.000       0.000    
   165600.   12.46648257   12.4764   0.000       0.000      0.8696E-05   0.000     0.2929E-02-0.2938E-02  0.000      0.000      0.000      0.000       0.000       0.000       0.000       0.000       0.000       0.000    
   169200.   12.41987608   12.4740   0.000       0.000      0.4734E-04   0.000     0.1976E-02-0.2023E-02  0.000      0.000      0.000      0.000       0.000       0.000       0.000       0.000       0.000       0.000    
   172800.   12.40587115   12.4708   0.000       0.000      0.5678E-04   0.000     0.1960E-02-0.2016E-02  0.000      0.000      0.000      0.000       0.000       0.000       0.000       0.000       0.000       0.000    
