TOTIM (T)      HCON          HMAT      QDIR      QWELL        QMAT       QCADS      QTUB1      QTUB2      QTUB3      QTUB4      QTUB5      QTUB6       NSTOR        QFIX        QLH     FHLQ (LQ)        CAUCHY   CAUCHY (LQ)
     3600.   12.36082629   12.4242   0.000       0.000      0.5549E-04   0.000     0.1885E-02-0.1941E-02  0.000      0.000      0.000      0.000       0.000       0.000       0.000       0.000       0.000       0.000    
     7200.   12.34684164   12.4231   0.000       0.000      0.6674E-04   0.000     0.1489E-02-0.1556E-02  0.000      0.000      0.000      0.000       0.000       0.000       0.000       0.000       0.000       0.000    
    10800.   12.34432554   12.4219   0.000       0.000      0.6788E-04   0.000     0.1513E-02-0.1581E-02  0.000      0.000      0.000      0.000       0.000       0.000       0.000       0.000       0.000       0.000    
    14400.   12.34314893   12.4207   0.000       0.000      0.6787E-04   0.000     0.1537E-02-0.1605E-02  0.000      0.000      0.000      0.000       0.000       0.000       0.000       0.000       0.000       0.000    
    18000.   12.34240932   12.4196   0.000       0.000      0.6750E-04   0.000     0.1556E-02-0.1624E-02  0.000      0.000      0.000      0.000       0.000       0.000       0.000       0.000       0.000       0.000    
    21600.   12.34186143   12.4184   0.000       0.000      0.6700E-04   0.000     0.1573E-02-0.1640E-02  0.000      0.000      0.000      0.000       0.000       0.000       0.000       0.000       0.000       0.000    
    25200.   12.34140077   12.4174   0.000       0.000      0.6646E-04   0.000     0.1587E-02-0.1654E-02  0.000      0.000      0.000      0.000       0.000       0.000       0.000       0.000       0.000       0.000    
    28800.   12.34100778   12.4163   0.000       0.000      0.6590E-04   0.000     0.1600E-02-0.1666E-02  0.000      0.000      0.000      0.000       0.000       0.000       0.000       0.000       0.000       0.000    
    32400.   12.34062227   12.4153   0.000       0.000      0.6537E-04   0.000     0.1612E-02-0.1678E-02  0.000      0.000      0.000      0.000       0.000       0.000       0.000       0.000       0.000       0.000    
    36000.   12.34023995   12.4144   0.000       0.000      0.6487E-04   0.000     0.1624E-02-0.1689E-02  0.000      0.000      0.000      0.000       0.000       0.000       0.000       0.000       0.000       0.000    
    39600.   12.33985934   12.4135   0.000       0.000      0.6440E-04   0.000     0.1634E-02-0.1699E-02  0.000      0.000      0.000      0.000       0.000       0.000       0.000       0.000       0.000       0.000    
    43200.   12.35351536   12.4137   0.000       0.000      0.5268E-04   0.000     0.2040E-02-0.2092E-02  0.000      0.000      0.000      0.000       0.000       0.000       0.000       0.000       0.000       0.000    
    46800.   12.35568204   12.4141   0.000       0.000      0.5110E-04   0.000     0.2024E-02-0.2075E-02  0.000      0.000      0.000      0.000       0.000       0.000       0.000       0.000       0.000       0.000    
    50400.   12.34245085   12.4133   0.000       0.000      0.6200E-04   0.000     0.1613E-02-0.1675E-02  0.000      0.000      0.000      0.000       0.000       0.000       0.000       0.000       0.000       0.000    
    54000.   12.35433459   12.4136   0.000       0.000      0.5187E-04   0.000     0.2022E-02-0.2074E-02  0.000      0.000      0.000      0.000       0.000       0.000       0.000       0.000       0.000       0.000    
    57600.   12.39109773   12.4169   0.000       0.000      0.2256E-04   0.000     0.3000E-02-0.3023E-02  0.000      0.000      0.000      0.000       0.000       0.000       0.000       0.000       0.000       0.000    
    61200.   12.50384189   12.4290   0.000       0.000     -0.6548E-04   0.000     0.5890E-02-0.5824E-02  0.000      0.000      0.000      0.000       0.000       0.000       0.000       0.000       0.000       0.000    
    64800.   12.49817887   12.4393   0.000       0.000     -0.5154E-04   0.000     0.4848E-02-0.4797E-02  0.000      0.000      0.000      0.000       0.000       0.000       0.000       0.000       0.000       0.000    
    68400.   12.49716866   12.4487   0.000       0.000     -0.4245E-04   0.000     0.4464E-02-0.4422E-02  0.000      0.000      0.000      0.000       0.000       0.000       0.000       0.000       0.000       0.000    
    72000.   12.46539312   12.4548   0.000       0.000     -0.9303E-05   0.000     0.3344E-02-0.3334E-02  0.000      0.000      0.000      0.000       0.000       0.000       0.000       0.000       0.000       0.000    
    75600.   12.43410152   12.4580   0.000       0.000      0.2093E-04   0.000     0.2498E-02-0.2519E-02  0.000      0.000      0.000      0.000       0.000       0.000       0.000       0.000       0.000       0.000    
    79200.   12.51365069   12.4678   0.000       0.000     -0.4014E-04   0.000     0.4870E-02-0.4830E-02  0.000      0.000      0.000      0.000       0.000       0.000       0.000       0.000       0.000       0.000    
    82800.   12.52772640   12.4777   0.000       0.000     -0.4378E-04   0.000     0.4722E-02-0.4678E-02  0.000      0.000      0.000      0.000       0.000       0.000       0.000       0.000       0.000       0.000    
    86400.   12.54218382   12.4880   0.000       0.000     -0.4742E-04   0.000     0.4764E-02-0.4717E-02  0.000      0.000      0.000      0.000       0.000       0.000       0.000       0.000       0.000       0.000    
    90000.   12.62622649   12.5044   0.000       0.000     -0.1066E-03   0.000     0.6793E-02-0.6687E-02  0.000      0.000      0.000      0.000       0.000       0.000       0.000       0.000       0.000       0.000    
    93600.   12.82137281   12.5353   0.000       0.000     -0.2503E-03   0.000     0.1147E-01-0.1122E-01  0.000      0.000      0.000      0.000       0.000       0.000       0.000       0.000       0.000       0.000    
    97200.   12.75140242   12.5573   0.000       0.000     -0.1698E-03   0.000     0.7757E-02-0.7587E-02  0.000      0.000      0.000      0.000       0.000       0.000       0.000       0.000       0.000       0.000    
   100800.   12.59916483   12.5655   0.000       0.000     -0.2948E-04   0.000     0.3093E-02-0.3063E-02  0.000      0.000      0.000      0.000       0.000       0.000       0.000       0.000       0.000       0.000    
   104400.   12.52821070   12.5679   0.000       0.000      0.3476E-04   0.000     0.1738E-02-0.1773E-02  0.000      0.000      0.000      0.000       0.000       0.000       0.000       0.000       0.000       0.000    
   108000.   12.50602448   12.5689   0.000       0.000      0.5503E-04   0.000     0.1664E-02-0.1719E-02  0.000      0.000      0.000      0.000       0.000       0.000       0.000       0.000       0.000       0.000    
   111600.   12.47141608   12.5672   0.000       0.000      0.8382E-04   0.000     0.9718E-03-0.1056E-02  0.000      0.000      0.000      0.000       0.000       0.000       0.000       0.000       0.000       0.000    
   115200.   12.44329559   12.5635   0.000       0.000      0.1052E-03   0.000     0.4932E-03-0.5984E-03  0.000      0.000      0.000      0.000       0.000       0.000       0.000       0.000       0.000       0.000    
   118800.   12.42300225   12.5586   0.000       0.000      0.1187E-03   0.000     0.2297E-03-0.3484E-03  0.000      0.000      0.000      0.000       0.000       0.000       0.000       0.000       0.000       0.000    
   122400.   12.43214665   12.5549   0.000       0.000      0.1074E-03   0.000     0.7614E-03-0.8689E-03  0.000      0.000      0.000      0.000       0.000       0.000       0.000       0.000       0.000       0.000    
   126000.   12.41146000   12.5498   0.000       0.000      0.1210E-03   0.000     0.2626E-03-0.3836E-03  0.000      0.000      0.000      0.000       0.000       0.000       0.000       0.000       0.000       0.000    
   129600.   12.46422857   12.5494   0.000       0.000      0.7454E-04   0.000     0.1958E-02-0.2032E-02  0.000      0.000      0.000      0.000       0.000       0.000       0.000       0.000       0.000       0.000    
   133200.   12.43773827   12.5467   0.000       0.000      0.9531E-04   0.000     0.9799E-03-0.1075E-02  0.000      0.000      0.000      0.000       0.000       0.000       0.000       0.000       0.000       0.000    
   136800.   12.42839176   12.5434   0.000       0.000      0.1006E-03   0.000     0.8425E-03-0.9432E-03  0.000      0.000      0.000      0.000       0.000       0.000       0.000       0.000       0.000       0.000    
   140400.   12.40547788   12.5385   0.000       0.000      0.1164E-03   0.000     0.3311E-03-0.4476E-03  0.000      0.000      0.000      0.000       0.000       0.000       0.000       0.000       0.000       0.000    
   144000.   12.40107161   12.5337   0.000       0.000      0.1161E-03   0.000     0.4408E-03-0.5569E-03  0.000      0.000      0.000      0.000       0.000       0.000       0.000       0.000       0.000       0.000    
   147600.   12.39911131   12.5292   0.000       0.000      0.1138E-03   0.000     0.5419E-03-0.6557E-03  0.000      0.000      0.000      0.000       0.000       0.000       0.000       0.000       0.000       0.000    
   151200.   12.39806192   12.5248   0.000       0.000      0.1109E-03   0.000     0.6298E-03-0.7407E-03  0.000      0.000      0.000      0.000       0.000       0.000       0.000       0.000       0.000       0.000    
   154800.   12.39738797   12.5207   0.000       0.000      0.1079E-03   0.000     0.7088E-03-0.8168E-03  0.000      0.000      0.000      0.000       0.000       0.000       0.000       0.000       0.000       0.000    
   158400.   12.41094411   12.5180   0.000       0.000      0.9368E-04   0.000     0.1176E-02-0.1270E-02  0.000      0.000      0.000      0.000       0.000       0.000       0.000       0.000       0.000       0.000    
   162000.   12.46949389   12.5202   0.000       0.000      0.4439E-04   0.000     0.2799E-02-0.2843E-02  0.000      0.000      0.000      0.000       0.000       0.000       0.000       0.000       0.000       0.000    
   165600.   12.46648339   12.5217   0.000       0.000      0.4836E-04   0.000     0.2344E-02-0.2392E-02  0.000      0.000      0.000      0.000       0.000       0.000       0.000       0.000       0.000       0.000    
   169200.   12.41987654   12.5193   0.000       0.000      0.8698E-04   0.000     0.9272E-03-0.1014E-02  0.000      0.000      0.000      0.000       0.000       0.000       0.000       0.000       0.000       0.000    
   172800.   12.40587160   12.5160   0.000       0.000      0.9638E-04   0.000     0.7981E-03-0.8945E-03  0.000      0.000      0.000      0.000       0.000       0.000       0.000       0.000       0.000       0.000    
