TOTIM (T)      HCON          HMAT      QDIR      QWELL        QMAT       QCADS      QTUB1      QTUB2      QTUB3      QTUB4      QTUB5      QTUB6       NSTOR        QFIX        QLH     FHLQ (LQ)        CAUCHY   CAUCHY (LQ)
     3600.   12.36082566   12.3810   0.000       0.000      0.1769E-04   0.000    -0.2226E-02 0.2208E-02  0.000      0.000      0.000      0.000       0.000       0.000       0.000       0.000       0.000       0.000    
     7200.   12.34684108   12.3799   0.000       0.000      0.2893E-04   0.000    -0.1965E-02 0.1936E-02  0.000      0.000      0.000      0.000       0.000       0.000       0.000       0.000       0.000       0.000    
    10800.   12.34432498   12.3787   0.000       0.000      0.3008E-04   0.000    -0.2001E-02 0.1971E-02  0.000      0.000      0.000      0.000       0.000       0.000       0.000       0.000       0.000       0.000    
    14400.   12.34314836   12.3775   0.000       0.000      0.3007E-04   0.000    -0.2024E-02 0.1994E-02  0.000      0.000      0.000      0.000       0.000       0.000       0.000       0.000       0.000       0.000    
    18000.   12.34240874   12.3764   0.000       0.000      0.2970E-04   0.000    -0.2038E-02 0.2009E-02  0.000      0.000      0.000      0.000       0.000       0.000       0.000       0.000       0.000       0.000    
    21600.   12.34186085   12.3752   0.000       0.000      0.2920E-04   0.000    -0.2049E-02 0.2020E-02  0.000      0.000      0.000      0.000       0.000       0.000       0.000       0.000       0.000       0.000    
    25200.   12.34140019   12.3742   0.000       0.000      0.2866E-04   0.000    -0.2057E-02 0.2028E-02  0.000      0.000      0.000      0.000       0.000       0.000       0.000       0.000       0.000       0.000    
    28800.   12.34100720   12.3731   0.000       0.000      0.2810E-04   0.000    -0.2064E-02 0.2035E-02  0.000      0.000      0.000      0.000       0.000       0.000       0.000       0.000       0.000       0.000    
    32400.   12.34062169   12.3721   0.000       0.000      0.2757E-04   0.000    -0.2069E-02 0.2042E-02  0.000      0.000      0.000      0.000       0.000       0.000       0.000       0.000       0.000       0.000    
    36000.   12.34023936   12.3712   0.000       0.000      0.2707E-04   0.000    -0.2075E-02 0.2048E-02  0.000      0.000      0.000      0.000       0.000       0.000       0.000       0.000       0.000       0.000    
    39600.   12.33985875   12.3703   0.000       0.000      0.2659E-04   0.000    -0.2080E-02 0.2053E-02  0.000      0.000      0.000      0.000       0.000       0.000       0.000       0.000       0.000       0.000    
    43200.   12.35351469   12.3705   0.000       0.000      0.1487E-04   0.000    -0.2344E-02 0.2329E-02  0.000      0.000      0.000      0.000       0.000       0.000       0.000       0.000       0.000       0.000    
    46800.   12.35568137   12.3709   0.000       0.000      0.1329E-04   0.000    -0.2312E-02 0.2298E-02  0.000      0.000      0.000      0.000       0.000       0.000       0.000       0.000       0.000       0.000    
    50400.   12.34245027   12.3701   0.000       0.000      0.2419E-04   0.000    -0.2033E-02 0.2009E-02  0.000      0.000      0.000      0.000       0.000       0.000       0.000       0.000       0.000       0.000    
    54000.   12.35433392   12.3704   0.000       0.000      0.1407E-04   0.000    -0.2318E-02 0.2303E-02  0.000      0.000      0.000      0.000       0.000       0.000       0.000       0.000       0.000       0.000    
    57600.   12.39109686   12.3737   0.000       0.000     -0.1525E-04   0.000    -0.2944E-02 0.2959E-02  0.000      0.000      0.000      0.000       0.000       0.000       0.000       0.000       0.000       0.000    
    61200.   12.50384039   12.3858   0.000       0.000     -0.1033E-03   0.000    -0.4778E-02 0.4882E-02  0.000      0.000      0.000      0.000       0.000       0.000       0.000       0.000       0.000       0.000    
    64800.   12.49817763   12.3961   0.000       0.000     -0.8935E-04   0.000    -0.3920E-02 0.4009E-02  0.000      0.000      0.000      0.000       0.000       0.000       0.000       0.000       0.000       0.000    
    68400.   12.49716750   12.4054   0.000       0.000     -0.8026E-04   0.000    -0.3647E-02 0.3727E-02  0.000      0.000      0.000      0.000       0.000       0.000       0.000       0.000       0.000       0.000    
    72000.   12.46539221   12.4115   0.000       0.000     -0.4711E-04   0.000    -0.2924E-02 0.2971E-02  0.000      0.000      0.000      0.000       0.000       0.000       0.000       0.000       0.000       0.000    
    75600.   12.43410078   12.4148   0.000       0.000     -0.1688E-04   0.000    -0.2437E-02 0.2454E-02  0.000      0.000      0.000      0.000       0.000       0.000       0.000       0.000       0.000       0.000    
    79200.   12.51364942   12.4246   0.000       0.000     -0.7795E-04   0.000    -0.4068E-02 0.4145E-02  0.000      0.000      0.000      0.000       0.000       0.000       0.000       0.000       0.000       0.000    
    82800.   12.52772518   12.4345   0.000       0.000     -0.8159E-04   0.000    -0.3884E-02 0.3965E-02  0.000      0.000      0.000      0.000       0.000       0.000       0.000       0.000       0.000       0.000    
    86400.   12.54218260   12.4448   0.000       0.000     -0.8523E-04   0.000    -0.3884E-02 0.3969E-02  0.000      0.000      0.000      0.000       0.000       0.000       0.000       0.000       0.000       0.000    
    90000.   12.62622483   12.4612   0.000       0.000     -0.1444E-03   0.000    -0.5201E-02 0.5345E-02  0.000      0.000      0.000      0.000       0.000       0.000       0.000       0.000       0.000       0.000    
    93600.   12.82134724   12.4921   0.000       0.000     -0.2881E-03   0.000    -0.8155E-02 0.8443E-02  0.000      0.000      0.000      0.000       0.000       0.000       0.000       0.000       0.000       0.000    
    97200.   12.75139038   12.5141   0.000       0.000     -0.2076E-03   0.000    -0.5438E-02 0.5646E-02  0.000      0.000      0.000      0.000       0.000       0.000       0.000       0.000       0.000       0.000    
   100800.   12.59916225   12.5223   0.000       0.000     -0.6729E-04   0.000    -0.2457E-02 0.2524E-02  0.000      0.000      0.000      0.000       0.000       0.000       0.000       0.000       0.000       0.000    
   104400.   12.52821014   12.5247   0.000       0.000     -0.3046E-05   0.000    -0.1852E-02 0.1855E-02  0.000      0.000      0.000      0.000       0.000       0.000       0.000       0.000       0.000       0.000    
   108000.   12.50602390   12.5257   0.000       0.000      0.1723E-04   0.000    -0.2006E-02 0.1989E-02  0.000      0.000      0.000      0.000       0.000       0.000       0.000       0.000       0.000       0.000    
   111600.   12.47141564   12.5240   0.000       0.000      0.4602E-04   0.000    -0.1653E-02 0.1607E-02  0.000      0.000      0.000      0.000       0.000       0.000       0.000       0.000       0.000       0.000    
   115200.   12.44329524   12.5203   0.000       0.000      0.6742E-04   0.000    -0.1426E-02 0.1358E-02  0.000      0.000      0.000      0.000       0.000       0.000       0.000       0.000       0.000       0.000    
   118800.   12.42300194   12.5154   0.000       0.000      0.8089E-04   0.000    -0.1319E-02 0.1238E-02  0.000      0.000      0.000      0.000       0.000       0.000       0.000       0.000       0.000       0.000    
   122400.   12.43214622   12.5118   0.000       0.000      0.6967E-04   0.000    -0.1712E-02 0.1643E-02  0.000      0.000      0.000      0.000       0.000       0.000       0.000       0.000       0.000       0.000    
   126000.   12.41145968   12.5066   0.000       0.000      0.8328E-04   0.000    -0.1378E-02 0.1295E-02  0.000      0.000      0.000      0.000       0.000       0.000       0.000       0.000       0.000       0.000    
   129600.   12.46422788   12.5063   0.000       0.000      0.3680E-04   0.000    -0.2511E-02 0.2474E-02  0.000      0.000      0.000      0.000       0.000       0.000       0.000       0.000       0.000       0.000    
   133200.   12.43773780   12.5035   0.000       0.000      0.5758E-04   0.000    -0.1791E-02 0.1733E-02  0.000      0.000      0.000      0.000       0.000       0.000       0.000       0.000       0.000       0.000    
   136800.   12.42839132   12.5003   0.000       0.000      0.6292E-04   0.000    -0.1716E-02 0.1653E-02  0.000      0.000      0.000      0.000       0.000       0.000       0.000       0.000       0.000       0.000    
   140400.   12.40547755   12.4954   0.000       0.000      0.7872E-04   0.000    -0.1394E-02 0.1315E-02  0.000      0.000      0.000      0.000       0.000       0.000       0.000       0.000       0.000       0.000    
   144000.   12.40107125   12.4907   0.000       0.000      0.7839E-04   0.000    -0.1497E-02 0.1419E-02  0.000      0.000      0.000      0.000       0.000       0.000       0.000       0.000       0.000       0.000    
   147600.   12.39911093   12.4861   0.000       0.000      0.7611E-04   0.000    -0.1570E-02 0.1494E-02  0.000      0.000      0.000      0.000       0.000       0.000       0.000       0.000       0.000       0.000    
   151200.   12.39806152   12.4818   0.000       0.000      0.7324E-04   0.000    -0.1624E-02 0.1550E-02  0.000      0.000      0.000      0.000       0.000       0.000       0.000       0.000       0.000       0.000    
   154800.   12.39738755   12.4777   0.000       0.000      0.7025E-04   0.000    -0.1667E-02 0.1597E-02  0.000      0.000      0.000      0.000       0.000       0.000       0.000       0.000       0.000       0.000    
   158400.   12.41094360   12.4750   0.000       0.000      0.5602E-04   0.000    -0.1964E-02 0.1908E-02  0.000      0.000      0.000      0.000       0.000       0.000       0.000       0.000       0.000       0.000    
   162000.   12.46949303   12.4772   0.000       0.000      0.6740E-05   0.000    -0.2995E-02 0.2989E-02  0.000      0.000      0.000      0.000       0.000       0.000       0.000       0.000       0.000       0.000    
   165600.   12.46648263   12.4787   0.000       0.000      0.1071E-04   0.000    -0.2597E-02 0.2586E-02  0.000      0.000      0.000      0.000       0.000       0.000       0.000       0.000       0.000       0.000    
   169200.   12.41987610   12.4763   0.000       0.000      0.4934E-04   0.000    -0.1647E-02 0.1598E-02  0.000      0.000      0.000      0.000       0.000       0.000       0.000       0.000       0.000       0.000    
   172800.   12.40587118   12.4730   0.000       0.000      0.5875E-04   0.000    -0.1626E-02 0.1567E-02  0.000      0.000      0.000      0.000       0.000       0.000       0.000       0.000       0.000       0.000    
