TOTIM (T)      HCON          HMAT      QDIR      QWELL        QMAT       QCADS      QTUB1      QTUB2      QTUB3      QTUB4      QTUB5      QTUB6       NSTOR        QFIX        QLH     FHLQ (LQ)        CAUCHY   CAUCHY (LQ)
     3600.   12.36082585   12.3895   0.000       0.000      0.2512E-04   0.000     0.2434E-02-0.2459E-02  0.000      0.000      0.000      0.000       0.000       0.000       0.000       0.000       0.000       0.000    
     7200.   12.34684126   12.3884   0.000       0.000      0.3636E-04   0.000     0.2128E-02-0.2164E-02  0.000      0.000      0.000      0.000       0.000       0.000       0.000       0.000       0.000       0.000    
    10800.   12.34432516   12.3872   0.000       0.000      0.3751E-04   0.000     0.2161E-02-0.2198E-02  0.000      0.000      0.000      0.000       0.000       0.000       0.000       0.000       0.000       0.000    
    14400.   12.34314855   12.3860   0.000       0.000      0.3750E-04   0.000     0.2184E-02-0.2222E-02  0.000      0.000      0.000      0.000       0.000       0.000       0.000       0.000       0.000       0.000    
    18000.   12.34240893   12.3848   0.000       0.000      0.3713E-04   0.000     0.2201E-02-0.2238E-02  0.000      0.000      0.000      0.000       0.000       0.000       0.000       0.000       0.000       0.000    
    21600.   12.34186103   12.3837   0.000       0.000      0.3663E-04   0.000     0.2213E-02-0.2250E-02  0.000      0.000      0.000      0.000       0.000       0.000       0.000       0.000       0.000       0.000    
    25200.   12.34140038   12.3826   0.000       0.000      0.3608E-04   0.000     0.2223E-02-0.2259E-02  0.000      0.000      0.000      0.000       0.000       0.000       0.000       0.000       0.000       0.000    
    28800.   12.34100739   12.3816   0.000       0.000      0.3553E-04   0.000     0.2232E-02-0.2267E-02  0.000      0.000      0.000      0.000       0.000       0.000       0.000       0.000       0.000       0.000    
    32400.   12.34062187   12.3806   0.000       0.000      0.3499E-04   0.000     0.2240E-02-0.2275E-02  0.000      0.000      0.000      0.000       0.000       0.000       0.000       0.000       0.000       0.000    
    36000.   12.34023955   12.3797   0.000       0.000      0.3449E-04   0.000     0.2247E-02-0.2282E-02  0.000      0.000      0.000      0.000       0.000       0.000       0.000       0.000       0.000       0.000    
    39600.   12.33985893   12.3787   0.000       0.000      0.3402E-04   0.000     0.2254E-02-0.2288E-02  0.000      0.000      0.000      0.000       0.000       0.000       0.000       0.000       0.000       0.000    
    43200.   12.35351489   12.3790   0.000       0.000      0.2230E-04   0.000     0.2565E-02-0.2588E-02  0.000      0.000      0.000      0.000       0.000       0.000       0.000       0.000       0.000       0.000    
    46800.   12.35568157   12.3794   0.000       0.000      0.2072E-04   0.000     0.2538E-02-0.2558E-02  0.000      0.000      0.000      0.000       0.000       0.000       0.000       0.000       0.000       0.000    
    50400.   12.34245046   12.3786   0.000       0.000      0.3162E-04   0.000     0.2214E-02-0.2246E-02  0.000      0.000      0.000      0.000       0.000       0.000       0.000       0.000       0.000       0.000    
    54000.   12.35433412   12.3789   0.000       0.000      0.2149E-04   0.000     0.2541E-02-0.2563E-02  0.000      0.000      0.000      0.000       0.000       0.000       0.000       0.000       0.000       0.000    
    57600.   12.39109710   12.3822   0.000       0.000     -0.7818E-05   0.000     0.3285E-02-0.3277E-02  0.000      0.000      0.000      0.000       0.000       0.000       0.000       0.000       0.000       0.000    
    61200.   12.50384076   12.3943   0.000       0.000     -0.9585E-04   0.000     0.5471E-02-0.5375E-02  0.000      0.000      0.000      0.000       0.000       0.000       0.000       0.000       0.000       0.000    
    64800.   12.49817794   12.4046   0.000       0.000     -0.8192E-04   0.000     0.4541E-02-0.4459E-02  0.000      0.000      0.000      0.000       0.000       0.000       0.000       0.000       0.000       0.000    
    68400.   12.49716779   12.4139   0.000       0.000     -0.7283E-04   0.000     0.4229E-02-0.4156E-02  0.000      0.000      0.000      0.000       0.000       0.000       0.000       0.000       0.000       0.000    
    72000.   12.46539245   12.4200   0.000       0.000     -0.3968E-04   0.000     0.3374E-02-0.3334E-02  0.000      0.000      0.000      0.000       0.000       0.000       0.000       0.000       0.000       0.000    
    75600.   12.43410099   12.4233   0.000       0.000     -0.9451E-05   0.000     0.2770E-02-0.2761E-02  0.000      0.000      0.000      0.000       0.000       0.000       0.000       0.000       0.000       0.000    
    79200.   12.51364974   12.4331   0.000       0.000     -0.7052E-04   0.000     0.4654E-02-0.4583E-02  0.000      0.000      0.000      0.000       0.000       0.000       0.000       0.000       0.000       0.000    
    82800.   12.52772548   12.4430   0.000       0.000     -0.7416E-04   0.000     0.4476E-02-0.4402E-02  0.000      0.000      0.000      0.000       0.000       0.000       0.000       0.000       0.000       0.000    
    86400.   12.54218290   12.4533   0.000       0.000     -0.7780E-04   0.000     0.4489E-02-0.4411E-02  0.000      0.000      0.000      0.000       0.000       0.000       0.000       0.000       0.000       0.000    
    90000.   12.62622522   12.4697   0.000       0.000     -0.1370E-03   0.000     0.6045E-02-0.5908E-02  0.000      0.000      0.000      0.000       0.000       0.000       0.000       0.000       0.000       0.000    
    93600.   12.82135201   12.5006   0.000       0.000     -0.2807E-03   0.000     0.9571E-02-0.9290E-02  0.000      0.000      0.000      0.000       0.000       0.000       0.000       0.000       0.000       0.000    
    97200.   12.75139271   12.5226   0.000       0.000     -0.2002E-03   0.000     0.6503E-02-0.6303E-02  0.000      0.000      0.000      0.000       0.000       0.000       0.000       0.000       0.000       0.000    
   100800.   12.59916295   12.5308   0.000       0.000     -0.5985E-04   0.000     0.2961E-02-0.2901E-02  0.000      0.000      0.000      0.000       0.000       0.000       0.000       0.000       0.000       0.000    
   104400.   12.52821031   12.5332   0.000       0.000      0.4396E-05   0.000     0.2120E-02-0.2124E-02  0.000      0.000      0.000      0.000       0.000       0.000       0.000       0.000       0.000       0.000    
   108000.   12.50602408   12.5342   0.000       0.000      0.2467E-04   0.000     0.2208E-02-0.2233E-02  0.000      0.000      0.000      0.000       0.000       0.000       0.000       0.000       0.000       0.000    
   111600.   12.47141580   12.5325   0.000       0.000      0.5347E-04   0.000     0.1746E-02-0.1800E-02  0.000      0.000      0.000      0.000       0.000       0.000       0.000       0.000       0.000       0.000    
   115200.   12.44329538   12.5289   0.000       0.000      0.7487E-04   0.000     0.1439E-02-0.1514E-02  0.000      0.000      0.000      0.000       0.000       0.000       0.000       0.000       0.000       0.000    
   118800.   12.42300207   12.5240   0.000       0.000      0.8834E-04   0.000     0.1283E-02-0.1372E-02  0.000      0.000      0.000      0.000       0.000       0.000       0.000       0.000       0.000       0.000    
   122400.   12.43214639   12.5203   0.000       0.000      0.7712E-04   0.000     0.1725E-02-0.1802E-02  0.000      0.000      0.000      0.000       0.000       0.000       0.000       0.000       0.000       0.000    
   126000.   12.41145982   12.5152   0.000       0.000      0.9073E-04   0.000     0.1335E-02-0.1426E-02  0.000      0.000      0.000      0.000       0.000       0.000       0.000       0.000       0.000       0.000    
   129600.   12.46422810   12.5148   0.000       0.000      0.4425E-04   0.000     0.2658E-02-0.2702E-02  0.000      0.000      0.000      0.000       0.000       0.000       0.000       0.000       0.000       0.000    
   133200.   12.43773797   12.5121   0.000       0.000      0.6503E-04   0.000     0.1846E-02-0.1911E-02  0.000      0.000      0.000      0.000       0.000       0.000       0.000       0.000       0.000       0.000    
   136800.   12.42839148   12.5088   0.000       0.000      0.7037E-04   0.000     0.1752E-02-0.1822E-02  0.000      0.000      0.000      0.000       0.000       0.000       0.000       0.000       0.000       0.000    
   140400.   12.40547769   12.5040   0.000       0.000      0.8617E-04   0.000     0.1366E-02-0.1453E-02  0.000      0.000      0.000      0.000       0.000       0.000       0.000       0.000       0.000       0.000    
   144000.   12.40107140   12.4992   0.000       0.000      0.8585E-04   0.000     0.1473E-02-0.1559E-02  0.000      0.000      0.000      0.000       0.000       0.000       0.000       0.000       0.000       0.000    
   147600.   12.39911108   12.4946   0.000       0.000      0.8356E-04   0.000     0.1556E-02-0.1640E-02  0.000      0.000      0.000      0.000       0.000       0.000       0.000       0.000       0.000       0.000    
   151200.   12.39806167   12.4903   0.000       0.000      0.8069E-04   0.000     0.1621E-02-0.1702E-02  0.000      0.000      0.000      0.000       0.000       0.000       0.000       0.000       0.000       0.000    
   154800.   12.39738771   12.4862   0.000       0.000      0.7770E-04   0.000     0.1676E-02-0.1754E-02  0.000      0.000      0.000      0.000       0.000       0.000       0.000       0.000       0.000       0.000    
   158400.   12.41094378   12.4835   0.000       0.000      0.6348E-04   0.000     0.2030E-02-0.2093E-02  0.000      0.000      0.000      0.000       0.000       0.000       0.000       0.000       0.000       0.000    
   162000.   12.46949328   12.4857   0.000       0.000      0.1419E-04   0.000     0.3258E-02-0.3272E-02  0.000      0.000      0.000      0.000       0.000       0.000       0.000       0.000       0.000       0.000    
   165600.   12.46648286   12.4872   0.000       0.000      0.1817E-04   0.000     0.2835E-02-0.2853E-02  0.000      0.000      0.000      0.000       0.000       0.000       0.000       0.000       0.000       0.000    
   169200.   12.41987626   12.4848   0.000       0.000      0.5679E-04   0.000     0.1727E-02-0.1784E-02  0.000      0.000      0.000      0.000       0.000       0.000       0.000       0.000       0.000       0.000    
   172800.   12.40587133   12.4815   0.000       0.000      0.6620E-04   0.000     0.1673E-02-0.1739E-02  0.000      0.000      0.000      0.000       0.000       0.000       0.000       0.000       0.000       0.000    
