TOTIM (T)      HCON          HMAT      QDIR      QWELL        QMAT       QCADS      QTUB1      QTUB2      QTUB3      QTUB4      QTUB5      QTUB6       NSTOR        QFIX        QLH     FHLQ (LQ)        CAUCHY   CAUCHY (LQ)
     3600.   12.36082671   12.1245  0.5384E-03   0.000     -0.2068E-03   0.000     0.9999E-04-0.4316E-03  0.000      0.000      0.000      0.000       0.000       0.000       0.000       0.000       0.000       0.000    
     7200.   12.34684197   12.1552   0.000       0.000     -0.1677E-03  0.3933E-04 0.2235E-03-0.9513E-04  0.000      0.000      0.000      0.000       0.000       0.000       0.000       0.000       0.000       0.000    
    10800.   12.34432586   12.1834   0.000       0.000     -0.1408E-03  0.7077E-05 0.2259E-03-0.9212E-04  0.000      0.000      0.000      0.000       0.000       0.000       0.000       0.000       0.000       0.000    
    14400.   12.34314926   12.2094   0.000       0.000     -0.1170E-03  0.3309E-05 0.2211E-03-0.1073E-03  0.000      0.000      0.000      0.000       0.000       0.000       0.000       0.000       0.000       0.000    
    18000.   12.34240966   12.2334   0.000       0.000     -0.9540E-04  0.2080E-05 0.2160E-03-0.1226E-03  0.000      0.000      0.000      0.000       0.000       0.000       0.000       0.000       0.000       0.000    
    21600.   12.34186177   12.2555   0.000       0.000     -0.7556E-04  0.1541E-05 0.2111E-03-0.1371E-03  0.000      0.000      0.000      0.000       0.000       0.000       0.000       0.000       0.000       0.000    
    25200.   12.34140112   12.2759   0.000       0.000     -0.5730E-04  0.1296E-05 0.2065E-03-0.1505E-03  0.000      0.000      0.000      0.000       0.000       0.000       0.000       0.000       0.000       0.000    
    28800.   12.34100814   12.2948   0.000       0.000     -0.4048E-04  0.1105E-05 0.2023E-03-0.1629E-03  0.000      0.000      0.000      0.000       0.000       0.000       0.000       0.000       0.000       0.000    
    32400.   12.34062262   12.3121   0.000       0.000     -0.2493E-04  0.1084E-05 0.1984E-03-0.1746E-03  0.000      0.000      0.000      0.000       0.000       0.000       0.000       0.000       0.000       0.000    
    36000.   12.34024031   12.3282   0.000       0.000     -0.1055E-04  0.1075E-05 0.1949E-03-0.1854E-03  0.000      0.000      0.000      0.000       0.000       0.000       0.000       0.000       0.000       0.000    
    39600.   12.33985970   12.3430   0.000       0.000      0.2743E-05  0.1070E-05 0.1917E-03-0.1955E-03  0.000      0.000      0.000      0.000       0.000       0.000       0.000       0.000       0.000       0.000    
    43200.   12.35351582   12.3260  0.5384E-03   0.000     -0.2409E-04 -0.3841E-04 0.6521E-04-0.5411E-03  0.000      0.000      0.000      0.000       0.000       0.000       0.000       0.000       0.000       0.000    
    46800.   12.35568250   12.3104  0.5384E-03   0.000     -0.3960E-04 -0.6094E-05 0.6012E-04-0.5528E-03  0.000      0.000      0.000      0.000       0.000       0.000       0.000       0.000       0.000       0.000    
    50400.   12.34245121   12.3268   0.000       0.000     -0.1371E-04  0.3721E-04 0.1859E-03-0.2094E-03  0.000      0.000      0.000      0.000       0.000       0.000       0.000       0.000       0.000       0.000    
    54000.   12.35433504   12.3111  0.5384E-03   0.000     -0.3781E-04 -0.3342E-04 0.6765E-04-0.5348E-03  0.000      0.000      0.000      0.000       0.000       0.000       0.000       0.000       0.000       0.000    
    57600.   12.39109842   12.2201  0.1884E-02   0.000     -0.1497E-03 -0.1034E-03-0.2454E-03-0.1386E-02  0.000      0.000      0.000      0.000       0.000       0.000       0.000       0.000       0.000       0.000    
    61200.   12.50384327   11.9062  0.5922E-02   0.000     -0.5229E-03 -0.3171E-03-0.1175E-02-0.3907E-02  0.000      0.000      0.000      0.000       0.000       0.000       0.000       0.000       0.000       0.000    
    64800.   12.49818006   11.6787  0.4845E-02   0.000     -0.7171E-03  0.1593E-04-0.9315E-03-0.3213E-02  0.000      0.000      0.000      0.000       0.000       0.000       0.000       0.000       0.000       0.000    
    68400.   12.49716973   11.4839  0.4576E-02   0.000     -0.8866E-03  0.2842E-05-0.8136E-03-0.2879E-02  0.000      0.000      0.000      0.000       0.000       0.000       0.000       0.000       0.000       0.000    
    72000.   12.46539392   11.3807  0.3230E-02   0.000     -0.9491E-03  0.8937E-04-0.4603E-03-0.1910E-02  0.000      0.000      0.000      0.000       0.000       0.000       0.000       0.000       0.000       0.000    
    75600.   12.43410210   11.3465  0.2154E-02   0.000     -0.9517E-03  0.8801E-04-0.1694E-03-0.1120E-02  0.000      0.000      0.000      0.000       0.000       0.000       0.000       0.000       0.000       0.000    
    79200.   12.51365181   11.1300  0.5384E-02   0.000     -0.1211E-02 -0.2237E-03-0.8825E-03-0.3067E-02  0.000      0.000      0.000      0.000       0.000       0.000       0.000       0.000       0.000       0.000    
    82800.   12.52772752   10.9302  0.5384E-02   0.000     -0.1398E-02 -0.3959E-04-0.8871E-03-0.3059E-02  0.000      0.000      0.000      0.000       0.000       0.000       0.000       0.000       0.000       0.000    
    86400.   12.54218495   10.7300  0.5653E-02   0.000     -0.1586E-02 -0.4066E-04-0.9130E-03-0.3114E-02  0.000      0.000      0.000      0.000       0.000       0.000       0.000       0.000       0.000       0.000    
    90000.   12.62622809   10.3752  0.8614E-02   0.000     -0.1970E-02 -0.2364E-03-0.1556E-02-0.4852E-02  0.000      0.000      0.000      0.000       0.000       0.000       0.000       0.000       0.000       0.000    
    93600.   12.82138715    9.6611  0.1534E-01   0.000     -0.2765E-02 -0.5489E-03-0.7340E-02-0.4690E-02  0.000      0.000      0.000      0.000       0.000       0.000       0.000       0.000       0.000       0.000    
    97200.   12.75141022    9.2463  0.1104E-01   0.000     -0.3067E-02  0.1968E-03-0.4503E-02-0.3663E-02  0.000      0.000      0.000      0.000       0.000       0.000       0.000       0.000       0.000       0.000    
   100800.   12.59916555    9.2003  0.5115E-02   0.000     -0.2974E-02  0.4282E-03-0.8917E-03-0.1677E-02  0.000      0.000      0.000      0.000       0.000       0.000       0.000       0.000       0.000       0.000    
   104400.   12.52821106    9.2643  0.3230E-02   0.000     -0.2856E-02  0.1996E-03-0.1220E-04-0.5617E-03  0.000      0.000      0.000      0.000       0.000       0.000       0.000       0.000       0.000       0.000    
   108000.   12.50602480    9.3384  0.2961E-02   0.000     -0.2772E-02  0.6240E-04 0.7927E-04-0.3311E-03  0.000      0.000      0.000      0.000       0.000       0.000       0.000       0.000       0.000       0.000    
   111600.   12.47141625    9.4686  0.1884E-02   0.000     -0.2627E-02  0.9734E-04 0.3216E-03 0.3243E-03  0.000      0.000      0.000      0.000       0.000       0.000       0.000       0.000       0.000       0.000    
   115200.   12.44329564    9.6354  0.1077E-02   0.000     -0.2457E-02  0.7909E-04 0.4983E-03 0.8028E-03  0.000      0.000      0.000      0.000       0.000       0.000       0.000       0.000       0.000       0.000    
   118800.   12.42300222    9.8208  0.5384E-03   0.000     -0.2277E-02  0.5708E-04 0.6010E-03 0.1081E-02  0.000      0.000      0.000      0.000       0.000       0.000       0.000       0.000       0.000       0.000    
   122400.   12.43214675    9.9617  0.1077E-02   0.000     -0.2162E-02 -0.2572E-04 0.4478E-03 0.6628E-03  0.000      0.000      0.000      0.000       0.000       0.000       0.000       0.000       0.000       0.000    
   126000.   12.41145999   10.1387  0.2692E-03   0.000     -0.1989E-02  0.5818E-04 0.5941E-03 0.1067E-02  0.000      0.000      0.000      0.000       0.000       0.000       0.000       0.000       0.000       0.000    
   129600.   12.46422895   10.1793  0.2423E-02   0.000     -0.1999E-02 -0.1484E-03 0.7382E-04-0.3488E-03  0.000      0.000      0.000      0.000       0.000       0.000       0.000       0.000       0.000       0.000    
   133200.   12.43773845   10.2945  0.1077E-02   0.000     -0.1875E-02  0.7450E-04 0.3382E-03 0.3859E-03  0.000      0.000      0.000      0.000       0.000       0.000       0.000       0.000       0.000       0.000    
   136800.   12.42839188   10.4165  0.8076E-03   0.000     -0.1760E-02  0.2629E-04 0.3921E-03 0.5344E-03  0.000      0.000      0.000      0.000       0.000       0.000       0.000       0.000       0.000       0.000    
   140400.   12.40547788   10.5757   0.000       0.000     -0.1601E-02  0.6445E-04 0.5562E-03 0.9803E-03  0.000      0.000      0.000      0.000       0.000       0.000       0.000       0.000       0.000       0.000    
   144000.   12.40107163   10.7230   0.000       0.000     -0.1468E-02  0.1239E-04 0.5359E-03 0.9200E-03  0.000      0.000      0.000      0.000       0.000       0.000       0.000       0.000       0.000       0.000    
   147600.   12.39911136   10.8593   0.000       0.000     -0.1347E-02  0.5513E-05 0.5061E-03 0.8357E-03  0.000      0.000      0.000      0.000       0.000       0.000       0.000       0.000       0.000       0.000    
   151200.   12.39806199   10.9855   0.000       0.000     -0.1236E-02  0.2951E-05 0.4775E-03 0.7556E-03  0.000      0.000      0.000      0.000       0.000       0.000       0.000       0.000       0.000       0.000    
   154800.   12.39738806   11.1023   0.000       0.000     -0.1133E-02  0.1895E-05 0.4507E-03 0.6806E-03  0.000      0.000      0.000      0.000       0.000       0.000       0.000       0.000       0.000       0.000    
   158400.   12.41094432   11.1796  0.5384E-03   0.000     -0.1077E-02 -0.3813E-04 0.3026E-03 0.2746E-03  0.000      0.000      0.000      0.000       0.000       0.000       0.000       0.000       0.000       0.000    
   162000.   12.46949449   11.1284  0.2692E-02   0.000     -0.1173E-02 -0.1647E-03-0.2163E-03-0.1137E-02  0.000      0.000      0.000      0.000       0.000       0.000       0.000       0.000       0.000       0.000    
   165600.   12.46648390   11.1123  0.2154E-02   0.000     -0.1185E-02  0.8467E-05-0.1184E-03-0.8587E-03  0.000      0.000      0.000      0.000       0.000       0.000       0.000       0.000       0.000       0.000    
   169200.   12.41987672   11.2052  0.2692E-03   0.000     -0.1063E-02  0.1311E-03 0.3214E-03 0.3412E-03  0.000      0.000      0.000      0.000       0.000       0.000       0.000       0.000       0.000       0.000    
   172800.   12.40587172   11.3062   0.000       0.000     -0.9623E-03  0.3939E-04 0.3946E-03 0.5282E-03  0.000      0.000      0.000      0.000       0.000       0.000       0.000       0.000       0.000       0.000    
