TOTIM (T)      HCON          HMAT      QDIR      QWELL        QMAT       QCADS      QTUB1      QTUB2      QTUB3      QTUB4      QTUB5      QTUB6       NSTOR        QFIX        QLH     FHLQ (LQ)        CAUCHY   CAUCHY (LQ)
     3600.   12.36082608   12.4297   0.000       0.000      0.6022E-04   0.000     0.2246E-02-0.2306E-02  0.000      0.000      0.000      0.000       0.000       0.000       0.000       0.000       0.000       0.000    
     7200.   12.34684146   12.4285   0.000       0.000      0.7146E-04   0.000     0.1894E-02-0.1966E-02  0.000      0.000      0.000      0.000       0.000       0.000       0.000       0.000       0.000       0.000    
    10800.   12.34432536   12.4273   0.000       0.000      0.7261E-04   0.000     0.1923E-02-0.1996E-02  0.000      0.000      0.000      0.000       0.000       0.000       0.000       0.000       0.000       0.000    
    14400.   12.34314875   12.4261   0.000       0.000      0.7260E-04   0.000     0.1947E-02-0.2019E-02  0.000      0.000      0.000      0.000       0.000       0.000       0.000       0.000       0.000       0.000    
    18000.   12.34240914   12.4250   0.000       0.000      0.7223E-04   0.000     0.1964E-02-0.2037E-02  0.000      0.000      0.000      0.000       0.000       0.000       0.000       0.000       0.000       0.000    
    21600.   12.34186124   12.4238   0.000       0.000      0.7173E-04   0.000     0.1979E-02-0.2051E-02  0.000      0.000      0.000      0.000       0.000       0.000       0.000       0.000       0.000       0.000    
    25200.   12.34140059   12.4228   0.000       0.000      0.7119E-04   0.000     0.1991E-02-0.2063E-02  0.000      0.000      0.000      0.000       0.000       0.000       0.000       0.000       0.000       0.000    
    28800.   12.34100760   12.4217   0.000       0.000      0.7063E-04   0.000     0.2002E-02-0.2073E-02  0.000      0.000      0.000      0.000       0.000       0.000       0.000       0.000       0.000       0.000    
    32400.   12.34062209   12.4207   0.000       0.000      0.7010E-04   0.000     0.2012E-02-0.2082E-02  0.000      0.000      0.000      0.000       0.000       0.000       0.000       0.000       0.000       0.000    
    36000.   12.34023976   12.4198   0.000       0.000      0.6960E-04   0.000     0.2021E-02-0.2091E-02  0.000      0.000      0.000      0.000       0.000       0.000       0.000       0.000       0.000       0.000    
    39600.   12.33985915   12.4189   0.000       0.000      0.6913E-04   0.000     0.2030E-02-0.2099E-02  0.000      0.000      0.000      0.000       0.000       0.000       0.000       0.000       0.000       0.000    
    43200.   12.35351514   12.4191   0.000       0.000      0.5741E-04   0.000     0.2389E-02-0.2446E-02  0.000      0.000      0.000      0.000       0.000       0.000       0.000       0.000       0.000       0.000    
    46800.   12.35568182   12.4195   0.000       0.000      0.5584E-04   0.000     0.2367E-02-0.2423E-02  0.000      0.000      0.000      0.000       0.000       0.000       0.000       0.000       0.000       0.000    
    50400.   12.34245067   12.4187   0.000       0.000      0.6674E-04   0.000     0.2000E-02-0.2066E-02  0.000      0.000      0.000      0.000       0.000       0.000       0.000       0.000       0.000       0.000    
    54000.   12.35433437   12.4190   0.000       0.000      0.5661E-04   0.000     0.2368E-02-0.2424E-02  0.000      0.000      0.000      0.000       0.000       0.000       0.000       0.000       0.000       0.000    
    57600.   12.39109742   12.4223   0.000       0.000      0.2730E-04   0.000     0.3229E-02-0.3256E-02  0.000      0.000      0.000      0.000       0.000       0.000       0.000       0.000       0.000       0.000    
    61200.   12.50384131   12.4344   0.000       0.000     -0.6073E-04   0.000     0.5766E-02-0.5706E-02  0.000      0.000      0.000      0.000       0.000       0.000       0.000       0.000       0.000       0.000    
    64800.   12.49817840   12.4447   0.000       0.000     -0.4680E-04   0.000     0.4780E-02-0.4734E-02  0.000      0.000      0.000      0.000       0.000       0.000       0.000       0.000       0.000       0.000    
    68400.   12.49716822   12.4541   0.000       0.000     -0.3771E-04   0.000     0.4433E-02-0.4395E-02  0.000      0.000      0.000      0.000       0.000       0.000       0.000       0.000       0.000       0.000    
    72000.   12.46539279   12.4602   0.000       0.000     -0.4564E-05   0.000     0.3445E-02-0.3440E-02  0.000      0.000      0.000      0.000       0.000       0.000       0.000       0.000       0.000       0.000    
    75600.   12.43410126   12.4634   0.000       0.000      0.2567E-04   0.000     0.2720E-02-0.2746E-02  0.000      0.000      0.000      0.000       0.000       0.000       0.000       0.000       0.000       0.000    
    79200.   12.51365021   12.4732   0.000       0.000     -0.3541E-04   0.000     0.4848E-02-0.4813E-02  0.000      0.000      0.000      0.000       0.000       0.000       0.000       0.000       0.000       0.000    
    82800.   12.52772593   12.4831   0.000       0.000     -0.3905E-04   0.000     0.4685E-02-0.4646E-02  0.000      0.000      0.000      0.000       0.000       0.000       0.000       0.000       0.000       0.000    
    86400.   12.54218336   12.4934   0.000       0.000     -0.4270E-04   0.000     0.4713E-02-0.4670E-02  0.000      0.000      0.000      0.000       0.000       0.000       0.000       0.000       0.000       0.000    
    90000.   12.62622584   12.5098   0.000       0.000     -0.1019E-03   0.000     0.6505E-02-0.6403E-02  0.000      0.000      0.000      0.000       0.000       0.000       0.000       0.000       0.000       0.000    
    93600.   12.82136147   12.5407   0.000       0.000     -0.2456E-03   0.000     0.1061E-01-0.1036E-01  0.000      0.000      0.000      0.000       0.000       0.000       0.000       0.000       0.000       0.000    
    97200.   12.75139713   12.5627   0.000       0.000     -0.1651E-03   0.000     0.7216E-02-0.7051E-02  0.000      0.000      0.000      0.000       0.000       0.000       0.000       0.000       0.000       0.000    
   100800.   12.59916387   12.5708   0.000       0.000     -0.2481E-04   0.000     0.3113E-02-0.3088E-02  0.000      0.000      0.000      0.000       0.000       0.000       0.000       0.000       0.000       0.000    
   104400.   12.52821051   12.5733   0.000       0.000      0.3941E-04   0.000     0.2015E-02-0.2054E-02  0.000      0.000      0.000      0.000       0.000       0.000       0.000       0.000       0.000       0.000    
   108000.   12.50602429   12.5742   0.000       0.000      0.5966E-04   0.000     0.2022E-02-0.2082E-02  0.000      0.000      0.000      0.000       0.000       0.000       0.000       0.000       0.000       0.000    
   111600.   12.47141596   12.5725   0.000       0.000      0.8843E-04   0.000     0.1445E-02-0.1534E-02  0.000      0.000      0.000      0.000       0.000       0.000       0.000       0.000       0.000       0.000    
   115200.   12.44329551   12.5688   0.000       0.000      0.1098E-03   0.000     0.1052E-02-0.1162E-02  0.000      0.000      0.000      0.000       0.000       0.000       0.000       0.000       0.000       0.000    
   118800.   12.42300219   12.5638   0.000       0.000      0.1232E-03   0.000     0.8425E-03-0.9658E-03  0.000      0.000      0.000      0.000       0.000       0.000       0.000       0.000       0.000       0.000    
   122400.   12.43214654   12.5601   0.000       0.000      0.1120E-03   0.000     0.1329E-02-0.1441E-02  0.000      0.000      0.000      0.000       0.000       0.000       0.000       0.000       0.000       0.000    
   126000.   12.41145994   12.5550   0.000       0.000      0.1256E-03   0.000     0.8848E-03-0.1010E-02  0.000      0.000      0.000      0.000       0.000       0.000       0.000       0.000       0.000       0.000    
   129600.   12.46422835   12.5546   0.000       0.000      0.7905E-04   0.000     0.2394E-02-0.2473E-02  0.000      0.000      0.000      0.000       0.000       0.000       0.000       0.000       0.000       0.000    
   133200.   12.43773814   12.5518   0.000       0.000      0.9980E-04   0.000     0.1499E-02-0.1599E-02  0.000      0.000      0.000      0.000       0.000       0.000       0.000       0.000       0.000       0.000    
   136800.   12.42839164   12.5485   0.000       0.000      0.1051E-03   0.000     0.1383E-02-0.1488E-02  0.000      0.000      0.000      0.000       0.000       0.000       0.000       0.000       0.000       0.000    
   140400.   12.40547781   12.5436   0.000       0.000      0.1209E-03   0.000     0.9349E-03-0.1056E-02  0.000      0.000      0.000      0.000       0.000       0.000       0.000       0.000       0.000       0.000    
   144000.   12.40107153   12.5388   0.000       0.000      0.1205E-03   0.000     0.1043E-02-0.1164E-02  0.000      0.000      0.000      0.000       0.000       0.000       0.000       0.000       0.000       0.000    
   147600.   12.39911122   12.5342   0.000       0.000      0.1182E-03   0.000     0.1135E-02-0.1253E-02  0.000      0.000      0.000      0.000       0.000       0.000       0.000       0.000       0.000       0.000    
   151200.   12.39806182   12.5299   0.000       0.000      0.1153E-03   0.000     0.1211E-02-0.1327E-02  0.000      0.000      0.000      0.000       0.000       0.000       0.000       0.000       0.000       0.000    
   154800.   12.39738787   12.5257   0.000       0.000      0.1123E-03   0.000     0.1279E-02-0.1391E-02  0.000      0.000      0.000      0.000       0.000       0.000       0.000       0.000       0.000       0.000    
   158400.   12.41094397   12.5230   0.000       0.000      0.9806E-04   0.000     0.1689E-02-0.1787E-02  0.000      0.000      0.000      0.000       0.000       0.000       0.000       0.000       0.000       0.000    
   162000.   12.46949360   12.5252   0.000       0.000      0.4876E-04   0.000     0.3114E-02-0.3163E-02  0.000      0.000      0.000      0.000       0.000       0.000       0.000       0.000       0.000       0.000    
   165600.   12.46648313   12.5267   0.000       0.000      0.5271E-04   0.000     0.2675E-02-0.2728E-02  0.000      0.000      0.000      0.000       0.000       0.000       0.000       0.000       0.000       0.000    
   169200.   12.41987642   12.5242   0.000       0.000      0.9132E-04   0.000     0.1413E-02-0.1504E-02  0.000      0.000      0.000      0.000       0.000       0.000       0.000       0.000       0.000       0.000    
   172800.   12.40587149   12.5210   0.000       0.000      0.1007E-03   0.000     0.1322E-02-0.1422E-02  0.000      0.000      0.000      0.000       0.000       0.000       0.000       0.000       0.000       0.000    
