TOTIM (T)      HCON          HMAT      QDIR      QWELL        QMAT       QCADS      QTUB1      QTUB2      QTUB3      QTUB4      QTUB5      QTUB6       NSTOR        QFIX        QLH     FHLQ (LQ)        CAUCHY   CAUCHY (LQ)
     3600.   12.36082638   12.4735   0.000       0.000      0.9863E-04   0.000     0.1178E-02-0.1277E-02  0.000      0.000      0.000      0.000       0.000       0.000       0.000       0.000       0.000       0.000    
     7200.   12.34684167   12.4724   0.000       0.000      0.1099E-03   0.000     0.7265E-03-0.8364E-03  0.000      0.000      0.000      0.000       0.000       0.000       0.000       0.000       0.000       0.000    
    10800.   12.34432557   12.4712   0.000       0.000      0.1110E-03   0.000     0.7431E-03-0.8541E-03  0.000      0.000      0.000      0.000       0.000       0.000       0.000       0.000       0.000       0.000    
    14400.   12.34314897   12.4700   0.000       0.000      0.1110E-03   0.000     0.7662E-03-0.8772E-03  0.000      0.000      0.000      0.000       0.000       0.000       0.000       0.000       0.000       0.000    
    18000.   12.34240935   12.4688   0.000       0.000      0.1106E-03   0.000     0.7871E-03-0.8978E-03  0.000      0.000      0.000      0.000       0.000       0.000       0.000       0.000       0.000       0.000    
    21600.   12.34186147   12.4677   0.000       0.000      0.1101E-03   0.000     0.8061E-03-0.9162E-03  0.000      0.000      0.000      0.000       0.000       0.000       0.000       0.000       0.000       0.000    
    25200.   12.34140081   12.4666   0.000       0.000      0.1096E-03   0.000     0.8235E-03-0.9331E-03  0.000      0.000      0.000      0.000       0.000       0.000       0.000       0.000       0.000       0.000    
    28800.   12.34100783   12.4656   0.000       0.000      0.1090E-03   0.000     0.8394E-03-0.9485E-03  0.000      0.000      0.000      0.000       0.000       0.000       0.000       0.000       0.000       0.000    
    32400.   12.34062232   12.4646   0.000       0.000      0.1085E-03   0.000     0.8543E-03-0.9628E-03  0.000      0.000      0.000      0.000       0.000       0.000       0.000       0.000       0.000       0.000    
    36000.   12.34024000   12.4637   0.000       0.000      0.1080E-03   0.000     0.8682E-03-0.9762E-03  0.000      0.000      0.000      0.000       0.000       0.000       0.000       0.000       0.000       0.000    
    39600.   12.33985939   12.4627   0.000       0.000      0.1075E-03   0.000     0.8811E-03-0.9886E-03  0.000      0.000      0.000      0.000       0.000       0.000       0.000       0.000       0.000       0.000    
    43200.   12.35351547   12.4630   0.000       0.000      0.9581E-04   0.000     0.1345E-02-0.1440E-02  0.000      0.000      0.000      0.000       0.000       0.000       0.000       0.000       0.000       0.000    
    46800.   12.35568214   12.4634   0.000       0.000      0.9422E-04   0.000     0.1339E-02-0.1433E-02  0.000      0.000      0.000      0.000       0.000       0.000       0.000       0.000       0.000       0.000    
    50400.   12.34245090   12.4626   0.000       0.000      0.1051E-03   0.000     0.8751E-03-0.9802E-03  0.000      0.000      0.000      0.000       0.000       0.000       0.000       0.000       0.000       0.000    
    54000.   12.35433469   12.4629   0.000       0.000      0.9499E-04   0.000     0.1332E-02-0.1427E-02  0.000      0.000      0.000      0.000       0.000       0.000       0.000       0.000       0.000       0.000    
    57600.   12.39109798   12.4662   0.000       0.000      0.6568E-04   0.000     0.2457E-02-0.2522E-02  0.000      0.000      0.000      0.000       0.000       0.000       0.000       0.000       0.000       0.000    
    61200.   12.50384254   12.4783   0.000       0.000     -0.2235E-04   0.000     0.5788E-02-0.5765E-02  0.000      0.000      0.000      0.000       0.000       0.000       0.000       0.000       0.000       0.000    
    64800.   12.49817939   12.4886   0.000       0.000     -0.8418E-05   0.000     0.4692E-02-0.4684E-02  0.000      0.000      0.000      0.000       0.000       0.000       0.000       0.000       0.000       0.000    
    68400.   12.49716912   12.4979   0.000       0.000      0.6746E-06   0.000     0.4264E-02-0.4265E-02  0.000      0.000      0.000      0.000       0.000       0.000       0.000       0.000       0.000       0.000    
    72000.   12.46539343   12.5040   0.000       0.000      0.3382E-04   0.000     0.2979E-02-0.3013E-02  0.000      0.000      0.000      0.000       0.000       0.000       0.000       0.000       0.000       0.000    
    75600.   12.43410170   12.5073   0.000       0.000      0.6406E-04   0.000     0.1978E-02-0.2042E-02  0.000      0.000      0.000      0.000       0.000       0.000       0.000       0.000       0.000       0.000    
    79200.   12.51365120   12.5171   0.000       0.000      0.2995E-05   0.000     0.4646E-02-0.4649E-02  0.000      0.000      0.000      0.000       0.000       0.000       0.000       0.000       0.000       0.000    
    82800.   12.52772689   12.5270   0.000       0.000     -0.6414E-06   0.000     0.4524E-02-0.4523E-02  0.000      0.000      0.000      0.000       0.000       0.000       0.000       0.000       0.000       0.000    
    86400.   12.54218433   12.5373   0.000       0.000     -0.4278E-05   0.000     0.4586E-02-0.4582E-02  0.000      0.000      0.000      0.000       0.000       0.000       0.000       0.000       0.000       0.000    
    90000.   12.62622728   12.5537   0.000       0.000     -0.6345E-04   0.000     0.6910E-02-0.6846E-02  0.000      0.000      0.000      0.000       0.000       0.000       0.000       0.000       0.000       0.000    
    93600.   12.82138851   12.5846   0.000       0.000     -0.2072E-03   0.000     0.1231E-01-0.1210E-01  0.000      0.000      0.000      0.000       0.000       0.000       0.000       0.000       0.000       0.000    
    97200.   12.75140922   12.6067   0.000       0.000     -0.1266E-03   0.000     0.8221E-02-0.8094E-02  0.000      0.000      0.000      0.000       0.000       0.000       0.000       0.000       0.000       0.000    
   100800.   12.59916529   12.6148   0.000       0.000      0.1371E-04   0.000     0.2854E-02-0.2868E-02  0.000      0.000      0.000      0.000       0.000       0.000       0.000       0.000       0.000       0.000    
   104400.   12.52821087   12.6173   0.000       0.000      0.7797E-04   0.000     0.1157E-02-0.1235E-02  0.000      0.000      0.000      0.000       0.000       0.000       0.000       0.000       0.000       0.000    
   108000.   12.50602461   12.6183   0.000       0.000      0.9825E-04   0.000     0.9665E-03-0.1065E-02  0.000      0.000      0.000      0.000       0.000       0.000       0.000       0.000       0.000       0.000    
   111600.   12.47141604   12.6166   0.000       0.000      0.1271E-03   0.000     0.1242E-03-0.2513E-03  0.000      0.000      0.000      0.000       0.000       0.000       0.000       0.000       0.000       0.000    
   115200.   12.44329548   12.6130   0.000       0.000      0.1485E-03   0.000    -0.4671E-03 0.3187E-03  0.000      0.000      0.000      0.000       0.000       0.000       0.000       0.000       0.000       0.000    
   118800.   12.42300209   12.6081   0.000       0.000      0.1619E-03   0.000    -0.8025E-03 0.6406E-03  0.000      0.000      0.000      0.000       0.000       0.000       0.000       0.000       0.000       0.000    
   122400.   12.43214657   12.6044   0.000       0.000      0.1507E-03   0.000    -0.2188E-03 0.6805E-04  0.000      0.000      0.000      0.000       0.000       0.000       0.000       0.000       0.000       0.000    
   126000.   12.41145985   12.5993   0.000       0.000      0.1644E-03   0.000    -0.7840E-03 0.6197E-03  0.000      0.000      0.000      0.000       0.000       0.000       0.000       0.000       0.000       0.000    
   129600.   12.46422865   12.5989   0.000       0.000      0.1179E-03   0.000     0.1139E-02-0.1257E-02  0.000      0.000      0.000      0.000       0.000       0.000       0.000       0.000       0.000       0.000    
   133200.   12.43773822   12.5962   0.000       0.000      0.1387E-03   0.000     0.6570E-04-0.2044E-03  0.000      0.000      0.000      0.000       0.000       0.000       0.000       0.000       0.000       0.000    
   136800.   12.42839169   12.5930   0.000       0.000      0.1440E-03   0.000    -0.9984E-04-0.4416E-04  0.000      0.000      0.000      0.000       0.000       0.000       0.000       0.000       0.000       0.000    
   140400.   12.40547774   12.5881   0.000       0.000      0.1598E-03   0.000    -0.6905E-03 0.5307E-03  0.000      0.000      0.000      0.000       0.000       0.000       0.000       0.000       0.000       0.000    
   144000.   12.40107148   12.5833   0.000       0.000      0.1595E-03   0.000    -0.5820E-03 0.4225E-03  0.000      0.000      0.000      0.000       0.000       0.000       0.000       0.000       0.000       0.000    
   147600.   12.39911119   12.5788   0.000       0.000      0.1572E-03   0.000    -0.4700E-03 0.3128E-03  0.000      0.000      0.000      0.000       0.000       0.000       0.000       0.000       0.000       0.000    
   151200.   12.39806182   12.5744   0.000       0.000      0.1543E-03   0.000    -0.3676E-03 0.2132E-03  0.000      0.000      0.000      0.000       0.000       0.000       0.000       0.000       0.000       0.000    
   154800.   12.39738788   12.5703   0.000       0.000      0.1513E-03   0.000    -0.2731E-03 0.1217E-03  0.000      0.000      0.000      0.000       0.000       0.000       0.000       0.000       0.000       0.000    
   158400.   12.41094409   12.5676   0.000       0.000      0.1371E-03   0.000     0.2658E-03-0.4029E-03  0.000      0.000      0.000      0.000       0.000       0.000       0.000       0.000       0.000       0.000    
   162000.   12.46949410   12.5699   0.000       0.000      0.8782E-04   0.000     0.2135E-02-0.2223E-02  0.000      0.000      0.000      0.000       0.000       0.000       0.000       0.000       0.000       0.000    
   165600.   12.46648353   12.5714   0.000       0.000      0.9178E-04   0.000     0.1669E-02-0.1761E-02  0.000      0.000      0.000      0.000       0.000       0.000       0.000       0.000       0.000       0.000    
   169200.   12.41987649   12.5689   0.000       0.000      0.1304E-03   0.000     0.6236E-04-0.1928E-03  0.000      0.000      0.000      0.000       0.000       0.000       0.000       0.000       0.000       0.000    
   172800.   12.40587153   12.5656   0.000       0.000      0.1398E-03   0.000    -0.1191E-03-0.2068E-04  0.000      0.000      0.000      0.000       0.000       0.000       0.000       0.000       0.000       0.000    
