TOTIM (T)      HCON          HMAT      QDIR      QWELL        QMAT       QCADS      QTUB1      QTUB2      QTUB3      QTUB4      QTUB5      QTUB6       NSTOR        QFIX        QLH     FHLQ (LQ)        CAUCHY   CAUCHY (LQ)
     3600.   12.36082650   12.4451   0.000       0.000      0.7374E-04   0.000     0.1419E-02-0.1493E-02  0.000      0.000      0.000      0.000       0.000       0.000       0.000       0.000       0.000       0.000    
     7200.   12.34684183   12.4440   0.000       0.000      0.8498E-04   0.000     0.1060E-02-0.1145E-02  0.000      0.000      0.000      0.000       0.000       0.000       0.000       0.000       0.000       0.000    
    10800.   12.34432573   12.4428   0.000       0.000      0.8613E-04   0.000     0.1066E-02-0.1152E-02  0.000      0.000      0.000      0.000       0.000       0.000       0.000       0.000       0.000       0.000    
    14400.   12.34314913   12.4416   0.000       0.000      0.8612E-04   0.000     0.1087E-02-0.1173E-02  0.000      0.000      0.000      0.000       0.000       0.000       0.000       0.000       0.000       0.000    
    18000.   12.34240951   12.4404   0.000       0.000      0.8575E-04   0.000     0.1105E-02-0.1191E-02  0.000      0.000      0.000      0.000       0.000       0.000       0.000       0.000       0.000       0.000    
    21600.   12.34186162   12.4393   0.000       0.000      0.8525E-04   0.000     0.1121E-02-0.1206E-02  0.000      0.000      0.000      0.000       0.000       0.000       0.000       0.000       0.000       0.000    
    25200.   12.34140097   12.4382   0.000       0.000      0.8471E-04   0.000     0.1135E-02-0.1220E-02  0.000      0.000      0.000      0.000       0.000       0.000       0.000       0.000       0.000       0.000    
    28800.   12.34100798   12.4372   0.000       0.000      0.8415E-04   0.000     0.1149E-02-0.1233E-02  0.000      0.000      0.000      0.000       0.000       0.000       0.000       0.000       0.000       0.000    
    32400.   12.34062247   12.4362   0.000       0.000      0.8362E-04   0.000     0.1161E-02-0.1245E-02  0.000      0.000      0.000      0.000       0.000       0.000       0.000       0.000       0.000       0.000    
    36000.   12.34024015   12.4352   0.000       0.000      0.8312E-04   0.000     0.1173E-02-0.1256E-02  0.000      0.000      0.000      0.000       0.000       0.000       0.000       0.000       0.000       0.000    
    39600.   12.33985954   12.4343   0.000       0.000      0.8264E-04   0.000     0.1183E-02-0.1266E-02  0.000      0.000      0.000      0.000       0.000       0.000       0.000       0.000       0.000       0.000    
    43200.   12.35351558   12.4346   0.000       0.000      0.7093E-04   0.000     0.1551E-02-0.1622E-02  0.000      0.000      0.000      0.000       0.000       0.000       0.000       0.000       0.000       0.000    
    46800.   12.35568226   12.4349   0.000       0.000      0.6934E-04   0.000     0.1555E-02-0.1624E-02  0.000      0.000      0.000      0.000       0.000       0.000       0.000       0.000       0.000       0.000    
    50400.   12.34245105   12.4342   0.000       0.000      0.8025E-04   0.000     0.1185E-02-0.1266E-02  0.000      0.000      0.000      0.000       0.000       0.000       0.000       0.000       0.000       0.000    
    54000.   12.35433480   12.4345   0.000       0.000      0.7012E-04   0.000     0.1539E-02-0.1609E-02  0.000      0.000      0.000      0.000       0.000       0.000       0.000       0.000       0.000       0.000    
    57600.   12.39109799   12.4377   0.000       0.000      0.4081E-04   0.000     0.2439E-02-0.2480E-02  0.000      0.000      0.000      0.000       0.000       0.000       0.000       0.000       0.000       0.000    
    61200.   12.50384227   12.4499   0.000       0.000     -0.4723E-04   0.000     0.5094E-02-0.5047E-02  0.000      0.000      0.000      0.000       0.000       0.000       0.000       0.000       0.000       0.000    
    64800.   12.49817923   12.4601   0.000       0.000     -0.3329E-04   0.000     0.4276E-02-0.4243E-02  0.000      0.000      0.000      0.000       0.000       0.000       0.000       0.000       0.000       0.000    
    68400.   12.49716897   12.4695   0.000       0.000     -0.2420E-04   0.000     0.3899E-02-0.3874E-02  0.000      0.000      0.000      0.000       0.000       0.000       0.000       0.000       0.000       0.000    
    72000.   12.46539339   12.4756   0.000       0.000      0.8942E-05   0.000     0.2867E-02-0.2876E-02  0.000      0.000      0.000      0.000       0.000       0.000       0.000       0.000       0.000       0.000    
    75600.   12.43410174   12.4789   0.000       0.000      0.3917E-04   0.000     0.2051E-02-0.2090E-02  0.000      0.000      0.000      0.000       0.000       0.000       0.000       0.000       0.000       0.000    
    79200.   12.51365101   12.4886   0.000       0.000     -0.2189E-04   0.000     0.4151E-02-0.4129E-02  0.000      0.000      0.000      0.000       0.000       0.000       0.000       0.000       0.000       0.000    
    82800.   12.52772673   12.4985   0.000       0.000     -0.2554E-04   0.000     0.4105E-02-0.4079E-02  0.000      0.000      0.000      0.000       0.000       0.000       0.000       0.000       0.000       0.000    
    86400.   12.54218415   12.5088   0.000       0.000     -0.2918E-04   0.000     0.4140E-02-0.4111E-02  0.000      0.000      0.000      0.000       0.000       0.000       0.000       0.000       0.000       0.000    
    90000.   12.62622690   12.5252   0.000       0.000     -0.8837E-04   0.000     0.5974E-02-0.5886E-02  0.000      0.000      0.000      0.000       0.000       0.000       0.000       0.000       0.000       0.000    
    93600.   12.82136672   12.5561   0.000       0.000     -0.2321E-03   0.000     0.1028E-01-0.1005E-01  0.000      0.000      0.000      0.000       0.000       0.000       0.000       0.000       0.000       0.000    
    97200.   12.75140035   12.5782   0.000       0.000     -0.1516E-03   0.000     0.7122E-02-0.6971E-02  0.000      0.000      0.000      0.000       0.000       0.000       0.000       0.000       0.000       0.000    
   100800.   12.59916413   12.5863   0.000       0.000     -0.1125E-04   0.000     0.2766E-02-0.2755E-02  0.000      0.000      0.000      0.000       0.000       0.000       0.000       0.000       0.000       0.000    
   104400.   12.52821085   12.5888   0.000       0.000      0.5299E-04   0.000     0.1331E-02-0.1384E-02  0.000      0.000      0.000      0.000       0.000       0.000       0.000       0.000       0.000       0.000    
   108000.   12.50602464   12.5897   0.000       0.000      0.7326E-04   0.000     0.1174E-02-0.1247E-02  0.000      0.000      0.000      0.000       0.000       0.000       0.000       0.000       0.000       0.000    
   111600.   12.47141623   12.5880   0.000       0.000      0.1020E-03   0.000     0.5203E-03-0.6223E-03  0.000      0.000      0.000      0.000       0.000       0.000       0.000       0.000       0.000       0.000    
   115200.   12.44329572   12.5844   0.000       0.000      0.1234E-03   0.000     0.4482E-04-0.1683E-03  0.000      0.000      0.000      0.000       0.000       0.000       0.000       0.000       0.000       0.000    
   118800.   12.42300236   12.5795   0.000       0.000      0.1369E-03   0.000    -0.2248E-03 0.8789E-04  0.000      0.000      0.000      0.000       0.000       0.000       0.000       0.000       0.000       0.000    
   122400.   12.43214679   12.5758   0.000       0.000      0.1257E-03   0.000     0.2366E-03-0.3623E-03  0.000      0.000      0.000      0.000       0.000       0.000       0.000       0.000       0.000       0.000    
   126000.   12.41146013   12.5706   0.000       0.000      0.1393E-03   0.000    -0.1981E-03 0.5883E-04  0.000      0.000      0.000      0.000       0.000       0.000       0.000       0.000       0.000       0.000    
   129600.   12.46422877   12.5703   0.000       0.000      0.9277E-04   0.000     0.1314E-02-0.1407E-02  0.000      0.000      0.000      0.000       0.000       0.000       0.000       0.000       0.000       0.000    
   133200.   12.43773844   12.5675   0.000       0.000      0.1135E-03   0.000     0.4977E-03-0.6113E-03  0.000      0.000      0.000      0.000       0.000       0.000       0.000       0.000       0.000       0.000    
   136800.   12.42839190   12.5642   0.000       0.000      0.1189E-03   0.000     0.3403E-03-0.4592E-03  0.000      0.000      0.000      0.000       0.000       0.000       0.000       0.000       0.000       0.000    
   140400.   12.40547800   12.5594   0.000       0.000      0.1347E-03   0.000    -0.1290E-03-0.5680E-05  0.000      0.000      0.000      0.000       0.000       0.000       0.000       0.000       0.000       0.000    
   144000.   12.40107173   12.5546   0.000       0.000      0.1343E-03   0.000    -0.5115E-04-0.8317E-04  0.000      0.000      0.000      0.000       0.000       0.000       0.000       0.000       0.000       0.000    
   147600.   12.39911144   12.5500   0.000       0.000      0.1320E-03   0.000     0.4372E-04-0.1757E-03  0.000      0.000      0.000      0.000       0.000       0.000       0.000       0.000       0.000       0.000    
   151200.   12.39806206   12.5457   0.000       0.000      0.1292E-03   0.000     0.1291E-03-0.2582E-03  0.000      0.000      0.000      0.000       0.000       0.000       0.000       0.000       0.000       0.000    
   154800.   12.39738812   12.5416   0.000       0.000      0.1262E-03   0.000     0.2073E-03-0.3334E-03  0.000      0.000      0.000      0.000       0.000       0.000       0.000       0.000       0.000       0.000    
   158400.   12.41094428   12.5389   0.000       0.000      0.1119E-03   0.000     0.6373E-03-0.7492E-03  0.000      0.000      0.000      0.000       0.000       0.000       0.000       0.000       0.000       0.000    
   162000.   12.46949413   12.5411   0.000       0.000      0.6263E-04   0.000     0.2128E-02-0.2190E-02  0.000      0.000      0.000      0.000       0.000       0.000       0.000       0.000       0.000       0.000    
   165600.   12.46648361   12.5426   0.000       0.000      0.6660E-04   0.000     0.1789E-02-0.1856E-02  0.000      0.000      0.000      0.000       0.000       0.000       0.000       0.000       0.000       0.000    
   169200.   12.41987670   12.5401   0.000       0.000      0.1052E-03   0.000     0.5008E-03-0.6060E-03  0.000      0.000      0.000      0.000       0.000       0.000       0.000       0.000       0.000       0.000    
   172800.   12.40587174   12.5369   0.000       0.000      0.1146E-03   0.000     0.3294E-03-0.4440E-03  0.000      0.000      0.000      0.000       0.000       0.000       0.000       0.000       0.000       0.000    
