TOTIM (T)      HCON          HMAT      QDIR      QWELL        QMAT       QCADS      QTUB1      QTUB2      QTUB3      QTUB4      QTUB5      QTUB6       NSTOR        QFIX        QLH     FHLQ (LQ)        CAUCHY   CAUCHY (LQ)
     3600.   12.36082663   12.4731   0.000       0.000      0.9826E-04   0.000     0.1069E-02-0.1167E-02  0.000      0.000      0.000      0.000       0.000       0.000       0.000       0.000       0.000       0.000    
     7200.   12.34684192   12.4720   0.000       0.000      0.1095E-03   0.000     0.6657E-03-0.7751E-03  0.000      0.000      0.000      0.000       0.000       0.000       0.000       0.000       0.000       0.000    
    10800.   12.34432582   12.4708   0.000       0.000      0.1106E-03   0.000     0.6667E-03-0.7773E-03  0.000      0.000      0.000      0.000       0.000       0.000       0.000       0.000       0.000       0.000    
    14400.   12.34314922   12.4696   0.000       0.000      0.1106E-03   0.000     0.6875E-03-0.7981E-03  0.000      0.000      0.000      0.000       0.000       0.000       0.000       0.000       0.000       0.000    
    18000.   12.34240961   12.4684   0.000       0.000      0.1103E-03   0.000     0.7071E-03-0.8174E-03  0.000      0.000      0.000      0.000       0.000       0.000       0.000       0.000       0.000       0.000    
    21600.   12.34186172   12.4673   0.000       0.000      0.1098E-03   0.000     0.7252E-03-0.8349E-03  0.000      0.000      0.000      0.000       0.000       0.000       0.000       0.000       0.000       0.000    
    25200.   12.34140107   12.4662   0.000       0.000      0.1092E-03   0.000     0.7419E-03-0.8511E-03  0.000      0.000      0.000      0.000       0.000       0.000       0.000       0.000       0.000       0.000    
    28800.   12.34100808   12.4652   0.000       0.000      0.1087E-03   0.000     0.7573E-03-0.8659E-03  0.000      0.000      0.000      0.000       0.000       0.000       0.000       0.000       0.000       0.000    
    32400.   12.34062257   12.4642   0.000       0.000      0.1081E-03   0.000     0.7717E-03-0.8799E-03  0.000      0.000      0.000      0.000       0.000       0.000       0.000       0.000       0.000       0.000    
    36000.   12.34024025   12.4632   0.000       0.000      0.1076E-03   0.000     0.7853E-03-0.8929E-03  0.000      0.000      0.000      0.000       0.000       0.000       0.000       0.000       0.000       0.000    
    39600.   12.33985964   12.4623   0.000       0.000      0.1072E-03   0.000     0.7980E-03-0.9051E-03  0.000      0.000      0.000      0.000       0.000       0.000       0.000       0.000       0.000       0.000    
    43200.   12.35351572   12.4626   0.000       0.000      0.9543E-04   0.000     0.1213E-02-0.1308E-02  0.000      0.000      0.000      0.000       0.000       0.000       0.000       0.000       0.000       0.000    
    46800.   12.35568240   12.4629   0.000       0.000      0.9385E-04   0.000     0.1223E-02-0.1317E-02  0.000      0.000      0.000      0.000       0.000       0.000       0.000       0.000       0.000       0.000    
    50400.   12.34245116   12.4622   0.000       0.000      0.1048E-03   0.000     0.8096E-03-0.9143E-03  0.000      0.000      0.000      0.000       0.000       0.000       0.000       0.000       0.000       0.000    
    54000.   12.35433494   12.4625   0.000       0.000      0.9462E-04   0.000     0.1204E-02-0.1298E-02  0.000      0.000      0.000      0.000       0.000       0.000       0.000       0.000       0.000       0.000    
    57600.   12.39109823   12.4657   0.000       0.000      0.6531E-04   0.000     0.2221E-02-0.2286E-02  0.000      0.000      0.000      0.000       0.000       0.000       0.000       0.000       0.000       0.000    
    61200.   12.50384278   12.4779   0.000       0.000     -0.2273E-04   0.000     0.5228E-02-0.5206E-02  0.000      0.000      0.000      0.000       0.000       0.000       0.000       0.000       0.000       0.000    
    64800.   12.49817965   12.4881   0.000       0.000     -0.8792E-05   0.000     0.4354E-02-0.4346E-02  0.000      0.000      0.000      0.000       0.000       0.000       0.000       0.000       0.000       0.000    
    68400.   12.49716936   12.4975   0.000       0.000      0.2997E-06   0.000     0.3941E-02-0.3941E-02  0.000      0.000      0.000      0.000       0.000       0.000       0.000       0.000       0.000       0.000    
    72000.   12.46539367   12.5036   0.000       0.000      0.3345E-04   0.000     0.2777E-02-0.2810E-02  0.000      0.000      0.000      0.000       0.000       0.000       0.000       0.000       0.000       0.000    
    75600.   12.43410194   12.5069   0.000       0.000      0.6368E-04   0.000     0.1839E-02-0.1903E-02  0.000      0.000      0.000      0.000       0.000       0.000       0.000       0.000       0.000       0.000    
    79200.   12.51365142   12.5166   0.000       0.000      0.2617E-05   0.000     0.4184E-02-0.4187E-02  0.000      0.000      0.000      0.000       0.000       0.000       0.000       0.000       0.000       0.000    
    82800.   12.52772714   12.5266   0.000       0.000     -0.1021E-05   0.000     0.4152E-02-0.4151E-02  0.000      0.000      0.000      0.000       0.000       0.000       0.000       0.000       0.000       0.000    
    86400.   12.54218456   12.5369   0.000       0.000     -0.4658E-05   0.000     0.4202E-02-0.4197E-02  0.000      0.000      0.000      0.000       0.000       0.000       0.000       0.000       0.000       0.000    
    90000.   12.62622750   12.5533   0.000       0.000     -0.6384E-04   0.000     0.6273E-02-0.6209E-02  0.000      0.000      0.000      0.000       0.000       0.000       0.000       0.000       0.000       0.000    
    93600.   12.82137743   12.5842   0.000       0.000     -0.2075E-03   0.000     0.1116E-01-0.1095E-01  0.000      0.000      0.000      0.000       0.000       0.000       0.000       0.000       0.000       0.000    
    97200.   12.75140552   12.6062   0.000       0.000     -0.1270E-03   0.000     0.7674E-02-0.7547E-02  0.000      0.000      0.000      0.000       0.000       0.000       0.000       0.000       0.000       0.000    
   100800.   12.59916490   12.6144   0.000       0.000      0.1332E-04   0.000     0.2756E-02-0.2770E-02  0.000      0.000      0.000      0.000       0.000       0.000       0.000       0.000       0.000       0.000    
   104400.   12.52821098   12.6169   0.000       0.000      0.7758E-04   0.000     0.1064E-02-0.1141E-02  0.000      0.000      0.000      0.000       0.000       0.000       0.000       0.000       0.000       0.000    
   108000.   12.50602474   12.6179   0.000       0.000      0.9786E-04   0.000     0.8259E-03-0.9237E-03  0.000      0.000      0.000      0.000       0.000       0.000       0.000       0.000       0.000       0.000    
   111600.   12.47141626   12.6162   0.000       0.000      0.1267E-03   0.000     0.5713E-04-0.1838E-03  0.000      0.000      0.000      0.000       0.000       0.000       0.000       0.000       0.000       0.000    
   115200.   12.44329570   12.6125   0.000       0.000      0.1481E-03   0.000    -0.5039E-03 0.3558E-03  0.000      0.000      0.000      0.000       0.000       0.000       0.000       0.000       0.000       0.000    
   118800.   12.42300232   12.6076   0.000       0.000      0.1616E-03   0.000    -0.8274E-03 0.6659E-03  0.000      0.000      0.000      0.000       0.000       0.000       0.000       0.000       0.000       0.000    
   122400.   12.43214680   12.6040   0.000       0.000      0.1503E-03   0.000    -0.3211E-03 0.1708E-03  0.000      0.000      0.000      0.000       0.000       0.000       0.000       0.000       0.000       0.000    
   126000.   12.41146009   12.5988   0.000       0.000      0.1640E-03   0.000    -0.8103E-03 0.6463E-03  0.000      0.000      0.000      0.000       0.000       0.000       0.000       0.000       0.000       0.000    
   129600.   12.46422888   12.5985   0.000       0.000      0.1175E-03   0.000     0.8879E-03-0.1005E-02  0.000      0.000      0.000      0.000       0.000       0.000       0.000       0.000       0.000       0.000    
   133200.   12.43773847   12.5958   0.000       0.000      0.1383E-03   0.000    -0.1166E-04-0.1266E-03  0.000      0.000      0.000      0.000       0.000       0.000       0.000       0.000       0.000       0.000    
   136800.   12.42839192   12.5925   0.000       0.000      0.1436E-03   0.000    -0.1904E-03 0.4682E-04  0.000      0.000      0.000      0.000       0.000       0.000       0.000       0.000       0.000       0.000    
   140400.   12.40547797   12.5877   0.000       0.000      0.1594E-03   0.000    -0.7229E-03 0.5635E-03  0.000      0.000      0.000      0.000       0.000       0.000       0.000       0.000       0.000       0.000    
   144000.   12.40107171   12.5829   0.000       0.000      0.1591E-03   0.000    -0.6438E-03 0.4847E-03  0.000      0.000      0.000      0.000       0.000       0.000       0.000       0.000       0.000       0.000    
   147600.   12.39911143   12.5783   0.000       0.000      0.1568E-03   0.000    -0.5397E-03 0.3829E-03  0.000      0.000      0.000      0.000       0.000       0.000       0.000       0.000       0.000       0.000    
   151200.   12.39806205   12.5740   0.000       0.000      0.1539E-03   0.000    -0.4429E-03 0.2890E-03  0.000      0.000      0.000      0.000       0.000       0.000       0.000       0.000       0.000       0.000    
   154800.   12.39738812   12.5699   0.000       0.000      0.1510E-03   0.000    -0.3527E-03 0.2018E-03  0.000      0.000      0.000      0.000       0.000       0.000       0.000       0.000       0.000       0.000    
   158400.   12.41094433   12.5672   0.000       0.000      0.1367E-03   0.000     0.1342E-03-0.2709E-03  0.000      0.000      0.000      0.000       0.000       0.000       0.000       0.000       0.000       0.000    
   162000.   12.46949433   12.5694   0.000       0.000      0.8745E-04   0.000     0.1822E-02-0.1909E-02  0.000      0.000      0.000      0.000       0.000       0.000       0.000       0.000       0.000       0.000    
   165600.   12.46648378   12.5710   0.000       0.000      0.9143E-04   0.000     0.1468E-02-0.1559E-02  0.000      0.000      0.000      0.000       0.000       0.000       0.000       0.000       0.000       0.000    
   169200.   12.41987674   12.5685   0.000       0.000      0.1301E-03   0.000     0.2444E-04-0.1545E-03  0.000      0.000      0.000      0.000       0.000       0.000       0.000       0.000       0.000       0.000    
   172800.   12.40587176   12.5653   0.000       0.000      0.1395E-03   0.000    -0.1846E-03 0.4516E-04  0.000      0.000      0.000      0.000       0.000       0.000       0.000       0.000       0.000       0.000    
