TOTIM (T)      HCON          HMAT      QDIR      QWELL        QMAT       QCADS      QTUB1      QTUB2      QTUB3      QTUB4      QTUB5      QTUB6       NSTOR        QFIX        QLH     FHLQ (LQ)        CAUCHY   CAUCHY (LQ)
     3600.   12.36082654   12.5467   0.000       0.000      0.1627E-03   0.000     0.8528E-03-0.1015E-02  0.000      0.000      0.000      0.000       0.000       0.000       0.000       0.000       0.000       0.000    
     7200.   12.34684181   12.5456   0.000       0.000      0.1739E-03   0.000     0.3779E-03-0.5518E-03  0.000      0.000      0.000      0.000       0.000       0.000       0.000       0.000       0.000       0.000    
    10800.   12.34432572   12.5444   0.000       0.000      0.1751E-03   0.000     0.3940E-03-0.5690E-03  0.000      0.000      0.000      0.000       0.000       0.000       0.000       0.000       0.000       0.000    
    14400.   12.34314912   12.5432   0.000       0.000      0.1750E-03   0.000     0.4177E-03-0.5927E-03  0.000      0.000      0.000      0.000       0.000       0.000       0.000       0.000       0.000       0.000    
    18000.   12.34240950   12.5420   0.000       0.000      0.1747E-03   0.000     0.4395E-03-0.6141E-03  0.000      0.000      0.000      0.000       0.000       0.000       0.000       0.000       0.000       0.000    
    21600.   12.34186162   12.5409   0.000       0.000      0.1742E-03   0.000     0.4594E-03-0.6336E-03  0.000      0.000      0.000      0.000       0.000       0.000       0.000       0.000       0.000       0.000    
    25200.   12.34140096   12.5398   0.000       0.000      0.1736E-03   0.000     0.4779E-03-0.6515E-03  0.000      0.000      0.000      0.000       0.000       0.000       0.000       0.000       0.000       0.000    
    28800.   12.34100798   12.5388   0.000       0.000      0.1731E-03   0.000     0.4948E-03-0.6679E-03  0.000      0.000      0.000      0.000       0.000       0.000       0.000       0.000       0.000       0.000    
    32400.   12.34062247   12.5378   0.000       0.000      0.1725E-03   0.000     0.5107E-03-0.6832E-03  0.000      0.000      0.000      0.000       0.000       0.000       0.000       0.000       0.000       0.000    
    36000.   12.34024015   12.5369   0.000       0.000      0.1720E-03   0.000     0.5254E-03-0.6974E-03  0.000      0.000      0.000      0.000       0.000       0.000       0.000       0.000       0.000       0.000    
    39600.   12.33985954   12.5359   0.000       0.000      0.1716E-03   0.000     0.5391E-03-0.7107E-03  0.000      0.000      0.000      0.000       0.000       0.000       0.000       0.000       0.000       0.000    
    43200.   12.35351564   12.5362   0.000       0.000      0.1599E-03   0.000     0.1027E-02-0.1186E-02  0.000      0.000      0.000      0.000       0.000       0.000       0.000       0.000       0.000       0.000    
    46800.   12.35568232   12.5366   0.000       0.000      0.1583E-03   0.000     0.1022E-02-0.1181E-02  0.000      0.000      0.000      0.000       0.000       0.000       0.000       0.000       0.000       0.000    
    50400.   12.34245105   12.5358   0.000       0.000      0.1692E-03   0.000     0.5353E-03-0.7045E-03  0.000      0.000      0.000      0.000       0.000       0.000       0.000       0.000       0.000       0.000    
    54000.   12.35433486   12.5361   0.000       0.000      0.1591E-03   0.000     0.1015E-02-0.1174E-02  0.000      0.000      0.000      0.000       0.000       0.000       0.000       0.000       0.000       0.000    
    57600.   12.39109819   12.5394   0.000       0.000      0.1298E-03   0.000     0.2198E-02-0.2328E-02  0.000      0.000      0.000      0.000       0.000       0.000       0.000       0.000       0.000       0.000    
    61200.   12.50384289   12.5515   0.000       0.000      0.4173E-04   0.000     0.5704E-02-0.5746E-02  0.000      0.000      0.000      0.000       0.000       0.000       0.000       0.000       0.000       0.000    
    64800.   12.49817969   12.5618   0.000       0.000      0.5567E-04   0.000     0.4565E-02-0.4621E-02  0.000      0.000      0.000      0.000       0.000       0.000       0.000       0.000       0.000       0.000    
    68400.   12.49716941   12.5712   0.000       0.000      0.6477E-04   0.000     0.4117E-02-0.4182E-02  0.000      0.000      0.000      0.000       0.000       0.000       0.000       0.000       0.000       0.000    
    72000.   12.46539366   12.5773   0.000       0.000      0.9792E-04   0.000     0.2765E-02-0.2862E-02  0.000      0.000      0.000      0.000       0.000       0.000       0.000       0.000       0.000       0.000    
    75600.   12.43410190   12.5806   0.000       0.000      0.1282E-03   0.000     0.1707E-02-0.1835E-02  0.000      0.000      0.000      0.000       0.000       0.000       0.000       0.000       0.000       0.000    
    79200.   12.51365151   12.5903   0.000       0.000      0.6709E-04   0.000     0.4507E-02-0.4574E-02  0.000      0.000      0.000      0.000       0.000       0.000       0.000       0.000       0.000       0.000    
    82800.   12.52772719   12.6002   0.000       0.000      0.6346E-04   0.000     0.4384E-02-0.4448E-02  0.000      0.000      0.000      0.000       0.000       0.000       0.000       0.000       0.000       0.000    
    86400.   12.54218463   12.6105   0.000       0.000      0.5981E-04   0.000     0.4452E-02-0.4511E-02  0.000      0.000      0.000      0.000       0.000       0.000       0.000       0.000       0.000       0.000    
    90000.   12.62622768   12.6269   0.000       0.000      0.6266E-06   0.000     0.6895E-02-0.6896E-02  0.000      0.000      0.000      0.000       0.000       0.000       0.000       0.000       0.000       0.000    
    93600.   12.82139651   12.6579   0.000       0.000     -0.1431E-03   0.000     0.1258E-01-0.1243E-01  0.000      0.000      0.000      0.000       0.000       0.000       0.000       0.000       0.000       0.000    
    97200.   12.75141314   12.6799   0.000       0.000     -0.6259E-04   0.000     0.8301E-02-0.8239E-02  0.000      0.000      0.000      0.000       0.000       0.000       0.000       0.000       0.000       0.000    
   100800.   12.59916633   12.6880   0.000       0.000      0.7773E-04   0.000     0.2654E-02-0.2732E-02  0.000      0.000      0.000      0.000       0.000       0.000       0.000       0.000       0.000       0.000    
   104400.   12.52821097   12.6904   0.000       0.000      0.1420E-03   0.000     0.8500E-03-0.9919E-03  0.000      0.000      0.000      0.000       0.000       0.000       0.000       0.000       0.000       0.000    
   108000.   12.50602472   12.6914   0.000       0.000      0.1622E-03   0.000     0.6343E-03-0.7965E-03  0.000      0.000      0.000      0.000       0.000       0.000       0.000       0.000       0.000       0.000    
   111600.   12.47141616   12.6896   0.000       0.000      0.1909E-03   0.000    -0.2594E-03 0.6845E-04  0.000      0.000      0.000      0.000       0.000       0.000       0.000       0.000       0.000       0.000    
   115200.   12.44329558   12.6859   0.000       0.000      0.2123E-03   0.000    -0.8877E-03 0.6754E-03  0.000      0.000      0.000      0.000       0.000       0.000       0.000       0.000       0.000       0.000    
   118800.   12.42300218   12.6810   0.000       0.000      0.2257E-03   0.000    -0.1245E-02 0.1020E-02  0.000      0.000      0.000      0.000       0.000       0.000       0.000       0.000       0.000       0.000    
   122400.   12.43214668   12.6772   0.000       0.000      0.2144E-03   0.000    -0.6350E-03 0.4206E-03  0.000      0.000      0.000      0.000       0.000       0.000       0.000       0.000       0.000       0.000    
   126000.   12.41145994   12.6720   0.000       0.000      0.2280E-03   0.000    -0.1229E-02 0.1001E-02  0.000      0.000      0.000      0.000       0.000       0.000       0.000       0.000       0.000       0.000    
   129600.   12.46422883   12.6715   0.000       0.000      0.1814E-03   0.000     0.7915E-03-0.9729E-03  0.000      0.000      0.000      0.000       0.000       0.000       0.000       0.000       0.000       0.000    
   133200.   12.43773835   12.6687   0.000       0.000      0.2021E-03   0.000    -0.3316E-03 0.1295E-03  0.000      0.000      0.000      0.000       0.000       0.000       0.000       0.000       0.000       0.000    
   136800.   12.42839180   12.6654   0.000       0.000      0.2073E-03   0.000    -0.5061E-03 0.2988E-03  0.000      0.000      0.000      0.000       0.000       0.000       0.000       0.000       0.000       0.000    
   140400.   12.40547783   12.6604   0.000       0.000      0.2231E-03   0.000    -0.1128E-02 0.9049E-03  0.000      0.000      0.000      0.000       0.000       0.000       0.000       0.000       0.000       0.000    
   144000.   12.40107158   12.6555   0.000       0.000      0.2226E-03   0.000    -0.1016E-02 0.7932E-03  0.000      0.000      0.000      0.000       0.000       0.000       0.000       0.000       0.000       0.000    
   147600.   12.39911130   12.6508   0.000       0.000      0.2202E-03   0.000    -0.8986E-03 0.6783E-03  0.000      0.000      0.000      0.000       0.000       0.000       0.000       0.000       0.000       0.000    
   151200.   12.39806192   12.6464   0.000       0.000      0.2173E-03   0.000    -0.7904E-03 0.5732E-03  0.000      0.000      0.000      0.000       0.000       0.000       0.000       0.000       0.000       0.000    
   154800.   12.39738799   12.6422   0.000       0.000      0.2142E-03   0.000    -0.6903E-03 0.4761E-03  0.000      0.000      0.000      0.000       0.000       0.000       0.000       0.000       0.000       0.000    
   158400.   12.41094422   12.6393   0.000       0.000      0.1998E-03   0.000    -0.1229E-03-0.7699E-04  0.000      0.000      0.000      0.000       0.000       0.000       0.000       0.000       0.000       0.000    
   162000.   12.46949431   12.6414   0.000       0.000      0.1504E-03   0.000     0.1845E-02-0.1995E-02  0.000      0.000      0.000      0.000       0.000       0.000       0.000       0.000       0.000       0.000    
   165600.   12.46648372   12.6428   0.000       0.000      0.1543E-03   0.000     0.1362E-02-0.1516E-02  0.000      0.000      0.000      0.000       0.000       0.000       0.000       0.000       0.000       0.000    
   169200.   12.41987661   12.6403   0.000       0.000      0.1928E-03   0.000    -0.3248E-03 0.1320E-03  0.000      0.000      0.000      0.000       0.000       0.000       0.000       0.000       0.000       0.000    
   172800.   12.40587164   12.6369   0.000       0.000      0.2021E-03   0.000    -0.5196E-03 0.3175E-03  0.000      0.000      0.000      0.000       0.000       0.000       0.000       0.000       0.000       0.000    
