TOTIM (T)      HCON          HMAT      QDIR      QWELL        QMAT       QCADS      QTUB1      QTUB2      QTUB3      QTUB4      QTUB5      QTUB6       NSTOR        QFIX        QLH     FHLQ (LQ)        CAUCHY   CAUCHY (LQ)
     3600.   12.36082597   12.3981   0.000       0.000      0.3266E-04   0.000     0.2025E-02-0.2057E-02  0.000      0.000      0.000      0.000       0.000       0.000       0.000       0.000       0.000       0.000    
     7200.   12.34684139   12.3970   0.000       0.000      0.4390E-04   0.000     0.1801E-02-0.1845E-02  0.000      0.000      0.000      0.000       0.000       0.000       0.000       0.000       0.000       0.000    
    10800.   12.34432528   12.3958   0.000       0.000      0.4505E-04   0.000     0.1820E-02-0.1865E-02  0.000      0.000      0.000      0.000       0.000       0.000       0.000       0.000       0.000       0.000    
    14400.   12.34314867   12.3946   0.000       0.000      0.4503E-04   0.000     0.1841E-02-0.1886E-02  0.000      0.000      0.000      0.000       0.000       0.000       0.000       0.000       0.000       0.000    
    18000.   12.34240905   12.3935   0.000       0.000      0.4466E-04   0.000     0.1855E-02-0.1899E-02  0.000      0.000      0.000      0.000       0.000       0.000       0.000       0.000       0.000       0.000    
    21600.   12.34186116   12.3923   0.000       0.000      0.4416E-04   0.000     0.1865E-02-0.1909E-02  0.000      0.000      0.000      0.000       0.000       0.000       0.000       0.000       0.000       0.000    
    25200.   12.34140050   12.3913   0.000       0.000      0.4362E-04   0.000     0.1873E-02-0.1916E-02  0.000      0.000      0.000      0.000       0.000       0.000       0.000       0.000       0.000       0.000    
    28800.   12.34100751   12.3902   0.000       0.000      0.4306E-04   0.000     0.1879E-02-0.1922E-02  0.000      0.000      0.000      0.000       0.000       0.000       0.000       0.000       0.000       0.000    
    32400.   12.34062200   12.3892   0.000       0.000      0.4253E-04   0.000     0.1885E-02-0.1928E-02  0.000      0.000      0.000      0.000       0.000       0.000       0.000       0.000       0.000       0.000    
    36000.   12.34023968   12.3883   0.000       0.000      0.4203E-04   0.000     0.1891E-02-0.1933E-02  0.000      0.000      0.000      0.000       0.000       0.000       0.000       0.000       0.000       0.000    
    39600.   12.33985906   12.3874   0.000       0.000      0.4156E-04   0.000     0.1896E-02-0.1937E-02  0.000      0.000      0.000      0.000       0.000       0.000       0.000       0.000       0.000       0.000    
    43200.   12.35351502   12.3876   0.000       0.000      0.2984E-04   0.000     0.2123E-02-0.2153E-02  0.000      0.000      0.000      0.000       0.000       0.000       0.000       0.000       0.000       0.000    
    46800.   12.35568170   12.3880   0.000       0.000      0.2826E-04   0.000     0.2108E-02-0.2136E-02  0.000      0.000      0.000      0.000       0.000       0.000       0.000       0.000       0.000       0.000    
    50400.   12.34245058   12.3872   0.000       0.000      0.3916E-04   0.000     0.1869E-02-0.1908E-02  0.000      0.000      0.000      0.000       0.000       0.000       0.000       0.000       0.000       0.000    
    54000.   12.35433424   12.3875   0.000       0.000      0.2903E-04   0.000     0.2101E-02-0.2130E-02  0.000      0.000      0.000      0.000       0.000       0.000       0.000       0.000       0.000       0.000    
    57600.   12.39109722   12.3908   0.000       0.000     -0.2807E-06   0.000     0.2650E-02-0.2649E-02  0.000      0.000      0.000      0.000       0.000       0.000       0.000       0.000       0.000       0.000    
    61200.   12.50384088   12.4029   0.000       0.000     -0.8832E-04   0.000     0.4248E-02-0.4160E-02  0.000      0.000      0.000      0.000       0.000       0.000       0.000       0.000       0.000       0.000    
    64800.   12.49817806   12.4132   0.000       0.000     -0.7438E-04   0.000     0.3597E-02-0.3523E-02  0.000      0.000      0.000      0.000       0.000       0.000       0.000       0.000       0.000       0.000    
    68400.   12.49716790   12.4225   0.000       0.000     -0.6529E-04   0.000     0.3329E-02-0.3264E-02  0.000      0.000      0.000      0.000       0.000       0.000       0.000       0.000       0.000       0.000    
    72000.   12.46539255   12.4287   0.000       0.000     -0.3215E-04   0.000     0.2695E-02-0.2663E-02  0.000      0.000      0.000      0.000       0.000       0.000       0.000       0.000       0.000       0.000    
    75600.   12.43410109   12.4319   0.000       0.000     -0.1916E-05   0.000     0.2242E-02-0.2240E-02  0.000      0.000      0.000      0.000       0.000       0.000       0.000       0.000       0.000       0.000    
    79200.   12.51364985   12.4417   0.000       0.000     -0.6298E-04   0.000     0.3609E-02-0.3546E-02  0.000      0.000      0.000      0.000       0.000       0.000       0.000       0.000       0.000       0.000    
    82800.   12.52772559   12.4516   0.000       0.000     -0.6662E-04   0.000     0.3519E-02-0.3452E-02  0.000      0.000      0.000      0.000       0.000       0.000       0.000       0.000       0.000       0.000    
    86400.   12.54218301   12.4619   0.000       0.000     -0.7027E-04   0.000     0.3511E-02-0.3440E-02  0.000      0.000      0.000      0.000       0.000       0.000       0.000       0.000       0.000       0.000    
    90000.   12.62622533   12.4783   0.000       0.000     -0.1294E-03   0.000     0.4635E-02-0.4505E-02  0.000      0.000      0.000      0.000       0.000       0.000       0.000       0.000       0.000       0.000    
    93600.   12.82134502   12.5092   0.000       0.000     -0.2731E-03   0.000     0.7219E-02-0.6946E-02  0.000      0.000      0.000      0.000       0.000       0.000       0.000       0.000       0.000       0.000    
    97200.   12.75138972   12.5312   0.000       0.000     -0.1926E-03   0.000     0.5024E-02-0.4832E-02  0.000      0.000      0.000      0.000       0.000       0.000       0.000       0.000       0.000       0.000    
   100800.   12.59916245   12.5394   0.000       0.000     -0.5232E-04   0.000     0.2352E-02-0.2300E-02  0.000      0.000      0.000      0.000       0.000       0.000       0.000       0.000       0.000       0.000    
   104400.   12.52821039   12.5418   0.000       0.000      0.1193E-04   0.000     0.1687E-02-0.1699E-02  0.000      0.000      0.000      0.000       0.000       0.000       0.000       0.000       0.000       0.000    
   108000.   12.50602418   12.5428   0.000       0.000      0.3220E-04   0.000     0.1774E-02-0.1806E-02  0.000      0.000      0.000      0.000       0.000       0.000       0.000       0.000       0.000       0.000    
   111600.   12.47141591   12.5411   0.000       0.000      0.6100E-04   0.000     0.1466E-02-0.1527E-02  0.000      0.000      0.000      0.000       0.000       0.000       0.000       0.000       0.000       0.000    
   115200.   12.44329550   12.5375   0.000       0.000      0.8240E-04   0.000     0.1247E-02-0.1329E-02  0.000      0.000      0.000      0.000       0.000       0.000       0.000       0.000       0.000       0.000    
   118800.   12.42300220   12.5326   0.000       0.000      0.9587E-04   0.000     0.1139E-02-0.1235E-02  0.000      0.000      0.000      0.000       0.000       0.000       0.000       0.000       0.000       0.000    
   122400.   12.43214652   12.5289   0.000       0.000      0.8466E-04   0.000     0.1466E-02-0.1550E-02  0.000      0.000      0.000      0.000       0.000       0.000       0.000       0.000       0.000       0.000    
   126000.   12.41145995   12.5238   0.000       0.000      0.9826E-04   0.000     0.1194E-02-0.1292E-02  0.000      0.000      0.000      0.000       0.000       0.000       0.000       0.000       0.000       0.000    
   129600.   12.46422823   12.5234   0.000       0.000      0.5178E-04   0.000     0.2148E-02-0.2200E-02  0.000      0.000      0.000      0.000       0.000       0.000       0.000       0.000       0.000       0.000    
   133200.   12.43773811   12.5207   0.000       0.000      0.7257E-04   0.000     0.1581E-02-0.1654E-02  0.000      0.000      0.000      0.000       0.000       0.000       0.000       0.000       0.000       0.000    
   136800.   12.42839161   12.5174   0.000       0.000      0.7790E-04   0.000     0.1488E-02-0.1566E-02  0.000      0.000      0.000      0.000       0.000       0.000       0.000       0.000       0.000       0.000    
   140400.   12.40547782   12.5126   0.000       0.000      0.9370E-04   0.000     0.1208E-02-0.1302E-02  0.000      0.000      0.000      0.000       0.000       0.000       0.000       0.000       0.000       0.000    
   144000.   12.40107152   12.5078   0.000       0.000      0.9338E-04   0.000     0.1282E-02-0.1375E-02  0.000      0.000      0.000      0.000       0.000       0.000       0.000       0.000       0.000       0.000    
   147600.   12.39911121   12.5032   0.000       0.000      0.9110E-04   0.000     0.1349E-02-0.1440E-02  0.000      0.000      0.000      0.000       0.000       0.000       0.000       0.000       0.000       0.000    
   151200.   12.39806181   12.4989   0.000       0.000      0.8822E-04   0.000     0.1400E-02-0.1488E-02  0.000      0.000      0.000      0.000       0.000       0.000       0.000       0.000       0.000       0.000    
   154800.   12.39738785   12.4948   0.000       0.000      0.8524E-04   0.000     0.1442E-02-0.1528E-02  0.000      0.000      0.000      0.000       0.000       0.000       0.000       0.000       0.000       0.000    
   158400.   12.41094391   12.4921   0.000       0.000      0.7101E-04   0.000     0.1702E-02-0.1773E-02  0.000      0.000      0.000      0.000       0.000       0.000       0.000       0.000       0.000       0.000    
   162000.   12.46949341   12.4943   0.000       0.000      0.2173E-04   0.000     0.2600E-02-0.2622E-02  0.000      0.000      0.000      0.000       0.000       0.000       0.000       0.000       0.000       0.000    
   165600.   12.46648299   12.4959   0.000       0.000      0.2570E-04   0.000     0.2310E-02-0.2335E-02  0.000      0.000      0.000      0.000       0.000       0.000       0.000       0.000       0.000       0.000    
   169200.   12.41987638   12.4934   0.000       0.000      0.6433E-04   0.000     0.1485E-02-0.1549E-02  0.000      0.000      0.000      0.000       0.000       0.000       0.000       0.000       0.000       0.000    
   172800.   12.40587146   12.4901   0.000       0.000      0.7374E-04   0.000     0.1426E-02-0.1500E-02  0.000      0.000      0.000      0.000       0.000       0.000       0.000       0.000       0.000       0.000    
