TOTIM (T)      HCON          HMAT      QDIR      QWELL        QMAT       QCADS      QTUB1      QTUB2      QTUB3      QTUB4      QTUB5      QTUB6       NSTOR        QFIX        QLH     FHLQ (LQ)        CAUCHY   CAUCHY (LQ)
     3600.   12.36082587   12.3987   0.000       0.000      0.3310E-04   0.000     0.2085E-02-0.2118E-02  0.000      0.000      0.000      0.000       0.000       0.000       0.000       0.000       0.000       0.000    
     7200.   12.34684129   12.3975   0.000       0.000      0.4434E-04   0.000     0.1884E-02-0.1928E-02  0.000      0.000      0.000      0.000       0.000       0.000       0.000       0.000       0.000       0.000    
    10800.   12.34432519   12.3963   0.000       0.000      0.4549E-04   0.000     0.1905E-02-0.1951E-02  0.000      0.000      0.000      0.000       0.000       0.000       0.000       0.000       0.000       0.000    
    14400.   12.34314858   12.3951   0.000       0.000      0.4548E-04   0.000     0.1926E-02-0.1971E-02  0.000      0.000      0.000      0.000       0.000       0.000       0.000       0.000       0.000       0.000    
    18000.   12.34240896   12.3940   0.000       0.000      0.4511E-04   0.000     0.1939E-02-0.1984E-02  0.000      0.000      0.000      0.000       0.000       0.000       0.000       0.000       0.000       0.000    
    21600.   12.34186107   12.3928   0.000       0.000      0.4461E-04   0.000     0.1948E-02-0.1993E-02  0.000      0.000      0.000      0.000       0.000       0.000       0.000       0.000       0.000       0.000    
    25200.   12.34140041   12.3918   0.000       0.000      0.4407E-04   0.000     0.1955E-02-0.1999E-02  0.000      0.000      0.000      0.000       0.000       0.000       0.000       0.000       0.000       0.000    
    28800.   12.34100742   12.3907   0.000       0.000      0.4351E-04   0.000     0.1960E-02-0.2004E-02  0.000      0.000      0.000      0.000       0.000       0.000       0.000       0.000       0.000       0.000    
    32400.   12.34062190   12.3897   0.000       0.000      0.4298E-04   0.000     0.1965E-02-0.2008E-02  0.000      0.000      0.000      0.000       0.000       0.000       0.000       0.000       0.000       0.000    
    36000.   12.34023958   12.3888   0.000       0.000      0.4248E-04   0.000     0.1970E-02-0.2012E-02  0.000      0.000      0.000      0.000       0.000       0.000       0.000       0.000       0.000       0.000    
    39600.   12.33985896   12.3879   0.000       0.000      0.4201E-04   0.000     0.1974E-02-0.2016E-02  0.000      0.000      0.000      0.000       0.000       0.000       0.000       0.000       0.000       0.000    
    43200.   12.35351491   12.3881   0.000       0.000      0.3029E-04   0.000     0.2178E-02-0.2208E-02  0.000      0.000      0.000      0.000       0.000       0.000       0.000       0.000       0.000       0.000    
    46800.   12.35568159   12.3885   0.000       0.000      0.2871E-04   0.000     0.2160E-02-0.2188E-02  0.000      0.000      0.000      0.000       0.000       0.000       0.000       0.000       0.000       0.000    
    50400.   12.34245049   12.3877   0.000       0.000      0.3961E-04   0.000     0.1942E-02-0.1982E-02  0.000      0.000      0.000      0.000       0.000       0.000       0.000       0.000       0.000       0.000    
    54000.   12.35433414   12.3880   0.000       0.000      0.2948E-04   0.000     0.2154E-02-0.2184E-02  0.000      0.000      0.000      0.000       0.000       0.000       0.000       0.000       0.000       0.000    
    57600.   12.39109709   12.3913   0.000       0.000      0.1718E-06   0.000     0.2644E-02-0.2644E-02  0.000      0.000      0.000      0.000       0.000       0.000       0.000       0.000       0.000       0.000    
    61200.   12.50384068   12.4034   0.000       0.000     -0.8786E-04   0.000     0.4067E-02-0.3979E-02  0.000      0.000      0.000      0.000       0.000       0.000       0.000       0.000       0.000       0.000    
    64800.   12.49817788   12.4137   0.000       0.000     -0.7393E-04   0.000     0.3443E-02-0.3370E-02  0.000      0.000      0.000      0.000       0.000       0.000       0.000       0.000       0.000       0.000    
    68400.   12.49716774   12.4231   0.000       0.000     -0.6484E-04   0.000     0.3193E-02-0.3129E-02  0.000      0.000      0.000      0.000       0.000       0.000       0.000       0.000       0.000       0.000    
    72000.   12.46539242   12.4292   0.000       0.000     -0.3170E-04   0.000     0.2626E-02-0.2594E-02  0.000      0.000      0.000      0.000       0.000       0.000       0.000       0.000       0.000       0.000    
    75600.   12.43410098   12.4324   0.000       0.000     -0.1465E-05   0.000     0.2233E-02-0.2231E-02  0.000      0.000      0.000      0.000       0.000       0.000       0.000       0.000       0.000       0.000    
    79200.   12.51364968   12.4422   0.000       0.000     -0.6254E-04   0.000     0.3478E-02-0.3416E-02  0.000      0.000      0.000      0.000       0.000       0.000       0.000       0.000       0.000       0.000    
    82800.   12.52772542   12.4521   0.000       0.000     -0.6618E-04   0.000     0.3381E-02-0.3314E-02  0.000      0.000      0.000      0.000       0.000       0.000       0.000       0.000       0.000       0.000    
    86400.   12.54218284   12.4624   0.000       0.000     -0.6983E-04   0.000     0.3365E-02-0.3295E-02  0.000      0.000      0.000      0.000       0.000       0.000       0.000       0.000       0.000       0.000    
    90000.   12.62622511   12.4788   0.000       0.000     -0.1290E-03   0.000     0.4371E-02-0.4242E-02  0.000      0.000      0.000      0.000       0.000       0.000       0.000       0.000       0.000       0.000    
    93600.   12.82134370   12.5097   0.000       0.000     -0.2727E-03   0.000     0.6667E-02-0.6395E-02  0.000      0.000      0.000      0.000       0.000       0.000       0.000       0.000       0.000       0.000    
    97200.   12.75138904   12.5317   0.000       0.000     -0.1922E-03   0.000     0.4634E-02-0.4442E-02  0.000      0.000      0.000      0.000       0.000       0.000       0.000       0.000       0.000       0.000    
   100800.   12.59916226   12.5398   0.000       0.000     -0.5192E-04   0.000     0.2243E-02-0.2191E-02  0.000      0.000      0.000      0.000       0.000       0.000       0.000       0.000       0.000       0.000    
   104400.   12.52821031   12.5423   0.000       0.000      0.1232E-04   0.000     0.1706E-02-0.1719E-02  0.000      0.000      0.000      0.000       0.000       0.000       0.000       0.000       0.000       0.000    
   108000.   12.50602409   12.5433   0.000       0.000      0.3258E-04   0.000     0.1833E-02-0.1866E-02  0.000      0.000      0.000      0.000       0.000       0.000       0.000       0.000       0.000       0.000    
   111600.   12.47141583   12.5415   0.000       0.000      0.6136E-04   0.000     0.1583E-02-0.1644E-02  0.000      0.000      0.000      0.000       0.000       0.000       0.000       0.000       0.000       0.000    
   115200.   12.44329543   12.5379   0.000       0.000      0.8274E-04   0.000     0.1407E-02-0.1489E-02  0.000      0.000      0.000      0.000       0.000       0.000       0.000       0.000       0.000       0.000    
   118800.   12.42300214   12.5329   0.000       0.000      0.9619E-04   0.000     0.1326E-02-0.1422E-02  0.000      0.000      0.000      0.000       0.000       0.000       0.000       0.000       0.000       0.000    
   122400.   12.43214644   12.5292   0.000       0.000      0.8496E-04   0.000     0.1630E-02-0.1715E-02  0.000      0.000      0.000      0.000       0.000       0.000       0.000       0.000       0.000       0.000    
   126000.   12.41145989   12.5241   0.000       0.000      0.9855E-04   0.000     0.1386E-02-0.1484E-02  0.000      0.000      0.000      0.000       0.000       0.000       0.000       0.000       0.000       0.000    
   129600.   12.46422812   12.5237   0.000       0.000      0.5205E-04   0.000     0.2247E-02-0.2299E-02  0.000      0.000      0.000      0.000       0.000       0.000       0.000       0.000       0.000       0.000    
   133200.   12.43773802   12.5210   0.000       0.000      0.7282E-04   0.000     0.1721E-02-0.1794E-02  0.000      0.000      0.000      0.000       0.000       0.000       0.000       0.000       0.000       0.000    
   136800.   12.42839153   12.5177   0.000       0.000      0.7814E-04   0.000     0.1639E-02-0.1717E-02  0.000      0.000      0.000      0.000       0.000       0.000       0.000       0.000       0.000       0.000    
   140400.   12.40547775   12.5128   0.000       0.000      0.9392E-04   0.000     0.1390E-02-0.1484E-02  0.000      0.000      0.000      0.000       0.000       0.000       0.000       0.000       0.000       0.000    
   144000.   12.40107145   12.5080   0.000       0.000      0.9358E-04   0.000     0.1464E-02-0.1557E-02  0.000      0.000      0.000      0.000       0.000       0.000       0.000       0.000       0.000       0.000    
   147600.   12.39911114   12.5034   0.000       0.000      0.9128E-04   0.000     0.1526E-02-0.1618E-02  0.000      0.000      0.000      0.000       0.000       0.000       0.000       0.000       0.000       0.000    
   151200.   12.39806173   12.4991   0.000       0.000      0.8840E-04   0.000     0.1571E-02-0.1660E-02  0.000      0.000      0.000      0.000       0.000       0.000       0.000       0.000       0.000       0.000    
   154800.   12.39738777   12.4950   0.000       0.000      0.8540E-04   0.000     0.1608E-02-0.1693E-02  0.000      0.000      0.000      0.000       0.000       0.000       0.000       0.000       0.000       0.000    
   158400.   12.41094382   12.4923   0.000       0.000      0.7116E-04   0.000     0.1839E-02-0.1910E-02  0.000      0.000      0.000      0.000       0.000       0.000       0.000       0.000       0.000       0.000    
   162000.   12.46949328   12.4945   0.000       0.000      0.2187E-04   0.000     0.2639E-02-0.2661E-02  0.000      0.000      0.000      0.000       0.000       0.000       0.000       0.000       0.000       0.000    
   165600.   12.46648287   12.4960   0.000       0.000      0.2583E-04   0.000     0.2356E-02-0.2382E-02  0.000      0.000      0.000      0.000       0.000       0.000       0.000       0.000       0.000       0.000    
   169200.   12.41987631   12.4935   0.000       0.000      0.6445E-04   0.000     0.1608E-02-0.1673E-02  0.000      0.000      0.000      0.000       0.000       0.000       0.000       0.000       0.000       0.000    
   172800.   12.40587138   12.4903   0.000       0.000      0.7385E-04   0.000     0.1569E-02-0.1642E-02  0.000      0.000      0.000      0.000       0.000       0.000       0.000       0.000       0.000       0.000    
