TOTIM (T)      HCON          HMAT      QDIR      QWELL        QMAT       QCADS      QTUB1      QTUB2      QTUB3      QTUB4      QTUB5      QTUB6       NSTOR        QFIX        QLH     FHLQ (LQ)        CAUCHY   CAUCHY (LQ)
     3600.   12.36082616   12.4705   0.000       0.000      0.9596E-04   0.000     0.1704E-02-0.1800E-02  0.000      0.000      0.000      0.000       0.000       0.000       0.000       0.000       0.000       0.000    
     7200.   12.34684151   12.4694   0.000       0.000      0.1072E-03   0.000     0.1320E-02-0.1427E-02  0.000      0.000      0.000      0.000       0.000       0.000       0.000       0.000       0.000       0.000    
    10800.   12.34432541   12.4682   0.000       0.000      0.1083E-03   0.000     0.1343E-02-0.1452E-02  0.000      0.000      0.000      0.000       0.000       0.000       0.000       0.000       0.000       0.000    
    14400.   12.34314880   12.4670   0.000       0.000      0.1083E-03   0.000     0.1367E-02-0.1475E-02  0.000      0.000      0.000      0.000       0.000       0.000       0.000       0.000       0.000       0.000    
    18000.   12.34240918   12.4658   0.000       0.000      0.1080E-03   0.000     0.1385E-02-0.1493E-02  0.000      0.000      0.000      0.000       0.000       0.000       0.000       0.000       0.000       0.000    
    21600.   12.34186129   12.4647   0.000       0.000      0.1075E-03   0.000     0.1401E-02-0.1509E-02  0.000      0.000      0.000      0.000       0.000       0.000       0.000       0.000       0.000       0.000    
    25200.   12.34140064   12.4636   0.000       0.000      0.1069E-03   0.000     0.1415E-02-0.1522E-02  0.000      0.000      0.000      0.000       0.000       0.000       0.000       0.000       0.000       0.000    
    28800.   12.34100765   12.4626   0.000       0.000      0.1064E-03   0.000     0.1428E-02-0.1534E-02  0.000      0.000      0.000      0.000       0.000       0.000       0.000       0.000       0.000       0.000    
    32400.   12.34062214   12.4616   0.000       0.000      0.1058E-03   0.000     0.1440E-02-0.1545E-02  0.000      0.000      0.000      0.000       0.000       0.000       0.000       0.000       0.000       0.000    
    36000.   12.34023982   12.4606   0.000       0.000      0.1053E-03   0.000     0.1450E-02-0.1556E-02  0.000      0.000      0.000      0.000       0.000       0.000       0.000       0.000       0.000       0.000    
    39600.   12.33985920   12.4597   0.000       0.000      0.1049E-03   0.000     0.1461E-02-0.1565E-02  0.000      0.000      0.000      0.000       0.000       0.000       0.000       0.000       0.000       0.000    
    43200.   12.35351522   12.4600   0.000       0.000      0.9314E-04   0.000     0.1854E-02-0.1947E-02  0.000      0.000      0.000      0.000       0.000       0.000       0.000       0.000       0.000       0.000    
    46800.   12.35568190   12.4603   0.000       0.000      0.9156E-04   0.000     0.1839E-02-0.1930E-02  0.000      0.000      0.000      0.000       0.000       0.000       0.000       0.000       0.000       0.000    
    50400.   12.34245072   12.4596   0.000       0.000      0.1025E-03   0.000     0.1440E-02-0.1543E-02  0.000      0.000      0.000      0.000       0.000       0.000       0.000       0.000       0.000       0.000    
    54000.   12.35433445   12.4599   0.000       0.000      0.9234E-04   0.000     0.1836E-02-0.1929E-02  0.000      0.000      0.000      0.000       0.000       0.000       0.000       0.000       0.000       0.000    
    57600.   12.39109758   12.4631   0.000       0.000      0.6302E-04   0.000     0.2785E-02-0.2848E-02  0.000      0.000      0.000      0.000       0.000       0.000       0.000       0.000       0.000       0.000    
    61200.   12.50384169   12.4753   0.000       0.000     -0.2501E-04   0.000     0.5588E-02-0.5563E-02  0.000      0.000      0.000      0.000       0.000       0.000       0.000       0.000       0.000       0.000    
    64800.   12.49817870   12.4855   0.000       0.000     -0.1108E-04   0.000     0.4576E-02-0.4565E-02  0.000      0.000      0.000      0.000       0.000       0.000       0.000       0.000       0.000       0.000    
    68400.   12.49716849   12.4949   0.000       0.000     -0.1987E-05   0.000     0.4203E-02-0.4201E-02  0.000      0.000      0.000      0.000       0.000       0.000       0.000       0.000       0.000       0.000    
    72000.   12.46539297   12.5010   0.000       0.000      0.3116E-04   0.000     0.3116E-02-0.3147E-02  0.000      0.000      0.000      0.000       0.000       0.000       0.000       0.000       0.000       0.000    
    75600.   12.43410138   12.5043   0.000       0.000      0.6139E-04   0.000     0.2296E-02-0.2358E-02  0.000      0.000      0.000      0.000       0.000       0.000       0.000       0.000       0.000       0.000    
    79200.   12.51365051   12.5140   0.000       0.000      0.3224E-06   0.000     0.4598E-02-0.4599E-02  0.000      0.000      0.000      0.000       0.000       0.000       0.000       0.000       0.000       0.000    
    82800.   12.52772622   12.5239   0.000       0.000     -0.3320E-05   0.000     0.4454E-02-0.4451E-02  0.000      0.000      0.000      0.000       0.000       0.000       0.000       0.000       0.000       0.000    
    86400.   12.54218365   12.5342   0.000       0.000     -0.6964E-05   0.000     0.4495E-02-0.4488E-02  0.000      0.000      0.000      0.000       0.000       0.000       0.000       0.000       0.000       0.000    
    90000.   12.62622629   12.5506   0.000       0.000     -0.6615E-04   0.000     0.6463E-02-0.6397E-02  0.000      0.000      0.000      0.000       0.000       0.000       0.000       0.000       0.000       0.000    
    93600.   12.82136950   12.5815   0.000       0.000     -0.2099E-03   0.000     0.1100E-01-0.1079E-01  0.000      0.000      0.000      0.000       0.000       0.000       0.000       0.000       0.000       0.000    
    97200.   12.75140057   12.6036   0.000       0.000     -0.1293E-03   0.000     0.7395E-02-0.7266E-02  0.000      0.000      0.000      0.000       0.000       0.000       0.000       0.000       0.000       0.000    
   100800.   12.59916404   12.6117   0.000       0.000      0.1097E-04   0.000     0.2870E-02-0.2881E-02  0.000      0.000      0.000      0.000       0.000       0.000       0.000       0.000       0.000       0.000    
   104400.   12.52821061   12.6142   0.000       0.000      0.7521E-04   0.000     0.1559E-02-0.1634E-02  0.000      0.000      0.000      0.000       0.000       0.000       0.000       0.000       0.000       0.000    
   108000.   12.50602438   12.6151   0.000       0.000      0.9548E-04   0.000     0.1490E-02-0.1586E-02  0.000      0.000      0.000      0.000       0.000       0.000       0.000       0.000       0.000       0.000    
   111600.   12.47141596   12.6134   0.000       0.000      0.1243E-03   0.000     0.8206E-03-0.9449E-03  0.000      0.000      0.000      0.000       0.000       0.000       0.000       0.000       0.000       0.000    
   115200.   12.44329547   12.6098   0.000       0.000      0.1457E-03   0.000     0.3577E-03-0.5033E-03  0.000      0.000      0.000      0.000       0.000       0.000       0.000       0.000       0.000       0.000    
   118800.   12.42300213   12.6049   0.000       0.000      0.1591E-03   0.000     0.1031E-03-0.2623E-03  0.000      0.000      0.000      0.000       0.000       0.000       0.000       0.000       0.000       0.000    
   122400.   12.43214653   12.6012   0.000       0.000      0.1479E-03   0.000     0.6196E-03-0.7675E-03  0.000      0.000      0.000      0.000       0.000       0.000       0.000       0.000       0.000       0.000    
   126000.   12.41145988   12.5960   0.000       0.000      0.1615E-03   0.000     0.1360E-03-0.2975E-03  0.000      0.000      0.000      0.000       0.000       0.000       0.000       0.000       0.000       0.000    
   129600.   12.46422843   12.5957   0.000       0.000      0.1150E-03   0.000     0.1780E-02-0.1895E-02  0.000      0.000      0.000      0.000       0.000       0.000       0.000       0.000       0.000       0.000    
   133200.   12.43773815   12.5929   0.000       0.000      0.1358E-03   0.000     0.8317E-03-0.9674E-03  0.000      0.000      0.000      0.000       0.000       0.000       0.000       0.000       0.000       0.000    
   136800.   12.42839163   12.5897   0.000       0.000      0.1411E-03   0.000     0.6982E-03-0.8393E-03  0.000      0.000      0.000      0.000       0.000       0.000       0.000       0.000       0.000       0.000    
   140400.   12.40547776   12.5848   0.000       0.000      0.1569E-03   0.000     0.2023E-03-0.3592E-03  0.000      0.000      0.000      0.000       0.000       0.000       0.000       0.000       0.000       0.000    
   144000.   12.40107149   12.5800   0.000       0.000      0.1566E-03   0.000     0.3089E-03-0.4655E-03  0.000      0.000      0.000      0.000       0.000       0.000       0.000       0.000       0.000       0.000    
   147600.   12.39911119   12.5754   0.000       0.000      0.1543E-03   0.000     0.4072E-03-0.5614E-03  0.000      0.000      0.000      0.000       0.000       0.000       0.000       0.000       0.000       0.000    
   151200.   12.39806179   12.5711   0.000       0.000      0.1514E-03   0.000     0.4924E-03-0.6438E-03  0.000      0.000      0.000      0.000       0.000       0.000       0.000       0.000       0.000       0.000    
   154800.   12.39738785   12.5670   0.000       0.000      0.1484E-03   0.000     0.5690E-03-0.7174E-03  0.000      0.000      0.000      0.000       0.000       0.000       0.000       0.000       0.000       0.000    
   158400.   12.41094398   12.5643   0.000       0.000      0.1342E-03   0.000     0.1022E-02-0.1157E-02  0.000      0.000      0.000      0.000       0.000       0.000       0.000       0.000       0.000       0.000    
   162000.   12.46949374   12.5665   0.000       0.000      0.8488E-04   0.000     0.2596E-02-0.2681E-02  0.000      0.000      0.000      0.000       0.000       0.000       0.000       0.000       0.000       0.000    
   165600.   12.46648324   12.5680   0.000       0.000      0.8885E-04   0.000     0.2154E-02-0.2243E-02  0.000      0.000      0.000      0.000       0.000       0.000       0.000       0.000       0.000       0.000    
   169200.   12.41987642   12.5656   0.000       0.000      0.1275E-03   0.000     0.7790E-03-0.9065E-03  0.000      0.000      0.000      0.000       0.000       0.000       0.000       0.000       0.000       0.000    
   172800.   12.40587148   12.5623   0.000       0.000      0.1369E-03   0.000     0.6540E-03-0.7909E-03  0.000      0.000      0.000      0.000       0.000       0.000       0.000       0.000       0.000       0.000    
