TOTIM (T)      HCON          HMAT      QDIR      QWELL        QMAT       QCADS      QTUB1      QTUB2      QTUB3      QTUB4      QTUB5      QTUB6       NSTOR        QFIX        QLH     FHLQ (LQ)        CAUCHY   CAUCHY (LQ)
     3600.   12.36082666   12.4575   0.000       0.000      0.8462E-04   0.000     0.9844E-03-0.1069E-02  0.000      0.000      0.000      0.000       0.000       0.000       0.000       0.000       0.000       0.000    
     7200.   12.34684194   12.4564   0.000       0.000      0.9586E-04   0.000     0.5698E-03-0.6657E-03  0.000      0.000      0.000      0.000       0.000       0.000       0.000       0.000       0.000       0.000    
    10800.   12.34432584   12.4552   0.000       0.000      0.9701E-04   0.000     0.5696E-03-0.6667E-03  0.000      0.000      0.000      0.000       0.000       0.000       0.000       0.000       0.000       0.000    
    14400.   12.34314924   12.4540   0.000       0.000      0.9700E-04   0.000     0.5905E-03-0.6875E-03  0.000      0.000      0.000      0.000       0.000       0.000       0.000       0.000       0.000       0.000    
    18000.   12.34240963   12.4528   0.000       0.000      0.9663E-04   0.000     0.6105E-03-0.7071E-03  0.000      0.000      0.000      0.000       0.000       0.000       0.000       0.000       0.000       0.000    
    21600.   12.34186174   12.4517   0.000       0.000      0.9613E-04   0.000     0.6290E-03-0.7252E-03  0.000      0.000      0.000      0.000       0.000       0.000       0.000       0.000       0.000       0.000    
    25200.   12.34140109   12.4506   0.000       0.000      0.9559E-04   0.000     0.6463E-03-0.7419E-03  0.000      0.000      0.000      0.000       0.000       0.000       0.000       0.000       0.000       0.000    
    28800.   12.34100810   12.4496   0.000       0.000      0.9503E-04   0.000     0.6622E-03-0.7573E-03  0.000      0.000      0.000      0.000       0.000       0.000       0.000       0.000       0.000       0.000    
    32400.   12.34062259   12.4486   0.000       0.000      0.9450E-04   0.000     0.6772E-03-0.7717E-03  0.000      0.000      0.000      0.000       0.000       0.000       0.000       0.000       0.000       0.000    
    36000.   12.34024027   12.4477   0.000       0.000      0.9400E-04   0.000     0.6913E-03-0.7853E-03  0.000      0.000      0.000      0.000       0.000       0.000       0.000       0.000       0.000       0.000    
    39600.   12.33985966   12.4468   0.000       0.000      0.9353E-04   0.000     0.7045E-03-0.7980E-03  0.000      0.000      0.000      0.000       0.000       0.000       0.000       0.000       0.000       0.000    
    43200.   12.35351575   12.4470   0.000       0.000      0.8181E-04   0.000     0.1131E-02-0.1213E-02  0.000      0.000      0.000      0.000       0.000       0.000       0.000       0.000       0.000       0.000    
    46800.   12.35568243   12.4474   0.000       0.000      0.8023E-04   0.000     0.1143E-02-0.1223E-02  0.000      0.000      0.000      0.000       0.000       0.000       0.000       0.000       0.000       0.000    
    50400.   12.34245118   12.4466   0.000       0.000      0.9114E-04   0.000     0.7185E-03-0.8096E-03  0.000      0.000      0.000      0.000       0.000       0.000       0.000       0.000       0.000       0.000    
    54000.   12.35433497   12.4469   0.000       0.000      0.8101E-04   0.000     0.1123E-02-0.1204E-02  0.000      0.000      0.000      0.000       0.000       0.000       0.000       0.000       0.000       0.000    
    57600.   12.39109828   12.4502   0.000       0.000      0.5171E-04   0.000     0.2169E-02-0.2221E-02  0.000      0.000      0.000      0.000       0.000       0.000       0.000       0.000       0.000       0.000    
    61200.   12.50384291   12.4623   0.000       0.000     -0.3632E-04   0.000     0.5265E-02-0.5228E-02  0.000      0.000      0.000      0.000       0.000       0.000       0.000       0.000       0.000       0.000    
    64800.   12.49817976   12.4726   0.000       0.000     -0.2238E-04   0.000     0.4377E-02-0.4354E-02  0.000      0.000      0.000      0.000       0.000       0.000       0.000       0.000       0.000       0.000    
    68400.   12.49716946   12.4820   0.000       0.000     -0.1329E-04   0.000     0.3954E-02-0.3941E-02  0.000      0.000      0.000      0.000       0.000       0.000       0.000       0.000       0.000       0.000    
    72000.   12.46539374   12.4881   0.000       0.000      0.1986E-04   0.000     0.2757E-02-0.2777E-02  0.000      0.000      0.000      0.000       0.000       0.000       0.000       0.000       0.000       0.000    
    75600.   12.43410198   12.4914   0.000       0.000      0.5010E-04   0.000     0.1789E-02-0.1839E-02  0.000      0.000      0.000      0.000       0.000       0.000       0.000       0.000       0.000       0.000    
    79200.   12.51365152   12.5011   0.000       0.000     -0.1096E-04   0.000     0.4195E-02-0.4184E-02  0.000      0.000      0.000      0.000       0.000       0.000       0.000       0.000       0.000       0.000    
    82800.   12.52772724   12.5110   0.000       0.000     -0.1460E-04   0.000     0.4167E-02-0.4152E-02  0.000      0.000      0.000      0.000       0.000       0.000       0.000       0.000       0.000       0.000    
    86400.   12.54218467   12.5213   0.000       0.000     -0.1824E-04   0.000     0.4220E-02-0.4202E-02  0.000      0.000      0.000      0.000       0.000       0.000       0.000       0.000       0.000       0.000    
    90000.   12.62622766   12.5377   0.000       0.000     -0.7743E-04   0.000     0.6350E-02-0.6273E-02  0.000      0.000      0.000      0.000       0.000       0.000       0.000       0.000       0.000       0.000    
    93600.   12.82138038   12.5686   0.000       0.000     -0.2211E-03   0.000     0.1138E-01-0.1116E-01  0.000      0.000      0.000      0.000       0.000       0.000       0.000       0.000       0.000       0.000    
    97200.   12.75140693   12.5907   0.000       0.000     -0.1406E-03   0.000     0.7814E-02-0.7674E-02  0.000      0.000      0.000      0.000       0.000       0.000       0.000       0.000       0.000       0.000    
   100800.   12.59916510   12.5988   0.000       0.000     -0.3263E-06   0.000     0.2757E-02-0.2756E-02  0.000      0.000      0.000      0.000       0.000       0.000       0.000       0.000       0.000       0.000    
   104400.   12.52821100   12.6012   0.000       0.000      0.6390E-04   0.000     0.1000E-02-0.1064E-02  0.000      0.000      0.000      0.000       0.000       0.000       0.000       0.000       0.000       0.000    
   108000.   12.50602476   12.6022   0.000       0.000      0.8415E-04   0.000     0.7417E-03-0.8259E-03  0.000      0.000      0.000      0.000       0.000       0.000       0.000       0.000       0.000       0.000    
   111600.   12.47141626   12.6005   0.000       0.000      0.1129E-03   0.000    -0.5578E-04-0.5713E-04  0.000      0.000      0.000      0.000       0.000       0.000       0.000       0.000       0.000       0.000    
   115200.   12.44329569   12.5967   0.000       0.000      0.1343E-03   0.000    -0.6382E-03 0.5039E-03  0.000      0.000      0.000      0.000       0.000       0.000       0.000       0.000       0.000       0.000    
   118800.   12.42300230   12.5918   0.000       0.000      0.1477E-03   0.000    -0.9751E-03 0.8274E-03  0.000      0.000      0.000      0.000       0.000       0.000       0.000       0.000       0.000       0.000    
   122400.   12.43214679   12.5881   0.000       0.000      0.1364E-03   0.000    -0.4576E-03 0.3211E-03  0.000      0.000      0.000      0.000       0.000       0.000       0.000       0.000       0.000       0.000    
   126000.   12.41146007   12.5829   0.000       0.000      0.1500E-03   0.000    -0.9602E-03 0.8103E-03  0.000      0.000      0.000      0.000       0.000       0.000       0.000       0.000       0.000       0.000    
   129600.   12.46422890   12.5824   0.000       0.000      0.1034E-03   0.000     0.7845E-03-0.8879E-03  0.000      0.000      0.000      0.000       0.000       0.000       0.000       0.000       0.000       0.000    
   133200.   12.43773847   12.5796   0.000       0.000      0.1241E-03   0.000    -0.1358E-03 0.1166E-04  0.000      0.000      0.000      0.000       0.000       0.000       0.000       0.000       0.000       0.000    
   136800.   12.42839191   12.5763   0.000       0.000      0.1294E-03   0.000    -0.3198E-03 0.1904E-03  0.000      0.000      0.000      0.000       0.000       0.000       0.000       0.000       0.000       0.000    
   140400.   12.40547795   12.5713   0.000       0.000      0.1451E-03   0.000    -0.8680E-03 0.7229E-03  0.000      0.000      0.000      0.000       0.000       0.000       0.000       0.000       0.000       0.000    
   144000.   12.40107169   12.5664   0.000       0.000      0.1447E-03   0.000    -0.7885E-03 0.6438E-03  0.000      0.000      0.000      0.000       0.000       0.000       0.000       0.000       0.000       0.000    
   147600.   12.39911141   12.5618   0.000       0.000      0.1423E-03   0.000    -0.6821E-03 0.5397E-03  0.000      0.000      0.000      0.000       0.000       0.000       0.000       0.000       0.000       0.000    
   151200.   12.39806204   12.5573   0.000       0.000      0.1393E-03   0.000    -0.5822E-03 0.4429E-03  0.000      0.000      0.000      0.000       0.000       0.000       0.000       0.000       0.000       0.000    
   154800.   12.39738811   12.5531   0.000       0.000      0.1363E-03   0.000    -0.4890E-03 0.3527E-03  0.000      0.000      0.000      0.000       0.000       0.000       0.000       0.000       0.000       0.000    
   158400.   12.41094433   12.5503   0.000       0.000      0.1219E-03   0.000     0.1227E-04-0.1342E-03  0.000      0.000      0.000      0.000       0.000       0.000       0.000       0.000       0.000       0.000    
   162000.   12.46949438   12.5524   0.000       0.000      0.7255E-04   0.000     0.1749E-02-0.1822E-02  0.000      0.000      0.000      0.000       0.000       0.000       0.000       0.000       0.000       0.000    
   165600.   12.46648381   12.5538   0.000       0.000      0.7642E-04   0.000     0.1391E-02-0.1468E-02  0.000      0.000      0.000      0.000       0.000       0.000       0.000       0.000       0.000       0.000    
   169200.   12.41987674   12.5512   0.000       0.000      0.1150E-03   0.000    -0.9051E-04-0.2444E-04  0.000      0.000      0.000      0.000       0.000       0.000       0.000       0.000       0.000       0.000    
   172800.   12.40587175   12.5479   0.000       0.000      0.1243E-03   0.000    -0.3089E-03 0.1846E-03  0.000      0.000      0.000      0.000       0.000       0.000       0.000       0.000       0.000       0.000    
