TOTIM (T)      HCON          HMAT      QDIR      QWELL        QMAT       QCADS      QTUB1      QTUB2      QTUB3      QTUB4      QTUB5      QTUB6       NSTOR        QFIX        QLH     FHLQ (LQ)        CAUCHY   CAUCHY (LQ)
     3600.   12.36082660   12.4635   0.000       0.000      0.8980E-04   0.000     0.1167E-02-0.1257E-02  0.000      0.000      0.000      0.000       0.000       0.000       0.000       0.000       0.000       0.000    
     7200.   12.34684190   12.4623   0.000       0.000      0.1010E-03   0.000     0.7751E-03-0.8762E-03  0.000      0.000      0.000      0.000       0.000       0.000       0.000       0.000       0.000       0.000    
    10800.   12.34432580   12.4611   0.000       0.000      0.1022E-03   0.000     0.7773E-03-0.8795E-03  0.000      0.000      0.000      0.000       0.000       0.000       0.000       0.000       0.000       0.000    
    14400.   12.34314920   12.4599   0.000       0.000      0.1022E-03   0.000     0.7981E-03-0.9003E-03  0.000      0.000      0.000      0.000       0.000       0.000       0.000       0.000       0.000       0.000    
    18000.   12.34240959   12.4588   0.000       0.000      0.1018E-03   0.000     0.8174E-03-0.9192E-03  0.000      0.000      0.000      0.000       0.000       0.000       0.000       0.000       0.000       0.000    
    21600.   12.34186170   12.4576   0.000       0.000      0.1013E-03   0.000     0.8349E-03-0.9362E-03  0.000      0.000      0.000      0.000       0.000       0.000       0.000       0.000       0.000       0.000    
    25200.   12.34140105   12.4566   0.000       0.000      0.1008E-03   0.000     0.8511E-03-0.9519E-03  0.000      0.000      0.000      0.000       0.000       0.000       0.000       0.000       0.000       0.000    
    28800.   12.34100806   12.4555   0.000       0.000      0.1002E-03   0.000     0.8659E-03-0.9661E-03  0.000      0.000      0.000      0.000       0.000       0.000       0.000       0.000       0.000       0.000    
    32400.   12.34062255   12.4545   0.000       0.000      0.9967E-04   0.000     0.8799E-03-0.9795E-03  0.000      0.000      0.000      0.000       0.000       0.000       0.000       0.000       0.000       0.000    
    36000.   12.34024023   12.4536   0.000       0.000      0.9917E-04   0.000     0.8929E-03-0.9921E-03  0.000      0.000      0.000      0.000       0.000       0.000       0.000       0.000       0.000       0.000    
    39600.   12.33985962   12.4527   0.000       0.000      0.9870E-04   0.000     0.9051E-03-0.1004E-02  0.000      0.000      0.000      0.000       0.000       0.000       0.000       0.000       0.000       0.000    
    43200.   12.35351569   12.4529   0.000       0.000      0.8698E-04   0.000     0.1308E-02-0.1395E-02  0.000      0.000      0.000      0.000       0.000       0.000       0.000       0.000       0.000       0.000    
    46800.   12.35568237   12.4533   0.000       0.000      0.8540E-04   0.000     0.1317E-02-0.1402E-02  0.000      0.000      0.000      0.000       0.000       0.000       0.000       0.000       0.000       0.000    
    50400.   12.34245113   12.4525   0.000       0.000      0.9630E-04   0.000     0.9143E-03-0.1011E-02  0.000      0.000      0.000      0.000       0.000       0.000       0.000       0.000       0.000       0.000    
    54000.   12.35433491   12.4528   0.000       0.000      0.8617E-04   0.000     0.1298E-02-0.1384E-02  0.000      0.000      0.000      0.000       0.000       0.000       0.000       0.000       0.000       0.000    
    57600.   12.39109817   12.4561   0.000       0.000      0.5686E-04   0.000     0.2286E-02-0.2343E-02  0.000      0.000      0.000      0.000       0.000       0.000       0.000       0.000       0.000       0.000    
    61200.   12.50384265   12.4682   0.000       0.000     -0.3117E-04   0.000     0.5206E-02-0.5174E-02  0.000      0.000      0.000      0.000       0.000       0.000       0.000       0.000       0.000       0.000    
    64800.   12.49817955   12.4785   0.000       0.000     -0.1724E-04   0.000     0.4346E-02-0.4328E-02  0.000      0.000      0.000      0.000       0.000       0.000       0.000       0.000       0.000       0.000    
    68400.   12.49716927   12.4879   0.000       0.000     -0.8147E-05   0.000     0.3941E-02-0.3933E-02  0.000      0.000      0.000      0.000       0.000       0.000       0.000       0.000       0.000       0.000    
    72000.   12.46539360   12.4940   0.000       0.000      0.2500E-04   0.000     0.2810E-02-0.2835E-02  0.000      0.000      0.000      0.000       0.000       0.000       0.000       0.000       0.000       0.000    
    75600.   12.43410189   12.4972   0.000       0.000      0.5523E-04   0.000     0.1903E-02-0.1958E-02  0.000      0.000      0.000      0.000       0.000       0.000       0.000       0.000       0.000       0.000    
    79200.   12.51365132   12.5070   0.000       0.000     -0.5836E-05   0.000     0.4187E-02-0.4181E-02  0.000      0.000      0.000      0.000       0.000       0.000       0.000       0.000       0.000       0.000    
    82800.   12.52772703   12.5169   0.000       0.000     -0.9478E-05   0.000     0.4151E-02-0.4141E-02  0.000      0.000      0.000      0.000       0.000       0.000       0.000       0.000       0.000       0.000    
    86400.   12.54218446   12.5272   0.000       0.000     -0.1312E-04   0.000     0.4197E-02-0.4184E-02  0.000      0.000      0.000      0.000       0.000       0.000       0.000       0.000       0.000       0.000    
    90000.   12.62622735   12.5436   0.000       0.000     -0.7231E-04   0.000     0.6209E-02-0.6137E-02  0.000      0.000      0.000      0.000       0.000       0.000       0.000       0.000       0.000       0.000    
    93600.   12.82137459   12.5745   0.000       0.000     -0.2160E-03   0.000     0.1095E-01-0.1073E-01  0.000      0.000      0.000      0.000       0.000       0.000       0.000       0.000       0.000       0.000    
    97200.   12.75140415   12.5965   0.000       0.000     -0.1355E-03   0.000     0.7547E-02-0.7411E-02  0.000      0.000      0.000      0.000       0.000       0.000       0.000       0.000       0.000       0.000    
   100800.   12.59916471   12.6047   0.000       0.000      0.4818E-05   0.000     0.2770E-02-0.2775E-02  0.000      0.000      0.000      0.000       0.000       0.000       0.000       0.000       0.000       0.000    
   104400.   12.52821095   12.6071   0.000       0.000      0.6906E-04   0.000     0.1141E-02-0.1211E-02  0.000      0.000      0.000      0.000       0.000       0.000       0.000       0.000       0.000       0.000    
   108000.   12.50602472   12.6081   0.000       0.000      0.8933E-04   0.000     0.9237E-03-0.1013E-02  0.000      0.000      0.000      0.000       0.000       0.000       0.000       0.000       0.000       0.000    
   111600.   12.47141626   12.6064   0.000       0.000      0.1181E-03   0.000     0.1838E-03-0.3019E-03  0.000      0.000      0.000      0.000       0.000       0.000       0.000       0.000       0.000       0.000    
   115200.   12.44329571   12.6027   0.000       0.000      0.1395E-03   0.000    -0.3558E-03 0.2163E-03  0.000      0.000      0.000      0.000       0.000       0.000       0.000       0.000       0.000       0.000    
   118800.   12.42300234   12.5978   0.000       0.000      0.1530E-03   0.000    -0.6659E-03 0.5129E-03  0.000      0.000      0.000      0.000       0.000       0.000       0.000       0.000       0.000       0.000    
   122400.   12.43214680   12.5941   0.000       0.000      0.1417E-03   0.000    -0.1708E-03 0.2906E-04  0.000      0.000      0.000      0.000       0.000       0.000       0.000       0.000       0.000       0.000    
   126000.   12.41146010   12.5890   0.000       0.000      0.1553E-03   0.000    -0.6463E-03 0.4910E-03  0.000      0.000      0.000      0.000       0.000       0.000       0.000       0.000       0.000       0.000    
   129600.   12.46422886   12.5886   0.000       0.000      0.1089E-03   0.000     0.1005E-02-0.1114E-02  0.000      0.000      0.000      0.000       0.000       0.000       0.000       0.000       0.000       0.000    
   133200.   12.43773847   12.5859   0.000       0.000      0.1296E-03   0.000     0.1266E-03-0.2562E-03  0.000      0.000      0.000      0.000       0.000       0.000       0.000       0.000       0.000       0.000    
   136800.   12.42839192   12.5826   0.000       0.000      0.1350E-03   0.000    -0.4682E-04-0.8814E-04  0.000      0.000      0.000      0.000       0.000       0.000       0.000       0.000       0.000       0.000    
   140400.   12.40547798   12.5778   0.000       0.000      0.1507E-03   0.000    -0.5635E-03 0.4127E-03  0.000      0.000      0.000      0.000       0.000       0.000       0.000       0.000       0.000       0.000    
   144000.   12.40107172   12.5730   0.000       0.000      0.1504E-03   0.000    -0.4847E-03 0.3343E-03  0.000      0.000      0.000      0.000       0.000       0.000       0.000       0.000       0.000       0.000    
   147600.   12.39911144   12.5684   0.000       0.000      0.1481E-03   0.000    -0.3829E-03 0.2348E-03  0.000      0.000      0.000      0.000       0.000       0.000       0.000       0.000       0.000       0.000    
   151200.   12.39806206   12.5641   0.000       0.000      0.1452E-03   0.000    -0.2890E-03 0.1437E-03  0.000      0.000      0.000      0.000       0.000       0.000       0.000       0.000       0.000       0.000    
   154800.   12.39738812   12.5600   0.000       0.000      0.1422E-03   0.000    -0.2018E-03 0.5952E-04  0.000      0.000      0.000      0.000       0.000       0.000       0.000       0.000       0.000       0.000    
   158400.   12.41094432   12.5572   0.000       0.000      0.1280E-03   0.000     0.2709E-03-0.3990E-03  0.000      0.000      0.000      0.000       0.000       0.000       0.000       0.000       0.000       0.000    
   162000.   12.46949428   12.5595   0.000       0.000      0.7872E-04   0.000     0.1909E-02-0.1988E-02  0.000      0.000      0.000      0.000       0.000       0.000       0.000       0.000       0.000       0.000    
   165600.   12.46648374   12.5610   0.000       0.000      0.8269E-04   0.000     0.1559E-02-0.1642E-02  0.000      0.000      0.000      0.000       0.000       0.000       0.000       0.000       0.000       0.000    
   169200.   12.41987673   12.5585   0.000       0.000      0.1213E-03   0.000     0.1545E-03-0.2758E-03  0.000      0.000      0.000      0.000       0.000       0.000       0.000       0.000       0.000       0.000    
   172800.   12.40587176   12.5553   0.000       0.000      0.1307E-03   0.000    -0.4516E-04-0.8556E-04  0.000      0.000      0.000      0.000       0.000       0.000       0.000       0.000       0.000       0.000    
