TOTIM (T)      HCON          HMAT      QDIR      QWELL        QMAT       QCADS      QTUB1      QTUB2      QTUB3      QTUB4      QTUB5      QTUB6       NSTOR        QFIX        QLH     FHLQ (LQ)        CAUCHY   CAUCHY (LQ)
     3600.   12.36082639   12.4305   0.000       0.000      0.6095E-04   0.000     0.1616E-02-0.1677E-02  0.000      0.000      0.000      0.000       0.000       0.000       0.000       0.000       0.000       0.000    
     7200.   12.34684174   12.4293   0.000       0.000      0.7219E-04   0.000     0.1292E-02-0.1364E-02  0.000      0.000      0.000      0.000       0.000       0.000       0.000       0.000       0.000       0.000    
    10800.   12.34432564   12.4281   0.000       0.000      0.7333E-04   0.000     0.1301E-02-0.1374E-02  0.000      0.000      0.000      0.000       0.000       0.000       0.000       0.000       0.000       0.000    
    14400.   12.34314903   12.4269   0.000       0.000      0.7332E-04   0.000     0.1321E-02-0.1395E-02  0.000      0.000      0.000      0.000       0.000       0.000       0.000       0.000       0.000       0.000    
    18000.   12.34240942   12.4258   0.000       0.000      0.7295E-04   0.000     0.1339E-02-0.1412E-02  0.000      0.000      0.000      0.000       0.000       0.000       0.000       0.000       0.000       0.000    
    21600.   12.34186153   12.4247   0.000       0.000      0.7245E-04   0.000     0.1353E-02-0.1426E-02  0.000      0.000      0.000      0.000       0.000       0.000       0.000       0.000       0.000       0.000    
    25200.   12.34140087   12.4236   0.000       0.000      0.7191E-04   0.000     0.1366E-02-0.1438E-02  0.000      0.000      0.000      0.000       0.000       0.000       0.000       0.000       0.000       0.000    
    28800.   12.34100789   12.4226   0.000       0.000      0.7135E-04   0.000     0.1377E-02-0.1449E-02  0.000      0.000      0.000      0.000       0.000       0.000       0.000       0.000       0.000       0.000    
    32400.   12.34062237   12.4216   0.000       0.000      0.7082E-04   0.000     0.1388E-02-0.1459E-02  0.000      0.000      0.000      0.000       0.000       0.000       0.000       0.000       0.000       0.000    
    36000.   12.34024005   12.4206   0.000       0.000      0.7032E-04   0.000     0.1398E-02-0.1469E-02  0.000      0.000      0.000      0.000       0.000       0.000       0.000       0.000       0.000       0.000    
    39600.   12.33985944   12.4197   0.000       0.000      0.6985E-04   0.000     0.1408E-02-0.1478E-02  0.000      0.000      0.000      0.000       0.000       0.000       0.000       0.000       0.000       0.000    
    43200.   12.35351546   12.4200   0.000       0.000      0.5813E-04   0.000     0.1741E-02-0.1799E-02  0.000      0.000      0.000      0.000       0.000       0.000       0.000       0.000       0.000       0.000    
    46800.   12.35568213   12.4203   0.000       0.000      0.5655E-04   0.000     0.1740E-02-0.1796E-02  0.000      0.000      0.000      0.000       0.000       0.000       0.000       0.000       0.000       0.000    
    50400.   12.34245095   12.4195   0.000       0.000      0.6745E-04   0.000     0.1402E-02-0.1470E-02  0.000      0.000      0.000      0.000       0.000       0.000       0.000       0.000       0.000       0.000    
    54000.   12.35433468   12.4198   0.000       0.000      0.5732E-04   0.000     0.1726E-02-0.1783E-02  0.000      0.000      0.000      0.000       0.000       0.000       0.000       0.000       0.000       0.000    
    57600.   12.39109781   12.4231   0.000       0.000      0.2801E-04   0.000     0.2538E-02-0.2566E-02  0.000      0.000      0.000      0.000       0.000       0.000       0.000       0.000       0.000       0.000    
    61200.   12.50384190   12.4352   0.000       0.000     -0.6002E-04   0.000     0.4929E-02-0.4869E-02  0.000      0.000      0.000      0.000       0.000       0.000       0.000       0.000       0.000       0.000    
    64800.   12.49817892   12.4455   0.000       0.000     -0.4609E-04   0.000     0.4153E-02-0.4106E-02  0.000      0.000      0.000      0.000       0.000       0.000       0.000       0.000       0.000       0.000    
    68400.   12.49716869   12.4549   0.000       0.000     -0.3700E-04   0.000     0.3802E-02-0.3765E-02  0.000      0.000      0.000      0.000       0.000       0.000       0.000       0.000       0.000       0.000    
    72000.   12.46539317   12.4610   0.000       0.000     -0.3853E-05   0.000     0.2870E-02-0.2867E-02  0.000      0.000      0.000      0.000       0.000       0.000       0.000       0.000       0.000       0.000    
    75600.   12.43410159   12.4642   0.000       0.000      0.2638E-04   0.000     0.2145E-02-0.2171E-02  0.000      0.000      0.000      0.000       0.000       0.000       0.000       0.000       0.000       0.000    
    79200.   12.51365070   12.4740   0.000       0.000     -0.3469E-04   0.000     0.4062E-02-0.4027E-02  0.000      0.000      0.000      0.000       0.000       0.000       0.000       0.000       0.000       0.000    
    82800.   12.52772643   12.4839   0.000       0.000     -0.3833E-04   0.000     0.4004E-02-0.3966E-02  0.000      0.000      0.000      0.000       0.000       0.000       0.000       0.000       0.000       0.000    
    86400.   12.54218385   12.4942   0.000       0.000     -0.4198E-04   0.000     0.4029E-02-0.3987E-02  0.000      0.000      0.000      0.000       0.000       0.000       0.000       0.000       0.000       0.000    
    90000.   12.62622647   12.5106   0.000       0.000     -0.1012E-03   0.000     0.5686E-02-0.5584E-02  0.000      0.000      0.000      0.000       0.000       0.000       0.000       0.000       0.000       0.000    
    93600.   12.82135986   12.5415   0.000       0.000     -0.2449E-03   0.000     0.9563E-02-0.9318E-02  0.000      0.000      0.000      0.000       0.000       0.000       0.000       0.000       0.000       0.000    
    97200.   12.75139700   12.5635   0.000       0.000     -0.1644E-03   0.000     0.6644E-02-0.6480E-02  0.000      0.000      0.000      0.000       0.000       0.000       0.000       0.000       0.000       0.000    
   100800.   12.59916356   12.5717   0.000       0.000     -0.2405E-04   0.000     0.2709E-02-0.2685E-02  0.000      0.000      0.000      0.000       0.000       0.000       0.000       0.000       0.000       0.000    
   104400.   12.52821075   12.5741   0.000       0.000      0.4018E-04   0.000     0.1466E-02-0.1506E-02  0.000      0.000      0.000      0.000       0.000       0.000       0.000       0.000       0.000       0.000    
   108000.   12.50602454   12.5751   0.000       0.000      0.6045E-04   0.000     0.1370E-02-0.1431E-02  0.000      0.000      0.000      0.000       0.000       0.000       0.000       0.000       0.000       0.000    
   111600.   12.47141617   12.5734   0.000       0.000      0.8923E-04   0.000     0.8029E-03-0.8922E-03  0.000      0.000      0.000      0.000       0.000       0.000       0.000       0.000       0.000       0.000    
   115200.   12.44329570   12.5697   0.000       0.000      0.1106E-03   0.000     0.3916E-03-0.5023E-03  0.000      0.000      0.000      0.000       0.000       0.000       0.000       0.000       0.000       0.000    
   118800.   12.42300236   12.5648   0.000       0.000      0.1241E-03   0.000     0.1624E-03-0.2865E-03  0.000      0.000      0.000      0.000       0.000       0.000       0.000       0.000       0.000       0.000    
   122400.   12.43214676   12.5611   0.000       0.000      0.1128E-03   0.000     0.5902E-03-0.7030E-03  0.000      0.000      0.000      0.000       0.000       0.000       0.000       0.000       0.000       0.000    
   126000.   12.41146012   12.5560   0.000       0.000      0.1264E-03   0.000     0.1963E-03-0.3227E-03  0.000      0.000      0.000      0.000       0.000       0.000       0.000       0.000       0.000       0.000    
   129600.   12.46422865   12.5556   0.000       0.000      0.7995E-04   0.000     0.1569E-02-0.1649E-02  0.000      0.000      0.000      0.000       0.000       0.000       0.000       0.000       0.000       0.000    
   133200.   12.43773839   12.5528   0.000       0.000      0.1007E-03   0.000     0.8150E-03-0.9157E-03  0.000      0.000      0.000      0.000       0.000       0.000       0.000       0.000       0.000       0.000    
   136800.   12.42839186   12.5496   0.000       0.000      0.1060E-03   0.000     0.6735E-03-0.7796E-03  0.000      0.000      0.000      0.000       0.000       0.000       0.000       0.000       0.000       0.000    
   140400.   12.40547799   12.5447   0.000       0.000      0.1218E-03   0.000     0.2516E-03-0.3734E-03  0.000      0.000      0.000      0.000       0.000       0.000       0.000       0.000       0.000       0.000    
   144000.   12.40107172   12.5399   0.000       0.000      0.1215E-03   0.000     0.3285E-03-0.4499E-03  0.000      0.000      0.000      0.000       0.000       0.000       0.000       0.000       0.000       0.000    
   147600.   12.39911142   12.5353   0.000       0.000      0.1192E-03   0.000     0.4165E-03-0.5357E-03  0.000      0.000      0.000      0.000       0.000       0.000       0.000       0.000       0.000       0.000    
   151200.   12.39806203   12.5310   0.000       0.000      0.1163E-03   0.000     0.4932E-03-0.6095E-03  0.000      0.000      0.000      0.000       0.000       0.000       0.000       0.000       0.000       0.000    
   154800.   12.39738808   12.5269   0.000       0.000      0.1133E-03   0.000     0.5624E-03-0.6757E-03  0.000      0.000      0.000      0.000       0.000       0.000       0.000       0.000       0.000       0.000    
   158400.   12.41094422   12.5242   0.000       0.000      0.9909E-04   0.000     0.9498E-03-0.1049E-02  0.000      0.000      0.000      0.000       0.000       0.000       0.000       0.000       0.000       0.000    
   162000.   12.46949396   12.5264   0.000       0.000      0.4980E-04   0.000     0.2292E-02-0.2342E-02  0.000      0.000      0.000      0.000       0.000       0.000       0.000       0.000       0.000       0.000    
   165600.   12.46648347   12.5279   0.000       0.000      0.5376E-04   0.000     0.1966E-02-0.2020E-02  0.000      0.000      0.000      0.000       0.000       0.000       0.000       0.000       0.000       0.000    
   169200.   12.41987665   12.5255   0.000       0.000      0.9238E-04   0.000     0.7932E-03-0.8855E-03  0.000      0.000      0.000      0.000       0.000       0.000       0.000       0.000       0.000       0.000    
   172800.   12.40587170   12.5222   0.000       0.000      0.1018E-03   0.000     0.6500E-03-0.7518E-03  0.000      0.000      0.000      0.000       0.000       0.000       0.000       0.000       0.000       0.000    
