TOTIM (T)      HCON          HMAT      QDIR      QWELL        QMAT       QCADS      QTUB1      QTUB2      QTUB3      QTUB4      QTUB5      QTUB6       NSTOR        QFIX        QLH     FHLQ (LQ)        CAUCHY   CAUCHY (LQ)
     3600.   12.36082418   12.2769   0.000       0.000     -0.7346E-04   0.000     0.7059E-02-0.6985E-02  0.000      0.000      0.000      0.000       0.000       0.000       0.000       0.000       0.000       0.000    
     7200.   12.34683972   12.2757   0.000       0.000     -0.6222E-04   0.000     0.6605E-02-0.6543E-02  0.000      0.000      0.000      0.000       0.000       0.000       0.000       0.000       0.000       0.000    
    10800.   12.34432359   12.2745   0.000       0.000     -0.6107E-04   0.000     0.6729E-02-0.6668E-02  0.000      0.000      0.000      0.000       0.000       0.000       0.000       0.000       0.000       0.000    
    14400.   12.34314696   12.2733   0.000       0.000     -0.6108E-04   0.000     0.6795E-02-0.6734E-02  0.000      0.000      0.000      0.000       0.000       0.000       0.000       0.000       0.000       0.000    
    18000.   12.34240733   12.2722   0.000       0.000     -0.6145E-04   0.000     0.6829E-02-0.6767E-02  0.000      0.000      0.000      0.000       0.000       0.000       0.000       0.000       0.000       0.000    
    21600.   12.34185943   12.2711   0.000       0.000     -0.6195E-04   0.000     0.6846E-02-0.6784E-02  0.000      0.000      0.000      0.000       0.000       0.000       0.000       0.000       0.000       0.000    
    25200.   12.34139877   12.2700   0.000       0.000     -0.6249E-04   0.000     0.6856E-02-0.6794E-02  0.000      0.000      0.000      0.000       0.000       0.000       0.000       0.000       0.000       0.000    
    28800.   12.34100578   12.2690   0.000       0.000     -0.6305E-04   0.000     0.6861E-02-0.6798E-02  0.000      0.000      0.000      0.000       0.000       0.000       0.000       0.000       0.000       0.000    
    32400.   12.34062026   12.2680   0.000       0.000     -0.6358E-04   0.000     0.6865E-02-0.6801E-02  0.000      0.000      0.000      0.000       0.000       0.000       0.000       0.000       0.000       0.000    
    36000.   12.34023794   12.2670   0.000       0.000     -0.6407E-04   0.000     0.6868E-02-0.6804E-02  0.000      0.000      0.000      0.000       0.000       0.000       0.000       0.000       0.000       0.000    
    39600.   12.33985732   12.2661   0.000       0.000     -0.6454E-04   0.000     0.6870E-02-0.6805E-02  0.000      0.000      0.000      0.000       0.000       0.000       0.000       0.000       0.000       0.000    
    43200.   12.35351315   12.2664   0.000       0.000     -0.7626E-04   0.000     0.7322E-02-0.7245E-02  0.000      0.000      0.000      0.000       0.000       0.000       0.000       0.000       0.000       0.000    
    46800.   12.35567986   12.2667   0.000       0.000     -0.7783E-04   0.000     0.7199E-02-0.7121E-02  0.000      0.000      0.000      0.000       0.000       0.000       0.000       0.000       0.000       0.000    
    50400.   12.34244888   12.2660   0.000       0.000     -0.6693E-04   0.000     0.6684E-02-0.6617E-02  0.000      0.000      0.000      0.000       0.000       0.000       0.000       0.000       0.000       0.000    
    54000.   12.35433240   12.2663   0.000       0.000     -0.7705E-04   0.000     0.7224E-02-0.7147E-02  0.000      0.000      0.000      0.000       0.000       0.000       0.000       0.000       0.000       0.000    
    57600.   12.39108617   12.2695   0.000       0.000     -0.1064E-03   0.000     0.8264E-02-0.8157E-02  0.000      0.000      0.000      0.000       0.000       0.000       0.000       0.000       0.000       0.000    
    61200.   12.50381862   12.2817   0.000       0.000     -0.1944E-03   0.000     0.1124E-01-0.1105E-01  0.000      0.000      0.000      0.000       0.000       0.000       0.000       0.000       0.000       0.000    
    64800.   12.49816273   12.2919   0.000       0.000     -0.1805E-03   0.000     0.9221E-02-0.9040E-02  0.000      0.000      0.000      0.000       0.000       0.000       0.000       0.000       0.000       0.000    
    68400.   12.49715438   12.3013   0.000       0.000     -0.1714E-03   0.000     0.8641E-02-0.8470E-02  0.000      0.000      0.000      0.000       0.000       0.000       0.000       0.000       0.000       0.000    
    72000.   12.46538256   12.3074   0.000       0.000     -0.1382E-03   0.000     0.7425E-02-0.7287E-02  0.000      0.000      0.000      0.000       0.000       0.000       0.000       0.000       0.000       0.000    
    75600.   12.43409284   12.3107   0.000       0.000     -0.1080E-03   0.000     0.6788E-02-0.6680E-02  0.000      0.000      0.000      0.000       0.000       0.000       0.000       0.000       0.000       0.000    
    79200.   12.51363272   12.3204   0.000       0.000     -0.1691E-03   0.000     0.9839E-02-0.9670E-02  0.000      0.000      0.000      0.000       0.000       0.000       0.000       0.000       0.000       0.000    
    82800.   12.52771017   12.3303   0.000       0.000     -0.1727E-03   0.000     0.9279E-02-0.9107E-02  0.000      0.000      0.000      0.000       0.000       0.000       0.000       0.000       0.000       0.000    
    86400.   12.54216787   12.3406   0.000       0.000     -0.1764E-03   0.000     0.9176E-02-0.9000E-02  0.000      0.000      0.000      0.000       0.000       0.000       0.000       0.000       0.000       0.000    
    90000.   12.62620199   12.3570   0.000       0.000     -0.2356E-03   0.000     0.1140E-01-0.1116E-01  0.000      0.000      0.000      0.000       0.000       0.000       0.000       0.000       0.000       0.000    
    93600.   12.82129588   12.3878   0.000       0.000     -0.3793E-03   0.000     0.1616E-01-0.1578E-01  0.000      0.000      0.000      0.000       0.000       0.000       0.000       0.000       0.000       0.000    
    97200.   12.75136767   12.4098   0.000       0.000     -0.2988E-03   0.000     0.1059E-01-0.1029E-01  0.000      0.000      0.000      0.000       0.000       0.000       0.000       0.000       0.000       0.000    
   100800.   12.59915712   12.4179   0.000       0.000     -0.1586E-03   0.000     0.5610E-02-0.5452E-02  0.000      0.000      0.000      0.000       0.000       0.000       0.000       0.000       0.000       0.000    
   104400.   12.52820591   12.4204   0.000       0.000     -0.9437E-04   0.000     0.5430E-02-0.5335E-02  0.000      0.000      0.000      0.000       0.000       0.000       0.000       0.000       0.000       0.000    
   108000.   12.50601834   12.4213   0.000       0.000     -0.7415E-04   0.000     0.6369E-02-0.6295E-02  0.000      0.000      0.000      0.000       0.000       0.000       0.000       0.000       0.000       0.000    
   111600.   12.47141063   12.4195   0.000       0.000     -0.4540E-04   0.000     0.6112E-02-0.6067E-02  0.000      0.000      0.000      0.000       0.000       0.000       0.000       0.000       0.000       0.000    
   115200.   12.44329050   12.4158   0.000       0.000     -0.2406E-04   0.000     0.6002E-02-0.5977E-02  0.000      0.000      0.000      0.000       0.000       0.000       0.000       0.000       0.000       0.000    
   118800.   12.42299721   12.4108   0.000       0.000     -0.1065E-04   0.000     0.6037E-02-0.6026E-02  0.000      0.000      0.000      0.000       0.000       0.000       0.000       0.000       0.000       0.000    
   122400.   12.43214011   12.4071   0.000       0.000     -0.2192E-04   0.000     0.6863E-02-0.6841E-02  0.000      0.000      0.000      0.000       0.000       0.000       0.000       0.000       0.000       0.000    
   126000.   12.41145459   12.4019   0.000       0.000     -0.8375E-05   0.000     0.6276E-02-0.6268E-02  0.000      0.000      0.000      0.000       0.000       0.000       0.000       0.000       0.000       0.000    
   129600.   12.46421745   12.4015   0.000       0.000     -0.5491E-04   0.000     0.8292E-02-0.8237E-02  0.000      0.000      0.000      0.000       0.000       0.000       0.000       0.000       0.000       0.000    
   133200.   12.43773076   12.3986   0.000       0.000     -0.3420E-04   0.000     0.6817E-02-0.6783E-02  0.000      0.000      0.000      0.000       0.000       0.000       0.000       0.000       0.000       0.000    
   136800.   12.42838451   12.3953   0.000       0.000     -0.2892E-04   0.000     0.6714E-02-0.6685E-02  0.000      0.000      0.000      0.000       0.000       0.000       0.000       0.000       0.000       0.000    
   140400.   12.40547179   12.3904   0.000       0.000     -0.1319E-04   0.000     0.6201E-02-0.6188E-02  0.000      0.000      0.000      0.000       0.000       0.000       0.000       0.000       0.000       0.000    
   144000.   12.40106498   12.3856   0.000       0.000     -0.1357E-04   0.000     0.6475E-02-0.6461E-02  0.000      0.000      0.000      0.000       0.000       0.000       0.000       0.000       0.000       0.000    
   147600.   12.39910435   12.3809   0.000       0.000     -0.1591E-04   0.000     0.6629E-02-0.6613E-02  0.000      0.000      0.000      0.000       0.000       0.000       0.000       0.000       0.000       0.000    
   151200.   12.39805477   12.3765   0.000       0.000     -0.1884E-04   0.000     0.6711E-02-0.6692E-02  0.000      0.000      0.000      0.000       0.000       0.000       0.000       0.000       0.000       0.000    
   154800.   12.39738069   12.3724   0.000       0.000     -0.2188E-04   0.000     0.6762E-02-0.6740E-02  0.000      0.000      0.000      0.000       0.000       0.000       0.000       0.000       0.000       0.000    
   158400.   12.41093566   12.3696   0.000       0.000     -0.3616E-04   0.000     0.7244E-02-0.7208E-02  0.000      0.000      0.000      0.000       0.000       0.000       0.000       0.000       0.000       0.000    
   162000.   12.46948080   12.3718   0.000       0.000     -0.8549E-04   0.000     0.8923E-02-0.8837E-02  0.000      0.000      0.000      0.000       0.000       0.000       0.000       0.000       0.000       0.000    
   165600.   12.46647289   12.3733   0.000       0.000     -0.8157E-04   0.000     0.7929E-02-0.7848E-02  0.000      0.000      0.000      0.000       0.000       0.000       0.000       0.000       0.000       0.000    
   169200.   12.41987018   12.3707   0.000       0.000     -0.4299E-04   0.000     0.6204E-02-0.6161E-02  0.000      0.000      0.000      0.000       0.000       0.000       0.000       0.000       0.000       0.000    
   172800.   12.40586503   12.3674   0.000       0.000     -0.3362E-04   0.000     0.6352E-02-0.6318E-02  0.000      0.000      0.000      0.000       0.000       0.000       0.000       0.000       0.000       0.000    
