TOTIM (T)      HCON          HMAT      QDIR      QWELL        QMAT       QCADS      QTUB1      QTUB2      QTUB3      QTUB4      QTUB5      QTUB6       NSTOR        QFIX        QLH     FHLQ (LQ)        CAUCHY   CAUCHY (LQ)
     3600.   12.36082554   12.3728   0.000       0.000      0.1047E-04   0.000     0.4791E-03 0.2572E-02-0.3062E-02  0.000      0.000      0.000       0.000       0.000       0.000       0.000       0.000       0.000    
     7200.   12.34684098   12.3716   0.000       0.000      0.2171E-04   0.000     0.4804E-03 0.2322E-02-0.2825E-02  0.000      0.000      0.000       0.000       0.000       0.000       0.000       0.000       0.000    
    10800.   12.34432487   12.3704   0.000       0.000      0.2285E-04   0.000     0.4855E-03 0.2361E-02-0.2870E-02  0.000      0.000      0.000       0.000       0.000       0.000       0.000       0.000       0.000    
    14400.   12.34314826   12.3692   0.000       0.000      0.2282E-04   0.000     0.4899E-03 0.2385E-02-0.2898E-02  0.000      0.000      0.000       0.000       0.000       0.000       0.000       0.000       0.000    
    18000.   12.34240864   12.3681   0.000       0.000      0.2244E-04   0.000     0.4915E-03 0.2399E-02-0.2913E-02  0.000      0.000      0.000       0.000       0.000       0.000       0.000       0.000       0.000    
    21600.   12.34186074   12.3669   0.000       0.000      0.2192E-04   0.000     0.4918E-03 0.2409E-02-0.2923E-02  0.000      0.000      0.000       0.000       0.000       0.000       0.000       0.000       0.000    
    25200.   12.34140009   12.3658   0.000       0.000      0.2136E-04   0.000     0.4915E-03 0.2417E-02-0.2930E-02  0.000      0.000      0.000       0.000       0.000       0.000       0.000       0.000       0.000    
    28800.   12.34100710   12.3648   0.000       0.000      0.2078E-04   0.000     0.4907E-03 0.2423E-02-0.2934E-02  0.000      0.000      0.000       0.000       0.000       0.000       0.000       0.000       0.000    
    32400.   12.34062158   12.3637   0.000       0.000      0.2023E-04   0.000     0.4900E-03 0.2428E-02-0.2938E-02  0.000      0.000      0.000       0.000       0.000       0.000       0.000       0.000       0.000    
    36000.   12.34023926   12.3628   0.000       0.000      0.1970E-04   0.000     0.4894E-03 0.2433E-02-0.2942E-02  0.000      0.000      0.000       0.000       0.000       0.000       0.000       0.000       0.000    
    39600.   12.33985864   12.3618   0.000       0.000      0.1920E-04   0.000     0.4887E-03 0.2437E-02-0.2945E-02  0.000      0.000      0.000       0.000       0.000       0.000       0.000       0.000       0.000    
    43200.   12.35351456   12.3620   0.000       0.000      0.7462E-05   0.000     0.4864E-03 0.2690E-02-0.3184E-02  0.000      0.000      0.000       0.000       0.000       0.000       0.000       0.000       0.000    
    46800.   12.35568125   12.3624   0.000       0.000      0.5863E-05   0.000     0.4806E-03 0.2654E-02-0.3141E-02  0.000      0.000      0.000       0.000       0.000       0.000       0.000       0.000       0.000    
    50400.   12.34245017   12.3616   0.000       0.000      0.1674E-04   0.000     0.4775E-03 0.2385E-02-0.2879E-02  0.000      0.000      0.000       0.000       0.000       0.000       0.000       0.000       0.000    
    54000.   12.35433380   12.3619   0.000       0.000      0.6599E-05   0.000     0.4787E-03 0.2662E-02-0.3147E-02  0.000      0.000      0.000       0.000       0.000       0.000       0.000       0.000       0.000    
    57600.   12.39109669   12.3651   0.000       0.000     -0.2271E-04   0.000     0.4718E-03 0.3259E-02-0.3708E-02  0.000      0.000      0.000       0.000       0.000       0.000       0.000       0.000       0.000    
    61200.   12.50384011   12.3773   0.000       0.000     -0.1107E-03   0.000     0.4386E-03 0.5004E-02-0.5332E-02  0.000      0.000      0.000       0.000       0.000       0.000       0.000       0.000       0.000    
    64800.   12.49817741   12.3877   0.000       0.000     -0.9671E-04   0.000     0.3909E-03 0.4144E-02-0.4438E-02  0.000      0.000      0.000       0.000       0.000       0.000       0.000       0.000       0.000    
    68400.   12.49716729   12.3972   0.000       0.000     -0.8751E-04   0.000     0.3642E-03 0.3878E-02-0.4155E-02  0.000      0.000      0.000       0.000       0.000       0.000       0.000       0.000       0.000    
    72000.   12.46539204   12.4034   0.000       0.000     -0.5425E-04   0.000     0.3689E-03 0.3188E-02-0.3503E-02  0.000      0.000      0.000       0.000       0.000       0.000       0.000       0.000       0.000    
    75600.   12.43410065   12.4068   0.000       0.000     -0.2390E-04   0.000     0.3913E-03 0.2736E-02-0.3103E-02  0.000      0.000      0.000       0.000       0.000       0.000       0.000       0.000       0.000    
    79200.   12.51364919   12.4167   0.000       0.000     -0.8482E-04   0.000     0.4058E-03 0.4314E-02-0.4635E-02  0.000      0.000      0.000       0.000       0.000       0.000       0.000       0.000       0.000    
    82800.   12.52772495   12.4268   0.000       0.000     -0.8830E-04   0.000     0.3932E-03 0.4118E-02-0.4423E-02  0.000      0.000      0.000       0.000       0.000       0.000       0.000       0.000       0.000    
    86400.   12.54218237   12.4373   0.000       0.000     -0.9175E-04   0.000     0.3741E-03 0.4113E-02-0.4395E-02  0.000      0.000      0.000       0.000       0.000       0.000       0.000       0.000       0.000    
    90000.   12.62622452   12.4540   0.000       0.000     -0.1507E-03   0.000     0.3548E-03 0.5373E-02-0.5577E-02  0.000      0.000      0.000       0.000       0.000       0.000       0.000       0.000       0.000    
    93600.   12.82134287   12.4853   0.000       0.000     -0.2941E-03   0.000    -0.5673E-03 0.8181E-02-0.7319E-02  0.000      0.000      0.000       0.000       0.000       0.000       0.000       0.000       0.000    
    97200.   12.75138846   12.5077   0.000       0.000     -0.2132E-03   0.000    -0.3372E-03 0.5515E-02-0.4964E-02  0.000      0.000      0.000       0.000       0.000       0.000       0.000       0.000       0.000    
   100800.   12.59916195   12.5163   0.000       0.000     -0.7252E-04   0.000     0.2355E-03 0.2675E-02-0.2838E-02  0.000      0.000      0.000       0.000       0.000       0.000       0.000       0.000       0.000    
   104400.   12.52821004   12.5192   0.000       0.000     -0.7925E-05   0.000     0.3223E-03 0.2155E-02-0.2469E-02  0.000      0.000      0.000       0.000       0.000       0.000       0.000       0.000       0.000    
   108000.   12.50602380   12.5205   0.000       0.000      0.1267E-04   0.000     0.4093E-03 0.2345E-02-0.2767E-02  0.000      0.000      0.000       0.000       0.000       0.000       0.000       0.000       0.000    
   111600.   12.47141556   12.5191   0.000       0.000      0.4174E-04   0.000     0.4644E-03 0.2027E-02-0.2533E-02  0.000      0.000      0.000       0.000       0.000       0.000       0.000       0.000       0.000    
   115200.   12.44329517   12.5157   0.000       0.000      0.6338E-04   0.000     0.5015E-03 0.1826E-02-0.2391E-02  0.000      0.000      0.000       0.000       0.000       0.000       0.000       0.000       0.000    
   118800.   12.42300188   12.5111   0.000       0.000      0.7705E-04   0.000     0.5302E-03 0.1738E-02-0.2345E-02  0.000      0.000      0.000       0.000       0.000       0.000       0.000       0.000       0.000    
   122400.   12.43214614   12.5076   0.000       0.000      0.6599E-04   0.000     0.5467E-03 0.2123E-02-0.2736E-02  0.000      0.000      0.000       0.000       0.000       0.000       0.000       0.000       0.000    
   126000.   12.41145962   12.5026   0.000       0.000      0.7972E-04   0.000     0.5528E-03 0.1801E-02-0.2434E-02  0.000      0.000      0.000       0.000       0.000       0.000       0.000       0.000       0.000    
   129600.   12.46422775   12.5023   0.000       0.000      0.3334E-04   0.000     0.5481E-03 0.2892E-02-0.3473E-02  0.000      0.000      0.000       0.000       0.000       0.000       0.000       0.000       0.000    
   133200.   12.43773772   12.4997   0.000       0.000      0.5419E-04   0.000     0.5351E-03 0.2184E-02-0.2773E-02  0.000      0.000      0.000       0.000       0.000       0.000       0.000       0.000       0.000    
   136800.   12.42839124   12.4965   0.000       0.000      0.5958E-04   0.000     0.5294E-03 0.2116E-02-0.2705E-02  0.000      0.000      0.000       0.000       0.000       0.000       0.000       0.000       0.000    
   140400.   12.40547748   12.4916   0.000       0.000      0.7540E-04   0.000     0.5371E-03 0.1810E-02-0.2422E-02  0.000      0.000      0.000       0.000       0.000       0.000       0.000       0.000       0.000    
   144000.   12.40107118   12.4869   0.000       0.000      0.7507E-04   0.000     0.5462E-03 0.1915E-02-0.2537E-02  0.000      0.000      0.000       0.000       0.000       0.000       0.000       0.000       0.000    
   147600.   12.39911085   12.4823   0.000       0.000      0.7276E-04   0.000     0.5518E-03 0.1986E-02-0.2611E-02  0.000      0.000      0.000       0.000       0.000       0.000       0.000       0.000       0.000    
   151200.   12.39806144   12.4779   0.000       0.000      0.6984E-04   0.000     0.5517E-03 0.2037E-02-0.2658E-02  0.000      0.000      0.000       0.000       0.000       0.000       0.000       0.000       0.000    
   154800.   12.39738748   12.4737   0.000       0.000      0.6679E-04   0.000     0.5493E-03 0.2077E-02-0.2693E-02  0.000      0.000      0.000       0.000       0.000       0.000       0.000       0.000       0.000    
   158400.   12.41094350   12.4709   0.000       0.000      0.5248E-04   0.000     0.5442E-03 0.2360E-02-0.2956E-02  0.000      0.000      0.000       0.000       0.000       0.000       0.000       0.000       0.000    
   162000.   12.46949287   12.4731   0.000       0.000      0.3129E-05   0.000     0.5266E-03 0.3341E-02-0.3871E-02  0.000      0.000      0.000       0.000       0.000       0.000       0.000       0.000       0.000    
   165600.   12.46648250   12.4745   0.000       0.000      0.7034E-05   0.000     0.4999E-03 0.2938E-02-0.3445E-02  0.000      0.000      0.000       0.000       0.000       0.000       0.000       0.000       0.000    
   169200.   12.41987603   12.4720   0.000       0.000      0.4559E-04   0.000     0.4898E-03 0.2023E-02-0.2559E-02  0.000      0.000      0.000       0.000       0.000       0.000       0.000       0.000       0.000    
   172800.   12.40587110   12.4686   0.000       0.000      0.5491E-04   0.000     0.5045E-03 0.2016E-02-0.2576E-02  0.000      0.000      0.000       0.000       0.000       0.000       0.000       0.000       0.000    
