TOTIM (T)      HCON          HMAT      QDIR      QWELL        QMAT       QCADS      QTUB1      QTUB2      QTUB3      QTUB4      QTUB5      QTUB6       NSTOR        QFIX        QLH     FHLQ (LQ)        CAUCHY   CAUCHY (LQ)
     3600.   12.36082603   12.4138   0.000       0.000      0.4631E-04   0.000     0.2306E-02-0.2352E-02  0.000      0.000      0.000      0.000       0.000       0.000       0.000       0.000       0.000       0.000    
     7200.   12.34684142   12.4126   0.000       0.000      0.5755E-04   0.000     0.1966E-02-0.2023E-02  0.000      0.000      0.000      0.000       0.000       0.000       0.000       0.000       0.000       0.000    
    10800.   12.34432531   12.4114   0.000       0.000      0.5870E-04   0.000     0.1996E-02-0.2054E-02  0.000      0.000      0.000      0.000       0.000       0.000       0.000       0.000       0.000       0.000    
    14400.   12.34314870   12.4102   0.000       0.000      0.5868E-04   0.000     0.2019E-02-0.2078E-02  0.000      0.000      0.000      0.000       0.000       0.000       0.000       0.000       0.000       0.000    
    18000.   12.34240909   12.4091   0.000       0.000      0.5832E-04   0.000     0.2037E-02-0.2095E-02  0.000      0.000      0.000      0.000       0.000       0.000       0.000       0.000       0.000       0.000    
    21600.   12.34186119   12.4079   0.000       0.000      0.5781E-04   0.000     0.2051E-02-0.2108E-02  0.000      0.000      0.000      0.000       0.000       0.000       0.000       0.000       0.000       0.000    
    25200.   12.34140054   12.4069   0.000       0.000      0.5727E-04   0.000     0.2063E-02-0.2120E-02  0.000      0.000      0.000      0.000       0.000       0.000       0.000       0.000       0.000       0.000    
    28800.   12.34100755   12.4058   0.000       0.000      0.5671E-04   0.000     0.2073E-02-0.2130E-02  0.000      0.000      0.000      0.000       0.000       0.000       0.000       0.000       0.000       0.000    
    32400.   12.34062203   12.4048   0.000       0.000      0.5618E-04   0.000     0.2082E-02-0.2138E-02  0.000      0.000      0.000      0.000       0.000       0.000       0.000       0.000       0.000       0.000    
    36000.   12.34023971   12.4039   0.000       0.000      0.5568E-04   0.000     0.2091E-02-0.2147E-02  0.000      0.000      0.000      0.000       0.000       0.000       0.000       0.000       0.000       0.000    
    39600.   12.33985910   12.4030   0.000       0.000      0.5521E-04   0.000     0.2099E-02-0.2154E-02  0.000      0.000      0.000      0.000       0.000       0.000       0.000       0.000       0.000       0.000    
    43200.   12.35351508   12.4032   0.000       0.000      0.4350E-04   0.000     0.2446E-02-0.2489E-02  0.000      0.000      0.000      0.000       0.000       0.000       0.000       0.000       0.000       0.000    
    46800.   12.35568176   12.4036   0.000       0.000      0.4192E-04   0.000     0.2423E-02-0.2465E-02  0.000      0.000      0.000      0.000       0.000       0.000       0.000       0.000       0.000       0.000    
    50400.   12.34245062   12.4028   0.000       0.000      0.5282E-04   0.000     0.2066E-02-0.2119E-02  0.000      0.000      0.000      0.000       0.000       0.000       0.000       0.000       0.000       0.000    
    54000.   12.35433431   12.4031   0.000       0.000      0.4269E-04   0.000     0.2424E-02-0.2467E-02  0.000      0.000      0.000      0.000       0.000       0.000       0.000       0.000       0.000       0.000    
    57600.   12.39109734   12.4064   0.000       0.000      0.1338E-04   0.000     0.3256E-02-0.3269E-02  0.000      0.000      0.000      0.000       0.000       0.000       0.000       0.000       0.000       0.000    
    61200.   12.50384117   12.4185   0.000       0.000     -0.7466E-04   0.000     0.5706E-02-0.5631E-02  0.000      0.000      0.000      0.000       0.000       0.000       0.000       0.000       0.000       0.000    
    64800.   12.49817828   12.4288   0.000       0.000     -0.6072E-04   0.000     0.4734E-02-0.4673E-02  0.000      0.000      0.000      0.000       0.000       0.000       0.000       0.000       0.000       0.000    
    68400.   12.49716811   12.4382   0.000       0.000     -0.5163E-04   0.000     0.4395E-02-0.4343E-02  0.000      0.000      0.000      0.000       0.000       0.000       0.000       0.000       0.000       0.000    
    72000.   12.46539270   12.4443   0.000       0.000     -0.1849E-04   0.000     0.3440E-02-0.3422E-02  0.000      0.000      0.000      0.000       0.000       0.000       0.000       0.000       0.000       0.000    
    75600.   12.43410119   12.4475   0.000       0.000      0.1174E-04   0.000     0.2746E-02-0.2757E-02  0.000      0.000      0.000      0.000       0.000       0.000       0.000       0.000       0.000       0.000    
    79200.   12.51365009   12.4573   0.000       0.000     -0.4933E-04   0.000     0.4813E-02-0.4763E-02  0.000      0.000      0.000      0.000       0.000       0.000       0.000       0.000       0.000       0.000    
    82800.   12.52772582   12.4672   0.000       0.000     -0.5297E-04   0.000     0.4646E-02-0.4593E-02  0.000      0.000      0.000      0.000       0.000       0.000       0.000       0.000       0.000       0.000    
    86400.   12.54218324   12.4775   0.000       0.000     -0.5661E-04   0.000     0.4670E-02-0.4613E-02  0.000      0.000      0.000      0.000       0.000       0.000       0.000       0.000       0.000       0.000    
    90000.   12.62622568   12.4939   0.000       0.000     -0.1158E-03   0.000     0.6403E-02-0.6287E-02  0.000      0.000      0.000      0.000       0.000       0.000       0.000       0.000       0.000       0.000    
    93600.   12.82135892   12.5248   0.000       0.000     -0.2595E-03   0.000     0.1036E-01-0.1010E-01  0.000      0.000      0.000      0.000       0.000       0.000       0.000       0.000       0.000       0.000    
    97200.   12.75139594   12.5468   0.000       0.000     -0.1790E-03   0.000     0.7051E-02-0.6872E-02  0.000      0.000      0.000      0.000       0.000       0.000       0.000       0.000       0.000       0.000    
   100800.   12.59916363   12.5549   0.000       0.000     -0.3870E-04   0.000     0.3088E-02-0.3049E-02  0.000      0.000      0.000      0.000       0.000       0.000       0.000       0.000       0.000       0.000    
   104400.   12.52821046   12.5574   0.000       0.000      0.2554E-04   0.000     0.2054E-02-0.2080E-02  0.000      0.000      0.000      0.000       0.000       0.000       0.000       0.000       0.000       0.000    
   108000.   12.50602424   12.5584   0.000       0.000      0.4580E-04   0.000     0.2082E-02-0.2128E-02  0.000      0.000      0.000      0.000       0.000       0.000       0.000       0.000       0.000       0.000    
   111600.   12.47141592   12.5567   0.000       0.000      0.7458E-04   0.000     0.1534E-02-0.1608E-02  0.000      0.000      0.000      0.000       0.000       0.000       0.000       0.000       0.000       0.000    
   115200.   12.44329548   12.5530   0.000       0.000      0.9596E-04   0.000     0.1162E-02-0.1258E-02  0.000      0.000      0.000      0.000       0.000       0.000       0.000       0.000       0.000       0.000    
   118800.   12.42300216   12.5481   0.000       0.000      0.1094E-03   0.000     0.9658E-03-0.1075E-02  0.000      0.000      0.000      0.000       0.000       0.000       0.000       0.000       0.000       0.000    
   122400.   12.43214651   12.5444   0.000       0.000      0.9819E-04   0.000     0.1441E-02-0.1539E-02  0.000      0.000      0.000      0.000       0.000       0.000       0.000       0.000       0.000       0.000    
   126000.   12.41145991   12.5392   0.000       0.000      0.1118E-03   0.000     0.1010E-02-0.1122E-02  0.000      0.000      0.000      0.000       0.000       0.000       0.000       0.000       0.000       0.000    
   129600.   12.46422829   12.5388   0.000       0.000      0.6528E-04   0.000     0.2473E-02-0.2538E-02  0.000      0.000      0.000      0.000       0.000       0.000       0.000       0.000       0.000       0.000    
   133200.   12.43773810   12.5361   0.000       0.000      0.8605E-04   0.000     0.1599E-02-0.1685E-02  0.000      0.000      0.000      0.000       0.000       0.000       0.000       0.000       0.000       0.000    
   136800.   12.42839160   12.5328   0.000       0.000      0.9137E-04   0.000     0.1488E-02-0.1580E-02  0.000      0.000      0.000      0.000       0.000       0.000       0.000       0.000       0.000       0.000    
   140400.   12.40547778   12.5279   0.000       0.000      0.1072E-03   0.000     0.1056E-02-0.1163E-02  0.000      0.000      0.000      0.000       0.000       0.000       0.000       0.000       0.000       0.000    
   144000.   12.40107150   12.5231   0.000       0.000      0.1068E-03   0.000     0.1164E-02-0.1271E-02  0.000      0.000      0.000      0.000       0.000       0.000       0.000       0.000       0.000       0.000    
   147600.   12.39911119   12.5186   0.000       0.000      0.1045E-03   0.000     0.1253E-02-0.1358E-02  0.000      0.000      0.000      0.000       0.000       0.000       0.000       0.000       0.000       0.000    
   151200.   12.39806179   12.5142   0.000       0.000      0.1016E-03   0.000     0.1327E-02-0.1428E-02  0.000      0.000      0.000      0.000       0.000       0.000       0.000       0.000       0.000       0.000    
   154800.   12.39738783   12.5101   0.000       0.000      0.9863E-04   0.000     0.1391E-02-0.1489E-02  0.000      0.000      0.000      0.000       0.000       0.000       0.000       0.000       0.000       0.000    
   158400.   12.41094392   12.5074   0.000       0.000      0.8439E-04   0.000     0.1787E-02-0.1872E-02  0.000      0.000      0.000      0.000       0.000       0.000       0.000       0.000       0.000       0.000    
   162000.   12.46949352   12.5096   0.000       0.000      0.3510E-04   0.000     0.3163E-02-0.3198E-02  0.000      0.000      0.000      0.000       0.000       0.000       0.000       0.000       0.000       0.000    
   165600.   12.46648307   12.5111   0.000       0.000      0.3906E-04   0.000     0.2728E-02-0.2767E-02  0.000      0.000      0.000      0.000       0.000       0.000       0.000       0.000       0.000       0.000    
   169200.   12.41987639   12.5087   0.000       0.000      0.7768E-04   0.000     0.1504E-02-0.1582E-02  0.000      0.000      0.000      0.000       0.000       0.000       0.000       0.000       0.000       0.000    
   172800.   12.40587145   12.5054   0.000       0.000      0.8708E-04   0.000     0.1422E-02-0.1509E-02  0.000      0.000      0.000      0.000       0.000       0.000       0.000       0.000       0.000       0.000    
