TOTIM (T)      HCON          HMAT      QDIR      QWELL        QMAT       QCADS      QTUB1      QTUB2      QTUB3      QTUB4      QTUB5      QTUB6       NSTOR        QFIX        QLH     FHLQ (LQ)        CAUCHY   CAUCHY (LQ)
     3600.   12.36082607   12.4240   0.000       0.000      0.5530E-04   0.000    -0.1913E-02 0.1857E-02  0.000      0.000      0.000      0.000       0.000       0.000       0.000       0.000       0.000       0.000    
     7200.   12.34684143   12.4229   0.000       0.000      0.6654E-04   0.000    -0.1562E-02 0.1495E-02  0.000      0.000      0.000      0.000       0.000       0.000       0.000       0.000       0.000       0.000    
    10800.   12.34432533   12.4217   0.000       0.000      0.6769E-04   0.000    -0.1589E-02 0.1521E-02  0.000      0.000      0.000      0.000       0.000       0.000       0.000       0.000       0.000       0.000    
    14400.   12.34314872   12.4205   0.000       0.000      0.6768E-04   0.000    -0.1612E-02 0.1544E-02  0.000      0.000      0.000      0.000       0.000       0.000       0.000       0.000       0.000       0.000    
    18000.   12.34240911   12.4193   0.000       0.000      0.6731E-04   0.000    -0.1629E-02 0.1562E-02  0.000      0.000      0.000      0.000       0.000       0.000       0.000       0.000       0.000       0.000    
    21600.   12.34186122   12.4182   0.000       0.000      0.6681E-04   0.000    -0.1644E-02 0.1577E-02  0.000      0.000      0.000      0.000       0.000       0.000       0.000       0.000       0.000       0.000    
    25200.   12.34140056   12.4171   0.000       0.000      0.6627E-04   0.000    -0.1656E-02 0.1590E-02  0.000      0.000      0.000      0.000       0.000       0.000       0.000       0.000       0.000       0.000    
    28800.   12.34100757   12.4161   0.000       0.000      0.6571E-04   0.000    -0.1667E-02 0.1602E-02  0.000      0.000      0.000      0.000       0.000       0.000       0.000       0.000       0.000       0.000    
    32400.   12.34062206   12.4151   0.000       0.000      0.6518E-04   0.000    -0.1677E-02 0.1612E-02  0.000      0.000      0.000      0.000       0.000       0.000       0.000       0.000       0.000       0.000    
    36000.   12.34023974   12.4142   0.000       0.000      0.6468E-04   0.000    -0.1687E-02 0.1622E-02  0.000      0.000      0.000      0.000       0.000       0.000       0.000       0.000       0.000       0.000    
    39600.   12.33985912   12.4132   0.000       0.000      0.6421E-04   0.000    -0.1696E-02 0.1631E-02  0.000      0.000      0.000      0.000       0.000       0.000       0.000       0.000       0.000       0.000    
    43200.   12.35351512   12.4135   0.000       0.000      0.5249E-04   0.000    -0.2054E-02 0.2001E-02  0.000      0.000      0.000      0.000       0.000       0.000       0.000       0.000       0.000       0.000    
    46800.   12.35568180   12.4139   0.000       0.000      0.5091E-04   0.000    -0.2034E-02 0.1983E-02  0.000      0.000      0.000      0.000       0.000       0.000       0.000       0.000       0.000       0.000    
    50400.   12.34245064   12.4131   0.000       0.000      0.6181E-04   0.000    -0.1668E-02 0.1606E-02  0.000      0.000      0.000      0.000       0.000       0.000       0.000       0.000       0.000       0.000    
    54000.   12.35433435   12.4134   0.000       0.000      0.5169E-04   0.000    -0.2034E-02 0.1982E-02  0.000      0.000      0.000      0.000       0.000       0.000       0.000       0.000       0.000       0.000    
    57600.   12.39109744   12.4167   0.000       0.000      0.2238E-04   0.000    -0.2895E-02 0.2872E-02  0.000      0.000      0.000      0.000       0.000       0.000       0.000       0.000       0.000       0.000    
    61200.   12.50384142   12.4288   0.000       0.000     -0.6566E-04   0.000    -0.5433E-02 0.5499E-02  0.000      0.000      0.000      0.000       0.000       0.000       0.000       0.000       0.000       0.000    
    64800.   12.49817847   12.4391   0.000       0.000     -0.5172E-04   0.000    -0.4463E-02 0.4515E-02  0.000      0.000      0.000      0.000       0.000       0.000       0.000       0.000       0.000       0.000    
    68400.   12.49716828   12.4484   0.000       0.000     -0.4263E-04   0.000    -0.4117E-02 0.4160E-02  0.000      0.000      0.000      0.000       0.000       0.000       0.000       0.000       0.000       0.000    
    72000.   12.46539282   12.4545   0.000       0.000     -0.9488E-05   0.000    -0.3130E-02 0.3139E-02  0.000      0.000      0.000      0.000       0.000       0.000       0.000       0.000       0.000       0.000    
    75600.   12.43410126   12.4578   0.000       0.000      0.2074E-04   0.000    -0.2401E-02 0.2380E-02  0.000      0.000      0.000      0.000       0.000       0.000       0.000       0.000       0.000       0.000    
    79200.   12.51365029   12.4676   0.000       0.000     -0.4033E-04   0.000    -0.4520E-02 0.4560E-02  0.000      0.000      0.000      0.000       0.000       0.000       0.000       0.000       0.000       0.000    
    82800.   12.52772600   12.4775   0.000       0.000     -0.4398E-04   0.000    -0.4365E-02 0.4409E-02  0.000      0.000      0.000      0.000       0.000       0.000       0.000       0.000       0.000       0.000    
    86400.   12.54218343   12.4878   0.000       0.000     -0.4763E-04   0.000    -0.4394E-02 0.4442E-02  0.000      0.000      0.000      0.000       0.000       0.000       0.000       0.000       0.000       0.000    
    90000.   12.62622598   12.5041   0.000       0.000     -0.1068E-03   0.000    -0.6185E-02 0.6292E-02  0.000      0.000      0.000      0.000       0.000       0.000       0.000       0.000       0.000       0.000    
    93600.   12.82136410   12.5350   0.000       0.000     -0.2505E-03   0.000    -0.1029E-01 0.1054E-01  0.000      0.000      0.000      0.000       0.000       0.000       0.000       0.000       0.000       0.000    
    97200.   12.75139809   12.5571   0.000       0.000     -0.1700E-03   0.000    -0.6928E-02 0.7098E-02  0.000      0.000      0.000      0.000       0.000       0.000       0.000       0.000       0.000       0.000    
   100800.   12.59916362   12.5652   0.000       0.000     -0.2974E-04   0.000    -0.2824E-02 0.2853E-02  0.000      0.000      0.000      0.000       0.000       0.000       0.000       0.000       0.000       0.000    
   104400.   12.52821049   12.5676   0.000       0.000      0.3448E-04   0.000    -0.1705E-02 0.1670E-02  0.000      0.000      0.000      0.000       0.000       0.000       0.000       0.000       0.000       0.000    
   108000.   12.50602427   12.5686   0.000       0.000      0.5473E-04   0.000    -0.1697E-02 0.1642E-02  0.000      0.000      0.000      0.000       0.000       0.000       0.000       0.000       0.000       0.000    
   111600.   12.47141591   12.5668   0.000       0.000      0.8350E-04   0.000    -0.1114E-02 0.1030E-02  0.000      0.000      0.000      0.000       0.000       0.000       0.000       0.000       0.000       0.000    
   115200.   12.44329545   12.5631   0.000       0.000      0.1049E-03   0.000    -0.7150E-03 0.6101E-03  0.000      0.000      0.000      0.000       0.000       0.000       0.000       0.000       0.000       0.000    
   118800.   12.42300211   12.5582   0.000       0.000      0.1183E-03   0.000    -0.5009E-03 0.3826E-03  0.000      0.000      0.000      0.000       0.000       0.000       0.000       0.000       0.000       0.000    
   122400.   12.43214649   12.5545   0.000       0.000      0.1071E-03   0.000    -0.9836E-03 0.8766E-03  0.000      0.000      0.000      0.000       0.000       0.000       0.000       0.000       0.000       0.000    
   126000.   12.41145986   12.5493   0.000       0.000      0.1206E-03   0.000    -0.5409E-03 0.4202E-03  0.000      0.000      0.000      0.000       0.000       0.000       0.000       0.000       0.000       0.000    
   129600.   12.46422833   12.5489   0.000       0.000      0.7413E-04   0.000    -0.2046E-02 0.1972E-02  0.000      0.000      0.000      0.000       0.000       0.000       0.000       0.000       0.000       0.000    
   133200.   12.43773809   12.5462   0.000       0.000      0.9488E-04   0.000    -0.1159E-02 0.1064E-02  0.000      0.000      0.000      0.000       0.000       0.000       0.000       0.000       0.000       0.000    
   136800.   12.42839159   12.5429   0.000       0.000      0.1002E-03   0.000    -0.1042E-02 0.9416E-03  0.000      0.000      0.000      0.000       0.000       0.000       0.000       0.000       0.000       0.000    
   140400.   12.40547774   12.5380   0.000       0.000      0.1160E-03   0.000    -0.5933E-03 0.4774E-03  0.000      0.000      0.000      0.000       0.000       0.000       0.000       0.000       0.000       0.000    
   144000.   12.40107146   12.5332   0.000       0.000      0.1156E-03   0.000    -0.6989E-03 0.5833E-03  0.000      0.000      0.000      0.000       0.000       0.000       0.000       0.000       0.000       0.000    
   147600.   12.39911116   12.5286   0.000       0.000      0.1133E-03   0.000    -0.7903E-03 0.6770E-03  0.000      0.000      0.000      0.000       0.000       0.000       0.000       0.000       0.000       0.000    
   151200.   12.39806176   12.5242   0.000       0.000      0.1104E-03   0.000    -0.8669E-03 0.7565E-03  0.000      0.000      0.000      0.000       0.000       0.000       0.000       0.000       0.000       0.000    
   154800.   12.39738781   12.5201   0.000       0.000      0.1074E-03   0.000    -0.9345E-03 0.8271E-03  0.000      0.000      0.000      0.000       0.000       0.000       0.000       0.000       0.000       0.000    
   158400.   12.41094392   12.5174   0.000       0.000      0.9314E-04   0.000    -0.1345E-02 0.1252E-02  0.000      0.000      0.000      0.000       0.000       0.000       0.000       0.000       0.000       0.000    
   162000.   12.46949360   12.5196   0.000       0.000      0.4384E-04   0.000    -0.2771E-02 0.2727E-02  0.000      0.000      0.000      0.000       0.000       0.000       0.000       0.000       0.000       0.000    
   165600.   12.46648313   12.5211   0.000       0.000      0.4779E-04   0.000    -0.2341E-02 0.2293E-02  0.000      0.000      0.000      0.000       0.000       0.000       0.000       0.000       0.000       0.000    
   169200.   12.41987637   12.5186   0.000       0.000      0.8640E-04   0.000    -0.1082E-02 0.9953E-03  0.000      0.000      0.000      0.000       0.000       0.000       0.000       0.000       0.000       0.000    
   172800.   12.40587143   12.5154   0.000       0.000      0.9580E-04   0.000    -0.9849E-03 0.8891E-03  0.000      0.000      0.000      0.000       0.000       0.000       0.000       0.000       0.000       0.000    
