TOTIM (T)      HCON          HMAT      QDIR      QWELL        QMAT       QCADS      QTUB1      QTUB2      QTUB3      QTUB4      QTUB5      QTUB6       NSTOR        QFIX        QLH     FHLQ (LQ)        CAUCHY   CAUCHY (LQ)
     3600.   12.36082672   12.6511   0.000       0.000      0.2540E-03   0.000    -0.1540E-03-0.9999E-04  0.000      0.000      0.000      0.000       0.000       0.000       0.000       0.000       0.000       0.000    
     7200.   12.34684197   12.6502   0.000       0.000      0.2654E-03   0.000    -0.4191E-04-0.2235E-03  0.000      0.000      0.000      0.000       0.000       0.000       0.000       0.000       0.000       0.000    
    10800.   12.34432587   12.6493   0.000       0.000      0.2669E-03   0.000    -0.4101E-04-0.2259E-03  0.000      0.000      0.000      0.000       0.000       0.000       0.000       0.000       0.000       0.000    
    14400.   12.34314927   12.6486   0.000       0.000      0.2673E-03   0.000    -0.4623E-04-0.2211E-03  0.000      0.000      0.000      0.000       0.000       0.000       0.000       0.000       0.000       0.000    
    18000.   12.34240966   12.6481   0.000       0.000      0.2675E-03   0.000    -0.5150E-04-0.2160E-03  0.000      0.000      0.000      0.000       0.000       0.000       0.000       0.000       0.000       0.000    
    21600.   12.34186177   12.6477   0.000       0.000      0.2676E-03   0.000    -0.5650E-04-0.2111E-03  0.000      0.000      0.000      0.000       0.000       0.000       0.000       0.000       0.000       0.000    
    25200.   12.34140112   12.6474   0.000       0.000      0.2677E-03   0.000    -0.6121E-04-0.2065E-03  0.000      0.000      0.000      0.000       0.000       0.000       0.000       0.000       0.000       0.000    
    28800.   12.34100814   12.6472   0.000       0.000      0.2679E-03   0.000    -0.6559E-04-0.2023E-03  0.000      0.000      0.000      0.000       0.000       0.000       0.000       0.000       0.000       0.000    
    32400.   12.34062263   12.6471   0.000       0.000      0.2682E-03   0.000    -0.6972E-04-0.1984E-03  0.000      0.000      0.000      0.000       0.000       0.000       0.000       0.000       0.000       0.000    
    36000.   12.34024031   12.6471   0.000       0.000      0.2685E-03   0.000    -0.7359E-04-0.1949E-03  0.000      0.000      0.000      0.000       0.000       0.000       0.000       0.000       0.000       0.000    
    39600.   12.33985970   12.6471   0.000       0.000      0.2689E-03   0.000    -0.7720E-04-0.1917E-03  0.000      0.000      0.000      0.000       0.000       0.000       0.000       0.000       0.000       0.000    
    43200.   12.35351582   12.6482   0.000       0.000      0.2578E-03   0.000    -0.1926E-03-0.6521E-04  0.000      0.000      0.000      0.000       0.000       0.000       0.000       0.000       0.000       0.000    
    46800.   12.35568250   12.6492   0.000       0.000      0.2568E-03   0.000    -0.1967E-03-0.6012E-04  0.000      0.000      0.000      0.000       0.000       0.000       0.000       0.000       0.000       0.000    
    50400.   12.34245122   12.6491   0.000       0.000      0.2683E-03   0.000    -0.8239E-04-0.1859E-03  0.000      0.000      0.000      0.000       0.000       0.000       0.000       0.000       0.000       0.000    
    54000.   12.35433504   12.6499   0.000       0.000      0.2586E-03   0.000    -0.1910E-03-0.6765E-04  0.000      0.000      0.000      0.000       0.000       0.000       0.000       0.000       0.000       0.000    
    57600.   12.39109841   12.6531   0.000       0.000      0.2293E-03   0.000    -0.4746E-03 0.2454E-03  0.000      0.000      0.000      0.000       0.000       0.000       0.000       0.000       0.000       0.000    
    61200.   12.50384324   12.6632   0.000       0.000      0.1394E-03   0.000    -0.1314E-02 0.1175E-02  0.000      0.000      0.000      0.000       0.000       0.000       0.000       0.000       0.000       0.000    
    64800.   12.49818003   12.6702   0.000       0.000      0.1505E-03   0.000    -0.1082E-02 0.9315E-03  0.000      0.000      0.000      0.000       0.000       0.000       0.000       0.000       0.000       0.000    
    68400.   12.49716971   12.6753   0.000       0.000      0.1559E-03   0.000    -0.9695E-03 0.8136E-03  0.000      0.000      0.000      0.000       0.000       0.000       0.000       0.000       0.000       0.000    
    72000.   12.46539391   12.6769   0.000       0.000      0.1851E-03   0.000    -0.6454E-03 0.4603E-03  0.000      0.000      0.000      0.000       0.000       0.000       0.000       0.000       0.000       0.000    
    75600.   12.43410209   12.6758   0.000       0.000      0.2114E-03   0.000    -0.3809E-03 0.1694E-03  0.000      0.000      0.000      0.000       0.000       0.000       0.000       0.000       0.000       0.000    
    79200.   12.51365178   12.6802   0.000       0.000      0.1457E-03   0.000    -0.1028E-02 0.8825E-03  0.000      0.000      0.000      0.000       0.000       0.000       0.000       0.000       0.000       0.000    
    82800.   12.52772750   12.6840   0.000       0.000      0.1368E-03   0.000    -0.1024E-02 0.8871E-03  0.000      0.000      0.000      0.000       0.000       0.000       0.000       0.000       0.000       0.000    
    86400.   12.54218493   12.6876   0.000       0.000      0.1272E-03   0.000    -0.1040E-02 0.9130E-03  0.000      0.000      0.000      0.000       0.000       0.000       0.000       0.000       0.000       0.000    
    90000.   12.62622805   12.6959   0.000       0.000      0.6092E-04   0.000    -0.1617E-02 0.1556E-02  0.000      0.000      0.000      0.000       0.000       0.000       0.000       0.000       0.000       0.000    
    93600.   12.82138697   12.7156   0.000       0.000     -0.9253E-04   0.000    -0.7247E-02 0.7340E-02  0.000      0.000      0.000      0.000       0.000       0.000       0.000       0.000       0.000       0.000    
    97200.   12.75141011   12.7255   0.000       0.000     -0.2271E-04   0.000    -0.4480E-02 0.4503E-02  0.000      0.000      0.000      0.000       0.000       0.000       0.000       0.000       0.000       0.000    
   100800.   12.59916553   12.7220   0.000       0.000      0.1075E-03   0.000    -0.9992E-03 0.8917E-03  0.000      0.000      0.000      0.000       0.000       0.000       0.000       0.000       0.000       0.000    
   104400.   12.52821106   12.7141   0.000       0.000      0.1626E-03   0.000    -0.1748E-03 0.1220E-04  0.000      0.000      0.000      0.000       0.000       0.000       0.000       0.000       0.000       0.000    
   108000.   12.50602480   12.7057   0.000       0.000      0.1748E-03   0.000    -0.9549E-04-0.7927E-04  0.000      0.000      0.000      0.000       0.000       0.000       0.000       0.000       0.000       0.000    
   111600.   12.47141626   12.6960   0.000       0.000      0.1965E-03   0.000     0.1251E-03-0.3216E-03  0.000      0.000      0.000      0.000       0.000       0.000       0.000       0.000       0.000       0.000    
   115200.   12.44329565   12.6856   0.000       0.000      0.2120E-03   0.000     0.2863E-03-0.4983E-03  0.000      0.000      0.000      0.000       0.000       0.000       0.000       0.000       0.000       0.000    
   118800.   12.42300223   12.6754   0.000       0.000      0.2208E-03   0.000     0.3801E-03-0.6010E-03  0.000      0.000      0.000      0.000       0.000       0.000       0.000       0.000       0.000       0.000    
   122400.   12.43214676   12.6674   0.000       0.000      0.2059E-03   0.000     0.2419E-03-0.4478E-03  0.000      0.000      0.000      0.000       0.000       0.000       0.000       0.000       0.000       0.000    
   126000.   12.41146000   12.6592   0.000       0.000      0.2168E-03   0.000     0.3773E-03-0.5941E-03  0.000      0.000      0.000      0.000       0.000       0.000       0.000       0.000       0.000       0.000    
   129600.   12.46422895   12.6562   0.000       0.000      0.1680E-03   0.000    -0.9416E-04-0.7382E-04  0.000      0.000      0.000      0.000       0.000       0.000       0.000       0.000       0.000       0.000    
   133200.   12.43773846   12.6516   0.000       0.000      0.1871E-03   0.000     0.1511E-03-0.3382E-03  0.000      0.000      0.000      0.000       0.000       0.000       0.000       0.000       0.000       0.000    
   136800.   12.42839189   12.6472   0.000       0.000      0.1914E-03   0.000     0.2007E-03-0.3921E-03  0.000      0.000      0.000      0.000       0.000       0.000       0.000       0.000       0.000       0.000    
   140400.   12.40547789   12.6421   0.000       0.000      0.2070E-03   0.000     0.3492E-03-0.5562E-03  0.000      0.000      0.000      0.000       0.000       0.000       0.000       0.000       0.000       0.000    
   144000.   12.40107164   12.6379   0.000       0.000      0.2072E-03   0.000     0.3287E-03-0.5359E-03  0.000      0.000      0.000      0.000       0.000       0.000       0.000       0.000       0.000       0.000    
   147600.   12.39911137   12.6346   0.000       0.000      0.2060E-03   0.000     0.3001E-03-0.5061E-03  0.000      0.000      0.000      0.000       0.000       0.000       0.000       0.000       0.000       0.000    
   151200.   12.39806200   12.6321   0.000       0.000      0.2048E-03   0.000     0.2727E-03-0.4775E-03  0.000      0.000      0.000      0.000       0.000       0.000       0.000       0.000       0.000       0.000    
   154800.   12.39738808   12.6303   0.000       0.000      0.2038E-03   0.000     0.2469E-03-0.4507E-03  0.000      0.000      0.000      0.000       0.000       0.000       0.000       0.000       0.000       0.000    
   158400.   12.41094433   12.6302   0.000       0.000      0.1919E-03   0.000     0.1107E-03-0.3026E-03  0.000      0.000      0.000      0.000       0.000       0.000       0.000       0.000       0.000       0.000    
   162000.   12.46949448   12.6345   0.000       0.000      0.1444E-03   0.000    -0.3607E-03 0.2163E-03  0.000      0.000      0.000      0.000       0.000       0.000       0.000       0.000       0.000       0.000    
   165600.   12.46648390   12.6379   0.000       0.000      0.1500E-03   0.000    -0.2683E-03 0.1184E-03  0.000      0.000      0.000      0.000       0.000       0.000       0.000       0.000       0.000       0.000    
   169200.   12.41987673   12.6376   0.000       0.000      0.1905E-03   0.000     0.1309E-03-0.3214E-03  0.000      0.000      0.000      0.000       0.000       0.000       0.000       0.000       0.000       0.000    
   172800.   12.40587173   12.6369   0.000       0.000      0.2022E-03   0.000     0.1925E-03-0.3946E-03  0.000      0.000      0.000      0.000       0.000       0.000       0.000       0.000       0.000       0.000    
