TOTIM (T)      HCON          HMAT      QDIR      QWELL        QMAT       QCADS      QTUB1      QTUB2      QTUB3      QTUB4      QTUB5      QTUB6       NSTOR        QFIX        QLH     FHLQ (LQ)        CAUCHY   CAUCHY (LQ)
     3600.   12.36082530   12.3760   0.000       0.000      0.1324E-04   0.000     0.2703E-02-0.2717E-02  0.000      0.000      0.000      0.000       0.000       0.000       0.000       0.000       0.000       0.000    
     7200.   12.34684077   12.3748   0.000       0.000      0.2448E-04   0.000     0.2501E-02-0.2526E-02  0.000      0.000      0.000      0.000       0.000       0.000       0.000       0.000       0.000       0.000    
    10800.   12.34432465   12.3736   0.000       0.000      0.2563E-04   0.000     0.2544E-02-0.2570E-02  0.000      0.000      0.000      0.000       0.000       0.000       0.000       0.000       0.000       0.000    
    14400.   12.34314804   12.3724   0.000       0.000      0.2561E-04   0.000     0.2569E-02-0.2595E-02  0.000      0.000      0.000      0.000       0.000       0.000       0.000       0.000       0.000       0.000    
    18000.   12.34240842   12.3713   0.000       0.000      0.2525E-04   0.000     0.2583E-02-0.2608E-02  0.000      0.000      0.000      0.000       0.000       0.000       0.000       0.000       0.000       0.000    
    21600.   12.34186052   12.3701   0.000       0.000      0.2474E-04   0.000     0.2591E-02-0.2616E-02  0.000      0.000      0.000      0.000       0.000       0.000       0.000       0.000       0.000       0.000    
    25200.   12.34139986   12.3691   0.000       0.000      0.2420E-04   0.000     0.2596E-02-0.2621E-02  0.000      0.000      0.000      0.000       0.000       0.000       0.000       0.000       0.000       0.000    
    28800.   12.34100687   12.3680   0.000       0.000      0.2364E-04   0.000     0.2600E-02-0.2623E-02  0.000      0.000      0.000      0.000       0.000       0.000       0.000       0.000       0.000       0.000    
    32400.   12.34062135   12.3670   0.000       0.000      0.2311E-04   0.000     0.2602E-02-0.2626E-02  0.000      0.000      0.000      0.000       0.000       0.000       0.000       0.000       0.000       0.000    
    36000.   12.34023903   12.3661   0.000       0.000      0.2261E-04   0.000     0.2605E-02-0.2628E-02  0.000      0.000      0.000      0.000       0.000       0.000       0.000       0.000       0.000       0.000    
    39600.   12.33985842   12.3652   0.000       0.000      0.2214E-04   0.000     0.2607E-02-0.2629E-02  0.000      0.000      0.000      0.000       0.000       0.000       0.000       0.000       0.000       0.000    
    43200.   12.35351432   12.3654   0.000       0.000      0.1042E-04   0.000     0.2810E-02-0.2821E-02  0.000      0.000      0.000      0.000       0.000       0.000       0.000       0.000       0.000       0.000    
    46800.   12.35568101   12.3658   0.000       0.000      0.8838E-05   0.000     0.2769E-02-0.2777E-02  0.000      0.000      0.000      0.000       0.000       0.000       0.000       0.000       0.000       0.000    
    50400.   12.34244995   12.3650   0.000       0.000      0.1974E-04   0.000     0.2544E-02-0.2564E-02  0.000      0.000      0.000      0.000       0.000       0.000       0.000       0.000       0.000       0.000    
    54000.   12.35433356   12.3653   0.000       0.000      0.9609E-05   0.000     0.2776E-02-0.2785E-02  0.000      0.000      0.000      0.000       0.000       0.000       0.000       0.000       0.000       0.000    
    57600.   12.39109641   12.3686   0.000       0.000     -0.1970E-04   0.000     0.3249E-02-0.3230E-02  0.000      0.000      0.000      0.000       0.000       0.000       0.000       0.000       0.000       0.000    
    61200.   12.50383841   12.3807   0.000       0.000     -0.1077E-03   0.000     0.5085E-02-0.4977E-02  0.000      0.000      0.000      0.000       0.000       0.000       0.000       0.000       0.000       0.000    
    64800.   12.49817621   12.3910   0.000       0.000     -0.9381E-04   0.000     0.4204E-02-0.4110E-02  0.000      0.000      0.000      0.000       0.000       0.000       0.000       0.000       0.000       0.000    
    68400.   12.49716624   12.4003   0.000       0.000     -0.8472E-04   0.000     0.3935E-02-0.3850E-02  0.000      0.000      0.000      0.000       0.000       0.000       0.000       0.000       0.000       0.000    
    72000.   12.46539127   12.4065   0.000       0.000     -0.5157E-04   0.000     0.3326E-02-0.3274E-02  0.000      0.000      0.000      0.000       0.000       0.000       0.000       0.000       0.000       0.000    
    75600.   12.43410002   12.4097   0.000       0.000     -0.2134E-04   0.000     0.2966E-02-0.2945E-02  0.000      0.000      0.000      0.000       0.000       0.000       0.000       0.000       0.000       0.000    
    79200.   12.51364788   12.4195   0.000       0.000     -0.8240E-04   0.000     0.4423E-02-0.4341E-02  0.000      0.000      0.000      0.000       0.000       0.000       0.000       0.000       0.000       0.000    
    82800.   12.52772376   12.4294   0.000       0.000     -0.8604E-04   0.000     0.4203E-02-0.4117E-02  0.000      0.000      0.000      0.000       0.000       0.000       0.000       0.000       0.000       0.000    
    86400.   12.54218120   12.4397   0.000       0.000     -0.8968E-04   0.000     0.4172E-02-0.4082E-02  0.000      0.000      0.000      0.000       0.000       0.000       0.000       0.000       0.000       0.000    
    90000.   12.62622269   12.4561   0.000       0.000     -0.1489E-03   0.000     0.5281E-02-0.5132E-02  0.000      0.000      0.000      0.000       0.000       0.000       0.000       0.000       0.000       0.000    
    93600.   12.82133800   12.4870   0.000       0.000     -0.2925E-03   0.000     0.7708E-02-0.7416E-02  0.000      0.000      0.000      0.000       0.000       0.000       0.000       0.000       0.000       0.000    
    97200.   12.75138624   12.5091   0.000       0.000     -0.2120E-03   0.000     0.5148E-02-0.4936E-02  0.000      0.000      0.000      0.000       0.000       0.000       0.000       0.000       0.000       0.000    
   100800.   12.59916153   12.5172   0.000       0.000     -0.7172E-04   0.000     0.1895E-02-0.1824E-02  0.000      0.000      0.000      0.000       0.000       0.000       0.000       0.000       0.000       0.000    
   104400.   12.52820983   12.5197   0.000       0.000     -0.7463E-05   0.000     0.1743E-02-0.1736E-02  0.000      0.000      0.000      0.000       0.000       0.000       0.000       0.000       0.000       0.000    
   108000.   12.50602355   12.5207   0.000       0.000      0.1282E-04   0.000     0.1916E-02-0.1929E-02  0.000      0.000      0.000      0.000       0.000       0.000       0.000       0.000       0.000       0.000    
   111600.   12.47141534   12.5190   0.000       0.000      0.4162E-04   0.000     0.1814E-02-0.1855E-02  0.000      0.000      0.000      0.000       0.000       0.000       0.000       0.000       0.000       0.000    
   115200.   12.44329496   12.5153   0.000       0.000      0.6303E-04   0.000     0.1753E-02-0.1817E-02  0.000      0.000      0.000      0.000       0.000       0.000       0.000       0.000       0.000       0.000    
   118800.   12.42300167   12.5104   0.000       0.000      0.7650E-04   0.000     0.1739E-02-0.1815E-02  0.000      0.000      0.000      0.000       0.000       0.000       0.000       0.000       0.000       0.000    
   122400.   12.43214590   12.5068   0.000       0.000      0.6530E-04   0.000     0.1938E-02-0.2003E-02  0.000      0.000      0.000      0.000       0.000       0.000       0.000       0.000       0.000       0.000    
   126000.   12.41145940   12.5016   0.000       0.000      0.7891E-04   0.000     0.1789E-02-0.1867E-02  0.000      0.000      0.000      0.000       0.000       0.000       0.000       0.000       0.000       0.000    
   129600.   12.46422743   12.5013   0.000       0.000      0.3243E-04   0.000     0.2278E-02-0.2311E-02  0.000      0.000      0.000      0.000       0.000       0.000       0.000       0.000       0.000       0.000    
   133200.   12.43773747   12.4986   0.000       0.000      0.5322E-04   0.000     0.1948E-02-0.2001E-02  0.000      0.000      0.000      0.000       0.000       0.000       0.000       0.000       0.000       0.000    
   136800.   12.42839099   12.4953   0.000       0.000      0.5856E-04   0.000     0.1917E-02-0.1976E-02  0.000      0.000      0.000      0.000       0.000       0.000       0.000       0.000       0.000       0.000    
   140400.   12.40547727   12.4905   0.000       0.000      0.7436E-04   0.000     0.1779E-02-0.1854E-02  0.000      0.000      0.000      0.000       0.000       0.000       0.000       0.000       0.000       0.000    
   144000.   12.40107095   12.4857   0.000       0.000      0.7404E-04   0.000     0.1840E-02-0.1914E-02  0.000      0.000      0.000      0.000       0.000       0.000       0.000       0.000       0.000       0.000    
   147600.   12.39911062   12.4811   0.000       0.000      0.7175E-04   0.000     0.1878E-02-0.1950E-02  0.000      0.000      0.000      0.000       0.000       0.000       0.000       0.000       0.000       0.000    
   151200.   12.39806120   12.4768   0.000       0.000      0.6888E-04   0.000     0.1900E-02-0.1969E-02  0.000      0.000      0.000      0.000       0.000       0.000       0.000       0.000       0.000       0.000    
   154800.   12.39738724   12.4727   0.000       0.000      0.6589E-04   0.000     0.1916E-02-0.1982E-02  0.000      0.000      0.000      0.000       0.000       0.000       0.000       0.000       0.000       0.000    
   158400.   12.41094323   12.4700   0.000       0.000      0.5166E-04   0.000     0.2040E-02-0.2092E-02  0.000      0.000      0.000      0.000       0.000       0.000       0.000       0.000       0.000       0.000    
   162000.   12.46949251   12.4722   0.000       0.000      0.2372E-05   0.000     0.2441E-02-0.2444E-02  0.000      0.000      0.000      0.000       0.000       0.000       0.000       0.000       0.000       0.000    
   165600.   12.46648219   12.4737   0.000       0.000      0.6337E-05   0.000     0.2246E-02-0.2253E-02  0.000      0.000      0.000      0.000       0.000       0.000       0.000       0.000       0.000       0.000    
   169200.   12.41987580   12.4713   0.000       0.000      0.4496E-04   0.000     0.1830E-02-0.1875E-02  0.000      0.000      0.000      0.000       0.000       0.000       0.000       0.000       0.000       0.000    
   172800.   12.40587087   12.4680   0.000       0.000      0.5436E-04   0.000     0.1846E-02-0.1901E-02  0.000      0.000      0.000      0.000       0.000       0.000       0.000       0.000       0.000       0.000    
