TOTIM (T)      HCON          HMAT      QDIR      QWELL        QMAT       QCADS      QTUB1      QTUB2      QTUB3      QTUB4      QTUB5      QTUB6       NSTOR        QFIX        QLH     FHLQ (LQ)        CAUCHY   CAUCHY (LQ)
     3600.   12.36082626   12.4144   0.000       0.000      0.4684E-04   0.000     0.1775E-02-0.1822E-02  0.000      0.000      0.000      0.000       0.000       0.000       0.000       0.000       0.000       0.000    
     7200.   12.34684163   12.4132   0.000       0.000      0.5808E-04   0.000     0.1484E-02-0.1542E-02  0.000      0.000      0.000      0.000       0.000       0.000       0.000       0.000       0.000       0.000    
    10800.   12.34432553   12.4120   0.000       0.000      0.5923E-04   0.000     0.1496E-02-0.1556E-02  0.000      0.000      0.000      0.000       0.000       0.000       0.000       0.000       0.000       0.000    
    14400.   12.34314893   12.4108   0.000       0.000      0.5921E-04   0.000     0.1517E-02-0.1576E-02  0.000      0.000      0.000      0.000       0.000       0.000       0.000       0.000       0.000       0.000    
    18000.   12.34240931   12.4097   0.000       0.000      0.5884E-04   0.000     0.1533E-02-0.1592E-02  0.000      0.000      0.000      0.000       0.000       0.000       0.000       0.000       0.000       0.000    
    21600.   12.34186142   12.4085   0.000       0.000      0.5834E-04   0.000     0.1546E-02-0.1604E-02  0.000      0.000      0.000      0.000       0.000       0.000       0.000       0.000       0.000       0.000    
    25200.   12.34140076   12.4075   0.000       0.000      0.5780E-04   0.000     0.1557E-02-0.1615E-02  0.000      0.000      0.000      0.000       0.000       0.000       0.000       0.000       0.000       0.000    
    28800.   12.34100777   12.4064   0.000       0.000      0.5724E-04   0.000     0.1567E-02-0.1624E-02  0.000      0.000      0.000      0.000       0.000       0.000       0.000       0.000       0.000       0.000    
    32400.   12.34062226   12.4054   0.000       0.000      0.5671E-04   0.000     0.1576E-02-0.1633E-02  0.000      0.000      0.000      0.000       0.000       0.000       0.000       0.000       0.000       0.000    
    36000.   12.34023994   12.4045   0.000       0.000      0.5621E-04   0.000     0.1585E-02-0.1641E-02  0.000      0.000      0.000      0.000       0.000       0.000       0.000       0.000       0.000       0.000    
    39600.   12.33985932   12.4036   0.000       0.000      0.5574E-04   0.000     0.1593E-02-0.1649E-02  0.000      0.000      0.000      0.000       0.000       0.000       0.000       0.000       0.000       0.000    
    43200.   12.35351532   12.4038   0.000       0.000      0.4402E-04   0.000     0.1891E-02-0.1935E-02  0.000      0.000      0.000      0.000       0.000       0.000       0.000       0.000       0.000       0.000    
    46800.   12.35568200   12.4042   0.000       0.000      0.4244E-04   0.000     0.1885E-02-0.1927E-02  0.000      0.000      0.000      0.000       0.000       0.000       0.000       0.000       0.000       0.000    
    50400.   12.34245084   12.4034   0.000       0.000      0.5334E-04   0.000     0.1580E-02-0.1634E-02  0.000      0.000      0.000      0.000       0.000       0.000       0.000       0.000       0.000       0.000    
    54000.   12.35433454   12.4037   0.000       0.000      0.4321E-04   0.000     0.1873E-02-0.1916E-02  0.000      0.000      0.000      0.000       0.000       0.000       0.000       0.000       0.000       0.000    
    57600.   12.39109761   12.4070   0.000       0.000      0.1390E-04   0.000     0.2598E-02-0.2612E-02  0.000      0.000      0.000      0.000       0.000       0.000       0.000       0.000       0.000       0.000    
    61200.   12.50384154   12.4191   0.000       0.000     -0.7414E-04   0.000     0.4724E-02-0.4650E-02  0.000      0.000      0.000      0.000       0.000       0.000       0.000       0.000       0.000       0.000    
    64800.   12.49817862   12.4294   0.000       0.000     -0.6020E-04   0.000     0.3990E-02-0.3930E-02  0.000      0.000      0.000      0.000       0.000       0.000       0.000       0.000       0.000       0.000    
    68400.   12.49716841   12.4388   0.000       0.000     -0.5111E-04   0.000     0.3667E-02-0.3616E-02  0.000      0.000      0.000      0.000       0.000       0.000       0.000       0.000       0.000       0.000    
    72000.   12.46539296   12.4449   0.000       0.000     -0.1797E-04   0.000     0.2834E-02-0.2816E-02  0.000      0.000      0.000      0.000       0.000       0.000       0.000       0.000       0.000       0.000    
    75600.   12.43410142   12.4481   0.000       0.000      0.1226E-04   0.000     0.2199E-02-0.2212E-02  0.000      0.000      0.000      0.000       0.000       0.000       0.000       0.000       0.000       0.000    
    79200.   12.51365041   12.4579   0.000       0.000     -0.4880E-04   0.000     0.3933E-02-0.3885E-02  0.000      0.000      0.000      0.000       0.000       0.000       0.000       0.000       0.000       0.000    
    82800.   12.52772614   12.4678   0.000       0.000     -0.5244E-04   0.000     0.3865E-02-0.3813E-02  0.000      0.000      0.000      0.000       0.000       0.000       0.000       0.000       0.000       0.000    
    86400.   12.54218356   12.4781   0.000       0.000     -0.5608E-04   0.000     0.3879E-02-0.3823E-02  0.000      0.000      0.000      0.000       0.000       0.000       0.000       0.000       0.000       0.000    
    90000.   12.62622606   12.4945   0.000       0.000     -0.1153E-03   0.000     0.5358E-02-0.5242E-02  0.000      0.000      0.000      0.000       0.000       0.000       0.000       0.000       0.000       0.000    
    93600.   12.82135398   12.5254   0.000       0.000     -0.2590E-03   0.000     0.8804E-02-0.8545E-02  0.000      0.000      0.000      0.000       0.000       0.000       0.000       0.000       0.000       0.000    
    97200.   12.75139412   12.5475   0.000       0.000     -0.1785E-03   0.000     0.6126E-02-0.5948E-02  0.000      0.000      0.000      0.000       0.000       0.000       0.000       0.000       0.000       0.000    
   100800.   12.59916303   12.5556   0.000       0.000     -0.3813E-04   0.000     0.2613E-02-0.2574E-02  0.000      0.000      0.000      0.000       0.000       0.000       0.000       0.000       0.000       0.000    
   104400.   12.52821063   12.5581   0.000       0.000      0.2612E-04   0.000     0.1562E-02-0.1589E-02  0.000      0.000      0.000      0.000       0.000       0.000       0.000       0.000       0.000       0.000    
   108000.   12.50602443   12.5590   0.000       0.000      0.4640E-04   0.000     0.1527E-02-0.1574E-02  0.000      0.000      0.000      0.000       0.000       0.000       0.000       0.000       0.000       0.000    
   111600.   12.47141610   12.5574   0.000       0.000      0.7520E-04   0.000     0.1046E-02-0.1122E-02  0.000      0.000      0.000      0.000       0.000       0.000       0.000       0.000       0.000       0.000    
   115200.   12.44329565   12.5537   0.000       0.000      0.9659E-04   0.000     0.6992E-03-0.7958E-03  0.000      0.000      0.000      0.000       0.000       0.000       0.000       0.000       0.000       0.000    
   118800.   12.42300233   12.5488   0.000       0.000      0.1101E-03   0.000     0.5104E-03-0.6205E-03  0.000      0.000      0.000      0.000       0.000       0.000       0.000       0.000       0.000       0.000    
   122400.   12.43214670   12.5451   0.000       0.000      0.9886E-04   0.000     0.9045E-03-0.1003E-02  0.000      0.000      0.000      0.000       0.000       0.000       0.000       0.000       0.000       0.000    
   126000.   12.41146009   12.5400   0.000       0.000      0.1125E-03   0.000     0.5514E-03-0.6638E-03  0.000      0.000      0.000      0.000       0.000       0.000       0.000       0.000       0.000       0.000    
   129600.   12.46422853   12.5396   0.000       0.000      0.6599E-04   0.000     0.1785E-02-0.1851E-02  0.000      0.000      0.000      0.000       0.000       0.000       0.000       0.000       0.000       0.000    
   133200.   12.43773831   12.5369   0.000       0.000      0.8677E-04   0.000     0.1093E-02-0.1180E-02  0.000      0.000      0.000      0.000       0.000       0.000       0.000       0.000       0.000       0.000    
   136800.   12.42839180   12.5337   0.000       0.000      0.9211E-04   0.000     0.9675E-03-0.1060E-02  0.000      0.000      0.000      0.000       0.000       0.000       0.000       0.000       0.000       0.000    
   140400.   12.40547796   12.5288   0.000       0.000      0.1079E-03   0.000     0.5929E-03-0.7008E-03  0.000      0.000      0.000      0.000       0.000       0.000       0.000       0.000       0.000       0.000    
   144000.   12.40107168   12.5240   0.000       0.000      0.1076E-03   0.000     0.6688E-03-0.7764E-03  0.000      0.000      0.000      0.000       0.000       0.000       0.000       0.000       0.000       0.000    
   147600.   12.39911138   12.5195   0.000       0.000      0.1053E-03   0.000     0.7499E-03-0.8552E-03  0.000      0.000      0.000      0.000       0.000       0.000       0.000       0.000       0.000       0.000    
   151200.   12.39806198   12.5151   0.000       0.000      0.1024E-03   0.000     0.8180E-03-0.9204E-03  0.000      0.000      0.000      0.000       0.000       0.000       0.000       0.000       0.000       0.000    
   154800.   12.39738803   12.5111   0.000       0.000      0.9946E-04   0.000     0.8783E-03-0.9777E-03  0.000      0.000      0.000      0.000       0.000       0.000       0.000       0.000       0.000       0.000    
   158400.   12.41094413   12.5084   0.000       0.000      0.8523E-04   0.000     0.1223E-02-0.1308E-02  0.000      0.000      0.000      0.000       0.000       0.000       0.000       0.000       0.000       0.000    
   162000.   12.46949379   12.5106   0.000       0.000      0.3595E-04   0.000     0.2418E-02-0.2454E-02  0.000      0.000      0.000      0.000       0.000       0.000       0.000       0.000       0.000       0.000    
   165600.   12.46648332   12.5121   0.000       0.000      0.3992E-04   0.000     0.2103E-02-0.2143E-02  0.000      0.000      0.000      0.000       0.000       0.000       0.000       0.000       0.000       0.000    
   169200.   12.41987658   12.5096   0.000       0.000      0.7855E-04   0.000     0.1046E-02-0.1125E-02  0.000      0.000      0.000      0.000       0.000       0.000       0.000       0.000       0.000       0.000    
   172800.   12.40587164   12.5064   0.000       0.000      0.8796E-04   0.000     0.9312E-03-0.1019E-02  0.000      0.000      0.000      0.000       0.000       0.000       0.000       0.000       0.000       0.000    
