TOTIM (T)      HCON          HMAT      QDIR      QWELL        QMAT       QCADS      QTUB1      QTUB2      QTUB3      QTUB4      QTUB5      QTUB6       NSTOR        QFIX        QLH     FHLQ (LQ)        CAUCHY   CAUCHY (LQ)
     3600.   12.36082638   12.6350   0.000       0.000      0.2399E-03   0.000     0.1545E-02-0.1785E-02  0.000      0.000      0.000      0.000       0.000       0.000       0.000       0.000       0.000       0.000    
     7200.   12.34684171   12.6339   0.000       0.000      0.2512E-03   0.000     0.1126E-02-0.1377E-02  0.000      0.000      0.000      0.000       0.000       0.000       0.000       0.000       0.000       0.000    
    10800.   12.34432561   12.6327   0.000       0.000      0.2523E-03   0.000     0.1148E-02-0.1400E-02  0.000      0.000      0.000      0.000       0.000       0.000       0.000       0.000       0.000       0.000    
    14400.   12.34314900   12.6315   0.000       0.000      0.2523E-03   0.000     0.1172E-02-0.1424E-02  0.000      0.000      0.000      0.000       0.000       0.000       0.000       0.000       0.000       0.000    
    18000.   12.34240939   12.6303   0.000       0.000      0.2519E-03   0.000     0.1192E-02-0.1444E-02  0.000      0.000      0.000      0.000       0.000       0.000       0.000       0.000       0.000       0.000    
    21600.   12.34186150   12.6292   0.000       0.000      0.2514E-03   0.000     0.1209E-02-0.1461E-02  0.000      0.000      0.000      0.000       0.000       0.000       0.000       0.000       0.000       0.000    
    25200.   12.34140085   12.6281   0.000       0.000      0.2509E-03   0.000     0.1225E-02-0.1476E-02  0.000      0.000      0.000      0.000       0.000       0.000       0.000       0.000       0.000       0.000    
    28800.   12.34100786   12.6271   0.000       0.000      0.2503E-03   0.000     0.1239E-02-0.1489E-02  0.000      0.000      0.000      0.000       0.000       0.000       0.000       0.000       0.000       0.000    
    32400.   12.34062235   12.6261   0.000       0.000      0.2498E-03   0.000     0.1252E-02-0.1502E-02  0.000      0.000      0.000      0.000       0.000       0.000       0.000       0.000       0.000       0.000    
    36000.   12.34024003   12.6251   0.000       0.000      0.2493E-03   0.000     0.1264E-02-0.1514E-02  0.000      0.000      0.000      0.000       0.000       0.000       0.000       0.000       0.000       0.000    
    39600.   12.33985941   12.6242   0.000       0.000      0.2488E-03   0.000     0.1276E-02-0.1525E-02  0.000      0.000      0.000      0.000       0.000       0.000       0.000       0.000       0.000       0.000    
    43200.   12.35351546   12.6245   0.000       0.000      0.2371E-03   0.000     0.1705E-02-0.1942E-02  0.000      0.000      0.000      0.000       0.000       0.000       0.000       0.000       0.000       0.000    
    46800.   12.35568214   12.6248   0.000       0.000      0.2355E-03   0.000     0.1693E-02-0.1928E-02  0.000      0.000      0.000      0.000       0.000       0.000       0.000       0.000       0.000       0.000    
    50400.   12.34245093   12.6241   0.000       0.000      0.2464E-03   0.000     0.1260E-02-0.1506E-02  0.000      0.000      0.000      0.000       0.000       0.000       0.000       0.000       0.000       0.000    
    54000.   12.35433469   12.6244   0.000       0.000      0.2363E-03   0.000     0.1689E-02-0.1925E-02  0.000      0.000      0.000      0.000       0.000       0.000       0.000       0.000       0.000       0.000    
    57600.   12.39109788   12.6276   0.000       0.000      0.2070E-03   0.000     0.2725E-02-0.2932E-02  0.000      0.000      0.000      0.000       0.000       0.000       0.000       0.000       0.000       0.000    
    61200.   12.50384218   12.6398   0.000       0.000      0.1189E-03   0.000     0.5791E-02-0.5910E-02  0.000      0.000      0.000      0.000       0.000       0.000       0.000       0.000       0.000       0.000    
    64800.   12.49817911   12.6500   0.000       0.000      0.1329E-03   0.000     0.4722E-02-0.4855E-02  0.000      0.000      0.000      0.000       0.000       0.000       0.000       0.000       0.000       0.000    
    68400.   12.49716888   12.6594   0.000       0.000      0.1420E-03   0.000     0.4320E-02-0.4462E-02  0.000      0.000      0.000      0.000       0.000       0.000       0.000       0.000       0.000       0.000    
    72000.   12.46539329   12.6655   0.000       0.000      0.1751E-03   0.000     0.3133E-02-0.3308E-02  0.000      0.000      0.000      0.000       0.000       0.000       0.000       0.000       0.000       0.000    
    75600.   12.43410164   12.6688   0.000       0.000      0.2054E-03   0.000     0.2227E-02-0.2432E-02  0.000      0.000      0.000      0.000       0.000       0.000       0.000       0.000       0.000       0.000    
    79200.   12.51365093   12.6786   0.000       0.000      0.1443E-03   0.000     0.4721E-02-0.4866E-02  0.000      0.000      0.000      0.000       0.000       0.000       0.000       0.000       0.000       0.000    
    82800.   12.52772663   12.6885   0.000       0.000      0.1406E-03   0.000     0.4580E-02-0.4721E-02  0.000      0.000      0.000      0.000       0.000       0.000       0.000       0.000       0.000       0.000    
    86400.   12.54218406   12.6988   0.000       0.000      0.1370E-03   0.000     0.4629E-02-0.4766E-02  0.000      0.000      0.000      0.000       0.000       0.000       0.000       0.000       0.000       0.000    
    90000.   12.62622683   12.7152   0.000       0.000      0.7782E-04   0.000     0.6777E-02-0.6855E-02  0.000      0.000      0.000      0.000       0.000       0.000       0.000       0.000       0.000       0.000    
    93600.   12.82137916   12.7461   0.000       0.000     -0.6588E-04   0.000     0.1174E-01-0.1167E-01  0.000      0.000      0.000      0.000       0.000       0.000       0.000       0.000       0.000       0.000    
    97200.   12.75140535   12.7681   0.000       0.000      0.1463E-04   0.000     0.7867E-02-0.7882E-02  0.000      0.000      0.000      0.000       0.000       0.000       0.000       0.000       0.000       0.000    
   100800.   12.59916531   12.7762   0.000       0.000      0.1549E-03   0.000     0.2922E-02-0.3077E-02  0.000      0.000      0.000      0.000       0.000       0.000       0.000       0.000       0.000       0.000    
   104400.   12.52821082   12.7787   0.000       0.000      0.2192E-03   0.000     0.1439E-02-0.1658E-02  0.000      0.000      0.000      0.000       0.000       0.000       0.000       0.000       0.000       0.000    
   108000.   12.50602459   12.7797   0.000       0.000      0.2395E-03   0.000     0.1324E-02-0.1564E-02  0.000      0.000      0.000      0.000       0.000       0.000       0.000       0.000       0.000       0.000    
   111600.   12.47141613   12.7780   0.000       0.000      0.2682E-03   0.000     0.5745E-03-0.8428E-03  0.000      0.000      0.000      0.000       0.000       0.000       0.000       0.000       0.000       0.000    
   115200.   12.44329561   12.7743   0.000       0.000      0.2896E-03   0.000     0.5312E-04-0.3428E-03  0.000      0.000      0.000      0.000       0.000       0.000       0.000       0.000       0.000       0.000    
   118800.   12.42300225   12.7694   0.000       0.000      0.3031E-03   0.000    -0.2373E-03-0.6583E-04  0.000      0.000      0.000      0.000       0.000       0.000       0.000       0.000       0.000       0.000    
   122400.   12.43214669   12.7657   0.000       0.000      0.2919E-03   0.000     0.3169E-03-0.6087E-03  0.000      0.000      0.000      0.000       0.000       0.000       0.000       0.000       0.000       0.000    
   126000.   12.41146001   12.7606   0.000       0.000      0.3055E-03   0.000    -0.2092E-03-0.9625E-04  0.000      0.000      0.000      0.000       0.000       0.000       0.000       0.000       0.000       0.000    
   129600.   12.46422867   12.7602   0.000       0.000      0.2590E-03   0.000     0.1579E-02-0.1838E-02  0.000      0.000      0.000      0.000       0.000       0.000       0.000       0.000       0.000       0.000    
   133200.   12.43773832   12.7574   0.000       0.000      0.2797E-03   0.000     0.5595E-03-0.8392E-03  0.000      0.000      0.000      0.000       0.000       0.000       0.000       0.000       0.000       0.000    
   136800.   12.42839180   12.7542   0.000       0.000      0.2851E-03   0.000     0.4115E-03-0.6965E-03  0.000      0.000      0.000      0.000       0.000       0.000       0.000       0.000       0.000       0.000    
   140400.   12.40547789   12.7493   0.000       0.000      0.3008E-03   0.000    -0.1315E-03-0.1693E-03  0.000      0.000      0.000      0.000       0.000       0.000       0.000       0.000       0.000       0.000    
   144000.   12.40107162   12.7445   0.000       0.000      0.3005E-03   0.000    -0.2122E-04-0.2793E-03  0.000      0.000      0.000      0.000       0.000       0.000       0.000       0.000       0.000       0.000    
   147600.   12.39911133   12.7399   0.000       0.000      0.2982E-03   0.000     0.8445E-04-0.3827E-03  0.000      0.000      0.000      0.000       0.000       0.000       0.000       0.000       0.000       0.000    
   151200.   12.39806195   12.7356   0.000       0.000      0.2953E-03   0.000     0.1781E-03-0.4734E-03  0.000      0.000      0.000      0.000       0.000       0.000       0.000       0.000       0.000       0.000    
   154800.   12.39738800   12.7315   0.000       0.000      0.2923E-03   0.000     0.2631E-03-0.5555E-03  0.000      0.000      0.000      0.000       0.000       0.000       0.000       0.000       0.000       0.000    
   158400.   12.41094417   12.7288   0.000       0.000      0.2781E-03   0.000     0.7592E-03-0.1037E-02  0.000      0.000      0.000      0.000       0.000       0.000       0.000       0.000       0.000       0.000    
   162000.   12.46949403   12.7310   0.000       0.000      0.2288E-03   0.000     0.2480E-02-0.2709E-02  0.000      0.000      0.000      0.000       0.000       0.000       0.000       0.000       0.000       0.000    
   165600.   12.46648350   12.7325   0.000       0.000      0.2328E-03   0.000     0.2017E-02-0.2250E-02  0.000      0.000      0.000      0.000       0.000       0.000       0.000       0.000       0.000       0.000    
   169200.   12.41987659   12.7301   0.000       0.000      0.2714E-03   0.000     0.5233E-03-0.7947E-03  0.000      0.000      0.000      0.000       0.000       0.000       0.000       0.000       0.000       0.000    
   172800.   12.40587164   12.7268   0.000       0.000      0.2808E-03   0.000     0.3754E-03-0.6562E-03  0.000      0.000      0.000      0.000       0.000       0.000       0.000       0.000       0.000       0.000    
