TOTIM (T)      HCON          HMAT      QDIR      QWELL        QMAT       QCADS      QTUB1      QTUB2      QTUB3      QTUB4      QTUB5      QTUB6       NSTOR        QFIX        QLH     FHLQ (LQ)        CAUCHY   CAUCHY (LQ)
     3600.   12.36082657   12.5318   0.000       0.000      0.1496E-03   0.000     0.7032E-03-0.8528E-03  0.000      0.000      0.000      0.000       0.000       0.000       0.000       0.000       0.000       0.000    
     7200.   12.34684182   12.5307   0.000       0.000      0.1609E-03   0.000     0.2170E-03-0.3779E-03  0.000      0.000      0.000      0.000       0.000       0.000       0.000       0.000       0.000       0.000    
    10800.   12.34432573   12.5295   0.000       0.000      0.1620E-03   0.000     0.2319E-03-0.3940E-03  0.000      0.000      0.000      0.000       0.000       0.000       0.000       0.000       0.000       0.000    
    14400.   12.34314913   12.5283   0.000       0.000      0.1620E-03   0.000     0.2557E-03-0.4177E-03  0.000      0.000      0.000      0.000       0.000       0.000       0.000       0.000       0.000       0.000    
    18000.   12.34240951   12.5272   0.000       0.000      0.1617E-03   0.000     0.2778E-03-0.4395E-03  0.000      0.000      0.000      0.000       0.000       0.000       0.000       0.000       0.000       0.000    
    21600.   12.34186163   12.5261   0.000       0.000      0.1612E-03   0.000     0.2982E-03-0.4594E-03  0.000      0.000      0.000      0.000       0.000       0.000       0.000       0.000       0.000       0.000    
    25200.   12.34140098   12.5250   0.000       0.000      0.1607E-03   0.000     0.3172E-03-0.4779E-03  0.000      0.000      0.000      0.000       0.000       0.000       0.000       0.000       0.000       0.000    
    28800.   12.34100799   12.5241   0.000       0.000      0.1602E-03   0.000     0.3346E-03-0.4948E-03  0.000      0.000      0.000      0.000       0.000       0.000       0.000       0.000       0.000       0.000    
    32400.   12.34062248   12.5231   0.000       0.000      0.1597E-03   0.000     0.3510E-03-0.5107E-03  0.000      0.000      0.000      0.000       0.000       0.000       0.000       0.000       0.000       0.000    
    36000.   12.34024016   12.5222   0.000       0.000      0.1592E-03   0.000     0.3662E-03-0.5254E-03  0.000      0.000      0.000      0.000       0.000       0.000       0.000       0.000       0.000       0.000    
    39600.   12.33985955   12.5214   0.000       0.000      0.1588E-03   0.000     0.3803E-03-0.5391E-03  0.000      0.000      0.000      0.000       0.000       0.000       0.000       0.000       0.000       0.000    
    43200.   12.35351567   12.5217   0.000       0.000      0.1472E-03   0.000     0.8794E-03-0.1027E-02  0.000      0.000      0.000      0.000       0.000       0.000       0.000       0.000       0.000       0.000    
    46800.   12.35568234   12.5222   0.000       0.000      0.1457E-03   0.000     0.8768E-03-0.1022E-02  0.000      0.000      0.000      0.000       0.000       0.000       0.000       0.000       0.000       0.000    
    50400.   12.34245107   12.5215   0.000       0.000      0.1567E-03   0.000     0.3786E-03-0.5353E-03  0.000      0.000      0.000      0.000       0.000       0.000       0.000       0.000       0.000       0.000    
    54000.   12.35433489   12.5219   0.000       0.000      0.1466E-03   0.000     0.8679E-03-0.1015E-02  0.000      0.000      0.000      0.000       0.000       0.000       0.000       0.000       0.000       0.000    
    57600.   12.39109825   12.5253   0.000       0.000      0.1174E-03   0.000     0.2081E-02-0.2198E-02  0.000      0.000      0.000      0.000       0.000       0.000       0.000       0.000       0.000       0.000    
    61200.   12.50384303   12.5375   0.000       0.000      0.2941E-04   0.000     0.5675E-02-0.5704E-02  0.000      0.000      0.000      0.000       0.000       0.000       0.000       0.000       0.000       0.000    
    64800.   12.49817981   12.5477   0.000       0.000      0.4336E-04   0.000     0.4522E-02-0.4565E-02  0.000      0.000      0.000      0.000       0.000       0.000       0.000       0.000       0.000       0.000    
    68400.   12.49716951   12.5571   0.000       0.000      0.5241E-04   0.000     0.4065E-02-0.4117E-02  0.000      0.000      0.000      0.000       0.000       0.000       0.000       0.000       0.000       0.000    
    72000.   12.46539373   12.5631   0.000       0.000      0.8547E-04   0.000     0.2679E-02-0.2765E-02  0.000      0.000      0.000      0.000       0.000       0.000       0.000       0.000       0.000       0.000    
    75600.   12.43410194   12.5662   0.000       0.000      0.1156E-03   0.000     0.1592E-02-0.1707E-02  0.000      0.000      0.000      0.000       0.000       0.000       0.000       0.000       0.000       0.000    
    79200.   12.51365162   12.5757   0.000       0.000      0.5432E-04   0.000     0.4453E-02-0.4507E-02  0.000      0.000      0.000      0.000       0.000       0.000       0.000       0.000       0.000       0.000    
    82800.   12.52772730   12.5854   0.000       0.000      0.5043E-04   0.000     0.4334E-02-0.4384E-02  0.000      0.000      0.000      0.000       0.000       0.000       0.000       0.000       0.000       0.000    
    86400.   12.54218474   12.5953   0.000       0.000      0.4647E-04   0.000     0.4405E-02-0.4452E-02  0.000      0.000      0.000      0.000       0.000       0.000       0.000       0.000       0.000       0.000    
    90000.   12.62622785   12.6113   0.000       0.000     -0.1311E-04   0.000     0.6908E-02-0.6895E-02  0.000      0.000      0.000      0.000       0.000       0.000       0.000       0.000       0.000       0.000    
    93600.   12.82140025   12.6416   0.000       0.000     -0.1573E-03   0.000     0.1273E-01-0.1258E-01  0.000      0.000      0.000      0.000       0.000       0.000       0.000       0.000       0.000       0.000    
    97200.   12.75141479   12.6629   0.000       0.000     -0.7742E-04   0.000     0.8379E-02-0.8301E-02  0.000      0.000      0.000      0.000       0.000       0.000       0.000       0.000       0.000       0.000    
   100800.   12.59916640   12.6702   0.000       0.000      0.6219E-04   0.000     0.2592E-02-0.2654E-02  0.000      0.000      0.000      0.000       0.000       0.000       0.000       0.000       0.000       0.000    
   104400.   12.52821099   12.6718   0.000       0.000      0.1256E-03   0.000     0.7243E-03-0.8500E-03  0.000      0.000      0.000      0.000       0.000       0.000       0.000       0.000       0.000       0.000    
   108000.   12.50602474   12.6718   0.000       0.000      0.1450E-03   0.000     0.4893E-03-0.6343E-03  0.000      0.000      0.000      0.000       0.000       0.000       0.000       0.000       0.000       0.000    
   111600.   12.47141616   12.6690   0.000       0.000      0.1729E-03   0.000    -0.4323E-03 0.2594E-03  0.000      0.000      0.000      0.000       0.000       0.000       0.000       0.000       0.000       0.000    
   115200.   12.44329556   12.6642   0.000       0.000      0.1933E-03   0.000    -0.1081E-02 0.8877E-03  0.000      0.000      0.000      0.000       0.000       0.000       0.000       0.000       0.000       0.000    
   118800.   12.42300215   12.6582   0.000       0.000      0.2058E-03   0.000    -0.1451E-02 0.1245E-02  0.000      0.000      0.000      0.000       0.000       0.000       0.000       0.000       0.000       0.000    
   122400.   12.43214667   12.6534   0.000       0.000      0.1936E-03   0.000    -0.8287E-03 0.6350E-03  0.000      0.000      0.000      0.000       0.000       0.000       0.000       0.000       0.000       0.000    
   126000.   12.41145991   12.6472   0.000       0.000      0.2063E-03   0.000    -0.1435E-02 0.1229E-02  0.000      0.000      0.000      0.000       0.000       0.000       0.000       0.000       0.000       0.000    
   129600.   12.46422885   12.6457   0.000       0.000      0.1588E-03   0.000     0.6327E-03-0.7915E-03  0.000      0.000      0.000      0.000       0.000       0.000       0.000       0.000       0.000       0.000    
   133200.   12.43773834   12.6419   0.000       0.000      0.1786E-03   0.000    -0.5102E-03 0.3316E-03  0.000      0.000      0.000      0.000       0.000       0.000       0.000       0.000       0.000       0.000    
   136800.   12.42839179   12.6376   0.000       0.000      0.1831E-03   0.000    -0.6892E-03 0.5061E-03  0.000      0.000      0.000      0.000       0.000       0.000       0.000       0.000       0.000       0.000    
   140400.   12.40547780   12.6317   0.000       0.000      0.1980E-03   0.000    -0.1326E-02 0.1128E-02  0.000      0.000      0.000      0.000       0.000       0.000       0.000       0.000       0.000       0.000    
   144000.   12.40107155   12.6260   0.000       0.000      0.1968E-03   0.000    -0.1213E-02 0.1016E-02  0.000      0.000      0.000      0.000       0.000       0.000       0.000       0.000       0.000       0.000    
   147600.   12.39911127   12.6205   0.000       0.000      0.1938E-03   0.000    -0.1092E-02 0.8986E-03  0.000      0.000      0.000      0.000       0.000       0.000       0.000       0.000       0.000       0.000    
   151200.   12.39806190   12.6154   0.000       0.000      0.1901E-03   0.000    -0.9806E-03 0.7904E-03  0.000      0.000      0.000      0.000       0.000       0.000       0.000       0.000       0.000       0.000    
   154800.   12.39738797   12.6105   0.000       0.000      0.1865E-03   0.000    -0.8768E-03 0.6903E-03  0.000      0.000      0.000      0.000       0.000       0.000       0.000       0.000       0.000       0.000    
   158400.   12.41094422   12.6071   0.000       0.000      0.1716E-03   0.000    -0.2945E-03 0.1229E-03  0.000      0.000      0.000      0.000       0.000       0.000       0.000       0.000       0.000       0.000    
   162000.   12.46949435   12.6087   0.000       0.000      0.1218E-03   0.000     0.1723E-02-0.1845E-02  0.000      0.000      0.000      0.000       0.000       0.000       0.000       0.000       0.000       0.000    
   165600.   12.46648375   12.6096   0.000       0.000      0.1252E-03   0.000     0.1237E-02-0.1362E-02  0.000      0.000      0.000      0.000       0.000       0.000       0.000       0.000       0.000       0.000    
   169200.   12.41987661   12.6066   0.000       0.000      0.1634E-03   0.000    -0.4882E-03 0.3248E-03  0.000      0.000      0.000      0.000       0.000       0.000       0.000       0.000       0.000       0.000    
   172800.   12.40587163   12.6028   0.000       0.000      0.1723E-03   0.000    -0.6920E-03 0.5196E-03  0.000      0.000      0.000      0.000       0.000       0.000       0.000       0.000       0.000       0.000    
